[2023-05-30T12:33:47.341+0000] {taskinstance.py:1087} INFO - Dependencies all met for <TaskInstance: our_dag_with_python_operator_v07.greet scheduled__2022-04-28T00:00:00+00:00 [queued]>
[2023-05-30T12:33:47.357+0000] {taskinstance.py:1087} INFO - Dependencies all met for <TaskInstance: our_dag_with_python_operator_v07.greet scheduled__2022-04-28T00:00:00+00:00 [queued]>
[2023-05-30T12:33:47.358+0000] {taskinstance.py:1283} INFO - 
--------------------------------------------------------------------------------
[2023-05-30T12:33:47.360+0000] {taskinstance.py:1284} INFO - Starting attempt 1 of 6
[2023-05-30T12:33:47.361+0000] {taskinstance.py:1285} INFO - 
--------------------------------------------------------------------------------
[2023-05-30T12:33:47.385+0000] {taskinstance.py:1304} INFO - Executing <Task(PythonOperator): greet> on 2022-04-28 00:00:00+00:00
[2023-05-30T12:33:47.395+0000] {standard_task_runner.py:55} INFO - Started process 10603 to run task
[2023-05-30T12:33:47.406+0000] {standard_task_runner.py:82} INFO - Running: ['***', 'tasks', 'run', 'our_dag_with_python_operator_v07', 'greet', 'scheduled__2022-04-28T00:00:00+00:00', '--job-id', '1733', '--raw', '--subdir', 'DAGS_FOLDER/dag_python_opr.py', '--cfg-path', '/tmp/tmpotmvrm42']
[2023-05-30T12:33:47.409+0000] {standard_task_runner.py:83} INFO - Job 1733: Subtask greet
[2023-05-30T12:33:47.612+0000] {task_command.py:389} INFO - Running <TaskInstance: our_dag_with_python_operator_v07.greet scheduled__2022-04-28T00:00:00+00:00 [running]> on host 49219f98c96e
[2023-05-30T12:33:47.819+0000] {taskinstance.py:1513} INFO - Exporting the following env vars:
AIRFLOW_CTX_DAG_OWNER=coder2j
AIRFLOW_CTX_DAG_ID=our_dag_with_python_operator_v07
AIRFLOW_CTX_TASK_ID=greet
AIRFLOW_CTX_EXECUTION_DATE=2022-04-28T00:00:00+00:00
AIRFLOW_CTX_TRY_NUMBER=1
AIRFLOW_CTX_DAG_RUN_ID=scheduled__2022-04-28T00:00:00+00:00
[2023-05-30T12:33:47.824+0000] {logging_mixin.py:137} INFO - some dict:  {'a': 1, 'b': 2}
[2023-05-30T12:33:47.881+0000] {logging_mixin.py:137} INFO - Hello World! My name is Jerry Fridman, and I am 19 years old!
[2023-05-30T12:33:47.884+0000] {python.py:177} INFO - Done. Returned value was: None
[2023-05-30T12:33:47.925+0000] {taskinstance.py:1327} INFO - Marking task as SUCCESS. dag_id=our_dag_with_python_operator_v07, task_id=greet, execution_date=20220428T000000, start_date=20230530T123347, end_date=20230530T123347
[2023-05-30T12:33:48.030+0000] {local_task_job.py:159} INFO - Task exited with return code 0
[2023-05-30T12:33:48.103+0000] {taskinstance.py:2582} INFO - 0 downstream tasks scheduled from follow-on schedule check
[2023-06-07T06:38:50.975+0000] {taskinstance.py:1087} INFO - Dependencies all met for <TaskInstance: our_dag_with_python_operator_v07.greet scheduled__2022-04-28T00:00:00+00:00 [queued]>
[2023-06-07T06:38:50.998+0000] {taskinstance.py:1087} INFO - Dependencies all met for <TaskInstance: our_dag_with_python_operator_v07.greet scheduled__2022-04-28T00:00:00+00:00 [queued]>
[2023-06-07T06:38:51.000+0000] {taskinstance.py:1283} INFO - 
--------------------------------------------------------------------------------
[2023-06-07T06:38:51.002+0000] {taskinstance.py:1284} INFO - Starting attempt 1 of 6
[2023-06-07T06:38:51.003+0000] {taskinstance.py:1285} INFO - 
--------------------------------------------------------------------------------
[2023-06-07T06:38:51.034+0000] {taskinstance.py:1304} INFO - Executing <Task(PythonOperator): greet> on 2022-04-28 00:00:00+00:00
[2023-06-07T06:38:51.045+0000] {standard_task_runner.py:55} INFO - Started process 3713 to run task
[2023-06-07T06:38:51.054+0000] {standard_task_runner.py:82} INFO - Running: ['***', 'tasks', 'run', 'our_dag_with_python_operator_v07', 'greet', 'scheduled__2022-04-28T00:00:00+00:00', '--job-id', '2192', '--raw', '--subdir', 'DAGS_FOLDER/dag_python_opr.py', '--cfg-path', '/tmp/tmpmfifrb0h']
[2023-06-07T06:38:51.058+0000] {standard_task_runner.py:83} INFO - Job 2192: Subtask greet
[2023-06-07T06:38:51.193+0000] {task_command.py:389} INFO - Running <TaskInstance: our_dag_with_python_operator_v07.greet scheduled__2022-04-28T00:00:00+00:00 [running]> on host 026ed797f3b3
[2023-06-07T06:38:51.325+0000] {taskinstance.py:1513} INFO - Exporting the following env vars:
AIRFLOW_CTX_DAG_OWNER=coder2j
AIRFLOW_CTX_DAG_ID=our_dag_with_python_operator_v07
AIRFLOW_CTX_TASK_ID=greet
AIRFLOW_CTX_EXECUTION_DATE=2022-04-28T00:00:00+00:00
AIRFLOW_CTX_TRY_NUMBER=1
AIRFLOW_CTX_DAG_RUN_ID=scheduled__2022-04-28T00:00:00+00:00
[2023-06-07T06:38:51.329+0000] {logging_mixin.py:137} INFO - some dict:  {'a': 1, 'b': 2}
[2023-06-07T06:38:51.379+0000] {logging_mixin.py:137} INFO - Hello World! My name is Jerry Fridman, and I am 19 years old!
[2023-06-07T06:38:51.381+0000] {python.py:177} INFO - Done. Returned value was: None
[2023-06-07T06:38:51.400+0000] {taskinstance.py:1327} INFO - Marking task as SUCCESS. dag_id=our_dag_with_python_operator_v07, task_id=greet, execution_date=20220428T000000, start_date=20230607T063850, end_date=20230607T063851
[2023-06-07T06:38:51.469+0000] {local_task_job.py:159} INFO - Task exited with return code 0
[2023-06-07T06:38:51.503+0000] {taskinstance.py:2582} INFO - 0 downstream tasks scheduled from follow-on schedule check
