[2023-05-30T12:34:11.181+0000] {taskinstance.py:1087} INFO - Dependencies all met for <TaskInstance: our_dag_with_python_operator_v07.get_age scheduled__2022-05-23T00:00:00+00:00 [queued]>
[2023-05-30T12:34:11.239+0000] {taskinstance.py:1087} INFO - Dependencies all met for <TaskInstance: our_dag_with_python_operator_v07.get_age scheduled__2022-05-23T00:00:00+00:00 [queued]>
[2023-05-30T12:34:11.241+0000] {taskinstance.py:1283} INFO - 
--------------------------------------------------------------------------------
[2023-05-30T12:34:11.245+0000] {taskinstance.py:1284} INFO - Starting attempt 1 of 6
[2023-05-30T12:34:11.247+0000] {taskinstance.py:1285} INFO - 
--------------------------------------------------------------------------------
[2023-05-30T12:34:11.335+0000] {taskinstance.py:1304} INFO - Executing <Task(PythonOperator): get_age> on 2022-05-23 00:00:00+00:00
[2023-05-30T12:34:11.357+0000] {standard_task_runner.py:55} INFO - Started process 10755 to run task
[2023-05-30T12:34:11.391+0000] {standard_task_runner.py:82} INFO - Running: ['***', 'tasks', 'run', 'our_dag_with_python_operator_v07', 'get_age', 'scheduled__2022-05-23T00:00:00+00:00', '--job-id', '1803', '--raw', '--subdir', 'DAGS_FOLDER/dag_python_opr.py', '--cfg-path', '/tmp/tmpbqtkstid']
[2023-05-30T12:34:11.394+0000] {standard_task_runner.py:83} INFO - Job 1803: Subtask get_age
[2023-05-30T12:34:11.757+0000] {task_command.py:389} INFO - Running <TaskInstance: our_dag_with_python_operator_v07.get_age scheduled__2022-05-23T00:00:00+00:00 [running]> on host 49219f98c96e
[2023-05-30T12:34:12.052+0000] {taskinstance.py:1513} INFO - Exporting the following env vars:
AIRFLOW_CTX_DAG_OWNER=coder2j
AIRFLOW_CTX_DAG_ID=our_dag_with_python_operator_v07
AIRFLOW_CTX_TASK_ID=get_age
AIRFLOW_CTX_EXECUTION_DATE=2022-05-23T00:00:00+00:00
AIRFLOW_CTX_TRY_NUMBER=1
AIRFLOW_CTX_DAG_RUN_ID=scheduled__2022-05-23T00:00:00+00:00
[2023-05-30T12:34:12.099+0000] {python.py:177} INFO - Done. Returned value was: None
[2023-05-30T12:34:12.133+0000] {taskinstance.py:1327} INFO - Marking task as SUCCESS. dag_id=our_dag_with_python_operator_v07, task_id=get_age, execution_date=20220523T000000, start_date=20230530T123411, end_date=20230530T123412
[2023-05-30T12:34:12.228+0000] {local_task_job.py:159} INFO - Task exited with return code 0
[2023-05-30T12:34:12.319+0000] {taskinstance.py:2582} INFO - 0 downstream tasks scheduled from follow-on schedule check
[2023-06-07T06:39:56.968+0000] {taskinstance.py:1087} INFO - Dependencies all met for <TaskInstance: our_dag_with_python_operator_v07.get_age scheduled__2022-05-23T00:00:00+00:00 [queued]>
[2023-06-07T06:39:57.045+0000] {taskinstance.py:1087} INFO - Dependencies all met for <TaskInstance: our_dag_with_python_operator_v07.get_age scheduled__2022-05-23T00:00:00+00:00 [queued]>
[2023-06-07T06:39:57.057+0000] {taskinstance.py:1283} INFO - 
--------------------------------------------------------------------------------
[2023-06-07T06:39:57.059+0000] {taskinstance.py:1284} INFO - Starting attempt 1 of 6
[2023-06-07T06:39:57.061+0000] {taskinstance.py:1285} INFO - 
--------------------------------------------------------------------------------
[2023-06-07T06:39:57.140+0000] {taskinstance.py:1304} INFO - Executing <Task(PythonOperator): get_age> on 2022-05-23 00:00:00+00:00
[2023-06-07T06:39:57.156+0000] {standard_task_runner.py:55} INFO - Started process 4090 to run task
[2023-06-07T06:39:57.192+0000] {standard_task_runner.py:82} INFO - Running: ['***', 'tasks', 'run', 'our_dag_with_python_operator_v07', 'get_age', 'scheduled__2022-05-23T00:00:00+00:00', '--job-id', '2326', '--raw', '--subdir', 'DAGS_FOLDER/dag_python_opr.py', '--cfg-path', '/tmp/tmppocncck6']
[2023-06-07T06:39:57.197+0000] {standard_task_runner.py:83} INFO - Job 2326: Subtask get_age
[2023-06-07T06:39:57.589+0000] {task_command.py:389} INFO - Running <TaskInstance: our_dag_with_python_operator_v07.get_age scheduled__2022-05-23T00:00:00+00:00 [running]> on host 026ed797f3b3
[2023-06-07T06:39:58.073+0000] {taskinstance.py:1513} INFO - Exporting the following env vars:
AIRFLOW_CTX_DAG_OWNER=coder2j
AIRFLOW_CTX_DAG_ID=our_dag_with_python_operator_v07
AIRFLOW_CTX_TASK_ID=get_age
AIRFLOW_CTX_EXECUTION_DATE=2022-05-23T00:00:00+00:00
AIRFLOW_CTX_TRY_NUMBER=1
AIRFLOW_CTX_DAG_RUN_ID=scheduled__2022-05-23T00:00:00+00:00
[2023-06-07T06:39:58.150+0000] {python.py:177} INFO - Done. Returned value was: None
[2023-06-07T06:39:58.213+0000] {taskinstance.py:1327} INFO - Marking task as SUCCESS. dag_id=our_dag_with_python_operator_v07, task_id=get_age, execution_date=20220523T000000, start_date=20230607T063956, end_date=20230607T063958
[2023-06-07T06:39:58.356+0000] {local_task_job.py:159} INFO - Task exited with return code 0
[2023-06-07T06:39:58.514+0000] {taskinstance.py:2582} INFO - 0 downstream tasks scheduled from follow-on schedule check
