[2023-05-30T11:30:16.559+0000] {taskinstance.py:1087} INFO - Dependencies all met for <TaskInstance: our_first_dag_v5.first_task scheduled__2021-12-08T00:00:00+00:00 [queued]>
[2023-05-30T11:30:16.576+0000] {taskinstance.py:1087} INFO - Dependencies all met for <TaskInstance: our_first_dag_v5.first_task scheduled__2021-12-08T00:00:00+00:00 [queued]>
[2023-05-30T11:30:16.580+0000] {taskinstance.py:1283} INFO - 
--------------------------------------------------------------------------------
[2023-05-30T11:30:16.581+0000] {taskinstance.py:1284} INFO - Starting attempt 1 of 6
[2023-05-30T11:30:16.583+0000] {taskinstance.py:1285} INFO - 
--------------------------------------------------------------------------------
[2023-05-30T11:30:16.608+0000] {taskinstance.py:1304} INFO - Executing <Task(BashOperator): first_task> on 2021-12-08 00:00:00+00:00
[2023-05-30T11:30:16.618+0000] {standard_task_runner.py:55} INFO - Started process 2984 to run task
[2023-05-30T11:30:16.627+0000] {standard_task_runner.py:82} INFO - Running: ['***', 'tasks', 'run', 'our_first_dag_v5', 'first_task', 'scheduled__2021-12-08T00:00:00+00:00', '--job-id', '399', '--raw', '--subdir', 'DAGS_FOLDER/first_Dag.py', '--cfg-path', '/tmp/tmp8jmtbmk0']
[2023-05-30T11:30:16.632+0000] {standard_task_runner.py:83} INFO - Job 399: Subtask first_task
[2023-05-30T11:30:16.798+0000] {task_command.py:389} INFO - Running <TaskInstance: our_first_dag_v5.first_task scheduled__2021-12-08T00:00:00+00:00 [running]> on host 49219f98c96e
[2023-05-30T11:30:17.039+0000] {taskinstance.py:1513} INFO - Exporting the following env vars:
AIRFLOW_CTX_DAG_OWNER=coder2j
AIRFLOW_CTX_DAG_ID=our_first_dag_v5
AIRFLOW_CTX_TASK_ID=first_task
AIRFLOW_CTX_EXECUTION_DATE=2021-12-08T00:00:00+00:00
AIRFLOW_CTX_TRY_NUMBER=1
AIRFLOW_CTX_DAG_RUN_ID=scheduled__2021-12-08T00:00:00+00:00
[2023-05-30T11:30:17.044+0000] {subprocess.py:63} INFO - Tmp dir root location: 
 /tmp
[2023-05-30T11:30:17.046+0000] {subprocess.py:75} INFO - Running command: ['/bin/bash', '-c', 'echo hello world, this is the first task!']
[2023-05-30T11:30:17.093+0000] {subprocess.py:86} INFO - Output:
[2023-05-30T11:30:17.099+0000] {subprocess.py:93} INFO - hello world, this is the first task!
[2023-05-30T11:30:17.101+0000] {subprocess.py:97} INFO - Command exited with return code 0
[2023-05-30T11:30:17.149+0000] {taskinstance.py:1327} INFO - Marking task as SUCCESS. dag_id=our_first_dag_v5, task_id=first_task, execution_date=20211208T000000, start_date=20230530T113016, end_date=20230530T113017
[2023-05-30T11:30:17.206+0000] {local_task_job.py:159} INFO - Task exited with return code 0
[2023-05-30T11:30:17.264+0000] {taskinstance.py:2582} INFO - 2 downstream tasks scheduled from follow-on schedule check
[2023-06-07T06:35:57.078+0000] {taskinstance.py:1087} INFO - Dependencies all met for <TaskInstance: our_first_dag_v5.first_task scheduled__2021-12-08T00:00:00+00:00 [queued]>
[2023-06-07T06:35:57.120+0000] {taskinstance.py:1087} INFO - Dependencies all met for <TaskInstance: our_first_dag_v5.first_task scheduled__2021-12-08T00:00:00+00:00 [queued]>
[2023-06-07T06:35:57.127+0000] {taskinstance.py:1283} INFO - 
--------------------------------------------------------------------------------
[2023-06-07T06:35:57.130+0000] {taskinstance.py:1284} INFO - Starting attempt 1 of 6
[2023-06-07T06:35:57.135+0000] {taskinstance.py:1285} INFO - 
--------------------------------------------------------------------------------
[2023-06-07T06:35:57.284+0000] {taskinstance.py:1304} INFO - Executing <Task(BashOperator): first_task> on 2021-12-08 00:00:00+00:00
[2023-06-07T06:35:57.329+0000] {standard_task_runner.py:55} INFO - Started process 2585 to run task
[2023-06-07T06:35:57.359+0000] {standard_task_runner.py:82} INFO - Running: ['***', 'tasks', 'run', 'our_first_dag_v5', 'first_task', 'scheduled__2021-12-08T00:00:00+00:00', '--job-id', '1790', '--raw', '--subdir', 'DAGS_FOLDER/first_Dag.py', '--cfg-path', '/tmp/tmpybfg6ijl']
[2023-06-07T06:35:57.365+0000] {standard_task_runner.py:83} INFO - Job 1790: Subtask first_task
[2023-06-07T06:35:57.852+0000] {task_command.py:389} INFO - Running <TaskInstance: our_first_dag_v5.first_task scheduled__2021-12-08T00:00:00+00:00 [running]> on host 026ed797f3b3
[2023-06-07T06:35:58.113+0000] {taskinstance.py:1513} INFO - Exporting the following env vars:
AIRFLOW_CTX_DAG_OWNER=coder2j
AIRFLOW_CTX_DAG_ID=our_first_dag_v5
AIRFLOW_CTX_TASK_ID=first_task
AIRFLOW_CTX_EXECUTION_DATE=2021-12-08T00:00:00+00:00
AIRFLOW_CTX_TRY_NUMBER=1
AIRFLOW_CTX_DAG_RUN_ID=scheduled__2021-12-08T00:00:00+00:00
[2023-06-07T06:35:58.124+0000] {subprocess.py:63} INFO - Tmp dir root location: 
 /tmp
[2023-06-07T06:35:58.126+0000] {subprocess.py:75} INFO - Running command: ['/bin/bash', '-c', 'echo hello world, this is the first task!']
[2023-06-07T06:35:58.195+0000] {subprocess.py:86} INFO - Output:
[2023-06-07T06:35:58.206+0000] {subprocess.py:93} INFO - hello world, this is the first task!
[2023-06-07T06:35:58.211+0000] {subprocess.py:97} INFO - Command exited with return code 0
[2023-06-07T06:35:58.318+0000] {taskinstance.py:1327} INFO - Marking task as SUCCESS. dag_id=our_first_dag_v5, task_id=first_task, execution_date=20211208T000000, start_date=20230607T063557, end_date=20230607T063558
[2023-06-07T06:35:58.432+0000] {local_task_job.py:159} INFO - Task exited with return code 0
[2023-06-07T06:35:58.645+0000] {taskinstance.py:2582} INFO - 2 downstream tasks scheduled from follow-on schedule check
