[2023-05-30T11:30:17.077+0000] {taskinstance.py:1087} INFO - Dependencies all met for <TaskInstance: our_first_dag_v5.first_task scheduled__2021-12-10T00:00:00+00:00 [queued]>
[2023-05-30T11:30:17.110+0000] {taskinstance.py:1087} INFO - Dependencies all met for <TaskInstance: our_first_dag_v5.first_task scheduled__2021-12-10T00:00:00+00:00 [queued]>
[2023-05-30T11:30:17.112+0000] {taskinstance.py:1283} INFO - 
--------------------------------------------------------------------------------
[2023-05-30T11:30:17.114+0000] {taskinstance.py:1284} INFO - Starting attempt 1 of 6
[2023-05-30T11:30:17.115+0000] {taskinstance.py:1285} INFO - 
--------------------------------------------------------------------------------
[2023-05-30T11:30:17.172+0000] {taskinstance.py:1304} INFO - Executing <Task(BashOperator): first_task> on 2021-12-10 00:00:00+00:00
[2023-05-30T11:30:17.192+0000] {standard_task_runner.py:55} INFO - Started process 2988 to run task
[2023-05-30T11:30:17.207+0000] {standard_task_runner.py:82} INFO - Running: ['***', 'tasks', 'run', 'our_first_dag_v5', 'first_task', 'scheduled__2021-12-10T00:00:00+00:00', '--job-id', '401', '--raw', '--subdir', 'DAGS_FOLDER/first_Dag.py', '--cfg-path', '/tmp/tmpnscg_qnb']
[2023-05-30T11:30:17.209+0000] {standard_task_runner.py:83} INFO - Job 401: Subtask first_task
[2023-05-30T11:30:17.402+0000] {task_command.py:389} INFO - Running <TaskInstance: our_first_dag_v5.first_task scheduled__2021-12-10T00:00:00+00:00 [running]> on host 49219f98c96e
[2023-05-30T11:30:17.565+0000] {taskinstance.py:1513} INFO - Exporting the following env vars:
AIRFLOW_CTX_DAG_OWNER=coder2j
AIRFLOW_CTX_DAG_ID=our_first_dag_v5
AIRFLOW_CTX_TASK_ID=first_task
AIRFLOW_CTX_EXECUTION_DATE=2021-12-10T00:00:00+00:00
AIRFLOW_CTX_TRY_NUMBER=1
AIRFLOW_CTX_DAG_RUN_ID=scheduled__2021-12-10T00:00:00+00:00
[2023-05-30T11:30:17.568+0000] {subprocess.py:63} INFO - Tmp dir root location: 
 /tmp
[2023-05-30T11:30:17.574+0000] {subprocess.py:75} INFO - Running command: ['/bin/bash', '-c', 'echo hello world, this is the first task!']
[2023-05-30T11:30:17.624+0000] {subprocess.py:86} INFO - Output:
[2023-05-30T11:30:17.628+0000] {subprocess.py:93} INFO - hello world, this is the first task!
[2023-05-30T11:30:17.630+0000] {subprocess.py:97} INFO - Command exited with return code 0
[2023-05-30T11:30:17.688+0000] {taskinstance.py:1327} INFO - Marking task as SUCCESS. dag_id=our_first_dag_v5, task_id=first_task, execution_date=20211210T000000, start_date=20230530T113017, end_date=20230530T113017
[2023-05-30T11:30:17.742+0000] {local_task_job.py:159} INFO - Task exited with return code 0
[2023-05-30T11:30:17.798+0000] {taskinstance.py:2582} INFO - 2 downstream tasks scheduled from follow-on schedule check
[2023-06-07T06:35:58.211+0000] {taskinstance.py:1087} INFO - Dependencies all met for <TaskInstance: our_first_dag_v5.first_task scheduled__2021-12-10T00:00:00+00:00 [queued]>
[2023-06-07T06:35:58.294+0000] {taskinstance.py:1087} INFO - Dependencies all met for <TaskInstance: our_first_dag_v5.first_task scheduled__2021-12-10T00:00:00+00:00 [queued]>
[2023-06-07T06:35:58.299+0000] {taskinstance.py:1283} INFO - 
--------------------------------------------------------------------------------
[2023-06-07T06:35:58.304+0000] {taskinstance.py:1284} INFO - Starting attempt 1 of 6
[2023-06-07T06:35:58.306+0000] {taskinstance.py:1285} INFO - 
--------------------------------------------------------------------------------
[2023-06-07T06:35:58.428+0000] {taskinstance.py:1304} INFO - Executing <Task(BashOperator): first_task> on 2021-12-10 00:00:00+00:00
[2023-06-07T06:35:58.468+0000] {standard_task_runner.py:55} INFO - Started process 2589 to run task
[2023-06-07T06:35:58.499+0000] {standard_task_runner.py:82} INFO - Running: ['***', 'tasks', 'run', 'our_first_dag_v5', 'first_task', 'scheduled__2021-12-10T00:00:00+00:00', '--job-id', '1792', '--raw', '--subdir', 'DAGS_FOLDER/first_Dag.py', '--cfg-path', '/tmp/tmp8orfz0kb']
[2023-06-07T06:35:58.502+0000] {standard_task_runner.py:83} INFO - Job 1792: Subtask first_task
[2023-06-07T06:35:59.213+0000] {task_command.py:389} INFO - Running <TaskInstance: our_first_dag_v5.first_task scheduled__2021-12-10T00:00:00+00:00 [running]> on host 026ed797f3b3
[2023-06-07T06:36:00.058+0000] {taskinstance.py:1513} INFO - Exporting the following env vars:
AIRFLOW_CTX_DAG_OWNER=coder2j
AIRFLOW_CTX_DAG_ID=our_first_dag_v5
AIRFLOW_CTX_TASK_ID=first_task
AIRFLOW_CTX_EXECUTION_DATE=2021-12-10T00:00:00+00:00
AIRFLOW_CTX_TRY_NUMBER=1
AIRFLOW_CTX_DAG_RUN_ID=scheduled__2021-12-10T00:00:00+00:00
[2023-06-07T06:36:00.064+0000] {subprocess.py:63} INFO - Tmp dir root location: 
 /tmp
[2023-06-07T06:36:00.066+0000] {subprocess.py:75} INFO - Running command: ['/bin/bash', '-c', 'echo hello world, this is the first task!']
[2023-06-07T06:36:00.171+0000] {subprocess.py:86} INFO - Output:
[2023-06-07T06:36:00.186+0000] {subprocess.py:93} INFO - hello world, this is the first task!
[2023-06-07T06:36:00.190+0000] {subprocess.py:97} INFO - Command exited with return code 0
[2023-06-07T06:36:00.286+0000] {taskinstance.py:1327} INFO - Marking task as SUCCESS. dag_id=our_first_dag_v5, task_id=first_task, execution_date=20211210T000000, start_date=20230607T063558, end_date=20230607T063600
[2023-06-07T06:36:00.441+0000] {local_task_job.py:159} INFO - Task exited with return code 0
[2023-06-07T06:36:00.668+0000] {taskinstance.py:2582} INFO - 2 downstream tasks scheduled from follow-on schedule check
