[2023-05-30T11:30:12.536+0000] {taskinstance.py:1087} INFO - Dependencies all met for <TaskInstance: our_first_dag_v5.second_task scheduled__2021-12-06T00:00:00+00:00 [queued]>
[2023-05-30T11:30:12.579+0000] {taskinstance.py:1087} INFO - Dependencies all met for <TaskInstance: our_first_dag_v5.second_task scheduled__2021-12-06T00:00:00+00:00 [queued]>
[2023-05-30T11:30:12.580+0000] {taskinstance.py:1283} INFO - 
--------------------------------------------------------------------------------
[2023-05-30T11:30:12.582+0000] {taskinstance.py:1284} INFO - Starting attempt 1 of 6
[2023-05-30T11:30:12.588+0000] {taskinstance.py:1285} INFO - 
--------------------------------------------------------------------------------
[2023-05-30T11:30:12.647+0000] {taskinstance.py:1304} INFO - Executing <Task(BashOperator): second_task> on 2021-12-06 00:00:00+00:00
[2023-05-30T11:30:12.659+0000] {standard_task_runner.py:55} INFO - Started process 2969 to run task
[2023-05-30T11:30:12.669+0000] {standard_task_runner.py:82} INFO - Running: ['***', 'tasks', 'run', 'our_first_dag_v5', 'second_task', 'scheduled__2021-12-06T00:00:00+00:00', '--job-id', '398', '--raw', '--subdir', 'DAGS_FOLDER/first_Dag.py', '--cfg-path', '/tmp/tmp35gyui7h']
[2023-05-30T11:30:12.671+0000] {standard_task_runner.py:83} INFO - Job 398: Subtask second_task
[2023-05-30T11:30:12.884+0000] {task_command.py:389} INFO - Running <TaskInstance: our_first_dag_v5.second_task scheduled__2021-12-06T00:00:00+00:00 [running]> on host 49219f98c96e
[2023-05-30T11:30:13.079+0000] {taskinstance.py:1513} INFO - Exporting the following env vars:
AIRFLOW_CTX_DAG_OWNER=coder2j
AIRFLOW_CTX_DAG_ID=our_first_dag_v5
AIRFLOW_CTX_TASK_ID=second_task
AIRFLOW_CTX_EXECUTION_DATE=2021-12-06T00:00:00+00:00
AIRFLOW_CTX_TRY_NUMBER=1
AIRFLOW_CTX_DAG_RUN_ID=scheduled__2021-12-06T00:00:00+00:00
[2023-05-30T11:30:13.085+0000] {subprocess.py:63} INFO - Tmp dir root location: 
 /tmp
[2023-05-30T11:30:13.088+0000] {subprocess.py:75} INFO - Running command: ['/bin/bash', '-c', 'echo hey, I am task2 and will be running after task1!']
[2023-05-30T11:30:13.135+0000] {subprocess.py:86} INFO - Output:
[2023-05-30T11:30:13.139+0000] {subprocess.py:93} INFO - hey, I am task2 and will be running after task1!
[2023-05-30T11:30:13.141+0000] {subprocess.py:97} INFO - Command exited with return code 0
[2023-05-30T11:30:13.213+0000] {taskinstance.py:1327} INFO - Marking task as SUCCESS. dag_id=our_first_dag_v5, task_id=second_task, execution_date=20211206T000000, start_date=20230530T113012, end_date=20230530T113013
[2023-05-30T11:30:13.297+0000] {local_task_job.py:159} INFO - Task exited with return code 0
[2023-05-30T11:30:13.333+0000] {taskinstance.py:2582} INFO - 0 downstream tasks scheduled from follow-on schedule check
