[2023-05-30T11:29:21.124+0000] {taskinstance.py:1087} INFO - Dependencies all met for <TaskInstance: our_first_dag_v5.first_task scheduled__2021-10-20T00:00:00+00:00 [queued]>
[2023-05-30T11:29:21.138+0000] {taskinstance.py:1087} INFO - Dependencies all met for <TaskInstance: our_first_dag_v5.first_task scheduled__2021-10-20T00:00:00+00:00 [queued]>
[2023-05-30T11:29:21.140+0000] {taskinstance.py:1283} INFO - 
--------------------------------------------------------------------------------
[2023-05-30T11:29:21.141+0000] {taskinstance.py:1284} INFO - Starting attempt 1 of 6
[2023-05-30T11:29:21.142+0000] {taskinstance.py:1285} INFO - 
--------------------------------------------------------------------------------
[2023-05-30T11:29:21.174+0000] {taskinstance.py:1304} INFO - Executing <Task(BashOperator): first_task> on 2021-10-20 00:00:00+00:00
[2023-05-30T11:29:21.191+0000] {standard_task_runner.py:55} INFO - Started process 2480 to run task
[2023-05-30T11:29:21.200+0000] {standard_task_runner.py:82} INFO - Running: ['***', 'tasks', 'run', 'our_first_dag_v5', 'first_task', 'scheduled__2021-10-20T00:00:00+00:00', '--job-id', '250', '--raw', '--subdir', 'DAGS_FOLDER/first_Dag.py', '--cfg-path', '/tmp/tmpj3y0k21k']
[2023-05-30T11:29:21.201+0000] {standard_task_runner.py:83} INFO - Job 250: Subtask first_task
[2023-05-30T11:29:21.319+0000] {task_command.py:389} INFO - Running <TaskInstance: our_first_dag_v5.first_task scheduled__2021-10-20T00:00:00+00:00 [running]> on host 49219f98c96e
[2023-05-30T11:29:21.437+0000] {taskinstance.py:1513} INFO - Exporting the following env vars:
AIRFLOW_CTX_DAG_OWNER=coder2j
AIRFLOW_CTX_DAG_ID=our_first_dag_v5
AIRFLOW_CTX_TASK_ID=first_task
AIRFLOW_CTX_EXECUTION_DATE=2021-10-20T00:00:00+00:00
AIRFLOW_CTX_TRY_NUMBER=1
AIRFLOW_CTX_DAG_RUN_ID=scheduled__2021-10-20T00:00:00+00:00
[2023-05-30T11:29:21.440+0000] {subprocess.py:63} INFO - Tmp dir root location: 
 /tmp
[2023-05-30T11:29:21.442+0000] {subprocess.py:75} INFO - Running command: ['/bin/bash', '-c', 'echo hello world, this is the first task!']
[2023-05-30T11:29:21.486+0000] {subprocess.py:86} INFO - Output:
[2023-05-30T11:29:21.489+0000] {subprocess.py:93} INFO - hello world, this is the first task!
[2023-05-30T11:29:21.492+0000] {subprocess.py:97} INFO - Command exited with return code 0
[2023-05-30T11:29:21.542+0000] {taskinstance.py:1327} INFO - Marking task as SUCCESS. dag_id=our_first_dag_v5, task_id=first_task, execution_date=20211020T000000, start_date=20230530T112921, end_date=20230530T112921
[2023-05-30T11:29:21.657+0000] {local_task_job.py:159} INFO - Task exited with return code 0
[2023-05-30T11:29:21.700+0000] {taskinstance.py:2582} INFO - 2 downstream tasks scheduled from follow-on schedule check
[2023-06-07T06:33:49.661+0000] {taskinstance.py:1087} INFO - Dependencies all met for <TaskInstance: our_first_dag_v5.first_task scheduled__2021-10-20T00:00:00+00:00 [queued]>
[2023-06-07T06:33:49.714+0000] {taskinstance.py:1087} INFO - Dependencies all met for <TaskInstance: our_first_dag_v5.first_task scheduled__2021-10-20T00:00:00+00:00 [queued]>
[2023-06-07T06:33:49.716+0000] {taskinstance.py:1283} INFO - 
--------------------------------------------------------------------------------
[2023-06-07T06:33:49.719+0000] {taskinstance.py:1284} INFO - Starting attempt 1 of 6
[2023-06-07T06:33:49.722+0000] {taskinstance.py:1285} INFO - 
--------------------------------------------------------------------------------
[2023-06-07T06:33:49.858+0000] {taskinstance.py:1304} INFO - Executing <Task(BashOperator): first_task> on 2021-10-20 00:00:00+00:00
[2023-06-07T06:33:49.911+0000] {standard_task_runner.py:55} INFO - Started process 1737 to run task
[2023-06-07T06:33:49.933+0000] {standard_task_runner.py:82} INFO - Running: ['***', 'tasks', 'run', 'our_first_dag_v5', 'first_task', 'scheduled__2021-10-20T00:00:00+00:00', '--job-id', '1485', '--raw', '--subdir', 'DAGS_FOLDER/first_Dag.py', '--cfg-path', '/tmp/tmpfzuk2fju']
[2023-06-07T06:33:49.940+0000] {standard_task_runner.py:83} INFO - Job 1485: Subtask first_task
[2023-06-07T06:33:50.415+0000] {task_command.py:389} INFO - Running <TaskInstance: our_first_dag_v5.first_task scheduled__2021-10-20T00:00:00+00:00 [running]> on host 026ed797f3b3
[2023-06-07T06:33:50.979+0000] {taskinstance.py:1513} INFO - Exporting the following env vars:
AIRFLOW_CTX_DAG_OWNER=coder2j
AIRFLOW_CTX_DAG_ID=our_first_dag_v5
AIRFLOW_CTX_TASK_ID=first_task
AIRFLOW_CTX_EXECUTION_DATE=2021-10-20T00:00:00+00:00
AIRFLOW_CTX_TRY_NUMBER=1
AIRFLOW_CTX_DAG_RUN_ID=scheduled__2021-10-20T00:00:00+00:00
[2023-06-07T06:33:50.985+0000] {subprocess.py:63} INFO - Tmp dir root location: 
 /tmp
[2023-06-07T06:33:50.995+0000] {subprocess.py:75} INFO - Running command: ['/bin/bash', '-c', 'echo hello world, this is the first task!']
[2023-06-07T06:33:51.114+0000] {subprocess.py:86} INFO - Output:
[2023-06-07T06:33:51.123+0000] {subprocess.py:93} INFO - hello world, this is the first task!
[2023-06-07T06:33:51.130+0000] {subprocess.py:97} INFO - Command exited with return code 0
[2023-06-07T06:33:51.235+0000] {taskinstance.py:1327} INFO - Marking task as SUCCESS. dag_id=our_first_dag_v5, task_id=first_task, execution_date=20211020T000000, start_date=20230607T063349, end_date=20230607T063351
[2023-06-07T06:33:51.346+0000] {local_task_job.py:159} INFO - Task exited with return code 0
[2023-06-07T06:33:51.463+0000] {taskinstance.py:2582} INFO - 2 downstream tasks scheduled from follow-on schedule check
