[2023-05-30T11:28:34.758+0000] {taskinstance.py:1087} INFO - Dependencies all met for <TaskInstance: our_first_dag_v5.thrid_task scheduled__2021-08-31T00:00:00+00:00 [queued]>
[2023-05-30T11:28:34.892+0000] {taskinstance.py:1087} INFO - Dependencies all met for <TaskInstance: our_first_dag_v5.thrid_task scheduled__2021-08-31T00:00:00+00:00 [queued]>
[2023-05-30T11:28:34.929+0000] {taskinstance.py:1283} INFO - 
--------------------------------------------------------------------------------
[2023-05-30T11:28:34.946+0000] {taskinstance.py:1284} INFO - Starting attempt 1 of 6
[2023-05-30T11:28:34.948+0000] {taskinstance.py:1285} INFO - 
--------------------------------------------------------------------------------
[2023-05-30T11:28:35.225+0000] {taskinstance.py:1304} INFO - Executing <Task(BashOperator): thrid_task> on 2021-08-31 00:00:00+00:00
[2023-05-30T11:28:35.313+0000] {standard_task_runner.py:55} INFO - Started process 2032 to run task
[2023-05-30T11:28:35.367+0000] {standard_task_runner.py:82} INFO - Running: ['***', 'tasks', 'run', 'our_first_dag_v5', 'thrid_task', 'scheduled__2021-08-31T00:00:00+00:00', '--job-id', '113', '--raw', '--subdir', 'DAGS_FOLDER/first_Dag.py', '--cfg-path', '/tmp/tmpxdfh6t1m']
[2023-05-30T11:28:35.378+0000] {standard_task_runner.py:83} INFO - Job 113: Subtask thrid_task
[2023-05-30T11:28:35.852+0000] {task_command.py:389} INFO - Running <TaskInstance: our_first_dag_v5.thrid_task scheduled__2021-08-31T00:00:00+00:00 [running]> on host 49219f98c96e
[2023-05-30T11:28:36.274+0000] {taskinstance.py:1513} INFO - Exporting the following env vars:
AIRFLOW_CTX_DAG_OWNER=coder2j
AIRFLOW_CTX_DAG_ID=our_first_dag_v5
AIRFLOW_CTX_TASK_ID=thrid_task
AIRFLOW_CTX_EXECUTION_DATE=2021-08-31T00:00:00+00:00
AIRFLOW_CTX_TRY_NUMBER=1
AIRFLOW_CTX_DAG_RUN_ID=scheduled__2021-08-31T00:00:00+00:00
[2023-05-30T11:28:36.280+0000] {subprocess.py:63} INFO - Tmp dir root location: 
 /tmp
[2023-05-30T11:28:36.283+0000] {subprocess.py:75} INFO - Running command: ['/bin/bash', '-c', 'echo hey, I am task3 and will be running after task1 at the same time as task2!']
[2023-05-30T11:28:36.313+0000] {subprocess.py:86} INFO - Output:
[2023-05-30T11:28:36.316+0000] {subprocess.py:93} INFO - hey, I am task3 and will be running after task1 at the same time as task2!
[2023-05-30T11:28:36.324+0000] {subprocess.py:97} INFO - Command exited with return code 0
[2023-05-30T11:28:36.423+0000] {taskinstance.py:1327} INFO - Marking task as SUCCESS. dag_id=our_first_dag_v5, task_id=thrid_task, execution_date=20210831T000000, start_date=20230530T112834, end_date=20230530T112836
[2023-05-30T11:28:36.523+0000] {local_task_job.py:159} INFO - Task exited with return code 0
[2023-05-30T11:28:36.581+0000] {taskinstance.py:2582} INFO - 0 downstream tasks scheduled from follow-on schedule check
