[2023-05-30T12:34:10.666+0000] {taskinstance.py:1087} INFO - Dependencies all met for <TaskInstance: our_dag_with_python_operator_v07.get_name scheduled__2022-05-22T00:00:00+00:00 [queued]>
[2023-05-30T12:34:10.739+0000] {taskinstance.py:1087} INFO - Dependencies all met for <TaskInstance: our_dag_with_python_operator_v07.get_name scheduled__2022-05-22T00:00:00+00:00 [queued]>
[2023-05-30T12:34:10.741+0000] {taskinstance.py:1283} INFO - 
--------------------------------------------------------------------------------
[2023-05-30T12:34:10.743+0000] {taskinstance.py:1284} INFO - Starting attempt 1 of 6
[2023-05-30T12:34:10.744+0000] {taskinstance.py:1285} INFO - 
--------------------------------------------------------------------------------
[2023-05-30T12:34:10.792+0000] {taskinstance.py:1304} INFO - Executing <Task(PythonOperator): get_name> on 2022-05-22 00:00:00+00:00
[2023-05-30T12:34:10.823+0000] {standard_task_runner.py:55} INFO - Started process 10752 to run task
[2023-05-30T12:34:10.854+0000] {standard_task_runner.py:82} INFO - Running: ['***', 'tasks', 'run', 'our_dag_with_python_operator_v07', 'get_name', 'scheduled__2022-05-22T00:00:00+00:00', '--job-id', '1799', '--raw', '--subdir', 'DAGS_FOLDER/dag_python_opr.py', '--cfg-path', '/tmp/tmpccasobp1']
[2023-05-30T12:34:10.866+0000] {standard_task_runner.py:83} INFO - Job 1799: Subtask get_name
[2023-05-30T12:34:11.166+0000] {task_command.py:389} INFO - Running <TaskInstance: our_dag_with_python_operator_v07.get_name scheduled__2022-05-22T00:00:00+00:00 [running]> on host 49219f98c96e
[2023-05-30T12:34:11.545+0000] {taskinstance.py:1513} INFO - Exporting the following env vars:
AIRFLOW_CTX_DAG_OWNER=coder2j
AIRFLOW_CTX_DAG_ID=our_dag_with_python_operator_v07
AIRFLOW_CTX_TASK_ID=get_name
AIRFLOW_CTX_EXECUTION_DATE=2022-05-22T00:00:00+00:00
AIRFLOW_CTX_TRY_NUMBER=1
AIRFLOW_CTX_DAG_RUN_ID=scheduled__2022-05-22T00:00:00+00:00
[2023-05-30T12:34:11.659+0000] {python.py:177} INFO - Done. Returned value was: None
[2023-05-30T12:34:11.718+0000] {taskinstance.py:1327} INFO - Marking task as SUCCESS. dag_id=our_dag_with_python_operator_v07, task_id=get_name, execution_date=20220522T000000, start_date=20230530T123410, end_date=20230530T123411
[2023-05-30T12:34:11.807+0000] {local_task_job.py:159} INFO - Task exited with return code 0
[2023-05-30T12:34:11.883+0000] {taskinstance.py:2582} INFO - 0 downstream tasks scheduled from follow-on schedule check
[2023-06-07T06:39:56.268+0000] {taskinstance.py:1087} INFO - Dependencies all met for <TaskInstance: our_dag_with_python_operator_v07.get_name scheduled__2022-05-22T00:00:00+00:00 [queued]>
[2023-06-07T06:39:56.354+0000] {taskinstance.py:1087} INFO - Dependencies all met for <TaskInstance: our_dag_with_python_operator_v07.get_name scheduled__2022-05-22T00:00:00+00:00 [queued]>
[2023-06-07T06:39:56.357+0000] {taskinstance.py:1283} INFO - 
--------------------------------------------------------------------------------
[2023-06-07T06:39:56.358+0000] {taskinstance.py:1284} INFO - Starting attempt 1 of 6
[2023-06-07T06:39:56.360+0000] {taskinstance.py:1285} INFO - 
--------------------------------------------------------------------------------
[2023-06-07T06:39:56.453+0000] {taskinstance.py:1304} INFO - Executing <Task(PythonOperator): get_name> on 2022-05-22 00:00:00+00:00
[2023-06-07T06:39:56.472+0000] {standard_task_runner.py:55} INFO - Started process 4088 to run task
[2023-06-07T06:39:56.511+0000] {standard_task_runner.py:82} INFO - Running: ['***', 'tasks', 'run', 'our_dag_with_python_operator_v07', 'get_name', 'scheduled__2022-05-22T00:00:00+00:00', '--job-id', '2323', '--raw', '--subdir', 'DAGS_FOLDER/dag_python_opr.py', '--cfg-path', '/tmp/tmpl9ydxhez']
[2023-06-07T06:39:56.515+0000] {standard_task_runner.py:83} INFO - Job 2323: Subtask get_name
[2023-06-07T06:39:56.984+0000] {task_command.py:389} INFO - Running <TaskInstance: our_dag_with_python_operator_v07.get_name scheduled__2022-05-22T00:00:00+00:00 [running]> on host 026ed797f3b3
[2023-06-07T06:39:57.612+0000] {taskinstance.py:1513} INFO - Exporting the following env vars:
AIRFLOW_CTX_DAG_OWNER=coder2j
AIRFLOW_CTX_DAG_ID=our_dag_with_python_operator_v07
AIRFLOW_CTX_TASK_ID=get_name
AIRFLOW_CTX_EXECUTION_DATE=2022-05-22T00:00:00+00:00
AIRFLOW_CTX_TRY_NUMBER=1
AIRFLOW_CTX_DAG_RUN_ID=scheduled__2022-05-22T00:00:00+00:00
[2023-06-07T06:39:57.742+0000] {python.py:177} INFO - Done. Returned value was: None
[2023-06-07T06:39:57.814+0000] {taskinstance.py:1327} INFO - Marking task as SUCCESS. dag_id=our_dag_with_python_operator_v07, task_id=get_name, execution_date=20220522T000000, start_date=20230607T063956, end_date=20230607T063957
[2023-06-07T06:39:57.934+0000] {local_task_job.py:159} INFO - Task exited with return code 0
[2023-06-07T06:39:58.220+0000] {taskinstance.py:2582} INFO - 0 downstream tasks scheduled from follow-on schedule check
