[2023-06-01T11:19:15.103+0000] {taskinstance.py:1087} INFO - Dependencies all met for <TaskInstance: dag_with_postgres_operator_v03.create_postgres_table manual__2023-06-01T11:14:00.183542+00:00 [queued]>
[2023-06-01T11:19:15.127+0000] {taskinstance.py:1087} INFO - Dependencies all met for <TaskInstance: dag_with_postgres_operator_v03.create_postgres_table manual__2023-06-01T11:14:00.183542+00:00 [queued]>
[2023-06-01T11:19:15.129+0000] {taskinstance.py:1283} INFO - 
--------------------------------------------------------------------------------
[2023-06-01T11:19:15.132+0000] {taskinstance.py:1284} INFO - Starting attempt 2 of 6
[2023-06-01T11:19:15.139+0000] {taskinstance.py:1285} INFO - 
--------------------------------------------------------------------------------
[2023-06-01T11:19:15.179+0000] {taskinstance.py:1304} INFO - Executing <Task(PostgresOperator): create_postgres_table> on 2023-06-01 11:14:00.183542+00:00
[2023-06-01T11:19:15.192+0000] {standard_task_runner.py:55} INFO - Started process 469 to run task
[2023-06-01T11:19:15.201+0000] {standard_task_runner.py:82} INFO - Running: ['***', 'tasks', 'run', 'dag_with_postgres_operator_v03', 'create_postgres_table', 'manual__2023-06-01T11:14:00.183542+00:00', '--job-id', '24', '--raw', '--subdir', 'DAGS_FOLDER/postgres.py', '--cfg-path', '/tmp/tmp6etd83zy']
[2023-06-01T11:19:15.204+0000] {standard_task_runner.py:83} INFO - Job 24: Subtask create_postgres_table
[2023-06-01T11:19:15.396+0000] {task_command.py:389} INFO - Running <TaskInstance: dag_with_postgres_operator_v03.create_postgres_table manual__2023-06-01T11:14:00.183542+00:00 [running]> on host 687ba427e841
[2023-06-01T11:19:15.635+0000] {taskinstance.py:1513} INFO - Exporting the following env vars:
AIRFLOW_CTX_DAG_OWNER=coder2j
AIRFLOW_CTX_DAG_ID=dag_with_postgres_operator_v03
AIRFLOW_CTX_TASK_ID=create_postgres_table
AIRFLOW_CTX_EXECUTION_DATE=2023-06-01T11:14:00.183542+00:00
AIRFLOW_CTX_TRY_NUMBER=2
AIRFLOW_CTX_DAG_RUN_ID=manual__2023-06-01T11:14:00.183542+00:00
[2023-06-01T11:19:15.640+0000] {sql.py:253} INFO - Executing: 
            create table if not exists dag_runs (
                dt date,
                dag_id character varying,
                primary key (dt, dag_id)
            )
        
[2023-06-01T11:19:15.666+0000] {base.py:73} INFO - Using connection ID 'postgres_localhost' for task execution.
[2023-06-01T11:19:16.215+0000] {base.py:73} INFO - Using connection ID 'postgres_localhost' for task execution.
[2023-06-01T11:19:16.233+0000] {sql.py:364} INFO - Running statement: 
            create table if not exists dag_runs (
                dt date,
                dag_id character varying,
                primary key (dt, dag_id)
            )
        , parameters: None
[2023-06-01T11:19:16.273+0000] {taskinstance.py:1327} INFO - Marking task as SUCCESS. dag_id=dag_with_postgres_operator_v03, task_id=create_postgres_table, execution_date=20230601T111400, start_date=20230601T111915, end_date=20230601T111916
[2023-06-01T11:19:16.361+0000] {local_task_job.py:159} INFO - Task exited with return code 0
[2023-06-01T11:19:16.446+0000] {taskinstance.py:2582} INFO - 1 downstream tasks scheduled from follow-on schedule check
