[2023-05-30T12:32:56.565+0000] {taskinstance.py:1087} INFO - Dependencies all met for <TaskInstance: our_dag_with_python_operator_v07.get_name scheduled__2022-03-16T00:00:00+00:00 [queued]>
[2023-05-30T12:32:56.627+0000] {taskinstance.py:1087} INFO - Dependencies all met for <TaskInstance: our_dag_with_python_operator_v07.get_name scheduled__2022-03-16T00:00:00+00:00 [queued]>
[2023-05-30T12:32:56.632+0000] {taskinstance.py:1283} INFO - 
--------------------------------------------------------------------------------
[2023-05-30T12:32:56.633+0000] {taskinstance.py:1284} INFO - Starting attempt 1 of 6
[2023-05-30T12:32:56.635+0000] {taskinstance.py:1285} INFO - 
--------------------------------------------------------------------------------
[2023-05-30T12:32:56.715+0000] {taskinstance.py:1304} INFO - Executing <Task(PythonOperator): get_name> on 2022-03-16 00:00:00+00:00
[2023-05-30T12:32:56.728+0000] {standard_task_runner.py:55} INFO - Started process 10277 to run task
[2023-05-30T12:32:56.754+0000] {standard_task_runner.py:82} INFO - Running: ['***', 'tasks', 'run', 'our_dag_with_python_operator_v07', 'get_name', 'scheduled__2022-03-16T00:00:00+00:00', '--job-id', '1599', '--raw', '--subdir', 'DAGS_FOLDER/dag_python_opr.py', '--cfg-path', '/tmp/tmp_5o3qssx']
[2023-05-30T12:32:56.756+0000] {standard_task_runner.py:83} INFO - Job 1599: Subtask get_name
[2023-05-30T12:32:57.016+0000] {task_command.py:389} INFO - Running <TaskInstance: our_dag_with_python_operator_v07.get_name scheduled__2022-03-16T00:00:00+00:00 [running]> on host 49219f98c96e
[2023-05-30T12:32:57.234+0000] {taskinstance.py:1513} INFO - Exporting the following env vars:
AIRFLOW_CTX_DAG_OWNER=coder2j
AIRFLOW_CTX_DAG_ID=our_dag_with_python_operator_v07
AIRFLOW_CTX_TASK_ID=get_name
AIRFLOW_CTX_EXECUTION_DATE=2022-03-16T00:00:00+00:00
AIRFLOW_CTX_TRY_NUMBER=1
AIRFLOW_CTX_DAG_RUN_ID=scheduled__2022-03-16T00:00:00+00:00
[2023-05-30T12:32:57.279+0000] {python.py:177} INFO - Done. Returned value was: None
[2023-05-30T12:32:57.307+0000] {taskinstance.py:1327} INFO - Marking task as SUCCESS. dag_id=our_dag_with_python_operator_v07, task_id=get_name, execution_date=20220316T000000, start_date=20230530T123256, end_date=20230530T123257
[2023-05-30T12:32:57.407+0000] {local_task_job.py:159} INFO - Task exited with return code 0
[2023-05-30T12:32:57.441+0000] {taskinstance.py:2582} INFO - 0 downstream tasks scheduled from follow-on schedule check
[2023-06-07T06:37:08.186+0000] {taskinstance.py:1087} INFO - Dependencies all met for <TaskInstance: our_dag_with_python_operator_v07.get_name scheduled__2022-03-16T00:00:00+00:00 [queued]>
[2023-06-07T06:37:08.268+0000] {taskinstance.py:1087} INFO - Dependencies all met for <TaskInstance: our_dag_with_python_operator_v07.get_name scheduled__2022-03-16T00:00:00+00:00 [queued]>
[2023-06-07T06:37:08.271+0000] {taskinstance.py:1283} INFO - 
--------------------------------------------------------------------------------
[2023-06-07T06:37:08.274+0000] {taskinstance.py:1284} INFO - Starting attempt 1 of 6
[2023-06-07T06:37:08.276+0000] {taskinstance.py:1285} INFO - 
--------------------------------------------------------------------------------
[2023-06-07T06:37:08.345+0000] {taskinstance.py:1304} INFO - Executing <Task(PythonOperator): get_name> on 2022-03-16 00:00:00+00:00
[2023-06-07T06:37:08.358+0000] {standard_task_runner.py:55} INFO - Started process 2976 to run task
[2023-06-07T06:37:08.399+0000] {standard_task_runner.py:82} INFO - Running: ['***', 'tasks', 'run', 'our_dag_with_python_operator_v07', 'get_name', 'scheduled__2022-03-16T00:00:00+00:00', '--job-id', '1923', '--raw', '--subdir', 'DAGS_FOLDER/dag_python_opr.py', '--cfg-path', '/tmp/tmph6cfzd1t']
[2023-06-07T06:37:08.414+0000] {standard_task_runner.py:83} INFO - Job 1923: Subtask get_name
[2023-06-07T06:37:08.897+0000] {task_command.py:389} INFO - Running <TaskInstance: our_dag_with_python_operator_v07.get_name scheduled__2022-03-16T00:00:00+00:00 [running]> on host 026ed797f3b3
[2023-06-07T06:37:09.456+0000] {taskinstance.py:1513} INFO - Exporting the following env vars:
AIRFLOW_CTX_DAG_OWNER=coder2j
AIRFLOW_CTX_DAG_ID=our_dag_with_python_operator_v07
AIRFLOW_CTX_TASK_ID=get_name
AIRFLOW_CTX_EXECUTION_DATE=2022-03-16T00:00:00+00:00
AIRFLOW_CTX_TRY_NUMBER=1
AIRFLOW_CTX_DAG_RUN_ID=scheduled__2022-03-16T00:00:00+00:00
[2023-06-07T06:37:09.598+0000] {python.py:177} INFO - Done. Returned value was: None
[2023-06-07T06:37:09.641+0000] {taskinstance.py:1327} INFO - Marking task as SUCCESS. dag_id=our_dag_with_python_operator_v07, task_id=get_name, execution_date=20220316T000000, start_date=20230607T063708, end_date=20230607T063709
[2023-06-07T06:37:09.807+0000] {local_task_job.py:159} INFO - Task exited with return code 0
[2023-06-07T06:37:09.943+0000] {taskinstance.py:2582} INFO - 1 downstream tasks scheduled from follow-on schedule check
