[2023-05-30T11:32:53.163+0000] {taskinstance.py:1087} INFO - Dependencies all met for <TaskInstance: our_first_dag_v5.thrid_task scheduled__2022-05-06T00:00:00+00:00 [queued]>
[2023-05-30T11:32:53.217+0000] {taskinstance.py:1087} INFO - Dependencies all met for <TaskInstance: our_first_dag_v5.thrid_task scheduled__2022-05-06T00:00:00+00:00 [queued]>
[2023-05-30T11:32:53.219+0000] {taskinstance.py:1283} INFO - 
--------------------------------------------------------------------------------
[2023-05-30T11:32:53.220+0000] {taskinstance.py:1284} INFO - Starting attempt 1 of 6
[2023-05-30T11:32:53.222+0000] {taskinstance.py:1285} INFO - 
--------------------------------------------------------------------------------
[2023-05-30T11:32:53.272+0000] {taskinstance.py:1304} INFO - Executing <Task(BashOperator): thrid_task> on 2022-05-06 00:00:00+00:00
[2023-05-30T11:32:53.283+0000] {standard_task_runner.py:55} INFO - Started process 4482 to run task
[2023-05-30T11:32:53.301+0000] {standard_task_runner.py:82} INFO - Running: ['***', 'tasks', 'run', 'our_first_dag_v5', 'thrid_task', 'scheduled__2022-05-06T00:00:00+00:00', '--job-id', '851', '--raw', '--subdir', 'DAGS_FOLDER/first_Dag.py', '--cfg-path', '/tmp/tmp4lj6p3rh']
[2023-05-30T11:32:53.303+0000] {standard_task_runner.py:83} INFO - Job 851: Subtask thrid_task
[2023-05-30T11:32:53.511+0000] {task_command.py:389} INFO - Running <TaskInstance: our_first_dag_v5.thrid_task scheduled__2022-05-06T00:00:00+00:00 [running]> on host 49219f98c96e
[2023-05-30T11:32:53.800+0000] {taskinstance.py:1513} INFO - Exporting the following env vars:
AIRFLOW_CTX_DAG_OWNER=coder2j
AIRFLOW_CTX_DAG_ID=our_first_dag_v5
AIRFLOW_CTX_TASK_ID=thrid_task
AIRFLOW_CTX_EXECUTION_DATE=2022-05-06T00:00:00+00:00
AIRFLOW_CTX_TRY_NUMBER=1
AIRFLOW_CTX_DAG_RUN_ID=scheduled__2022-05-06T00:00:00+00:00
[2023-05-30T11:32:53.803+0000] {subprocess.py:63} INFO - Tmp dir root location: 
 /tmp
[2023-05-30T11:32:53.805+0000] {subprocess.py:75} INFO - Running command: ['/bin/bash', '-c', 'echo hey, I am task3 and will be running after task1 at the same time as task2!']
[2023-05-30T11:32:53.854+0000] {subprocess.py:86} INFO - Output:
[2023-05-30T11:32:53.864+0000] {subprocess.py:93} INFO - hey, I am task3 and will be running after task1 at the same time as task2!
[2023-05-30T11:32:53.868+0000] {subprocess.py:97} INFO - Command exited with return code 0
[2023-05-30T11:32:53.971+0000] {taskinstance.py:1327} INFO - Marking task as SUCCESS. dag_id=our_first_dag_v5, task_id=thrid_task, execution_date=20220506T000000, start_date=20230530T113253, end_date=20230530T113253
[2023-05-30T11:32:54.101+0000] {local_task_job.py:159} INFO - Task exited with return code 0
[2023-05-30T11:32:54.163+0000] {taskinstance.py:2582} INFO - 0 downstream tasks scheduled from follow-on schedule check
