[2023-05-30T11:29:08.462+0000] {taskinstance.py:1087} INFO - Dependencies all met for <TaskInstance: our_first_dag_v5.first_task scheduled__2021-10-08T00:00:00+00:00 [queued]>
[2023-05-30T11:29:08.482+0000] {taskinstance.py:1087} INFO - Dependencies all met for <TaskInstance: our_first_dag_v5.first_task scheduled__2021-10-08T00:00:00+00:00 [queued]>
[2023-05-30T11:29:08.486+0000] {taskinstance.py:1283} INFO - 
--------------------------------------------------------------------------------
[2023-05-30T11:29:08.488+0000] {taskinstance.py:1284} INFO - Starting attempt 1 of 6
[2023-05-30T11:29:08.491+0000] {taskinstance.py:1285} INFO - 
--------------------------------------------------------------------------------
[2023-05-30T11:29:08.563+0000] {taskinstance.py:1304} INFO - Executing <Task(BashOperator): first_task> on 2021-10-08 00:00:00+00:00
[2023-05-30T11:29:08.572+0000] {standard_task_runner.py:55} INFO - Started process 2341 to run task
[2023-05-30T11:29:08.582+0000] {standard_task_runner.py:82} INFO - Running: ['***', 'tasks', 'run', 'our_first_dag_v5', 'first_task', 'scheduled__2021-10-08T00:00:00+00:00', '--job-id', '208', '--raw', '--subdir', 'DAGS_FOLDER/first_Dag.py', '--cfg-path', '/tmp/tmp2zwzkukj']
[2023-05-30T11:29:08.584+0000] {standard_task_runner.py:83} INFO - Job 208: Subtask first_task
[2023-05-30T11:29:08.755+0000] {task_command.py:389} INFO - Running <TaskInstance: our_first_dag_v5.first_task scheduled__2021-10-08T00:00:00+00:00 [running]> on host 49219f98c96e
[2023-05-30T11:29:08.953+0000] {taskinstance.py:1513} INFO - Exporting the following env vars:
AIRFLOW_CTX_DAG_OWNER=coder2j
AIRFLOW_CTX_DAG_ID=our_first_dag_v5
AIRFLOW_CTX_TASK_ID=first_task
AIRFLOW_CTX_EXECUTION_DATE=2021-10-08T00:00:00+00:00
AIRFLOW_CTX_TRY_NUMBER=1
AIRFLOW_CTX_DAG_RUN_ID=scheduled__2021-10-08T00:00:00+00:00
[2023-05-30T11:29:08.959+0000] {subprocess.py:63} INFO - Tmp dir root location: 
 /tmp
[2023-05-30T11:29:08.962+0000] {subprocess.py:75} INFO - Running command: ['/bin/bash', '-c', 'echo hello world, this is the first task!']
[2023-05-30T11:29:09.013+0000] {subprocess.py:86} INFO - Output:
[2023-05-30T11:29:09.017+0000] {subprocess.py:93} INFO - hello world, this is the first task!
[2023-05-30T11:29:09.021+0000] {subprocess.py:97} INFO - Command exited with return code 0
[2023-05-30T11:29:09.114+0000] {taskinstance.py:1327} INFO - Marking task as SUCCESS. dag_id=our_first_dag_v5, task_id=first_task, execution_date=20211008T000000, start_date=20230530T112908, end_date=20230530T112909
[2023-05-30T11:29:09.248+0000] {local_task_job.py:159} INFO - Task exited with return code 0
[2023-05-30T11:29:09.306+0000] {taskinstance.py:2582} INFO - 2 downstream tasks scheduled from follow-on schedule check
[2023-06-07T06:33:22.064+0000] {taskinstance.py:1087} INFO - Dependencies all met for <TaskInstance: our_first_dag_v5.first_task scheduled__2021-10-08T00:00:00+00:00 [queued]>
[2023-06-07T06:33:22.162+0000] {taskinstance.py:1087} INFO - Dependencies all met for <TaskInstance: our_first_dag_v5.first_task scheduled__2021-10-08T00:00:00+00:00 [queued]>
[2023-06-07T06:33:22.170+0000] {taskinstance.py:1283} INFO - 
--------------------------------------------------------------------------------
[2023-06-07T06:33:22.171+0000] {taskinstance.py:1284} INFO - Starting attempt 1 of 6
[2023-06-07T06:33:22.173+0000] {taskinstance.py:1285} INFO - 
--------------------------------------------------------------------------------
[2023-06-07T06:33:22.435+0000] {taskinstance.py:1304} INFO - Executing <Task(BashOperator): first_task> on 2021-10-08 00:00:00+00:00
[2023-06-07T06:33:22.506+0000] {standard_task_runner.py:55} INFO - Started process 1546 to run task
[2023-06-07T06:33:22.555+0000] {standard_task_runner.py:82} INFO - Running: ['***', 'tasks', 'run', 'our_first_dag_v5', 'first_task', 'scheduled__2021-10-08T00:00:00+00:00', '--job-id', '1417', '--raw', '--subdir', 'DAGS_FOLDER/first_Dag.py', '--cfg-path', '/tmp/tmp5zagvp7u']
[2023-06-07T06:33:22.565+0000] {standard_task_runner.py:83} INFO - Job 1417: Subtask first_task
[2023-06-07T06:33:23.493+0000] {task_command.py:389} INFO - Running <TaskInstance: our_first_dag_v5.first_task scheduled__2021-10-08T00:00:00+00:00 [running]> on host 026ed797f3b3
[2023-06-07T06:33:24.572+0000] {taskinstance.py:1513} INFO - Exporting the following env vars:
AIRFLOW_CTX_DAG_OWNER=coder2j
AIRFLOW_CTX_DAG_ID=our_first_dag_v5
AIRFLOW_CTX_TASK_ID=first_task
AIRFLOW_CTX_EXECUTION_DATE=2021-10-08T00:00:00+00:00
AIRFLOW_CTX_TRY_NUMBER=1
AIRFLOW_CTX_DAG_RUN_ID=scheduled__2021-10-08T00:00:00+00:00
[2023-06-07T06:33:24.576+0000] {subprocess.py:63} INFO - Tmp dir root location: 
 /tmp
[2023-06-07T06:33:24.579+0000] {subprocess.py:75} INFO - Running command: ['/bin/bash', '-c', 'echo hello world, this is the first task!']
[2023-06-07T06:33:24.722+0000] {subprocess.py:86} INFO - Output:
[2023-06-07T06:33:24.735+0000] {subprocess.py:93} INFO - hello world, this is the first task!
[2023-06-07T06:33:24.740+0000] {subprocess.py:97} INFO - Command exited with return code 0
[2023-06-07T06:33:24.901+0000] {taskinstance.py:1327} INFO - Marking task as SUCCESS. dag_id=our_first_dag_v5, task_id=first_task, execution_date=20211008T000000, start_date=20230607T063322, end_date=20230607T063324
[2023-06-07T06:33:25.045+0000] {local_task_job.py:159} INFO - Task exited with return code 0
[2023-06-07T06:33:25.212+0000] {taskinstance.py:2582} INFO - 2 downstream tasks scheduled from follow-on schedule check
