[2023-05-30T12:34:19.455+0000] {taskinstance.py:1087} INFO - Dependencies all met for <TaskInstance: our_dag_with_python_operator_v07.get_name scheduled__2022-05-29T00:00:00+00:00 [queued]>
[2023-05-30T12:34:19.509+0000] {taskinstance.py:1087} INFO - Dependencies all met for <TaskInstance: our_dag_with_python_operator_v07.get_name scheduled__2022-05-29T00:00:00+00:00 [queued]>
[2023-05-30T12:34:19.510+0000] {taskinstance.py:1283} INFO - 
--------------------------------------------------------------------------------
[2023-05-30T12:34:19.511+0000] {taskinstance.py:1284} INFO - Starting attempt 1 of 6
[2023-05-30T12:34:19.513+0000] {taskinstance.py:1285} INFO - 
--------------------------------------------------------------------------------
[2023-05-30T12:34:19.599+0000] {taskinstance.py:1304} INFO - Executing <Task(PythonOperator): get_name> on 2022-05-29 00:00:00+00:00
[2023-05-30T12:34:19.610+0000] {standard_task_runner.py:55} INFO - Started process 10809 to run task
[2023-05-30T12:34:19.628+0000] {standard_task_runner.py:82} INFO - Running: ['***', 'tasks', 'run', 'our_dag_with_python_operator_v07', 'get_name', 'scheduled__2022-05-29T00:00:00+00:00', '--job-id', '1821', '--raw', '--subdir', 'DAGS_FOLDER/dag_python_opr.py', '--cfg-path', '/tmp/tmpucp3e8en']
[2023-05-30T12:34:19.631+0000] {standard_task_runner.py:83} INFO - Job 1821: Subtask get_name
[2023-05-30T12:34:19.899+0000] {task_command.py:389} INFO - Running <TaskInstance: our_dag_with_python_operator_v07.get_name scheduled__2022-05-29T00:00:00+00:00 [running]> on host 49219f98c96e
[2023-05-30T12:34:20.290+0000] {taskinstance.py:1513} INFO - Exporting the following env vars:
AIRFLOW_CTX_DAG_OWNER=coder2j
AIRFLOW_CTX_DAG_ID=our_dag_with_python_operator_v07
AIRFLOW_CTX_TASK_ID=get_name
AIRFLOW_CTX_EXECUTION_DATE=2022-05-29T00:00:00+00:00
AIRFLOW_CTX_TRY_NUMBER=1
AIRFLOW_CTX_DAG_RUN_ID=scheduled__2022-05-29T00:00:00+00:00
[2023-05-30T12:34:20.385+0000] {python.py:177} INFO - Done. Returned value was: None
[2023-05-30T12:34:20.420+0000] {taskinstance.py:1327} INFO - Marking task as SUCCESS. dag_id=our_dag_with_python_operator_v07, task_id=get_name, execution_date=20220529T000000, start_date=20230530T123419, end_date=20230530T123420
[2023-05-30T12:34:20.598+0000] {local_task_job.py:159} INFO - Task exited with return code 0
[2023-05-30T12:34:20.693+0000] {taskinstance.py:2582} INFO - 0 downstream tasks scheduled from follow-on schedule check
[2023-06-07T06:40:08.071+0000] {taskinstance.py:1087} INFO - Dependencies all met for <TaskInstance: our_dag_with_python_operator_v07.get_name scheduled__2022-05-29T00:00:00+00:00 [queued]>
[2023-06-07T06:40:08.186+0000] {taskinstance.py:1087} INFO - Dependencies all met for <TaskInstance: our_dag_with_python_operator_v07.get_name scheduled__2022-05-29T00:00:00+00:00 [queued]>
[2023-06-07T06:40:08.192+0000] {taskinstance.py:1283} INFO - 
--------------------------------------------------------------------------------
[2023-06-07T06:40:08.199+0000] {taskinstance.py:1284} INFO - Starting attempt 1 of 6
[2023-06-07T06:40:08.205+0000] {taskinstance.py:1285} INFO - 
--------------------------------------------------------------------------------
[2023-06-07T06:40:08.315+0000] {taskinstance.py:1304} INFO - Executing <Task(PythonOperator): get_name> on 2022-05-29 00:00:00+00:00
[2023-06-07T06:40:08.398+0000] {standard_task_runner.py:82} INFO - Running: ['***', 'tasks', 'run', 'our_dag_with_python_operator_v07', 'get_name', 'scheduled__2022-05-29T00:00:00+00:00', '--job-id', '2353', '--raw', '--subdir', 'DAGS_FOLDER/dag_python_opr.py', '--cfg-path', '/tmp/tmpdmdhao0q']
[2023-06-07T06:40:08.414+0000] {standard_task_runner.py:83} INFO - Job 2353: Subtask get_name
[2023-06-07T06:40:08.383+0000] {standard_task_runner.py:55} INFO - Started process 4167 to run task
[2023-06-07T06:40:09.221+0000] {task_command.py:389} INFO - Running <TaskInstance: our_dag_with_python_operator_v07.get_name scheduled__2022-05-29T00:00:00+00:00 [running]> on host 026ed797f3b3
[2023-06-07T06:40:10.200+0000] {taskinstance.py:1513} INFO - Exporting the following env vars:
AIRFLOW_CTX_DAG_OWNER=coder2j
AIRFLOW_CTX_DAG_ID=our_dag_with_python_operator_v07
AIRFLOW_CTX_TASK_ID=get_name
AIRFLOW_CTX_EXECUTION_DATE=2022-05-29T00:00:00+00:00
AIRFLOW_CTX_TRY_NUMBER=1
AIRFLOW_CTX_DAG_RUN_ID=scheduled__2022-05-29T00:00:00+00:00
[2023-06-07T06:40:10.417+0000] {python.py:177} INFO - Done. Returned value was: None
[2023-06-07T06:40:10.538+0000] {taskinstance.py:1327} INFO - Marking task as SUCCESS. dag_id=our_dag_with_python_operator_v07, task_id=get_name, execution_date=20220529T000000, start_date=20230607T064008, end_date=20230607T064010
[2023-06-07T06:40:10.867+0000] {local_task_job.py:159} INFO - Task exited with return code 0
[2023-06-07T06:40:11.051+0000] {taskinstance.py:2582} INFO - 0 downstream tasks scheduled from follow-on schedule check
