[2023-05-30T11:37:47.296+0000] {taskinstance.py:1087} INFO - Dependencies all met for <TaskInstance: our_dag_with_python_operator_v07.get_name scheduled__2021-12-30T00:00:00+00:00 [queued]>
[2023-05-30T11:37:47.318+0000] {taskinstance.py:1087} INFO - Dependencies all met for <TaskInstance: our_dag_with_python_operator_v07.get_name scheduled__2021-12-30T00:00:00+00:00 [queued]>
[2023-05-30T11:37:47.320+0000] {taskinstance.py:1283} INFO - 
--------------------------------------------------------------------------------
[2023-05-30T11:37:47.321+0000] {taskinstance.py:1284} INFO - Starting attempt 1 of 6
[2023-05-30T11:37:47.323+0000] {taskinstance.py:1285} INFO - 
--------------------------------------------------------------------------------
[2023-05-30T11:37:47.368+0000] {taskinstance.py:1304} INFO - Executing <Task(PythonOperator): get_name> on 2021-12-30 00:00:00+00:00
[2023-05-30T11:37:47.380+0000] {standard_task_runner.py:55} INFO - Started process 6080 to run task
[2023-05-30T11:37:47.405+0000] {standard_task_runner.py:82} INFO - Running: ['***', 'tasks', 'run', 'our_dag_with_python_operator_v07', 'get_name', 'scheduled__2021-12-30T00:00:00+00:00', '--job-id', '1369', '--raw', '--subdir', 'DAGS_FOLDER/dag_python_opr.py', '--cfg-path', '/tmp/tmp613nzmun']
[2023-05-30T11:37:47.407+0000] {standard_task_runner.py:83} INFO - Job 1369: Subtask get_name
[2023-05-30T11:37:47.621+0000] {task_command.py:389} INFO - Running <TaskInstance: our_dag_with_python_operator_v07.get_name scheduled__2021-12-30T00:00:00+00:00 [running]> on host 49219f98c96e
[2023-05-30T11:37:47.778+0000] {taskinstance.py:1513} INFO - Exporting the following env vars:
AIRFLOW_CTX_DAG_OWNER=coder2j
AIRFLOW_CTX_DAG_ID=our_dag_with_python_operator_v07
AIRFLOW_CTX_TASK_ID=get_name
AIRFLOW_CTX_EXECUTION_DATE=2021-12-30T00:00:00+00:00
AIRFLOW_CTX_TRY_NUMBER=1
AIRFLOW_CTX_DAG_RUN_ID=scheduled__2021-12-30T00:00:00+00:00
[2023-05-30T11:37:47.885+0000] {python.py:177} INFO - Done. Returned value was: None
[2023-05-30T11:37:47.921+0000] {taskinstance.py:1327} INFO - Marking task as SUCCESS. dag_id=our_dag_with_python_operator_v07, task_id=get_name, execution_date=20211230T000000, start_date=20230530T113747, end_date=20230530T113747
[2023-05-30T11:37:47.987+0000] {local_task_job.py:159} INFO - Task exited with return code 0
[2023-05-30T11:37:48.040+0000] {taskinstance.py:2582} INFO - 1 downstream tasks scheduled from follow-on schedule check
[2023-06-07T06:33:39.452+0000] {taskinstance.py:1087} INFO - Dependencies all met for <TaskInstance: our_dag_with_python_operator_v07.get_name scheduled__2021-12-30T00:00:00+00:00 [queued]>
[2023-06-07T06:33:39.521+0000] {taskinstance.py:1087} INFO - Dependencies all met for <TaskInstance: our_dag_with_python_operator_v07.get_name scheduled__2021-12-30T00:00:00+00:00 [queued]>
[2023-06-07T06:33:39.530+0000] {taskinstance.py:1283} INFO - 
--------------------------------------------------------------------------------
[2023-06-07T06:33:39.531+0000] {taskinstance.py:1284} INFO - Starting attempt 1 of 6
[2023-06-07T06:33:39.535+0000] {taskinstance.py:1285} INFO - 
--------------------------------------------------------------------------------
[2023-06-07T06:33:39.647+0000] {taskinstance.py:1304} INFO - Executing <Task(PythonOperator): get_name> on 2021-12-30 00:00:00+00:00
[2023-06-07T06:33:39.673+0000] {standard_task_runner.py:55} INFO - Started process 1676 to run task
[2023-06-07T06:33:39.691+0000] {standard_task_runner.py:82} INFO - Running: ['***', 'tasks', 'run', 'our_dag_with_python_operator_v07', 'get_name', 'scheduled__2021-12-30T00:00:00+00:00', '--job-id', '1461', '--raw', '--subdir', 'DAGS_FOLDER/dag_python_opr.py', '--cfg-path', '/tmp/tmpytc_6qk_']
[2023-06-07T06:33:39.708+0000] {standard_task_runner.py:83} INFO - Job 1461: Subtask get_name
[2023-06-07T06:33:40.840+0000] {task_command.py:389} INFO - Running <TaskInstance: our_dag_with_python_operator_v07.get_name scheduled__2021-12-30T00:00:00+00:00 [running]> on host 026ed797f3b3
[2023-06-07T06:33:41.948+0000] {taskinstance.py:1513} INFO - Exporting the following env vars:
AIRFLOW_CTX_DAG_OWNER=coder2j
AIRFLOW_CTX_DAG_ID=our_dag_with_python_operator_v07
AIRFLOW_CTX_TASK_ID=get_name
AIRFLOW_CTX_EXECUTION_DATE=2021-12-30T00:00:00+00:00
AIRFLOW_CTX_TRY_NUMBER=1
AIRFLOW_CTX_DAG_RUN_ID=scheduled__2021-12-30T00:00:00+00:00
[2023-06-07T06:33:42.120+0000] {python.py:177} INFO - Done. Returned value was: None
[2023-06-07T06:33:42.166+0000] {taskinstance.py:1327} INFO - Marking task as SUCCESS. dag_id=our_dag_with_python_operator_v07, task_id=get_name, execution_date=20211230T000000, start_date=20230607T063339, end_date=20230607T063342
[2023-06-07T06:33:42.318+0000] {local_task_job.py:159} INFO - Task exited with return code 0
[2023-06-07T06:33:42.523+0000] {taskinstance.py:2582} INFO - 1 downstream tasks scheduled from follow-on schedule check
