[2023-05-30T11:37:12.691+0000] {taskinstance.py:1087} INFO - Dependencies all met for <TaskInstance: our_dag_with_python_operator_v07.get_name scheduled__2021-11-26T00:00:00+00:00 [queued]>
[2023-05-30T11:37:12.712+0000] {taskinstance.py:1087} INFO - Dependencies all met for <TaskInstance: our_dag_with_python_operator_v07.get_name scheduled__2021-11-26T00:00:00+00:00 [queued]>
[2023-05-30T11:37:12.714+0000] {taskinstance.py:1283} INFO - 
--------------------------------------------------------------------------------
[2023-05-30T11:37:12.717+0000] {taskinstance.py:1284} INFO - Starting attempt 1 of 6
[2023-05-30T11:37:12.742+0000] {taskinstance.py:1285} INFO - 
--------------------------------------------------------------------------------
[2023-05-30T11:37:12.862+0000] {taskinstance.py:1304} INFO - Executing <Task(PythonOperator): get_name> on 2021-11-26 00:00:00+00:00
[2023-05-30T11:37:12.875+0000] {standard_task_runner.py:55} INFO - Started process 5842 to run task
[2023-05-30T11:37:12.901+0000] {standard_task_runner.py:82} INFO - Running: ['***', 'tasks', 'run', 'our_dag_with_python_operator_v07', 'get_name', 'scheduled__2021-11-26T00:00:00+00:00', '--job-id', '1267', '--raw', '--subdir', 'DAGS_FOLDER/dag_python_opr.py', '--cfg-path', '/tmp/tmpkj98h3um']
[2023-05-30T11:37:12.909+0000] {standard_task_runner.py:83} INFO - Job 1267: Subtask get_name
[2023-05-30T11:37:13.246+0000] {task_command.py:389} INFO - Running <TaskInstance: our_dag_with_python_operator_v07.get_name scheduled__2021-11-26T00:00:00+00:00 [running]> on host 49219f98c96e
[2023-05-30T11:37:13.690+0000] {taskinstance.py:1513} INFO - Exporting the following env vars:
AIRFLOW_CTX_DAG_OWNER=coder2j
AIRFLOW_CTX_DAG_ID=our_dag_with_python_operator_v07
AIRFLOW_CTX_TASK_ID=get_name
AIRFLOW_CTX_EXECUTION_DATE=2021-11-26T00:00:00+00:00
AIRFLOW_CTX_TRY_NUMBER=1
AIRFLOW_CTX_DAG_RUN_ID=scheduled__2021-11-26T00:00:00+00:00
[2023-05-30T11:37:13.917+0000] {python.py:177} INFO - Done. Returned value was: None
[2023-05-30T11:37:13.999+0000] {taskinstance.py:1327} INFO - Marking task as SUCCESS. dag_id=our_dag_with_python_operator_v07, task_id=get_name, execution_date=20211126T000000, start_date=20230530T113712, end_date=20230530T113713
[2023-05-30T11:37:14.178+0000] {local_task_job.py:159} INFO - Task exited with return code 0
[2023-05-30T11:37:14.383+0000] {taskinstance.py:2582} INFO - 0 downstream tasks scheduled from follow-on schedule check
[2023-06-07T06:32:33.215+0000] {taskinstance.py:1087} INFO - Dependencies all met for <TaskInstance: our_dag_with_python_operator_v07.get_name scheduled__2021-11-26T00:00:00+00:00 [queued]>
[2023-06-07T06:32:33.421+0000] {taskinstance.py:1087} INFO - Dependencies all met for <TaskInstance: our_dag_with_python_operator_v07.get_name scheduled__2021-11-26T00:00:00+00:00 [queued]>
[2023-06-07T06:32:33.423+0000] {taskinstance.py:1283} INFO - 
--------------------------------------------------------------------------------
[2023-06-07T06:32:33.426+0000] {taskinstance.py:1284} INFO - Starting attempt 1 of 6
[2023-06-07T06:32:33.447+0000] {taskinstance.py:1285} INFO - 
--------------------------------------------------------------------------------
[2023-06-07T06:32:33.578+0000] {taskinstance.py:1304} INFO - Executing <Task(PythonOperator): get_name> on 2021-11-26 00:00:00+00:00
[2023-06-07T06:32:33.587+0000] {standard_task_runner.py:55} INFO - Started process 1161 to run task
[2023-06-07T06:32:33.682+0000] {standard_task_runner.py:82} INFO - Running: ['***', 'tasks', 'run', 'our_dag_with_python_operator_v07', 'get_name', 'scheduled__2021-11-26T00:00:00+00:00', '--job-id', '1272', '--raw', '--subdir', 'DAGS_FOLDER/dag_python_opr.py', '--cfg-path', '/tmp/tmput6dbrh7']
[2023-06-07T06:32:33.686+0000] {standard_task_runner.py:83} INFO - Job 1272: Subtask get_name
[2023-06-07T06:32:34.242+0000] {task_command.py:389} INFO - Running <TaskInstance: our_dag_with_python_operator_v07.get_name scheduled__2021-11-26T00:00:00+00:00 [running]> on host 026ed797f3b3
[2023-06-07T06:32:34.845+0000] {taskinstance.py:1513} INFO - Exporting the following env vars:
AIRFLOW_CTX_DAG_OWNER=coder2j
AIRFLOW_CTX_DAG_ID=our_dag_with_python_operator_v07
AIRFLOW_CTX_TASK_ID=get_name
AIRFLOW_CTX_EXECUTION_DATE=2021-11-26T00:00:00+00:00
AIRFLOW_CTX_TRY_NUMBER=1
AIRFLOW_CTX_DAG_RUN_ID=scheduled__2021-11-26T00:00:00+00:00
[2023-06-07T06:32:34.982+0000] {python.py:177} INFO - Done. Returned value was: None
[2023-06-07T06:32:35.039+0000] {taskinstance.py:1327} INFO - Marking task as SUCCESS. dag_id=our_dag_with_python_operator_v07, task_id=get_name, execution_date=20211126T000000, start_date=20230607T063233, end_date=20230607T063235
[2023-06-07T06:32:35.306+0000] {local_task_job.py:159} INFO - Task exited with return code 0
[2023-06-07T06:32:35.548+0000] {taskinstance.py:2582} INFO - 1 downstream tasks scheduled from follow-on schedule check
