[2023-05-30T12:39:20.910+0000] {taskinstance.py:1087} INFO - Dependencies all met for <TaskInstance: our_dag_with_python_operator_v07.get_age scheduled__2023-03-09T00:00:00+00:00 [queued]>
[2023-05-30T12:39:20.976+0000] {taskinstance.py:1087} INFO - Dependencies all met for <TaskInstance: our_dag_with_python_operator_v07.get_age scheduled__2023-03-09T00:00:00+00:00 [queued]>
[2023-05-30T12:39:20.980+0000] {taskinstance.py:1283} INFO - 
--------------------------------------------------------------------------------
[2023-05-30T12:39:20.983+0000] {taskinstance.py:1284} INFO - Starting attempt 1 of 6
[2023-05-30T12:39:20.987+0000] {taskinstance.py:1285} INFO - 
--------------------------------------------------------------------------------
[2023-05-30T12:39:21.105+0000] {taskinstance.py:1304} INFO - Executing <Task(PythonOperator): get_age> on 2023-03-09 00:00:00+00:00
[2023-05-30T12:39:21.151+0000] {standard_task_runner.py:55} INFO - Started process 12786 to run task
[2023-05-30T12:39:21.183+0000] {standard_task_runner.py:82} INFO - Running: ['***', 'tasks', 'run', 'our_dag_with_python_operator_v07', 'get_age', 'scheduled__2023-03-09T00:00:00+00:00', '--job-id', '2673', '--raw', '--subdir', 'DAGS_FOLDER/dag_python_opr.py', '--cfg-path', '/tmp/tmp_y4k1khl']
[2023-05-30T12:39:21.186+0000] {standard_task_runner.py:83} INFO - Job 2673: Subtask get_age
[2023-05-30T12:39:21.605+0000] {task_command.py:389} INFO - Running <TaskInstance: our_dag_with_python_operator_v07.get_age scheduled__2023-03-09T00:00:00+00:00 [running]> on host 49219f98c96e
[2023-05-30T12:39:21.958+0000] {taskinstance.py:1513} INFO - Exporting the following env vars:
AIRFLOW_CTX_DAG_OWNER=coder2j
AIRFLOW_CTX_DAG_ID=our_dag_with_python_operator_v07
AIRFLOW_CTX_TASK_ID=get_age
AIRFLOW_CTX_EXECUTION_DATE=2023-03-09T00:00:00+00:00
AIRFLOW_CTX_TRY_NUMBER=1
AIRFLOW_CTX_DAG_RUN_ID=scheduled__2023-03-09T00:00:00+00:00
[2023-05-30T12:39:22.001+0000] {python.py:177} INFO - Done. Returned value was: None
[2023-05-30T12:39:22.063+0000] {taskinstance.py:1327} INFO - Marking task as SUCCESS. dag_id=our_dag_with_python_operator_v07, task_id=get_age, execution_date=20230309T000000, start_date=20230530T123920, end_date=20230530T123922
[2023-05-30T12:39:22.138+0000] {local_task_job.py:159} INFO - Task exited with return code 0
[2023-05-30T12:39:22.260+0000] {taskinstance.py:2582} INFO - 1 downstream tasks scheduled from follow-on schedule check
