[2023-05-30T11:29:30.454+0000] {taskinstance.py:1087} INFO - Dependencies all met for <TaskInstance: our_first_dag_v5.first_task scheduled__2021-10-31T00:00:00+00:00 [queued]>
[2023-05-30T11:29:30.516+0000] {taskinstance.py:1087} INFO - Dependencies all met for <TaskInstance: our_first_dag_v5.first_task scheduled__2021-10-31T00:00:00+00:00 [queued]>
[2023-05-30T11:29:30.520+0000] {taskinstance.py:1283} INFO - 
--------------------------------------------------------------------------------
[2023-05-30T11:29:30.523+0000] {taskinstance.py:1284} INFO - Starting attempt 1 of 6
[2023-05-30T11:29:30.527+0000] {taskinstance.py:1285} INFO - 
--------------------------------------------------------------------------------
[2023-05-30T11:29:30.659+0000] {taskinstance.py:1304} INFO - Executing <Task(BashOperator): first_task> on 2021-10-31 00:00:00+00:00
[2023-05-30T11:29:30.708+0000] {standard_task_runner.py:55} INFO - Started process 2586 to run task
[2023-05-30T11:29:30.729+0000] {standard_task_runner.py:82} INFO - Running: ['***', 'tasks', 'run', 'our_first_dag_v5', 'first_task', 'scheduled__2021-10-31T00:00:00+00:00', '--job-id', '281', '--raw', '--subdir', 'DAGS_FOLDER/first_Dag.py', '--cfg-path', '/tmp/tmp66joh1xx']
[2023-05-30T11:29:30.731+0000] {standard_task_runner.py:83} INFO - Job 281: Subtask first_task
[2023-05-30T11:29:30.919+0000] {task_command.py:389} INFO - Running <TaskInstance: our_first_dag_v5.first_task scheduled__2021-10-31T00:00:00+00:00 [running]> on host 49219f98c96e
[2023-05-30T11:29:31.076+0000] {taskinstance.py:1513} INFO - Exporting the following env vars:
AIRFLOW_CTX_DAG_OWNER=coder2j
AIRFLOW_CTX_DAG_ID=our_first_dag_v5
AIRFLOW_CTX_TASK_ID=first_task
AIRFLOW_CTX_EXECUTION_DATE=2021-10-31T00:00:00+00:00
AIRFLOW_CTX_TRY_NUMBER=1
AIRFLOW_CTX_DAG_RUN_ID=scheduled__2021-10-31T00:00:00+00:00
[2023-05-30T11:29:31.104+0000] {subprocess.py:63} INFO - Tmp dir root location: 
 /tmp
[2023-05-30T11:29:31.107+0000] {subprocess.py:75} INFO - Running command: ['/bin/bash', '-c', 'echo hello world, this is the first task!']
[2023-05-30T11:29:31.141+0000] {subprocess.py:86} INFO - Output:
[2023-05-30T11:29:31.143+0000] {subprocess.py:93} INFO - hello world, this is the first task!
[2023-05-30T11:29:31.145+0000] {subprocess.py:97} INFO - Command exited with return code 0
[2023-05-30T11:29:31.233+0000] {taskinstance.py:1327} INFO - Marking task as SUCCESS. dag_id=our_first_dag_v5, task_id=first_task, execution_date=20211031T000000, start_date=20230530T112930, end_date=20230530T112931
[2023-05-30T11:29:31.306+0000] {local_task_job.py:159} INFO - Task exited with return code 0
[2023-05-30T11:29:31.376+0000] {taskinstance.py:2582} INFO - 2 downstream tasks scheduled from follow-on schedule check
[2023-06-07T06:34:22.201+0000] {taskinstance.py:1087} INFO - Dependencies all met for <TaskInstance: our_first_dag_v5.first_task scheduled__2021-10-31T00:00:00+00:00 [queued]>
[2023-06-07T06:34:22.320+0000] {taskinstance.py:1087} INFO - Dependencies all met for <TaskInstance: our_first_dag_v5.first_task scheduled__2021-10-31T00:00:00+00:00 [queued]>
[2023-06-07T06:34:22.330+0000] {taskinstance.py:1283} INFO - 
--------------------------------------------------------------------------------
[2023-06-07T06:34:22.334+0000] {taskinstance.py:1284} INFO - Starting attempt 1 of 6
[2023-06-07T06:34:22.341+0000] {taskinstance.py:1285} INFO - 
--------------------------------------------------------------------------------
[2023-06-07T06:34:23.042+0000] {taskinstance.py:1304} INFO - Executing <Task(BashOperator): first_task> on 2021-10-31 00:00:00+00:00
[2023-06-07T06:34:23.142+0000] {standard_task_runner.py:55} INFO - Started process 1965 to run task
[2023-06-07T06:34:23.195+0000] {standard_task_runner.py:82} INFO - Running: ['***', 'tasks', 'run', 'our_first_dag_v5', 'first_task', 'scheduled__2021-10-31T00:00:00+00:00', '--job-id', '1567', '--raw', '--subdir', 'DAGS_FOLDER/first_Dag.py', '--cfg-path', '/tmp/tmpbgcxq10o']
[2023-06-07T06:34:23.215+0000] {standard_task_runner.py:83} INFO - Job 1567: Subtask first_task
[2023-06-07T06:34:23.887+0000] {task_command.py:389} INFO - Running <TaskInstance: our_first_dag_v5.first_task scheduled__2021-10-31T00:00:00+00:00 [running]> on host 026ed797f3b3
[2023-06-07T06:34:24.836+0000] {taskinstance.py:1513} INFO - Exporting the following env vars:
AIRFLOW_CTX_DAG_OWNER=coder2j
AIRFLOW_CTX_DAG_ID=our_first_dag_v5
AIRFLOW_CTX_TASK_ID=first_task
AIRFLOW_CTX_EXECUTION_DATE=2021-10-31T00:00:00+00:00
AIRFLOW_CTX_TRY_NUMBER=1
AIRFLOW_CTX_DAG_RUN_ID=scheduled__2021-10-31T00:00:00+00:00
[2023-06-07T06:34:24.845+0000] {subprocess.py:63} INFO - Tmp dir root location: 
 /tmp
[2023-06-07T06:34:24.870+0000] {subprocess.py:75} INFO - Running command: ['/bin/bash', '-c', 'echo hello world, this is the first task!']
[2023-06-07T06:34:24.951+0000] {subprocess.py:86} INFO - Output:
[2023-06-07T06:34:24.962+0000] {subprocess.py:93} INFO - hello world, this is the first task!
[2023-06-07T06:34:24.996+0000] {subprocess.py:97} INFO - Command exited with return code 0
[2023-06-07T06:34:25.209+0000] {taskinstance.py:1327} INFO - Marking task as SUCCESS. dag_id=our_first_dag_v5, task_id=first_task, execution_date=20211031T000000, start_date=20230607T063422, end_date=20230607T063425
[2023-06-07T06:34:25.741+0000] {local_task_job.py:159} INFO - Task exited with return code 0
[2023-06-07T06:34:25.974+0000] {taskinstance.py:2582} INFO - 2 downstream tasks scheduled from follow-on schedule check
