[2023-06-01T11:22:23.204+0000] {taskinstance.py:1087} INFO - Dependencies all met for <TaskInstance: dag_with_postgres_operator_v03.delete_data_from_table manual__2023-06-01T11:22:14.708103+00:00 [queued]>
[2023-06-01T11:22:23.220+0000] {taskinstance.py:1087} INFO - Dependencies all met for <TaskInstance: dag_with_postgres_operator_v03.delete_data_from_table manual__2023-06-01T11:22:14.708103+00:00 [queued]>
[2023-06-01T11:22:23.221+0000] {taskinstance.py:1283} INFO - 
--------------------------------------------------------------------------------
[2023-06-01T11:22:23.222+0000] {taskinstance.py:1284} INFO - Starting attempt 1 of 6
[2023-06-01T11:22:23.223+0000] {taskinstance.py:1285} INFO - 
--------------------------------------------------------------------------------
[2023-06-01T11:22:23.242+0000] {taskinstance.py:1304} INFO - Executing <Task(PostgresOperator): delete_data_from_table> on 2023-06-01 11:22:14.708103+00:00
[2023-06-01T11:22:23.249+0000] {standard_task_runner.py:55} INFO - Started process 1452 to run task
[2023-06-01T11:22:23.257+0000] {standard_task_runner.py:82} INFO - Running: ['***', 'tasks', 'run', 'dag_with_postgres_operator_v03', 'delete_data_from_table', 'manual__2023-06-01T11:22:14.708103+00:00', '--job-id', '441', '--raw', '--subdir', 'DAGS_FOLDER/postgres.py', '--cfg-path', '/tmp/tmpvr3j3apw']
[2023-06-01T11:22:23.258+0000] {standard_task_runner.py:83} INFO - Job 441: Subtask delete_data_from_table
[2023-06-01T11:22:23.358+0000] {task_command.py:389} INFO - Running <TaskInstance: dag_with_postgres_operator_v03.delete_data_from_table manual__2023-06-01T11:22:14.708103+00:00 [running]> on host 687ba427e841
[2023-06-01T11:22:23.475+0000] {taskinstance.py:1513} INFO - Exporting the following env vars:
AIRFLOW_CTX_DAG_OWNER=coder2j
AIRFLOW_CTX_DAG_ID=dag_with_postgres_operator_v03
AIRFLOW_CTX_TASK_ID=delete_data_from_table
AIRFLOW_CTX_EXECUTION_DATE=2023-06-01T11:22:14.708103+00:00
AIRFLOW_CTX_TRY_NUMBER=1
AIRFLOW_CTX_DAG_RUN_ID=manual__2023-06-01T11:22:14.708103+00:00
[2023-06-01T11:22:23.477+0000] {sql.py:253} INFO - Executing: 
            delete from dag_runs where dt = '2023-06-01' and dag_id = 'dag_with_postgres_operator_v03';
        
[2023-06-01T11:22:23.499+0000] {base.py:73} INFO - Using connection ID 'postgres_localhost' for task execution.
[2023-06-01T11:22:23.829+0000] {base.py:73} INFO - Using connection ID 'postgres_localhost' for task execution.
[2023-06-01T11:22:23.845+0000] {sql.py:364} INFO - Running statement: 
            delete from dag_runs where dt = '2023-06-01' and dag_id = 'dag_with_postgres_operator_v03';
        , parameters: None
[2023-06-01T11:22:23.850+0000] {sql.py:373} INFO - Rows affected: 1
[2023-06-01T11:22:23.867+0000] {taskinstance.py:1327} INFO - Marking task as SUCCESS. dag_id=dag_with_postgres_operator_v03, task_id=delete_data_from_table, execution_date=20230601T112214, start_date=20230601T112223, end_date=20230601T112223
[2023-06-01T11:22:23.920+0000] {local_task_job.py:159} INFO - Task exited with return code 0
[2023-06-01T11:22:23.950+0000] {taskinstance.py:2582} INFO - 1 downstream tasks scheduled from follow-on schedule check
