[2023-05-30T11:37:38.011+0000] {taskinstance.py:1087} INFO - Dependencies all met for <TaskInstance: our_dag_with_python_operator_v07.get_age scheduled__2021-12-20T00:00:00+00:00 [queued]>
[2023-05-30T11:37:38.138+0000] {taskinstance.py:1087} INFO - Dependencies all met for <TaskInstance: our_dag_with_python_operator_v07.get_age scheduled__2021-12-20T00:00:00+00:00 [queued]>
[2023-05-30T11:37:38.143+0000] {taskinstance.py:1283} INFO - 
--------------------------------------------------------------------------------
[2023-05-30T11:37:38.145+0000] {taskinstance.py:1284} INFO - Starting attempt 1 of 6
[2023-05-30T11:37:38.147+0000] {taskinstance.py:1285} INFO - 
--------------------------------------------------------------------------------
[2023-05-30T11:37:38.303+0000] {taskinstance.py:1304} INFO - Executing <Task(PythonOperator): get_age> on 2021-12-20 00:00:00+00:00
[2023-05-30T11:37:38.407+0000] {standard_task_runner.py:82} INFO - Running: ['***', 'tasks', 'run', 'our_dag_with_python_operator_v07', 'get_age', 'scheduled__2021-12-20T00:00:00+00:00', '--job-id', '1337', '--raw', '--subdir', 'DAGS_FOLDER/dag_python_opr.py', '--cfg-path', '/tmp/tmp7qf0budj']
[2023-05-30T11:37:38.418+0000] {standard_task_runner.py:83} INFO - Job 1337: Subtask get_age
[2023-05-30T11:37:38.370+0000] {standard_task_runner.py:55} INFO - Started process 6015 to run task
[2023-05-30T11:37:38.755+0000] {task_command.py:389} INFO - Running <TaskInstance: our_dag_with_python_operator_v07.get_age scheduled__2021-12-20T00:00:00+00:00 [running]> on host 49219f98c96e
[2023-05-30T11:37:39.091+0000] {taskinstance.py:1513} INFO - Exporting the following env vars:
AIRFLOW_CTX_DAG_OWNER=coder2j
AIRFLOW_CTX_DAG_ID=our_dag_with_python_operator_v07
AIRFLOW_CTX_TASK_ID=get_age
AIRFLOW_CTX_EXECUTION_DATE=2021-12-20T00:00:00+00:00
AIRFLOW_CTX_TRY_NUMBER=1
AIRFLOW_CTX_DAG_RUN_ID=scheduled__2021-12-20T00:00:00+00:00
[2023-05-30T11:37:39.134+0000] {python.py:177} INFO - Done. Returned value was: None
[2023-05-30T11:37:39.170+0000] {taskinstance.py:1327} INFO - Marking task as SUCCESS. dag_id=our_dag_with_python_operator_v07, task_id=get_age, execution_date=20211220T000000, start_date=20230530T113738, end_date=20230530T113739
[2023-05-30T11:37:39.282+0000] {local_task_job.py:159} INFO - Task exited with return code 0
[2023-05-30T11:37:39.349+0000] {taskinstance.py:2582} INFO - 1 downstream tasks scheduled from follow-on schedule check
[2023-06-07T06:33:15.436+0000] {taskinstance.py:1087} INFO - Dependencies all met for <TaskInstance: our_dag_with_python_operator_v07.get_age scheduled__2021-12-20T00:00:00+00:00 [queued]>
[2023-06-07T06:33:15.477+0000] {taskinstance.py:1087} INFO - Dependencies all met for <TaskInstance: our_dag_with_python_operator_v07.get_age scheduled__2021-12-20T00:00:00+00:00 [queued]>
[2023-06-07T06:33:15.479+0000] {taskinstance.py:1283} INFO - 
--------------------------------------------------------------------------------
[2023-06-07T06:33:15.480+0000] {taskinstance.py:1284} INFO - Starting attempt 1 of 6
[2023-06-07T06:33:15.482+0000] {taskinstance.py:1285} INFO - 
--------------------------------------------------------------------------------
[2023-06-07T06:33:15.536+0000] {taskinstance.py:1304} INFO - Executing <Task(PythonOperator): get_age> on 2021-12-20 00:00:00+00:00
[2023-06-07T06:33:15.562+0000] {standard_task_runner.py:55} INFO - Started process 1505 to run task
[2023-06-07T06:33:15.644+0000] {standard_task_runner.py:82} INFO - Running: ['***', 'tasks', 'run', 'our_dag_with_python_operator_v07', 'get_age', 'scheduled__2021-12-20T00:00:00+00:00', '--job-id', '1401', '--raw', '--subdir', 'DAGS_FOLDER/dag_python_opr.py', '--cfg-path', '/tmp/tmpkwb75rao']
[2023-06-07T06:33:15.654+0000] {standard_task_runner.py:83} INFO - Job 1401: Subtask get_age
[2023-06-07T06:33:16.354+0000] {task_command.py:389} INFO - Running <TaskInstance: our_dag_with_python_operator_v07.get_age scheduled__2021-12-20T00:00:00+00:00 [running]> on host 026ed797f3b3
[2023-06-07T06:33:16.890+0000] {taskinstance.py:1513} INFO - Exporting the following env vars:
AIRFLOW_CTX_DAG_OWNER=coder2j
AIRFLOW_CTX_DAG_ID=our_dag_with_python_operator_v07
AIRFLOW_CTX_TASK_ID=get_age
AIRFLOW_CTX_EXECUTION_DATE=2021-12-20T00:00:00+00:00
AIRFLOW_CTX_TRY_NUMBER=1
AIRFLOW_CTX_DAG_RUN_ID=scheduled__2021-12-20T00:00:00+00:00
[2023-06-07T06:33:16.984+0000] {python.py:177} INFO - Done. Returned value was: None
[2023-06-07T06:33:17.072+0000] {taskinstance.py:1327} INFO - Marking task as SUCCESS. dag_id=our_dag_with_python_operator_v07, task_id=get_age, execution_date=20211220T000000, start_date=20230607T063315, end_date=20230607T063317
[2023-06-07T06:33:17.288+0000] {local_task_job.py:159} INFO - Task exited with return code 0
[2023-06-07T06:33:17.597+0000] {taskinstance.py:2582} INFO - 0 downstream tasks scheduled from follow-on schedule check
