[2023-05-30T11:30:30.820+0000] {taskinstance.py:1087} INFO - Dependencies all met for <TaskInstance: our_first_dag_v5.thrid_task scheduled__2021-12-19T00:00:00+00:00 [queued]>
[2023-05-30T11:30:30.915+0000] {taskinstance.py:1087} INFO - Dependencies all met for <TaskInstance: our_first_dag_v5.thrid_task scheduled__2021-12-19T00:00:00+00:00 [queued]>
[2023-05-30T11:30:30.918+0000] {taskinstance.py:1283} INFO - 
--------------------------------------------------------------------------------
[2023-05-30T11:30:30.924+0000] {taskinstance.py:1284} INFO - Starting attempt 1 of 6
[2023-05-30T11:30:30.926+0000] {taskinstance.py:1285} INFO - 
--------------------------------------------------------------------------------
[2023-05-30T11:30:31.035+0000] {taskinstance.py:1304} INFO - Executing <Task(BashOperator): thrid_task> on 2021-12-19 00:00:00+00:00
[2023-05-30T11:30:31.059+0000] {standard_task_runner.py:55} INFO - Started process 3126 to run task
[2023-05-30T11:30:31.102+0000] {standard_task_runner.py:82} INFO - Running: ['***', 'tasks', 'run', 'our_first_dag_v5', 'thrid_task', 'scheduled__2021-12-19T00:00:00+00:00', '--job-id', '439', '--raw', '--subdir', 'DAGS_FOLDER/first_Dag.py', '--cfg-path', '/tmp/tmpgjb6pw8o']
[2023-05-30T11:30:31.143+0000] {standard_task_runner.py:83} INFO - Job 439: Subtask thrid_task
[2023-05-30T11:30:31.539+0000] {task_command.py:389} INFO - Running <TaskInstance: our_first_dag_v5.thrid_task scheduled__2021-12-19T00:00:00+00:00 [running]> on host 49219f98c96e
[2023-05-30T11:30:32.104+0000] {taskinstance.py:1513} INFO - Exporting the following env vars:
AIRFLOW_CTX_DAG_OWNER=coder2j
AIRFLOW_CTX_DAG_ID=our_first_dag_v5
AIRFLOW_CTX_TASK_ID=thrid_task
AIRFLOW_CTX_EXECUTION_DATE=2021-12-19T00:00:00+00:00
AIRFLOW_CTX_TRY_NUMBER=1
AIRFLOW_CTX_DAG_RUN_ID=scheduled__2021-12-19T00:00:00+00:00
[2023-05-30T11:30:32.111+0000] {subprocess.py:63} INFO - Tmp dir root location: 
 /tmp
[2023-05-30T11:30:32.114+0000] {subprocess.py:75} INFO - Running command: ['/bin/bash', '-c', 'echo hey, I am task3 and will be running after task1 at the same time as task2!']
[2023-05-30T11:30:32.252+0000] {subprocess.py:86} INFO - Output:
[2023-05-30T11:30:32.282+0000] {subprocess.py:93} INFO - hey, I am task3 and will be running after task1 at the same time as task2!
[2023-05-30T11:30:32.285+0000] {subprocess.py:97} INFO - Command exited with return code 0
[2023-05-30T11:30:32.444+0000] {taskinstance.py:1327} INFO - Marking task as SUCCESS. dag_id=our_first_dag_v5, task_id=thrid_task, execution_date=20211219T000000, start_date=20230530T113030, end_date=20230530T113032
[2023-05-30T11:30:32.563+0000] {local_task_job.py:159} INFO - Task exited with return code 0
[2023-05-30T11:30:32.658+0000] {taskinstance.py:2582} INFO - 0 downstream tasks scheduled from follow-on schedule check
[2023-06-07T06:36:54.467+0000] {taskinstance.py:1087} INFO - Dependencies all met for <TaskInstance: our_first_dag_v5.thrid_task scheduled__2021-12-19T00:00:00+00:00 [queued]>
[2023-06-07T06:36:54.601+0000] {taskinstance.py:1087} INFO - Dependencies all met for <TaskInstance: our_first_dag_v5.thrid_task scheduled__2021-12-19T00:00:00+00:00 [queued]>
[2023-06-07T06:36:54.621+0000] {taskinstance.py:1283} INFO - 
--------------------------------------------------------------------------------
[2023-06-07T06:36:54.627+0000] {taskinstance.py:1284} INFO - Starting attempt 1 of 6
[2023-06-07T06:36:54.629+0000] {taskinstance.py:1285} INFO - 
--------------------------------------------------------------------------------
[2023-06-07T06:36:55.070+0000] {taskinstance.py:1304} INFO - Executing <Task(BashOperator): thrid_task> on 2021-12-19 00:00:00+00:00
[2023-06-07T06:36:55.131+0000] {standard_task_runner.py:82} INFO - Running: ['***', 'tasks', 'run', 'our_first_dag_v5', 'thrid_task', 'scheduled__2021-12-19T00:00:00+00:00', '--job-id', '1882', '--raw', '--subdir', 'DAGS_FOLDER/first_Dag.py', '--cfg-path', '/tmp/tmp4vtwzwac']
[2023-06-07T06:36:55.136+0000] {standard_task_runner.py:83} INFO - Job 1882: Subtask thrid_task
[2023-06-07T06:36:55.091+0000] {standard_task_runner.py:55} INFO - Started process 2862 to run task
[2023-06-07T06:36:55.534+0000] {task_command.py:389} INFO - Running <TaskInstance: our_first_dag_v5.thrid_task scheduled__2021-12-19T00:00:00+00:00 [running]> on host 026ed797f3b3
[2023-06-07T06:36:56.418+0000] {taskinstance.py:1513} INFO - Exporting the following env vars:
AIRFLOW_CTX_DAG_OWNER=coder2j
AIRFLOW_CTX_DAG_ID=our_first_dag_v5
AIRFLOW_CTX_TASK_ID=thrid_task
AIRFLOW_CTX_EXECUTION_DATE=2021-12-19T00:00:00+00:00
AIRFLOW_CTX_TRY_NUMBER=1
AIRFLOW_CTX_DAG_RUN_ID=scheduled__2021-12-19T00:00:00+00:00
[2023-06-07T06:36:56.424+0000] {subprocess.py:63} INFO - Tmp dir root location: 
 /tmp
[2023-06-07T06:36:56.453+0000] {subprocess.py:75} INFO - Running command: ['/bin/bash', '-c', 'echo hey, I am task3 and will be running after task1 at the same time as task2!']
[2023-06-07T06:36:56.533+0000] {subprocess.py:86} INFO - Output:
[2023-06-07T06:36:56.538+0000] {subprocess.py:93} INFO - hey, I am task3 and will be running after task1 at the same time as task2!
[2023-06-07T06:36:56.550+0000] {subprocess.py:97} INFO - Command exited with return code 0
[2023-06-07T06:36:56.701+0000] {taskinstance.py:1327} INFO - Marking task as SUCCESS. dag_id=our_first_dag_v5, task_id=thrid_task, execution_date=20211219T000000, start_date=20230607T063654, end_date=20230607T063656
[2023-06-07T06:36:56.900+0000] {local_task_job.py:159} INFO - Task exited with return code 0
[2023-06-07T06:36:57.036+0000] {taskinstance.py:2582} INFO - 0 downstream tasks scheduled from follow-on schedule check
