[2023-05-30T11:30:55.141+0000] {taskinstance.py:1087} INFO - Dependencies all met for <TaskInstance: our_first_dag_v5.thrid_task scheduled__2022-01-12T00:00:00+00:00 [queued]>
[2023-05-30T11:30:55.203+0000] {taskinstance.py:1087} INFO - Dependencies all met for <TaskInstance: our_first_dag_v5.thrid_task scheduled__2022-01-12T00:00:00+00:00 [queued]>
[2023-05-30T11:30:55.207+0000] {taskinstance.py:1283} INFO - 
--------------------------------------------------------------------------------
[2023-05-30T11:30:55.210+0000] {taskinstance.py:1284} INFO - Starting attempt 1 of 6
[2023-05-30T11:30:55.213+0000] {taskinstance.py:1285} INFO - 
--------------------------------------------------------------------------------
[2023-05-30T11:30:55.318+0000] {taskinstance.py:1304} INFO - Executing <Task(BashOperator): thrid_task> on 2022-01-12 00:00:00+00:00
[2023-05-30T11:30:55.342+0000] {standard_task_runner.py:55} INFO - Started process 3367 to run task
[2023-05-30T11:30:55.358+0000] {standard_task_runner.py:82} INFO - Running: ['***', 'tasks', 'run', 'our_first_dag_v5', 'thrid_task', 'scheduled__2022-01-12T00:00:00+00:00', '--job-id', '512', '--raw', '--subdir', 'DAGS_FOLDER/first_Dag.py', '--cfg-path', '/tmp/tmpat0ax69s']
[2023-05-30T11:30:55.360+0000] {standard_task_runner.py:83} INFO - Job 512: Subtask thrid_task
[2023-05-30T11:30:55.683+0000] {task_command.py:389} INFO - Running <TaskInstance: our_first_dag_v5.thrid_task scheduled__2022-01-12T00:00:00+00:00 [running]> on host 49219f98c96e
[2023-05-30T11:30:55.968+0000] {taskinstance.py:1513} INFO - Exporting the following env vars:
AIRFLOW_CTX_DAG_OWNER=coder2j
AIRFLOW_CTX_DAG_ID=our_first_dag_v5
AIRFLOW_CTX_TASK_ID=thrid_task
AIRFLOW_CTX_EXECUTION_DATE=2022-01-12T00:00:00+00:00
AIRFLOW_CTX_TRY_NUMBER=1
AIRFLOW_CTX_DAG_RUN_ID=scheduled__2022-01-12T00:00:00+00:00
[2023-05-30T11:30:55.974+0000] {subprocess.py:63} INFO - Tmp dir root location: 
 /tmp
[2023-05-30T11:30:55.975+0000] {subprocess.py:75} INFO - Running command: ['/bin/bash', '-c', 'echo hey, I am task3 and will be running after task1 at the same time as task2!']
[2023-05-30T11:30:56.007+0000] {subprocess.py:86} INFO - Output:
[2023-05-30T11:30:56.020+0000] {subprocess.py:93} INFO - hey, I am task3 and will be running after task1 at the same time as task2!
[2023-05-30T11:30:56.023+0000] {subprocess.py:97} INFO - Command exited with return code 0
[2023-05-30T11:30:56.112+0000] {taskinstance.py:1327} INFO - Marking task as SUCCESS. dag_id=our_first_dag_v5, task_id=thrid_task, execution_date=20220112T000000, start_date=20230530T113055, end_date=20230530T113056
[2023-05-30T11:30:56.209+0000] {local_task_job.py:159} INFO - Task exited with return code 0
[2023-05-30T11:30:56.264+0000] {taskinstance.py:2582} INFO - 0 downstream tasks scheduled from follow-on schedule check
[2023-06-07T06:37:47.314+0000] {taskinstance.py:1087} INFO - Dependencies all met for <TaskInstance: our_first_dag_v5.thrid_task scheduled__2022-01-12T00:00:00+00:00 [queued]>
[2023-06-07T06:37:47.414+0000] {taskinstance.py:1087} INFO - Dependencies all met for <TaskInstance: our_first_dag_v5.thrid_task scheduled__2022-01-12T00:00:00+00:00 [queued]>
[2023-06-07T06:37:47.421+0000] {taskinstance.py:1283} INFO - 
--------------------------------------------------------------------------------
[2023-06-07T06:37:47.425+0000] {taskinstance.py:1284} INFO - Starting attempt 1 of 6
[2023-06-07T06:37:47.427+0000] {taskinstance.py:1285} INFO - 
--------------------------------------------------------------------------------
[2023-06-07T06:37:47.598+0000] {taskinstance.py:1304} INFO - Executing <Task(BashOperator): thrid_task> on 2022-01-12 00:00:00+00:00
[2023-06-07T06:37:47.640+0000] {standard_task_runner.py:55} INFO - Started process 3249 to run task
[2023-06-07T06:37:47.651+0000] {standard_task_runner.py:82} INFO - Running: ['***', 'tasks', 'run', 'our_first_dag_v5', 'thrid_task', 'scheduled__2022-01-12T00:00:00+00:00', '--job-id', '2026', '--raw', '--subdir', 'DAGS_FOLDER/first_Dag.py', '--cfg-path', '/tmp/tmpqnwv_wby']
[2023-06-07T06:37:47.664+0000] {standard_task_runner.py:83} INFO - Job 2026: Subtask thrid_task
[2023-06-07T06:37:48.327+0000] {task_command.py:389} INFO - Running <TaskInstance: our_first_dag_v5.thrid_task scheduled__2022-01-12T00:00:00+00:00 [running]> on host 026ed797f3b3
[2023-06-07T06:37:49.242+0000] {taskinstance.py:1513} INFO - Exporting the following env vars:
AIRFLOW_CTX_DAG_OWNER=coder2j
AIRFLOW_CTX_DAG_ID=our_first_dag_v5
AIRFLOW_CTX_TASK_ID=thrid_task
AIRFLOW_CTX_EXECUTION_DATE=2022-01-12T00:00:00+00:00
AIRFLOW_CTX_TRY_NUMBER=1
AIRFLOW_CTX_DAG_RUN_ID=scheduled__2022-01-12T00:00:00+00:00
[2023-06-07T06:37:49.249+0000] {subprocess.py:63} INFO - Tmp dir root location: 
 /tmp
[2023-06-07T06:37:49.252+0000] {subprocess.py:75} INFO - Running command: ['/bin/bash', '-c', 'echo hey, I am task3 and will be running after task1 at the same time as task2!']
[2023-06-07T06:37:49.430+0000] {subprocess.py:86} INFO - Output:
[2023-06-07T06:37:49.472+0000] {subprocess.py:93} INFO - hey, I am task3 and will be running after task1 at the same time as task2!
[2023-06-07T06:37:49.536+0000] {subprocess.py:97} INFO - Command exited with return code 0
[2023-06-07T06:37:49.728+0000] {taskinstance.py:1327} INFO - Marking task as SUCCESS. dag_id=our_first_dag_v5, task_id=thrid_task, execution_date=20220112T000000, start_date=20230607T063747, end_date=20230607T063749
[2023-06-07T06:37:50.023+0000] {local_task_job.py:159} INFO - Task exited with return code 0
[2023-06-07T06:37:50.394+0000] {taskinstance.py:2582} INFO - 0 downstream tasks scheduled from follow-on schedule check
