[2023-05-30T11:37:11.326+0000] {taskinstance.py:1087} INFO - Dependencies all met for <TaskInstance: our_dag_with_python_operator_v07.get_name scheduled__2021-11-24T00:00:00+00:00 [queued]>
[2023-05-30T11:37:11.383+0000] {taskinstance.py:1087} INFO - Dependencies all met for <TaskInstance: our_dag_with_python_operator_v07.get_name scheduled__2021-11-24T00:00:00+00:00 [queued]>
[2023-05-30T11:37:11.385+0000] {taskinstance.py:1283} INFO - 
--------------------------------------------------------------------------------
[2023-05-30T11:37:11.388+0000] {taskinstance.py:1284} INFO - Starting attempt 1 of 6
[2023-05-30T11:37:11.391+0000] {taskinstance.py:1285} INFO - 
--------------------------------------------------------------------------------
[2023-05-30T11:37:11.455+0000] {taskinstance.py:1304} INFO - Executing <Task(PythonOperator): get_name> on 2021-11-24 00:00:00+00:00
[2023-05-30T11:37:11.467+0000] {standard_task_runner.py:55} INFO - Started process 5832 to run task
[2023-05-30T11:37:11.476+0000] {standard_task_runner.py:82} INFO - Running: ['***', 'tasks', 'run', 'our_dag_with_python_operator_v07', 'get_name', 'scheduled__2021-11-24T00:00:00+00:00', '--job-id', '1263', '--raw', '--subdir', 'DAGS_FOLDER/dag_python_opr.py', '--cfg-path', '/tmp/tmpnppjop_r']
[2023-05-30T11:37:11.480+0000] {standard_task_runner.py:83} INFO - Job 1263: Subtask get_name
[2023-05-30T11:37:11.679+0000] {task_command.py:389} INFO - Running <TaskInstance: our_dag_with_python_operator_v07.get_name scheduled__2021-11-24T00:00:00+00:00 [running]> on host 49219f98c96e
[2023-05-30T11:37:11.968+0000] {taskinstance.py:1513} INFO - Exporting the following env vars:
AIRFLOW_CTX_DAG_OWNER=coder2j
AIRFLOW_CTX_DAG_ID=our_dag_with_python_operator_v07
AIRFLOW_CTX_TASK_ID=get_name
AIRFLOW_CTX_EXECUTION_DATE=2021-11-24T00:00:00+00:00
AIRFLOW_CTX_TRY_NUMBER=1
AIRFLOW_CTX_DAG_RUN_ID=scheduled__2021-11-24T00:00:00+00:00
[2023-05-30T11:37:12.088+0000] {python.py:177} INFO - Done. Returned value was: None
[2023-05-30T11:37:12.156+0000] {taskinstance.py:1327} INFO - Marking task as SUCCESS. dag_id=our_dag_with_python_operator_v07, task_id=get_name, execution_date=20211124T000000, start_date=20230530T113711, end_date=20230530T113712
[2023-05-30T11:37:12.320+0000] {local_task_job.py:159} INFO - Task exited with return code 0
[2023-05-30T11:37:12.440+0000] {taskinstance.py:2582} INFO - 1 downstream tasks scheduled from follow-on schedule check
[2023-06-07T06:32:30.756+0000] {taskinstance.py:1087} INFO - Dependencies all met for <TaskInstance: our_dag_with_python_operator_v07.get_name scheduled__2021-11-24T00:00:00+00:00 [queued]>
[2023-06-07T06:32:30.894+0000] {taskinstance.py:1087} INFO - Dependencies all met for <TaskInstance: our_dag_with_python_operator_v07.get_name scheduled__2021-11-24T00:00:00+00:00 [queued]>
[2023-06-07T06:32:30.903+0000] {taskinstance.py:1283} INFO - 
--------------------------------------------------------------------------------
[2023-06-07T06:32:30.916+0000] {taskinstance.py:1284} INFO - Starting attempt 1 of 6
[2023-06-07T06:32:30.922+0000] {taskinstance.py:1285} INFO - 
--------------------------------------------------------------------------------
[2023-06-07T06:32:31.321+0000] {taskinstance.py:1304} INFO - Executing <Task(PythonOperator): get_name> on 2021-11-24 00:00:00+00:00
[2023-06-07T06:32:31.391+0000] {standard_task_runner.py:55} INFO - Started process 1156 to run task
[2023-06-07T06:32:31.395+0000] {standard_task_runner.py:82} INFO - Running: ['***', 'tasks', 'run', 'our_dag_with_python_operator_v07', 'get_name', 'scheduled__2021-11-24T00:00:00+00:00', '--job-id', '1269', '--raw', '--subdir', 'DAGS_FOLDER/dag_python_opr.py', '--cfg-path', '/tmp/tmpmfp5tf2z']
[2023-06-07T06:32:31.402+0000] {standard_task_runner.py:83} INFO - Job 1269: Subtask get_name
[2023-06-07T06:32:32.321+0000] {task_command.py:389} INFO - Running <TaskInstance: our_dag_with_python_operator_v07.get_name scheduled__2021-11-24T00:00:00+00:00 [running]> on host 026ed797f3b3
[2023-06-07T06:32:33.249+0000] {taskinstance.py:1513} INFO - Exporting the following env vars:
AIRFLOW_CTX_DAG_OWNER=coder2j
AIRFLOW_CTX_DAG_ID=our_dag_with_python_operator_v07
AIRFLOW_CTX_TASK_ID=get_name
AIRFLOW_CTX_EXECUTION_DATE=2021-11-24T00:00:00+00:00
AIRFLOW_CTX_TRY_NUMBER=1
AIRFLOW_CTX_DAG_RUN_ID=scheduled__2021-11-24T00:00:00+00:00
[2023-06-07T06:32:33.566+0000] {python.py:177} INFO - Done. Returned value was: None
[2023-06-07T06:32:33.648+0000] {taskinstance.py:1327} INFO - Marking task as SUCCESS. dag_id=our_dag_with_python_operator_v07, task_id=get_name, execution_date=20211124T000000, start_date=20230607T063230, end_date=20230607T063233
[2023-06-07T06:32:33.823+0000] {local_task_job.py:159} INFO - Task exited with return code 0
[2023-06-07T06:32:34.024+0000] {taskinstance.py:2582} INFO - 1 downstream tasks scheduled from follow-on schedule check
