[2023-05-30T11:37:43.739+0000] {taskinstance.py:1087} INFO - Dependencies all met for <TaskInstance: our_dag_with_python_operator_v07.get_name scheduled__2021-12-26T00:00:00+00:00 [queued]>
[2023-05-30T11:37:43.771+0000] {taskinstance.py:1087} INFO - Dependencies all met for <TaskInstance: our_dag_with_python_operator_v07.get_name scheduled__2021-12-26T00:00:00+00:00 [queued]>
[2023-05-30T11:37:43.773+0000] {taskinstance.py:1283} INFO - 
--------------------------------------------------------------------------------
[2023-05-30T11:37:43.778+0000] {taskinstance.py:1284} INFO - Starting attempt 1 of 6
[2023-05-30T11:37:43.779+0000] {taskinstance.py:1285} INFO - 
--------------------------------------------------------------------------------
[2023-05-30T11:37:43.836+0000] {taskinstance.py:1304} INFO - Executing <Task(PythonOperator): get_name> on 2021-12-26 00:00:00+00:00
[2023-05-30T11:37:43.860+0000] {standard_task_runner.py:55} INFO - Started process 6050 to run task
[2023-05-30T11:37:43.870+0000] {standard_task_runner.py:82} INFO - Running: ['***', 'tasks', 'run', 'our_dag_with_python_operator_v07', 'get_name', 'scheduled__2021-12-26T00:00:00+00:00', '--job-id', '1356', '--raw', '--subdir', 'DAGS_FOLDER/dag_python_opr.py', '--cfg-path', '/tmp/tmpu15s_uxc']
[2023-05-30T11:37:43.876+0000] {standard_task_runner.py:83} INFO - Job 1356: Subtask get_name
[2023-05-30T11:37:44.141+0000] {task_command.py:389} INFO - Running <TaskInstance: our_dag_with_python_operator_v07.get_name scheduled__2021-12-26T00:00:00+00:00 [running]> on host 49219f98c96e
[2023-05-30T11:37:44.474+0000] {taskinstance.py:1513} INFO - Exporting the following env vars:
AIRFLOW_CTX_DAG_OWNER=coder2j
AIRFLOW_CTX_DAG_ID=our_dag_with_python_operator_v07
AIRFLOW_CTX_TASK_ID=get_name
AIRFLOW_CTX_EXECUTION_DATE=2021-12-26T00:00:00+00:00
AIRFLOW_CTX_TRY_NUMBER=1
AIRFLOW_CTX_DAG_RUN_ID=scheduled__2021-12-26T00:00:00+00:00
[2023-05-30T11:37:44.549+0000] {python.py:177} INFO - Done. Returned value was: None
[2023-05-30T11:37:44.600+0000] {taskinstance.py:1327} INFO - Marking task as SUCCESS. dag_id=our_dag_with_python_operator_v07, task_id=get_name, execution_date=20211226T000000, start_date=20230530T113743, end_date=20230530T113744
[2023-05-30T11:37:44.672+0000] {local_task_job.py:159} INFO - Task exited with return code 0
[2023-05-30T11:37:44.743+0000] {taskinstance.py:2582} INFO - 0 downstream tasks scheduled from follow-on schedule check
[2023-06-07T06:33:34.933+0000] {taskinstance.py:1087} INFO - Dependencies all met for <TaskInstance: our_dag_with_python_operator_v07.get_name scheduled__2021-12-26T00:00:00+00:00 [queued]>
[2023-06-07T06:33:35.005+0000] {taskinstance.py:1087} INFO - Dependencies all met for <TaskInstance: our_dag_with_python_operator_v07.get_name scheduled__2021-12-26T00:00:00+00:00 [queued]>
[2023-06-07T06:33:35.007+0000] {taskinstance.py:1283} INFO - 
--------------------------------------------------------------------------------
[2023-06-07T06:33:35.008+0000] {taskinstance.py:1284} INFO - Starting attempt 1 of 6
[2023-06-07T06:33:35.010+0000] {taskinstance.py:1285} INFO - 
--------------------------------------------------------------------------------
[2023-06-07T06:33:35.088+0000] {taskinstance.py:1304} INFO - Executing <Task(PythonOperator): get_name> on 2021-12-26 00:00:00+00:00
[2023-06-07T06:33:35.125+0000] {standard_task_runner.py:55} INFO - Started process 1644 to run task
[2023-06-07T06:33:35.166+0000] {standard_task_runner.py:82} INFO - Running: ['***', 'tasks', 'run', 'our_dag_with_python_operator_v07', 'get_name', 'scheduled__2021-12-26T00:00:00+00:00', '--job-id', '1451', '--raw', '--subdir', 'DAGS_FOLDER/dag_python_opr.py', '--cfg-path', '/tmp/tmpgy04pn3d']
[2023-06-07T06:33:35.176+0000] {standard_task_runner.py:83} INFO - Job 1451: Subtask get_name
[2023-06-07T06:33:35.472+0000] {task_command.py:389} INFO - Running <TaskInstance: our_dag_with_python_operator_v07.get_name scheduled__2021-12-26T00:00:00+00:00 [running]> on host 026ed797f3b3
[2023-06-07T06:33:35.869+0000] {taskinstance.py:1513} INFO - Exporting the following env vars:
AIRFLOW_CTX_DAG_OWNER=coder2j
AIRFLOW_CTX_DAG_ID=our_dag_with_python_operator_v07
AIRFLOW_CTX_TASK_ID=get_name
AIRFLOW_CTX_EXECUTION_DATE=2021-12-26T00:00:00+00:00
AIRFLOW_CTX_TRY_NUMBER=1
AIRFLOW_CTX_DAG_RUN_ID=scheduled__2021-12-26T00:00:00+00:00
[2023-06-07T06:33:35.967+0000] {python.py:177} INFO - Done. Returned value was: None
[2023-06-07T06:33:36.031+0000] {taskinstance.py:1327} INFO - Marking task as SUCCESS. dag_id=our_dag_with_python_operator_v07, task_id=get_name, execution_date=20211226T000000, start_date=20230607T063334, end_date=20230607T063336
[2023-06-07T06:33:36.176+0000] {local_task_job.py:159} INFO - Task exited with return code 0
[2023-06-07T06:33:36.374+0000] {taskinstance.py:2582} INFO - 0 downstream tasks scheduled from follow-on schedule check
