[2023-05-30T11:37:13.373+0000] {taskinstance.py:1087} INFO - Dependencies all met for <TaskInstance: our_dag_with_python_operator_v07.greet scheduled__2021-11-23T00:00:00+00:00 [queued]>
[2023-05-30T11:37:13.483+0000] {taskinstance.py:1087} INFO - Dependencies all met for <TaskInstance: our_dag_with_python_operator_v07.greet scheduled__2021-11-23T00:00:00+00:00 [queued]>
[2023-05-30T11:37:13.490+0000] {taskinstance.py:1283} INFO - 
--------------------------------------------------------------------------------
[2023-05-30T11:37:13.493+0000] {taskinstance.py:1284} INFO - Starting attempt 1 of 6
[2023-05-30T11:37:13.504+0000] {taskinstance.py:1285} INFO - 
--------------------------------------------------------------------------------
[2023-05-30T11:37:13.694+0000] {taskinstance.py:1304} INFO - Executing <Task(PythonOperator): greet> on 2021-11-23 00:00:00+00:00
[2023-05-30T11:37:13.799+0000] {standard_task_runner.py:55} INFO - Started process 5845 to run task
[2023-05-30T11:37:13.842+0000] {standard_task_runner.py:82} INFO - Running: ['***', 'tasks', 'run', 'our_dag_with_python_operator_v07', 'greet', 'scheduled__2021-11-23T00:00:00+00:00', '--job-id', '1268', '--raw', '--subdir', 'DAGS_FOLDER/dag_python_opr.py', '--cfg-path', '/tmp/tmph3xgkdux']
[2023-05-30T11:37:13.866+0000] {standard_task_runner.py:83} INFO - Job 1268: Subtask greet
[2023-05-30T11:37:14.408+0000] {task_command.py:389} INFO - Running <TaskInstance: our_dag_with_python_operator_v07.greet scheduled__2021-11-23T00:00:00+00:00 [running]> on host 49219f98c96e
[2023-05-30T11:37:14.786+0000] {taskinstance.py:1513} INFO - Exporting the following env vars:
AIRFLOW_CTX_DAG_OWNER=coder2j
AIRFLOW_CTX_DAG_ID=our_dag_with_python_operator_v07
AIRFLOW_CTX_TASK_ID=greet
AIRFLOW_CTX_EXECUTION_DATE=2021-11-23T00:00:00+00:00
AIRFLOW_CTX_TRY_NUMBER=1
AIRFLOW_CTX_DAG_RUN_ID=scheduled__2021-11-23T00:00:00+00:00
[2023-05-30T11:37:14.791+0000] {logging_mixin.py:137} INFO - some dict:  {'a': 1, 'b': 2}
[2023-05-30T11:37:14.884+0000] {logging_mixin.py:137} INFO - Hello World! My name is Jerry Fridman, and I am 19 years old!
[2023-05-30T11:37:14.889+0000] {python.py:177} INFO - Done. Returned value was: None
[2023-05-30T11:37:14.921+0000] {taskinstance.py:1327} INFO - Marking task as SUCCESS. dag_id=our_dag_with_python_operator_v07, task_id=greet, execution_date=20211123T000000, start_date=20230530T113713, end_date=20230530T113714
[2023-05-30T11:37:15.034+0000] {local_task_job.py:159} INFO - Task exited with return code 0
[2023-05-30T11:37:15.090+0000] {taskinstance.py:2582} INFO - 0 downstream tasks scheduled from follow-on schedule check
[2023-06-07T06:32:37.338+0000] {taskinstance.py:1087} INFO - Dependencies all met for <TaskInstance: our_dag_with_python_operator_v07.greet scheduled__2021-11-23T00:00:00+00:00 [queued]>
[2023-06-07T06:32:37.409+0000] {taskinstance.py:1087} INFO - Dependencies all met for <TaskInstance: our_dag_with_python_operator_v07.greet scheduled__2021-11-23T00:00:00+00:00 [queued]>
[2023-06-07T06:32:37.413+0000] {taskinstance.py:1283} INFO - 
--------------------------------------------------------------------------------
[2023-06-07T06:32:37.415+0000] {taskinstance.py:1284} INFO - Starting attempt 1 of 6
[2023-06-07T06:32:37.417+0000] {taskinstance.py:1285} INFO - 
--------------------------------------------------------------------------------
[2023-06-07T06:32:37.511+0000] {taskinstance.py:1304} INFO - Executing <Task(PythonOperator): greet> on 2021-11-23 00:00:00+00:00
[2023-06-07T06:32:37.562+0000] {standard_task_runner.py:55} INFO - Started process 1188 to run task
[2023-06-07T06:32:37.586+0000] {standard_task_runner.py:82} INFO - Running: ['***', 'tasks', 'run', 'our_dag_with_python_operator_v07', 'greet', 'scheduled__2021-11-23T00:00:00+00:00', '--job-id', '1282', '--raw', '--subdir', 'DAGS_FOLDER/dag_python_opr.py', '--cfg-path', '/tmp/tmplbhjkikn']
[2023-06-07T06:32:37.595+0000] {standard_task_runner.py:83} INFO - Job 1282: Subtask greet
[2023-06-07T06:32:38.288+0000] {task_command.py:389} INFO - Running <TaskInstance: our_dag_with_python_operator_v07.greet scheduled__2021-11-23T00:00:00+00:00 [running]> on host 026ed797f3b3
[2023-06-07T06:32:39.108+0000] {taskinstance.py:1513} INFO - Exporting the following env vars:
AIRFLOW_CTX_DAG_OWNER=coder2j
AIRFLOW_CTX_DAG_ID=our_dag_with_python_operator_v07
AIRFLOW_CTX_TASK_ID=greet
AIRFLOW_CTX_EXECUTION_DATE=2021-11-23T00:00:00+00:00
AIRFLOW_CTX_TRY_NUMBER=1
AIRFLOW_CTX_DAG_RUN_ID=scheduled__2021-11-23T00:00:00+00:00
[2023-06-07T06:32:39.114+0000] {logging_mixin.py:137} INFO - some dict:  {'a': 1, 'b': 2}
[2023-06-07T06:32:39.257+0000] {logging_mixin.py:137} INFO - Hello World! My name is Jerry Fridman, and I am 19 years old!
[2023-06-07T06:32:39.262+0000] {python.py:177} INFO - Done. Returned value was: None
[2023-06-07T06:32:39.304+0000] {taskinstance.py:1327} INFO - Marking task as SUCCESS. dag_id=our_dag_with_python_operator_v07, task_id=greet, execution_date=20211123T000000, start_date=20230607T063237, end_date=20230607T063239
[2023-06-07T06:32:39.404+0000] {local_task_job.py:159} INFO - Task exited with return code 0
[2023-06-07T06:32:39.485+0000] {taskinstance.py:2582} INFO - 0 downstream tasks scheduled from follow-on schedule check
