[2023-05-30T12:34:28.009+0000] {taskinstance.py:1087} INFO - Dependencies all met for <TaskInstance: our_dag_with_python_operator_v07.get_age scheduled__2022-06-06T00:00:00+00:00 [queued]>
[2023-05-30T12:34:28.036+0000] {taskinstance.py:1087} INFO - Dependencies all met for <TaskInstance: our_dag_with_python_operator_v07.get_age scheduled__2022-06-06T00:00:00+00:00 [queued]>
[2023-05-30T12:34:28.040+0000] {taskinstance.py:1283} INFO - 
--------------------------------------------------------------------------------
[2023-05-30T12:34:28.043+0000] {taskinstance.py:1284} INFO - Starting attempt 1 of 6
[2023-05-30T12:34:28.044+0000] {taskinstance.py:1285} INFO - 
--------------------------------------------------------------------------------
[2023-05-30T12:34:28.141+0000] {taskinstance.py:1304} INFO - Executing <Task(PythonOperator): get_age> on 2022-06-06 00:00:00+00:00
[2023-05-30T12:34:28.153+0000] {standard_task_runner.py:55} INFO - Started process 10867 to run task
[2023-05-30T12:34:28.168+0000] {standard_task_runner.py:82} INFO - Running: ['***', 'tasks', 'run', 'our_dag_with_python_operator_v07', 'get_age', 'scheduled__2022-06-06T00:00:00+00:00', '--job-id', '1846', '--raw', '--subdir', 'DAGS_FOLDER/dag_python_opr.py', '--cfg-path', '/tmp/tmpbqksp4fu']
[2023-05-30T12:34:28.179+0000] {standard_task_runner.py:83} INFO - Job 1846: Subtask get_age
[2023-05-30T12:34:28.381+0000] {task_command.py:389} INFO - Running <TaskInstance: our_dag_with_python_operator_v07.get_age scheduled__2022-06-06T00:00:00+00:00 [running]> on host 49219f98c96e
[2023-05-30T12:34:28.694+0000] {taskinstance.py:1513} INFO - Exporting the following env vars:
AIRFLOW_CTX_DAG_OWNER=coder2j
AIRFLOW_CTX_DAG_ID=our_dag_with_python_operator_v07
AIRFLOW_CTX_TASK_ID=get_age
AIRFLOW_CTX_EXECUTION_DATE=2022-06-06T00:00:00+00:00
AIRFLOW_CTX_TRY_NUMBER=1
AIRFLOW_CTX_DAG_RUN_ID=scheduled__2022-06-06T00:00:00+00:00
[2023-05-30T12:34:28.736+0000] {python.py:177} INFO - Done. Returned value was: None
[2023-05-30T12:34:28.790+0000] {taskinstance.py:1327} INFO - Marking task as SUCCESS. dag_id=our_dag_with_python_operator_v07, task_id=get_age, execution_date=20220606T000000, start_date=20230530T123428, end_date=20230530T123428
[2023-05-30T12:34:28.878+0000] {local_task_job.py:159} INFO - Task exited with return code 0
[2023-05-30T12:34:28.995+0000] {taskinstance.py:2582} INFO - 0 downstream tasks scheduled from follow-on schedule check
[2023-06-07T06:40:25.107+0000] {taskinstance.py:1087} INFO - Dependencies all met for <TaskInstance: our_dag_with_python_operator_v07.get_age scheduled__2022-06-06T00:00:00+00:00 [queued]>
[2023-06-07T06:40:25.331+0000] {taskinstance.py:1087} INFO - Dependencies all met for <TaskInstance: our_dag_with_python_operator_v07.get_age scheduled__2022-06-06T00:00:00+00:00 [queued]>
[2023-06-07T06:40:25.337+0000] {taskinstance.py:1283} INFO - 
--------------------------------------------------------------------------------
[2023-06-07T06:40:25.339+0000] {taskinstance.py:1284} INFO - Starting attempt 1 of 6
[2023-06-07T06:40:25.343+0000] {taskinstance.py:1285} INFO - 
--------------------------------------------------------------------------------
[2023-06-07T06:40:25.610+0000] {taskinstance.py:1304} INFO - Executing <Task(PythonOperator): get_age> on 2022-06-06 00:00:00+00:00
[2023-06-07T06:40:25.649+0000] {standard_task_runner.py:55} INFO - Started process 4268 to run task
[2023-06-07T06:40:25.710+0000] {standard_task_runner.py:82} INFO - Running: ['***', 'tasks', 'run', 'our_dag_with_python_operator_v07', 'get_age', 'scheduled__2022-06-06T00:00:00+00:00', '--job-id', '2392', '--raw', '--subdir', 'DAGS_FOLDER/dag_python_opr.py', '--cfg-path', '/tmp/tmpyt31e_da']
[2023-06-07T06:40:25.714+0000] {standard_task_runner.py:83} INFO - Job 2392: Subtask get_age
[2023-06-07T06:40:26.555+0000] {task_command.py:389} INFO - Running <TaskInstance: our_dag_with_python_operator_v07.get_age scheduled__2022-06-06T00:00:00+00:00 [running]> on host 026ed797f3b3
[2023-06-07T06:40:27.501+0000] {taskinstance.py:1513} INFO - Exporting the following env vars:
AIRFLOW_CTX_DAG_OWNER=coder2j
AIRFLOW_CTX_DAG_ID=our_dag_with_python_operator_v07
AIRFLOW_CTX_TASK_ID=get_age
AIRFLOW_CTX_EXECUTION_DATE=2022-06-06T00:00:00+00:00
AIRFLOW_CTX_TRY_NUMBER=1
AIRFLOW_CTX_DAG_RUN_ID=scheduled__2022-06-06T00:00:00+00:00
[2023-06-07T06:40:27.602+0000] {python.py:177} INFO - Done. Returned value was: None
[2023-06-07T06:40:27.691+0000] {taskinstance.py:1327} INFO - Marking task as SUCCESS. dag_id=our_dag_with_python_operator_v07, task_id=get_age, execution_date=20220606T000000, start_date=20230607T064025, end_date=20230607T064027
[2023-06-07T06:40:27.832+0000] {local_task_job.py:159} INFO - Task exited with return code 0
[2023-06-07T06:40:28.161+0000] {taskinstance.py:2582} INFO - 0 downstream tasks scheduled from follow-on schedule check
