[2023-05-30T11:30:25.250+0000] {taskinstance.py:1087} INFO - Dependencies all met for <TaskInstance: our_first_dag_v5.thrid_task scheduled__2021-12-15T00:00:00+00:00 [queued]>
[2023-05-30T11:30:25.270+0000] {taskinstance.py:1087} INFO - Dependencies all met for <TaskInstance: our_first_dag_v5.thrid_task scheduled__2021-12-15T00:00:00+00:00 [queued]>
[2023-05-30T11:30:25.272+0000] {taskinstance.py:1283} INFO - 
--------------------------------------------------------------------------------
[2023-05-30T11:30:25.273+0000] {taskinstance.py:1284} INFO - Starting attempt 1 of 6
[2023-05-30T11:30:25.274+0000] {taskinstance.py:1285} INFO - 
--------------------------------------------------------------------------------
[2023-05-30T11:30:25.310+0000] {taskinstance.py:1304} INFO - Executing <Task(BashOperator): thrid_task> on 2021-12-15 00:00:00+00:00
[2023-05-30T11:30:25.319+0000] {standard_task_runner.py:55} INFO - Started process 3070 to run task
[2023-05-30T11:30:25.325+0000] {standard_task_runner.py:82} INFO - Running: ['***', 'tasks', 'run', 'our_first_dag_v5', 'thrid_task', 'scheduled__2021-12-15T00:00:00+00:00', '--job-id', '426', '--raw', '--subdir', 'DAGS_FOLDER/first_Dag.py', '--cfg-path', '/tmp/tmp4dxeomh1']
[2023-05-30T11:30:25.328+0000] {standard_task_runner.py:83} INFO - Job 426: Subtask thrid_task
[2023-05-30T11:30:25.495+0000] {task_command.py:389} INFO - Running <TaskInstance: our_first_dag_v5.thrid_task scheduled__2021-12-15T00:00:00+00:00 [running]> on host 49219f98c96e
[2023-05-30T11:30:25.648+0000] {taskinstance.py:1513} INFO - Exporting the following env vars:
AIRFLOW_CTX_DAG_OWNER=coder2j
AIRFLOW_CTX_DAG_ID=our_first_dag_v5
AIRFLOW_CTX_TASK_ID=thrid_task
AIRFLOW_CTX_EXECUTION_DATE=2021-12-15T00:00:00+00:00
AIRFLOW_CTX_TRY_NUMBER=1
AIRFLOW_CTX_DAG_RUN_ID=scheduled__2021-12-15T00:00:00+00:00
[2023-05-30T11:30:25.651+0000] {subprocess.py:63} INFO - Tmp dir root location: 
 /tmp
[2023-05-30T11:30:25.653+0000] {subprocess.py:75} INFO - Running command: ['/bin/bash', '-c', 'echo hey, I am task3 and will be running after task1 at the same time as task2!']
[2023-05-30T11:30:25.692+0000] {subprocess.py:86} INFO - Output:
[2023-05-30T11:30:25.699+0000] {subprocess.py:93} INFO - hey, I am task3 and will be running after task1 at the same time as task2!
[2023-05-30T11:30:25.704+0000] {subprocess.py:97} INFO - Command exited with return code 0
[2023-05-30T11:30:25.754+0000] {taskinstance.py:1327} INFO - Marking task as SUCCESS. dag_id=our_first_dag_v5, task_id=thrid_task, execution_date=20211215T000000, start_date=20230530T113025, end_date=20230530T113025
[2023-05-30T11:30:25.821+0000] {local_task_job.py:159} INFO - Task exited with return code 0
[2023-05-30T11:30:25.863+0000] {taskinstance.py:2582} INFO - 0 downstream tasks scheduled from follow-on schedule check
[2023-06-07T06:36:20.215+0000] {taskinstance.py:1087} INFO - Dependencies all met for <TaskInstance: our_first_dag_v5.thrid_task scheduled__2021-12-15T00:00:00+00:00 [queued]>
[2023-06-07T06:36:20.319+0000] {taskinstance.py:1087} INFO - Dependencies all met for <TaskInstance: our_first_dag_v5.thrid_task scheduled__2021-12-15T00:00:00+00:00 [queued]>
[2023-06-07T06:36:20.323+0000] {taskinstance.py:1283} INFO - 
--------------------------------------------------------------------------------
[2023-06-07T06:36:20.325+0000] {taskinstance.py:1284} INFO - Starting attempt 1 of 6
[2023-06-07T06:36:20.330+0000] {taskinstance.py:1285} INFO - 
--------------------------------------------------------------------------------
[2023-06-07T06:36:20.592+0000] {taskinstance.py:1304} INFO - Executing <Task(BashOperator): thrid_task> on 2021-12-15 00:00:00+00:00
[2023-06-07T06:36:20.654+0000] {standard_task_runner.py:55} INFO - Started process 2710 to run task
[2023-06-07T06:36:20.700+0000] {standard_task_runner.py:82} INFO - Running: ['***', 'tasks', 'run', 'our_first_dag_v5', 'thrid_task', 'scheduled__2021-12-15T00:00:00+00:00', '--job-id', '1833', '--raw', '--subdir', 'DAGS_FOLDER/first_Dag.py', '--cfg-path', '/tmp/tmpgb9y18gy']
[2023-06-07T06:36:20.714+0000] {standard_task_runner.py:83} INFO - Job 1833: Subtask thrid_task
[2023-06-07T06:36:21.817+0000] {task_command.py:389} INFO - Running <TaskInstance: our_first_dag_v5.thrid_task scheduled__2021-12-15T00:00:00+00:00 [running]> on host 026ed797f3b3
[2023-06-07T06:36:22.544+0000] {taskinstance.py:1513} INFO - Exporting the following env vars:
AIRFLOW_CTX_DAG_OWNER=coder2j
AIRFLOW_CTX_DAG_ID=our_first_dag_v5
AIRFLOW_CTX_TASK_ID=thrid_task
AIRFLOW_CTX_EXECUTION_DATE=2021-12-15T00:00:00+00:00
AIRFLOW_CTX_TRY_NUMBER=1
AIRFLOW_CTX_DAG_RUN_ID=scheduled__2021-12-15T00:00:00+00:00
[2023-06-07T06:36:22.550+0000] {subprocess.py:63} INFO - Tmp dir root location: 
 /tmp
[2023-06-07T06:36:22.562+0000] {subprocess.py:75} INFO - Running command: ['/bin/bash', '-c', 'echo hey, I am task3 and will be running after task1 at the same time as task2!']
[2023-06-07T06:36:22.698+0000] {subprocess.py:86} INFO - Output:
[2023-06-07T06:36:22.710+0000] {subprocess.py:93} INFO - hey, I am task3 and will be running after task1 at the same time as task2!
[2023-06-07T06:36:22.723+0000] {subprocess.py:97} INFO - Command exited with return code 0
[2023-06-07T06:36:22.852+0000] {taskinstance.py:1327} INFO - Marking task as SUCCESS. dag_id=our_first_dag_v5, task_id=thrid_task, execution_date=20211215T000000, start_date=20230607T063620, end_date=20230607T063622
[2023-06-07T06:36:23.092+0000] {local_task_job.py:159} INFO - Task exited with return code 0
[2023-06-07T06:36:23.553+0000] {taskinstance.py:2582} INFO - 0 downstream tasks scheduled from follow-on schedule check
