[2023-05-30T11:28:06.324+0000] {taskinstance.py:1087} INFO - Dependencies all met for <TaskInstance: our_first_dag_v5.second_task scheduled__2021-08-09T00:00:00+00:00 [queued]>
[2023-05-30T11:28:06.365+0000] {taskinstance.py:1087} INFO - Dependencies all met for <TaskInstance: our_first_dag_v5.second_task scheduled__2021-08-09T00:00:00+00:00 [queued]>
[2023-05-30T11:28:06.369+0000] {taskinstance.py:1283} INFO - 
--------------------------------------------------------------------------------
[2023-05-30T11:28:06.371+0000] {taskinstance.py:1284} INFO - Starting attempt 1 of 6
[2023-05-30T11:28:06.377+0000] {taskinstance.py:1285} INFO - 
--------------------------------------------------------------------------------
[2023-05-30T11:28:06.427+0000] {taskinstance.py:1304} INFO - Executing <Task(BashOperator): second_task> on 2021-08-09 00:00:00+00:00
[2023-05-30T11:28:06.461+0000] {standard_task_runner.py:55} INFO - Started process 1769 to run task
[2023-05-30T11:28:06.467+0000] {standard_task_runner.py:82} INFO - Running: ['***', 'tasks', 'run', 'our_first_dag_v5', 'second_task', 'scheduled__2021-08-09T00:00:00+00:00', '--job-id', '38', '--raw', '--subdir', 'DAGS_FOLDER/first_Dag.py', '--cfg-path', '/tmp/tmpy2en7whh']
[2023-05-30T11:28:06.472+0000] {standard_task_runner.py:83} INFO - Job 38: Subtask second_task
[2023-05-30T11:28:06.657+0000] {task_command.py:389} INFO - Running <TaskInstance: our_first_dag_v5.second_task scheduled__2021-08-09T00:00:00+00:00 [running]> on host 49219f98c96e
[2023-05-30T11:28:06.860+0000] {taskinstance.py:1513} INFO - Exporting the following env vars:
AIRFLOW_CTX_DAG_OWNER=coder2j
AIRFLOW_CTX_DAG_ID=our_first_dag_v5
AIRFLOW_CTX_TASK_ID=second_task
AIRFLOW_CTX_EXECUTION_DATE=2021-08-09T00:00:00+00:00
AIRFLOW_CTX_TRY_NUMBER=1
AIRFLOW_CTX_DAG_RUN_ID=scheduled__2021-08-09T00:00:00+00:00
[2023-05-30T11:28:06.866+0000] {subprocess.py:63} INFO - Tmp dir root location: 
 /tmp
[2023-05-30T11:28:06.873+0000] {subprocess.py:75} INFO - Running command: ['/bin/bash', '-c', 'echo hey, I am task2 and will be running after task1!']
[2023-05-30T11:28:06.909+0000] {subprocess.py:86} INFO - Output:
[2023-05-30T11:28:06.914+0000] {subprocess.py:93} INFO - hey, I am task2 and will be running after task1!
[2023-05-30T11:28:06.917+0000] {subprocess.py:97} INFO - Command exited with return code 0
[2023-05-30T11:28:06.967+0000] {taskinstance.py:1327} INFO - Marking task as SUCCESS. dag_id=our_first_dag_v5, task_id=second_task, execution_date=20210809T000000, start_date=20230530T112806, end_date=20230530T112806
[2023-05-30T11:28:07.018+0000] {local_task_job.py:159} INFO - Task exited with return code 0
[2023-05-30T11:28:07.051+0000] {taskinstance.py:2582} INFO - 0 downstream tasks scheduled from follow-on schedule check
[2023-06-07T06:31:12.451+0000] {taskinstance.py:1087} INFO - Dependencies all met for <TaskInstance: our_first_dag_v5.second_task scheduled__2021-08-09T00:00:00+00:00 [queued]>
[2023-06-07T06:31:12.575+0000] {taskinstance.py:1087} INFO - Dependencies all met for <TaskInstance: our_first_dag_v5.second_task scheduled__2021-08-09T00:00:00+00:00 [queued]>
[2023-06-07T06:31:12.578+0000] {taskinstance.py:1283} INFO - 
--------------------------------------------------------------------------------
[2023-06-07T06:31:12.579+0000] {taskinstance.py:1284} INFO - Starting attempt 1 of 6
[2023-06-07T06:31:12.581+0000] {taskinstance.py:1285} INFO - 
--------------------------------------------------------------------------------
[2023-06-07T06:31:12.702+0000] {taskinstance.py:1304} INFO - Executing <Task(BashOperator): second_task> on 2021-08-09 00:00:00+00:00
[2023-06-07T06:31:12.713+0000] {standard_task_runner.py:55} INFO - Started process 541 to run task
[2023-06-07T06:31:12.737+0000] {standard_task_runner.py:82} INFO - Running: ['***', 'tasks', 'run', 'our_first_dag_v5', 'second_task', 'scheduled__2021-08-09T00:00:00+00:00', '--job-id', '1045', '--raw', '--subdir', 'DAGS_FOLDER/first_Dag.py', '--cfg-path', '/tmp/tmpdpdmbjgf']
[2023-06-07T06:31:12.740+0000] {standard_task_runner.py:83} INFO - Job 1045: Subtask second_task
[2023-06-07T06:31:13.367+0000] {task_command.py:389} INFO - Running <TaskInstance: our_first_dag_v5.second_task scheduled__2021-08-09T00:00:00+00:00 [running]> on host 026ed797f3b3
[2023-06-07T06:31:14.112+0000] {taskinstance.py:1513} INFO - Exporting the following env vars:
AIRFLOW_CTX_DAG_OWNER=coder2j
AIRFLOW_CTX_DAG_ID=our_first_dag_v5
AIRFLOW_CTX_TASK_ID=second_task
AIRFLOW_CTX_EXECUTION_DATE=2021-08-09T00:00:00+00:00
AIRFLOW_CTX_TRY_NUMBER=1
AIRFLOW_CTX_DAG_RUN_ID=scheduled__2021-08-09T00:00:00+00:00
[2023-06-07T06:31:14.120+0000] {subprocess.py:63} INFO - Tmp dir root location: 
 /tmp
[2023-06-07T06:31:14.129+0000] {subprocess.py:75} INFO - Running command: ['/bin/bash', '-c', 'echo hey, I am task2 and will be running after task1!']
[2023-06-07T06:31:14.232+0000] {subprocess.py:86} INFO - Output:
[2023-06-07T06:31:14.246+0000] {subprocess.py:93} INFO - hey, I am task2 and will be running after task1!
[2023-06-07T06:31:14.255+0000] {subprocess.py:97} INFO - Command exited with return code 0
[2023-06-07T06:31:14.322+0000] {taskinstance.py:1327} INFO - Marking task as SUCCESS. dag_id=our_first_dag_v5, task_id=second_task, execution_date=20210809T000000, start_date=20230607T063112, end_date=20230607T063114
[2023-06-07T06:31:14.388+0000] {local_task_job.py:159} INFO - Task exited with return code 0
[2023-06-07T06:31:14.447+0000] {taskinstance.py:2582} INFO - 0 downstream tasks scheduled from follow-on schedule check
