[2023-05-30T11:37:24.799+0000] {taskinstance.py:1087} INFO - Dependencies all met for <TaskInstance: our_dag_with_python_operator_v07.greet scheduled__2021-12-03T00:00:00+00:00 [queued]>
[2023-05-30T11:37:24.889+0000] {taskinstance.py:1087} INFO - Dependencies all met for <TaskInstance: our_dag_with_python_operator_v07.greet scheduled__2021-12-03T00:00:00+00:00 [queued]>
[2023-05-30T11:37:24.893+0000] {taskinstance.py:1283} INFO - 
--------------------------------------------------------------------------------
[2023-05-30T11:37:24.895+0000] {taskinstance.py:1284} INFO - Starting attempt 1 of 6
[2023-05-30T11:37:24.897+0000] {taskinstance.py:1285} INFO - 
--------------------------------------------------------------------------------
[2023-05-30T11:37:24.957+0000] {taskinstance.py:1304} INFO - Executing <Task(PythonOperator): greet> on 2021-12-03 00:00:00+00:00
[2023-05-30T11:37:24.970+0000] {standard_task_runner.py:55} INFO - Started process 5922 to run task
[2023-05-30T11:37:25.004+0000] {standard_task_runner.py:82} INFO - Running: ['***', 'tasks', 'run', 'our_dag_with_python_operator_v07', 'greet', 'scheduled__2021-12-03T00:00:00+00:00', '--job-id', '1300', '--raw', '--subdir', 'DAGS_FOLDER/dag_python_opr.py', '--cfg-path', '/tmp/tmp_nu2k9tw']
[2023-05-30T11:37:25.008+0000] {standard_task_runner.py:83} INFO - Job 1300: Subtask greet
[2023-05-30T11:37:25.225+0000] {task_command.py:389} INFO - Running <TaskInstance: our_dag_with_python_operator_v07.greet scheduled__2021-12-03T00:00:00+00:00 [running]> on host 49219f98c96e
[2023-05-30T11:37:25.577+0000] {taskinstance.py:1513} INFO - Exporting the following env vars:
AIRFLOW_CTX_DAG_OWNER=coder2j
AIRFLOW_CTX_DAG_ID=our_dag_with_python_operator_v07
AIRFLOW_CTX_TASK_ID=greet
AIRFLOW_CTX_EXECUTION_DATE=2021-12-03T00:00:00+00:00
AIRFLOW_CTX_TRY_NUMBER=1
AIRFLOW_CTX_DAG_RUN_ID=scheduled__2021-12-03T00:00:00+00:00
[2023-05-30T11:37:25.581+0000] {logging_mixin.py:137} INFO - some dict:  {'a': 1, 'b': 2}
[2023-05-30T11:37:25.681+0000] {logging_mixin.py:137} INFO - Hello World! My name is Jerry Fridman, and I am 19 years old!
[2023-05-30T11:37:25.685+0000] {python.py:177} INFO - Done. Returned value was: None
[2023-05-30T11:37:25.720+0000] {taskinstance.py:1327} INFO - Marking task as SUCCESS. dag_id=our_dag_with_python_operator_v07, task_id=greet, execution_date=20211203T000000, start_date=20230530T113724, end_date=20230530T113725
[2023-05-30T11:37:25.830+0000] {local_task_job.py:159} INFO - Task exited with return code 0
[2023-05-30T11:37:25.919+0000] {taskinstance.py:2582} INFO - 0 downstream tasks scheduled from follow-on schedule check
[2023-06-07T06:32:57.888+0000] {taskinstance.py:1087} INFO - Dependencies all met for <TaskInstance: our_dag_with_python_operator_v07.greet scheduled__2021-12-03T00:00:00+00:00 [queued]>
[2023-06-07T06:32:57.948+0000] {taskinstance.py:1087} INFO - Dependencies all met for <TaskInstance: our_dag_with_python_operator_v07.greet scheduled__2021-12-03T00:00:00+00:00 [queued]>
[2023-06-07T06:32:57.949+0000] {taskinstance.py:1283} INFO - 
--------------------------------------------------------------------------------
[2023-06-07T06:32:57.952+0000] {taskinstance.py:1284} INFO - Starting attempt 1 of 6
[2023-06-07T06:32:57.955+0000] {taskinstance.py:1285} INFO - 
--------------------------------------------------------------------------------
[2023-06-07T06:32:58.076+0000] {taskinstance.py:1304} INFO - Executing <Task(PythonOperator): greet> on 2021-12-03 00:00:00+00:00
[2023-06-07T06:32:58.118+0000] {standard_task_runner.py:55} INFO - Started process 1344 to run task
[2023-06-07T06:32:58.117+0000] {standard_task_runner.py:82} INFO - Running: ['***', 'tasks', 'run', 'our_dag_with_python_operator_v07', 'greet', 'scheduled__2021-12-03T00:00:00+00:00', '--job-id', '1341', '--raw', '--subdir', 'DAGS_FOLDER/dag_python_opr.py', '--cfg-path', '/tmp/tmpxda_d5dx']
[2023-06-07T06:32:58.135+0000] {standard_task_runner.py:83} INFO - Job 1341: Subtask greet
[2023-06-07T06:32:58.602+0000] {task_command.py:389} INFO - Running <TaskInstance: our_dag_with_python_operator_v07.greet scheduled__2021-12-03T00:00:00+00:00 [running]> on host 026ed797f3b3
[2023-06-07T06:32:59.295+0000] {taskinstance.py:1513} INFO - Exporting the following env vars:
AIRFLOW_CTX_DAG_OWNER=coder2j
AIRFLOW_CTX_DAG_ID=our_dag_with_python_operator_v07
AIRFLOW_CTX_TASK_ID=greet
AIRFLOW_CTX_EXECUTION_DATE=2021-12-03T00:00:00+00:00
AIRFLOW_CTX_TRY_NUMBER=1
AIRFLOW_CTX_DAG_RUN_ID=scheduled__2021-12-03T00:00:00+00:00
[2023-06-07T06:32:59.302+0000] {logging_mixin.py:137} INFO - some dict:  {'a': 1, 'b': 2}
[2023-06-07T06:32:59.535+0000] {logging_mixin.py:137} INFO - Hello World! My name is Jerry Fridman, and I am 19 years old!
[2023-06-07T06:32:59.542+0000] {python.py:177} INFO - Done. Returned value was: None
[2023-06-07T06:32:59.589+0000] {taskinstance.py:1327} INFO - Marking task as SUCCESS. dag_id=our_dag_with_python_operator_v07, task_id=greet, execution_date=20211203T000000, start_date=20230607T063257, end_date=20230607T063259
[2023-06-07T06:32:59.701+0000] {local_task_job.py:159} INFO - Task exited with return code 0
[2023-06-07T06:32:59.825+0000] {taskinstance.py:2582} INFO - 0 downstream tasks scheduled from follow-on schedule check
