[2023-05-30T11:28:41.971+0000] {taskinstance.py:1087} INFO - Dependencies all met for <TaskInstance: our_first_dag_v5.second_task scheduled__2021-09-11T00:00:00+00:00 [queued]>
[2023-05-30T11:28:41.986+0000] {taskinstance.py:1087} INFO - Dependencies all met for <TaskInstance: our_first_dag_v5.second_task scheduled__2021-09-11T00:00:00+00:00 [queued]>
[2023-05-30T11:28:41.987+0000] {taskinstance.py:1283} INFO - 
--------------------------------------------------------------------------------
[2023-05-30T11:28:41.988+0000] {taskinstance.py:1284} INFO - Starting attempt 1 of 6
[2023-05-30T11:28:41.990+0000] {taskinstance.py:1285} INFO - 
--------------------------------------------------------------------------------
[2023-05-30T11:28:42.019+0000] {taskinstance.py:1304} INFO - Executing <Task(BashOperator): second_task> on 2021-09-11 00:00:00+00:00
[2023-05-30T11:28:42.039+0000] {standard_task_runner.py:55} INFO - Started process 2108 to run task
[2023-05-30T11:28:42.057+0000] {standard_task_runner.py:82} INFO - Running: ['***', 'tasks', 'run', 'our_first_dag_v5', 'second_task', 'scheduled__2021-09-11T00:00:00+00:00', '--job-id', '139', '--raw', '--subdir', 'DAGS_FOLDER/first_Dag.py', '--cfg-path', '/tmp/tmpuaog94bg']
[2023-05-30T11:28:42.059+0000] {standard_task_runner.py:83} INFO - Job 139: Subtask second_task
[2023-05-30T11:28:42.286+0000] {task_command.py:389} INFO - Running <TaskInstance: our_first_dag_v5.second_task scheduled__2021-09-11T00:00:00+00:00 [running]> on host 49219f98c96e
[2023-05-30T11:28:42.461+0000] {taskinstance.py:1513} INFO - Exporting the following env vars:
AIRFLOW_CTX_DAG_OWNER=coder2j
AIRFLOW_CTX_DAG_ID=our_first_dag_v5
AIRFLOW_CTX_TASK_ID=second_task
AIRFLOW_CTX_EXECUTION_DATE=2021-09-11T00:00:00+00:00
AIRFLOW_CTX_TRY_NUMBER=1
AIRFLOW_CTX_DAG_RUN_ID=scheduled__2021-09-11T00:00:00+00:00
[2023-05-30T11:28:42.467+0000] {subprocess.py:63} INFO - Tmp dir root location: 
 /tmp
[2023-05-30T11:28:42.471+0000] {subprocess.py:75} INFO - Running command: ['/bin/bash', '-c', 'echo hey, I am task2 and will be running after task1!']
[2023-05-30T11:28:42.494+0000] {subprocess.py:86} INFO - Output:
[2023-05-30T11:28:42.496+0000] {subprocess.py:93} INFO - hey, I am task2 and will be running after task1!
[2023-05-30T11:28:42.500+0000] {subprocess.py:97} INFO - Command exited with return code 0
[2023-05-30T11:28:42.548+0000] {taskinstance.py:1327} INFO - Marking task as SUCCESS. dag_id=our_first_dag_v5, task_id=second_task, execution_date=20210911T000000, start_date=20230530T112841, end_date=20230530T112842
[2023-05-30T11:28:42.598+0000] {local_task_job.py:159} INFO - Task exited with return code 0
[2023-05-30T11:28:42.630+0000] {taskinstance.py:2582} INFO - 0 downstream tasks scheduled from follow-on schedule check
[2023-06-07T06:32:25.177+0000] {taskinstance.py:1087} INFO - Dependencies all met for <TaskInstance: our_first_dag_v5.second_task scheduled__2021-09-11T00:00:00+00:00 [queued]>
[2023-06-07T06:32:25.209+0000] {taskinstance.py:1087} INFO - Dependencies all met for <TaskInstance: our_first_dag_v5.second_task scheduled__2021-09-11T00:00:00+00:00 [queued]>
[2023-06-07T06:32:25.212+0000] {taskinstance.py:1283} INFO - 
--------------------------------------------------------------------------------
[2023-06-07T06:32:25.218+0000] {taskinstance.py:1284} INFO - Starting attempt 1 of 6
[2023-06-07T06:32:25.228+0000] {taskinstance.py:1285} INFO - 
--------------------------------------------------------------------------------
[2023-06-07T06:32:25.319+0000] {taskinstance.py:1304} INFO - Executing <Task(BashOperator): second_task> on 2021-09-11 00:00:00+00:00
[2023-06-07T06:32:25.332+0000] {standard_task_runner.py:55} INFO - Started process 1111 to run task
[2023-06-07T06:32:25.400+0000] {standard_task_runner.py:82} INFO - Running: ['***', 'tasks', 'run', 'our_first_dag_v5', 'second_task', 'scheduled__2021-09-11T00:00:00+00:00', '--job-id', '1253', '--raw', '--subdir', 'DAGS_FOLDER/first_Dag.py', '--cfg-path', '/tmp/tmpid0sktpg']
[2023-06-07T06:32:25.405+0000] {standard_task_runner.py:83} INFO - Job 1253: Subtask second_task
[2023-06-07T06:32:26.089+0000] {task_command.py:389} INFO - Running <TaskInstance: our_first_dag_v5.second_task scheduled__2021-09-11T00:00:00+00:00 [running]> on host 026ed797f3b3
[2023-06-07T06:32:26.353+0000] {taskinstance.py:1513} INFO - Exporting the following env vars:
AIRFLOW_CTX_DAG_OWNER=coder2j
AIRFLOW_CTX_DAG_ID=our_first_dag_v5
AIRFLOW_CTX_TASK_ID=second_task
AIRFLOW_CTX_EXECUTION_DATE=2021-09-11T00:00:00+00:00
AIRFLOW_CTX_TRY_NUMBER=1
AIRFLOW_CTX_DAG_RUN_ID=scheduled__2021-09-11T00:00:00+00:00
[2023-06-07T06:32:26.358+0000] {subprocess.py:63} INFO - Tmp dir root location: 
 /tmp
[2023-06-07T06:32:26.376+0000] {subprocess.py:75} INFO - Running command: ['/bin/bash', '-c', 'echo hey, I am task2 and will be running after task1!']
[2023-06-07T06:32:26.466+0000] {subprocess.py:86} INFO - Output:
[2023-06-07T06:32:26.469+0000] {subprocess.py:93} INFO - hey, I am task2 and will be running after task1!
[2023-06-07T06:32:26.470+0000] {subprocess.py:97} INFO - Command exited with return code 0
[2023-06-07T06:32:26.558+0000] {taskinstance.py:1327} INFO - Marking task as SUCCESS. dag_id=our_first_dag_v5, task_id=second_task, execution_date=20210911T000000, start_date=20230607T063225, end_date=20230607T063226
[2023-06-07T06:32:26.706+0000] {local_task_job.py:159} INFO - Task exited with return code 0
[2023-06-07T06:32:26.777+0000] {taskinstance.py:2582} INFO - 0 downstream tasks scheduled from follow-on schedule check
