[2023-05-30T11:30:32.920+0000] {taskinstance.py:1087} INFO - Dependencies all met for <TaskInstance: our_first_dag_v5.second_task scheduled__2021-12-23T00:00:00+00:00 [queued]>
[2023-05-30T11:30:32.986+0000] {taskinstance.py:1087} INFO - Dependencies all met for <TaskInstance: our_first_dag_v5.second_task scheduled__2021-12-23T00:00:00+00:00 [queued]>
[2023-05-30T11:30:32.988+0000] {taskinstance.py:1283} INFO - 
--------------------------------------------------------------------------------
[2023-05-30T11:30:32.990+0000] {taskinstance.py:1284} INFO - Starting attempt 1 of 6
[2023-05-30T11:30:32.991+0000] {taskinstance.py:1285} INFO - 
--------------------------------------------------------------------------------
[2023-05-30T11:30:33.060+0000] {taskinstance.py:1304} INFO - Executing <Task(BashOperator): second_task> on 2021-12-23 00:00:00+00:00
[2023-05-30T11:30:33.107+0000] {standard_task_runner.py:82} INFO - Running: ['***', 'tasks', 'run', 'our_first_dag_v5', 'second_task', 'scheduled__2021-12-23T00:00:00+00:00', '--job-id', '449', '--raw', '--subdir', 'DAGS_FOLDER/first_Dag.py', '--cfg-path', '/tmp/tmp5fl0lwd2']
[2023-05-30T11:30:33.082+0000] {standard_task_runner.py:55} INFO - Started process 3144 to run task
[2023-05-30T11:30:33.118+0000] {standard_task_runner.py:83} INFO - Job 449: Subtask second_task
[2023-05-30T11:30:33.456+0000] {task_command.py:389} INFO - Running <TaskInstance: our_first_dag_v5.second_task scheduled__2021-12-23T00:00:00+00:00 [running]> on host 49219f98c96e
[2023-05-30T11:30:33.786+0000] {taskinstance.py:1513} INFO - Exporting the following env vars:
AIRFLOW_CTX_DAG_OWNER=coder2j
AIRFLOW_CTX_DAG_ID=our_first_dag_v5
AIRFLOW_CTX_TASK_ID=second_task
AIRFLOW_CTX_EXECUTION_DATE=2021-12-23T00:00:00+00:00
AIRFLOW_CTX_TRY_NUMBER=1
AIRFLOW_CTX_DAG_RUN_ID=scheduled__2021-12-23T00:00:00+00:00
[2023-05-30T11:30:33.791+0000] {subprocess.py:63} INFO - Tmp dir root location: 
 /tmp
[2023-05-30T11:30:33.793+0000] {subprocess.py:75} INFO - Running command: ['/bin/bash', '-c', 'echo hey, I am task2 and will be running after task1!']
[2023-05-30T11:30:33.850+0000] {subprocess.py:86} INFO - Output:
[2023-05-30T11:30:33.854+0000] {subprocess.py:93} INFO - hey, I am task2 and will be running after task1!
[2023-05-30T11:30:33.857+0000] {subprocess.py:97} INFO - Command exited with return code 0
[2023-05-30T11:30:33.941+0000] {taskinstance.py:1327} INFO - Marking task as SUCCESS. dag_id=our_first_dag_v5, task_id=second_task, execution_date=20211223T000000, start_date=20230530T113032, end_date=20230530T113033
[2023-05-30T11:30:34.039+0000] {local_task_job.py:159} INFO - Task exited with return code 0
[2023-05-30T11:30:34.093+0000] {taskinstance.py:2582} INFO - 0 downstream tasks scheduled from follow-on schedule check
[2023-06-07T06:36:57.643+0000] {taskinstance.py:1087} INFO - Dependencies all met for <TaskInstance: our_first_dag_v5.second_task scheduled__2021-12-23T00:00:00+00:00 [queued]>
[2023-06-07T06:36:57.696+0000] {taskinstance.py:1087} INFO - Dependencies all met for <TaskInstance: our_first_dag_v5.second_task scheduled__2021-12-23T00:00:00+00:00 [queued]>
[2023-06-07T06:36:57.698+0000] {taskinstance.py:1283} INFO - 
--------------------------------------------------------------------------------
[2023-06-07T06:36:57.700+0000] {taskinstance.py:1284} INFO - Starting attempt 1 of 6
[2023-06-07T06:36:57.702+0000] {taskinstance.py:1285} INFO - 
--------------------------------------------------------------------------------
[2023-06-07T06:36:57.805+0000] {taskinstance.py:1304} INFO - Executing <Task(BashOperator): second_task> on 2021-12-23 00:00:00+00:00
[2023-06-07T06:36:57.839+0000] {standard_task_runner.py:55} INFO - Started process 2886 to run task
[2023-06-07T06:36:57.894+0000] {standard_task_runner.py:82} INFO - Running: ['***', 'tasks', 'run', 'our_first_dag_v5', 'second_task', 'scheduled__2021-12-23T00:00:00+00:00', '--job-id', '1894', '--raw', '--subdir', 'DAGS_FOLDER/first_Dag.py', '--cfg-path', '/tmp/tmpqauxxf4l']
[2023-06-07T06:36:57.897+0000] {standard_task_runner.py:83} INFO - Job 1894: Subtask second_task
[2023-06-07T06:36:58.521+0000] {task_command.py:389} INFO - Running <TaskInstance: our_first_dag_v5.second_task scheduled__2021-12-23T00:00:00+00:00 [running]> on host 026ed797f3b3
[2023-06-07T06:36:58.971+0000] {taskinstance.py:1513} INFO - Exporting the following env vars:
AIRFLOW_CTX_DAG_OWNER=coder2j
AIRFLOW_CTX_DAG_ID=our_first_dag_v5
AIRFLOW_CTX_TASK_ID=second_task
AIRFLOW_CTX_EXECUTION_DATE=2021-12-23T00:00:00+00:00
AIRFLOW_CTX_TRY_NUMBER=1
AIRFLOW_CTX_DAG_RUN_ID=scheduled__2021-12-23T00:00:00+00:00
[2023-06-07T06:36:58.980+0000] {subprocess.py:63} INFO - Tmp dir root location: 
 /tmp
[2023-06-07T06:36:58.985+0000] {subprocess.py:75} INFO - Running command: ['/bin/bash', '-c', 'echo hey, I am task2 and will be running after task1!']
[2023-06-07T06:36:59.046+0000] {subprocess.py:86} INFO - Output:
[2023-06-07T06:36:59.049+0000] {subprocess.py:93} INFO - hey, I am task2 and will be running after task1!
[2023-06-07T06:36:59.051+0000] {subprocess.py:97} INFO - Command exited with return code 0
[2023-06-07T06:36:59.158+0000] {taskinstance.py:1327} INFO - Marking task as SUCCESS. dag_id=our_first_dag_v5, task_id=second_task, execution_date=20211223T000000, start_date=20230607T063657, end_date=20230607T063659
[2023-06-07T06:36:59.329+0000] {local_task_job.py:159} INFO - Task exited with return code 0
[2023-06-07T06:36:59.472+0000] {taskinstance.py:2582} INFO - 0 downstream tasks scheduled from follow-on schedule check
