[2023-05-30T11:37:36.455+0000] {taskinstance.py:1087} INFO - Dependencies all met for <TaskInstance: our_dag_with_python_operator_v07.get_age scheduled__2021-12-19T00:00:00+00:00 [queued]>
[2023-05-30T11:37:36.569+0000] {taskinstance.py:1087} INFO - Dependencies all met for <TaskInstance: our_dag_with_python_operator_v07.get_age scheduled__2021-12-19T00:00:00+00:00 [queued]>
[2023-05-30T11:37:36.570+0000] {taskinstance.py:1283} INFO - 
--------------------------------------------------------------------------------
[2023-05-30T11:37:36.572+0000] {taskinstance.py:1284} INFO - Starting attempt 1 of 6
[2023-05-30T11:37:36.580+0000] {taskinstance.py:1285} INFO - 
--------------------------------------------------------------------------------
[2023-05-30T11:37:36.688+0000] {taskinstance.py:1304} INFO - Executing <Task(PythonOperator): get_age> on 2021-12-19 00:00:00+00:00
[2023-05-30T11:37:36.701+0000] {standard_task_runner.py:55} INFO - Started process 6006 to run task
[2023-05-30T11:37:36.745+0000] {standard_task_runner.py:82} INFO - Running: ['***', 'tasks', 'run', 'our_dag_with_python_operator_v07', 'get_age', 'scheduled__2021-12-19T00:00:00+00:00', '--job-id', '1334', '--raw', '--subdir', 'DAGS_FOLDER/dag_python_opr.py', '--cfg-path', '/tmp/tmprmzfpy84']
[2023-05-30T11:37:36.751+0000] {standard_task_runner.py:83} INFO - Job 1334: Subtask get_age
[2023-05-30T11:37:37.158+0000] {task_command.py:389} INFO - Running <TaskInstance: our_dag_with_python_operator_v07.get_age scheduled__2021-12-19T00:00:00+00:00 [running]> on host 49219f98c96e
[2023-05-30T11:37:37.586+0000] {taskinstance.py:1513} INFO - Exporting the following env vars:
AIRFLOW_CTX_DAG_OWNER=coder2j
AIRFLOW_CTX_DAG_ID=our_dag_with_python_operator_v07
AIRFLOW_CTX_TASK_ID=get_age
AIRFLOW_CTX_EXECUTION_DATE=2021-12-19T00:00:00+00:00
AIRFLOW_CTX_TRY_NUMBER=1
AIRFLOW_CTX_DAG_RUN_ID=scheduled__2021-12-19T00:00:00+00:00
[2023-05-30T11:37:37.643+0000] {python.py:177} INFO - Done. Returned value was: None
[2023-05-30T11:37:37.689+0000] {taskinstance.py:1327} INFO - Marking task as SUCCESS. dag_id=our_dag_with_python_operator_v07, task_id=get_age, execution_date=20211219T000000, start_date=20230530T113736, end_date=20230530T113737
[2023-05-30T11:37:37.838+0000] {local_task_job.py:159} INFO - Task exited with return code 0
[2023-05-30T11:37:38.034+0000] {taskinstance.py:2582} INFO - 0 downstream tasks scheduled from follow-on schedule check
[2023-06-07T06:33:13.674+0000] {taskinstance.py:1087} INFO - Dependencies all met for <TaskInstance: our_dag_with_python_operator_v07.get_age scheduled__2021-12-19T00:00:00+00:00 [queued]>
[2023-06-07T06:33:13.841+0000] {taskinstance.py:1087} INFO - Dependencies all met for <TaskInstance: our_dag_with_python_operator_v07.get_age scheduled__2021-12-19T00:00:00+00:00 [queued]>
[2023-06-07T06:33:13.842+0000] {taskinstance.py:1283} INFO - 
--------------------------------------------------------------------------------
[2023-06-07T06:33:13.844+0000] {taskinstance.py:1284} INFO - Starting attempt 1 of 6
[2023-06-07T06:33:13.845+0000] {taskinstance.py:1285} INFO - 
--------------------------------------------------------------------------------
[2023-06-07T06:33:13.995+0000] {taskinstance.py:1304} INFO - Executing <Task(PythonOperator): get_age> on 2021-12-19 00:00:00+00:00
[2023-06-07T06:33:14.046+0000] {standard_task_runner.py:55} INFO - Started process 1495 to run task
[2023-06-07T06:33:14.069+0000] {standard_task_runner.py:82} INFO - Running: ['***', 'tasks', 'run', 'our_dag_with_python_operator_v07', 'get_age', 'scheduled__2021-12-19T00:00:00+00:00', '--job-id', '1395', '--raw', '--subdir', 'DAGS_FOLDER/dag_python_opr.py', '--cfg-path', '/tmp/tmp1x3dvsll']
[2023-06-07T06:33:14.078+0000] {standard_task_runner.py:83} INFO - Job 1395: Subtask get_age
[2023-06-07T06:33:14.694+0000] {task_command.py:389} INFO - Running <TaskInstance: our_dag_with_python_operator_v07.get_age scheduled__2021-12-19T00:00:00+00:00 [running]> on host 026ed797f3b3
[2023-06-07T06:33:15.596+0000] {taskinstance.py:1513} INFO - Exporting the following env vars:
AIRFLOW_CTX_DAG_OWNER=coder2j
AIRFLOW_CTX_DAG_ID=our_dag_with_python_operator_v07
AIRFLOW_CTX_TASK_ID=get_age
AIRFLOW_CTX_EXECUTION_DATE=2021-12-19T00:00:00+00:00
AIRFLOW_CTX_TRY_NUMBER=1
AIRFLOW_CTX_DAG_RUN_ID=scheduled__2021-12-19T00:00:00+00:00
[2023-06-07T06:33:15.671+0000] {python.py:177} INFO - Done. Returned value was: None
[2023-06-07T06:33:15.729+0000] {taskinstance.py:1327} INFO - Marking task as SUCCESS. dag_id=our_dag_with_python_operator_v07, task_id=get_age, execution_date=20211219T000000, start_date=20230607T063313, end_date=20230607T063315
[2023-06-07T06:33:15.858+0000] {local_task_job.py:159} INFO - Task exited with return code 0
[2023-06-07T06:33:16.251+0000] {taskinstance.py:2582} INFO - 0 downstream tasks scheduled from follow-on schedule check
