[2023-05-30T11:29:23.487+0000] {taskinstance.py:1087} INFO - Dependencies all met for <TaskInstance: our_first_dag_v5.second_task scheduled__2021-10-20T00:00:00+00:00 [queued]>
[2023-05-30T11:29:23.509+0000] {taskinstance.py:1087} INFO - Dependencies all met for <TaskInstance: our_first_dag_v5.second_task scheduled__2021-10-20T00:00:00+00:00 [queued]>
[2023-05-30T11:29:23.511+0000] {taskinstance.py:1283} INFO - 
--------------------------------------------------------------------------------
[2023-05-30T11:29:23.512+0000] {taskinstance.py:1284} INFO - Starting attempt 1 of 6
[2023-05-30T11:29:23.514+0000] {taskinstance.py:1285} INFO - 
--------------------------------------------------------------------------------
[2023-05-30T11:29:23.562+0000] {taskinstance.py:1304} INFO - Executing <Task(BashOperator): second_task> on 2021-10-20 00:00:00+00:00
[2023-05-30T11:29:23.577+0000] {standard_task_runner.py:55} INFO - Started process 2515 to run task
[2023-05-30T11:29:23.599+0000] {standard_task_runner.py:82} INFO - Running: ['***', 'tasks', 'run', 'our_first_dag_v5', 'second_task', 'scheduled__2021-10-20T00:00:00+00:00', '--job-id', '262', '--raw', '--subdir', 'DAGS_FOLDER/first_Dag.py', '--cfg-path', '/tmp/tmp7kuspg60']
[2023-05-30T11:29:23.601+0000] {standard_task_runner.py:83} INFO - Job 262: Subtask second_task
[2023-05-30T11:29:23.812+0000] {task_command.py:389} INFO - Running <TaskInstance: our_first_dag_v5.second_task scheduled__2021-10-20T00:00:00+00:00 [running]> on host 49219f98c96e
[2023-05-30T11:29:24.139+0000] {taskinstance.py:1513} INFO - Exporting the following env vars:
AIRFLOW_CTX_DAG_OWNER=coder2j
AIRFLOW_CTX_DAG_ID=our_first_dag_v5
AIRFLOW_CTX_TASK_ID=second_task
AIRFLOW_CTX_EXECUTION_DATE=2021-10-20T00:00:00+00:00
AIRFLOW_CTX_TRY_NUMBER=1
AIRFLOW_CTX_DAG_RUN_ID=scheduled__2021-10-20T00:00:00+00:00
[2023-05-30T11:29:24.148+0000] {subprocess.py:63} INFO - Tmp dir root location: 
 /tmp
[2023-05-30T11:29:24.153+0000] {subprocess.py:75} INFO - Running command: ['/bin/bash', '-c', 'echo hey, I am task2 and will be running after task1!']
[2023-05-30T11:29:24.202+0000] {subprocess.py:86} INFO - Output:
[2023-05-30T11:29:24.213+0000] {subprocess.py:93} INFO - hey, I am task2 and will be running after task1!
[2023-05-30T11:29:24.217+0000] {subprocess.py:97} INFO - Command exited with return code 0
[2023-05-30T11:29:24.302+0000] {taskinstance.py:1327} INFO - Marking task as SUCCESS. dag_id=our_first_dag_v5, task_id=second_task, execution_date=20211020T000000, start_date=20230530T112923, end_date=20230530T112924
[2023-05-30T11:29:24.427+0000] {local_task_job.py:159} INFO - Task exited with return code 0
[2023-05-30T11:29:24.499+0000] {taskinstance.py:2582} INFO - 0 downstream tasks scheduled from follow-on schedule check
[2023-06-07T06:34:00.026+0000] {taskinstance.py:1087} INFO - Dependencies all met for <TaskInstance: our_first_dag_v5.second_task scheduled__2021-10-20T00:00:00+00:00 [queued]>
[2023-06-07T06:34:00.125+0000] {taskinstance.py:1087} INFO - Dependencies all met for <TaskInstance: our_first_dag_v5.second_task scheduled__2021-10-20T00:00:00+00:00 [queued]>
[2023-06-07T06:34:00.130+0000] {taskinstance.py:1283} INFO - 
--------------------------------------------------------------------------------
[2023-06-07T06:34:00.131+0000] {taskinstance.py:1284} INFO - Starting attempt 1 of 6
[2023-06-07T06:34:00.138+0000] {taskinstance.py:1285} INFO - 
--------------------------------------------------------------------------------
[2023-06-07T06:34:00.693+0000] {taskinstance.py:1304} INFO - Executing <Task(BashOperator): second_task> on 2021-10-20 00:00:00+00:00
[2023-06-07T06:34:00.787+0000] {standard_task_runner.py:55} INFO - Started process 1831 to run task
[2023-06-07T06:34:00.810+0000] {standard_task_runner.py:82} INFO - Running: ['***', 'tasks', 'run', 'our_first_dag_v5', 'second_task', 'scheduled__2021-10-20T00:00:00+00:00', '--job-id', '1515', '--raw', '--subdir', 'DAGS_FOLDER/first_Dag.py', '--cfg-path', '/tmp/tmphdp4fjsf']
[2023-06-07T06:34:00.813+0000] {standard_task_runner.py:83} INFO - Job 1515: Subtask second_task
[2023-06-07T06:34:01.327+0000] {task_command.py:389} INFO - Running <TaskInstance: our_first_dag_v5.second_task scheduled__2021-10-20T00:00:00+00:00 [running]> on host 026ed797f3b3
[2023-06-07T06:34:02.421+0000] {taskinstance.py:1513} INFO - Exporting the following env vars:
AIRFLOW_CTX_DAG_OWNER=coder2j
AIRFLOW_CTX_DAG_ID=our_first_dag_v5
AIRFLOW_CTX_TASK_ID=second_task
AIRFLOW_CTX_EXECUTION_DATE=2021-10-20T00:00:00+00:00
AIRFLOW_CTX_TRY_NUMBER=1
AIRFLOW_CTX_DAG_RUN_ID=scheduled__2021-10-20T00:00:00+00:00
[2023-06-07T06:34:02.429+0000] {subprocess.py:63} INFO - Tmp dir root location: 
 /tmp
[2023-06-07T06:34:02.433+0000] {subprocess.py:75} INFO - Running command: ['/bin/bash', '-c', 'echo hey, I am task2 and will be running after task1!']
[2023-06-07T06:34:02.537+0000] {subprocess.py:86} INFO - Output:
[2023-06-07T06:34:02.553+0000] {subprocess.py:93} INFO - hey, I am task2 and will be running after task1!
[2023-06-07T06:34:02.556+0000] {subprocess.py:97} INFO - Command exited with return code 0
[2023-06-07T06:34:02.910+0000] {taskinstance.py:1327} INFO - Marking task as SUCCESS. dag_id=our_first_dag_v5, task_id=second_task, execution_date=20211020T000000, start_date=20230607T063400, end_date=20230607T063402
[2023-06-07T06:34:03.564+0000] {local_task_job.py:159} INFO - Task exited with return code 0
[2023-06-07T06:34:03.867+0000] {taskinstance.py:2582} INFO - 0 downstream tasks scheduled from follow-on schedule check
