[2023-05-30T12:33:10.817+0000] {taskinstance.py:1087} INFO - Dependencies all met for <TaskInstance: our_dag_with_python_operator_v07.get_age scheduled__2022-03-26T00:00:00+00:00 [queued]>
[2023-05-30T12:33:10.852+0000] {taskinstance.py:1087} INFO - Dependencies all met for <TaskInstance: our_dag_with_python_operator_v07.get_age scheduled__2022-03-26T00:00:00+00:00 [queued]>
[2023-05-30T12:33:10.854+0000] {taskinstance.py:1283} INFO - 
--------------------------------------------------------------------------------
[2023-05-30T12:33:10.855+0000] {taskinstance.py:1284} INFO - Starting attempt 1 of 6
[2023-05-30T12:33:10.857+0000] {taskinstance.py:1285} INFO - 
--------------------------------------------------------------------------------
[2023-05-30T12:33:10.912+0000] {taskinstance.py:1304} INFO - Executing <Task(PythonOperator): get_age> on 2022-03-26 00:00:00+00:00
[2023-05-30T12:33:10.920+0000] {standard_task_runner.py:55} INFO - Started process 10361 to run task
[2023-05-30T12:33:10.960+0000] {standard_task_runner.py:82} INFO - Running: ['***', 'tasks', 'run', 'our_dag_with_python_operator_v07', 'get_age', 'scheduled__2022-03-26T00:00:00+00:00', '--job-id', '1632', '--raw', '--subdir', 'DAGS_FOLDER/dag_python_opr.py', '--cfg-path', '/tmp/tmpyzk_a_b5']
[2023-05-30T12:33:10.963+0000] {standard_task_runner.py:83} INFO - Job 1632: Subtask get_age
[2023-05-30T12:33:11.220+0000] {task_command.py:389} INFO - Running <TaskInstance: our_dag_with_python_operator_v07.get_age scheduled__2022-03-26T00:00:00+00:00 [running]> on host 49219f98c96e
[2023-05-30T12:33:11.535+0000] {taskinstance.py:1513} INFO - Exporting the following env vars:
AIRFLOW_CTX_DAG_OWNER=coder2j
AIRFLOW_CTX_DAG_ID=our_dag_with_python_operator_v07
AIRFLOW_CTX_TASK_ID=get_age
AIRFLOW_CTX_EXECUTION_DATE=2022-03-26T00:00:00+00:00
AIRFLOW_CTX_TRY_NUMBER=1
AIRFLOW_CTX_DAG_RUN_ID=scheduled__2022-03-26T00:00:00+00:00
[2023-05-30T12:33:11.585+0000] {python.py:177} INFO - Done. Returned value was: None
[2023-05-30T12:33:11.614+0000] {taskinstance.py:1327} INFO - Marking task as SUCCESS. dag_id=our_dag_with_python_operator_v07, task_id=get_age, execution_date=20220326T000000, start_date=20230530T123310, end_date=20230530T123311
[2023-05-30T12:33:11.690+0000] {local_task_job.py:159} INFO - Task exited with return code 0
[2023-05-30T12:33:11.836+0000] {taskinstance.py:2582} INFO - 0 downstream tasks scheduled from follow-on schedule check
[2023-06-07T06:37:31.003+0000] {taskinstance.py:1087} INFO - Dependencies all met for <TaskInstance: our_dag_with_python_operator_v07.get_age scheduled__2022-03-26T00:00:00+00:00 [queued]>
[2023-06-07T06:37:31.102+0000] {taskinstance.py:1087} INFO - Dependencies all met for <TaskInstance: our_dag_with_python_operator_v07.get_age scheduled__2022-03-26T00:00:00+00:00 [queued]>
[2023-06-07T06:37:31.104+0000] {taskinstance.py:1283} INFO - 
--------------------------------------------------------------------------------
[2023-06-07T06:37:31.105+0000] {taskinstance.py:1284} INFO - Starting attempt 1 of 6
[2023-06-07T06:37:31.106+0000] {taskinstance.py:1285} INFO - 
--------------------------------------------------------------------------------
[2023-06-07T06:37:31.180+0000] {taskinstance.py:1304} INFO - Executing <Task(PythonOperator): get_age> on 2022-03-26 00:00:00+00:00
[2023-06-07T06:37:31.208+0000] {standard_task_runner.py:55} INFO - Started process 3134 to run task
[2023-06-07T06:37:31.235+0000] {standard_task_runner.py:82} INFO - Running: ['***', 'tasks', 'run', 'our_dag_with_python_operator_v07', 'get_age', 'scheduled__2022-03-26T00:00:00+00:00', '--job-id', '1979', '--raw', '--subdir', 'DAGS_FOLDER/dag_python_opr.py', '--cfg-path', '/tmp/tmp6_m1e13r']
[2023-06-07T06:37:31.243+0000] {standard_task_runner.py:83} INFO - Job 1979: Subtask get_age
[2023-06-07T06:37:31.631+0000] {task_command.py:389} INFO - Running <TaskInstance: our_dag_with_python_operator_v07.get_age scheduled__2022-03-26T00:00:00+00:00 [running]> on host 026ed797f3b3
[2023-06-07T06:37:32.334+0000] {taskinstance.py:1513} INFO - Exporting the following env vars:
AIRFLOW_CTX_DAG_OWNER=coder2j
AIRFLOW_CTX_DAG_ID=our_dag_with_python_operator_v07
AIRFLOW_CTX_TASK_ID=get_age
AIRFLOW_CTX_EXECUTION_DATE=2022-03-26T00:00:00+00:00
AIRFLOW_CTX_TRY_NUMBER=1
AIRFLOW_CTX_DAG_RUN_ID=scheduled__2022-03-26T00:00:00+00:00
[2023-06-07T06:37:32.404+0000] {python.py:177} INFO - Done. Returned value was: None
[2023-06-07T06:37:32.469+0000] {taskinstance.py:1327} INFO - Marking task as SUCCESS. dag_id=our_dag_with_python_operator_v07, task_id=get_age, execution_date=20220326T000000, start_date=20230607T063731, end_date=20230607T063732
[2023-06-07T06:37:32.714+0000] {local_task_job.py:159} INFO - Task exited with return code 0
[2023-06-07T06:37:33.191+0000] {taskinstance.py:2582} INFO - 0 downstream tasks scheduled from follow-on schedule check
