[2023-05-30T11:29:08.789+0000] {taskinstance.py:1087} INFO - Dependencies all met for <TaskInstance: our_first_dag_v5.first_task scheduled__2021-10-09T00:00:00+00:00 [queued]>
[2023-05-30T11:29:08.838+0000] {taskinstance.py:1087} INFO - Dependencies all met for <TaskInstance: our_first_dag_v5.first_task scheduled__2021-10-09T00:00:00+00:00 [queued]>
[2023-05-30T11:29:08.842+0000] {taskinstance.py:1283} INFO - 
--------------------------------------------------------------------------------
[2023-05-30T11:29:08.846+0000] {taskinstance.py:1284} INFO - Starting attempt 1 of 6
[2023-05-30T11:29:08.847+0000] {taskinstance.py:1285} INFO - 
--------------------------------------------------------------------------------
[2023-05-30T11:29:08.911+0000] {taskinstance.py:1304} INFO - Executing <Task(BashOperator): first_task> on 2021-10-09 00:00:00+00:00
[2023-05-30T11:29:08.926+0000] {standard_task_runner.py:55} INFO - Started process 2343 to run task
[2023-05-30T11:29:08.947+0000] {standard_task_runner.py:82} INFO - Running: ['***', 'tasks', 'run', 'our_first_dag_v5', 'first_task', 'scheduled__2021-10-09T00:00:00+00:00', '--job-id', '209', '--raw', '--subdir', 'DAGS_FOLDER/first_Dag.py', '--cfg-path', '/tmp/tmp6rc1gj41']
[2023-05-30T11:29:08.954+0000] {standard_task_runner.py:83} INFO - Job 209: Subtask first_task
[2023-05-30T11:29:09.199+0000] {task_command.py:389} INFO - Running <TaskInstance: our_first_dag_v5.first_task scheduled__2021-10-09T00:00:00+00:00 [running]> on host 49219f98c96e
[2023-05-30T11:29:09.409+0000] {taskinstance.py:1513} INFO - Exporting the following env vars:
AIRFLOW_CTX_DAG_OWNER=coder2j
AIRFLOW_CTX_DAG_ID=our_first_dag_v5
AIRFLOW_CTX_TASK_ID=first_task
AIRFLOW_CTX_EXECUTION_DATE=2021-10-09T00:00:00+00:00
AIRFLOW_CTX_TRY_NUMBER=1
AIRFLOW_CTX_DAG_RUN_ID=scheduled__2021-10-09T00:00:00+00:00
[2023-05-30T11:29:09.416+0000] {subprocess.py:63} INFO - Tmp dir root location: 
 /tmp
[2023-05-30T11:29:09.419+0000] {subprocess.py:75} INFO - Running command: ['/bin/bash', '-c', 'echo hello world, this is the first task!']
[2023-05-30T11:29:09.447+0000] {subprocess.py:86} INFO - Output:
[2023-05-30T11:29:09.453+0000] {subprocess.py:93} INFO - hello world, this is the first task!
[2023-05-30T11:29:09.455+0000] {subprocess.py:97} INFO - Command exited with return code 0
[2023-05-30T11:29:09.540+0000] {taskinstance.py:1327} INFO - Marking task as SUCCESS. dag_id=our_first_dag_v5, task_id=first_task, execution_date=20211009T000000, start_date=20230530T112908, end_date=20230530T112909
[2023-05-30T11:29:09.657+0000] {local_task_job.py:159} INFO - Task exited with return code 0
[2023-05-30T11:29:09.702+0000] {taskinstance.py:2582} INFO - 2 downstream tasks scheduled from follow-on schedule check
[2023-06-07T06:33:23.759+0000] {taskinstance.py:1087} INFO - Dependencies all met for <TaskInstance: our_first_dag_v5.first_task scheduled__2021-10-09T00:00:00+00:00 [queued]>
[2023-06-07T06:33:23.926+0000] {taskinstance.py:1087} INFO - Dependencies all met for <TaskInstance: our_first_dag_v5.first_task scheduled__2021-10-09T00:00:00+00:00 [queued]>
[2023-06-07T06:33:23.932+0000] {taskinstance.py:1283} INFO - 
--------------------------------------------------------------------------------
[2023-06-07T06:33:23.946+0000] {taskinstance.py:1284} INFO - Starting attempt 1 of 6
[2023-06-07T06:33:23.948+0000] {taskinstance.py:1285} INFO - 
--------------------------------------------------------------------------------
[2023-06-07T06:33:24.214+0000] {taskinstance.py:1304} INFO - Executing <Task(BashOperator): first_task> on 2021-10-09 00:00:00+00:00
[2023-06-07T06:33:24.276+0000] {standard_task_runner.py:55} INFO - Started process 1567 to run task
[2023-06-07T06:33:24.296+0000] {standard_task_runner.py:82} INFO - Running: ['***', 'tasks', 'run', 'our_first_dag_v5', 'first_task', 'scheduled__2021-10-09T00:00:00+00:00', '--job-id', '1422', '--raw', '--subdir', 'DAGS_FOLDER/first_Dag.py', '--cfg-path', '/tmp/tmpiy5j3esv']
[2023-06-07T06:33:24.299+0000] {standard_task_runner.py:83} INFO - Job 1422: Subtask first_task
[2023-06-07T06:33:24.739+0000] {task_command.py:389} INFO - Running <TaskInstance: our_first_dag_v5.first_task scheduled__2021-10-09T00:00:00+00:00 [running]> on host 026ed797f3b3
[2023-06-07T06:33:25.345+0000] {taskinstance.py:1513} INFO - Exporting the following env vars:
AIRFLOW_CTX_DAG_OWNER=coder2j
AIRFLOW_CTX_DAG_ID=our_first_dag_v5
AIRFLOW_CTX_TASK_ID=first_task
AIRFLOW_CTX_EXECUTION_DATE=2021-10-09T00:00:00+00:00
AIRFLOW_CTX_TRY_NUMBER=1
AIRFLOW_CTX_DAG_RUN_ID=scheduled__2021-10-09T00:00:00+00:00
[2023-06-07T06:33:25.350+0000] {subprocess.py:63} INFO - Tmp dir root location: 
 /tmp
[2023-06-07T06:33:25.354+0000] {subprocess.py:75} INFO - Running command: ['/bin/bash', '-c', 'echo hello world, this is the first task!']
[2023-06-07T06:33:25.430+0000] {subprocess.py:86} INFO - Output:
[2023-06-07T06:33:25.453+0000] {subprocess.py:93} INFO - hello world, this is the first task!
[2023-06-07T06:33:25.464+0000] {subprocess.py:97} INFO - Command exited with return code 0
[2023-06-07T06:33:25.579+0000] {taskinstance.py:1327} INFO - Marking task as SUCCESS. dag_id=our_first_dag_v5, task_id=first_task, execution_date=20211009T000000, start_date=20230607T063323, end_date=20230607T063325
[2023-06-07T06:33:25.710+0000] {local_task_job.py:159} INFO - Task exited with return code 0
[2023-06-07T06:33:25.938+0000] {taskinstance.py:2582} INFO - 2 downstream tasks scheduled from follow-on schedule check
