[2023-05-30T11:31:03.543+0000] {taskinstance.py:1087} INFO - Dependencies all met for <TaskInstance: our_first_dag_v5.second_task scheduled__2022-01-21T00:00:00+00:00 [queued]>
[2023-05-30T11:31:03.636+0000] {taskinstance.py:1087} INFO - Dependencies all met for <TaskInstance: our_first_dag_v5.second_task scheduled__2022-01-21T00:00:00+00:00 [queued]>
[2023-05-30T11:31:03.643+0000] {taskinstance.py:1283} INFO - 
--------------------------------------------------------------------------------
[2023-05-30T11:31:03.647+0000] {taskinstance.py:1284} INFO - Starting attempt 1 of 6
[2023-05-30T11:31:03.648+0000] {taskinstance.py:1285} INFO - 
--------------------------------------------------------------------------------
[2023-05-30T11:31:03.860+0000] {taskinstance.py:1304} INFO - Executing <Task(BashOperator): second_task> on 2022-01-21 00:00:00+00:00
[2023-05-30T11:31:03.881+0000] {standard_task_runner.py:55} INFO - Started process 3439 to run task
[2023-05-30T11:31:03.944+0000] {standard_task_runner.py:82} INFO - Running: ['***', 'tasks', 'run', 'our_first_dag_v5', 'second_task', 'scheduled__2022-01-21T00:00:00+00:00', '--job-id', '536', '--raw', '--subdir', 'DAGS_FOLDER/first_Dag.py', '--cfg-path', '/tmp/tmp7q5lgq1q']
[2023-05-30T11:31:03.947+0000] {standard_task_runner.py:83} INFO - Job 536: Subtask second_task
[2023-05-30T11:31:04.362+0000] {task_command.py:389} INFO - Running <TaskInstance: our_first_dag_v5.second_task scheduled__2022-01-21T00:00:00+00:00 [running]> on host 49219f98c96e
[2023-05-30T11:31:04.948+0000] {taskinstance.py:1513} INFO - Exporting the following env vars:
AIRFLOW_CTX_DAG_OWNER=coder2j
AIRFLOW_CTX_DAG_ID=our_first_dag_v5
AIRFLOW_CTX_TASK_ID=second_task
AIRFLOW_CTX_EXECUTION_DATE=2022-01-21T00:00:00+00:00
AIRFLOW_CTX_TRY_NUMBER=1
AIRFLOW_CTX_DAG_RUN_ID=scheduled__2022-01-21T00:00:00+00:00
[2023-05-30T11:31:04.955+0000] {subprocess.py:63} INFO - Tmp dir root location: 
 /tmp
[2023-05-30T11:31:04.958+0000] {subprocess.py:75} INFO - Running command: ['/bin/bash', '-c', 'echo hey, I am task2 and will be running after task1!']
[2023-05-30T11:31:05.103+0000] {subprocess.py:86} INFO - Output:
[2023-05-30T11:31:05.134+0000] {subprocess.py:93} INFO - hey, I am task2 and will be running after task1!
[2023-05-30T11:31:05.141+0000] {subprocess.py:97} INFO - Command exited with return code 0
[2023-05-30T11:31:05.277+0000] {taskinstance.py:1327} INFO - Marking task as SUCCESS. dag_id=our_first_dag_v5, task_id=second_task, execution_date=20220121T000000, start_date=20230530T113103, end_date=20230530T113105
[2023-05-30T11:31:05.376+0000] {local_task_job.py:159} INFO - Task exited with return code 0
[2023-05-30T11:31:05.459+0000] {taskinstance.py:2582} INFO - 0 downstream tasks scheduled from follow-on schedule check
[2023-06-07T06:37:55.464+0000] {taskinstance.py:1087} INFO - Dependencies all met for <TaskInstance: our_first_dag_v5.second_task scheduled__2022-01-21T00:00:00+00:00 [queued]>
[2023-06-07T06:37:55.571+0000] {taskinstance.py:1087} INFO - Dependencies all met for <TaskInstance: our_first_dag_v5.second_task scheduled__2022-01-21T00:00:00+00:00 [queued]>
[2023-06-07T06:37:55.575+0000] {taskinstance.py:1283} INFO - 
--------------------------------------------------------------------------------
[2023-06-07T06:37:55.583+0000] {taskinstance.py:1284} INFO - Starting attempt 1 of 6
[2023-06-07T06:37:55.586+0000] {taskinstance.py:1285} INFO - 
--------------------------------------------------------------------------------
[2023-06-07T06:37:55.715+0000] {taskinstance.py:1304} INFO - Executing <Task(BashOperator): second_task> on 2022-01-21 00:00:00+00:00
[2023-06-07T06:37:55.755+0000] {standard_task_runner.py:55} INFO - Started process 3318 to run task
[2023-06-07T06:37:55.873+0000] {standard_task_runner.py:82} INFO - Running: ['***', 'tasks', 'run', 'our_first_dag_v5', 'second_task', 'scheduled__2022-01-21T00:00:00+00:00', '--job-id', '2047', '--raw', '--subdir', 'DAGS_FOLDER/first_Dag.py', '--cfg-path', '/tmp/tmpvexiec01']
[2023-06-07T06:37:55.877+0000] {standard_task_runner.py:83} INFO - Job 2047: Subtask second_task
[2023-06-07T06:37:56.332+0000] {task_command.py:389} INFO - Running <TaskInstance: our_first_dag_v5.second_task scheduled__2022-01-21T00:00:00+00:00 [running]> on host 026ed797f3b3
[2023-06-07T06:37:56.893+0000] {taskinstance.py:1513} INFO - Exporting the following env vars:
AIRFLOW_CTX_DAG_OWNER=coder2j
AIRFLOW_CTX_DAG_ID=our_first_dag_v5
AIRFLOW_CTX_TASK_ID=second_task
AIRFLOW_CTX_EXECUTION_DATE=2022-01-21T00:00:00+00:00
AIRFLOW_CTX_TRY_NUMBER=1
AIRFLOW_CTX_DAG_RUN_ID=scheduled__2022-01-21T00:00:00+00:00
[2023-06-07T06:37:56.900+0000] {subprocess.py:63} INFO - Tmp dir root location: 
 /tmp
[2023-06-07T06:37:56.908+0000] {subprocess.py:75} INFO - Running command: ['/bin/bash', '-c', 'echo hey, I am task2 and will be running after task1!']
[2023-06-07T06:37:56.993+0000] {subprocess.py:86} INFO - Output:
[2023-06-07T06:37:57.002+0000] {subprocess.py:93} INFO - hey, I am task2 and will be running after task1!
[2023-06-07T06:37:57.006+0000] {subprocess.py:97} INFO - Command exited with return code 0
[2023-06-07T06:37:57.171+0000] {taskinstance.py:1327} INFO - Marking task as SUCCESS. dag_id=our_first_dag_v5, task_id=second_task, execution_date=20220121T000000, start_date=20230607T063755, end_date=20230607T063757
[2023-06-07T06:37:57.318+0000] {local_task_job.py:159} INFO - Task exited with return code 0
[2023-06-07T06:37:57.373+0000] {taskinstance.py:2582} INFO - 0 downstream tasks scheduled from follow-on schedule check
