[2023-05-30T12:34:12.250+0000] {taskinstance.py:1087} INFO - Dependencies all met for <TaskInstance: our_dag_with_python_operator_v07.get_age scheduled__2022-05-24T00:00:00+00:00 [queued]>
[2023-05-30T12:34:12.277+0000] {taskinstance.py:1087} INFO - Dependencies all met for <TaskInstance: our_dag_with_python_operator_v07.get_age scheduled__2022-05-24T00:00:00+00:00 [queued]>
[2023-05-30T12:34:12.279+0000] {taskinstance.py:1283} INFO - 
--------------------------------------------------------------------------------
[2023-05-30T12:34:12.280+0000] {taskinstance.py:1284} INFO - Starting attempt 1 of 6
[2023-05-30T12:34:12.281+0000] {taskinstance.py:1285} INFO - 
--------------------------------------------------------------------------------
[2023-05-30T12:34:12.361+0000] {taskinstance.py:1304} INFO - Executing <Task(PythonOperator): get_age> on 2022-05-24 00:00:00+00:00
[2023-05-30T12:34:12.378+0000] {standard_task_runner.py:55} INFO - Started process 10760 to run task
[2023-05-30T12:34:12.392+0000] {standard_task_runner.py:82} INFO - Running: ['***', 'tasks', 'run', 'our_dag_with_python_operator_v07', 'get_age', 'scheduled__2022-05-24T00:00:00+00:00', '--job-id', '1806', '--raw', '--subdir', 'DAGS_FOLDER/dag_python_opr.py', '--cfg-path', '/tmp/tmp4b6z80gn']
[2023-05-30T12:34:12.394+0000] {standard_task_runner.py:83} INFO - Job 1806: Subtask get_age
[2023-05-30T12:34:12.560+0000] {task_command.py:389} INFO - Running <TaskInstance: our_dag_with_python_operator_v07.get_age scheduled__2022-05-24T00:00:00+00:00 [running]> on host 49219f98c96e
[2023-05-30T12:34:12.770+0000] {taskinstance.py:1513} INFO - Exporting the following env vars:
AIRFLOW_CTX_DAG_OWNER=coder2j
AIRFLOW_CTX_DAG_ID=our_dag_with_python_operator_v07
AIRFLOW_CTX_TASK_ID=get_age
AIRFLOW_CTX_EXECUTION_DATE=2022-05-24T00:00:00+00:00
AIRFLOW_CTX_TRY_NUMBER=1
AIRFLOW_CTX_DAG_RUN_ID=scheduled__2022-05-24T00:00:00+00:00
[2023-05-30T12:34:12.812+0000] {python.py:177} INFO - Done. Returned value was: None
[2023-05-30T12:34:12.864+0000] {taskinstance.py:1327} INFO - Marking task as SUCCESS. dag_id=our_dag_with_python_operator_v07, task_id=get_age, execution_date=20220524T000000, start_date=20230530T123412, end_date=20230530T123412
[2023-05-30T12:34:12.940+0000] {local_task_job.py:159} INFO - Task exited with return code 0
[2023-05-30T12:34:12.984+0000] {taskinstance.py:2582} INFO - 1 downstream tasks scheduled from follow-on schedule check
[2023-06-07T06:39:58.318+0000] {taskinstance.py:1087} INFO - Dependencies all met for <TaskInstance: our_dag_with_python_operator_v07.get_age scheduled__2022-05-24T00:00:00+00:00 [queued]>
[2023-06-07T06:39:58.401+0000] {taskinstance.py:1087} INFO - Dependencies all met for <TaskInstance: our_dag_with_python_operator_v07.get_age scheduled__2022-05-24T00:00:00+00:00 [queued]>
[2023-06-07T06:39:58.406+0000] {taskinstance.py:1283} INFO - 
--------------------------------------------------------------------------------
[2023-06-07T06:39:58.409+0000] {taskinstance.py:1284} INFO - Starting attempt 1 of 6
[2023-06-07T06:39:58.410+0000] {taskinstance.py:1285} INFO - 
--------------------------------------------------------------------------------
[2023-06-07T06:39:58.531+0000] {taskinstance.py:1304} INFO - Executing <Task(PythonOperator): get_age> on 2022-05-24 00:00:00+00:00
[2023-06-07T06:39:58.580+0000] {standard_task_runner.py:55} INFO - Started process 4100 to run task
[2023-06-07T06:39:58.677+0000] {standard_task_runner.py:82} INFO - Running: ['***', 'tasks', 'run', 'our_dag_with_python_operator_v07', 'get_age', 'scheduled__2022-05-24T00:00:00+00:00', '--job-id', '2329', '--raw', '--subdir', 'DAGS_FOLDER/dag_python_opr.py', '--cfg-path', '/tmp/tmpr93vivv7']
[2023-06-07T06:39:58.688+0000] {standard_task_runner.py:83} INFO - Job 2329: Subtask get_age
[2023-06-07T06:39:59.238+0000] {task_command.py:389} INFO - Running <TaskInstance: our_dag_with_python_operator_v07.get_age scheduled__2022-05-24T00:00:00+00:00 [running]> on host 026ed797f3b3
[2023-06-07T06:39:59.571+0000] {taskinstance.py:1513} INFO - Exporting the following env vars:
AIRFLOW_CTX_DAG_OWNER=coder2j
AIRFLOW_CTX_DAG_ID=our_dag_with_python_operator_v07
AIRFLOW_CTX_TASK_ID=get_age
AIRFLOW_CTX_EXECUTION_DATE=2022-05-24T00:00:00+00:00
AIRFLOW_CTX_TRY_NUMBER=1
AIRFLOW_CTX_DAG_RUN_ID=scheduled__2022-05-24T00:00:00+00:00
[2023-06-07T06:39:59.633+0000] {python.py:177} INFO - Done. Returned value was: None
[2023-06-07T06:39:59.705+0000] {taskinstance.py:1327} INFO - Marking task as SUCCESS. dag_id=our_dag_with_python_operator_v07, task_id=get_age, execution_date=20220524T000000, start_date=20230607T063958, end_date=20230607T063959
[2023-06-07T06:39:59.840+0000] {local_task_job.py:159} INFO - Task exited with return code 0
[2023-06-07T06:40:00.096+0000] {taskinstance.py:2582} INFO - 0 downstream tasks scheduled from follow-on schedule check
