[2023-06-01T11:27:19.670+0000] {taskinstance.py:1087} INFO - Dependencies all met for <TaskInstance: dag_with_postgres_operator_v03.create_postgres_table scheduled__2023-05-18T00:00:00+00:00 [queued]>
[2023-06-01T11:27:19.724+0000] {taskinstance.py:1087} INFO - Dependencies all met for <TaskInstance: dag_with_postgres_operator_v03.create_postgres_table scheduled__2023-05-18T00:00:00+00:00 [queued]>
[2023-06-01T11:27:19.727+0000] {taskinstance.py:1283} INFO - 
--------------------------------------------------------------------------------
[2023-06-01T11:27:19.730+0000] {taskinstance.py:1284} INFO - Starting attempt 1 of 6
[2023-06-01T11:27:19.733+0000] {taskinstance.py:1285} INFO - 
--------------------------------------------------------------------------------
[2023-06-01T11:27:19.783+0000] {taskinstance.py:1304} INFO - Executing <Task(PostgresOperator): create_postgres_table> on 2023-05-18 00:00:00+00:00
[2023-06-01T11:27:19.802+0000] {standard_task_runner.py:55} INFO - Started process 2709 to run task
[2023-06-01T11:27:19.818+0000] {standard_task_runner.py:82} INFO - Running: ['***', 'tasks', 'run', 'dag_with_postgres_operator_v03', 'create_postgres_table', 'scheduled__2023-05-18T00:00:00+00:00', '--job-id', '922', '--raw', '--subdir', 'DAGS_FOLDER/postgres.py', '--cfg-path', '/tmp/tmp3y_q1ugt']
[2023-06-01T11:27:19.821+0000] {standard_task_runner.py:83} INFO - Job 922: Subtask create_postgres_table
[2023-06-01T11:27:20.035+0000] {task_command.py:389} INFO - Running <TaskInstance: dag_with_postgres_operator_v03.create_postgres_table scheduled__2023-05-18T00:00:00+00:00 [running]> on host 687ba427e841
[2023-06-01T11:27:20.278+0000] {taskinstance.py:1513} INFO - Exporting the following env vars:
AIRFLOW_CTX_DAG_OWNER=coder2j
AIRFLOW_CTX_DAG_ID=dag_with_postgres_operator_v03
AIRFLOW_CTX_TASK_ID=create_postgres_table
AIRFLOW_CTX_EXECUTION_DATE=2023-05-18T00:00:00+00:00
AIRFLOW_CTX_TRY_NUMBER=1
AIRFLOW_CTX_DAG_RUN_ID=scheduled__2023-05-18T00:00:00+00:00
[2023-06-01T11:27:20.280+0000] {sql.py:253} INFO - Executing: 
            create table if not exists dag_runs (
                dt date,
                dag_id character varying,
                primary key (dt, dag_id)
            )
        
[2023-06-01T11:27:20.304+0000] {base.py:73} INFO - Using connection ID 'postgres_localhost' for task execution.
[2023-06-01T11:27:21.052+0000] {base.py:73} INFO - Using connection ID 'postgres_localhost' for task execution.
[2023-06-01T11:27:21.087+0000] {sql.py:364} INFO - Running statement: 
            create table if not exists dag_runs (
                dt date,
                dag_id character varying,
                primary key (dt, dag_id)
            )
        , parameters: None
[2023-06-01T11:27:21.142+0000] {taskinstance.py:1327} INFO - Marking task as SUCCESS. dag_id=dag_with_postgres_operator_v03, task_id=create_postgres_table, execution_date=20230518T000000, start_date=20230601T112719, end_date=20230601T112721
[2023-06-01T11:27:21.235+0000] {local_task_job.py:159} INFO - Task exited with return code 0
[2023-06-01T11:27:21.365+0000] {taskinstance.py:2582} INFO - 0 downstream tasks scheduled from follow-on schedule check
