[2023-05-30T11:36:37.757+0000] {taskinstance.py:1087} INFO - Dependencies all met for <TaskInstance: our_dag_with_python_operator_v07.greet scheduled__2021-10-18T00:00:00+00:00 [queued]>
[2023-05-30T11:36:37.800+0000] {taskinstance.py:1087} INFO - Dependencies all met for <TaskInstance: our_dag_with_python_operator_v07.greet scheduled__2021-10-18T00:00:00+00:00 [queued]>
[2023-05-30T11:36:37.803+0000] {taskinstance.py:1283} INFO - 
--------------------------------------------------------------------------------
[2023-05-30T11:36:37.805+0000] {taskinstance.py:1284} INFO - Starting attempt 1 of 6
[2023-05-30T11:36:37.811+0000] {taskinstance.py:1285} INFO - 
--------------------------------------------------------------------------------
[2023-05-30T11:36:37.865+0000] {taskinstance.py:1304} INFO - Executing <Task(PythonOperator): greet> on 2021-10-18 00:00:00+00:00
[2023-05-30T11:36:37.897+0000] {standard_task_runner.py:55} INFO - Started process 5605 to run task
[2023-05-30T11:36:37.910+0000] {standard_task_runner.py:82} INFO - Running: ['***', 'tasks', 'run', 'our_dag_with_python_operator_v07', 'greet', 'scheduled__2021-10-18T00:00:00+00:00', '--job-id', '1162', '--raw', '--subdir', 'DAGS_FOLDER/dag_python_opr.py', '--cfg-path', '/tmp/tmp7ohyhnkv']
[2023-05-30T11:36:37.915+0000] {standard_task_runner.py:83} INFO - Job 1162: Subtask greet
[2023-05-30T11:36:38.139+0000] {task_command.py:389} INFO - Running <TaskInstance: our_dag_with_python_operator_v07.greet scheduled__2021-10-18T00:00:00+00:00 [running]> on host 49219f98c96e
[2023-05-30T11:36:38.357+0000] {taskinstance.py:1513} INFO - Exporting the following env vars:
AIRFLOW_CTX_DAG_OWNER=coder2j
AIRFLOW_CTX_DAG_ID=our_dag_with_python_operator_v07
AIRFLOW_CTX_TASK_ID=greet
AIRFLOW_CTX_EXECUTION_DATE=2021-10-18T00:00:00+00:00
AIRFLOW_CTX_TRY_NUMBER=1
AIRFLOW_CTX_DAG_RUN_ID=scheduled__2021-10-18T00:00:00+00:00
[2023-05-30T11:36:38.362+0000] {logging_mixin.py:137} INFO - some dict:  {'a': 1, 'b': 2}
[2023-05-30T11:36:38.462+0000] {logging_mixin.py:137} INFO - Hello World! My name is Jerry Fridman, and I am 19 years old!
[2023-05-30T11:36:38.464+0000] {python.py:177} INFO - Done. Returned value was: None
[2023-05-30T11:36:38.493+0000] {taskinstance.py:1327} INFO - Marking task as SUCCESS. dag_id=our_dag_with_python_operator_v07, task_id=greet, execution_date=20211018T000000, start_date=20230530T113637, end_date=20230530T113638
[2023-05-30T11:36:38.550+0000] {local_task_job.py:159} INFO - Task exited with return code 0
[2023-05-30T11:36:38.633+0000] {taskinstance.py:2582} INFO - 0 downstream tasks scheduled from follow-on schedule check
[2023-06-07T06:31:17.232+0000] {taskinstance.py:1087} INFO - Dependencies all met for <TaskInstance: our_dag_with_python_operator_v07.greet scheduled__2021-10-18T00:00:00+00:00 [queued]>
[2023-06-07T06:31:17.351+0000] {taskinstance.py:1087} INFO - Dependencies all met for <TaskInstance: our_dag_with_python_operator_v07.greet scheduled__2021-10-18T00:00:00+00:00 [queued]>
[2023-06-07T06:31:17.354+0000] {taskinstance.py:1283} INFO - 
--------------------------------------------------------------------------------
[2023-06-07T06:31:17.358+0000] {taskinstance.py:1284} INFO - Starting attempt 1 of 6
[2023-06-07T06:31:17.360+0000] {taskinstance.py:1285} INFO - 
--------------------------------------------------------------------------------
[2023-06-07T06:31:17.492+0000] {taskinstance.py:1304} INFO - Executing <Task(PythonOperator): greet> on 2021-10-18 00:00:00+00:00
[2023-06-07T06:31:17.500+0000] {standard_task_runner.py:55} INFO - Started process 582 to run task
[2023-06-07T06:31:17.517+0000] {standard_task_runner.py:82} INFO - Running: ['***', 'tasks', 'run', 'our_dag_with_python_operator_v07', 'greet', 'scheduled__2021-10-18T00:00:00+00:00', '--job-id', '1062', '--raw', '--subdir', 'DAGS_FOLDER/dag_python_opr.py', '--cfg-path', '/tmp/tmpfnk9_wnu']
[2023-06-07T06:31:17.520+0000] {standard_task_runner.py:83} INFO - Job 1062: Subtask greet
[2023-06-07T06:31:17.840+0000] {task_command.py:389} INFO - Running <TaskInstance: our_dag_with_python_operator_v07.greet scheduled__2021-10-18T00:00:00+00:00 [running]> on host 026ed797f3b3
[2023-06-07T06:31:18.169+0000] {taskinstance.py:1513} INFO - Exporting the following env vars:
AIRFLOW_CTX_DAG_OWNER=coder2j
AIRFLOW_CTX_DAG_ID=our_dag_with_python_operator_v07
AIRFLOW_CTX_TASK_ID=greet
AIRFLOW_CTX_EXECUTION_DATE=2021-10-18T00:00:00+00:00
AIRFLOW_CTX_TRY_NUMBER=1
AIRFLOW_CTX_DAG_RUN_ID=scheduled__2021-10-18T00:00:00+00:00
[2023-06-07T06:31:18.172+0000] {logging_mixin.py:137} INFO - some dict:  {'a': 1, 'b': 2}
[2023-06-07T06:31:18.269+0000] {logging_mixin.py:137} INFO - Hello World! My name is Jerry Fridman, and I am 19 years old!
[2023-06-07T06:31:18.271+0000] {python.py:177} INFO - Done. Returned value was: None
[2023-06-07T06:31:18.291+0000] {taskinstance.py:1327} INFO - Marking task as SUCCESS. dag_id=our_dag_with_python_operator_v07, task_id=greet, execution_date=20211018T000000, start_date=20230607T063117, end_date=20230607T063118
[2023-06-07T06:31:18.382+0000] {local_task_job.py:159} INFO - Task exited with return code 0
[2023-06-07T06:31:18.432+0000] {taskinstance.py:2582} INFO - 0 downstream tasks scheduled from follow-on schedule check
