[2023-05-30T11:36:53.260+0000] {taskinstance.py:1087} INFO - Dependencies all met for <TaskInstance: our_dag_with_python_operator_v07.get_name scheduled__2021-11-08T00:00:00+00:00 [queued]>
[2023-05-30T11:36:53.295+0000] {taskinstance.py:1087} INFO - Dependencies all met for <TaskInstance: our_dag_with_python_operator_v07.get_name scheduled__2021-11-08T00:00:00+00:00 [queued]>
[2023-05-30T11:36:53.298+0000] {taskinstance.py:1283} INFO - 
--------------------------------------------------------------------------------
[2023-05-30T11:36:53.300+0000] {taskinstance.py:1284} INFO - Starting attempt 1 of 6
[2023-05-30T11:36:53.302+0000] {taskinstance.py:1285} INFO - 
--------------------------------------------------------------------------------
[2023-05-30T11:36:53.349+0000] {taskinstance.py:1304} INFO - Executing <Task(PythonOperator): get_name> on 2021-11-08 00:00:00+00:00
[2023-05-30T11:36:53.371+0000] {standard_task_runner.py:55} INFO - Started process 5717 to run task
[2023-05-30T11:36:53.379+0000] {standard_task_runner.py:82} INFO - Running: ['***', 'tasks', 'run', 'our_dag_with_python_operator_v07', 'get_name', 'scheduled__2021-11-08T00:00:00+00:00', '--job-id', '1212', '--raw', '--subdir', 'DAGS_FOLDER/dag_python_opr.py', '--cfg-path', '/tmp/tmpggacx66a']
[2023-05-30T11:36:53.387+0000] {standard_task_runner.py:83} INFO - Job 1212: Subtask get_name
[2023-05-30T11:36:53.585+0000] {task_command.py:389} INFO - Running <TaskInstance: our_dag_with_python_operator_v07.get_name scheduled__2021-11-08T00:00:00+00:00 [running]> on host 49219f98c96e
[2023-05-30T11:36:53.762+0000] {taskinstance.py:1513} INFO - Exporting the following env vars:
AIRFLOW_CTX_DAG_OWNER=coder2j
AIRFLOW_CTX_DAG_ID=our_dag_with_python_operator_v07
AIRFLOW_CTX_TASK_ID=get_name
AIRFLOW_CTX_EXECUTION_DATE=2021-11-08T00:00:00+00:00
AIRFLOW_CTX_TRY_NUMBER=1
AIRFLOW_CTX_DAG_RUN_ID=scheduled__2021-11-08T00:00:00+00:00
[2023-05-30T11:36:53.838+0000] {python.py:177} INFO - Done. Returned value was: None
[2023-05-30T11:36:53.882+0000] {taskinstance.py:1327} INFO - Marking task as SUCCESS. dag_id=our_dag_with_python_operator_v07, task_id=get_name, execution_date=20211108T000000, start_date=20230530T113653, end_date=20230530T113653
[2023-05-30T11:36:53.967+0000] {local_task_job.py:159} INFO - Task exited with return code 0
[2023-05-30T11:36:54.046+0000] {taskinstance.py:2582} INFO - 0 downstream tasks scheduled from follow-on schedule check
[2023-06-07T06:32:04.349+0000] {taskinstance.py:1087} INFO - Dependencies all met for <TaskInstance: our_dag_with_python_operator_v07.get_name scheduled__2021-11-08T00:00:00+00:00 [queued]>
[2023-06-07T06:32:04.406+0000] {taskinstance.py:1087} INFO - Dependencies all met for <TaskInstance: our_dag_with_python_operator_v07.get_name scheduled__2021-11-08T00:00:00+00:00 [queued]>
[2023-06-07T06:32:04.408+0000] {taskinstance.py:1283} INFO - 
--------------------------------------------------------------------------------
[2023-06-07T06:32:04.410+0000] {taskinstance.py:1284} INFO - Starting attempt 1 of 6
[2023-06-07T06:32:04.412+0000] {taskinstance.py:1285} INFO - 
--------------------------------------------------------------------------------
[2023-06-07T06:32:04.545+0000] {taskinstance.py:1304} INFO - Executing <Task(PythonOperator): get_name> on 2021-11-08 00:00:00+00:00
[2023-06-07T06:32:04.563+0000] {standard_task_runner.py:55} INFO - Started process 946 to run task
[2023-06-07T06:32:04.623+0000] {standard_task_runner.py:82} INFO - Running: ['***', 'tasks', 'run', 'our_dag_with_python_operator_v07', 'get_name', 'scheduled__2021-11-08T00:00:00+00:00', '--job-id', '1189', '--raw', '--subdir', 'DAGS_FOLDER/dag_python_opr.py', '--cfg-path', '/tmp/tmp56j0dk9p']
[2023-06-07T06:32:04.626+0000] {standard_task_runner.py:83} INFO - Job 1189: Subtask get_name
[2023-06-07T06:32:05.082+0000] {task_command.py:389} INFO - Running <TaskInstance: our_dag_with_python_operator_v07.get_name scheduled__2021-11-08T00:00:00+00:00 [running]> on host 026ed797f3b3
[2023-06-07T06:32:05.563+0000] {taskinstance.py:1513} INFO - Exporting the following env vars:
AIRFLOW_CTX_DAG_OWNER=coder2j
AIRFLOW_CTX_DAG_ID=our_dag_with_python_operator_v07
AIRFLOW_CTX_TASK_ID=get_name
AIRFLOW_CTX_EXECUTION_DATE=2021-11-08T00:00:00+00:00
AIRFLOW_CTX_TRY_NUMBER=1
AIRFLOW_CTX_DAG_RUN_ID=scheduled__2021-11-08T00:00:00+00:00
[2023-06-07T06:32:05.706+0000] {python.py:177} INFO - Done. Returned value was: None
[2023-06-07T06:32:05.809+0000] {taskinstance.py:1327} INFO - Marking task as SUCCESS. dag_id=our_dag_with_python_operator_v07, task_id=get_name, execution_date=20211108T000000, start_date=20230607T063204, end_date=20230607T063205
[2023-06-07T06:32:05.948+0000] {local_task_job.py:159} INFO - Task exited with return code 0
[2023-06-07T06:32:06.115+0000] {taskinstance.py:2582} INFO - 1 downstream tasks scheduled from follow-on schedule check
