[2023-05-30T11:31:19.136+0000] {taskinstance.py:1087} INFO - Dependencies all met for <TaskInstance: our_first_dag_v5.thrid_task scheduled__2022-02-05T00:00:00+00:00 [queued]>
[2023-05-30T11:31:19.159+0000] {taskinstance.py:1087} INFO - Dependencies all met for <TaskInstance: our_first_dag_v5.thrid_task scheduled__2022-02-05T00:00:00+00:00 [queued]>
[2023-05-30T11:31:19.170+0000] {taskinstance.py:1283} INFO - 
--------------------------------------------------------------------------------
[2023-05-30T11:31:19.172+0000] {taskinstance.py:1284} INFO - Starting attempt 1 of 6
[2023-05-30T11:31:19.173+0000] {taskinstance.py:1285} INFO - 
--------------------------------------------------------------------------------
[2023-05-30T11:31:19.210+0000] {taskinstance.py:1304} INFO - Executing <Task(BashOperator): thrid_task> on 2022-02-05 00:00:00+00:00
[2023-05-30T11:31:19.237+0000] {standard_task_runner.py:55} INFO - Started process 3576 to run task
[2023-05-30T11:31:19.247+0000] {standard_task_runner.py:82} INFO - Running: ['***', 'tasks', 'run', 'our_first_dag_v5', 'thrid_task', 'scheduled__2022-02-05T00:00:00+00:00', '--job-id', '578', '--raw', '--subdir', 'DAGS_FOLDER/first_Dag.py', '--cfg-path', '/tmp/tmp2ja_usgf']
[2023-05-30T11:31:19.250+0000] {standard_task_runner.py:83} INFO - Job 578: Subtask thrid_task
[2023-05-30T11:31:19.454+0000] {task_command.py:389} INFO - Running <TaskInstance: our_first_dag_v5.thrid_task scheduled__2022-02-05T00:00:00+00:00 [running]> on host 49219f98c96e
[2023-05-30T11:31:19.789+0000] {taskinstance.py:1513} INFO - Exporting the following env vars:
AIRFLOW_CTX_DAG_OWNER=coder2j
AIRFLOW_CTX_DAG_ID=our_first_dag_v5
AIRFLOW_CTX_TASK_ID=thrid_task
AIRFLOW_CTX_EXECUTION_DATE=2022-02-05T00:00:00+00:00
AIRFLOW_CTX_TRY_NUMBER=1
AIRFLOW_CTX_DAG_RUN_ID=scheduled__2022-02-05T00:00:00+00:00
[2023-05-30T11:31:19.796+0000] {subprocess.py:63} INFO - Tmp dir root location: 
 /tmp
[2023-05-30T11:31:19.798+0000] {subprocess.py:75} INFO - Running command: ['/bin/bash', '-c', 'echo hey, I am task3 and will be running after task1 at the same time as task2!']
[2023-05-30T11:31:19.860+0000] {subprocess.py:86} INFO - Output:
[2023-05-30T11:31:19.880+0000] {subprocess.py:93} INFO - hey, I am task3 and will be running after task1 at the same time as task2!
[2023-05-30T11:31:19.892+0000] {subprocess.py:97} INFO - Command exited with return code 0
[2023-05-30T11:31:19.971+0000] {taskinstance.py:1327} INFO - Marking task as SUCCESS. dag_id=our_first_dag_v5, task_id=thrid_task, execution_date=20220205T000000, start_date=20230530T113119, end_date=20230530T113119
[2023-05-30T11:31:20.088+0000] {local_task_job.py:159} INFO - Task exited with return code 0
[2023-05-30T11:31:20.214+0000] {taskinstance.py:2582} INFO - 0 downstream tasks scheduled from follow-on schedule check
[2023-06-07T06:38:39.728+0000] {taskinstance.py:1087} INFO - Dependencies all met for <TaskInstance: our_first_dag_v5.thrid_task scheduled__2022-02-05T00:00:00+00:00 [queued]>
[2023-06-07T06:38:39.900+0000] {taskinstance.py:1087} INFO - Dependencies all met for <TaskInstance: our_first_dag_v5.thrid_task scheduled__2022-02-05T00:00:00+00:00 [queued]>
[2023-06-07T06:38:39.905+0000] {taskinstance.py:1283} INFO - 
--------------------------------------------------------------------------------
[2023-06-07T06:38:39.909+0000] {taskinstance.py:1284} INFO - Starting attempt 1 of 6
[2023-06-07T06:38:39.911+0000] {taskinstance.py:1285} INFO - 
--------------------------------------------------------------------------------
[2023-06-07T06:38:40.121+0000] {taskinstance.py:1304} INFO - Executing <Task(BashOperator): thrid_task> on 2022-02-05 00:00:00+00:00
[2023-06-07T06:38:40.146+0000] {standard_task_runner.py:55} INFO - Started process 3629 to run task
[2023-06-07T06:38:40.233+0000] {standard_task_runner.py:82} INFO - Running: ['***', 'tasks', 'run', 'our_first_dag_v5', 'thrid_task', 'scheduled__2022-02-05T00:00:00+00:00', '--job-id', '2162', '--raw', '--subdir', 'DAGS_FOLDER/first_Dag.py', '--cfg-path', '/tmp/tmps5w151kv']
[2023-06-07T06:38:40.237+0000] {standard_task_runner.py:83} INFO - Job 2162: Subtask thrid_task
[2023-06-07T06:38:40.545+0000] {task_command.py:389} INFO - Running <TaskInstance: our_first_dag_v5.thrid_task scheduled__2022-02-05T00:00:00+00:00 [running]> on host 026ed797f3b3
[2023-06-07T06:38:40.989+0000] {taskinstance.py:1513} INFO - Exporting the following env vars:
AIRFLOW_CTX_DAG_OWNER=coder2j
AIRFLOW_CTX_DAG_ID=our_first_dag_v5
AIRFLOW_CTX_TASK_ID=thrid_task
AIRFLOW_CTX_EXECUTION_DATE=2022-02-05T00:00:00+00:00
AIRFLOW_CTX_TRY_NUMBER=1
AIRFLOW_CTX_DAG_RUN_ID=scheduled__2022-02-05T00:00:00+00:00
[2023-06-07T06:38:40.992+0000] {subprocess.py:63} INFO - Tmp dir root location: 
 /tmp
[2023-06-07T06:38:40.998+0000] {subprocess.py:75} INFO - Running command: ['/bin/bash', '-c', 'echo hey, I am task3 and will be running after task1 at the same time as task2!']
[2023-06-07T06:38:41.092+0000] {subprocess.py:86} INFO - Output:
[2023-06-07T06:38:41.104+0000] {subprocess.py:93} INFO - hey, I am task3 and will be running after task1 at the same time as task2!
[2023-06-07T06:38:41.112+0000] {subprocess.py:97} INFO - Command exited with return code 0
[2023-06-07T06:38:41.229+0000] {taskinstance.py:1327} INFO - Marking task as SUCCESS. dag_id=our_first_dag_v5, task_id=thrid_task, execution_date=20220205T000000, start_date=20230607T063839, end_date=20230607T063841
[2023-06-07T06:38:41.362+0000] {local_task_job.py:159} INFO - Task exited with return code 0
[2023-06-07T06:38:41.454+0000] {taskinstance.py:2582} INFO - 0 downstream tasks scheduled from follow-on schedule check
