[2023-05-30T12:32:50.927+0000] {taskinstance.py:1087} INFO - Dependencies all met for <TaskInstance: our_dag_with_python_operator_v07.get_name scheduled__2022-03-07T00:00:00+00:00 [queued]>
[2023-05-30T12:32:50.944+0000] {taskinstance.py:1087} INFO - Dependencies all met for <TaskInstance: our_dag_with_python_operator_v07.get_name scheduled__2022-03-07T00:00:00+00:00 [queued]>
[2023-05-30T12:32:50.946+0000] {taskinstance.py:1283} INFO - 
--------------------------------------------------------------------------------
[2023-05-30T12:32:50.947+0000] {taskinstance.py:1284} INFO - Starting attempt 1 of 6
[2023-05-30T12:32:50.951+0000] {taskinstance.py:1285} INFO - 
--------------------------------------------------------------------------------
[2023-05-30T12:32:50.992+0000] {taskinstance.py:1304} INFO - Executing <Task(PythonOperator): get_name> on 2022-03-07 00:00:00+00:00
[2023-05-30T12:32:51.000+0000] {standard_task_runner.py:55} INFO - Started process 10233 to run task
[2023-05-30T12:32:51.010+0000] {standard_task_runner.py:82} INFO - Running: ['***', 'tasks', 'run', 'our_dag_with_python_operator_v07', 'get_name', 'scheduled__2022-03-07T00:00:00+00:00', '--job-id', '1575', '--raw', '--subdir', 'DAGS_FOLDER/dag_python_opr.py', '--cfg-path', '/tmp/tmps6hw7vwj']
[2023-05-30T12:32:51.014+0000] {standard_task_runner.py:83} INFO - Job 1575: Subtask get_name
[2023-05-30T12:32:51.204+0000] {task_command.py:389} INFO - Running <TaskInstance: our_dag_with_python_operator_v07.get_name scheduled__2022-03-07T00:00:00+00:00 [running]> on host 49219f98c96e
[2023-05-30T12:32:51.376+0000] {taskinstance.py:1513} INFO - Exporting the following env vars:
AIRFLOW_CTX_DAG_OWNER=coder2j
AIRFLOW_CTX_DAG_ID=our_dag_with_python_operator_v07
AIRFLOW_CTX_TASK_ID=get_name
AIRFLOW_CTX_EXECUTION_DATE=2022-03-07T00:00:00+00:00
AIRFLOW_CTX_TRY_NUMBER=1
AIRFLOW_CTX_DAG_RUN_ID=scheduled__2022-03-07T00:00:00+00:00
[2023-05-30T12:32:51.452+0000] {python.py:177} INFO - Done. Returned value was: None
[2023-05-30T12:32:51.486+0000] {taskinstance.py:1327} INFO - Marking task as SUCCESS. dag_id=our_dag_with_python_operator_v07, task_id=get_name, execution_date=20220307T000000, start_date=20230530T123250, end_date=20230530T123251
[2023-05-30T12:32:51.557+0000] {local_task_job.py:159} INFO - Task exited with return code 0
[2023-05-30T12:32:51.630+0000] {taskinstance.py:2582} INFO - 1 downstream tasks scheduled from follow-on schedule check
[2023-06-07T06:36:43.339+0000] {taskinstance.py:1087} INFO - Dependencies all met for <TaskInstance: our_dag_with_python_operator_v07.get_name scheduled__2022-03-07T00:00:00+00:00 [queued]>
[2023-06-07T06:36:43.540+0000] {taskinstance.py:1087} INFO - Dependencies all met for <TaskInstance: our_dag_with_python_operator_v07.get_name scheduled__2022-03-07T00:00:00+00:00 [queued]>
[2023-06-07T06:36:43.546+0000] {taskinstance.py:1283} INFO - 
--------------------------------------------------------------------------------
[2023-06-07T06:36:43.554+0000] {taskinstance.py:1284} INFO - Starting attempt 1 of 6
[2023-06-07T06:36:43.562+0000] {taskinstance.py:1285} INFO - 
--------------------------------------------------------------------------------
[2023-06-07T06:36:43.881+0000] {taskinstance.py:1304} INFO - Executing <Task(PythonOperator): get_name> on 2022-03-07 00:00:00+00:00
[2023-06-07T06:36:43.961+0000] {standard_task_runner.py:55} INFO - Started process 2793 to run task
[2023-06-07T06:36:43.985+0000] {standard_task_runner.py:82} INFO - Running: ['***', 'tasks', 'run', 'our_dag_with_python_operator_v07', 'get_name', 'scheduled__2022-03-07T00:00:00+00:00', '--job-id', '1863', '--raw', '--subdir', 'DAGS_FOLDER/dag_python_opr.py', '--cfg-path', '/tmp/tmpm5q1g702']
[2023-06-07T06:36:43.989+0000] {standard_task_runner.py:83} INFO - Job 1863: Subtask get_name
[2023-06-07T06:36:44.686+0000] {task_command.py:389} INFO - Running <TaskInstance: our_dag_with_python_operator_v07.get_name scheduled__2022-03-07T00:00:00+00:00 [running]> on host 026ed797f3b3
[2023-06-07T06:36:45.291+0000] {taskinstance.py:1513} INFO - Exporting the following env vars:
AIRFLOW_CTX_DAG_OWNER=coder2j
AIRFLOW_CTX_DAG_ID=our_dag_with_python_operator_v07
AIRFLOW_CTX_TASK_ID=get_name
AIRFLOW_CTX_EXECUTION_DATE=2022-03-07T00:00:00+00:00
AIRFLOW_CTX_TRY_NUMBER=1
AIRFLOW_CTX_DAG_RUN_ID=scheduled__2022-03-07T00:00:00+00:00
[2023-06-07T06:36:45.543+0000] {python.py:177} INFO - Done. Returned value was: None
[2023-06-07T06:36:45.644+0000] {taskinstance.py:1327} INFO - Marking task as SUCCESS. dag_id=our_dag_with_python_operator_v07, task_id=get_name, execution_date=20220307T000000, start_date=20230607T063643, end_date=20230607T063645
[2023-06-07T06:36:45.969+0000] {local_task_job.py:159} INFO - Task exited with return code 0
[2023-06-07T06:36:46.311+0000] {taskinstance.py:2582} INFO - 1 downstream tasks scheduled from follow-on schedule check
