[2023-05-30T11:31:25.936+0000] {taskinstance.py:1087} INFO - Dependencies all met for <TaskInstance: our_first_dag_v5.second_task scheduled__2022-02-10T00:00:00+00:00 [queued]>
[2023-05-30T11:31:25.995+0000] {taskinstance.py:1087} INFO - Dependencies all met for <TaskInstance: our_first_dag_v5.second_task scheduled__2022-02-10T00:00:00+00:00 [queued]>
[2023-05-30T11:31:25.998+0000] {taskinstance.py:1283} INFO - 
--------------------------------------------------------------------------------
[2023-05-30T11:31:26.000+0000] {taskinstance.py:1284} INFO - Starting attempt 1 of 6
[2023-05-30T11:31:26.002+0000] {taskinstance.py:1285} INFO - 
--------------------------------------------------------------------------------
[2023-05-30T11:31:26.053+0000] {taskinstance.py:1304} INFO - Executing <Task(BashOperator): second_task> on 2022-02-10 00:00:00+00:00
[2023-05-30T11:31:26.060+0000] {standard_task_runner.py:55} INFO - Started process 3642 to run task
[2023-05-30T11:31:26.083+0000] {standard_task_runner.py:82} INFO - Running: ['***', 'tasks', 'run', 'our_first_dag_v5', 'second_task', 'scheduled__2022-02-10T00:00:00+00:00', '--job-id', '595', '--raw', '--subdir', 'DAGS_FOLDER/first_Dag.py', '--cfg-path', '/tmp/tmpv5ht464j']
[2023-05-30T11:31:26.087+0000] {standard_task_runner.py:83} INFO - Job 595: Subtask second_task
[2023-05-30T11:31:26.361+0000] {task_command.py:389} INFO - Running <TaskInstance: our_first_dag_v5.second_task scheduled__2022-02-10T00:00:00+00:00 [running]> on host 49219f98c96e
[2023-05-30T11:31:26.726+0000] {taskinstance.py:1513} INFO - Exporting the following env vars:
AIRFLOW_CTX_DAG_OWNER=coder2j
AIRFLOW_CTX_DAG_ID=our_first_dag_v5
AIRFLOW_CTX_TASK_ID=second_task
AIRFLOW_CTX_EXECUTION_DATE=2022-02-10T00:00:00+00:00
AIRFLOW_CTX_TRY_NUMBER=1
AIRFLOW_CTX_DAG_RUN_ID=scheduled__2022-02-10T00:00:00+00:00
[2023-05-30T11:31:26.733+0000] {subprocess.py:63} INFO - Tmp dir root location: 
 /tmp
[2023-05-30T11:31:26.739+0000] {subprocess.py:75} INFO - Running command: ['/bin/bash', '-c', 'echo hey, I am task2 and will be running after task1!']
[2023-05-30T11:31:26.773+0000] {subprocess.py:86} INFO - Output:
[2023-05-30T11:31:26.778+0000] {subprocess.py:93} INFO - hey, I am task2 and will be running after task1!
[2023-05-30T11:31:26.780+0000] {subprocess.py:97} INFO - Command exited with return code 0
[2023-05-30T11:31:26.871+0000] {taskinstance.py:1327} INFO - Marking task as SUCCESS. dag_id=our_first_dag_v5, task_id=second_task, execution_date=20220210T000000, start_date=20230530T113125, end_date=20230530T113126
[2023-05-30T11:31:26.961+0000] {local_task_job.py:159} INFO - Task exited with return code 0
[2023-05-30T11:31:27.013+0000] {taskinstance.py:2582} INFO - 0 downstream tasks scheduled from follow-on schedule check
[2023-06-07T06:38:46.590+0000] {taskinstance.py:1087} INFO - Dependencies all met for <TaskInstance: our_first_dag_v5.second_task scheduled__2022-02-10T00:00:00+00:00 [queued]>
[2023-06-07T06:38:46.705+0000] {taskinstance.py:1087} INFO - Dependencies all met for <TaskInstance: our_first_dag_v5.second_task scheduled__2022-02-10T00:00:00+00:00 [queued]>
[2023-06-07T06:38:46.709+0000] {taskinstance.py:1283} INFO - 
--------------------------------------------------------------------------------
[2023-06-07T06:38:46.713+0000] {taskinstance.py:1284} INFO - Starting attempt 1 of 6
[2023-06-07T06:38:46.717+0000] {taskinstance.py:1285} INFO - 
--------------------------------------------------------------------------------
[2023-06-07T06:38:46.832+0000] {taskinstance.py:1304} INFO - Executing <Task(BashOperator): second_task> on 2022-02-10 00:00:00+00:00
[2023-06-07T06:38:46.930+0000] {standard_task_runner.py:82} INFO - Running: ['***', 'tasks', 'run', 'our_first_dag_v5', 'second_task', 'scheduled__2022-02-10T00:00:00+00:00', '--job-id', '2181', '--raw', '--subdir', 'DAGS_FOLDER/first_Dag.py', '--cfg-path', '/tmp/tmp44wmps9q']
[2023-06-07T06:38:46.936+0000] {standard_task_runner.py:83} INFO - Job 2181: Subtask second_task
[2023-06-07T06:38:46.905+0000] {standard_task_runner.py:55} INFO - Started process 3676 to run task
[2023-06-07T06:38:47.402+0000] {task_command.py:389} INFO - Running <TaskInstance: our_first_dag_v5.second_task scheduled__2022-02-10T00:00:00+00:00 [running]> on host 026ed797f3b3
[2023-06-07T06:38:47.839+0000] {taskinstance.py:1513} INFO - Exporting the following env vars:
AIRFLOW_CTX_DAG_OWNER=coder2j
AIRFLOW_CTX_DAG_ID=our_first_dag_v5
AIRFLOW_CTX_TASK_ID=second_task
AIRFLOW_CTX_EXECUTION_DATE=2022-02-10T00:00:00+00:00
AIRFLOW_CTX_TRY_NUMBER=1
AIRFLOW_CTX_DAG_RUN_ID=scheduled__2022-02-10T00:00:00+00:00
[2023-06-07T06:38:47.856+0000] {subprocess.py:63} INFO - Tmp dir root location: 
 /tmp
[2023-06-07T06:38:47.867+0000] {subprocess.py:75} INFO - Running command: ['/bin/bash', '-c', 'echo hey, I am task2 and will be running after task1!']
[2023-06-07T06:38:47.957+0000] {subprocess.py:86} INFO - Output:
[2023-06-07T06:38:47.964+0000] {subprocess.py:93} INFO - hey, I am task2 and will be running after task1!
[2023-06-07T06:38:47.972+0000] {subprocess.py:97} INFO - Command exited with return code 0
[2023-06-07T06:38:48.071+0000] {taskinstance.py:1327} INFO - Marking task as SUCCESS. dag_id=our_first_dag_v5, task_id=second_task, execution_date=20220210T000000, start_date=20230607T063846, end_date=20230607T063848
[2023-06-07T06:38:48.162+0000] {local_task_job.py:159} INFO - Task exited with return code 0
[2023-06-07T06:38:48.237+0000] {taskinstance.py:2582} INFO - 0 downstream tasks scheduled from follow-on schedule check
