[2023-05-30T11:30:01.789+0000] {taskinstance.py:1087} INFO - Dependencies all met for <TaskInstance: our_first_dag_v5.thrid_task scheduled__2021-11-26T00:00:00+00:00 [queued]>
[2023-05-30T11:30:01.824+0000] {taskinstance.py:1087} INFO - Dependencies all met for <TaskInstance: our_first_dag_v5.thrid_task scheduled__2021-11-26T00:00:00+00:00 [queued]>
[2023-05-30T11:30:01.830+0000] {taskinstance.py:1283} INFO - 
--------------------------------------------------------------------------------
[2023-05-30T11:30:01.831+0000] {taskinstance.py:1284} INFO - Starting attempt 1 of 6
[2023-05-30T11:30:01.832+0000] {taskinstance.py:1285} INFO - 
--------------------------------------------------------------------------------
[2023-05-30T11:30:01.917+0000] {taskinstance.py:1304} INFO - Executing <Task(BashOperator): thrid_task> on 2021-11-26 00:00:00+00:00
[2023-05-30T11:30:01.934+0000] {standard_task_runner.py:55} INFO - Started process 2872 to run task
[2023-05-30T11:30:01.948+0000] {standard_task_runner.py:82} INFO - Running: ['***', 'tasks', 'run', 'our_first_dag_v5', 'thrid_task', 'scheduled__2021-11-26T00:00:00+00:00', '--job-id', '368', '--raw', '--subdir', 'DAGS_FOLDER/first_Dag.py', '--cfg-path', '/tmp/tmpb0xprnv3']
[2023-05-30T11:30:01.959+0000] {standard_task_runner.py:83} INFO - Job 368: Subtask thrid_task
[2023-05-30T11:30:02.280+0000] {task_command.py:389} INFO - Running <TaskInstance: our_first_dag_v5.thrid_task scheduled__2021-11-26T00:00:00+00:00 [running]> on host 49219f98c96e
[2023-05-30T11:30:02.519+0000] {taskinstance.py:1513} INFO - Exporting the following env vars:
AIRFLOW_CTX_DAG_OWNER=coder2j
AIRFLOW_CTX_DAG_ID=our_first_dag_v5
AIRFLOW_CTX_TASK_ID=thrid_task
AIRFLOW_CTX_EXECUTION_DATE=2021-11-26T00:00:00+00:00
AIRFLOW_CTX_TRY_NUMBER=1
AIRFLOW_CTX_DAG_RUN_ID=scheduled__2021-11-26T00:00:00+00:00
[2023-05-30T11:30:02.521+0000] {subprocess.py:63} INFO - Tmp dir root location: 
 /tmp
[2023-05-30T11:30:02.525+0000] {subprocess.py:75} INFO - Running command: ['/bin/bash', '-c', 'echo hey, I am task3 and will be running after task1 at the same time as task2!']
[2023-05-30T11:30:02.559+0000] {subprocess.py:86} INFO - Output:
[2023-05-30T11:30:02.563+0000] {subprocess.py:93} INFO - hey, I am task3 and will be running after task1 at the same time as task2!
[2023-05-30T11:30:02.565+0000] {subprocess.py:97} INFO - Command exited with return code 0
[2023-05-30T11:30:02.652+0000] {taskinstance.py:1327} INFO - Marking task as SUCCESS. dag_id=our_first_dag_v5, task_id=thrid_task, execution_date=20211126T000000, start_date=20230530T113001, end_date=20230530T113002
[2023-05-30T11:30:02.728+0000] {local_task_job.py:159} INFO - Task exited with return code 0
[2023-05-30T11:30:02.802+0000] {taskinstance.py:2582} INFO - 0 downstream tasks scheduled from follow-on schedule check
[2023-06-07T06:35:31.873+0000] {taskinstance.py:1087} INFO - Dependencies all met for <TaskInstance: our_first_dag_v5.thrid_task scheduled__2021-11-26T00:00:00+00:00 [queued]>
[2023-06-07T06:35:31.937+0000] {taskinstance.py:1087} INFO - Dependencies all met for <TaskInstance: our_first_dag_v5.thrid_task scheduled__2021-11-26T00:00:00+00:00 [queued]>
[2023-06-07T06:35:31.942+0000] {taskinstance.py:1283} INFO - 
--------------------------------------------------------------------------------
[2023-06-07T06:35:31.944+0000] {taskinstance.py:1284} INFO - Starting attempt 1 of 6
[2023-06-07T06:35:31.946+0000] {taskinstance.py:1285} INFO - 
--------------------------------------------------------------------------------
[2023-06-07T06:35:32.037+0000] {taskinstance.py:1304} INFO - Executing <Task(BashOperator): thrid_task> on 2021-11-26 00:00:00+00:00
[2023-06-07T06:35:32.065+0000] {standard_task_runner.py:55} INFO - Started process 2453 to run task
[2023-06-07T06:35:32.099+0000] {standard_task_runner.py:82} INFO - Running: ['***', 'tasks', 'run', 'our_first_dag_v5', 'thrid_task', 'scheduled__2021-11-26T00:00:00+00:00', '--job-id', '1744', '--raw', '--subdir', 'DAGS_FOLDER/first_Dag.py', '--cfg-path', '/tmp/tmpgdcyy0u0']
[2023-06-07T06:35:32.101+0000] {standard_task_runner.py:83} INFO - Job 1744: Subtask thrid_task
[2023-06-07T06:35:32.499+0000] {task_command.py:389} INFO - Running <TaskInstance: our_first_dag_v5.thrid_task scheduled__2021-11-26T00:00:00+00:00 [running]> on host 026ed797f3b3
[2023-06-07T06:35:32.994+0000] {taskinstance.py:1513} INFO - Exporting the following env vars:
AIRFLOW_CTX_DAG_OWNER=coder2j
AIRFLOW_CTX_DAG_ID=our_first_dag_v5
AIRFLOW_CTX_TASK_ID=thrid_task
AIRFLOW_CTX_EXECUTION_DATE=2021-11-26T00:00:00+00:00
AIRFLOW_CTX_TRY_NUMBER=1
AIRFLOW_CTX_DAG_RUN_ID=scheduled__2021-11-26T00:00:00+00:00
[2023-06-07T06:35:33.001+0000] {subprocess.py:63} INFO - Tmp dir root location: 
 /tmp
[2023-06-07T06:35:33.003+0000] {subprocess.py:75} INFO - Running command: ['/bin/bash', '-c', 'echo hey, I am task3 and will be running after task1 at the same time as task2!']
[2023-06-07T06:35:33.085+0000] {subprocess.py:86} INFO - Output:
[2023-06-07T06:35:33.095+0000] {subprocess.py:93} INFO - hey, I am task3 and will be running after task1 at the same time as task2!
[2023-06-07T06:35:33.100+0000] {subprocess.py:97} INFO - Command exited with return code 0
[2023-06-07T06:35:33.445+0000] {taskinstance.py:1327} INFO - Marking task as SUCCESS. dag_id=our_first_dag_v5, task_id=thrid_task, execution_date=20211126T000000, start_date=20230607T063531, end_date=20230607T063533
[2023-06-07T06:35:34.138+0000] {local_task_job.py:159} INFO - Task exited with return code 0
[2023-06-07T06:35:34.495+0000] {taskinstance.py:2582} INFO - 0 downstream tasks scheduled from follow-on schedule check
