[2023-05-30T12:34:07.910+0000] {taskinstance.py:1087} INFO - Dependencies all met for <TaskInstance: our_dag_with_python_operator_v07.get_age scheduled__2022-05-18T00:00:00+00:00 [queued]>
[2023-05-30T12:34:07.948+0000] {taskinstance.py:1087} INFO - Dependencies all met for <TaskInstance: our_dag_with_python_operator_v07.get_age scheduled__2022-05-18T00:00:00+00:00 [queued]>
[2023-05-30T12:34:07.949+0000] {taskinstance.py:1283} INFO - 
--------------------------------------------------------------------------------
[2023-05-30T12:34:07.951+0000] {taskinstance.py:1284} INFO - Starting attempt 1 of 6
[2023-05-30T12:34:07.954+0000] {taskinstance.py:1285} INFO - 
--------------------------------------------------------------------------------
[2023-05-30T12:34:07.988+0000] {taskinstance.py:1304} INFO - Executing <Task(PythonOperator): get_age> on 2022-05-18 00:00:00+00:00
[2023-05-30T12:34:08.002+0000] {standard_task_runner.py:55} INFO - Started process 10729 to run task
[2023-05-30T12:34:08.027+0000] {standard_task_runner.py:82} INFO - Running: ['***', 'tasks', 'run', 'our_dag_with_python_operator_v07', 'get_age', 'scheduled__2022-05-18T00:00:00+00:00', '--job-id', '1789', '--raw', '--subdir', 'DAGS_FOLDER/dag_python_opr.py', '--cfg-path', '/tmp/tmplwftp230']
[2023-05-30T12:34:08.037+0000] {standard_task_runner.py:83} INFO - Job 1789: Subtask get_age
[2023-05-30T12:34:08.237+0000] {task_command.py:389} INFO - Running <TaskInstance: our_dag_with_python_operator_v07.get_age scheduled__2022-05-18T00:00:00+00:00 [running]> on host 49219f98c96e
[2023-05-30T12:34:08.485+0000] {taskinstance.py:1513} INFO - Exporting the following env vars:
AIRFLOW_CTX_DAG_OWNER=coder2j
AIRFLOW_CTX_DAG_ID=our_dag_with_python_operator_v07
AIRFLOW_CTX_TASK_ID=get_age
AIRFLOW_CTX_EXECUTION_DATE=2022-05-18T00:00:00+00:00
AIRFLOW_CTX_TRY_NUMBER=1
AIRFLOW_CTX_DAG_RUN_ID=scheduled__2022-05-18T00:00:00+00:00
[2023-05-30T12:34:08.564+0000] {python.py:177} INFO - Done. Returned value was: None
[2023-05-30T12:34:08.605+0000] {taskinstance.py:1327} INFO - Marking task as SUCCESS. dag_id=our_dag_with_python_operator_v07, task_id=get_age, execution_date=20220518T000000, start_date=20230530T123407, end_date=20230530T123408
[2023-05-30T12:34:08.666+0000] {local_task_job.py:159} INFO - Task exited with return code 0
[2023-05-30T12:34:08.784+0000] {taskinstance.py:2582} INFO - 0 downstream tasks scheduled from follow-on schedule check
[2023-06-07T06:39:39.189+0000] {taskinstance.py:1087} INFO - Dependencies all met for <TaskInstance: our_dag_with_python_operator_v07.get_age scheduled__2022-05-18T00:00:00+00:00 [queued]>
[2023-06-07T06:39:39.259+0000] {taskinstance.py:1087} INFO - Dependencies all met for <TaskInstance: our_dag_with_python_operator_v07.get_age scheduled__2022-05-18T00:00:00+00:00 [queued]>
[2023-06-07T06:39:39.260+0000] {taskinstance.py:1283} INFO - 
--------------------------------------------------------------------------------
[2023-06-07T06:39:39.262+0000] {taskinstance.py:1284} INFO - Starting attempt 1 of 6
[2023-06-07T06:39:39.263+0000] {taskinstance.py:1285} INFO - 
--------------------------------------------------------------------------------
[2023-06-07T06:39:39.431+0000] {taskinstance.py:1304} INFO - Executing <Task(PythonOperator): get_age> on 2022-05-18 00:00:00+00:00
[2023-06-07T06:39:39.466+0000] {standard_task_runner.py:55} INFO - Started process 3991 to run task
[2023-06-07T06:39:39.541+0000] {standard_task_runner.py:82} INFO - Running: ['***', 'tasks', 'run', 'our_dag_with_python_operator_v07', 'get_age', 'scheduled__2022-05-18T00:00:00+00:00', '--job-id', '2293', '--raw', '--subdir', 'DAGS_FOLDER/dag_python_opr.py', '--cfg-path', '/tmp/tmp_zx9dwhx']
[2023-06-07T06:39:39.553+0000] {standard_task_runner.py:83} INFO - Job 2293: Subtask get_age
[2023-06-07T06:39:40.297+0000] {task_command.py:389} INFO - Running <TaskInstance: our_dag_with_python_operator_v07.get_age scheduled__2022-05-18T00:00:00+00:00 [running]> on host 026ed797f3b3
[2023-06-07T06:39:41.110+0000] {taskinstance.py:1513} INFO - Exporting the following env vars:
AIRFLOW_CTX_DAG_OWNER=coder2j
AIRFLOW_CTX_DAG_ID=our_dag_with_python_operator_v07
AIRFLOW_CTX_TASK_ID=get_age
AIRFLOW_CTX_EXECUTION_DATE=2022-05-18T00:00:00+00:00
AIRFLOW_CTX_TRY_NUMBER=1
AIRFLOW_CTX_DAG_RUN_ID=scheduled__2022-05-18T00:00:00+00:00
[2023-06-07T06:39:41.204+0000] {python.py:177} INFO - Done. Returned value was: None
[2023-06-07T06:39:41.267+0000] {taskinstance.py:1327} INFO - Marking task as SUCCESS. dag_id=our_dag_with_python_operator_v07, task_id=get_age, execution_date=20220518T000000, start_date=20230607T063939, end_date=20230607T063941
[2023-06-07T06:39:41.356+0000] {local_task_job.py:159} INFO - Task exited with return code 0
[2023-06-07T06:39:41.478+0000] {taskinstance.py:2582} INFO - 0 downstream tasks scheduled from follow-on schedule check
