[2023-05-30T11:37:54.037+0000] {taskinstance.py:1087} INFO - Dependencies all met for <TaskInstance: our_dag_with_python_operator_v07.greet scheduled__2022-01-02T00:00:00+00:00 [queued]>
[2023-05-30T11:37:54.072+0000] {taskinstance.py:1087} INFO - Dependencies all met for <TaskInstance: our_dag_with_python_operator_v07.greet scheduled__2022-01-02T00:00:00+00:00 [queued]>
[2023-05-30T11:37:54.074+0000] {taskinstance.py:1283} INFO - 
--------------------------------------------------------------------------------
[2023-05-30T11:37:54.076+0000] {taskinstance.py:1284} INFO - Starting attempt 1 of 6
[2023-05-30T11:37:54.079+0000] {taskinstance.py:1285} INFO - 
--------------------------------------------------------------------------------
[2023-05-30T11:37:54.102+0000] {taskinstance.py:1304} INFO - Executing <Task(PythonOperator): greet> on 2022-01-02 00:00:00+00:00
[2023-05-30T11:37:54.112+0000] {standard_task_runner.py:55} INFO - Started process 6131 to run task
[2023-05-30T11:37:54.122+0000] {standard_task_runner.py:82} INFO - Running: ['***', 'tasks', 'run', 'our_dag_with_python_operator_v07', 'greet', 'scheduled__2022-01-02T00:00:00+00:00', '--job-id', '1392', '--raw', '--subdir', 'DAGS_FOLDER/dag_python_opr.py', '--cfg-path', '/tmp/tmp12ef0n65']
[2023-05-30T11:37:54.124+0000] {standard_task_runner.py:83} INFO - Job 1392: Subtask greet
[2023-05-30T11:37:54.360+0000] {task_command.py:389} INFO - Running <TaskInstance: our_dag_with_python_operator_v07.greet scheduled__2022-01-02T00:00:00+00:00 [running]> on host 49219f98c96e
[2023-05-30T11:37:54.516+0000] {taskinstance.py:1513} INFO - Exporting the following env vars:
AIRFLOW_CTX_DAG_OWNER=coder2j
AIRFLOW_CTX_DAG_ID=our_dag_with_python_operator_v07
AIRFLOW_CTX_TASK_ID=greet
AIRFLOW_CTX_EXECUTION_DATE=2022-01-02T00:00:00+00:00
AIRFLOW_CTX_TRY_NUMBER=1
AIRFLOW_CTX_DAG_RUN_ID=scheduled__2022-01-02T00:00:00+00:00
[2023-05-30T11:37:54.519+0000] {logging_mixin.py:137} INFO - some dict:  {'a': 1, 'b': 2}
[2023-05-30T11:37:54.572+0000] {logging_mixin.py:137} INFO - Hello World! My name is Jerry Fridman, and I am 19 years old!
[2023-05-30T11:37:54.574+0000] {python.py:177} INFO - Done. Returned value was: None
[2023-05-30T11:37:54.605+0000] {taskinstance.py:1327} INFO - Marking task as SUCCESS. dag_id=our_dag_with_python_operator_v07, task_id=greet, execution_date=20220102T000000, start_date=20230530T113754, end_date=20230530T113754
[2023-05-30T11:37:54.659+0000] {local_task_job.py:159} INFO - Task exited with return code 0
[2023-05-30T11:37:54.693+0000] {taskinstance.py:2582} INFO - 0 downstream tasks scheduled from follow-on schedule check
[2023-06-07T06:33:50.595+0000] {taskinstance.py:1087} INFO - Dependencies all met for <TaskInstance: our_dag_with_python_operator_v07.greet scheduled__2022-01-02T00:00:00+00:00 [queued]>
[2023-06-07T06:33:50.720+0000] {taskinstance.py:1087} INFO - Dependencies all met for <TaskInstance: our_dag_with_python_operator_v07.greet scheduled__2022-01-02T00:00:00+00:00 [queued]>
[2023-06-07T06:33:50.723+0000] {taskinstance.py:1283} INFO - 
--------------------------------------------------------------------------------
[2023-06-07T06:33:50.725+0000] {taskinstance.py:1284} INFO - Starting attempt 1 of 6
[2023-06-07T06:33:50.728+0000] {taskinstance.py:1285} INFO - 
--------------------------------------------------------------------------------
[2023-06-07T06:33:51.232+0000] {taskinstance.py:1304} INFO - Executing <Task(PythonOperator): greet> on 2022-01-02 00:00:00+00:00
[2023-06-07T06:33:51.254+0000] {standard_task_runner.py:55} INFO - Started process 1744 to run task
[2023-06-07T06:33:51.274+0000] {standard_task_runner.py:82} INFO - Running: ['***', 'tasks', 'run', 'our_dag_with_python_operator_v07', 'greet', 'scheduled__2022-01-02T00:00:00+00:00', '--job-id', '1487', '--raw', '--subdir', 'DAGS_FOLDER/dag_python_opr.py', '--cfg-path', '/tmp/tmp4ikbuin1']
[2023-06-07T06:33:51.279+0000] {standard_task_runner.py:83} INFO - Job 1487: Subtask greet
[2023-06-07T06:33:51.587+0000] {task_command.py:389} INFO - Running <TaskInstance: our_dag_with_python_operator_v07.greet scheduled__2022-01-02T00:00:00+00:00 [running]> on host 026ed797f3b3
[2023-06-07T06:33:52.205+0000] {taskinstance.py:1513} INFO - Exporting the following env vars:
AIRFLOW_CTX_DAG_OWNER=coder2j
AIRFLOW_CTX_DAG_ID=our_dag_with_python_operator_v07
AIRFLOW_CTX_TASK_ID=greet
AIRFLOW_CTX_EXECUTION_DATE=2022-01-02T00:00:00+00:00
AIRFLOW_CTX_TRY_NUMBER=1
AIRFLOW_CTX_DAG_RUN_ID=scheduled__2022-01-02T00:00:00+00:00
[2023-06-07T06:33:52.221+0000] {logging_mixin.py:137} INFO - some dict:  {'a': 1, 'b': 2}
[2023-06-07T06:33:52.378+0000] {logging_mixin.py:137} INFO - Hello World! My name is Jerry Fridman, and I am 19 years old!
[2023-06-07T06:33:52.380+0000] {python.py:177} INFO - Done. Returned value was: None
[2023-06-07T06:33:52.418+0000] {taskinstance.py:1327} INFO - Marking task as SUCCESS. dag_id=our_dag_with_python_operator_v07, task_id=greet, execution_date=20220102T000000, start_date=20230607T063350, end_date=20230607T063352
[2023-06-07T06:33:52.512+0000] {local_task_job.py:159} INFO - Task exited with return code 0
[2023-06-07T06:33:52.600+0000] {taskinstance.py:2582} INFO - 0 downstream tasks scheduled from follow-on schedule check
