[2023-05-30T11:29:11.857+0000] {taskinstance.py:1087} INFO - Dependencies all met for <TaskInstance: our_first_dag_v5.second_task scheduled__2021-10-07T00:00:00+00:00 [queued]>
[2023-05-30T11:29:11.899+0000] {taskinstance.py:1087} INFO - Dependencies all met for <TaskInstance: our_first_dag_v5.second_task scheduled__2021-10-07T00:00:00+00:00 [queued]>
[2023-05-30T11:29:11.909+0000] {taskinstance.py:1283} INFO - 
--------------------------------------------------------------------------------
[2023-05-30T11:29:11.911+0000] {taskinstance.py:1284} INFO - Starting attempt 1 of 6
[2023-05-30T11:29:11.912+0000] {taskinstance.py:1285} INFO - 
--------------------------------------------------------------------------------
[2023-05-30T11:29:12.034+0000] {taskinstance.py:1304} INFO - Executing <Task(BashOperator): second_task> on 2021-10-07 00:00:00+00:00
[2023-05-30T11:29:12.059+0000] {standard_task_runner.py:55} INFO - Started process 2388 to run task
[2023-05-30T11:29:12.079+0000] {standard_task_runner.py:82} INFO - Running: ['***', 'tasks', 'run', 'our_first_dag_v5', 'second_task', 'scheduled__2021-10-07T00:00:00+00:00', '--job-id', '221', '--raw', '--subdir', 'DAGS_FOLDER/first_Dag.py', '--cfg-path', '/tmp/tmppgttgurv']
[2023-05-30T11:29:12.081+0000] {standard_task_runner.py:83} INFO - Job 221: Subtask second_task
[2023-05-30T11:29:12.354+0000] {task_command.py:389} INFO - Running <TaskInstance: our_first_dag_v5.second_task scheduled__2021-10-07T00:00:00+00:00 [running]> on host 49219f98c96e
[2023-05-30T11:29:12.706+0000] {taskinstance.py:1513} INFO - Exporting the following env vars:
AIRFLOW_CTX_DAG_OWNER=coder2j
AIRFLOW_CTX_DAG_ID=our_first_dag_v5
AIRFLOW_CTX_TASK_ID=second_task
AIRFLOW_CTX_EXECUTION_DATE=2021-10-07T00:00:00+00:00
AIRFLOW_CTX_TRY_NUMBER=1
AIRFLOW_CTX_DAG_RUN_ID=scheduled__2021-10-07T00:00:00+00:00
[2023-05-30T11:29:12.708+0000] {subprocess.py:63} INFO - Tmp dir root location: 
 /tmp
[2023-05-30T11:29:12.717+0000] {subprocess.py:75} INFO - Running command: ['/bin/bash', '-c', 'echo hey, I am task2 and will be running after task1!']
[2023-05-30T11:29:12.757+0000] {subprocess.py:86} INFO - Output:
[2023-05-30T11:29:12.776+0000] {subprocess.py:93} INFO - hey, I am task2 and will be running after task1!
[2023-05-30T11:29:12.778+0000] {subprocess.py:97} INFO - Command exited with return code 0
[2023-05-30T11:29:12.858+0000] {taskinstance.py:1327} INFO - Marking task as SUCCESS. dag_id=our_first_dag_v5, task_id=second_task, execution_date=20211007T000000, start_date=20230530T112911, end_date=20230530T112912
[2023-05-30T11:29:12.951+0000] {local_task_job.py:159} INFO - Task exited with return code 0
[2023-05-30T11:29:13.111+0000] {taskinstance.py:2582} INFO - 0 downstream tasks scheduled from follow-on schedule check
[2023-06-07T06:33:29.476+0000] {taskinstance.py:1087} INFO - Dependencies all met for <TaskInstance: our_first_dag_v5.second_task scheduled__2021-10-07T00:00:00+00:00 [queued]>
[2023-06-07T06:33:29.558+0000] {taskinstance.py:1087} INFO - Dependencies all met for <TaskInstance: our_first_dag_v5.second_task scheduled__2021-10-07T00:00:00+00:00 [queued]>
[2023-06-07T06:33:29.559+0000] {taskinstance.py:1283} INFO - 
--------------------------------------------------------------------------------
[2023-06-07T06:33:29.561+0000] {taskinstance.py:1284} INFO - Starting attempt 1 of 6
[2023-06-07T06:33:29.563+0000] {taskinstance.py:1285} INFO - 
--------------------------------------------------------------------------------
[2023-06-07T06:33:29.618+0000] {taskinstance.py:1304} INFO - Executing <Task(BashOperator): second_task> on 2021-10-07 00:00:00+00:00
[2023-06-07T06:33:29.647+0000] {standard_task_runner.py:55} INFO - Started process 1601 to run task
[2023-06-07T06:33:29.777+0000] {standard_task_runner.py:82} INFO - Running: ['***', 'tasks', 'run', 'our_first_dag_v5', 'second_task', 'scheduled__2021-10-07T00:00:00+00:00', '--job-id', '1435', '--raw', '--subdir', 'DAGS_FOLDER/first_Dag.py', '--cfg-path', '/tmp/tmpw6djctzz']
[2023-06-07T06:33:29.780+0000] {standard_task_runner.py:83} INFO - Job 1435: Subtask second_task
[2023-06-07T06:33:30.488+0000] {task_command.py:389} INFO - Running <TaskInstance: our_first_dag_v5.second_task scheduled__2021-10-07T00:00:00+00:00 [running]> on host 026ed797f3b3
[2023-06-07T06:33:31.019+0000] {taskinstance.py:1513} INFO - Exporting the following env vars:
AIRFLOW_CTX_DAG_OWNER=coder2j
AIRFLOW_CTX_DAG_ID=our_first_dag_v5
AIRFLOW_CTX_TASK_ID=second_task
AIRFLOW_CTX_EXECUTION_DATE=2021-10-07T00:00:00+00:00
AIRFLOW_CTX_TRY_NUMBER=1
AIRFLOW_CTX_DAG_RUN_ID=scheduled__2021-10-07T00:00:00+00:00
[2023-06-07T06:33:31.037+0000] {subprocess.py:63} INFO - Tmp dir root location: 
 /tmp
[2023-06-07T06:33:31.044+0000] {subprocess.py:75} INFO - Running command: ['/bin/bash', '-c', 'echo hey, I am task2 and will be running after task1!']
[2023-06-07T06:33:31.152+0000] {subprocess.py:86} INFO - Output:
[2023-06-07T06:33:31.155+0000] {subprocess.py:93} INFO - hey, I am task2 and will be running after task1!
[2023-06-07T06:33:31.157+0000] {subprocess.py:97} INFO - Command exited with return code 0
[2023-06-07T06:33:31.409+0000] {taskinstance.py:1327} INFO - Marking task as SUCCESS. dag_id=our_first_dag_v5, task_id=second_task, execution_date=20211007T000000, start_date=20230607T063329, end_date=20230607T063331
[2023-06-07T06:33:31.670+0000] {local_task_job.py:159} INFO - Task exited with return code 0
[2023-06-07T06:33:31.804+0000] {taskinstance.py:2582} INFO - 0 downstream tasks scheduled from follow-on schedule check
