[2023-05-30T11:37:42.302+0000] {taskinstance.py:1087} INFO - Dependencies all met for <TaskInstance: our_dag_with_python_operator_v07.get_age scheduled__2021-12-23T00:00:00+00:00 [queued]>
[2023-05-30T11:37:42.317+0000] {taskinstance.py:1087} INFO - Dependencies all met for <TaskInstance: our_dag_with_python_operator_v07.get_age scheduled__2021-12-23T00:00:00+00:00 [queued]>
[2023-05-30T11:37:42.319+0000] {taskinstance.py:1283} INFO - 
--------------------------------------------------------------------------------
[2023-05-30T11:37:42.320+0000] {taskinstance.py:1284} INFO - Starting attempt 1 of 6
[2023-05-30T11:37:42.321+0000] {taskinstance.py:1285} INFO - 
--------------------------------------------------------------------------------
[2023-05-30T11:37:42.348+0000] {taskinstance.py:1304} INFO - Executing <Task(PythonOperator): get_age> on 2021-12-23 00:00:00+00:00
[2023-05-30T11:37:42.358+0000] {standard_task_runner.py:55} INFO - Started process 6036 to run task
[2023-05-30T11:37:42.369+0000] {standard_task_runner.py:82} INFO - Running: ['***', 'tasks', 'run', 'our_dag_with_python_operator_v07', 'get_age', 'scheduled__2021-12-23T00:00:00+00:00', '--job-id', '1351', '--raw', '--subdir', 'DAGS_FOLDER/dag_python_opr.py', '--cfg-path', '/tmp/tmpsygqxd6l']
[2023-05-30T11:37:42.375+0000] {standard_task_runner.py:83} INFO - Job 1351: Subtask get_age
[2023-05-30T11:37:42.508+0000] {task_command.py:389} INFO - Running <TaskInstance: our_dag_with_python_operator_v07.get_age scheduled__2021-12-23T00:00:00+00:00 [running]> on host 49219f98c96e
[2023-05-30T11:37:42.722+0000] {taskinstance.py:1513} INFO - Exporting the following env vars:
AIRFLOW_CTX_DAG_OWNER=coder2j
AIRFLOW_CTX_DAG_ID=our_dag_with_python_operator_v07
AIRFLOW_CTX_TASK_ID=get_age
AIRFLOW_CTX_EXECUTION_DATE=2021-12-23T00:00:00+00:00
AIRFLOW_CTX_TRY_NUMBER=1
AIRFLOW_CTX_DAG_RUN_ID=scheduled__2021-12-23T00:00:00+00:00
[2023-05-30T11:37:42.761+0000] {python.py:177} INFO - Done. Returned value was: None
[2023-05-30T11:37:42.791+0000] {taskinstance.py:1327} INFO - Marking task as SUCCESS. dag_id=our_dag_with_python_operator_v07, task_id=get_age, execution_date=20211223T000000, start_date=20230530T113742, end_date=20230530T113742
[2023-05-30T11:37:42.877+0000] {local_task_job.py:159} INFO - Task exited with return code 0
[2023-05-30T11:37:42.926+0000] {taskinstance.py:2582} INFO - 1 downstream tasks scheduled from follow-on schedule check
[2023-06-07T06:33:33.429+0000] {taskinstance.py:1087} INFO - Dependencies all met for <TaskInstance: our_dag_with_python_operator_v07.get_age scheduled__2021-12-23T00:00:00+00:00 [queued]>
[2023-06-07T06:33:33.467+0000] {taskinstance.py:1087} INFO - Dependencies all met for <TaskInstance: our_dag_with_python_operator_v07.get_age scheduled__2021-12-23T00:00:00+00:00 [queued]>
[2023-06-07T06:33:33.470+0000] {taskinstance.py:1283} INFO - 
--------------------------------------------------------------------------------
[2023-06-07T06:33:33.473+0000] {taskinstance.py:1284} INFO - Starting attempt 1 of 6
[2023-06-07T06:33:33.476+0000] {taskinstance.py:1285} INFO - 
--------------------------------------------------------------------------------
[2023-06-07T06:33:33.561+0000] {taskinstance.py:1304} INFO - Executing <Task(PythonOperator): get_age> on 2021-12-23 00:00:00+00:00
[2023-06-07T06:33:33.581+0000] {standard_task_runner.py:55} INFO - Started process 1628 to run task
[2023-06-07T06:33:33.604+0000] {standard_task_runner.py:82} INFO - Running: ['***', 'tasks', 'run', 'our_dag_with_python_operator_v07', 'get_age', 'scheduled__2021-12-23T00:00:00+00:00', '--job-id', '1444', '--raw', '--subdir', 'DAGS_FOLDER/dag_python_opr.py', '--cfg-path', '/tmp/tmphtteu3ee']
[2023-06-07T06:33:33.607+0000] {standard_task_runner.py:83} INFO - Job 1444: Subtask get_age
[2023-06-07T06:33:34.030+0000] {task_command.py:389} INFO - Running <TaskInstance: our_dag_with_python_operator_v07.get_age scheduled__2021-12-23T00:00:00+00:00 [running]> on host 026ed797f3b3
[2023-06-07T06:33:34.385+0000] {taskinstance.py:1513} INFO - Exporting the following env vars:
AIRFLOW_CTX_DAG_OWNER=coder2j
AIRFLOW_CTX_DAG_ID=our_dag_with_python_operator_v07
AIRFLOW_CTX_TASK_ID=get_age
AIRFLOW_CTX_EXECUTION_DATE=2021-12-23T00:00:00+00:00
AIRFLOW_CTX_TRY_NUMBER=1
AIRFLOW_CTX_DAG_RUN_ID=scheduled__2021-12-23T00:00:00+00:00
[2023-06-07T06:33:34.424+0000] {python.py:177} INFO - Done. Returned value was: None
[2023-06-07T06:33:34.459+0000] {taskinstance.py:1327} INFO - Marking task as SUCCESS. dag_id=our_dag_with_python_operator_v07, task_id=get_age, execution_date=20211223T000000, start_date=20230607T063333, end_date=20230607T063334
[2023-06-07T06:33:34.573+0000] {local_task_job.py:159} INFO - Task exited with return code 0
[2023-06-07T06:33:34.760+0000] {taskinstance.py:2582} INFO - 1 downstream tasks scheduled from follow-on schedule check
