[2023-05-30T12:33:31.584+0000] {taskinstance.py:1087} INFO - Dependencies all met for <TaskInstance: our_dag_with_python_operator_v07.get_name scheduled__2022-04-16T00:00:00+00:00 [queued]>
[2023-05-30T12:33:31.618+0000] {taskinstance.py:1087} INFO - Dependencies all met for <TaskInstance: our_dag_with_python_operator_v07.get_name scheduled__2022-04-16T00:00:00+00:00 [queued]>
[2023-05-30T12:33:31.620+0000] {taskinstance.py:1283} INFO - 
--------------------------------------------------------------------------------
[2023-05-30T12:33:31.623+0000] {taskinstance.py:1284} INFO - Starting attempt 1 of 6
[2023-05-30T12:33:31.628+0000] {taskinstance.py:1285} INFO - 
--------------------------------------------------------------------------------
[2023-05-30T12:33:31.690+0000] {taskinstance.py:1304} INFO - Executing <Task(PythonOperator): get_name> on 2022-04-16 00:00:00+00:00
[2023-05-30T12:33:31.722+0000] {standard_task_runner.py:55} INFO - Started process 10508 to run task
[2023-05-30T12:33:31.735+0000] {standard_task_runner.py:82} INFO - Running: ['***', 'tasks', 'run', 'our_dag_with_python_operator_v07', 'get_name', 'scheduled__2022-04-16T00:00:00+00:00', '--job-id', '1693', '--raw', '--subdir', 'DAGS_FOLDER/dag_python_opr.py', '--cfg-path', '/tmp/tmplftgq15r']
[2023-05-30T12:33:31.737+0000] {standard_task_runner.py:83} INFO - Job 1693: Subtask get_name
[2023-05-30T12:33:31.966+0000] {task_command.py:389} INFO - Running <TaskInstance: our_dag_with_python_operator_v07.get_name scheduled__2022-04-16T00:00:00+00:00 [running]> on host 49219f98c96e
[2023-05-30T12:33:32.202+0000] {taskinstance.py:1513} INFO - Exporting the following env vars:
AIRFLOW_CTX_DAG_OWNER=coder2j
AIRFLOW_CTX_DAG_ID=our_dag_with_python_operator_v07
AIRFLOW_CTX_TASK_ID=get_name
AIRFLOW_CTX_EXECUTION_DATE=2022-04-16T00:00:00+00:00
AIRFLOW_CTX_TRY_NUMBER=1
AIRFLOW_CTX_DAG_RUN_ID=scheduled__2022-04-16T00:00:00+00:00
[2023-05-30T12:33:32.280+0000] {python.py:177} INFO - Done. Returned value was: None
[2023-05-30T12:33:32.305+0000] {taskinstance.py:1327} INFO - Marking task as SUCCESS. dag_id=our_dag_with_python_operator_v07, task_id=get_name, execution_date=20220416T000000, start_date=20230530T123331, end_date=20230530T123332
[2023-05-30T12:33:32.354+0000] {local_task_job.py:159} INFO - Task exited with return code 0
[2023-05-30T12:33:32.399+0000] {taskinstance.py:2582} INFO - 1 downstream tasks scheduled from follow-on schedule check
[2023-06-07T06:38:24.482+0000] {taskinstance.py:1087} INFO - Dependencies all met for <TaskInstance: our_dag_with_python_operator_v07.get_name scheduled__2022-04-16T00:00:00+00:00 [queued]>
[2023-06-07T06:38:24.700+0000] {taskinstance.py:1087} INFO - Dependencies all met for <TaskInstance: our_dag_with_python_operator_v07.get_name scheduled__2022-04-16T00:00:00+00:00 [queued]>
[2023-06-07T06:38:24.716+0000] {taskinstance.py:1283} INFO - 
--------------------------------------------------------------------------------
[2023-06-07T06:38:24.744+0000] {taskinstance.py:1284} INFO - Starting attempt 1 of 6
[2023-06-07T06:38:24.756+0000] {taskinstance.py:1285} INFO - 
--------------------------------------------------------------------------------
[2023-06-07T06:38:25.001+0000] {taskinstance.py:1304} INFO - Executing <Task(PythonOperator): get_name> on 2022-04-16 00:00:00+00:00
[2023-06-07T06:38:25.049+0000] {standard_task_runner.py:55} INFO - Started process 3515 to run task
[2023-06-07T06:38:25.127+0000] {standard_task_runner.py:82} INFO - Running: ['***', 'tasks', 'run', 'our_dag_with_python_operator_v07', 'get_name', 'scheduled__2022-04-16T00:00:00+00:00', '--job-id', '2121', '--raw', '--subdir', 'DAGS_FOLDER/dag_python_opr.py', '--cfg-path', '/tmp/tmpb0ti1xgk']
[2023-06-07T06:38:25.138+0000] {standard_task_runner.py:83} INFO - Job 2121: Subtask get_name
[2023-06-07T06:38:25.913+0000] {task_command.py:389} INFO - Running <TaskInstance: our_dag_with_python_operator_v07.get_name scheduled__2022-04-16T00:00:00+00:00 [running]> on host 026ed797f3b3
[2023-06-07T06:38:26.387+0000] {taskinstance.py:1513} INFO - Exporting the following env vars:
AIRFLOW_CTX_DAG_OWNER=coder2j
AIRFLOW_CTX_DAG_ID=our_dag_with_python_operator_v07
AIRFLOW_CTX_TASK_ID=get_name
AIRFLOW_CTX_EXECUTION_DATE=2022-04-16T00:00:00+00:00
AIRFLOW_CTX_TRY_NUMBER=1
AIRFLOW_CTX_DAG_RUN_ID=scheduled__2022-04-16T00:00:00+00:00
[2023-06-07T06:38:26.523+0000] {python.py:177} INFO - Done. Returned value was: None
[2023-06-07T06:38:26.597+0000] {taskinstance.py:1327} INFO - Marking task as SUCCESS. dag_id=our_dag_with_python_operator_v07, task_id=get_name, execution_date=20220416T000000, start_date=20230607T063824, end_date=20230607T063826
[2023-06-07T06:38:26.715+0000] {local_task_job.py:159} INFO - Task exited with return code 0
[2023-06-07T06:38:26.817+0000] {taskinstance.py:2582} INFO - 1 downstream tasks scheduled from follow-on schedule check
