[2023-05-30T11:28:03.711+0000] {taskinstance.py:1087} INFO - Dependencies all met for <TaskInstance: our_first_dag_v5.second_task scheduled__2021-08-05T00:00:00+00:00 [queued]>
[2023-05-30T11:28:03.755+0000] {taskinstance.py:1087} INFO - Dependencies all met for <TaskInstance: our_first_dag_v5.second_task scheduled__2021-08-05T00:00:00+00:00 [queued]>
[2023-05-30T11:28:03.757+0000] {taskinstance.py:1283} INFO - 
--------------------------------------------------------------------------------
[2023-05-30T11:28:03.759+0000] {taskinstance.py:1284} INFO - Starting attempt 1 of 6
[2023-05-30T11:28:03.763+0000] {taskinstance.py:1285} INFO - 
--------------------------------------------------------------------------------
[2023-05-30T11:28:03.793+0000] {taskinstance.py:1304} INFO - Executing <Task(BashOperator): second_task> on 2021-08-05 00:00:00+00:00
[2023-05-30T11:28:03.804+0000] {standard_task_runner.py:55} INFO - Started process 1741 to run task
[2023-05-30T11:28:03.824+0000] {standard_task_runner.py:82} INFO - Running: ['***', 'tasks', 'run', 'our_first_dag_v5', 'second_task', 'scheduled__2021-08-05T00:00:00+00:00', '--job-id', '25', '--raw', '--subdir', 'DAGS_FOLDER/first_Dag.py', '--cfg-path', '/tmp/tmpk39zg2h1']
[2023-05-30T11:28:03.830+0000] {standard_task_runner.py:83} INFO - Job 25: Subtask second_task
[2023-05-30T11:28:04.192+0000] {task_command.py:389} INFO - Running <TaskInstance: our_first_dag_v5.second_task scheduled__2021-08-05T00:00:00+00:00 [running]> on host 49219f98c96e
[2023-05-30T11:28:04.483+0000] {taskinstance.py:1513} INFO - Exporting the following env vars:
AIRFLOW_CTX_DAG_OWNER=coder2j
AIRFLOW_CTX_DAG_ID=our_first_dag_v5
AIRFLOW_CTX_TASK_ID=second_task
AIRFLOW_CTX_EXECUTION_DATE=2021-08-05T00:00:00+00:00
AIRFLOW_CTX_TRY_NUMBER=1
AIRFLOW_CTX_DAG_RUN_ID=scheduled__2021-08-05T00:00:00+00:00
[2023-05-30T11:28:04.494+0000] {subprocess.py:63} INFO - Tmp dir root location: 
 /tmp
[2023-05-30T11:28:04.497+0000] {subprocess.py:75} INFO - Running command: ['/bin/bash', '-c', 'echo hey, I am task2 and will be running after task1!']
[2023-05-30T11:28:04.553+0000] {subprocess.py:86} INFO - Output:
[2023-05-30T11:28:04.556+0000] {subprocess.py:93} INFO - hey, I am task2 and will be running after task1!
[2023-05-30T11:28:04.559+0000] {subprocess.py:97} INFO - Command exited with return code 0
[2023-05-30T11:28:04.625+0000] {taskinstance.py:1327} INFO - Marking task as SUCCESS. dag_id=our_first_dag_v5, task_id=second_task, execution_date=20210805T000000, start_date=20230530T112803, end_date=20230530T112804
[2023-05-30T11:28:04.702+0000] {local_task_job.py:159} INFO - Task exited with return code 0
[2023-05-30T11:28:04.751+0000] {taskinstance.py:2582} INFO - 0 downstream tasks scheduled from follow-on schedule check
[2023-06-07T06:31:06.195+0000] {taskinstance.py:1087} INFO - Dependencies all met for <TaskInstance: our_first_dag_v5.second_task scheduled__2021-08-05T00:00:00+00:00 [queued]>
[2023-06-07T06:31:06.286+0000] {taskinstance.py:1087} INFO - Dependencies all met for <TaskInstance: our_first_dag_v5.second_task scheduled__2021-08-05T00:00:00+00:00 [queued]>
[2023-06-07T06:31:06.295+0000] {taskinstance.py:1283} INFO - 
--------------------------------------------------------------------------------
[2023-06-07T06:31:06.299+0000] {taskinstance.py:1284} INFO - Starting attempt 1 of 6
[2023-06-07T06:31:06.301+0000] {taskinstance.py:1285} INFO - 
--------------------------------------------------------------------------------
[2023-06-07T06:31:06.436+0000] {taskinstance.py:1304} INFO - Executing <Task(BashOperator): second_task> on 2021-08-05 00:00:00+00:00
[2023-06-07T06:31:06.498+0000] {standard_task_runner.py:55} INFO - Started process 509 to run task
[2023-06-07T06:31:06.522+0000] {standard_task_runner.py:82} INFO - Running: ['***', 'tasks', 'run', 'our_first_dag_v5', 'second_task', 'scheduled__2021-08-05T00:00:00+00:00', '--job-id', '1032', '--raw', '--subdir', 'DAGS_FOLDER/first_Dag.py', '--cfg-path', '/tmp/tmpn2kzzl9a']
[2023-06-07T06:31:06.530+0000] {standard_task_runner.py:83} INFO - Job 1032: Subtask second_task
[2023-06-07T06:31:07.129+0000] {task_command.py:389} INFO - Running <TaskInstance: our_first_dag_v5.second_task scheduled__2021-08-05T00:00:00+00:00 [running]> on host 026ed797f3b3
[2023-06-07T06:31:07.900+0000] {taskinstance.py:1513} INFO - Exporting the following env vars:
AIRFLOW_CTX_DAG_OWNER=coder2j
AIRFLOW_CTX_DAG_ID=our_first_dag_v5
AIRFLOW_CTX_TASK_ID=second_task
AIRFLOW_CTX_EXECUTION_DATE=2021-08-05T00:00:00+00:00
AIRFLOW_CTX_TRY_NUMBER=1
AIRFLOW_CTX_DAG_RUN_ID=scheduled__2021-08-05T00:00:00+00:00
[2023-06-07T06:31:07.910+0000] {subprocess.py:63} INFO - Tmp dir root location: 
 /tmp
[2023-06-07T06:31:07.917+0000] {subprocess.py:75} INFO - Running command: ['/bin/bash', '-c', 'echo hey, I am task2 and will be running after task1!']
[2023-06-07T06:31:08.025+0000] {subprocess.py:86} INFO - Output:
[2023-06-07T06:31:08.042+0000] {subprocess.py:93} INFO - hey, I am task2 and will be running after task1!
[2023-06-07T06:31:08.050+0000] {subprocess.py:97} INFO - Command exited with return code 0
[2023-06-07T06:31:08.331+0000] {taskinstance.py:1327} INFO - Marking task as SUCCESS. dag_id=our_first_dag_v5, task_id=second_task, execution_date=20210805T000000, start_date=20230607T063106, end_date=20230607T063108
[2023-06-07T06:31:08.527+0000] {local_task_job.py:159} INFO - Task exited with return code 0
[2023-06-07T06:31:08.947+0000] {taskinstance.py:2582} INFO - 0 downstream tasks scheduled from follow-on schedule check
