[2023-05-30T11:30:48.706+0000] {taskinstance.py:1087} INFO - Dependencies all met for <TaskInstance: our_first_dag_v5.second_task scheduled__2022-01-09T00:00:00+00:00 [queued]>
[2023-05-30T11:30:48.723+0000] {taskinstance.py:1087} INFO - Dependencies all met for <TaskInstance: our_first_dag_v5.second_task scheduled__2022-01-09T00:00:00+00:00 [queued]>
[2023-05-30T11:30:48.725+0000] {taskinstance.py:1283} INFO - 
--------------------------------------------------------------------------------
[2023-05-30T11:30:48.726+0000] {taskinstance.py:1284} INFO - Starting attempt 1 of 6
[2023-05-30T11:30:48.728+0000] {taskinstance.py:1285} INFO - 
--------------------------------------------------------------------------------
[2023-05-30T11:30:48.751+0000] {taskinstance.py:1304} INFO - Executing <Task(BashOperator): second_task> on 2022-01-09 00:00:00+00:00
[2023-05-30T11:30:48.758+0000] {standard_task_runner.py:55} INFO - Started process 3302 to run task
[2023-05-30T11:30:48.766+0000] {standard_task_runner.py:82} INFO - Running: ['***', 'tasks', 'run', 'our_first_dag_v5', 'second_task', 'scheduled__2022-01-09T00:00:00+00:00', '--job-id', '497', '--raw', '--subdir', 'DAGS_FOLDER/first_Dag.py', '--cfg-path', '/tmp/tmpnfhw9z5g']
[2023-05-30T11:30:48.768+0000] {standard_task_runner.py:83} INFO - Job 497: Subtask second_task
[2023-05-30T11:30:48.883+0000] {task_command.py:389} INFO - Running <TaskInstance: our_first_dag_v5.second_task scheduled__2022-01-09T00:00:00+00:00 [running]> on host 49219f98c96e
[2023-05-30T11:30:49.017+0000] {taskinstance.py:1513} INFO - Exporting the following env vars:
AIRFLOW_CTX_DAG_OWNER=coder2j
AIRFLOW_CTX_DAG_ID=our_first_dag_v5
AIRFLOW_CTX_TASK_ID=second_task
AIRFLOW_CTX_EXECUTION_DATE=2022-01-09T00:00:00+00:00
AIRFLOW_CTX_TRY_NUMBER=1
AIRFLOW_CTX_DAG_RUN_ID=scheduled__2022-01-09T00:00:00+00:00
[2023-05-30T11:30:49.021+0000] {subprocess.py:63} INFO - Tmp dir root location: 
 /tmp
[2023-05-30T11:30:49.023+0000] {subprocess.py:75} INFO - Running command: ['/bin/bash', '-c', 'echo hey, I am task2 and will be running after task1!']
[2023-05-30T11:30:49.048+0000] {subprocess.py:86} INFO - Output:
[2023-05-30T11:30:49.052+0000] {subprocess.py:93} INFO - hey, I am task2 and will be running after task1!
[2023-05-30T11:30:49.056+0000] {subprocess.py:97} INFO - Command exited with return code 0
[2023-05-30T11:30:49.108+0000] {taskinstance.py:1327} INFO - Marking task as SUCCESS. dag_id=our_first_dag_v5, task_id=second_task, execution_date=20220109T000000, start_date=20230530T113048, end_date=20230530T113049
[2023-05-30T11:30:49.179+0000] {local_task_job.py:159} INFO - Task exited with return code 0
[2023-05-30T11:30:49.211+0000] {taskinstance.py:2582} INFO - 0 downstream tasks scheduled from follow-on schedule check
[2023-06-07T06:37:42.457+0000] {taskinstance.py:1087} INFO - Dependencies all met for <TaskInstance: our_first_dag_v5.second_task scheduled__2022-01-09T00:00:00+00:00 [queued]>
[2023-06-07T06:37:42.582+0000] {taskinstance.py:1087} INFO - Dependencies all met for <TaskInstance: our_first_dag_v5.second_task scheduled__2022-01-09T00:00:00+00:00 [queued]>
[2023-06-07T06:37:42.585+0000] {taskinstance.py:1283} INFO - 
--------------------------------------------------------------------------------
[2023-06-07T06:37:42.588+0000] {taskinstance.py:1284} INFO - Starting attempt 1 of 6
[2023-06-07T06:37:42.591+0000] {taskinstance.py:1285} INFO - 
--------------------------------------------------------------------------------
[2023-06-07T06:37:42.738+0000] {taskinstance.py:1304} INFO - Executing <Task(BashOperator): second_task> on 2022-01-09 00:00:00+00:00
[2023-06-07T06:37:42.824+0000] {standard_task_runner.py:55} INFO - Started process 3204 to run task
[2023-06-07T06:37:42.876+0000] {standard_task_runner.py:82} INFO - Running: ['***', 'tasks', 'run', 'our_first_dag_v5', 'second_task', 'scheduled__2022-01-09T00:00:00+00:00', '--job-id', '2008', '--raw', '--subdir', 'DAGS_FOLDER/first_Dag.py', '--cfg-path', '/tmp/tmp241wsi28']
[2023-06-07T06:37:42.884+0000] {standard_task_runner.py:83} INFO - Job 2008: Subtask second_task
[2023-06-07T06:37:43.239+0000] {task_command.py:389} INFO - Running <TaskInstance: our_first_dag_v5.second_task scheduled__2022-01-09T00:00:00+00:00 [running]> on host 026ed797f3b3
[2023-06-07T06:37:43.693+0000] {taskinstance.py:1513} INFO - Exporting the following env vars:
AIRFLOW_CTX_DAG_OWNER=coder2j
AIRFLOW_CTX_DAG_ID=our_first_dag_v5
AIRFLOW_CTX_TASK_ID=second_task
AIRFLOW_CTX_EXECUTION_DATE=2022-01-09T00:00:00+00:00
AIRFLOW_CTX_TRY_NUMBER=1
AIRFLOW_CTX_DAG_RUN_ID=scheduled__2022-01-09T00:00:00+00:00
[2023-06-07T06:37:43.697+0000] {subprocess.py:63} INFO - Tmp dir root location: 
 /tmp
[2023-06-07T06:37:43.701+0000] {subprocess.py:75} INFO - Running command: ['/bin/bash', '-c', 'echo hey, I am task2 and will be running after task1!']
[2023-06-07T06:37:43.729+0000] {subprocess.py:86} INFO - Output:
[2023-06-07T06:37:43.741+0000] {subprocess.py:93} INFO - hey, I am task2 and will be running after task1!
[2023-06-07T06:37:43.744+0000] {subprocess.py:97} INFO - Command exited with return code 0
[2023-06-07T06:37:43.842+0000] {taskinstance.py:1327} INFO - Marking task as SUCCESS. dag_id=our_first_dag_v5, task_id=second_task, execution_date=20220109T000000, start_date=20230607T063742, end_date=20230607T063743
[2023-06-07T06:37:44.089+0000] {local_task_job.py:159} INFO - Task exited with return code 0
[2023-06-07T06:37:44.149+0000] {taskinstance.py:2582} INFO - 0 downstream tasks scheduled from follow-on schedule check
