[2023-05-30T12:32:56.632+0000] {taskinstance.py:1087} INFO - Dependencies all met for <TaskInstance: our_dag_with_python_operator_v07.get_age scheduled__2022-03-16T00:00:00+00:00 [queued]>
[2023-05-30T12:32:56.681+0000] {taskinstance.py:1087} INFO - Dependencies all met for <TaskInstance: our_dag_with_python_operator_v07.get_age scheduled__2022-03-16T00:00:00+00:00 [queued]>
[2023-05-30T12:32:56.683+0000] {taskinstance.py:1283} INFO - 
--------------------------------------------------------------------------------
[2023-05-30T12:32:56.690+0000] {taskinstance.py:1284} INFO - Starting attempt 1 of 6
[2023-05-30T12:32:56.694+0000] {taskinstance.py:1285} INFO - 
--------------------------------------------------------------------------------
[2023-05-30T12:32:56.737+0000] {taskinstance.py:1304} INFO - Executing <Task(PythonOperator): get_age> on 2022-03-16 00:00:00+00:00
[2023-05-30T12:32:56.746+0000] {standard_task_runner.py:55} INFO - Started process 10278 to run task
[2023-05-30T12:32:56.769+0000] {standard_task_runner.py:82} INFO - Running: ['***', 'tasks', 'run', 'our_dag_with_python_operator_v07', 'get_age', 'scheduled__2022-03-16T00:00:00+00:00', '--job-id', '1600', '--raw', '--subdir', 'DAGS_FOLDER/dag_python_opr.py', '--cfg-path', '/tmp/tmpl6bvnl16']
[2023-05-30T12:32:56.775+0000] {standard_task_runner.py:83} INFO - Job 1600: Subtask get_age
[2023-05-30T12:32:56.971+0000] {task_command.py:389} INFO - Running <TaskInstance: our_dag_with_python_operator_v07.get_age scheduled__2022-03-16T00:00:00+00:00 [running]> on host 49219f98c96e
[2023-05-30T12:32:57.178+0000] {taskinstance.py:1513} INFO - Exporting the following env vars:
AIRFLOW_CTX_DAG_OWNER=coder2j
AIRFLOW_CTX_DAG_ID=our_dag_with_python_operator_v07
AIRFLOW_CTX_TASK_ID=get_age
AIRFLOW_CTX_EXECUTION_DATE=2022-03-16T00:00:00+00:00
AIRFLOW_CTX_TRY_NUMBER=1
AIRFLOW_CTX_DAG_RUN_ID=scheduled__2022-03-16T00:00:00+00:00
[2023-05-30T12:32:57.211+0000] {python.py:177} INFO - Done. Returned value was: None
[2023-05-30T12:32:57.251+0000] {taskinstance.py:1327} INFO - Marking task as SUCCESS. dag_id=our_dag_with_python_operator_v07, task_id=get_age, execution_date=20220316T000000, start_date=20230530T123256, end_date=20230530T123257
[2023-05-30T12:32:57.313+0000] {local_task_job.py:159} INFO - Task exited with return code 0
[2023-05-30T12:32:57.369+0000] {taskinstance.py:2582} INFO - 1 downstream tasks scheduled from follow-on schedule check
[2023-06-07T06:37:08.482+0000] {taskinstance.py:1087} INFO - Dependencies all met for <TaskInstance: our_dag_with_python_operator_v07.get_age scheduled__2022-03-16T00:00:00+00:00 [queued]>
[2023-06-07T06:37:08.660+0000] {taskinstance.py:1087} INFO - Dependencies all met for <TaskInstance: our_dag_with_python_operator_v07.get_age scheduled__2022-03-16T00:00:00+00:00 [queued]>
[2023-06-07T06:37:08.666+0000] {taskinstance.py:1283} INFO - 
--------------------------------------------------------------------------------
[2023-06-07T06:37:08.686+0000] {taskinstance.py:1284} INFO - Starting attempt 1 of 6
[2023-06-07T06:37:08.697+0000] {taskinstance.py:1285} INFO - 
--------------------------------------------------------------------------------
[2023-06-07T06:37:08.889+0000] {taskinstance.py:1304} INFO - Executing <Task(PythonOperator): get_age> on 2022-03-16 00:00:00+00:00
[2023-06-07T06:37:08.951+0000] {standard_task_runner.py:82} INFO - Running: ['***', 'tasks', 'run', 'our_dag_with_python_operator_v07', 'get_age', 'scheduled__2022-03-16T00:00:00+00:00', '--job-id', '1925', '--raw', '--subdir', 'DAGS_FOLDER/dag_python_opr.py', '--cfg-path', '/tmp/tmpg8ynd_ga']
[2023-06-07T06:37:08.959+0000] {standard_task_runner.py:83} INFO - Job 1925: Subtask get_age
[2023-06-07T06:37:08.938+0000] {standard_task_runner.py:55} INFO - Started process 2981 to run task
[2023-06-07T06:37:09.229+0000] {task_command.py:389} INFO - Running <TaskInstance: our_dag_with_python_operator_v07.get_age scheduled__2022-03-16T00:00:00+00:00 [running]> on host 026ed797f3b3
[2023-06-07T06:37:09.615+0000] {taskinstance.py:1513} INFO - Exporting the following env vars:
AIRFLOW_CTX_DAG_OWNER=coder2j
AIRFLOW_CTX_DAG_ID=our_dag_with_python_operator_v07
AIRFLOW_CTX_TASK_ID=get_age
AIRFLOW_CTX_EXECUTION_DATE=2022-03-16T00:00:00+00:00
AIRFLOW_CTX_TRY_NUMBER=1
AIRFLOW_CTX_DAG_RUN_ID=scheduled__2022-03-16T00:00:00+00:00
[2023-06-07T06:37:09.683+0000] {python.py:177} INFO - Done. Returned value was: None
[2023-06-07T06:37:09.746+0000] {taskinstance.py:1327} INFO - Marking task as SUCCESS. dag_id=our_dag_with_python_operator_v07, task_id=get_age, execution_date=20220316T000000, start_date=20230607T063708, end_date=20230607T063709
[2023-06-07T06:37:09.888+0000] {local_task_job.py:159} INFO - Task exited with return code 0
[2023-06-07T06:37:10.001+0000] {taskinstance.py:2582} INFO - 0 downstream tasks scheduled from follow-on schedule check
