[2023-05-30T11:36:24.872+0000] {taskinstance.py:1087} INFO - Dependencies all met for <TaskInstance: our_dag_with_python_operator_v07.get_age scheduled__2021-10-09T00:00:00+00:00 [queued]>
[2023-05-30T11:36:24.913+0000] {taskinstance.py:1087} INFO - Dependencies all met for <TaskInstance: our_dag_with_python_operator_v07.get_age scheduled__2021-10-09T00:00:00+00:00 [queued]>
[2023-05-30T11:36:24.915+0000] {taskinstance.py:1283} INFO - 
--------------------------------------------------------------------------------
[2023-05-30T11:36:24.917+0000] {taskinstance.py:1284} INFO - Starting attempt 1 of 6
[2023-05-30T11:36:24.919+0000] {taskinstance.py:1285} INFO - 
--------------------------------------------------------------------------------
[2023-05-30T11:36:25.002+0000] {taskinstance.py:1304} INFO - Executing <Task(PythonOperator): get_age> on 2021-10-09 00:00:00+00:00
[2023-05-30T11:36:25.022+0000] {standard_task_runner.py:55} INFO - Started process 5512 to run task
[2023-05-30T11:36:25.038+0000] {standard_task_runner.py:82} INFO - Running: ['***', 'tasks', 'run', 'our_dag_with_python_operator_v07', 'get_age', 'scheduled__2021-10-09T00:00:00+00:00', '--job-id', '1122', '--raw', '--subdir', 'DAGS_FOLDER/dag_python_opr.py', '--cfg-path', '/tmp/tmp85lg18ca']
[2023-05-30T11:36:25.042+0000] {standard_task_runner.py:83} INFO - Job 1122: Subtask get_age
[2023-05-30T11:36:25.396+0000] {task_command.py:389} INFO - Running <TaskInstance: our_dag_with_python_operator_v07.get_age scheduled__2021-10-09T00:00:00+00:00 [running]> on host 49219f98c96e
[2023-05-30T11:36:25.729+0000] {taskinstance.py:1513} INFO - Exporting the following env vars:
AIRFLOW_CTX_DAG_OWNER=coder2j
AIRFLOW_CTX_DAG_ID=our_dag_with_python_operator_v07
AIRFLOW_CTX_TASK_ID=get_age
AIRFLOW_CTX_EXECUTION_DATE=2021-10-09T00:00:00+00:00
AIRFLOW_CTX_TRY_NUMBER=1
AIRFLOW_CTX_DAG_RUN_ID=scheduled__2021-10-09T00:00:00+00:00
[2023-05-30T11:36:25.793+0000] {python.py:177} INFO - Done. Returned value was: None
[2023-05-30T11:36:25.829+0000] {taskinstance.py:1327} INFO - Marking task as SUCCESS. dag_id=our_dag_with_python_operator_v07, task_id=get_age, execution_date=20211009T000000, start_date=20230530T113624, end_date=20230530T113625
[2023-05-30T11:36:25.915+0000] {local_task_job.py:159} INFO - Task exited with return code 0
[2023-05-30T11:36:26.059+0000] {taskinstance.py:2582} INFO - 0 downstream tasks scheduled from follow-on schedule check
[2023-06-07T06:30:51.510+0000] {taskinstance.py:1087} INFO - Dependencies all met for <TaskInstance: our_dag_with_python_operator_v07.get_age scheduled__2021-10-09T00:00:00+00:00 [queued]>
[2023-06-07T06:30:51.642+0000] {taskinstance.py:1087} INFO - Dependencies all met for <TaskInstance: our_dag_with_python_operator_v07.get_age scheduled__2021-10-09T00:00:00+00:00 [queued]>
[2023-06-07T06:30:51.645+0000] {taskinstance.py:1283} INFO - 
--------------------------------------------------------------------------------
[2023-06-07T06:30:51.648+0000] {taskinstance.py:1284} INFO - Starting attempt 1 of 6
[2023-06-07T06:30:51.649+0000] {taskinstance.py:1285} INFO - 
--------------------------------------------------------------------------------
[2023-06-07T06:30:51.793+0000] {taskinstance.py:1304} INFO - Executing <Task(PythonOperator): get_age> on 2021-10-09 00:00:00+00:00
[2023-06-07T06:30:51.863+0000] {standard_task_runner.py:55} INFO - Started process 410 to run task
[2023-06-07T06:30:51.949+0000] {standard_task_runner.py:82} INFO - Running: ['***', 'tasks', 'run', 'our_dag_with_python_operator_v07', 'get_age', 'scheduled__2021-10-09T00:00:00+00:00', '--job-id', '996', '--raw', '--subdir', 'DAGS_FOLDER/dag_python_opr.py', '--cfg-path', '/tmp/tmphy87i092']
[2023-06-07T06:30:51.954+0000] {standard_task_runner.py:83} INFO - Job 996: Subtask get_age
[2023-06-07T06:30:52.478+0000] {task_command.py:389} INFO - Running <TaskInstance: our_dag_with_python_operator_v07.get_age scheduled__2021-10-09T00:00:00+00:00 [running]> on host 026ed797f3b3
[2023-06-07T06:30:52.850+0000] {taskinstance.py:1513} INFO - Exporting the following env vars:
AIRFLOW_CTX_DAG_OWNER=coder2j
AIRFLOW_CTX_DAG_ID=our_dag_with_python_operator_v07
AIRFLOW_CTX_TASK_ID=get_age
AIRFLOW_CTX_EXECUTION_DATE=2021-10-09T00:00:00+00:00
AIRFLOW_CTX_TRY_NUMBER=1
AIRFLOW_CTX_DAG_RUN_ID=scheduled__2021-10-09T00:00:00+00:00
[2023-06-07T06:30:52.901+0000] {python.py:177} INFO - Done. Returned value was: None
[2023-06-07T06:30:52.963+0000] {taskinstance.py:1327} INFO - Marking task as SUCCESS. dag_id=our_dag_with_python_operator_v07, task_id=get_age, execution_date=20211009T000000, start_date=20230607T063051, end_date=20230607T063052
[2023-06-07T06:30:53.135+0000] {local_task_job.py:159} INFO - Task exited with return code 0
[2023-06-07T06:30:53.355+0000] {taskinstance.py:2582} INFO - 1 downstream tasks scheduled from follow-on schedule check
