[2023-05-30T11:29:46.825+0000] {taskinstance.py:1087} INFO - Dependencies all met for <TaskInstance: our_first_dag_v5.second_task scheduled__2021-11-10T00:00:00+00:00 [queued]>
[2023-05-30T11:29:46.912+0000] {taskinstance.py:1087} INFO - Dependencies all met for <TaskInstance: our_first_dag_v5.second_task scheduled__2021-11-10T00:00:00+00:00 [queued]>
[2023-05-30T11:29:46.915+0000] {taskinstance.py:1283} INFO - 
--------------------------------------------------------------------------------
[2023-05-30T11:29:46.919+0000] {taskinstance.py:1284} INFO - Starting attempt 1 of 6
[2023-05-30T11:29:46.921+0000] {taskinstance.py:1285} INFO - 
--------------------------------------------------------------------------------
[2023-05-30T11:29:46.979+0000] {taskinstance.py:1304} INFO - Executing <Task(BashOperator): second_task> on 2021-11-10 00:00:00+00:00
[2023-05-30T11:29:46.999+0000] {standard_task_runner.py:55} INFO - Started process 2718 to run task
[2023-05-30T11:29:47.010+0000] {standard_task_runner.py:82} INFO - Running: ['***', 'tasks', 'run', 'our_first_dag_v5', 'second_task', 'scheduled__2021-11-10T00:00:00+00:00', '--job-id', '319', '--raw', '--subdir', 'DAGS_FOLDER/first_Dag.py', '--cfg-path', '/tmp/tmpn46_uj32']
[2023-05-30T11:29:47.013+0000] {standard_task_runner.py:83} INFO - Job 319: Subtask second_task
[2023-05-30T11:29:47.362+0000] {task_command.py:389} INFO - Running <TaskInstance: our_first_dag_v5.second_task scheduled__2021-11-10T00:00:00+00:00 [running]> on host 49219f98c96e
[2023-05-30T11:29:47.650+0000] {taskinstance.py:1513} INFO - Exporting the following env vars:
AIRFLOW_CTX_DAG_OWNER=coder2j
AIRFLOW_CTX_DAG_ID=our_first_dag_v5
AIRFLOW_CTX_TASK_ID=second_task
AIRFLOW_CTX_EXECUTION_DATE=2021-11-10T00:00:00+00:00
AIRFLOW_CTX_TRY_NUMBER=1
AIRFLOW_CTX_DAG_RUN_ID=scheduled__2021-11-10T00:00:00+00:00
[2023-05-30T11:29:47.664+0000] {subprocess.py:63} INFO - Tmp dir root location: 
 /tmp
[2023-05-30T11:29:47.671+0000] {subprocess.py:75} INFO - Running command: ['/bin/bash', '-c', 'echo hey, I am task2 and will be running after task1!']
[2023-05-30T11:29:47.742+0000] {subprocess.py:86} INFO - Output:
[2023-05-30T11:29:47.759+0000] {subprocess.py:93} INFO - hey, I am task2 and will be running after task1!
[2023-05-30T11:29:47.761+0000] {subprocess.py:97} INFO - Command exited with return code 0
[2023-05-30T11:29:47.883+0000] {taskinstance.py:1327} INFO - Marking task as SUCCESS. dag_id=our_first_dag_v5, task_id=second_task, execution_date=20211110T000000, start_date=20230530T112946, end_date=20230530T112947
[2023-05-30T11:29:48.089+0000] {local_task_job.py:159} INFO - Task exited with return code 0
[2023-05-30T11:29:48.386+0000] {taskinstance.py:2582} INFO - 0 downstream tasks scheduled from follow-on schedule check
[2023-06-07T06:34:45.837+0000] {taskinstance.py:1087} INFO - Dependencies all met for <TaskInstance: our_first_dag_v5.second_task scheduled__2021-11-10T00:00:00+00:00 [queued]>
[2023-06-07T06:34:45.933+0000] {taskinstance.py:1087} INFO - Dependencies all met for <TaskInstance: our_first_dag_v5.second_task scheduled__2021-11-10T00:00:00+00:00 [queued]>
[2023-06-07T06:34:45.943+0000] {taskinstance.py:1283} INFO - 
--------------------------------------------------------------------------------
[2023-06-07T06:34:45.949+0000] {taskinstance.py:1284} INFO - Starting attempt 1 of 6
[2023-06-07T06:34:45.966+0000] {taskinstance.py:1285} INFO - 
--------------------------------------------------------------------------------
[2023-06-07T06:34:46.193+0000] {taskinstance.py:1304} INFO - Executing <Task(BashOperator): second_task> on 2021-11-10 00:00:00+00:00
[2023-06-07T06:34:46.249+0000] {standard_task_runner.py:55} INFO - Started process 2136 to run task
[2023-06-07T06:34:46.327+0000] {standard_task_runner.py:82} INFO - Running: ['***', 'tasks', 'run', 'our_first_dag_v5', 'second_task', 'scheduled__2021-11-10T00:00:00+00:00', '--job-id', '1625', '--raw', '--subdir', 'DAGS_FOLDER/first_Dag.py', '--cfg-path', '/tmp/tmpq3vkvz4m']
[2023-06-07T06:34:46.330+0000] {standard_task_runner.py:83} INFO - Job 1625: Subtask second_task
[2023-06-07T06:34:46.862+0000] {task_command.py:389} INFO - Running <TaskInstance: our_first_dag_v5.second_task scheduled__2021-11-10T00:00:00+00:00 [running]> on host 026ed797f3b3
[2023-06-07T06:34:47.511+0000] {taskinstance.py:1513} INFO - Exporting the following env vars:
AIRFLOW_CTX_DAG_OWNER=coder2j
AIRFLOW_CTX_DAG_ID=our_first_dag_v5
AIRFLOW_CTX_TASK_ID=second_task
AIRFLOW_CTX_EXECUTION_DATE=2021-11-10T00:00:00+00:00
AIRFLOW_CTX_TRY_NUMBER=1
AIRFLOW_CTX_DAG_RUN_ID=scheduled__2021-11-10T00:00:00+00:00
[2023-06-07T06:34:47.519+0000] {subprocess.py:63} INFO - Tmp dir root location: 
 /tmp
[2023-06-07T06:34:47.522+0000] {subprocess.py:75} INFO - Running command: ['/bin/bash', '-c', 'echo hey, I am task2 and will be running after task1!']
[2023-06-07T06:34:47.637+0000] {subprocess.py:86} INFO - Output:
[2023-06-07T06:34:47.649+0000] {subprocess.py:93} INFO - hey, I am task2 and will be running after task1!
[2023-06-07T06:34:47.653+0000] {subprocess.py:97} INFO - Command exited with return code 0
[2023-06-07T06:34:47.858+0000] {taskinstance.py:1327} INFO - Marking task as SUCCESS. dag_id=our_first_dag_v5, task_id=second_task, execution_date=20211110T000000, start_date=20230607T063445, end_date=20230607T063447
[2023-06-07T06:34:48.092+0000] {local_task_job.py:159} INFO - Task exited with return code 0
[2023-06-07T06:34:48.571+0000] {taskinstance.py:2582} INFO - 0 downstream tasks scheduled from follow-on schedule check
