[2023-05-30T11:37:17.127+0000] {taskinstance.py:1087} INFO - Dependencies all met for <TaskInstance: our_dag_with_python_operator_v07.get_name scheduled__2021-12-01T00:00:00+00:00 [queued]>
[2023-05-30T11:37:17.233+0000] {taskinstance.py:1087} INFO - Dependencies all met for <TaskInstance: our_dag_with_python_operator_v07.get_name scheduled__2021-12-01T00:00:00+00:00 [queued]>
[2023-05-30T11:37:17.242+0000] {taskinstance.py:1283} INFO - 
--------------------------------------------------------------------------------
[2023-05-30T11:37:17.270+0000] {taskinstance.py:1284} INFO - Starting attempt 1 of 6
[2023-05-30T11:37:17.272+0000] {taskinstance.py:1285} INFO - 
--------------------------------------------------------------------------------
[2023-05-30T11:37:17.463+0000] {taskinstance.py:1304} INFO - Executing <Task(PythonOperator): get_name> on 2021-12-01 00:00:00+00:00
[2023-05-30T11:37:17.514+0000] {standard_task_runner.py:55} INFO - Started process 5876 to run task
[2023-05-30T11:37:17.552+0000] {standard_task_runner.py:82} INFO - Running: ['***', 'tasks', 'run', 'our_dag_with_python_operator_v07', 'get_name', 'scheduled__2021-12-01T00:00:00+00:00', '--job-id', '1280', '--raw', '--subdir', 'DAGS_FOLDER/dag_python_opr.py', '--cfg-path', '/tmp/tmp4hnu5txn']
[2023-05-30T11:37:17.558+0000] {standard_task_runner.py:83} INFO - Job 1280: Subtask get_name
[2023-05-30T11:37:17.836+0000] {task_command.py:389} INFO - Running <TaskInstance: our_dag_with_python_operator_v07.get_name scheduled__2021-12-01T00:00:00+00:00 [running]> on host 49219f98c96e
[2023-05-30T11:37:18.171+0000] {taskinstance.py:1513} INFO - Exporting the following env vars:
AIRFLOW_CTX_DAG_OWNER=coder2j
AIRFLOW_CTX_DAG_ID=our_dag_with_python_operator_v07
AIRFLOW_CTX_TASK_ID=get_name
AIRFLOW_CTX_EXECUTION_DATE=2021-12-01T00:00:00+00:00
AIRFLOW_CTX_TRY_NUMBER=1
AIRFLOW_CTX_DAG_RUN_ID=scheduled__2021-12-01T00:00:00+00:00
[2023-05-30T11:37:18.215+0000] {python.py:177} INFO - Done. Returned value was: None
[2023-05-30T11:37:18.253+0000] {taskinstance.py:1327} INFO - Marking task as SUCCESS. dag_id=our_dag_with_python_operator_v07, task_id=get_name, execution_date=20211201T000000, start_date=20230530T113717, end_date=20230530T113718
[2023-05-30T11:37:18.331+0000] {local_task_job.py:159} INFO - Task exited with return code 0
[2023-05-30T11:37:18.394+0000] {taskinstance.py:2582} INFO - 0 downstream tasks scheduled from follow-on schedule check
[2023-06-07T06:32:50.335+0000] {taskinstance.py:1087} INFO - Dependencies all met for <TaskInstance: our_dag_with_python_operator_v07.get_name scheduled__2021-12-01T00:00:00+00:00 [queued]>
[2023-06-07T06:32:50.399+0000] {taskinstance.py:1087} INFO - Dependencies all met for <TaskInstance: our_dag_with_python_operator_v07.get_name scheduled__2021-12-01T00:00:00+00:00 [queued]>
[2023-06-07T06:32:50.417+0000] {taskinstance.py:1283} INFO - 
--------------------------------------------------------------------------------
[2023-06-07T06:32:50.426+0000] {taskinstance.py:1284} INFO - Starting attempt 1 of 6
[2023-06-07T06:32:50.427+0000] {taskinstance.py:1285} INFO - 
--------------------------------------------------------------------------------
[2023-06-07T06:32:50.551+0000] {taskinstance.py:1304} INFO - Executing <Task(PythonOperator): get_name> on 2021-12-01 00:00:00+00:00
[2023-06-07T06:32:50.570+0000] {standard_task_runner.py:55} INFO - Started process 1291 to run task
[2023-06-07T06:32:50.589+0000] {standard_task_runner.py:82} INFO - Running: ['***', 'tasks', 'run', 'our_dag_with_python_operator_v07', 'get_name', 'scheduled__2021-12-01T00:00:00+00:00', '--job-id', '1316', '--raw', '--subdir', 'DAGS_FOLDER/dag_python_opr.py', '--cfg-path', '/tmp/tmpn_6o2w1a']
[2023-06-07T06:32:50.593+0000] {standard_task_runner.py:83} INFO - Job 1316: Subtask get_name
[2023-06-07T06:32:51.035+0000] {task_command.py:389} INFO - Running <TaskInstance: our_dag_with_python_operator_v07.get_name scheduled__2021-12-01T00:00:00+00:00 [running]> on host 026ed797f3b3
[2023-06-07T06:32:51.391+0000] {taskinstance.py:1513} INFO - Exporting the following env vars:
AIRFLOW_CTX_DAG_OWNER=coder2j
AIRFLOW_CTX_DAG_ID=our_dag_with_python_operator_v07
AIRFLOW_CTX_TASK_ID=get_name
AIRFLOW_CTX_EXECUTION_DATE=2021-12-01T00:00:00+00:00
AIRFLOW_CTX_TRY_NUMBER=1
AIRFLOW_CTX_DAG_RUN_ID=scheduled__2021-12-01T00:00:00+00:00
[2023-06-07T06:32:51.482+0000] {python.py:177} INFO - Done. Returned value was: None
[2023-06-07T06:32:51.540+0000] {taskinstance.py:1327} INFO - Marking task as SUCCESS. dag_id=our_dag_with_python_operator_v07, task_id=get_name, execution_date=20211201T000000, start_date=20230607T063250, end_date=20230607T063251
[2023-06-07T06:32:51.695+0000] {local_task_job.py:159} INFO - Task exited with return code 0
[2023-06-07T06:32:51.910+0000] {taskinstance.py:2582} INFO - 1 downstream tasks scheduled from follow-on schedule check
