[2023-05-30T11:37:46.431+0000] {taskinstance.py:1087} INFO - Dependencies all met for <TaskInstance: our_dag_with_python_operator_v07.get_name scheduled__2021-12-29T00:00:00+00:00 [queued]>
[2023-05-30T11:37:46.489+0000] {taskinstance.py:1087} INFO - Dependencies all met for <TaskInstance: our_dag_with_python_operator_v07.get_name scheduled__2021-12-29T00:00:00+00:00 [queued]>
[2023-05-30T11:37:46.513+0000] {taskinstance.py:1283} INFO - 
--------------------------------------------------------------------------------
[2023-05-30T11:37:46.515+0000] {taskinstance.py:1284} INFO - Starting attempt 1 of 6
[2023-05-30T11:37:46.517+0000] {taskinstance.py:1285} INFO - 
--------------------------------------------------------------------------------
[2023-05-30T11:37:46.639+0000] {taskinstance.py:1304} INFO - Executing <Task(PythonOperator): get_name> on 2021-12-29 00:00:00+00:00
[2023-05-30T11:37:46.664+0000] {standard_task_runner.py:55} INFO - Started process 6077 to run task
[2023-05-30T11:37:46.693+0000] {standard_task_runner.py:82} INFO - Running: ['***', 'tasks', 'run', 'our_dag_with_python_operator_v07', 'get_name', 'scheduled__2021-12-29T00:00:00+00:00', '--job-id', '1366', '--raw', '--subdir', 'DAGS_FOLDER/dag_python_opr.py', '--cfg-path', '/tmp/tmp5y17kxxn']
[2023-05-30T11:37:46.696+0000] {standard_task_runner.py:83} INFO - Job 1366: Subtask get_name
[2023-05-30T11:37:46.973+0000] {task_command.py:389} INFO - Running <TaskInstance: our_dag_with_python_operator_v07.get_name scheduled__2021-12-29T00:00:00+00:00 [running]> on host 49219f98c96e
[2023-05-30T11:37:47.243+0000] {taskinstance.py:1513} INFO - Exporting the following env vars:
AIRFLOW_CTX_DAG_OWNER=coder2j
AIRFLOW_CTX_DAG_ID=our_dag_with_python_operator_v07
AIRFLOW_CTX_TASK_ID=get_name
AIRFLOW_CTX_EXECUTION_DATE=2021-12-29T00:00:00+00:00
AIRFLOW_CTX_TRY_NUMBER=1
AIRFLOW_CTX_DAG_RUN_ID=scheduled__2021-12-29T00:00:00+00:00
[2023-05-30T11:37:47.309+0000] {python.py:177} INFO - Done. Returned value was: None
[2023-05-30T11:37:47.347+0000] {taskinstance.py:1327} INFO - Marking task as SUCCESS. dag_id=our_dag_with_python_operator_v07, task_id=get_name, execution_date=20211229T000000, start_date=20230530T113746, end_date=20230530T113747
[2023-05-30T11:37:47.444+0000] {local_task_job.py:159} INFO - Task exited with return code 0
[2023-05-30T11:37:47.494+0000] {taskinstance.py:2582} INFO - 1 downstream tasks scheduled from follow-on schedule check
