[2023-05-30T11:29:09.300+0000] {taskinstance.py:1087} INFO - Dependencies all met for <TaskInstance: our_first_dag_v5.first_task scheduled__2021-10-10T00:00:00+00:00 [queued]>
[2023-05-30T11:29:09.327+0000] {taskinstance.py:1087} INFO - Dependencies all met for <TaskInstance: our_first_dag_v5.first_task scheduled__2021-10-10T00:00:00+00:00 [queued]>
[2023-05-30T11:29:09.329+0000] {taskinstance.py:1283} INFO - 
--------------------------------------------------------------------------------
[2023-05-30T11:29:09.330+0000] {taskinstance.py:1284} INFO - Starting attempt 1 of 6
[2023-05-30T11:29:09.331+0000] {taskinstance.py:1285} INFO - 
--------------------------------------------------------------------------------
[2023-05-30T11:29:09.382+0000] {taskinstance.py:1304} INFO - Executing <Task(BashOperator): first_task> on 2021-10-10 00:00:00+00:00
[2023-05-30T11:29:09.409+0000] {standard_task_runner.py:55} INFO - Started process 2351 to run task
[2023-05-30T11:29:09.435+0000] {standard_task_runner.py:82} INFO - Running: ['***', 'tasks', 'run', 'our_first_dag_v5', 'first_task', 'scheduled__2021-10-10T00:00:00+00:00', '--job-id', '211', '--raw', '--subdir', 'DAGS_FOLDER/first_Dag.py', '--cfg-path', '/tmp/tmp3yoefrk3']
[2023-05-30T11:29:09.445+0000] {standard_task_runner.py:83} INFO - Job 211: Subtask first_task
[2023-05-30T11:29:09.768+0000] {task_command.py:389} INFO - Running <TaskInstance: our_first_dag_v5.first_task scheduled__2021-10-10T00:00:00+00:00 [running]> on host 49219f98c96e
[2023-05-30T11:29:10.073+0000] {taskinstance.py:1513} INFO - Exporting the following env vars:
AIRFLOW_CTX_DAG_OWNER=coder2j
AIRFLOW_CTX_DAG_ID=our_first_dag_v5
AIRFLOW_CTX_TASK_ID=first_task
AIRFLOW_CTX_EXECUTION_DATE=2021-10-10T00:00:00+00:00
AIRFLOW_CTX_TRY_NUMBER=1
AIRFLOW_CTX_DAG_RUN_ID=scheduled__2021-10-10T00:00:00+00:00
[2023-05-30T11:29:10.078+0000] {subprocess.py:63} INFO - Tmp dir root location: 
 /tmp
[2023-05-30T11:29:10.080+0000] {subprocess.py:75} INFO - Running command: ['/bin/bash', '-c', 'echo hello world, this is the first task!']
[2023-05-30T11:29:10.146+0000] {subprocess.py:86} INFO - Output:
[2023-05-30T11:29:10.163+0000] {subprocess.py:93} INFO - hello world, this is the first task!
[2023-05-30T11:29:10.168+0000] {subprocess.py:97} INFO - Command exited with return code 0
[2023-05-30T11:29:10.231+0000] {taskinstance.py:1327} INFO - Marking task as SUCCESS. dag_id=our_first_dag_v5, task_id=first_task, execution_date=20211010T000000, start_date=20230530T112909, end_date=20230530T112910
[2023-05-30T11:29:10.305+0000] {local_task_job.py:159} INFO - Task exited with return code 0
[2023-05-30T11:29:10.349+0000] {taskinstance.py:2582} INFO - 2 downstream tasks scheduled from follow-on schedule check
