[2023-05-30T11:31:00.342+0000] {taskinstance.py:1087} INFO - Dependencies all met for <TaskInstance: our_first_dag_v5.first_task scheduled__2022-01-21T00:00:00+00:00 [queued]>
[2023-05-30T11:31:00.381+0000] {taskinstance.py:1087} INFO - Dependencies all met for <TaskInstance: our_first_dag_v5.first_task scheduled__2022-01-21T00:00:00+00:00 [queued]>
[2023-05-30T11:31:00.382+0000] {taskinstance.py:1283} INFO - 
--------------------------------------------------------------------------------
[2023-05-30T11:31:00.386+0000] {taskinstance.py:1284} INFO - Starting attempt 1 of 6
[2023-05-30T11:31:00.387+0000] {taskinstance.py:1285} INFO - 
--------------------------------------------------------------------------------
[2023-05-30T11:31:00.416+0000] {taskinstance.py:1304} INFO - Executing <Task(BashOperator): first_task> on 2022-01-21 00:00:00+00:00
[2023-05-30T11:31:00.428+0000] {standard_task_runner.py:55} INFO - Started process 3404 to run task
[2023-05-30T11:31:00.450+0000] {standard_task_runner.py:82} INFO - Running: ['***', 'tasks', 'run', 'our_first_dag_v5', 'first_task', 'scheduled__2022-01-21T00:00:00+00:00', '--job-id', '525', '--raw', '--subdir', 'DAGS_FOLDER/first_Dag.py', '--cfg-path', '/tmp/tmprox2uu9c']
[2023-05-30T11:31:00.452+0000] {standard_task_runner.py:83} INFO - Job 525: Subtask first_task
[2023-05-30T11:31:00.651+0000] {task_command.py:389} INFO - Running <TaskInstance: our_first_dag_v5.first_task scheduled__2022-01-21T00:00:00+00:00 [running]> on host 49219f98c96e
[2023-05-30T11:31:00.855+0000] {taskinstance.py:1513} INFO - Exporting the following env vars:
AIRFLOW_CTX_DAG_OWNER=coder2j
AIRFLOW_CTX_DAG_ID=our_first_dag_v5
AIRFLOW_CTX_TASK_ID=first_task
AIRFLOW_CTX_EXECUTION_DATE=2022-01-21T00:00:00+00:00
AIRFLOW_CTX_TRY_NUMBER=1
AIRFLOW_CTX_DAG_RUN_ID=scheduled__2022-01-21T00:00:00+00:00
[2023-05-30T11:31:00.868+0000] {subprocess.py:63} INFO - Tmp dir root location: 
 /tmp
[2023-05-30T11:31:00.871+0000] {subprocess.py:75} INFO - Running command: ['/bin/bash', '-c', 'echo hello world, this is the first task!']
[2023-05-30T11:31:00.948+0000] {subprocess.py:86} INFO - Output:
[2023-05-30T11:31:00.968+0000] {subprocess.py:93} INFO - hello world, this is the first task!
[2023-05-30T11:31:00.973+0000] {subprocess.py:97} INFO - Command exited with return code 0
[2023-05-30T11:31:01.080+0000] {taskinstance.py:1327} INFO - Marking task as SUCCESS. dag_id=our_first_dag_v5, task_id=first_task, execution_date=20220121T000000, start_date=20230530T113100, end_date=20230530T113101
[2023-05-30T11:31:01.202+0000] {local_task_job.py:159} INFO - Task exited with return code 0
[2023-05-30T11:31:01.289+0000] {taskinstance.py:2582} INFO - 0 downstream tasks scheduled from follow-on schedule check
[2023-06-07T06:37:48.382+0000] {taskinstance.py:1087} INFO - Dependencies all met for <TaskInstance: our_first_dag_v5.first_task scheduled__2022-01-21T00:00:00+00:00 [queued]>
[2023-06-07T06:37:48.485+0000] {taskinstance.py:1087} INFO - Dependencies all met for <TaskInstance: our_first_dag_v5.first_task scheduled__2022-01-21T00:00:00+00:00 [queued]>
[2023-06-07T06:37:48.491+0000] {taskinstance.py:1283} INFO - 
--------------------------------------------------------------------------------
[2023-06-07T06:37:48.494+0000] {taskinstance.py:1284} INFO - Starting attempt 1 of 6
[2023-06-07T06:37:48.497+0000] {taskinstance.py:1285} INFO - 
--------------------------------------------------------------------------------
[2023-06-07T06:37:48.826+0000] {taskinstance.py:1304} INFO - Executing <Task(BashOperator): first_task> on 2022-01-21 00:00:00+00:00
[2023-06-07T06:37:48.850+0000] {standard_task_runner.py:55} INFO - Started process 3259 to run task
[2023-06-07T06:37:48.953+0000] {standard_task_runner.py:82} INFO - Running: ['***', 'tasks', 'run', 'our_first_dag_v5', 'first_task', 'scheduled__2022-01-21T00:00:00+00:00', '--job-id', '2028', '--raw', '--subdir', 'DAGS_FOLDER/first_Dag.py', '--cfg-path', '/tmp/tmptkb83pbn']
[2023-06-07T06:37:48.955+0000] {standard_task_runner.py:83} INFO - Job 2028: Subtask first_task
[2023-06-07T06:37:49.543+0000] {task_command.py:389} INFO - Running <TaskInstance: our_first_dag_v5.first_task scheduled__2022-01-21T00:00:00+00:00 [running]> on host 026ed797f3b3
[2023-06-07T06:37:50.300+0000] {taskinstance.py:1513} INFO - Exporting the following env vars:
AIRFLOW_CTX_DAG_OWNER=coder2j
AIRFLOW_CTX_DAG_ID=our_first_dag_v5
AIRFLOW_CTX_TASK_ID=first_task
AIRFLOW_CTX_EXECUTION_DATE=2022-01-21T00:00:00+00:00
AIRFLOW_CTX_TRY_NUMBER=1
AIRFLOW_CTX_DAG_RUN_ID=scheduled__2022-01-21T00:00:00+00:00
[2023-06-07T06:37:50.325+0000] {subprocess.py:63} INFO - Tmp dir root location: 
 /tmp
[2023-06-07T06:37:50.327+0000] {subprocess.py:75} INFO - Running command: ['/bin/bash', '-c', 'echo hello world, this is the first task!']
[2023-06-07T06:37:50.409+0000] {subprocess.py:86} INFO - Output:
[2023-06-07T06:37:50.447+0000] {subprocess.py:93} INFO - hello world, this is the first task!
[2023-06-07T06:37:50.449+0000] {subprocess.py:97} INFO - Command exited with return code 0
[2023-06-07T06:37:50.598+0000] {taskinstance.py:1327} INFO - Marking task as SUCCESS. dag_id=our_first_dag_v5, task_id=first_task, execution_date=20220121T000000, start_date=20230607T063748, end_date=20230607T063750
[2023-06-07T06:37:50.884+0000] {local_task_job.py:159} INFO - Task exited with return code 0
[2023-06-07T06:37:51.027+0000] {taskinstance.py:2582} INFO - 2 downstream tasks scheduled from follow-on schedule check
