[2023-05-30T12:33:03.929+0000] {taskinstance.py:1087} INFO - Dependencies all met for <TaskInstance: our_dag_with_python_operator_v07.get_name scheduled__2022-03-21T00:00:00+00:00 [queued]>
[2023-05-30T12:33:03.978+0000] {taskinstance.py:1087} INFO - Dependencies all met for <TaskInstance: our_dag_with_python_operator_v07.get_name scheduled__2022-03-21T00:00:00+00:00 [queued]>
[2023-05-30T12:33:03.981+0000] {taskinstance.py:1283} INFO - 
--------------------------------------------------------------------------------
[2023-05-30T12:33:03.983+0000] {taskinstance.py:1284} INFO - Starting attempt 1 of 6
[2023-05-30T12:33:03.985+0000] {taskinstance.py:1285} INFO - 
--------------------------------------------------------------------------------
[2023-05-30T12:33:04.030+0000] {taskinstance.py:1304} INFO - Executing <Task(PythonOperator): get_name> on 2022-03-21 00:00:00+00:00
[2023-05-30T12:33:04.061+0000] {standard_task_runner.py:55} INFO - Started process 10329 to run task
[2023-05-30T12:33:04.085+0000] {standard_task_runner.py:82} INFO - Running: ['***', 'tasks', 'run', 'our_dag_with_python_operator_v07', 'get_name', 'scheduled__2022-03-21T00:00:00+00:00', '--job-id', '1616', '--raw', '--subdir', 'DAGS_FOLDER/dag_python_opr.py', '--cfg-path', '/tmp/tmpl_djt9jx']
[2023-05-30T12:33:04.087+0000] {standard_task_runner.py:83} INFO - Job 1616: Subtask get_name
[2023-05-30T12:33:04.255+0000] {task_command.py:389} INFO - Running <TaskInstance: our_dag_with_python_operator_v07.get_name scheduled__2022-03-21T00:00:00+00:00 [running]> on host 49219f98c96e
[2023-05-30T12:33:04.498+0000] {taskinstance.py:1513} INFO - Exporting the following env vars:
AIRFLOW_CTX_DAG_OWNER=coder2j
AIRFLOW_CTX_DAG_ID=our_dag_with_python_operator_v07
AIRFLOW_CTX_TASK_ID=get_name
AIRFLOW_CTX_EXECUTION_DATE=2022-03-21T00:00:00+00:00
AIRFLOW_CTX_TRY_NUMBER=1
AIRFLOW_CTX_DAG_RUN_ID=scheduled__2022-03-21T00:00:00+00:00
[2023-05-30T12:33:04.561+0000] {python.py:177} INFO - Done. Returned value was: None
[2023-05-30T12:33:04.599+0000] {taskinstance.py:1327} INFO - Marking task as SUCCESS. dag_id=our_dag_with_python_operator_v07, task_id=get_name, execution_date=20220321T000000, start_date=20230530T123303, end_date=20230530T123304
[2023-05-30T12:33:04.658+0000] {local_task_job.py:159} INFO - Task exited with return code 0
[2023-05-30T12:33:04.702+0000] {taskinstance.py:2582} INFO - 1 downstream tasks scheduled from follow-on schedule check
[2023-06-07T06:37:24.868+0000] {taskinstance.py:1087} INFO - Dependencies all met for <TaskInstance: our_dag_with_python_operator_v07.get_name scheduled__2022-03-21T00:00:00+00:00 [queued]>
[2023-06-07T06:37:25.023+0000] {taskinstance.py:1087} INFO - Dependencies all met for <TaskInstance: our_dag_with_python_operator_v07.get_name scheduled__2022-03-21T00:00:00+00:00 [queued]>
[2023-06-07T06:37:25.024+0000] {taskinstance.py:1283} INFO - 
--------------------------------------------------------------------------------
[2023-06-07T06:37:25.025+0000] {taskinstance.py:1284} INFO - Starting attempt 1 of 6
[2023-06-07T06:37:25.028+0000] {taskinstance.py:1285} INFO - 
--------------------------------------------------------------------------------
[2023-06-07T06:37:25.450+0000] {taskinstance.py:1304} INFO - Executing <Task(PythonOperator): get_name> on 2022-03-21 00:00:00+00:00
[2023-06-07T06:37:25.519+0000] {standard_task_runner.py:55} INFO - Started process 3102 to run task
[2023-06-07T06:37:25.565+0000] {standard_task_runner.py:82} INFO - Running: ['***', 'tasks', 'run', 'our_dag_with_python_operator_v07', 'get_name', 'scheduled__2022-03-21T00:00:00+00:00', '--job-id', '1969', '--raw', '--subdir', 'DAGS_FOLDER/dag_python_opr.py', '--cfg-path', '/tmp/tmpk58si7j2']
[2023-06-07T06:37:25.569+0000] {standard_task_runner.py:83} INFO - Job 1969: Subtask get_name
[2023-06-07T06:37:26.497+0000] {task_command.py:389} INFO - Running <TaskInstance: our_dag_with_python_operator_v07.get_name scheduled__2022-03-21T00:00:00+00:00 [running]> on host 026ed797f3b3
[2023-06-07T06:37:27.873+0000] {taskinstance.py:1513} INFO - Exporting the following env vars:
AIRFLOW_CTX_DAG_OWNER=coder2j
AIRFLOW_CTX_DAG_ID=our_dag_with_python_operator_v07
AIRFLOW_CTX_TASK_ID=get_name
AIRFLOW_CTX_EXECUTION_DATE=2022-03-21T00:00:00+00:00
AIRFLOW_CTX_TRY_NUMBER=1
AIRFLOW_CTX_DAG_RUN_ID=scheduled__2022-03-21T00:00:00+00:00
[2023-06-07T06:37:28.013+0000] {python.py:177} INFO - Done. Returned value was: None
[2023-06-07T06:37:28.114+0000] {taskinstance.py:1327} INFO - Marking task as SUCCESS. dag_id=our_dag_with_python_operator_v07, task_id=get_name, execution_date=20220321T000000, start_date=20230607T063724, end_date=20230607T063728
[2023-06-07T06:37:28.338+0000] {local_task_job.py:159} INFO - Task exited with return code 0
[2023-06-07T06:37:28.512+0000] {taskinstance.py:2582} INFO - 1 downstream tasks scheduled from follow-on schedule check
