[2023-05-30T11:28:58.871+0000] {taskinstance.py:1087} INFO - Dependencies all met for <TaskInstance: our_first_dag_v5.second_task scheduled__2021-09-24T00:00:00+00:00 [queued]>
[2023-05-30T11:28:58.928+0000] {taskinstance.py:1087} INFO - Dependencies all met for <TaskInstance: our_first_dag_v5.second_task scheduled__2021-09-24T00:00:00+00:00 [queued]>
[2023-05-30T11:28:58.931+0000] {taskinstance.py:1283} INFO - 
--------------------------------------------------------------------------------
[2023-05-30T11:28:58.935+0000] {taskinstance.py:1284} INFO - Starting attempt 1 of 6
[2023-05-30T11:28:58.938+0000] {taskinstance.py:1285} INFO - 
--------------------------------------------------------------------------------
[2023-05-30T11:28:58.990+0000] {taskinstance.py:1304} INFO - Executing <Task(BashOperator): second_task> on 2021-09-24 00:00:00+00:00
[2023-05-30T11:28:59.021+0000] {standard_task_runner.py:55} INFO - Started process 2263 to run task
[2023-05-30T11:28:59.065+0000] {standard_task_runner.py:82} INFO - Running: ['***', 'tasks', 'run', 'our_first_dag_v5', 'second_task', 'scheduled__2021-09-24T00:00:00+00:00', '--job-id', '180', '--raw', '--subdir', 'DAGS_FOLDER/first_Dag.py', '--cfg-path', '/tmp/tmpiwvkssp9']
[2023-05-30T11:28:59.073+0000] {standard_task_runner.py:83} INFO - Job 180: Subtask second_task
[2023-05-30T11:28:59.652+0000] {task_command.py:389} INFO - Running <TaskInstance: our_first_dag_v5.second_task scheduled__2021-09-24T00:00:00+00:00 [running]> on host 49219f98c96e
[2023-05-30T11:29:00.273+0000] {taskinstance.py:1513} INFO - Exporting the following env vars:
AIRFLOW_CTX_DAG_OWNER=coder2j
AIRFLOW_CTX_DAG_ID=our_first_dag_v5
AIRFLOW_CTX_TASK_ID=second_task
AIRFLOW_CTX_EXECUTION_DATE=2021-09-24T00:00:00+00:00
AIRFLOW_CTX_TRY_NUMBER=1
AIRFLOW_CTX_DAG_RUN_ID=scheduled__2021-09-24T00:00:00+00:00
[2023-05-30T11:29:00.279+0000] {subprocess.py:63} INFO - Tmp dir root location: 
 /tmp
[2023-05-30T11:29:00.281+0000] {subprocess.py:75} INFO - Running command: ['/bin/bash', '-c', 'echo hey, I am task2 and will be running after task1!']
[2023-05-30T11:29:00.393+0000] {subprocess.py:86} INFO - Output:
[2023-05-30T11:29:00.418+0000] {subprocess.py:93} INFO - hey, I am task2 and will be running after task1!
[2023-05-30T11:29:00.421+0000] {subprocess.py:97} INFO - Command exited with return code 0
[2023-05-30T11:29:00.545+0000] {taskinstance.py:1327} INFO - Marking task as SUCCESS. dag_id=our_first_dag_v5, task_id=second_task, execution_date=20210924T000000, start_date=20230530T112858, end_date=20230530T112900
[2023-05-30T11:29:00.706+0000] {local_task_job.py:159} INFO - Task exited with return code 0
[2023-05-30T11:29:00.759+0000] {taskinstance.py:2582} INFO - 0 downstream tasks scheduled from follow-on schedule check
[2023-06-07T06:33:03.098+0000] {taskinstance.py:1087} INFO - Dependencies all met for <TaskInstance: our_first_dag_v5.second_task scheduled__2021-09-24T00:00:00+00:00 [queued]>
[2023-06-07T06:33:03.180+0000] {taskinstance.py:1087} INFO - Dependencies all met for <TaskInstance: our_first_dag_v5.second_task scheduled__2021-09-24T00:00:00+00:00 [queued]>
[2023-06-07T06:33:03.183+0000] {taskinstance.py:1283} INFO - 
--------------------------------------------------------------------------------
[2023-06-07T06:33:03.186+0000] {taskinstance.py:1284} INFO - Starting attempt 1 of 6
[2023-06-07T06:33:03.188+0000] {taskinstance.py:1285} INFO - 
--------------------------------------------------------------------------------
[2023-06-07T06:33:03.259+0000] {taskinstance.py:1304} INFO - Executing <Task(BashOperator): second_task> on 2021-09-24 00:00:00+00:00
[2023-06-07T06:33:03.276+0000] {standard_task_runner.py:55} INFO - Started process 1380 to run task
[2023-06-07T06:33:03.301+0000] {standard_task_runner.py:82} INFO - Running: ['***', 'tasks', 'run', 'our_first_dag_v5', 'second_task', 'scheduled__2021-09-24T00:00:00+00:00', '--job-id', '1355', '--raw', '--subdir', 'DAGS_FOLDER/first_Dag.py', '--cfg-path', '/tmp/tmpez8kki75']
[2023-06-07T06:33:03.304+0000] {standard_task_runner.py:83} INFO - Job 1355: Subtask second_task
[2023-06-07T06:33:03.563+0000] {task_command.py:389} INFO - Running <TaskInstance: our_first_dag_v5.second_task scheduled__2021-09-24T00:00:00+00:00 [running]> on host 026ed797f3b3
[2023-06-07T06:33:03.884+0000] {taskinstance.py:1513} INFO - Exporting the following env vars:
AIRFLOW_CTX_DAG_OWNER=coder2j
AIRFLOW_CTX_DAG_ID=our_first_dag_v5
AIRFLOW_CTX_TASK_ID=second_task
AIRFLOW_CTX_EXECUTION_DATE=2021-09-24T00:00:00+00:00
AIRFLOW_CTX_TRY_NUMBER=1
AIRFLOW_CTX_DAG_RUN_ID=scheduled__2021-09-24T00:00:00+00:00
[2023-06-07T06:33:03.887+0000] {subprocess.py:63} INFO - Tmp dir root location: 
 /tmp
[2023-06-07T06:33:03.890+0000] {subprocess.py:75} INFO - Running command: ['/bin/bash', '-c', 'echo hey, I am task2 and will be running after task1!']
[2023-06-07T06:33:03.929+0000] {subprocess.py:86} INFO - Output:
[2023-06-07T06:33:03.932+0000] {subprocess.py:93} INFO - hey, I am task2 and will be running after task1!
[2023-06-07T06:33:03.934+0000] {subprocess.py:97} INFO - Command exited with return code 0
[2023-06-07T06:33:04.028+0000] {taskinstance.py:1327} INFO - Marking task as SUCCESS. dag_id=our_first_dag_v5, task_id=second_task, execution_date=20210924T000000, start_date=20230607T063303, end_date=20230607T063304
[2023-06-07T06:33:04.134+0000] {local_task_job.py:159} INFO - Task exited with return code 0
[2023-06-07T06:33:04.245+0000] {taskinstance.py:2582} INFO - 0 downstream tasks scheduled from follow-on schedule check
