[2023-05-30T11:29:59.594+0000] {taskinstance.py:1087} INFO - Dependencies all met for <TaskInstance: our_first_dag_v5.second_task scheduled__2021-11-22T00:00:00+00:00 [queued]>
[2023-05-30T11:29:59.665+0000] {taskinstance.py:1087} INFO - Dependencies all met for <TaskInstance: our_first_dag_v5.second_task scheduled__2021-11-22T00:00:00+00:00 [queued]>
[2023-05-30T11:29:59.673+0000] {taskinstance.py:1283} INFO - 
--------------------------------------------------------------------------------
[2023-05-30T11:29:59.674+0000] {taskinstance.py:1284} INFO - Starting attempt 1 of 6
[2023-05-30T11:29:59.675+0000] {taskinstance.py:1285} INFO - 
--------------------------------------------------------------------------------
[2023-05-30T11:29:59.766+0000] {taskinstance.py:1304} INFO - Executing <Task(BashOperator): second_task> on 2021-11-22 00:00:00+00:00
[2023-05-30T11:29:59.808+0000] {standard_task_runner.py:55} INFO - Started process 2848 to run task
[2023-05-30T11:29:59.861+0000] {standard_task_runner.py:82} INFO - Running: ['***', 'tasks', 'run', 'our_first_dag_v5', 'second_task', 'scheduled__2021-11-22T00:00:00+00:00', '--job-id', '356', '--raw', '--subdir', 'DAGS_FOLDER/first_Dag.py', '--cfg-path', '/tmp/tmpj0yb52fs']
[2023-05-30T11:29:59.865+0000] {standard_task_runner.py:83} INFO - Job 356: Subtask second_task
[2023-05-30T11:30:00.269+0000] {task_command.py:389} INFO - Running <TaskInstance: our_first_dag_v5.second_task scheduled__2021-11-22T00:00:00+00:00 [running]> on host 49219f98c96e
[2023-05-30T11:30:00.879+0000] {taskinstance.py:1513} INFO - Exporting the following env vars:
AIRFLOW_CTX_DAG_OWNER=coder2j
AIRFLOW_CTX_DAG_ID=our_first_dag_v5
AIRFLOW_CTX_TASK_ID=second_task
AIRFLOW_CTX_EXECUTION_DATE=2021-11-22T00:00:00+00:00
AIRFLOW_CTX_TRY_NUMBER=1
AIRFLOW_CTX_DAG_RUN_ID=scheduled__2021-11-22T00:00:00+00:00
[2023-05-30T11:30:00.885+0000] {subprocess.py:63} INFO - Tmp dir root location: 
 /tmp
[2023-05-30T11:30:00.888+0000] {subprocess.py:75} INFO - Running command: ['/bin/bash', '-c', 'echo hey, I am task2 and will be running after task1!']
[2023-05-30T11:30:00.941+0000] {subprocess.py:86} INFO - Output:
[2023-05-30T11:30:00.953+0000] {subprocess.py:93} INFO - hey, I am task2 and will be running after task1!
[2023-05-30T11:30:00.959+0000] {subprocess.py:97} INFO - Command exited with return code 0
[2023-05-30T11:30:01.077+0000] {taskinstance.py:1327} INFO - Marking task as SUCCESS. dag_id=our_first_dag_v5, task_id=second_task, execution_date=20211122T000000, start_date=20230530T112959, end_date=20230530T113001
[2023-05-30T11:30:01.276+0000] {local_task_job.py:159} INFO - Task exited with return code 0
[2023-05-30T11:30:01.344+0000] {taskinstance.py:2582} INFO - 0 downstream tasks scheduled from follow-on schedule check
[2023-06-07T06:35:21.912+0000] {taskinstance.py:1087} INFO - Dependencies all met for <TaskInstance: our_first_dag_v5.second_task scheduled__2021-11-22T00:00:00+00:00 [queued]>
[2023-06-07T06:35:21.976+0000] {taskinstance.py:1087} INFO - Dependencies all met for <TaskInstance: our_first_dag_v5.second_task scheduled__2021-11-22T00:00:00+00:00 [queued]>
[2023-06-07T06:35:21.999+0000] {taskinstance.py:1283} INFO - 
--------------------------------------------------------------------------------
[2023-06-07T06:35:22.002+0000] {taskinstance.py:1284} INFO - Starting attempt 1 of 6
[2023-06-07T06:35:22.006+0000] {taskinstance.py:1285} INFO - 
--------------------------------------------------------------------------------
[2023-06-07T06:35:22.213+0000] {taskinstance.py:1304} INFO - Executing <Task(BashOperator): second_task> on 2021-11-22 00:00:00+00:00
[2023-06-07T06:35:22.245+0000] {standard_task_runner.py:55} INFO - Started process 2363 to run task
[2023-06-07T06:35:22.304+0000] {standard_task_runner.py:82} INFO - Running: ['***', 'tasks', 'run', 'our_first_dag_v5', 'second_task', 'scheduled__2021-11-22T00:00:00+00:00', '--job-id', '1710', '--raw', '--subdir', 'DAGS_FOLDER/first_Dag.py', '--cfg-path', '/tmp/tmp3d0sel7l']
[2023-06-07T06:35:22.313+0000] {standard_task_runner.py:83} INFO - Job 1710: Subtask second_task
[2023-06-07T06:35:22.709+0000] {task_command.py:389} INFO - Running <TaskInstance: our_first_dag_v5.second_task scheduled__2021-11-22T00:00:00+00:00 [running]> on host 026ed797f3b3
[2023-06-07T06:35:23.171+0000] {taskinstance.py:1513} INFO - Exporting the following env vars:
AIRFLOW_CTX_DAG_OWNER=coder2j
AIRFLOW_CTX_DAG_ID=our_first_dag_v5
AIRFLOW_CTX_TASK_ID=second_task
AIRFLOW_CTX_EXECUTION_DATE=2021-11-22T00:00:00+00:00
AIRFLOW_CTX_TRY_NUMBER=1
AIRFLOW_CTX_DAG_RUN_ID=scheduled__2021-11-22T00:00:00+00:00
[2023-06-07T06:35:23.176+0000] {subprocess.py:63} INFO - Tmp dir root location: 
 /tmp
[2023-06-07T06:35:23.179+0000] {subprocess.py:75} INFO - Running command: ['/bin/bash', '-c', 'echo hey, I am task2 and will be running after task1!']
[2023-06-07T06:35:23.289+0000] {subprocess.py:86} INFO - Output:
[2023-06-07T06:35:23.298+0000] {subprocess.py:93} INFO - hey, I am task2 and will be running after task1!
[2023-06-07T06:35:23.310+0000] {subprocess.py:97} INFO - Command exited with return code 0
[2023-06-07T06:35:23.439+0000] {taskinstance.py:1327} INFO - Marking task as SUCCESS. dag_id=our_first_dag_v5, task_id=second_task, execution_date=20211122T000000, start_date=20230607T063521, end_date=20230607T063523
[2023-06-07T06:35:23.660+0000] {local_task_job.py:159} INFO - Task exited with return code 0
[2023-06-07T06:35:23.745+0000] {taskinstance.py:2582} INFO - 0 downstream tasks scheduled from follow-on schedule check
