[2023-05-30T11:28:49.278+0000] {taskinstance.py:1087} INFO - Dependencies all met for <TaskInstance: our_first_dag_v5.second_task scheduled__2021-09-16T00:00:00+00:00 [queued]>
[2023-05-30T11:28:49.379+0000] {taskinstance.py:1087} INFO - Dependencies all met for <TaskInstance: our_first_dag_v5.second_task scheduled__2021-09-16T00:00:00+00:00 [queued]>
[2023-05-30T11:28:49.383+0000] {taskinstance.py:1283} INFO - 
--------------------------------------------------------------------------------
[2023-05-30T11:28:49.387+0000] {taskinstance.py:1284} INFO - Starting attempt 1 of 6
[2023-05-30T11:28:49.389+0000] {taskinstance.py:1285} INFO - 
--------------------------------------------------------------------------------
[2023-05-30T11:28:49.475+0000] {taskinstance.py:1304} INFO - Executing <Task(BashOperator): second_task> on 2021-09-16 00:00:00+00:00
[2023-05-30T11:28:49.511+0000] {standard_task_runner.py:55} INFO - Started process 2170 to run task
[2023-05-30T11:28:49.534+0000] {standard_task_runner.py:82} INFO - Running: ['***', 'tasks', 'run', 'our_first_dag_v5', 'second_task', 'scheduled__2021-09-16T00:00:00+00:00', '--job-id', '155', '--raw', '--subdir', 'DAGS_FOLDER/first_Dag.py', '--cfg-path', '/tmp/tmpwptr5u2j']
[2023-05-30T11:28:49.545+0000] {standard_task_runner.py:83} INFO - Job 155: Subtask second_task
[2023-05-30T11:28:50.005+0000] {task_command.py:389} INFO - Running <TaskInstance: our_first_dag_v5.second_task scheduled__2021-09-16T00:00:00+00:00 [running]> on host 49219f98c96e
[2023-05-30T11:28:50.260+0000] {taskinstance.py:1513} INFO - Exporting the following env vars:
AIRFLOW_CTX_DAG_OWNER=coder2j
AIRFLOW_CTX_DAG_ID=our_first_dag_v5
AIRFLOW_CTX_TASK_ID=second_task
AIRFLOW_CTX_EXECUTION_DATE=2021-09-16T00:00:00+00:00
AIRFLOW_CTX_TRY_NUMBER=1
AIRFLOW_CTX_DAG_RUN_ID=scheduled__2021-09-16T00:00:00+00:00
[2023-05-30T11:28:50.266+0000] {subprocess.py:63} INFO - Tmp dir root location: 
 /tmp
[2023-05-30T11:28:50.269+0000] {subprocess.py:75} INFO - Running command: ['/bin/bash', '-c', 'echo hey, I am task2 and will be running after task1!']
[2023-05-30T11:28:50.309+0000] {subprocess.py:86} INFO - Output:
[2023-05-30T11:28:50.321+0000] {subprocess.py:93} INFO - hey, I am task2 and will be running after task1!
[2023-05-30T11:28:50.323+0000] {subprocess.py:97} INFO - Command exited with return code 0
[2023-05-30T11:28:50.400+0000] {taskinstance.py:1327} INFO - Marking task as SUCCESS. dag_id=our_first_dag_v5, task_id=second_task, execution_date=20210916T000000, start_date=20230530T112849, end_date=20230530T112850
[2023-05-30T11:28:50.523+0000] {local_task_job.py:159} INFO - Task exited with return code 0
[2023-05-30T11:28:50.572+0000] {taskinstance.py:2582} INFO - 0 downstream tasks scheduled from follow-on schedule check
[2023-06-07T06:32:42.275+0000] {taskinstance.py:1087} INFO - Dependencies all met for <TaskInstance: our_first_dag_v5.second_task scheduled__2021-09-16T00:00:00+00:00 [queued]>
[2023-06-07T06:32:42.317+0000] {taskinstance.py:1087} INFO - Dependencies all met for <TaskInstance: our_first_dag_v5.second_task scheduled__2021-09-16T00:00:00+00:00 [queued]>
[2023-06-07T06:32:42.332+0000] {taskinstance.py:1283} INFO - 
--------------------------------------------------------------------------------
[2023-06-07T06:32:42.335+0000] {taskinstance.py:1284} INFO - Starting attempt 1 of 6
[2023-06-07T06:32:42.342+0000] {taskinstance.py:1285} INFO - 
--------------------------------------------------------------------------------
[2023-06-07T06:32:42.585+0000] {taskinstance.py:1304} INFO - Executing <Task(BashOperator): second_task> on 2021-09-16 00:00:00+00:00
[2023-06-07T06:32:42.637+0000] {standard_task_runner.py:55} INFO - Started process 1220 to run task
[2023-06-07T06:32:42.638+0000] {standard_task_runner.py:82} INFO - Running: ['***', 'tasks', 'run', 'our_first_dag_v5', 'second_task', 'scheduled__2021-09-16T00:00:00+00:00', '--job-id', '1295', '--raw', '--subdir', 'DAGS_FOLDER/first_Dag.py', '--cfg-path', '/tmp/tmpeu3g0qvo']
[2023-06-07T06:32:42.655+0000] {standard_task_runner.py:83} INFO - Job 1295: Subtask second_task
[2023-06-07T06:32:42.966+0000] {task_command.py:389} INFO - Running <TaskInstance: our_first_dag_v5.second_task scheduled__2021-09-16T00:00:00+00:00 [running]> on host 026ed797f3b3
[2023-06-07T06:32:43.341+0000] {taskinstance.py:1513} INFO - Exporting the following env vars:
AIRFLOW_CTX_DAG_OWNER=coder2j
AIRFLOW_CTX_DAG_ID=our_first_dag_v5
AIRFLOW_CTX_TASK_ID=second_task
AIRFLOW_CTX_EXECUTION_DATE=2021-09-16T00:00:00+00:00
AIRFLOW_CTX_TRY_NUMBER=1
AIRFLOW_CTX_DAG_RUN_ID=scheduled__2021-09-16T00:00:00+00:00
[2023-06-07T06:32:43.344+0000] {subprocess.py:63} INFO - Tmp dir root location: 
 /tmp
[2023-06-07T06:32:43.348+0000] {subprocess.py:75} INFO - Running command: ['/bin/bash', '-c', 'echo hey, I am task2 and will be running after task1!']
[2023-06-07T06:32:43.385+0000] {subprocess.py:86} INFO - Output:
[2023-06-07T06:32:43.392+0000] {subprocess.py:93} INFO - hey, I am task2 and will be running after task1!
[2023-06-07T06:32:43.396+0000] {subprocess.py:97} INFO - Command exited with return code 0
[2023-06-07T06:32:43.504+0000] {taskinstance.py:1327} INFO - Marking task as SUCCESS. dag_id=our_first_dag_v5, task_id=second_task, execution_date=20210916T000000, start_date=20230607T063242, end_date=20230607T063243
[2023-06-07T06:32:43.618+0000] {local_task_job.py:159} INFO - Task exited with return code 0
[2023-06-07T06:32:43.680+0000] {taskinstance.py:2582} INFO - 0 downstream tasks scheduled from follow-on schedule check
