[2023-05-30T12:32:44.825+0000] {taskinstance.py:1087} INFO - Dependencies all met for <TaskInstance: our_dag_with_python_operator_v07.greet scheduled__2022-03-01T00:00:00+00:00 [queued]>
[2023-05-30T12:32:44.849+0000] {taskinstance.py:1087} INFO - Dependencies all met for <TaskInstance: our_dag_with_python_operator_v07.greet scheduled__2022-03-01T00:00:00+00:00 [queued]>
[2023-05-30T12:32:44.851+0000] {taskinstance.py:1283} INFO - 
--------------------------------------------------------------------------------
[2023-05-30T12:32:44.855+0000] {taskinstance.py:1284} INFO - Starting attempt 1 of 6
[2023-05-30T12:32:44.856+0000] {taskinstance.py:1285} INFO - 
--------------------------------------------------------------------------------
[2023-05-30T12:32:44.899+0000] {taskinstance.py:1304} INFO - Executing <Task(PythonOperator): greet> on 2022-03-01 00:00:00+00:00
[2023-05-30T12:32:44.917+0000] {standard_task_runner.py:55} INFO - Started process 10202 to run task
[2023-05-30T12:32:44.931+0000] {standard_task_runner.py:82} INFO - Running: ['***', 'tasks', 'run', 'our_dag_with_python_operator_v07', 'greet', 'scheduled__2022-03-01T00:00:00+00:00', '--job-id', '1568', '--raw', '--subdir', 'DAGS_FOLDER/dag_python_opr.py', '--cfg-path', '/tmp/tmpciajw00r']
[2023-05-30T12:32:44.936+0000] {standard_task_runner.py:83} INFO - Job 1568: Subtask greet
[2023-05-30T12:32:45.200+0000] {task_command.py:389} INFO - Running <TaskInstance: our_dag_with_python_operator_v07.greet scheduled__2022-03-01T00:00:00+00:00 [running]> on host 49219f98c96e
[2023-05-30T12:32:45.404+0000] {taskinstance.py:1513} INFO - Exporting the following env vars:
AIRFLOW_CTX_DAG_OWNER=coder2j
AIRFLOW_CTX_DAG_ID=our_dag_with_python_operator_v07
AIRFLOW_CTX_TASK_ID=greet
AIRFLOW_CTX_EXECUTION_DATE=2022-03-01T00:00:00+00:00
AIRFLOW_CTX_TRY_NUMBER=1
AIRFLOW_CTX_DAG_RUN_ID=scheduled__2022-03-01T00:00:00+00:00
[2023-05-30T12:32:45.407+0000] {logging_mixin.py:137} INFO - some dict:  {'a': 1, 'b': 2}
[2023-05-30T12:32:45.489+0000] {logging_mixin.py:137} INFO - Hello World! My name is Jerry Fridman, and I am 19 years old!
[2023-05-30T12:32:45.491+0000] {python.py:177} INFO - Done. Returned value was: None
[2023-05-30T12:32:45.521+0000] {taskinstance.py:1327} INFO - Marking task as SUCCESS. dag_id=our_dag_with_python_operator_v07, task_id=greet, execution_date=20220301T000000, start_date=20230530T123244, end_date=20230530T123245
[2023-05-30T12:32:45.605+0000] {local_task_job.py:159} INFO - Task exited with return code 0
[2023-05-30T12:32:45.678+0000] {taskinstance.py:2582} INFO - 0 downstream tasks scheduled from follow-on schedule check
[2023-06-07T06:36:33.823+0000] {taskinstance.py:1087} INFO - Dependencies all met for <TaskInstance: our_dag_with_python_operator_v07.greet scheduled__2022-03-01T00:00:00+00:00 [queued]>
[2023-06-07T06:36:33.944+0000] {taskinstance.py:1087} INFO - Dependencies all met for <TaskInstance: our_dag_with_python_operator_v07.greet scheduled__2022-03-01T00:00:00+00:00 [queued]>
[2023-06-07T06:36:33.949+0000] {taskinstance.py:1283} INFO - 
--------------------------------------------------------------------------------
[2023-06-07T06:36:33.951+0000] {taskinstance.py:1284} INFO - Starting attempt 1 of 6
[2023-06-07T06:36:33.955+0000] {taskinstance.py:1285} INFO - 
--------------------------------------------------------------------------------
[2023-06-07T06:36:34.098+0000] {taskinstance.py:1304} INFO - Executing <Task(PythonOperator): greet> on 2022-03-01 00:00:00+00:00
[2023-06-07T06:36:34.201+0000] {standard_task_runner.py:55} INFO - Started process 2757 to run task
[2023-06-07T06:36:34.282+0000] {standard_task_runner.py:82} INFO - Running: ['***', 'tasks', 'run', 'our_dag_with_python_operator_v07', 'greet', 'scheduled__2022-03-01T00:00:00+00:00', '--job-id', '1849', '--raw', '--subdir', 'DAGS_FOLDER/dag_python_opr.py', '--cfg-path', '/tmp/tmpqohbx2v7']
[2023-06-07T06:36:34.298+0000] {standard_task_runner.py:83} INFO - Job 1849: Subtask greet
[2023-06-07T06:36:35.864+0000] {task_command.py:389} INFO - Running <TaskInstance: our_dag_with_python_operator_v07.greet scheduled__2022-03-01T00:00:00+00:00 [running]> on host 026ed797f3b3
[2023-06-07T06:36:38.226+0000] {taskinstance.py:1513} INFO - Exporting the following env vars:
AIRFLOW_CTX_DAG_OWNER=coder2j
AIRFLOW_CTX_DAG_ID=our_dag_with_python_operator_v07
AIRFLOW_CTX_TASK_ID=greet
AIRFLOW_CTX_EXECUTION_DATE=2022-03-01T00:00:00+00:00
AIRFLOW_CTX_TRY_NUMBER=1
AIRFLOW_CTX_DAG_RUN_ID=scheduled__2022-03-01T00:00:00+00:00
[2023-06-07T06:36:38.230+0000] {logging_mixin.py:137} INFO - some dict:  {'a': 1, 'b': 2}
[2023-06-07T06:36:38.662+0000] {logging_mixin.py:137} INFO - Hello World! My name is Jerry Fridman, and I am 19 years old!
[2023-06-07T06:36:38.700+0000] {python.py:177} INFO - Done. Returned value was: None
[2023-06-07T06:36:38.858+0000] {taskinstance.py:1327} INFO - Marking task as SUCCESS. dag_id=our_dag_with_python_operator_v07, task_id=greet, execution_date=20220301T000000, start_date=20230607T063633, end_date=20230607T063638
[2023-06-07T06:36:39.546+0000] {local_task_job.py:159} INFO - Task exited with return code 0
[2023-06-07T06:36:39.645+0000] {taskinstance.py:2582} INFO - 0 downstream tasks scheduled from follow-on schedule check
