[2023-05-30T11:31:25.968+0000] {taskinstance.py:1087} INFO - Dependencies all met for <TaskInstance: our_first_dag_v5.thrid_task scheduled__2022-02-11T00:00:00+00:00 [queued]>
[2023-05-30T11:31:26.019+0000] {taskinstance.py:1087} INFO - Dependencies all met for <TaskInstance: our_first_dag_v5.thrid_task scheduled__2022-02-11T00:00:00+00:00 [queued]>
[2023-05-30T11:31:26.022+0000] {taskinstance.py:1283} INFO - 
--------------------------------------------------------------------------------
[2023-05-30T11:31:26.024+0000] {taskinstance.py:1284} INFO - Starting attempt 1 of 6
[2023-05-30T11:31:26.025+0000] {taskinstance.py:1285} INFO - 
--------------------------------------------------------------------------------
[2023-05-30T11:31:26.086+0000] {taskinstance.py:1304} INFO - Executing <Task(BashOperator): thrid_task> on 2022-02-11 00:00:00+00:00
[2023-05-30T11:31:26.096+0000] {standard_task_runner.py:55} INFO - Started process 3643 to run task
[2023-05-30T11:31:26.110+0000] {standard_task_runner.py:82} INFO - Running: ['***', 'tasks', 'run', 'our_first_dag_v5', 'thrid_task', 'scheduled__2022-02-11T00:00:00+00:00', '--job-id', '596', '--raw', '--subdir', 'DAGS_FOLDER/first_Dag.py', '--cfg-path', '/tmp/tmpgns76bef']
[2023-05-30T11:31:26.113+0000] {standard_task_runner.py:83} INFO - Job 596: Subtask thrid_task
[2023-05-30T11:31:26.577+0000] {task_command.py:389} INFO - Running <TaskInstance: our_first_dag_v5.thrid_task scheduled__2022-02-11T00:00:00+00:00 [running]> on host 49219f98c96e
[2023-05-30T11:31:26.858+0000] {taskinstance.py:1513} INFO - Exporting the following env vars:
AIRFLOW_CTX_DAG_OWNER=coder2j
AIRFLOW_CTX_DAG_ID=our_first_dag_v5
AIRFLOW_CTX_TASK_ID=thrid_task
AIRFLOW_CTX_EXECUTION_DATE=2022-02-11T00:00:00+00:00
AIRFLOW_CTX_TRY_NUMBER=1
AIRFLOW_CTX_DAG_RUN_ID=scheduled__2022-02-11T00:00:00+00:00
[2023-05-30T11:31:26.865+0000] {subprocess.py:63} INFO - Tmp dir root location: 
 /tmp
[2023-05-30T11:31:26.871+0000] {subprocess.py:75} INFO - Running command: ['/bin/bash', '-c', 'echo hey, I am task3 and will be running after task1 at the same time as task2!']
[2023-05-30T11:31:26.904+0000] {subprocess.py:86} INFO - Output:
[2023-05-30T11:31:26.906+0000] {subprocess.py:93} INFO - hey, I am task3 and will be running after task1 at the same time as task2!
[2023-05-30T11:31:26.909+0000] {subprocess.py:97} INFO - Command exited with return code 0
[2023-05-30T11:31:26.983+0000] {taskinstance.py:1327} INFO - Marking task as SUCCESS. dag_id=our_first_dag_v5, task_id=thrid_task, execution_date=20220211T000000, start_date=20230530T113125, end_date=20230530T113126
[2023-05-30T11:31:27.058+0000] {local_task_job.py:159} INFO - Task exited with return code 0
[2023-05-30T11:31:27.104+0000] {taskinstance.py:2582} INFO - 0 downstream tasks scheduled from follow-on schedule check
[2023-06-07T06:38:45.650+0000] {taskinstance.py:1087} INFO - Dependencies all met for <TaskInstance: our_first_dag_v5.thrid_task scheduled__2022-02-11T00:00:00+00:00 [queued]>
[2023-06-07T06:38:45.712+0000] {taskinstance.py:1087} INFO - Dependencies all met for <TaskInstance: our_first_dag_v5.thrid_task scheduled__2022-02-11T00:00:00+00:00 [queued]>
[2023-06-07T06:38:45.715+0000] {taskinstance.py:1283} INFO - 
--------------------------------------------------------------------------------
[2023-06-07T06:38:45.717+0000] {taskinstance.py:1284} INFO - Starting attempt 1 of 6
[2023-06-07T06:38:45.719+0000] {taskinstance.py:1285} INFO - 
--------------------------------------------------------------------------------
[2023-06-07T06:38:45.922+0000] {taskinstance.py:1304} INFO - Executing <Task(BashOperator): thrid_task> on 2022-02-11 00:00:00+00:00
[2023-06-07T06:38:45.965+0000] {standard_task_runner.py:55} INFO - Started process 3671 to run task
[2023-06-07T06:38:45.977+0000] {standard_task_runner.py:82} INFO - Running: ['***', 'tasks', 'run', 'our_first_dag_v5', 'thrid_task', 'scheduled__2022-02-11T00:00:00+00:00', '--job-id', '2177', '--raw', '--subdir', 'DAGS_FOLDER/first_Dag.py', '--cfg-path', '/tmp/tmpm7zyy94z']
[2023-06-07T06:38:45.987+0000] {standard_task_runner.py:83} INFO - Job 2177: Subtask thrid_task
[2023-06-07T06:38:46.421+0000] {task_command.py:389} INFO - Running <TaskInstance: our_first_dag_v5.thrid_task scheduled__2022-02-11T00:00:00+00:00 [running]> on host 026ed797f3b3
[2023-06-07T06:38:47.098+0000] {taskinstance.py:1513} INFO - Exporting the following env vars:
AIRFLOW_CTX_DAG_OWNER=coder2j
AIRFLOW_CTX_DAG_ID=our_first_dag_v5
AIRFLOW_CTX_TASK_ID=thrid_task
AIRFLOW_CTX_EXECUTION_DATE=2022-02-11T00:00:00+00:00
AIRFLOW_CTX_TRY_NUMBER=1
AIRFLOW_CTX_DAG_RUN_ID=scheduled__2022-02-11T00:00:00+00:00
[2023-06-07T06:38:47.103+0000] {subprocess.py:63} INFO - Tmp dir root location: 
 /tmp
[2023-06-07T06:38:47.106+0000] {subprocess.py:75} INFO - Running command: ['/bin/bash', '-c', 'echo hey, I am task3 and will be running after task1 at the same time as task2!']
[2023-06-07T06:38:47.169+0000] {subprocess.py:86} INFO - Output:
[2023-06-07T06:38:47.184+0000] {subprocess.py:93} INFO - hey, I am task3 and will be running after task1 at the same time as task2!
[2023-06-07T06:38:47.191+0000] {subprocess.py:97} INFO - Command exited with return code 0
[2023-06-07T06:38:47.303+0000] {taskinstance.py:1327} INFO - Marking task as SUCCESS. dag_id=our_first_dag_v5, task_id=thrid_task, execution_date=20220211T000000, start_date=20230607T063845, end_date=20230607T063847
[2023-06-07T06:38:47.450+0000] {local_task_job.py:159} INFO - Task exited with return code 0
[2023-06-07T06:38:47.546+0000] {taskinstance.py:2582} INFO - 0 downstream tasks scheduled from follow-on schedule check
