[2023-06-01T11:22:53.108+0000] {taskinstance.py:1087} INFO - Dependencies all met for <TaskInstance: dag_with_postgres_operator_v03.delete_data_from_table scheduled__2022-05-15T00:00:00+00:00 [queued]>
[2023-06-01T11:22:53.232+0000] {taskinstance.py:1087} INFO - Dependencies all met for <TaskInstance: dag_with_postgres_operator_v03.delete_data_from_table scheduled__2022-05-15T00:00:00+00:00 [queued]>
[2023-06-01T11:22:53.236+0000] {taskinstance.py:1283} INFO - 
--------------------------------------------------------------------------------
[2023-06-01T11:22:53.242+0000] {taskinstance.py:1284} INFO - Starting attempt 1 of 6
[2023-06-01T11:22:53.245+0000] {taskinstance.py:1285} INFO - 
--------------------------------------------------------------------------------
[2023-06-01T11:22:53.444+0000] {taskinstance.py:1304} INFO - Executing <Task(PostgresOperator): delete_data_from_table> on 2022-05-15 00:00:00+00:00
[2023-06-01T11:22:53.489+0000] {standard_task_runner.py:55} INFO - Started process 1548 to run task
[2023-06-01T11:22:53.571+0000] {standard_task_runner.py:82} INFO - Running: ['***', 'tasks', 'run', 'dag_with_postgres_operator_v03', 'delete_data_from_table', 'scheduled__2022-05-15T00:00:00+00:00', '--job-id', '472', '--raw', '--subdir', 'DAGS_FOLDER/postgres.py', '--cfg-path', '/tmp/tmpjugq7sd6']
[2023-06-01T11:22:53.582+0000] {standard_task_runner.py:83} INFO - Job 472: Subtask delete_data_from_table
[2023-06-01T11:22:54.162+0000] {task_command.py:389} INFO - Running <TaskInstance: dag_with_postgres_operator_v03.delete_data_from_table scheduled__2022-05-15T00:00:00+00:00 [running]> on host 687ba427e841
[2023-06-01T11:22:54.642+0000] {taskinstance.py:1513} INFO - Exporting the following env vars:
AIRFLOW_CTX_DAG_OWNER=coder2j
AIRFLOW_CTX_DAG_ID=dag_with_postgres_operator_v03
AIRFLOW_CTX_TASK_ID=delete_data_from_table
AIRFLOW_CTX_EXECUTION_DATE=2022-05-15T00:00:00+00:00
AIRFLOW_CTX_TRY_NUMBER=1
AIRFLOW_CTX_DAG_RUN_ID=scheduled__2022-05-15T00:00:00+00:00
[2023-06-01T11:22:54.647+0000] {sql.py:253} INFO - Executing: 
            delete from dag_runs where dt = '2022-05-15' and dag_id = 'dag_with_postgres_operator_v03';
        
[2023-06-01T11:22:54.689+0000] {base.py:73} INFO - Using connection ID 'postgres_localhost' for task execution.
[2023-06-01T11:22:55.868+0000] {base.py:73} INFO - Using connection ID 'postgres_localhost' for task execution.
[2023-06-01T11:22:55.899+0000] {sql.py:364} INFO - Running statement: 
            delete from dag_runs where dt = '2022-05-15' and dag_id = 'dag_with_postgres_operator_v03';
        , parameters: None
[2023-06-01T11:22:55.907+0000] {sql.py:373} INFO - Rows affected: 0
[2023-06-01T11:22:55.936+0000] {taskinstance.py:1327} INFO - Marking task as SUCCESS. dag_id=dag_with_postgres_operator_v03, task_id=delete_data_from_table, execution_date=20220515T000000, start_date=20230601T112253, end_date=20230601T112255
[2023-06-01T11:22:56.058+0000] {local_task_job.py:159} INFO - Task exited with return code 0
[2023-06-01T11:22:56.192+0000] {taskinstance.py:2582} INFO - 1 downstream tasks scheduled from follow-on schedule check
