[2023-05-30T11:37:42.293+0000] {taskinstance.py:1087} INFO - Dependencies all met for <TaskInstance: our_dag_with_python_operator_v07.get_name scheduled__2021-12-23T00:00:00+00:00 [queued]>
[2023-05-30T11:37:42.314+0000] {taskinstance.py:1087} INFO - Dependencies all met for <TaskInstance: our_dag_with_python_operator_v07.get_name scheduled__2021-12-23T00:00:00+00:00 [queued]>
[2023-05-30T11:37:42.315+0000] {taskinstance.py:1283} INFO - 
--------------------------------------------------------------------------------
[2023-05-30T11:37:42.317+0000] {taskinstance.py:1284} INFO - Starting attempt 1 of 6
[2023-05-30T11:37:42.318+0000] {taskinstance.py:1285} INFO - 
--------------------------------------------------------------------------------
[2023-05-30T11:37:42.343+0000] {taskinstance.py:1304} INFO - Executing <Task(PythonOperator): get_name> on 2021-12-23 00:00:00+00:00
[2023-05-30T11:37:42.353+0000] {standard_task_runner.py:55} INFO - Started process 6035 to run task
[2023-05-30T11:37:42.369+0000] {standard_task_runner.py:82} INFO - Running: ['***', 'tasks', 'run', 'our_dag_with_python_operator_v07', 'get_name', 'scheduled__2021-12-23T00:00:00+00:00', '--job-id', '1350', '--raw', '--subdir', 'DAGS_FOLDER/dag_python_opr.py', '--cfg-path', '/tmp/tmp1em6w2ld']
[2023-05-30T11:37:42.376+0000] {standard_task_runner.py:83} INFO - Job 1350: Subtask get_name
[2023-05-30T11:37:42.562+0000] {task_command.py:389} INFO - Running <TaskInstance: our_dag_with_python_operator_v07.get_name scheduled__2021-12-23T00:00:00+00:00 [running]> on host 49219f98c96e
[2023-05-30T11:37:42.747+0000] {taskinstance.py:1513} INFO - Exporting the following env vars:
AIRFLOW_CTX_DAG_OWNER=coder2j
AIRFLOW_CTX_DAG_ID=our_dag_with_python_operator_v07
AIRFLOW_CTX_TASK_ID=get_name
AIRFLOW_CTX_EXECUTION_DATE=2021-12-23T00:00:00+00:00
AIRFLOW_CTX_TRY_NUMBER=1
AIRFLOW_CTX_DAG_RUN_ID=scheduled__2021-12-23T00:00:00+00:00
[2023-05-30T11:37:42.805+0000] {python.py:177} INFO - Done. Returned value was: None
[2023-05-30T11:37:42.830+0000] {taskinstance.py:1327} INFO - Marking task as SUCCESS. dag_id=our_dag_with_python_operator_v07, task_id=get_name, execution_date=20211223T000000, start_date=20230530T113742, end_date=20230530T113742
[2023-05-30T11:37:42.911+0000] {local_task_job.py:159} INFO - Task exited with return code 0
[2023-05-30T11:37:43.002+0000] {taskinstance.py:2582} INFO - 0 downstream tasks scheduled from follow-on schedule check
[2023-06-07T06:33:33.195+0000] {taskinstance.py:1087} INFO - Dependencies all met for <TaskInstance: our_dag_with_python_operator_v07.get_name scheduled__2021-12-23T00:00:00+00:00 [queued]>
[2023-06-07T06:33:33.276+0000] {taskinstance.py:1087} INFO - Dependencies all met for <TaskInstance: our_dag_with_python_operator_v07.get_name scheduled__2021-12-23T00:00:00+00:00 [queued]>
[2023-06-07T06:33:33.278+0000] {taskinstance.py:1283} INFO - 
--------------------------------------------------------------------------------
[2023-06-07T06:33:33.288+0000] {taskinstance.py:1284} INFO - Starting attempt 1 of 6
[2023-06-07T06:33:33.289+0000] {taskinstance.py:1285} INFO - 
--------------------------------------------------------------------------------
[2023-06-07T06:33:33.433+0000] {taskinstance.py:1304} INFO - Executing <Task(PythonOperator): get_name> on 2021-12-23 00:00:00+00:00
[2023-06-07T06:33:33.499+0000] {standard_task_runner.py:55} INFO - Started process 1627 to run task
[2023-06-07T06:33:33.538+0000] {standard_task_runner.py:82} INFO - Running: ['***', 'tasks', 'run', 'our_dag_with_python_operator_v07', 'get_name', 'scheduled__2021-12-23T00:00:00+00:00', '--job-id', '1443', '--raw', '--subdir', 'DAGS_FOLDER/dag_python_opr.py', '--cfg-path', '/tmp/tmpt3f_6ulw']
[2023-06-07T06:33:33.562+0000] {standard_task_runner.py:83} INFO - Job 1443: Subtask get_name
[2023-06-07T06:33:33.994+0000] {task_command.py:389} INFO - Running <TaskInstance: our_dag_with_python_operator_v07.get_name scheduled__2021-12-23T00:00:00+00:00 [running]> on host 026ed797f3b3
[2023-06-07T06:33:34.277+0000] {taskinstance.py:1513} INFO - Exporting the following env vars:
AIRFLOW_CTX_DAG_OWNER=coder2j
AIRFLOW_CTX_DAG_ID=our_dag_with_python_operator_v07
AIRFLOW_CTX_TASK_ID=get_name
AIRFLOW_CTX_EXECUTION_DATE=2021-12-23T00:00:00+00:00
AIRFLOW_CTX_TRY_NUMBER=1
AIRFLOW_CTX_DAG_RUN_ID=scheduled__2021-12-23T00:00:00+00:00
[2023-06-07T06:33:34.391+0000] {python.py:177} INFO - Done. Returned value was: None
[2023-06-07T06:33:34.451+0000] {taskinstance.py:1327} INFO - Marking task as SUCCESS. dag_id=our_dag_with_python_operator_v07, task_id=get_name, execution_date=20211223T000000, start_date=20230607T063333, end_date=20230607T063334
[2023-06-07T06:33:34.574+0000] {local_task_job.py:159} INFO - Task exited with return code 0
[2023-06-07T06:33:34.826+0000] {taskinstance.py:2582} INFO - 0 downstream tasks scheduled from follow-on schedule check
