[2023-05-30T11:28:00.760+0000] {taskinstance.py:1087} INFO - Dependencies all met for <TaskInstance: our_first_dag_v5.first_task scheduled__2021-08-06T00:00:00+00:00 [queued]>
[2023-05-30T11:28:00.838+0000] {taskinstance.py:1087} INFO - Dependencies all met for <TaskInstance: our_first_dag_v5.first_task scheduled__2021-08-06T00:00:00+00:00 [queued]>
[2023-05-30T11:28:00.840+0000] {taskinstance.py:1283} INFO - 
--------------------------------------------------------------------------------
[2023-05-30T11:28:00.843+0000] {taskinstance.py:1284} INFO - Starting attempt 1 of 6
[2023-05-30T11:28:00.848+0000] {taskinstance.py:1285} INFO - 
--------------------------------------------------------------------------------
[2023-05-30T11:28:00.937+0000] {taskinstance.py:1304} INFO - Executing <Task(BashOperator): first_task> on 2021-08-06 00:00:00+00:00
[2023-05-30T11:28:01.083+0000] {standard_task_runner.py:55} INFO - Started process 1710 to run task
[2023-05-30T11:28:01.147+0000] {standard_task_runner.py:82} INFO - Running: ['***', 'tasks', 'run', 'our_first_dag_v5', 'first_task', 'scheduled__2021-08-06T00:00:00+00:00', '--job-id', '15', '--raw', '--subdir', 'DAGS_FOLDER/first_Dag.py', '--cfg-path', '/tmp/tmp__68cas0']
[2023-05-30T11:28:01.157+0000] {standard_task_runner.py:83} INFO - Job 15: Subtask first_task
[2023-05-30T11:28:01.443+0000] {task_command.py:389} INFO - Running <TaskInstance: our_first_dag_v5.first_task scheduled__2021-08-06T00:00:00+00:00 [running]> on host 49219f98c96e
[2023-05-30T11:28:01.883+0000] {taskinstance.py:1513} INFO - Exporting the following env vars:
AIRFLOW_CTX_DAG_OWNER=coder2j
AIRFLOW_CTX_DAG_ID=our_first_dag_v5
AIRFLOW_CTX_TASK_ID=first_task
AIRFLOW_CTX_EXECUTION_DATE=2021-08-06T00:00:00+00:00
AIRFLOW_CTX_TRY_NUMBER=1
AIRFLOW_CTX_DAG_RUN_ID=scheduled__2021-08-06T00:00:00+00:00
[2023-05-30T11:28:01.886+0000] {subprocess.py:63} INFO - Tmp dir root location: 
 /tmp
[2023-05-30T11:28:01.888+0000] {subprocess.py:75} INFO - Running command: ['/bin/bash', '-c', 'echo hello world, this is the first task!']
[2023-05-30T11:28:01.916+0000] {subprocess.py:86} INFO - Output:
[2023-05-30T11:28:01.937+0000] {subprocess.py:93} INFO - hello world, this is the first task!
[2023-05-30T11:28:01.940+0000] {subprocess.py:97} INFO - Command exited with return code 0
[2023-05-30T11:28:02.049+0000] {taskinstance.py:1327} INFO - Marking task as SUCCESS. dag_id=our_first_dag_v5, task_id=first_task, execution_date=20210806T000000, start_date=20230530T112800, end_date=20230530T112802
[2023-05-30T11:28:02.276+0000] {local_task_job.py:159} INFO - Task exited with return code 0
[2023-05-30T11:28:02.406+0000] {taskinstance.py:2582} INFO - 2 downstream tasks scheduled from follow-on schedule check
[2023-06-07T06:30:51.726+0000] {taskinstance.py:1087} INFO - Dependencies all met for <TaskInstance: our_first_dag_v5.first_task scheduled__2021-08-06T00:00:00+00:00 [queued]>
[2023-06-07T06:30:51.909+0000] {taskinstance.py:1087} INFO - Dependencies all met for <TaskInstance: our_first_dag_v5.first_task scheduled__2021-08-06T00:00:00+00:00 [queued]>
[2023-06-07T06:30:51.930+0000] {taskinstance.py:1283} INFO - 
--------------------------------------------------------------------------------
[2023-06-07T06:30:51.933+0000] {taskinstance.py:1284} INFO - Starting attempt 1 of 6
[2023-06-07T06:30:51.939+0000] {taskinstance.py:1285} INFO - 
--------------------------------------------------------------------------------
[2023-06-07T06:30:52.145+0000] {taskinstance.py:1304} INFO - Executing <Task(BashOperator): first_task> on 2021-08-06 00:00:00+00:00
[2023-06-07T06:30:52.222+0000] {standard_task_runner.py:55} INFO - Started process 415 to run task
[2023-06-07T06:30:52.267+0000] {standard_task_runner.py:82} INFO - Running: ['***', 'tasks', 'run', 'our_first_dag_v5', 'first_task', 'scheduled__2021-08-06T00:00:00+00:00', '--job-id', '998', '--raw', '--subdir', 'DAGS_FOLDER/first_Dag.py', '--cfg-path', '/tmp/tmpvnfczh2l']
[2023-06-07T06:30:52.280+0000] {standard_task_runner.py:83} INFO - Job 998: Subtask first_task
[2023-06-07T06:30:52.681+0000] {task_command.py:389} INFO - Running <TaskInstance: our_first_dag_v5.first_task scheduled__2021-08-06T00:00:00+00:00 [running]> on host 026ed797f3b3
[2023-06-07T06:30:53.209+0000] {taskinstance.py:1513} INFO - Exporting the following env vars:
AIRFLOW_CTX_DAG_OWNER=coder2j
AIRFLOW_CTX_DAG_ID=our_first_dag_v5
AIRFLOW_CTX_TASK_ID=first_task
AIRFLOW_CTX_EXECUTION_DATE=2021-08-06T00:00:00+00:00
AIRFLOW_CTX_TRY_NUMBER=1
AIRFLOW_CTX_DAG_RUN_ID=scheduled__2021-08-06T00:00:00+00:00
[2023-06-07T06:30:53.212+0000] {subprocess.py:63} INFO - Tmp dir root location: 
 /tmp
[2023-06-07T06:30:53.215+0000] {subprocess.py:75} INFO - Running command: ['/bin/bash', '-c', 'echo hello world, this is the first task!']
[2023-06-07T06:30:53.272+0000] {subprocess.py:86} INFO - Output:
[2023-06-07T06:30:53.287+0000] {subprocess.py:93} INFO - hello world, this is the first task!
[2023-06-07T06:30:53.289+0000] {subprocess.py:97} INFO - Command exited with return code 0
[2023-06-07T06:30:53.413+0000] {taskinstance.py:1327} INFO - Marking task as SUCCESS. dag_id=our_first_dag_v5, task_id=first_task, execution_date=20210806T000000, start_date=20230607T063051, end_date=20230607T063053
[2023-06-07T06:30:53.561+0000] {local_task_job.py:159} INFO - Task exited with return code 0
[2023-06-07T06:30:53.709+0000] {taskinstance.py:2582} INFO - 2 downstream tasks scheduled from follow-on schedule check
