[2023-05-30T11:28:48.621+0000] {taskinstance.py:1087} INFO - Dependencies all met for <TaskInstance: our_first_dag_v5.second_task scheduled__2021-09-14T00:00:00+00:00 [queued]>
[2023-05-30T11:28:48.679+0000] {taskinstance.py:1087} INFO - Dependencies all met for <TaskInstance: our_first_dag_v5.second_task scheduled__2021-09-14T00:00:00+00:00 [queued]>
[2023-05-30T11:28:48.692+0000] {taskinstance.py:1283} INFO - 
--------------------------------------------------------------------------------
[2023-05-30T11:28:48.694+0000] {taskinstance.py:1284} INFO - Starting attempt 1 of 6
[2023-05-30T11:28:48.695+0000] {taskinstance.py:1285} INFO - 
--------------------------------------------------------------------------------
[2023-05-30T11:28:48.777+0000] {taskinstance.py:1304} INFO - Executing <Task(BashOperator): second_task> on 2021-09-14 00:00:00+00:00
[2023-05-30T11:28:48.807+0000] {standard_task_runner.py:55} INFO - Started process 2163 to run task
[2023-05-30T11:28:48.824+0000] {standard_task_runner.py:82} INFO - Running: ['***', 'tasks', 'run', 'our_first_dag_v5', 'second_task', 'scheduled__2021-09-14T00:00:00+00:00', '--job-id', '153', '--raw', '--subdir', 'DAGS_FOLDER/first_Dag.py', '--cfg-path', '/tmp/tmp0m11qhyp']
[2023-05-30T11:28:48.829+0000] {standard_task_runner.py:83} INFO - Job 153: Subtask second_task
[2023-05-30T11:28:49.137+0000] {task_command.py:389} INFO - Running <TaskInstance: our_first_dag_v5.second_task scheduled__2021-09-14T00:00:00+00:00 [running]> on host 49219f98c96e
[2023-05-30T11:28:49.547+0000] {taskinstance.py:1513} INFO - Exporting the following env vars:
AIRFLOW_CTX_DAG_OWNER=coder2j
AIRFLOW_CTX_DAG_ID=our_first_dag_v5
AIRFLOW_CTX_TASK_ID=second_task
AIRFLOW_CTX_EXECUTION_DATE=2021-09-14T00:00:00+00:00
AIRFLOW_CTX_TRY_NUMBER=1
AIRFLOW_CTX_DAG_RUN_ID=scheduled__2021-09-14T00:00:00+00:00
[2023-05-30T11:28:49.552+0000] {subprocess.py:63} INFO - Tmp dir root location: 
 /tmp
[2023-05-30T11:28:49.555+0000] {subprocess.py:75} INFO - Running command: ['/bin/bash', '-c', 'echo hey, I am task2 and will be running after task1!']
[2023-05-30T11:28:49.629+0000] {subprocess.py:86} INFO - Output:
[2023-05-30T11:28:49.636+0000] {subprocess.py:93} INFO - hey, I am task2 and will be running after task1!
[2023-05-30T11:28:49.639+0000] {subprocess.py:97} INFO - Command exited with return code 0
[2023-05-30T11:28:49.731+0000] {taskinstance.py:1327} INFO - Marking task as SUCCESS. dag_id=our_first_dag_v5, task_id=second_task, execution_date=20210914T000000, start_date=20230530T112848, end_date=20230530T112849
[2023-05-30T11:28:49.897+0000] {local_task_job.py:159} INFO - Task exited with return code 0
[2023-05-30T11:28:49.967+0000] {taskinstance.py:2582} INFO - 0 downstream tasks scheduled from follow-on schedule check
[2023-06-07T06:32:37.680+0000] {taskinstance.py:1087} INFO - Dependencies all met for <TaskInstance: our_first_dag_v5.second_task scheduled__2021-09-14T00:00:00+00:00 [queued]>
[2023-06-07T06:32:37.720+0000] {taskinstance.py:1087} INFO - Dependencies all met for <TaskInstance: our_first_dag_v5.second_task scheduled__2021-09-14T00:00:00+00:00 [queued]>
[2023-06-07T06:32:37.722+0000] {taskinstance.py:1283} INFO - 
--------------------------------------------------------------------------------
[2023-06-07T06:32:37.724+0000] {taskinstance.py:1284} INFO - Starting attempt 1 of 6
[2023-06-07T06:32:37.726+0000] {taskinstance.py:1285} INFO - 
--------------------------------------------------------------------------------
[2023-06-07T06:32:37.828+0000] {taskinstance.py:1304} INFO - Executing <Task(BashOperator): second_task> on 2021-09-14 00:00:00+00:00
[2023-06-07T06:32:37.909+0000] {standard_task_runner.py:55} INFO - Started process 1193 to run task
[2023-06-07T06:32:37.990+0000] {standard_task_runner.py:82} INFO - Running: ['***', 'tasks', 'run', 'our_first_dag_v5', 'second_task', 'scheduled__2021-09-14T00:00:00+00:00', '--job-id', '1283', '--raw', '--subdir', 'DAGS_FOLDER/first_Dag.py', '--cfg-path', '/tmp/tmpt9vk7wmo']
[2023-06-07T06:32:38.010+0000] {standard_task_runner.py:83} INFO - Job 1283: Subtask second_task
[2023-06-07T06:32:38.416+0000] {task_command.py:389} INFO - Running <TaskInstance: our_first_dag_v5.second_task scheduled__2021-09-14T00:00:00+00:00 [running]> on host 026ed797f3b3
[2023-06-07T06:32:39.255+0000] {taskinstance.py:1513} INFO - Exporting the following env vars:
AIRFLOW_CTX_DAG_OWNER=coder2j
AIRFLOW_CTX_DAG_ID=our_first_dag_v5
AIRFLOW_CTX_TASK_ID=second_task
AIRFLOW_CTX_EXECUTION_DATE=2021-09-14T00:00:00+00:00
AIRFLOW_CTX_TRY_NUMBER=1
AIRFLOW_CTX_DAG_RUN_ID=scheduled__2021-09-14T00:00:00+00:00
[2023-06-07T06:32:39.260+0000] {subprocess.py:63} INFO - Tmp dir root location: 
 /tmp
[2023-06-07T06:32:39.266+0000] {subprocess.py:75} INFO - Running command: ['/bin/bash', '-c', 'echo hey, I am task2 and will be running after task1!']
[2023-06-07T06:32:39.312+0000] {subprocess.py:86} INFO - Output:
[2023-06-07T06:32:39.319+0000] {subprocess.py:93} INFO - hey, I am task2 and will be running after task1!
[2023-06-07T06:32:39.321+0000] {subprocess.py:97} INFO - Command exited with return code 0
[2023-06-07T06:32:39.393+0000] {taskinstance.py:1327} INFO - Marking task as SUCCESS. dag_id=our_first_dag_v5, task_id=second_task, execution_date=20210914T000000, start_date=20230607T063237, end_date=20230607T063239
[2023-06-07T06:32:39.619+0000] {local_task_job.py:159} INFO - Task exited with return code 0
[2023-06-07T06:32:39.948+0000] {taskinstance.py:2582} INFO - 0 downstream tasks scheduled from follow-on schedule check
