[2023-05-30T12:31:45.260+0000] {taskinstance.py:1087} INFO - Dependencies all met for <TaskInstance: our_dag_with_python_operator_v07.get_name scheduled__2022-01-15T00:00:00+00:00 [queued]>
[2023-05-30T12:31:45.347+0000] {taskinstance.py:1087} INFO - Dependencies all met for <TaskInstance: our_dag_with_python_operator_v07.get_name scheduled__2022-01-15T00:00:00+00:00 [queued]>
[2023-05-30T12:31:45.358+0000] {taskinstance.py:1283} INFO - 
--------------------------------------------------------------------------------
[2023-05-30T12:31:45.359+0000] {taskinstance.py:1284} INFO - Starting attempt 1 of 6
[2023-05-30T12:31:45.365+0000] {taskinstance.py:1285} INFO - 
--------------------------------------------------------------------------------
[2023-05-30T12:31:45.514+0000] {taskinstance.py:1304} INFO - Executing <Task(PythonOperator): get_name> on 2022-01-15 00:00:00+00:00
[2023-05-30T12:31:45.570+0000] {standard_task_runner.py:55} INFO - Started process 9853 to run task
[2023-05-30T12:31:45.613+0000] {standard_task_runner.py:82} INFO - Running: ['***', 'tasks', 'run', 'our_dag_with_python_operator_v07', 'get_name', 'scheduled__2022-01-15T00:00:00+00:00', '--job-id', '1414', '--raw', '--subdir', 'DAGS_FOLDER/dag_python_opr.py', '--cfg-path', '/tmp/tmps8zaaa_q']
[2023-05-30T12:31:45.620+0000] {standard_task_runner.py:83} INFO - Job 1414: Subtask get_name
[2023-05-30T12:31:46.065+0000] {task_command.py:389} INFO - Running <TaskInstance: our_dag_with_python_operator_v07.get_name scheduled__2022-01-15T00:00:00+00:00 [running]> on host 49219f98c96e
[2023-05-30T12:31:46.616+0000] {taskinstance.py:1513} INFO - Exporting the following env vars:
AIRFLOW_CTX_DAG_OWNER=coder2j
AIRFLOW_CTX_DAG_ID=our_dag_with_python_operator_v07
AIRFLOW_CTX_TASK_ID=get_name
AIRFLOW_CTX_EXECUTION_DATE=2022-01-15T00:00:00+00:00
AIRFLOW_CTX_TRY_NUMBER=1
AIRFLOW_CTX_DAG_RUN_ID=scheduled__2022-01-15T00:00:00+00:00
[2023-05-30T12:31:46.690+0000] {python.py:177} INFO - Done. Returned value was: None
[2023-05-30T12:31:46.745+0000] {taskinstance.py:1327} INFO - Marking task as SUCCESS. dag_id=our_dag_with_python_operator_v07, task_id=get_name, execution_date=20220115T000000, start_date=20230530T123145, end_date=20230530T123146
[2023-05-30T12:31:46.819+0000] {local_task_job.py:159} INFO - Task exited with return code 0
[2023-05-30T12:31:46.904+0000] {taskinstance.py:2582} INFO - 0 downstream tasks scheduled from follow-on schedule check
[2023-06-07T06:34:17.256+0000] {taskinstance.py:1087} INFO - Dependencies all met for <TaskInstance: our_dag_with_python_operator_v07.get_name scheduled__2022-01-15T00:00:00+00:00 [queued]>
[2023-06-07T06:34:17.417+0000] {taskinstance.py:1087} INFO - Dependencies all met for <TaskInstance: our_dag_with_python_operator_v07.get_name scheduled__2022-01-15T00:00:00+00:00 [queued]>
[2023-06-07T06:34:17.426+0000] {taskinstance.py:1283} INFO - 
--------------------------------------------------------------------------------
[2023-06-07T06:34:17.429+0000] {taskinstance.py:1284} INFO - Starting attempt 1 of 6
[2023-06-07T06:34:17.431+0000] {taskinstance.py:1285} INFO - 
--------------------------------------------------------------------------------
[2023-06-07T06:34:17.543+0000] {taskinstance.py:1304} INFO - Executing <Task(PythonOperator): get_name> on 2022-01-15 00:00:00+00:00
[2023-06-07T06:34:17.579+0000] {standard_task_runner.py:55} INFO - Started process 1931 to run task
[2023-06-07T06:34:17.605+0000] {standard_task_runner.py:82} INFO - Running: ['***', 'tasks', 'run', 'our_dag_with_python_operator_v07', 'get_name', 'scheduled__2022-01-15T00:00:00+00:00', '--job-id', '1553', '--raw', '--subdir', 'DAGS_FOLDER/dag_python_opr.py', '--cfg-path', '/tmp/tmp5ilttzh8']
[2023-06-07T06:34:17.612+0000] {standard_task_runner.py:83} INFO - Job 1553: Subtask get_name
[2023-06-07T06:34:18.034+0000] {task_command.py:389} INFO - Running <TaskInstance: our_dag_with_python_operator_v07.get_name scheduled__2022-01-15T00:00:00+00:00 [running]> on host 026ed797f3b3
[2023-06-07T06:34:18.593+0000] {taskinstance.py:1513} INFO - Exporting the following env vars:
AIRFLOW_CTX_DAG_OWNER=coder2j
AIRFLOW_CTX_DAG_ID=our_dag_with_python_operator_v07
AIRFLOW_CTX_TASK_ID=get_name
AIRFLOW_CTX_EXECUTION_DATE=2022-01-15T00:00:00+00:00
AIRFLOW_CTX_TRY_NUMBER=1
AIRFLOW_CTX_DAG_RUN_ID=scheduled__2022-01-15T00:00:00+00:00
[2023-06-07T06:34:18.758+0000] {python.py:177} INFO - Done. Returned value was: None
[2023-06-07T06:34:18.799+0000] {taskinstance.py:1327} INFO - Marking task as SUCCESS. dag_id=our_dag_with_python_operator_v07, task_id=get_name, execution_date=20220115T000000, start_date=20230607T063417, end_date=20230607T063418
[2023-06-07T06:34:18.984+0000] {local_task_job.py:159} INFO - Task exited with return code 0
[2023-06-07T06:34:19.167+0000] {taskinstance.py:2582} INFO - 1 downstream tasks scheduled from follow-on schedule check
