[2023-05-30T11:28:20.855+0000] {taskinstance.py:1087} INFO - Dependencies all met for <TaskInstance: our_first_dag_v5.first_task scheduled__2021-08-21T00:00:00+00:00 [queued]>
[2023-05-30T11:28:20.871+0000] {taskinstance.py:1087} INFO - Dependencies all met for <TaskInstance: our_first_dag_v5.first_task scheduled__2021-08-21T00:00:00+00:00 [queued]>
[2023-05-30T11:28:20.873+0000] {taskinstance.py:1283} INFO - 
--------------------------------------------------------------------------------
[2023-05-30T11:28:20.875+0000] {taskinstance.py:1284} INFO - Starting attempt 1 of 6
[2023-05-30T11:28:20.877+0000] {taskinstance.py:1285} INFO - 
--------------------------------------------------------------------------------
[2023-05-30T11:28:20.914+0000] {taskinstance.py:1304} INFO - Executing <Task(BashOperator): first_task> on 2021-08-21 00:00:00+00:00
[2023-05-30T11:28:20.926+0000] {standard_task_runner.py:55} INFO - Started process 1892 to run task
[2023-05-30T11:28:20.937+0000] {standard_task_runner.py:82} INFO - Running: ['***', 'tasks', 'run', 'our_first_dag_v5', 'first_task', 'scheduled__2021-08-21T00:00:00+00:00', '--job-id', '72', '--raw', '--subdir', 'DAGS_FOLDER/first_Dag.py', '--cfg-path', '/tmp/tmplcypom3f']
[2023-05-30T11:28:20.942+0000] {standard_task_runner.py:83} INFO - Job 72: Subtask first_task
[2023-05-30T11:28:21.075+0000] {task_command.py:389} INFO - Running <TaskInstance: our_first_dag_v5.first_task scheduled__2021-08-21T00:00:00+00:00 [running]> on host 49219f98c96e
[2023-05-30T11:28:21.220+0000] {taskinstance.py:1513} INFO - Exporting the following env vars:
AIRFLOW_CTX_DAG_OWNER=coder2j
AIRFLOW_CTX_DAG_ID=our_first_dag_v5
AIRFLOW_CTX_TASK_ID=first_task
AIRFLOW_CTX_EXECUTION_DATE=2021-08-21T00:00:00+00:00
AIRFLOW_CTX_TRY_NUMBER=1
AIRFLOW_CTX_DAG_RUN_ID=scheduled__2021-08-21T00:00:00+00:00
[2023-05-30T11:28:21.227+0000] {subprocess.py:63} INFO - Tmp dir root location: 
 /tmp
[2023-05-30T11:28:21.229+0000] {subprocess.py:75} INFO - Running command: ['/bin/bash', '-c', 'echo hello world, this is the first task!']
[2023-05-30T11:28:21.254+0000] {subprocess.py:86} INFO - Output:
[2023-05-30T11:28:21.258+0000] {subprocess.py:93} INFO - hello world, this is the first task!
[2023-05-30T11:28:21.260+0000] {subprocess.py:97} INFO - Command exited with return code 0
[2023-05-30T11:28:21.318+0000] {taskinstance.py:1327} INFO - Marking task as SUCCESS. dag_id=our_first_dag_v5, task_id=first_task, execution_date=20210821T000000, start_date=20230530T112820, end_date=20230530T112821
[2023-05-30T11:28:21.478+0000] {local_task_job.py:159} INFO - Task exited with return code 0
[2023-05-30T11:28:21.552+0000] {taskinstance.py:2582} INFO - 2 downstream tasks scheduled from follow-on schedule check
[2023-06-07T06:31:31.551+0000] {taskinstance.py:1087} INFO - Dependencies all met for <TaskInstance: our_first_dag_v5.first_task scheduled__2021-08-21T00:00:00+00:00 [queued]>
[2023-06-07T06:31:31.625+0000] {taskinstance.py:1087} INFO - Dependencies all met for <TaskInstance: our_first_dag_v5.first_task scheduled__2021-08-21T00:00:00+00:00 [queued]>
[2023-06-07T06:31:31.627+0000] {taskinstance.py:1283} INFO - 
--------------------------------------------------------------------------------
[2023-06-07T06:31:31.638+0000] {taskinstance.py:1284} INFO - Starting attempt 1 of 6
[2023-06-07T06:31:31.640+0000] {taskinstance.py:1285} INFO - 
--------------------------------------------------------------------------------
[2023-06-07T06:31:31.680+0000] {taskinstance.py:1304} INFO - Executing <Task(BashOperator): first_task> on 2021-08-21 00:00:00+00:00
[2023-06-07T06:31:31.694+0000] {standard_task_runner.py:55} INFO - Started process 695 to run task
[2023-06-07T06:31:31.709+0000] {standard_task_runner.py:82} INFO - Running: ['***', 'tasks', 'run', 'our_first_dag_v5', 'first_task', 'scheduled__2021-08-21T00:00:00+00:00', '--job-id', '1104', '--raw', '--subdir', 'DAGS_FOLDER/first_Dag.py', '--cfg-path', '/tmp/tmp8vjpq03v']
[2023-06-07T06:31:31.715+0000] {standard_task_runner.py:83} INFO - Job 1104: Subtask first_task
[2023-06-07T06:31:31.969+0000] {task_command.py:389} INFO - Running <TaskInstance: our_first_dag_v5.first_task scheduled__2021-08-21T00:00:00+00:00 [running]> on host 026ed797f3b3
[2023-06-07T06:31:32.522+0000] {taskinstance.py:1513} INFO - Exporting the following env vars:
AIRFLOW_CTX_DAG_OWNER=coder2j
AIRFLOW_CTX_DAG_ID=our_first_dag_v5
AIRFLOW_CTX_TASK_ID=first_task
AIRFLOW_CTX_EXECUTION_DATE=2021-08-21T00:00:00+00:00
AIRFLOW_CTX_TRY_NUMBER=1
AIRFLOW_CTX_DAG_RUN_ID=scheduled__2021-08-21T00:00:00+00:00
[2023-06-07T06:31:32.529+0000] {subprocess.py:63} INFO - Tmp dir root location: 
 /tmp
[2023-06-07T06:31:32.532+0000] {subprocess.py:75} INFO - Running command: ['/bin/bash', '-c', 'echo hello world, this is the first task!']
[2023-06-07T06:31:32.649+0000] {subprocess.py:86} INFO - Output:
[2023-06-07T06:31:32.662+0000] {subprocess.py:93} INFO - hello world, this is the first task!
[2023-06-07T06:31:32.671+0000] {subprocess.py:97} INFO - Command exited with return code 0
[2023-06-07T06:31:32.787+0000] {taskinstance.py:1327} INFO - Marking task as SUCCESS. dag_id=our_first_dag_v5, task_id=first_task, execution_date=20210821T000000, start_date=20230607T063131, end_date=20230607T063132
[2023-06-07T06:31:32.900+0000] {local_task_job.py:159} INFO - Task exited with return code 0
[2023-06-07T06:31:32.978+0000] {taskinstance.py:2582} INFO - 2 downstream tasks scheduled from follow-on schedule check
