[2023-05-30T12:32:32.061+0000] {taskinstance.py:1087} INFO - Dependencies all met for <TaskInstance: our_dag_with_python_operator_v07.get_age scheduled__2022-02-23T00:00:00+00:00 [queued]>
[2023-05-30T12:32:32.116+0000] {taskinstance.py:1087} INFO - Dependencies all met for <TaskInstance: our_dag_with_python_operator_v07.get_age scheduled__2022-02-23T00:00:00+00:00 [queued]>
[2023-05-30T12:32:32.119+0000] {taskinstance.py:1283} INFO - 
--------------------------------------------------------------------------------
[2023-05-30T12:32:32.121+0000] {taskinstance.py:1284} INFO - Starting attempt 1 of 6
[2023-05-30T12:32:32.124+0000] {taskinstance.py:1285} INFO - 
--------------------------------------------------------------------------------
[2023-05-30T12:32:32.189+0000] {taskinstance.py:1304} INFO - Executing <Task(PythonOperator): get_age> on 2022-02-23 00:00:00+00:00
[2023-05-30T12:32:32.197+0000] {standard_task_runner.py:55} INFO - Started process 10138 to run task
[2023-05-30T12:32:32.236+0000] {standard_task_runner.py:82} INFO - Running: ['***', 'tasks', 'run', 'our_dag_with_python_operator_v07', 'get_age', 'scheduled__2022-02-23T00:00:00+00:00', '--job-id', '1537', '--raw', '--subdir', 'DAGS_FOLDER/dag_python_opr.py', '--cfg-path', '/tmp/tmpnzbjaurx']
[2023-05-30T12:32:32.239+0000] {standard_task_runner.py:83} INFO - Job 1537: Subtask get_age
[2023-05-30T12:32:32.559+0000] {task_command.py:389} INFO - Running <TaskInstance: our_dag_with_python_operator_v07.get_age scheduled__2022-02-23T00:00:00+00:00 [running]> on host 49219f98c96e
[2023-05-30T12:32:32.891+0000] {taskinstance.py:1513} INFO - Exporting the following env vars:
AIRFLOW_CTX_DAG_OWNER=coder2j
AIRFLOW_CTX_DAG_ID=our_dag_with_python_operator_v07
AIRFLOW_CTX_TASK_ID=get_age
AIRFLOW_CTX_EXECUTION_DATE=2022-02-23T00:00:00+00:00
AIRFLOW_CTX_TRY_NUMBER=1
AIRFLOW_CTX_DAG_RUN_ID=scheduled__2022-02-23T00:00:00+00:00
[2023-05-30T12:32:32.926+0000] {python.py:177} INFO - Done. Returned value was: None
[2023-05-30T12:32:32.956+0000] {taskinstance.py:1327} INFO - Marking task as SUCCESS. dag_id=our_dag_with_python_operator_v07, task_id=get_age, execution_date=20220223T000000, start_date=20230530T123232, end_date=20230530T123232
[2023-05-30T12:32:33.038+0000] {local_task_job.py:159} INFO - Task exited with return code 0
[2023-05-30T12:32:33.089+0000] {taskinstance.py:2582} INFO - 1 downstream tasks scheduled from follow-on schedule check
[2023-06-07T06:35:55.002+0000] {taskinstance.py:1087} INFO - Dependencies all met for <TaskInstance: our_dag_with_python_operator_v07.get_age scheduled__2022-02-23T00:00:00+00:00 [queued]>
[2023-06-07T06:35:55.068+0000] {taskinstance.py:1087} INFO - Dependencies all met for <TaskInstance: our_dag_with_python_operator_v07.get_age scheduled__2022-02-23T00:00:00+00:00 [queued]>
[2023-06-07T06:35:55.071+0000] {taskinstance.py:1283} INFO - 
--------------------------------------------------------------------------------
[2023-06-07T06:35:55.073+0000] {taskinstance.py:1284} INFO - Starting attempt 1 of 6
[2023-06-07T06:35:55.074+0000] {taskinstance.py:1285} INFO - 
--------------------------------------------------------------------------------
[2023-06-07T06:35:55.462+0000] {taskinstance.py:1304} INFO - Executing <Task(PythonOperator): get_age> on 2022-02-23 00:00:00+00:00
[2023-06-07T06:35:55.488+0000] {standard_task_runner.py:55} INFO - Started process 2572 to run task
[2023-06-07T06:35:55.593+0000] {standard_task_runner.py:82} INFO - Running: ['***', 'tasks', 'run', 'our_dag_with_python_operator_v07', 'get_age', 'scheduled__2022-02-23T00:00:00+00:00', '--job-id', '1786', '--raw', '--subdir', 'DAGS_FOLDER/dag_python_opr.py', '--cfg-path', '/tmp/tmp5gm_eean']
[2023-06-07T06:35:55.661+0000] {standard_task_runner.py:83} INFO - Job 1786: Subtask get_age
[2023-06-07T06:35:56.233+0000] {task_command.py:389} INFO - Running <TaskInstance: our_dag_with_python_operator_v07.get_age scheduled__2022-02-23T00:00:00+00:00 [running]> on host 026ed797f3b3
[2023-06-07T06:35:57.154+0000] {taskinstance.py:1513} INFO - Exporting the following env vars:
AIRFLOW_CTX_DAG_OWNER=coder2j
AIRFLOW_CTX_DAG_ID=our_dag_with_python_operator_v07
AIRFLOW_CTX_TASK_ID=get_age
AIRFLOW_CTX_EXECUTION_DATE=2022-02-23T00:00:00+00:00
AIRFLOW_CTX_TRY_NUMBER=1
AIRFLOW_CTX_DAG_RUN_ID=scheduled__2022-02-23T00:00:00+00:00
[2023-06-07T06:35:57.226+0000] {python.py:177} INFO - Done. Returned value was: None
[2023-06-07T06:35:57.374+0000] {taskinstance.py:1327} INFO - Marking task as SUCCESS. dag_id=our_dag_with_python_operator_v07, task_id=get_age, execution_date=20220223T000000, start_date=20230607T063555, end_date=20230607T063557
[2023-06-07T06:35:57.589+0000] {local_task_job.py:159} INFO - Task exited with return code 0
[2023-06-07T06:35:57.838+0000] {taskinstance.py:2582} INFO - 0 downstream tasks scheduled from follow-on schedule check
