[2023-05-30T11:37:05.642+0000] {taskinstance.py:1087} INFO - Dependencies all met for <TaskInstance: our_dag_with_python_operator_v07.get_name scheduled__2021-11-21T00:00:00+00:00 [queued]>
[2023-05-30T11:37:05.671+0000] {taskinstance.py:1087} INFO - Dependencies all met for <TaskInstance: our_dag_with_python_operator_v07.get_name scheduled__2021-11-21T00:00:00+00:00 [queued]>
[2023-05-30T11:37:05.674+0000] {taskinstance.py:1283} INFO - 
--------------------------------------------------------------------------------
[2023-05-30T11:37:05.675+0000] {taskinstance.py:1284} INFO - Starting attempt 1 of 6
[2023-05-30T11:37:05.677+0000] {taskinstance.py:1285} INFO - 
--------------------------------------------------------------------------------
[2023-05-30T11:37:05.742+0000] {taskinstance.py:1304} INFO - Executing <Task(PythonOperator): get_name> on 2021-11-21 00:00:00+00:00
[2023-05-30T11:37:05.754+0000] {standard_task_runner.py:55} INFO - Started process 5808 to run task
[2023-05-30T11:37:05.775+0000] {standard_task_runner.py:82} INFO - Running: ['***', 'tasks', 'run', 'our_dag_with_python_operator_v07', 'get_name', 'scheduled__2021-11-21T00:00:00+00:00', '--job-id', '1252', '--raw', '--subdir', 'DAGS_FOLDER/dag_python_opr.py', '--cfg-path', '/tmp/tmp7bjuigrz']
[2023-05-30T11:37:05.788+0000] {standard_task_runner.py:83} INFO - Job 1252: Subtask get_name
[2023-05-30T11:37:06.028+0000] {task_command.py:389} INFO - Running <TaskInstance: our_dag_with_python_operator_v07.get_name scheduled__2021-11-21T00:00:00+00:00 [running]> on host 49219f98c96e
[2023-05-30T11:37:06.275+0000] {taskinstance.py:1513} INFO - Exporting the following env vars:
AIRFLOW_CTX_DAG_OWNER=coder2j
AIRFLOW_CTX_DAG_ID=our_dag_with_python_operator_v07
AIRFLOW_CTX_TASK_ID=get_name
AIRFLOW_CTX_EXECUTION_DATE=2021-11-21T00:00:00+00:00
AIRFLOW_CTX_TRY_NUMBER=1
AIRFLOW_CTX_DAG_RUN_ID=scheduled__2021-11-21T00:00:00+00:00
[2023-05-30T11:37:06.350+0000] {python.py:177} INFO - Done. Returned value was: None
[2023-05-30T11:37:06.397+0000] {taskinstance.py:1327} INFO - Marking task as SUCCESS. dag_id=our_dag_with_python_operator_v07, task_id=get_name, execution_date=20211121T000000, start_date=20230530T113705, end_date=20230530T113706
[2023-05-30T11:37:06.487+0000] {local_task_job.py:159} INFO - Task exited with return code 0
[2023-05-30T11:37:06.541+0000] {taskinstance.py:2582} INFO - 1 downstream tasks scheduled from follow-on schedule check
