[2023-05-30T12:34:06.380+0000] {taskinstance.py:1087} INFO - Dependencies all met for <TaskInstance: our_dag_with_python_operator_v07.get_age scheduled__2022-05-15T00:00:00+00:00 [queued]>
[2023-05-30T12:34:06.402+0000] {taskinstance.py:1087} INFO - Dependencies all met for <TaskInstance: our_dag_with_python_operator_v07.get_age scheduled__2022-05-15T00:00:00+00:00 [queued]>
[2023-05-30T12:34:06.404+0000] {taskinstance.py:1283} INFO - 
--------------------------------------------------------------------------------
[2023-05-30T12:34:06.406+0000] {taskinstance.py:1284} INFO - Starting attempt 1 of 6
[2023-05-30T12:34:06.410+0000] {taskinstance.py:1285} INFO - 
--------------------------------------------------------------------------------
[2023-05-30T12:34:06.441+0000] {taskinstance.py:1304} INFO - Executing <Task(PythonOperator): get_age> on 2022-05-15 00:00:00+00:00
[2023-05-30T12:34:06.458+0000] {standard_task_runner.py:55} INFO - Started process 10715 to run task
[2023-05-30T12:34:06.482+0000] {standard_task_runner.py:82} INFO - Running: ['***', 'tasks', 'run', 'our_dag_with_python_operator_v07', 'get_age', 'scheduled__2022-05-15T00:00:00+00:00', '--job-id', '1783', '--raw', '--subdir', 'DAGS_FOLDER/dag_python_opr.py', '--cfg-path', '/tmp/tmp4n8128xl']
[2023-05-30T12:34:06.484+0000] {standard_task_runner.py:83} INFO - Job 1783: Subtask get_age
[2023-05-30T12:34:06.667+0000] {task_command.py:389} INFO - Running <TaskInstance: our_dag_with_python_operator_v07.get_age scheduled__2022-05-15T00:00:00+00:00 [running]> on host 49219f98c96e
[2023-05-30T12:34:06.885+0000] {taskinstance.py:1513} INFO - Exporting the following env vars:
AIRFLOW_CTX_DAG_OWNER=coder2j
AIRFLOW_CTX_DAG_ID=our_dag_with_python_operator_v07
AIRFLOW_CTX_TASK_ID=get_age
AIRFLOW_CTX_EXECUTION_DATE=2022-05-15T00:00:00+00:00
AIRFLOW_CTX_TRY_NUMBER=1
AIRFLOW_CTX_DAG_RUN_ID=scheduled__2022-05-15T00:00:00+00:00
[2023-05-30T12:34:06.914+0000] {python.py:177} INFO - Done. Returned value was: None
[2023-05-30T12:34:06.953+0000] {taskinstance.py:1327} INFO - Marking task as SUCCESS. dag_id=our_dag_with_python_operator_v07, task_id=get_age, execution_date=20220515T000000, start_date=20230530T123406, end_date=20230530T123406
[2023-05-30T12:34:07.022+0000] {local_task_job.py:159} INFO - Task exited with return code 0
[2023-05-30T12:34:07.093+0000] {taskinstance.py:2582} INFO - 1 downstream tasks scheduled from follow-on schedule check
[2023-06-07T06:39:30.703+0000] {taskinstance.py:1087} INFO - Dependencies all met for <TaskInstance: our_dag_with_python_operator_v07.get_age scheduled__2022-05-15T00:00:00+00:00 [queued]>
[2023-06-07T06:39:30.795+0000] {taskinstance.py:1087} INFO - Dependencies all met for <TaskInstance: our_dag_with_python_operator_v07.get_age scheduled__2022-05-15T00:00:00+00:00 [queued]>
[2023-06-07T06:39:30.808+0000] {taskinstance.py:1283} INFO - 
--------------------------------------------------------------------------------
[2023-06-07T06:39:30.811+0000] {taskinstance.py:1284} INFO - Starting attempt 1 of 6
[2023-06-07T06:39:30.815+0000] {taskinstance.py:1285} INFO - 
--------------------------------------------------------------------------------
[2023-06-07T06:39:31.056+0000] {taskinstance.py:1304} INFO - Executing <Task(PythonOperator): get_age> on 2022-05-15 00:00:00+00:00
[2023-06-07T06:39:31.131+0000] {standard_task_runner.py:55} INFO - Started process 3942 to run task
[2023-06-07T06:39:31.169+0000] {standard_task_runner.py:82} INFO - Running: ['***', 'tasks', 'run', 'our_dag_with_python_operator_v07', 'get_age', 'scheduled__2022-05-15T00:00:00+00:00', '--job-id', '2275', '--raw', '--subdir', 'DAGS_FOLDER/dag_python_opr.py', '--cfg-path', '/tmp/tmpw9sgfepc']
[2023-06-07T06:39:31.185+0000] {standard_task_runner.py:83} INFO - Job 2275: Subtask get_age
[2023-06-07T06:39:32.722+0000] {task_command.py:389} INFO - Running <TaskInstance: our_dag_with_python_operator_v07.get_age scheduled__2022-05-15T00:00:00+00:00 [running]> on host 026ed797f3b3
[2023-06-07T06:39:33.553+0000] {taskinstance.py:1513} INFO - Exporting the following env vars:
AIRFLOW_CTX_DAG_OWNER=coder2j
AIRFLOW_CTX_DAG_ID=our_dag_with_python_operator_v07
AIRFLOW_CTX_TASK_ID=get_age
AIRFLOW_CTX_EXECUTION_DATE=2022-05-15T00:00:00+00:00
AIRFLOW_CTX_TRY_NUMBER=1
AIRFLOW_CTX_DAG_RUN_ID=scheduled__2022-05-15T00:00:00+00:00
[2023-06-07T06:39:33.625+0000] {python.py:177} INFO - Done. Returned value was: None
[2023-06-07T06:39:33.691+0000] {taskinstance.py:1327} INFO - Marking task as SUCCESS. dag_id=our_dag_with_python_operator_v07, task_id=get_age, execution_date=20220515T000000, start_date=20230607T063930, end_date=20230607T063933
[2023-06-07T06:39:33.976+0000] {local_task_job.py:159} INFO - Task exited with return code 0
[2023-06-07T06:39:34.466+0000] {taskinstance.py:2582} INFO - 0 downstream tasks scheduled from follow-on schedule check
