[2023-05-30T11:31:09.002+0000] {taskinstance.py:1087} INFO - Dependencies all met for <TaskInstance: our_first_dag_v5.thrid_task scheduled__2022-01-27T00:00:00+00:00 [queued]>
[2023-05-30T11:31:09.015+0000] {taskinstance.py:1087} INFO - Dependencies all met for <TaskInstance: our_first_dag_v5.thrid_task scheduled__2022-01-27T00:00:00+00:00 [queued]>
[2023-05-30T11:31:09.017+0000] {taskinstance.py:1283} INFO - 
--------------------------------------------------------------------------------
[2023-05-30T11:31:09.018+0000] {taskinstance.py:1284} INFO - Starting attempt 1 of 6
[2023-05-30T11:31:09.020+0000] {taskinstance.py:1285} INFO - 
--------------------------------------------------------------------------------
[2023-05-30T11:31:09.038+0000] {taskinstance.py:1304} INFO - Executing <Task(BashOperator): thrid_task> on 2022-01-27 00:00:00+00:00
[2023-05-30T11:31:09.045+0000] {standard_task_runner.py:55} INFO - Started process 3492 to run task
[2023-05-30T11:31:09.050+0000] {standard_task_runner.py:82} INFO - Running: ['***', 'tasks', 'run', 'our_first_dag_v5', 'thrid_task', 'scheduled__2022-01-27T00:00:00+00:00', '--job-id', '551', '--raw', '--subdir', 'DAGS_FOLDER/first_Dag.py', '--cfg-path', '/tmp/tmpb8ikyj3j']
[2023-05-30T11:31:09.052+0000] {standard_task_runner.py:83} INFO - Job 551: Subtask thrid_task
[2023-05-30T11:31:09.142+0000] {task_command.py:389} INFO - Running <TaskInstance: our_first_dag_v5.thrid_task scheduled__2022-01-27T00:00:00+00:00 [running]> on host 49219f98c96e
[2023-05-30T11:31:09.251+0000] {taskinstance.py:1513} INFO - Exporting the following env vars:
AIRFLOW_CTX_DAG_OWNER=coder2j
AIRFLOW_CTX_DAG_ID=our_first_dag_v5
AIRFLOW_CTX_TASK_ID=thrid_task
AIRFLOW_CTX_EXECUTION_DATE=2022-01-27T00:00:00+00:00
AIRFLOW_CTX_TRY_NUMBER=1
AIRFLOW_CTX_DAG_RUN_ID=scheduled__2022-01-27T00:00:00+00:00
[2023-05-30T11:31:09.254+0000] {subprocess.py:63} INFO - Tmp dir root location: 
 /tmp
[2023-05-30T11:31:09.256+0000] {subprocess.py:75} INFO - Running command: ['/bin/bash', '-c', 'echo hey, I am task3 and will be running after task1 at the same time as task2!']
[2023-05-30T11:31:09.287+0000] {subprocess.py:86} INFO - Output:
[2023-05-30T11:31:09.289+0000] {subprocess.py:93} INFO - hey, I am task3 and will be running after task1 at the same time as task2!
[2023-05-30T11:31:09.292+0000] {subprocess.py:97} INFO - Command exited with return code 0
[2023-05-30T11:31:09.335+0000] {taskinstance.py:1327} INFO - Marking task as SUCCESS. dag_id=our_first_dag_v5, task_id=thrid_task, execution_date=20220127T000000, start_date=20230530T113109, end_date=20230530T113109
[2023-05-30T11:31:09.384+0000] {local_task_job.py:159} INFO - Task exited with return code 0
[2023-05-30T11:31:09.410+0000] {taskinstance.py:2582} INFO - 0 downstream tasks scheduled from follow-on schedule check
[2023-06-07T06:38:17.370+0000] {taskinstance.py:1087} INFO - Dependencies all met for <TaskInstance: our_first_dag_v5.thrid_task scheduled__2022-01-27T00:00:00+00:00 [queued]>
[2023-06-07T06:38:17.523+0000] {taskinstance.py:1087} INFO - Dependencies all met for <TaskInstance: our_first_dag_v5.thrid_task scheduled__2022-01-27T00:00:00+00:00 [queued]>
[2023-06-07T06:38:17.526+0000] {taskinstance.py:1283} INFO - 
--------------------------------------------------------------------------------
[2023-06-07T06:38:17.528+0000] {taskinstance.py:1284} INFO - Starting attempt 1 of 6
[2023-06-07T06:38:17.530+0000] {taskinstance.py:1285} INFO - 
--------------------------------------------------------------------------------
[2023-06-07T06:38:17.576+0000] {taskinstance.py:1304} INFO - Executing <Task(BashOperator): thrid_task> on 2022-01-27 00:00:00+00:00
[2023-06-07T06:38:17.623+0000] {standard_task_runner.py:55} INFO - Started process 3474 to run task
[2023-06-07T06:38:17.735+0000] {standard_task_runner.py:82} INFO - Running: ['***', 'tasks', 'run', 'our_first_dag_v5', 'thrid_task', 'scheduled__2022-01-27T00:00:00+00:00', '--job-id', '2106', '--raw', '--subdir', 'DAGS_FOLDER/first_Dag.py', '--cfg-path', '/tmp/tmp9dmej2or']
[2023-06-07T06:38:17.740+0000] {standard_task_runner.py:83} INFO - Job 2106: Subtask thrid_task
[2023-06-07T06:38:18.444+0000] {task_command.py:389} INFO - Running <TaskInstance: our_first_dag_v5.thrid_task scheduled__2022-01-27T00:00:00+00:00 [running]> on host 026ed797f3b3
[2023-06-07T06:38:19.401+0000] {taskinstance.py:1513} INFO - Exporting the following env vars:
AIRFLOW_CTX_DAG_OWNER=coder2j
AIRFLOW_CTX_DAG_ID=our_first_dag_v5
AIRFLOW_CTX_TASK_ID=thrid_task
AIRFLOW_CTX_EXECUTION_DATE=2022-01-27T00:00:00+00:00
AIRFLOW_CTX_TRY_NUMBER=1
AIRFLOW_CTX_DAG_RUN_ID=scheduled__2022-01-27T00:00:00+00:00
[2023-06-07T06:38:19.419+0000] {subprocess.py:63} INFO - Tmp dir root location: 
 /tmp
[2023-06-07T06:38:19.429+0000] {subprocess.py:75} INFO - Running command: ['/bin/bash', '-c', 'echo hey, I am task3 and will be running after task1 at the same time as task2!']
[2023-06-07T06:38:19.608+0000] {subprocess.py:86} INFO - Output:
[2023-06-07T06:38:19.612+0000] {subprocess.py:93} INFO - hey, I am task3 and will be running after task1 at the same time as task2!
[2023-06-07T06:38:19.614+0000] {subprocess.py:97} INFO - Command exited with return code 0
[2023-06-07T06:38:19.791+0000] {taskinstance.py:1327} INFO - Marking task as SUCCESS. dag_id=our_first_dag_v5, task_id=thrid_task, execution_date=20220127T000000, start_date=20230607T063817, end_date=20230607T063819
[2023-06-07T06:38:20.405+0000] {local_task_job.py:159} INFO - Task exited with return code 0
[2023-06-07T06:38:20.622+0000] {taskinstance.py:2582} INFO - 0 downstream tasks scheduled from follow-on schedule check
