[2023-05-30T11:28:38.706+0000] {taskinstance.py:1087} INFO - Dependencies all met for <TaskInstance: our_first_dag_v5.thrid_task scheduled__2021-09-07T00:00:00+00:00 [queued]>
[2023-05-30T11:28:38.799+0000] {taskinstance.py:1087} INFO - Dependencies all met for <TaskInstance: our_first_dag_v5.thrid_task scheduled__2021-09-07T00:00:00+00:00 [queued]>
[2023-05-30T11:28:38.800+0000] {taskinstance.py:1283} INFO - 
--------------------------------------------------------------------------------
[2023-05-30T11:28:38.802+0000] {taskinstance.py:1284} INFO - Starting attempt 1 of 6
[2023-05-30T11:28:38.804+0000] {taskinstance.py:1285} INFO - 
--------------------------------------------------------------------------------
[2023-05-30T11:28:38.866+0000] {taskinstance.py:1304} INFO - Executing <Task(BashOperator): thrid_task> on 2021-09-07 00:00:00+00:00
[2023-05-30T11:28:38.887+0000] {standard_task_runner.py:55} INFO - Started process 2069 to run task
[2023-05-30T11:28:38.921+0000] {standard_task_runner.py:82} INFO - Running: ['***', 'tasks', 'run', 'our_first_dag_v5', 'thrid_task', 'scheduled__2021-09-07T00:00:00+00:00', '--job-id', '126', '--raw', '--subdir', 'DAGS_FOLDER/first_Dag.py', '--cfg-path', '/tmp/tmpoi3z8x2s']
[2023-05-30T11:28:38.926+0000] {standard_task_runner.py:83} INFO - Job 126: Subtask thrid_task
[2023-05-30T11:28:39.181+0000] {task_command.py:389} INFO - Running <TaskInstance: our_first_dag_v5.thrid_task scheduled__2021-09-07T00:00:00+00:00 [running]> on host 49219f98c96e
[2023-05-30T11:28:39.466+0000] {taskinstance.py:1513} INFO - Exporting the following env vars:
AIRFLOW_CTX_DAG_OWNER=coder2j
AIRFLOW_CTX_DAG_ID=our_first_dag_v5
AIRFLOW_CTX_TASK_ID=thrid_task
AIRFLOW_CTX_EXECUTION_DATE=2021-09-07T00:00:00+00:00
AIRFLOW_CTX_TRY_NUMBER=1
AIRFLOW_CTX_DAG_RUN_ID=scheduled__2021-09-07T00:00:00+00:00
[2023-05-30T11:28:39.470+0000] {subprocess.py:63} INFO - Tmp dir root location: 
 /tmp
[2023-05-30T11:28:39.472+0000] {subprocess.py:75} INFO - Running command: ['/bin/bash', '-c', 'echo hey, I am task3 and will be running after task1 at the same time as task2!']
[2023-05-30T11:28:39.513+0000] {subprocess.py:86} INFO - Output:
[2023-05-30T11:28:39.516+0000] {subprocess.py:93} INFO - hey, I am task3 and will be running after task1 at the same time as task2!
[2023-05-30T11:28:39.519+0000] {subprocess.py:97} INFO - Command exited with return code 0
[2023-05-30T11:28:39.602+0000] {taskinstance.py:1327} INFO - Marking task as SUCCESS. dag_id=our_first_dag_v5, task_id=thrid_task, execution_date=20210907T000000, start_date=20230530T112838, end_date=20230530T112839
[2023-05-30T11:28:39.727+0000] {local_task_job.py:159} INFO - Task exited with return code 0
[2023-05-30T11:28:39.847+0000] {taskinstance.py:2582} INFO - 0 downstream tasks scheduled from follow-on schedule check
[2023-06-07T06:32:16.954+0000] {taskinstance.py:1087} INFO - Dependencies all met for <TaskInstance: our_first_dag_v5.thrid_task scheduled__2021-09-07T00:00:00+00:00 [queued]>
[2023-06-07T06:32:17.082+0000] {taskinstance.py:1087} INFO - Dependencies all met for <TaskInstance: our_first_dag_v5.thrid_task scheduled__2021-09-07T00:00:00+00:00 [queued]>
[2023-06-07T06:32:17.094+0000] {taskinstance.py:1283} INFO - 
--------------------------------------------------------------------------------
[2023-06-07T06:32:17.098+0000] {taskinstance.py:1284} INFO - Starting attempt 1 of 6
[2023-06-07T06:32:17.103+0000] {taskinstance.py:1285} INFO - 
--------------------------------------------------------------------------------
[2023-06-07T06:32:17.288+0000] {taskinstance.py:1304} INFO - Executing <Task(BashOperator): thrid_task> on 2021-09-07 00:00:00+00:00
[2023-06-07T06:32:17.334+0000] {standard_task_runner.py:55} INFO - Started process 1044 to run task
[2023-06-07T06:32:17.364+0000] {standard_task_runner.py:82} INFO - Running: ['***', 'tasks', 'run', 'our_first_dag_v5', 'thrid_task', 'scheduled__2021-09-07T00:00:00+00:00', '--job-id', '1229', '--raw', '--subdir', 'DAGS_FOLDER/first_Dag.py', '--cfg-path', '/tmp/tmpcsvajo9p']
[2023-06-07T06:32:17.367+0000] {standard_task_runner.py:83} INFO - Job 1229: Subtask thrid_task
[2023-06-07T06:32:17.798+0000] {task_command.py:389} INFO - Running <TaskInstance: our_first_dag_v5.thrid_task scheduled__2021-09-07T00:00:00+00:00 [running]> on host 026ed797f3b3
[2023-06-07T06:32:18.342+0000] {taskinstance.py:1513} INFO - Exporting the following env vars:
AIRFLOW_CTX_DAG_OWNER=coder2j
AIRFLOW_CTX_DAG_ID=our_first_dag_v5
AIRFLOW_CTX_TASK_ID=thrid_task
AIRFLOW_CTX_EXECUTION_DATE=2021-09-07T00:00:00+00:00
AIRFLOW_CTX_TRY_NUMBER=1
AIRFLOW_CTX_DAG_RUN_ID=scheduled__2021-09-07T00:00:00+00:00
[2023-06-07T06:32:18.345+0000] {subprocess.py:63} INFO - Tmp dir root location: 
 /tmp
[2023-06-07T06:32:18.348+0000] {subprocess.py:75} INFO - Running command: ['/bin/bash', '-c', 'echo hey, I am task3 and will be running after task1 at the same time as task2!']
[2023-06-07T06:32:18.406+0000] {subprocess.py:86} INFO - Output:
[2023-06-07T06:32:18.414+0000] {subprocess.py:93} INFO - hey, I am task3 and will be running after task1 at the same time as task2!
[2023-06-07T06:32:18.417+0000] {subprocess.py:97} INFO - Command exited with return code 0
[2023-06-07T06:32:18.610+0000] {taskinstance.py:1327} INFO - Marking task as SUCCESS. dag_id=our_first_dag_v5, task_id=thrid_task, execution_date=20210907T000000, start_date=20230607T063216, end_date=20230607T063218
[2023-06-07T06:32:18.838+0000] {local_task_job.py:159} INFO - Task exited with return code 0
[2023-06-07T06:32:19.015+0000] {taskinstance.py:2582} INFO - 0 downstream tasks scheduled from follow-on schedule check
