[2023-05-30T11:36:49.403+0000] {taskinstance.py:1087} INFO - Dependencies all met for <TaskInstance: our_dag_with_python_operator_v07.greet scheduled__2021-10-31T00:00:00+00:00 [queued]>
[2023-05-30T11:36:49.437+0000] {taskinstance.py:1087} INFO - Dependencies all met for <TaskInstance: our_dag_with_python_operator_v07.greet scheduled__2021-10-31T00:00:00+00:00 [queued]>
[2023-05-30T11:36:49.438+0000] {taskinstance.py:1283} INFO - 
--------------------------------------------------------------------------------
[2023-05-30T11:36:49.443+0000] {taskinstance.py:1284} INFO - Starting attempt 1 of 6
[2023-05-30T11:36:49.444+0000] {taskinstance.py:1285} INFO - 
--------------------------------------------------------------------------------
[2023-05-30T11:36:49.480+0000] {taskinstance.py:1304} INFO - Executing <Task(PythonOperator): greet> on 2021-10-31 00:00:00+00:00
[2023-05-30T11:36:49.489+0000] {standard_task_runner.py:55} INFO - Started process 5691 to run task
[2023-05-30T11:36:49.508+0000] {standard_task_runner.py:82} INFO - Running: ['***', 'tasks', 'run', 'our_dag_with_python_operator_v07', 'greet', 'scheduled__2021-10-31T00:00:00+00:00', '--job-id', '1201', '--raw', '--subdir', 'DAGS_FOLDER/dag_python_opr.py', '--cfg-path', '/tmp/tmpeahi9dyc']
[2023-05-30T11:36:49.510+0000] {standard_task_runner.py:83} INFO - Job 1201: Subtask greet
[2023-05-30T11:36:49.628+0000] {task_command.py:389} INFO - Running <TaskInstance: our_dag_with_python_operator_v07.greet scheduled__2021-10-31T00:00:00+00:00 [running]> on host 49219f98c96e
[2023-05-30T11:36:49.759+0000] {taskinstance.py:1513} INFO - Exporting the following env vars:
AIRFLOW_CTX_DAG_OWNER=coder2j
AIRFLOW_CTX_DAG_ID=our_dag_with_python_operator_v07
AIRFLOW_CTX_TASK_ID=greet
AIRFLOW_CTX_EXECUTION_DATE=2021-10-31T00:00:00+00:00
AIRFLOW_CTX_TRY_NUMBER=1
AIRFLOW_CTX_DAG_RUN_ID=scheduled__2021-10-31T00:00:00+00:00
[2023-05-30T11:36:49.763+0000] {logging_mixin.py:137} INFO - some dict:  {'a': 1, 'b': 2}
[2023-05-30T11:36:49.814+0000] {logging_mixin.py:137} INFO - Hello World! My name is Jerry Fridman, and I am 19 years old!
[2023-05-30T11:36:49.816+0000] {python.py:177} INFO - Done. Returned value was: None
[2023-05-30T11:36:49.838+0000] {taskinstance.py:1327} INFO - Marking task as SUCCESS. dag_id=our_dag_with_python_operator_v07, task_id=greet, execution_date=20211031T000000, start_date=20230530T113649, end_date=20230530T113649
[2023-05-30T11:36:49.955+0000] {local_task_job.py:159} INFO - Task exited with return code 0
[2023-05-30T11:36:49.996+0000] {taskinstance.py:2582} INFO - 0 downstream tasks scheduled from follow-on schedule check
[2023-06-07T06:31:48.107+0000] {taskinstance.py:1087} INFO - Dependencies all met for <TaskInstance: our_dag_with_python_operator_v07.greet scheduled__2021-10-31T00:00:00+00:00 [queued]>
[2023-06-07T06:31:48.365+0000] {taskinstance.py:1087} INFO - Dependencies all met for <TaskInstance: our_dag_with_python_operator_v07.greet scheduled__2021-10-31T00:00:00+00:00 [queued]>
[2023-06-07T06:31:48.387+0000] {taskinstance.py:1283} INFO - 
--------------------------------------------------------------------------------
[2023-06-07T06:31:48.393+0000] {taskinstance.py:1284} INFO - Starting attempt 1 of 6
[2023-06-07T06:31:48.399+0000] {taskinstance.py:1285} INFO - 
--------------------------------------------------------------------------------
[2023-06-07T06:31:49.019+0000] {taskinstance.py:1304} INFO - Executing <Task(PythonOperator): greet> on 2021-10-31 00:00:00+00:00
[2023-06-07T06:31:49.079+0000] {standard_task_runner.py:55} INFO - Started process 825 to run task
[2023-06-07T06:31:49.109+0000] {standard_task_runner.py:82} INFO - Running: ['***', 'tasks', 'run', 'our_dag_with_python_operator_v07', 'greet', 'scheduled__2021-10-31T00:00:00+00:00', '--job-id', '1150', '--raw', '--subdir', 'DAGS_FOLDER/dag_python_opr.py', '--cfg-path', '/tmp/tmp_8g07mb9']
[2023-06-07T06:31:49.118+0000] {standard_task_runner.py:83} INFO - Job 1150: Subtask greet
[2023-06-07T06:31:49.665+0000] {task_command.py:389} INFO - Running <TaskInstance: our_dag_with_python_operator_v07.greet scheduled__2021-10-31T00:00:00+00:00 [running]> on host 026ed797f3b3
[2023-06-07T06:31:50.150+0000] {taskinstance.py:1513} INFO - Exporting the following env vars:
AIRFLOW_CTX_DAG_OWNER=coder2j
AIRFLOW_CTX_DAG_ID=our_dag_with_python_operator_v07
AIRFLOW_CTX_TASK_ID=greet
AIRFLOW_CTX_EXECUTION_DATE=2021-10-31T00:00:00+00:00
AIRFLOW_CTX_TRY_NUMBER=1
AIRFLOW_CTX_DAG_RUN_ID=scheduled__2021-10-31T00:00:00+00:00
[2023-06-07T06:31:50.166+0000] {logging_mixin.py:137} INFO - some dict:  {'a': 1, 'b': 2}
[2023-06-07T06:31:50.461+0000] {logging_mixin.py:137} INFO - Hello World! My name is Jerry Fridman, and I am 19 years old!
[2023-06-07T06:31:50.464+0000] {python.py:177} INFO - Done. Returned value was: None
[2023-06-07T06:31:50.661+0000] {taskinstance.py:1327} INFO - Marking task as SUCCESS. dag_id=our_dag_with_python_operator_v07, task_id=greet, execution_date=20211031T000000, start_date=20230607T063148, end_date=20230607T063150
[2023-06-07T06:31:50.942+0000] {local_task_job.py:159} INFO - Task exited with return code 0
[2023-06-07T06:31:51.146+0000] {taskinstance.py:2582} INFO - 0 downstream tasks scheduled from follow-on schedule check
