[2023-05-30T11:31:12.109+0000] {taskinstance.py:1087} INFO - Dependencies all met for <TaskInstance: our_first_dag_v5.first_task scheduled__2022-02-01T00:00:00+00:00 [queued]>
[2023-05-30T11:31:12.127+0000] {taskinstance.py:1087} INFO - Dependencies all met for <TaskInstance: our_first_dag_v5.first_task scheduled__2022-02-01T00:00:00+00:00 [queued]>
[2023-05-30T11:31:12.135+0000] {taskinstance.py:1283} INFO - 
--------------------------------------------------------------------------------
[2023-05-30T11:31:12.136+0000] {taskinstance.py:1284} INFO - Starting attempt 1 of 6
[2023-05-30T11:31:12.138+0000] {taskinstance.py:1285} INFO - 
--------------------------------------------------------------------------------
[2023-05-30T11:31:12.163+0000] {taskinstance.py:1304} INFO - Executing <Task(BashOperator): first_task> on 2022-02-01 00:00:00+00:00
[2023-05-30T11:31:12.174+0000] {standard_task_runner.py:55} INFO - Started process 3515 to run task
[2023-05-30T11:31:12.187+0000] {standard_task_runner.py:82} INFO - Running: ['***', 'tasks', 'run', 'our_first_dag_v5', 'first_task', 'scheduled__2022-02-01T00:00:00+00:00', '--job-id', '558', '--raw', '--subdir', 'DAGS_FOLDER/first_Dag.py', '--cfg-path', '/tmp/tmpr1wgd6b9']
[2023-05-30T11:31:12.192+0000] {standard_task_runner.py:83} INFO - Job 558: Subtask first_task
[2023-05-30T11:31:12.406+0000] {task_command.py:389} INFO - Running <TaskInstance: our_first_dag_v5.first_task scheduled__2022-02-01T00:00:00+00:00 [running]> on host 49219f98c96e
[2023-05-30T11:31:12.571+0000] {taskinstance.py:1513} INFO - Exporting the following env vars:
AIRFLOW_CTX_DAG_OWNER=coder2j
AIRFLOW_CTX_DAG_ID=our_first_dag_v5
AIRFLOW_CTX_TASK_ID=first_task
AIRFLOW_CTX_EXECUTION_DATE=2022-02-01T00:00:00+00:00
AIRFLOW_CTX_TRY_NUMBER=1
AIRFLOW_CTX_DAG_RUN_ID=scheduled__2022-02-01T00:00:00+00:00
[2023-05-30T11:31:12.584+0000] {subprocess.py:63} INFO - Tmp dir root location: 
 /tmp
[2023-05-30T11:31:12.587+0000] {subprocess.py:75} INFO - Running command: ['/bin/bash', '-c', 'echo hello world, this is the first task!']
[2023-05-30T11:31:12.644+0000] {subprocess.py:86} INFO - Output:
[2023-05-30T11:31:12.649+0000] {subprocess.py:93} INFO - hello world, this is the first task!
[2023-05-30T11:31:12.651+0000] {subprocess.py:97} INFO - Command exited with return code 0
[2023-05-30T11:31:12.719+0000] {taskinstance.py:1327} INFO - Marking task as SUCCESS. dag_id=our_first_dag_v5, task_id=first_task, execution_date=20220201T000000, start_date=20230530T113112, end_date=20230530T113112
[2023-05-30T11:31:12.774+0000] {local_task_job.py:159} INFO - Task exited with return code 0
[2023-05-30T11:31:12.830+0000] {taskinstance.py:2582} INFO - 2 downstream tasks scheduled from follow-on schedule check
[2023-06-07T06:38:14.925+0000] {taskinstance.py:1087} INFO - Dependencies all met for <TaskInstance: our_first_dag_v5.first_task scheduled__2022-02-01T00:00:00+00:00 [queued]>
[2023-06-07T06:38:14.991+0000] {taskinstance.py:1087} INFO - Dependencies all met for <TaskInstance: our_first_dag_v5.first_task scheduled__2022-02-01T00:00:00+00:00 [queued]>
[2023-06-07T06:38:15.013+0000] {taskinstance.py:1283} INFO - 
--------------------------------------------------------------------------------
[2023-06-07T06:38:15.027+0000] {taskinstance.py:1284} INFO - Starting attempt 1 of 6
[2023-06-07T06:38:15.028+0000] {taskinstance.py:1285} INFO - 
--------------------------------------------------------------------------------
[2023-06-07T06:38:15.199+0000] {taskinstance.py:1304} INFO - Executing <Task(BashOperator): first_task> on 2022-02-01 00:00:00+00:00
[2023-06-07T06:38:15.220+0000] {standard_task_runner.py:55} INFO - Started process 3458 to run task
[2023-06-07T06:38:15.256+0000] {standard_task_runner.py:82} INFO - Running: ['***', 'tasks', 'run', 'our_first_dag_v5', 'first_task', 'scheduled__2022-02-01T00:00:00+00:00', '--job-id', '2100', '--raw', '--subdir', 'DAGS_FOLDER/first_Dag.py', '--cfg-path', '/tmp/tmpt4446suw']
[2023-06-07T06:38:15.265+0000] {standard_task_runner.py:83} INFO - Job 2100: Subtask first_task
[2023-06-07T06:38:15.990+0000] {task_command.py:389} INFO - Running <TaskInstance: our_first_dag_v5.first_task scheduled__2022-02-01T00:00:00+00:00 [running]> on host 026ed797f3b3
[2023-06-07T06:38:16.677+0000] {taskinstance.py:1513} INFO - Exporting the following env vars:
AIRFLOW_CTX_DAG_OWNER=coder2j
AIRFLOW_CTX_DAG_ID=our_first_dag_v5
AIRFLOW_CTX_TASK_ID=first_task
AIRFLOW_CTX_EXECUTION_DATE=2022-02-01T00:00:00+00:00
AIRFLOW_CTX_TRY_NUMBER=1
AIRFLOW_CTX_DAG_RUN_ID=scheduled__2022-02-01T00:00:00+00:00
[2023-06-07T06:38:16.683+0000] {subprocess.py:63} INFO - Tmp dir root location: 
 /tmp
[2023-06-07T06:38:16.686+0000] {subprocess.py:75} INFO - Running command: ['/bin/bash', '-c', 'echo hello world, this is the first task!']
[2023-06-07T06:38:16.834+0000] {subprocess.py:86} INFO - Output:
[2023-06-07T06:38:16.848+0000] {subprocess.py:93} INFO - hello world, this is the first task!
[2023-06-07T06:38:16.851+0000] {subprocess.py:97} INFO - Command exited with return code 0
[2023-06-07T06:38:17.088+0000] {taskinstance.py:1327} INFO - Marking task as SUCCESS. dag_id=our_first_dag_v5, task_id=first_task, execution_date=20220201T000000, start_date=20230607T063814, end_date=20230607T063817
[2023-06-07T06:38:17.271+0000] {local_task_job.py:159} INFO - Task exited with return code 0
[2023-06-07T06:38:17.571+0000] {taskinstance.py:2582} INFO - 2 downstream tasks scheduled from follow-on schedule check
