[2023-05-30T11:36:26.061+0000] {taskinstance.py:1087} INFO - Dependencies all met for <TaskInstance: our_dag_with_python_operator_v07.get_name scheduled__2021-10-11T00:00:00+00:00 [queued]>
[2023-05-30T11:36:26.117+0000] {taskinstance.py:1087} INFO - Dependencies all met for <TaskInstance: our_dag_with_python_operator_v07.get_name scheduled__2021-10-11T00:00:00+00:00 [queued]>
[2023-05-30T11:36:26.119+0000] {taskinstance.py:1283} INFO - 
--------------------------------------------------------------------------------
[2023-05-30T11:36:26.120+0000] {taskinstance.py:1284} INFO - Starting attempt 1 of 6
[2023-05-30T11:36:26.121+0000] {taskinstance.py:1285} INFO - 
--------------------------------------------------------------------------------
[2023-05-30T11:36:26.205+0000] {taskinstance.py:1304} INFO - Executing <Task(PythonOperator): get_name> on 2021-10-11 00:00:00+00:00
[2023-05-30T11:36:26.212+0000] {standard_task_runner.py:55} INFO - Started process 5523 to run task
[2023-05-30T11:36:26.238+0000] {standard_task_runner.py:82} INFO - Running: ['***', 'tasks', 'run', 'our_dag_with_python_operator_v07', 'get_name', 'scheduled__2021-10-11T00:00:00+00:00', '--job-id', '1127', '--raw', '--subdir', 'DAGS_FOLDER/dag_python_opr.py', '--cfg-path', '/tmp/tmp0b271nrz']
[2023-05-30T11:36:26.267+0000] {standard_task_runner.py:83} INFO - Job 1127: Subtask get_name
[2023-05-30T11:36:26.521+0000] {task_command.py:389} INFO - Running <TaskInstance: our_dag_with_python_operator_v07.get_name scheduled__2021-10-11T00:00:00+00:00 [running]> on host 49219f98c96e
[2023-05-30T11:36:26.883+0000] {taskinstance.py:1513} INFO - Exporting the following env vars:
AIRFLOW_CTX_DAG_OWNER=coder2j
AIRFLOW_CTX_DAG_ID=our_dag_with_python_operator_v07
AIRFLOW_CTX_TASK_ID=get_name
AIRFLOW_CTX_EXECUTION_DATE=2021-10-11T00:00:00+00:00
AIRFLOW_CTX_TRY_NUMBER=1
AIRFLOW_CTX_DAG_RUN_ID=scheduled__2021-10-11T00:00:00+00:00
[2023-05-30T11:36:26.975+0000] {python.py:177} INFO - Done. Returned value was: None
[2023-05-30T11:36:27.008+0000] {taskinstance.py:1327} INFO - Marking task as SUCCESS. dag_id=our_dag_with_python_operator_v07, task_id=get_name, execution_date=20211011T000000, start_date=20230530T113626, end_date=20230530T113627
[2023-05-30T11:36:27.126+0000] {local_task_job.py:159} INFO - Task exited with return code 0
[2023-05-30T11:36:27.285+0000] {taskinstance.py:2582} INFO - 0 downstream tasks scheduled from follow-on schedule check
[2023-06-07T06:30:55.131+0000] {taskinstance.py:1087} INFO - Dependencies all met for <TaskInstance: our_dag_with_python_operator_v07.get_name scheduled__2021-10-11T00:00:00+00:00 [queued]>
[2023-06-07T06:30:55.452+0000] {taskinstance.py:1087} INFO - Dependencies all met for <TaskInstance: our_dag_with_python_operator_v07.get_name scheduled__2021-10-11T00:00:00+00:00 [queued]>
[2023-06-07T06:30:55.455+0000] {taskinstance.py:1283} INFO - 
--------------------------------------------------------------------------------
[2023-06-07T06:30:55.460+0000] {taskinstance.py:1284} INFO - Starting attempt 1 of 6
[2023-06-07T06:30:55.465+0000] {taskinstance.py:1285} INFO - 
--------------------------------------------------------------------------------
[2023-06-07T06:30:55.734+0000] {taskinstance.py:1304} INFO - Executing <Task(PythonOperator): get_name> on 2021-10-11 00:00:00+00:00
[2023-06-07T06:30:55.803+0000] {standard_task_runner.py:55} INFO - Started process 440 to run task
[2023-06-07T06:30:55.870+0000] {standard_task_runner.py:82} INFO - Running: ['***', 'tasks', 'run', 'our_dag_with_python_operator_v07', 'get_name', 'scheduled__2021-10-11T00:00:00+00:00', '--job-id', '1005', '--raw', '--subdir', 'DAGS_FOLDER/dag_python_opr.py', '--cfg-path', '/tmp/tmph75grf9v']
[2023-06-07T06:30:55.875+0000] {standard_task_runner.py:83} INFO - Job 1005: Subtask get_name
[2023-06-07T06:30:56.527+0000] {task_command.py:389} INFO - Running <TaskInstance: our_dag_with_python_operator_v07.get_name scheduled__2021-10-11T00:00:00+00:00 [running]> on host 026ed797f3b3
[2023-06-07T06:30:57.597+0000] {taskinstance.py:1513} INFO - Exporting the following env vars:
AIRFLOW_CTX_DAG_OWNER=coder2j
AIRFLOW_CTX_DAG_ID=our_dag_with_python_operator_v07
AIRFLOW_CTX_TASK_ID=get_name
AIRFLOW_CTX_EXECUTION_DATE=2021-10-11T00:00:00+00:00
AIRFLOW_CTX_TRY_NUMBER=1
AIRFLOW_CTX_DAG_RUN_ID=scheduled__2021-10-11T00:00:00+00:00
[2023-06-07T06:30:57.734+0000] {python.py:177} INFO - Done. Returned value was: None
[2023-06-07T06:30:57.834+0000] {taskinstance.py:1327} INFO - Marking task as SUCCESS. dag_id=our_dag_with_python_operator_v07, task_id=get_name, execution_date=20211011T000000, start_date=20230607T063055, end_date=20230607T063057
[2023-06-07T06:30:58.352+0000] {local_task_job.py:159} INFO - Task exited with return code 0
[2023-06-07T06:30:58.580+0000] {taskinstance.py:2582} INFO - 1 downstream tasks scheduled from follow-on schedule check
