[2023-05-30T12:31:52.554+0000] {taskinstance.py:1087} INFO - Dependencies all met for <TaskInstance: our_dag_with_python_operator_v07.get_name scheduled__2022-01-18T00:00:00+00:00 [queued]>
[2023-05-30T12:31:52.578+0000] {taskinstance.py:1087} INFO - Dependencies all met for <TaskInstance: our_dag_with_python_operator_v07.get_name scheduled__2022-01-18T00:00:00+00:00 [queued]>
[2023-05-30T12:31:52.582+0000] {taskinstance.py:1283} INFO - 
--------------------------------------------------------------------------------
[2023-05-30T12:31:52.585+0000] {taskinstance.py:1284} INFO - Starting attempt 1 of 6
[2023-05-30T12:31:52.588+0000] {taskinstance.py:1285} INFO - 
--------------------------------------------------------------------------------
[2023-05-30T12:31:52.675+0000] {taskinstance.py:1304} INFO - Executing <Task(PythonOperator): get_name> on 2022-01-18 00:00:00+00:00
[2023-05-30T12:31:52.712+0000] {standard_task_runner.py:55} INFO - Started process 9887 to run task
[2023-05-30T12:31:52.744+0000] {standard_task_runner.py:82} INFO - Running: ['***', 'tasks', 'run', 'our_dag_with_python_operator_v07', 'get_name', 'scheduled__2022-01-18T00:00:00+00:00', '--job-id', '1430', '--raw', '--subdir', 'DAGS_FOLDER/dag_python_opr.py', '--cfg-path', '/tmp/tmprtojmorc']
[2023-05-30T12:31:52.748+0000] {standard_task_runner.py:83} INFO - Job 1430: Subtask get_name
[2023-05-30T12:31:52.922+0000] {task_command.py:389} INFO - Running <TaskInstance: our_dag_with_python_operator_v07.get_name scheduled__2022-01-18T00:00:00+00:00 [running]> on host 49219f98c96e
[2023-05-30T12:31:53.170+0000] {taskinstance.py:1513} INFO - Exporting the following env vars:
AIRFLOW_CTX_DAG_OWNER=coder2j
AIRFLOW_CTX_DAG_ID=our_dag_with_python_operator_v07
AIRFLOW_CTX_TASK_ID=get_name
AIRFLOW_CTX_EXECUTION_DATE=2022-01-18T00:00:00+00:00
AIRFLOW_CTX_TRY_NUMBER=1
AIRFLOW_CTX_DAG_RUN_ID=scheduled__2022-01-18T00:00:00+00:00
[2023-05-30T12:31:53.238+0000] {python.py:177} INFO - Done. Returned value was: None
[2023-05-30T12:31:53.294+0000] {taskinstance.py:1327} INFO - Marking task as SUCCESS. dag_id=our_dag_with_python_operator_v07, task_id=get_name, execution_date=20220118T000000, start_date=20230530T123152, end_date=20230530T123153
[2023-05-30T12:31:53.387+0000] {local_task_job.py:159} INFO - Task exited with return code 0
[2023-05-30T12:31:53.460+0000] {taskinstance.py:2582} INFO - 1 downstream tasks scheduled from follow-on schedule check
[2023-06-07T06:34:18.049+0000] {taskinstance.py:1087} INFO - Dependencies all met for <TaskInstance: our_dag_with_python_operator_v07.get_name scheduled__2022-01-18T00:00:00+00:00 [queued]>
[2023-06-07T06:34:18.129+0000] {taskinstance.py:1087} INFO - Dependencies all met for <TaskInstance: our_dag_with_python_operator_v07.get_name scheduled__2022-01-18T00:00:00+00:00 [queued]>
[2023-06-07T06:34:18.141+0000] {taskinstance.py:1283} INFO - 
--------------------------------------------------------------------------------
[2023-06-07T06:34:18.144+0000] {taskinstance.py:1284} INFO - Starting attempt 1 of 6
[2023-06-07T06:34:18.146+0000] {taskinstance.py:1285} INFO - 
--------------------------------------------------------------------------------
[2023-06-07T06:34:18.305+0000] {taskinstance.py:1304} INFO - Executing <Task(PythonOperator): get_name> on 2022-01-18 00:00:00+00:00
[2023-06-07T06:34:18.349+0000] {standard_task_runner.py:55} INFO - Started process 1939 to run task
[2023-06-07T06:34:18.398+0000] {standard_task_runner.py:82} INFO - Running: ['***', 'tasks', 'run', 'our_dag_with_python_operator_v07', 'get_name', 'scheduled__2022-01-18T00:00:00+00:00', '--job-id', '1559', '--raw', '--subdir', 'DAGS_FOLDER/dag_python_opr.py', '--cfg-path', '/tmp/tmp661v4bk3']
[2023-06-07T06:34:18.408+0000] {standard_task_runner.py:83} INFO - Job 1559: Subtask get_name
[2023-06-07T06:34:18.987+0000] {task_command.py:389} INFO - Running <TaskInstance: our_dag_with_python_operator_v07.get_name scheduled__2022-01-18T00:00:00+00:00 [running]> on host 026ed797f3b3
[2023-06-07T06:34:19.590+0000] {taskinstance.py:1513} INFO - Exporting the following env vars:
AIRFLOW_CTX_DAG_OWNER=coder2j
AIRFLOW_CTX_DAG_ID=our_dag_with_python_operator_v07
AIRFLOW_CTX_TASK_ID=get_name
AIRFLOW_CTX_EXECUTION_DATE=2022-01-18T00:00:00+00:00
AIRFLOW_CTX_TRY_NUMBER=1
AIRFLOW_CTX_DAG_RUN_ID=scheduled__2022-01-18T00:00:00+00:00
[2023-06-07T06:34:19.673+0000] {python.py:177} INFO - Done. Returned value was: None
[2023-06-07T06:34:19.727+0000] {taskinstance.py:1327} INFO - Marking task as SUCCESS. dag_id=our_dag_with_python_operator_v07, task_id=get_name, execution_date=20220118T000000, start_date=20230607T063418, end_date=20230607T063419
[2023-06-07T06:34:19.869+0000] {local_task_job.py:159} INFO - Task exited with return code 0
[2023-06-07T06:34:19.958+0000] {taskinstance.py:2582} INFO - 1 downstream tasks scheduled from follow-on schedule check
