[2023-05-30T11:31:41.032+0000] {taskinstance.py:1087} INFO - Dependencies all met for <TaskInstance: our_first_dag_v5.second_task scheduled__2022-02-21T00:00:00+00:00 [queued]>
[2023-05-30T11:31:41.062+0000] {taskinstance.py:1087} INFO - Dependencies all met for <TaskInstance: our_first_dag_v5.second_task scheduled__2022-02-21T00:00:00+00:00 [queued]>
[2023-05-30T11:31:41.065+0000] {taskinstance.py:1283} INFO - 
--------------------------------------------------------------------------------
[2023-05-30T11:31:41.069+0000] {taskinstance.py:1284} INFO - Starting attempt 1 of 6
[2023-05-30T11:31:41.072+0000] {taskinstance.py:1285} INFO - 
--------------------------------------------------------------------------------
[2023-05-30T11:31:41.122+0000] {taskinstance.py:1304} INFO - Executing <Task(BashOperator): second_task> on 2022-02-21 00:00:00+00:00
[2023-05-30T11:31:41.154+0000] {standard_task_runner.py:55} INFO - Started process 3757 to run task
[2023-05-30T11:31:41.183+0000] {standard_task_runner.py:82} INFO - Running: ['***', 'tasks', 'run', 'our_first_dag_v5', 'second_task', 'scheduled__2022-02-21T00:00:00+00:00', '--job-id', '631', '--raw', '--subdir', 'DAGS_FOLDER/first_Dag.py', '--cfg-path', '/tmp/tmppxeul0ve']
[2023-05-30T11:31:41.188+0000] {standard_task_runner.py:83} INFO - Job 631: Subtask second_task
[2023-05-30T11:31:41.415+0000] {task_command.py:389} INFO - Running <TaskInstance: our_first_dag_v5.second_task scheduled__2022-02-21T00:00:00+00:00 [running]> on host 49219f98c96e
[2023-05-30T11:31:41.642+0000] {taskinstance.py:1513} INFO - Exporting the following env vars:
AIRFLOW_CTX_DAG_OWNER=coder2j
AIRFLOW_CTX_DAG_ID=our_first_dag_v5
AIRFLOW_CTX_TASK_ID=second_task
AIRFLOW_CTX_EXECUTION_DATE=2022-02-21T00:00:00+00:00
AIRFLOW_CTX_TRY_NUMBER=1
AIRFLOW_CTX_DAG_RUN_ID=scheduled__2022-02-21T00:00:00+00:00
[2023-05-30T11:31:41.645+0000] {subprocess.py:63} INFO - Tmp dir root location: 
 /tmp
[2023-05-30T11:31:41.648+0000] {subprocess.py:75} INFO - Running command: ['/bin/bash', '-c', 'echo hey, I am task2 and will be running after task1!']
[2023-05-30T11:31:41.698+0000] {subprocess.py:86} INFO - Output:
[2023-05-30T11:31:41.707+0000] {subprocess.py:93} INFO - hey, I am task2 and will be running after task1!
[2023-05-30T11:31:41.712+0000] {subprocess.py:97} INFO - Command exited with return code 0
[2023-05-30T11:31:41.804+0000] {taskinstance.py:1327} INFO - Marking task as SUCCESS. dag_id=our_first_dag_v5, task_id=second_task, execution_date=20220221T000000, start_date=20230530T113141, end_date=20230530T113141
[2023-05-30T11:31:41.873+0000] {local_task_job.py:159} INFO - Task exited with return code 0
[2023-05-30T11:31:41.955+0000] {taskinstance.py:2582} INFO - 0 downstream tasks scheduled from follow-on schedule check
