[2023-05-30T12:32:54.332+0000] {taskinstance.py:1087} INFO - Dependencies all met for <TaskInstance: our_dag_with_python_operator_v07.greet scheduled__2022-03-09T00:00:00+00:00 [queued]>
[2023-05-30T12:32:54.352+0000] {taskinstance.py:1087} INFO - Dependencies all met for <TaskInstance: our_dag_with_python_operator_v07.greet scheduled__2022-03-09T00:00:00+00:00 [queued]>
[2023-05-30T12:32:54.354+0000] {taskinstance.py:1283} INFO - 
--------------------------------------------------------------------------------
[2023-05-30T12:32:54.356+0000] {taskinstance.py:1284} INFO - Starting attempt 1 of 6
[2023-05-30T12:32:54.358+0000] {taskinstance.py:1285} INFO - 
--------------------------------------------------------------------------------
[2023-05-30T12:32:54.418+0000] {taskinstance.py:1304} INFO - Executing <Task(PythonOperator): greet> on 2022-03-09 00:00:00+00:00
[2023-05-30T12:32:54.449+0000] {standard_task_runner.py:55} INFO - Started process 10264 to run task
[2023-05-30T12:32:54.486+0000] {standard_task_runner.py:82} INFO - Running: ['***', 'tasks', 'run', 'our_dag_with_python_operator_v07', 'greet', 'scheduled__2022-03-09T00:00:00+00:00', '--job-id', '1591', '--raw', '--subdir', 'DAGS_FOLDER/dag_python_opr.py', '--cfg-path', '/tmp/tmphh82ou27']
[2023-05-30T12:32:54.490+0000] {standard_task_runner.py:83} INFO - Job 1591: Subtask greet
[2023-05-30T12:32:54.819+0000] {task_command.py:389} INFO - Running <TaskInstance: our_dag_with_python_operator_v07.greet scheduled__2022-03-09T00:00:00+00:00 [running]> on host 49219f98c96e
[2023-05-30T12:32:55.282+0000] {taskinstance.py:1513} INFO - Exporting the following env vars:
AIRFLOW_CTX_DAG_OWNER=coder2j
AIRFLOW_CTX_DAG_ID=our_dag_with_python_operator_v07
AIRFLOW_CTX_TASK_ID=greet
AIRFLOW_CTX_EXECUTION_DATE=2022-03-09T00:00:00+00:00
AIRFLOW_CTX_TRY_NUMBER=1
AIRFLOW_CTX_DAG_RUN_ID=scheduled__2022-03-09T00:00:00+00:00
[2023-05-30T12:32:55.287+0000] {logging_mixin.py:137} INFO - some dict:  {'a': 1, 'b': 2}
[2023-05-30T12:32:55.400+0000] {logging_mixin.py:137} INFO - Hello World! My name is Jerry Fridman, and I am 19 years old!
[2023-05-30T12:32:55.409+0000] {python.py:177} INFO - Done. Returned value was: None
[2023-05-30T12:32:55.438+0000] {taskinstance.py:1327} INFO - Marking task as SUCCESS. dag_id=our_dag_with_python_operator_v07, task_id=greet, execution_date=20220309T000000, start_date=20230530T123254, end_date=20230530T123255
[2023-05-30T12:32:55.531+0000] {local_task_job.py:159} INFO - Task exited with return code 0
[2023-05-30T12:32:55.591+0000] {taskinstance.py:2582} INFO - 0 downstream tasks scheduled from follow-on schedule check
[2023-06-07T06:37:04.713+0000] {taskinstance.py:1087} INFO - Dependencies all met for <TaskInstance: our_dag_with_python_operator_v07.greet scheduled__2022-03-09T00:00:00+00:00 [queued]>
[2023-06-07T06:37:04.787+0000] {taskinstance.py:1087} INFO - Dependencies all met for <TaskInstance: our_dag_with_python_operator_v07.greet scheduled__2022-03-09T00:00:00+00:00 [queued]>
[2023-06-07T06:37:04.789+0000] {taskinstance.py:1283} INFO - 
--------------------------------------------------------------------------------
[2023-06-07T06:37:04.791+0000] {taskinstance.py:1284} INFO - Starting attempt 1 of 6
[2023-06-07T06:37:04.795+0000] {taskinstance.py:1285} INFO - 
--------------------------------------------------------------------------------
[2023-06-07T06:37:04.926+0000] {taskinstance.py:1304} INFO - Executing <Task(PythonOperator): greet> on 2022-03-09 00:00:00+00:00
[2023-06-07T06:37:04.957+0000] {standard_task_runner.py:55} INFO - Started process 2947 to run task
[2023-06-07T06:37:05.012+0000] {standard_task_runner.py:82} INFO - Running: ['***', 'tasks', 'run', 'our_dag_with_python_operator_v07', 'greet', 'scheduled__2022-03-09T00:00:00+00:00', '--job-id', '1912', '--raw', '--subdir', 'DAGS_FOLDER/dag_python_opr.py', '--cfg-path', '/tmp/tmpsaiqd_au']
[2023-06-07T06:37:05.024+0000] {standard_task_runner.py:83} INFO - Job 1912: Subtask greet
[2023-06-07T06:37:05.570+0000] {task_command.py:389} INFO - Running <TaskInstance: our_dag_with_python_operator_v07.greet scheduled__2022-03-09T00:00:00+00:00 [running]> on host 026ed797f3b3
[2023-06-07T06:37:06.193+0000] {taskinstance.py:1513} INFO - Exporting the following env vars:
AIRFLOW_CTX_DAG_OWNER=coder2j
AIRFLOW_CTX_DAG_ID=our_dag_with_python_operator_v07
AIRFLOW_CTX_TASK_ID=greet
AIRFLOW_CTX_EXECUTION_DATE=2022-03-09T00:00:00+00:00
AIRFLOW_CTX_TRY_NUMBER=1
AIRFLOW_CTX_DAG_RUN_ID=scheduled__2022-03-09T00:00:00+00:00
[2023-06-07T06:37:06.201+0000] {logging_mixin.py:137} INFO - some dict:  {'a': 1, 'b': 2}
[2023-06-07T06:37:06.358+0000] {logging_mixin.py:137} INFO - Hello World! My name is Jerry Fridman, and I am 19 years old!
[2023-06-07T06:37:06.361+0000] {python.py:177} INFO - Done. Returned value was: None
[2023-06-07T06:37:06.406+0000] {taskinstance.py:1327} INFO - Marking task as SUCCESS. dag_id=our_dag_with_python_operator_v07, task_id=greet, execution_date=20220309T000000, start_date=20230607T063704, end_date=20230607T063706
[2023-06-07T06:37:06.598+0000] {local_task_job.py:159} INFO - Task exited with return code 0
[2023-06-07T06:37:06.670+0000] {taskinstance.py:2582} INFO - 0 downstream tasks scheduled from follow-on schedule check
