[2023-05-30T11:30:50.181+0000] {taskinstance.py:1087} INFO - Dependencies all met for <TaskInstance: our_first_dag_v5.first_task scheduled__2022-01-10T00:00:00+00:00 [queued]>
[2023-05-30T11:30:50.209+0000] {taskinstance.py:1087} INFO - Dependencies all met for <TaskInstance: our_first_dag_v5.first_task scheduled__2022-01-10T00:00:00+00:00 [queued]>
[2023-05-30T11:30:50.211+0000] {taskinstance.py:1283} INFO - 
--------------------------------------------------------------------------------
[2023-05-30T11:30:50.214+0000] {taskinstance.py:1284} INFO - Starting attempt 1 of 6
[2023-05-30T11:30:50.218+0000] {taskinstance.py:1285} INFO - 
--------------------------------------------------------------------------------
[2023-05-30T11:30:50.258+0000] {taskinstance.py:1304} INFO - Executing <Task(BashOperator): first_task> on 2022-01-10 00:00:00+00:00
[2023-05-30T11:30:50.268+0000] {standard_task_runner.py:55} INFO - Started process 3313 to run task
[2023-05-30T11:30:50.277+0000] {standard_task_runner.py:82} INFO - Running: ['***', 'tasks', 'run', 'our_first_dag_v5', 'first_task', 'scheduled__2022-01-10T00:00:00+00:00', '--job-id', '498', '--raw', '--subdir', 'DAGS_FOLDER/first_Dag.py', '--cfg-path', '/tmp/tmpyff4mhew']
[2023-05-30T11:30:50.281+0000] {standard_task_runner.py:83} INFO - Job 498: Subtask first_task
[2023-05-30T11:30:50.409+0000] {task_command.py:389} INFO - Running <TaskInstance: our_first_dag_v5.first_task scheduled__2022-01-10T00:00:00+00:00 [running]> on host 49219f98c96e
[2023-05-30T11:30:50.515+0000] {taskinstance.py:1513} INFO - Exporting the following env vars:
AIRFLOW_CTX_DAG_OWNER=coder2j
AIRFLOW_CTX_DAG_ID=our_first_dag_v5
AIRFLOW_CTX_TASK_ID=first_task
AIRFLOW_CTX_EXECUTION_DATE=2022-01-10T00:00:00+00:00
AIRFLOW_CTX_TRY_NUMBER=1
AIRFLOW_CTX_DAG_RUN_ID=scheduled__2022-01-10T00:00:00+00:00
[2023-05-30T11:30:50.518+0000] {subprocess.py:63} INFO - Tmp dir root location: 
 /tmp
[2023-05-30T11:30:50.520+0000] {subprocess.py:75} INFO - Running command: ['/bin/bash', '-c', 'echo hello world, this is the first task!']
[2023-05-30T11:30:50.537+0000] {subprocess.py:86} INFO - Output:
[2023-05-30T11:30:50.540+0000] {subprocess.py:93} INFO - hello world, this is the first task!
[2023-05-30T11:30:50.542+0000] {subprocess.py:97} INFO - Command exited with return code 0
[2023-05-30T11:30:50.593+0000] {taskinstance.py:1327} INFO - Marking task as SUCCESS. dag_id=our_first_dag_v5, task_id=first_task, execution_date=20220110T000000, start_date=20230530T113050, end_date=20230530T113050
[2023-05-30T11:30:50.652+0000] {local_task_job.py:159} INFO - Task exited with return code 0
[2023-05-30T11:30:50.682+0000] {taskinstance.py:2582} INFO - 2 downstream tasks scheduled from follow-on schedule check
[2023-06-07T06:37:39.113+0000] {taskinstance.py:1087} INFO - Dependencies all met for <TaskInstance: our_first_dag_v5.first_task scheduled__2022-01-10T00:00:00+00:00 [queued]>
[2023-06-07T06:37:39.182+0000] {taskinstance.py:1087} INFO - Dependencies all met for <TaskInstance: our_first_dag_v5.first_task scheduled__2022-01-10T00:00:00+00:00 [queued]>
[2023-06-07T06:37:39.187+0000] {taskinstance.py:1283} INFO - 
--------------------------------------------------------------------------------
[2023-06-07T06:37:39.189+0000] {taskinstance.py:1284} INFO - Starting attempt 1 of 6
[2023-06-07T06:37:39.192+0000] {taskinstance.py:1285} INFO - 
--------------------------------------------------------------------------------
[2023-06-07T06:37:39.308+0000] {taskinstance.py:1304} INFO - Executing <Task(BashOperator): first_task> on 2022-01-10 00:00:00+00:00
[2023-06-07T06:37:39.324+0000] {standard_task_runner.py:55} INFO - Started process 3173 to run task
[2023-06-07T06:37:39.380+0000] {standard_task_runner.py:82} INFO - Running: ['***', 'tasks', 'run', 'our_first_dag_v5', 'first_task', 'scheduled__2022-01-10T00:00:00+00:00', '--job-id', '1998', '--raw', '--subdir', 'DAGS_FOLDER/first_Dag.py', '--cfg-path', '/tmp/tmpeegs6wt1']
[2023-06-07T06:37:39.401+0000] {standard_task_runner.py:83} INFO - Job 1998: Subtask first_task
[2023-06-07T06:37:39.976+0000] {task_command.py:389} INFO - Running <TaskInstance: our_first_dag_v5.first_task scheduled__2022-01-10T00:00:00+00:00 [running]> on host 026ed797f3b3
[2023-06-07T06:37:40.356+0000] {taskinstance.py:1513} INFO - Exporting the following env vars:
AIRFLOW_CTX_DAG_OWNER=coder2j
AIRFLOW_CTX_DAG_ID=our_first_dag_v5
AIRFLOW_CTX_TASK_ID=first_task
AIRFLOW_CTX_EXECUTION_DATE=2022-01-10T00:00:00+00:00
AIRFLOW_CTX_TRY_NUMBER=1
AIRFLOW_CTX_DAG_RUN_ID=scheduled__2022-01-10T00:00:00+00:00
[2023-06-07T06:37:40.363+0000] {subprocess.py:63} INFO - Tmp dir root location: 
 /tmp
[2023-06-07T06:37:40.366+0000] {subprocess.py:75} INFO - Running command: ['/bin/bash', '-c', 'echo hello world, this is the first task!']
[2023-06-07T06:37:40.426+0000] {subprocess.py:86} INFO - Output:
[2023-06-07T06:37:40.447+0000] {subprocess.py:93} INFO - hello world, this is the first task!
[2023-06-07T06:37:40.451+0000] {subprocess.py:97} INFO - Command exited with return code 0
[2023-06-07T06:37:40.545+0000] {taskinstance.py:1327} INFO - Marking task as SUCCESS. dag_id=our_first_dag_v5, task_id=first_task, execution_date=20220110T000000, start_date=20230607T063739, end_date=20230607T063740
[2023-06-07T06:37:40.768+0000] {local_task_job.py:159} INFO - Task exited with return code 0
[2023-06-07T06:37:41.288+0000] {taskinstance.py:2582} INFO - 0 downstream tasks scheduled from follow-on schedule check
