[2023-05-30T11:37:28.436+0000] {taskinstance.py:1087} INFO - Dependencies all met for <TaskInstance: our_dag_with_python_operator_v07.get_age scheduled__2021-12-12T00:00:00+00:00 [queued]>
[2023-05-30T11:37:28.487+0000] {taskinstance.py:1087} INFO - Dependencies all met for <TaskInstance: our_dag_with_python_operator_v07.get_age scheduled__2021-12-12T00:00:00+00:00 [queued]>
[2023-05-30T11:37:28.489+0000] {taskinstance.py:1283} INFO - 
--------------------------------------------------------------------------------
[2023-05-30T11:37:28.515+0000] {taskinstance.py:1284} INFO - Starting attempt 1 of 6
[2023-05-30T11:37:28.518+0000] {taskinstance.py:1285} INFO - 
--------------------------------------------------------------------------------
[2023-05-30T11:37:28.597+0000] {taskinstance.py:1304} INFO - Executing <Task(PythonOperator): get_age> on 2021-12-12 00:00:00+00:00
[2023-05-30T11:37:28.633+0000] {standard_task_runner.py:55} INFO - Started process 5945 to run task
[2023-05-30T11:37:28.641+0000] {standard_task_runner.py:82} INFO - Running: ['***', 'tasks', 'run', 'our_dag_with_python_operator_v07', 'get_age', 'scheduled__2021-12-12T00:00:00+00:00', '--job-id', '1312', '--raw', '--subdir', 'DAGS_FOLDER/dag_python_opr.py', '--cfg-path', '/tmp/tmpq17c28ds']
[2023-05-30T11:37:28.644+0000] {standard_task_runner.py:83} INFO - Job 1312: Subtask get_age
[2023-05-30T11:37:28.945+0000] {task_command.py:389} INFO - Running <TaskInstance: our_dag_with_python_operator_v07.get_age scheduled__2021-12-12T00:00:00+00:00 [running]> on host 49219f98c96e
[2023-05-30T11:37:29.297+0000] {taskinstance.py:1513} INFO - Exporting the following env vars:
AIRFLOW_CTX_DAG_OWNER=coder2j
AIRFLOW_CTX_DAG_ID=our_dag_with_python_operator_v07
AIRFLOW_CTX_TASK_ID=get_age
AIRFLOW_CTX_EXECUTION_DATE=2021-12-12T00:00:00+00:00
AIRFLOW_CTX_TRY_NUMBER=1
AIRFLOW_CTX_DAG_RUN_ID=scheduled__2021-12-12T00:00:00+00:00
[2023-05-30T11:37:29.347+0000] {python.py:177} INFO - Done. Returned value was: None
[2023-05-30T11:37:29.375+0000] {taskinstance.py:1327} INFO - Marking task as SUCCESS. dag_id=our_dag_with_python_operator_v07, task_id=get_age, execution_date=20211212T000000, start_date=20230530T113728, end_date=20230530T113729
[2023-05-30T11:37:29.438+0000] {local_task_job.py:159} INFO - Task exited with return code 0
[2023-05-30T11:37:29.502+0000] {taskinstance.py:2582} INFO - 1 downstream tasks scheduled from follow-on schedule check
