[2023-05-30T12:37:44.051+0000] {taskinstance.py:1087} INFO - Dependencies all met for <TaskInstance: our_dag_with_python_operator_v07.greet scheduled__2022-11-27T00:00:00+00:00 [queued]>
[2023-05-30T12:37:44.109+0000] {taskinstance.py:1087} INFO - Dependencies all met for <TaskInstance: our_dag_with_python_operator_v07.greet scheduled__2022-11-27T00:00:00+00:00 [queued]>
[2023-05-30T12:37:44.111+0000] {taskinstance.py:1283} INFO - 
--------------------------------------------------------------------------------
[2023-05-30T12:37:44.112+0000] {taskinstance.py:1284} INFO - Starting attempt 1 of 6
[2023-05-30T12:37:44.114+0000] {taskinstance.py:1285} INFO - 
--------------------------------------------------------------------------------
[2023-05-30T12:37:44.211+0000] {taskinstance.py:1304} INFO - Executing <Task(PythonOperator): greet> on 2022-11-27 00:00:00+00:00
[2023-05-30T12:37:44.238+0000] {standard_task_runner.py:82} INFO - Running: ['***', 'tasks', 'run', 'our_dag_with_python_operator_v07', 'greet', 'scheduled__2022-11-27T00:00:00+00:00', '--job-id', '2380', '--raw', '--subdir', 'DAGS_FOLDER/dag_python_opr.py', '--cfg-path', '/tmp/tmpmrdl0jbq']
[2023-05-30T12:37:44.225+0000] {standard_task_runner.py:55} INFO - Started process 12106 to run task
[2023-05-30T12:37:44.255+0000] {standard_task_runner.py:83} INFO - Job 2380: Subtask greet
[2023-05-30T12:37:44.569+0000] {task_command.py:389} INFO - Running <TaskInstance: our_dag_with_python_operator_v07.greet scheduled__2022-11-27T00:00:00+00:00 [running]> on host 49219f98c96e
[2023-05-30T12:37:44.970+0000] {taskinstance.py:1513} INFO - Exporting the following env vars:
AIRFLOW_CTX_DAG_OWNER=coder2j
AIRFLOW_CTX_DAG_ID=our_dag_with_python_operator_v07
AIRFLOW_CTX_TASK_ID=greet
AIRFLOW_CTX_EXECUTION_DATE=2022-11-27T00:00:00+00:00
AIRFLOW_CTX_TRY_NUMBER=1
AIRFLOW_CTX_DAG_RUN_ID=scheduled__2022-11-27T00:00:00+00:00
[2023-05-30T12:37:44.976+0000] {logging_mixin.py:137} INFO - some dict:  {'a': 1, 'b': 2}
[2023-05-30T12:37:45.104+0000] {logging_mixin.py:137} INFO - Hello World! My name is Jerry Fridman, and I am 19 years old!
[2023-05-30T12:37:45.107+0000] {python.py:177} INFO - Done. Returned value was: None
[2023-05-30T12:37:45.138+0000] {taskinstance.py:1327} INFO - Marking task as SUCCESS. dag_id=our_dag_with_python_operator_v07, task_id=greet, execution_date=20221127T000000, start_date=20230530T123744, end_date=20230530T123745
[2023-05-30T12:37:45.248+0000] {local_task_job.py:159} INFO - Task exited with return code 0
[2023-05-30T12:37:45.311+0000] {taskinstance.py:2582} INFO - 0 downstream tasks scheduled from follow-on schedule check
