[2023-05-30T11:33:59.740+0000] {taskinstance.py:1087} INFO - Dependencies all met for <TaskInstance: our_first_dag_v5.second_task scheduled__2022-07-10T00:00:00+00:00 [queued]>
[2023-05-30T11:33:59.763+0000] {taskinstance.py:1087} INFO - Dependencies all met for <TaskInstance: our_first_dag_v5.second_task scheduled__2022-07-10T00:00:00+00:00 [queued]>
[2023-05-30T11:33:59.767+0000] {taskinstance.py:1283} INFO - 
--------------------------------------------------------------------------------
[2023-05-30T11:33:59.770+0000] {taskinstance.py:1284} INFO - Starting attempt 1 of 6
[2023-05-30T11:33:59.772+0000] {taskinstance.py:1285} INFO - 
--------------------------------------------------------------------------------
[2023-05-30T11:33:59.876+0000] {taskinstance.py:1304} INFO - Executing <Task(BashOperator): second_task> on 2022-07-10 00:00:00+00:00
[2023-05-30T11:33:59.886+0000] {standard_task_runner.py:55} INFO - Started process 5129 to run task
[2023-05-30T11:33:59.903+0000] {standard_task_runner.py:82} INFO - Running: ['***', 'tasks', 'run', 'our_first_dag_v5', 'second_task', 'scheduled__2022-07-10T00:00:00+00:00', '--job-id', '1043', '--raw', '--subdir', 'DAGS_FOLDER/first_Dag.py', '--cfg-path', '/tmp/tmpkot41vfc']
[2023-05-30T11:33:59.905+0000] {standard_task_runner.py:83} INFO - Job 1043: Subtask second_task
[2023-05-30T11:34:00.274+0000] {task_command.py:389} INFO - Running <TaskInstance: our_first_dag_v5.second_task scheduled__2022-07-10T00:00:00+00:00 [running]> on host 49219f98c96e
[2023-05-30T11:34:00.620+0000] {taskinstance.py:1513} INFO - Exporting the following env vars:
AIRFLOW_CTX_DAG_OWNER=coder2j
AIRFLOW_CTX_DAG_ID=our_first_dag_v5
AIRFLOW_CTX_TASK_ID=second_task
AIRFLOW_CTX_EXECUTION_DATE=2022-07-10T00:00:00+00:00
AIRFLOW_CTX_TRY_NUMBER=1
AIRFLOW_CTX_DAG_RUN_ID=scheduled__2022-07-10T00:00:00+00:00
[2023-05-30T11:34:00.625+0000] {subprocess.py:63} INFO - Tmp dir root location: 
 /tmp
[2023-05-30T11:34:00.627+0000] {subprocess.py:75} INFO - Running command: ['/bin/bash', '-c', 'echo hey, I am task2 and will be running after task1!']
[2023-05-30T11:34:00.732+0000] {subprocess.py:86} INFO - Output:
[2023-05-30T11:34:00.739+0000] {subprocess.py:93} INFO - hey, I am task2 and will be running after task1!
[2023-05-30T11:34:00.756+0000] {subprocess.py:97} INFO - Command exited with return code 0
[2023-05-30T11:34:00.855+0000] {taskinstance.py:1327} INFO - Marking task as SUCCESS. dag_id=our_first_dag_v5, task_id=second_task, execution_date=20220710T000000, start_date=20230530T113359, end_date=20230530T113400
[2023-05-30T11:34:01.019+0000] {local_task_job.py:159} INFO - Task exited with return code 0
[2023-05-30T11:34:01.052+0000] {taskinstance.py:2582} INFO - 0 downstream tasks scheduled from follow-on schedule check
