[2023-05-30T11:31:31.814+0000] {taskinstance.py:1087} INFO - Dependencies all met for <TaskInstance: our_first_dag_v5.first_task scheduled__2022-02-16T00:00:00+00:00 [queued]>
[2023-05-30T11:31:31.857+0000] {taskinstance.py:1087} INFO - Dependencies all met for <TaskInstance: our_first_dag_v5.first_task scheduled__2022-02-16T00:00:00+00:00 [queued]>
[2023-05-30T11:31:31.860+0000] {taskinstance.py:1283} INFO - 
--------------------------------------------------------------------------------
[2023-05-30T11:31:31.862+0000] {taskinstance.py:1284} INFO - Starting attempt 1 of 6
[2023-05-30T11:31:31.869+0000] {taskinstance.py:1285} INFO - 
--------------------------------------------------------------------------------
[2023-05-30T11:31:31.908+0000] {taskinstance.py:1304} INFO - Executing <Task(BashOperator): first_task> on 2022-02-16 00:00:00+00:00
[2023-05-30T11:31:31.923+0000] {standard_task_runner.py:55} INFO - Started process 3664 to run task
[2023-05-30T11:31:31.929+0000] {standard_task_runner.py:82} INFO - Running: ['***', 'tasks', 'run', 'our_first_dag_v5', 'first_task', 'scheduled__2022-02-16T00:00:00+00:00', '--job-id', '603', '--raw', '--subdir', 'DAGS_FOLDER/first_Dag.py', '--cfg-path', '/tmp/tmpkxa61obm']
[2023-05-30T11:31:31.940+0000] {standard_task_runner.py:83} INFO - Job 603: Subtask first_task
[2023-05-30T11:31:32.375+0000] {task_command.py:389} INFO - Running <TaskInstance: our_first_dag_v5.first_task scheduled__2022-02-16T00:00:00+00:00 [running]> on host 49219f98c96e
[2023-05-30T11:31:32.626+0000] {taskinstance.py:1513} INFO - Exporting the following env vars:
AIRFLOW_CTX_DAG_OWNER=coder2j
AIRFLOW_CTX_DAG_ID=our_first_dag_v5
AIRFLOW_CTX_TASK_ID=first_task
AIRFLOW_CTX_EXECUTION_DATE=2022-02-16T00:00:00+00:00
AIRFLOW_CTX_TRY_NUMBER=1
AIRFLOW_CTX_DAG_RUN_ID=scheduled__2022-02-16T00:00:00+00:00
[2023-05-30T11:31:32.629+0000] {subprocess.py:63} INFO - Tmp dir root location: 
 /tmp
[2023-05-30T11:31:32.631+0000] {subprocess.py:75} INFO - Running command: ['/bin/bash', '-c', 'echo hello world, this is the first task!']
[2023-05-30T11:31:32.695+0000] {subprocess.py:86} INFO - Output:
[2023-05-30T11:31:32.710+0000] {subprocess.py:93} INFO - hello world, this is the first task!
[2023-05-30T11:31:32.713+0000] {subprocess.py:97} INFO - Command exited with return code 0
[2023-05-30T11:31:32.822+0000] {taskinstance.py:1327} INFO - Marking task as SUCCESS. dag_id=our_first_dag_v5, task_id=first_task, execution_date=20220216T000000, start_date=20230530T113131, end_date=20230530T113132
[2023-05-30T11:31:32.914+0000] {local_task_job.py:159} INFO - Task exited with return code 0
[2023-05-30T11:31:33.017+0000] {taskinstance.py:2582} INFO - 2 downstream tasks scheduled from follow-on schedule check
