[2023-05-30T11:37:22.666+0000] {taskinstance.py:1087} INFO - Dependencies all met for <TaskInstance: our_dag_with_python_operator_v07.get_name scheduled__2021-12-04T00:00:00+00:00 [queued]>
[2023-05-30T11:37:22.690+0000] {taskinstance.py:1087} INFO - Dependencies all met for <TaskInstance: our_dag_with_python_operator_v07.get_name scheduled__2021-12-04T00:00:00+00:00 [queued]>
[2023-05-30T11:37:22.692+0000] {taskinstance.py:1283} INFO - 
--------------------------------------------------------------------------------
[2023-05-30T11:37:22.695+0000] {taskinstance.py:1284} INFO - Starting attempt 1 of 6
[2023-05-30T11:37:22.697+0000] {taskinstance.py:1285} INFO - 
--------------------------------------------------------------------------------
[2023-05-30T11:37:22.766+0000] {taskinstance.py:1304} INFO - Executing <Task(PythonOperator): get_name> on 2021-12-04 00:00:00+00:00
[2023-05-30T11:37:22.779+0000] {standard_task_runner.py:55} INFO - Started process 5906 to run task
[2023-05-30T11:37:22.797+0000] {standard_task_runner.py:82} INFO - Running: ['***', 'tasks', 'run', 'our_dag_with_python_operator_v07', 'get_name', 'scheduled__2021-12-04T00:00:00+00:00', '--job-id', '1292', '--raw', '--subdir', 'DAGS_FOLDER/dag_python_opr.py', '--cfg-path', '/tmp/tmp46bzmse7']
[2023-05-30T11:37:22.804+0000] {standard_task_runner.py:83} INFO - Job 1292: Subtask get_name
[2023-05-30T11:37:23.071+0000] {task_command.py:389} INFO - Running <TaskInstance: our_dag_with_python_operator_v07.get_name scheduled__2021-12-04T00:00:00+00:00 [running]> on host 49219f98c96e
[2023-05-30T11:37:23.260+0000] {taskinstance.py:1513} INFO - Exporting the following env vars:
AIRFLOW_CTX_DAG_OWNER=coder2j
AIRFLOW_CTX_DAG_ID=our_dag_with_python_operator_v07
AIRFLOW_CTX_TASK_ID=get_name
AIRFLOW_CTX_EXECUTION_DATE=2021-12-04T00:00:00+00:00
AIRFLOW_CTX_TRY_NUMBER=1
AIRFLOW_CTX_DAG_RUN_ID=scheduled__2021-12-04T00:00:00+00:00
[2023-05-30T11:37:23.326+0000] {python.py:177} INFO - Done. Returned value was: None
[2023-05-30T11:37:23.351+0000] {taskinstance.py:1327} INFO - Marking task as SUCCESS. dag_id=our_dag_with_python_operator_v07, task_id=get_name, execution_date=20211204T000000, start_date=20230530T113722, end_date=20230530T113723
[2023-05-30T11:37:23.431+0000] {local_task_job.py:159} INFO - Task exited with return code 0
[2023-05-30T11:37:23.532+0000] {taskinstance.py:2582} INFO - 1 downstream tasks scheduled from follow-on schedule check
[2023-06-07T06:32:51.592+0000] {taskinstance.py:1087} INFO - Dependencies all met for <TaskInstance: our_dag_with_python_operator_v07.get_name scheduled__2021-12-04T00:00:00+00:00 [queued]>
[2023-06-07T06:32:51.674+0000] {taskinstance.py:1087} INFO - Dependencies all met for <TaskInstance: our_dag_with_python_operator_v07.get_name scheduled__2021-12-04T00:00:00+00:00 [queued]>
[2023-06-07T06:32:51.676+0000] {taskinstance.py:1283} INFO - 
--------------------------------------------------------------------------------
[2023-06-07T06:32:51.679+0000] {taskinstance.py:1284} INFO - Starting attempt 1 of 6
[2023-06-07T06:32:51.681+0000] {taskinstance.py:1285} INFO - 
--------------------------------------------------------------------------------
[2023-06-07T06:32:51.824+0000] {taskinstance.py:1304} INFO - Executing <Task(PythonOperator): get_name> on 2021-12-04 00:00:00+00:00
[2023-06-07T06:32:51.863+0000] {standard_task_runner.py:55} INFO - Started process 1303 to run task
[2023-06-07T06:32:51.908+0000] {standard_task_runner.py:82} INFO - Running: ['***', 'tasks', 'run', 'our_dag_with_python_operator_v07', 'get_name', 'scheduled__2021-12-04T00:00:00+00:00', '--job-id', '1320', '--raw', '--subdir', 'DAGS_FOLDER/dag_python_opr.py', '--cfg-path', '/tmp/tmp7z7woywv']
[2023-06-07T06:32:51.914+0000] {standard_task_runner.py:83} INFO - Job 1320: Subtask get_name
[2023-06-07T06:32:52.386+0000] {task_command.py:389} INFO - Running <TaskInstance: our_dag_with_python_operator_v07.get_name scheduled__2021-12-04T00:00:00+00:00 [running]> on host 026ed797f3b3
[2023-06-07T06:32:53.190+0000] {taskinstance.py:1513} INFO - Exporting the following env vars:
AIRFLOW_CTX_DAG_OWNER=coder2j
AIRFLOW_CTX_DAG_ID=our_dag_with_python_operator_v07
AIRFLOW_CTX_TASK_ID=get_name
AIRFLOW_CTX_EXECUTION_DATE=2021-12-04T00:00:00+00:00
AIRFLOW_CTX_TRY_NUMBER=1
AIRFLOW_CTX_DAG_RUN_ID=scheduled__2021-12-04T00:00:00+00:00
[2023-06-07T06:32:53.286+0000] {python.py:177} INFO - Done. Returned value was: None
[2023-06-07T06:32:53.315+0000] {taskinstance.py:1327} INFO - Marking task as SUCCESS. dag_id=our_dag_with_python_operator_v07, task_id=get_name, execution_date=20211204T000000, start_date=20230607T063251, end_date=20230607T063253
[2023-06-07T06:32:53.407+0000] {local_task_job.py:159} INFO - Task exited with return code 0
[2023-06-07T06:32:53.797+0000] {taskinstance.py:2582} INFO - 0 downstream tasks scheduled from follow-on schedule check
