[2023-06-01T11:41:45.982+0000] {taskinstance.py:1087} INFO - Dependencies all met for <TaskInstance: dag_with_postgres_operator_v03.delete_data_from_table manual__2023-06-01T11:35:43.326175+00:00 [queued]>
[2023-06-01T11:41:45.995+0000] {taskinstance.py:1087} INFO - Dependencies all met for <TaskInstance: dag_with_postgres_operator_v03.delete_data_from_table manual__2023-06-01T11:35:43.326175+00:00 [queued]>
[2023-06-01T11:41:45.996+0000] {taskinstance.py:1283} INFO - 
--------------------------------------------------------------------------------
[2023-06-01T11:41:45.998+0000] {taskinstance.py:1284} INFO - Starting attempt 1 of 6
[2023-06-01T11:41:45.999+0000] {taskinstance.py:1285} INFO - 
--------------------------------------------------------------------------------
[2023-06-01T11:41:46.015+0000] {taskinstance.py:1304} INFO - Executing <Task(PostgresOperator): delete_data_from_table> on 2023-06-01 11:35:43.326175+00:00
[2023-06-01T11:41:46.021+0000] {standard_task_runner.py:55} INFO - Started process 3749 to run task
[2023-06-01T11:41:46.026+0000] {standard_task_runner.py:82} INFO - Running: ['***', 'tasks', 'run', 'dag_with_postgres_operator_v03', 'delete_data_from_table', 'manual__2023-06-01T11:35:43.326175+00:00', '--job-id', '946', '--raw', '--subdir', 'DAGS_FOLDER/postgres.py', '--cfg-path', '/tmp/tmpgxgj3963']
[2023-06-01T11:41:46.028+0000] {standard_task_runner.py:83} INFO - Job 946: Subtask delete_data_from_table
[2023-06-01T11:41:46.113+0000] {task_command.py:389} INFO - Running <TaskInstance: dag_with_postgres_operator_v03.delete_data_from_table manual__2023-06-01T11:35:43.326175+00:00 [running]> on host 687ba427e841
[2023-06-01T11:41:46.198+0000] {taskinstance.py:1513} INFO - Exporting the following env vars:
AIRFLOW_CTX_DAG_OWNER=coder2j
AIRFLOW_CTX_DAG_ID=dag_with_postgres_operator_v03
AIRFLOW_CTX_TASK_ID=delete_data_from_table
AIRFLOW_CTX_EXECUTION_DATE=2023-06-01T11:35:43.326175+00:00
AIRFLOW_CTX_TRY_NUMBER=1
AIRFLOW_CTX_DAG_RUN_ID=manual__2023-06-01T11:35:43.326175+00:00
[2023-06-01T11:41:46.200+0000] {sql.py:253} INFO - Executing: 
            delete from dag_runs where dt = '2023-06-01' and dag_id = 'dag_with_postgres_operator_v03';
        
[2023-06-01T11:41:46.211+0000] {base.py:73} INFO - Using connection ID 'postgres_localhost' for task execution.
[2023-06-01T11:41:46.448+0000] {base.py:73} INFO - Using connection ID 'postgres_localhost' for task execution.
[2023-06-01T11:41:46.463+0000] {sql.py:364} INFO - Running statement: 
            delete from dag_runs where dt = '2023-06-01' and dag_id = 'dag_with_postgres_operator_v03';
        , parameters: None
[2023-06-01T11:41:46.471+0000] {sql.py:373} INFO - Rows affected: 0
[2023-06-01T11:41:46.485+0000] {taskinstance.py:1327} INFO - Marking task as SUCCESS. dag_id=dag_with_postgres_operator_v03, task_id=delete_data_from_table, execution_date=20230601T113543, start_date=20230601T114145, end_date=20230601T114146
[2023-06-01T11:41:46.521+0000] {local_task_job.py:159} INFO - Task exited with return code 0
[2023-06-01T11:41:46.556+0000] {taskinstance.py:2582} INFO - 0 downstream tasks scheduled from follow-on schedule check
