[2023-05-30T11:29:18.090+0000] {taskinstance.py:1087} INFO - Dependencies all met for <TaskInstance: our_first_dag_v5.second_task scheduled__2021-10-16T00:00:00+00:00 [queued]>
[2023-05-30T11:29:18.138+0000] {taskinstance.py:1087} INFO - Dependencies all met for <TaskInstance: our_first_dag_v5.second_task scheduled__2021-10-16T00:00:00+00:00 [queued]>
[2023-05-30T11:29:18.144+0000] {taskinstance.py:1283} INFO - 
--------------------------------------------------------------------------------
[2023-05-30T11:29:18.145+0000] {taskinstance.py:1284} INFO - Starting attempt 1 of 6
[2023-05-30T11:29:18.146+0000] {taskinstance.py:1285} INFO - 
--------------------------------------------------------------------------------
[2023-05-30T11:29:18.179+0000] {taskinstance.py:1304} INFO - Executing <Task(BashOperator): second_task> on 2021-10-16 00:00:00+00:00
[2023-05-30T11:29:18.188+0000] {standard_task_runner.py:55} INFO - Started process 2462 to run task
[2023-05-30T11:29:18.199+0000] {standard_task_runner.py:82} INFO - Running: ['***', 'tasks', 'run', 'our_first_dag_v5', 'second_task', 'scheduled__2021-10-16T00:00:00+00:00', '--job-id', '245', '--raw', '--subdir', 'DAGS_FOLDER/first_Dag.py', '--cfg-path', '/tmp/tmpq8t7gyol']
[2023-05-30T11:29:18.201+0000] {standard_task_runner.py:83} INFO - Job 245: Subtask second_task
[2023-05-30T11:29:18.458+0000] {task_command.py:389} INFO - Running <TaskInstance: our_first_dag_v5.second_task scheduled__2021-10-16T00:00:00+00:00 [running]> on host 49219f98c96e
[2023-05-30T11:29:18.759+0000] {taskinstance.py:1513} INFO - Exporting the following env vars:
AIRFLOW_CTX_DAG_OWNER=coder2j
AIRFLOW_CTX_DAG_ID=our_first_dag_v5
AIRFLOW_CTX_TASK_ID=second_task
AIRFLOW_CTX_EXECUTION_DATE=2021-10-16T00:00:00+00:00
AIRFLOW_CTX_TRY_NUMBER=1
AIRFLOW_CTX_DAG_RUN_ID=scheduled__2021-10-16T00:00:00+00:00
[2023-05-30T11:29:18.764+0000] {subprocess.py:63} INFO - Tmp dir root location: 
 /tmp
[2023-05-30T11:29:18.768+0000] {subprocess.py:75} INFO - Running command: ['/bin/bash', '-c', 'echo hey, I am task2 and will be running after task1!']
[2023-05-30T11:29:18.809+0000] {subprocess.py:86} INFO - Output:
[2023-05-30T11:29:18.816+0000] {subprocess.py:93} INFO - hey, I am task2 and will be running after task1!
[2023-05-30T11:29:18.818+0000] {subprocess.py:97} INFO - Command exited with return code 0
[2023-05-30T11:29:18.936+0000] {taskinstance.py:1327} INFO - Marking task as SUCCESS. dag_id=our_first_dag_v5, task_id=second_task, execution_date=20211016T000000, start_date=20230530T112918, end_date=20230530T112918
[2023-05-30T11:29:18.987+0000] {local_task_job.py:159} INFO - Task exited with return code 0
[2023-05-30T11:29:19.015+0000] {taskinstance.py:2582} INFO - 0 downstream tasks scheduled from follow-on schedule check
[2023-06-07T06:33:52.430+0000] {taskinstance.py:1087} INFO - Dependencies all met for <TaskInstance: our_first_dag_v5.second_task scheduled__2021-10-16T00:00:00+00:00 [queued]>
[2023-06-07T06:33:52.464+0000] {taskinstance.py:1087} INFO - Dependencies all met for <TaskInstance: our_first_dag_v5.second_task scheduled__2021-10-16T00:00:00+00:00 [queued]>
[2023-06-07T06:33:52.466+0000] {taskinstance.py:1283} INFO - 
--------------------------------------------------------------------------------
[2023-06-07T06:33:52.468+0000] {taskinstance.py:1284} INFO - Starting attempt 1 of 6
[2023-06-07T06:33:52.470+0000] {taskinstance.py:1285} INFO - 
--------------------------------------------------------------------------------
[2023-06-07T06:33:52.603+0000] {taskinstance.py:1304} INFO - Executing <Task(BashOperator): second_task> on 2021-10-16 00:00:00+00:00
[2023-06-07T06:33:52.625+0000] {standard_task_runner.py:55} INFO - Started process 1758 to run task
[2023-06-07T06:33:52.676+0000] {standard_task_runner.py:82} INFO - Running: ['***', 'tasks', 'run', 'our_first_dag_v5', 'second_task', 'scheduled__2021-10-16T00:00:00+00:00', '--job-id', '1494', '--raw', '--subdir', 'DAGS_FOLDER/first_Dag.py', '--cfg-path', '/tmp/tmpcgcl_28e']
[2023-06-07T06:33:52.684+0000] {standard_task_runner.py:83} INFO - Job 1494: Subtask second_task
[2023-06-07T06:33:53.294+0000] {task_command.py:389} INFO - Running <TaskInstance: our_first_dag_v5.second_task scheduled__2021-10-16T00:00:00+00:00 [running]> on host 026ed797f3b3
[2023-06-07T06:33:53.865+0000] {taskinstance.py:1513} INFO - Exporting the following env vars:
AIRFLOW_CTX_DAG_OWNER=coder2j
AIRFLOW_CTX_DAG_ID=our_first_dag_v5
AIRFLOW_CTX_TASK_ID=second_task
AIRFLOW_CTX_EXECUTION_DATE=2021-10-16T00:00:00+00:00
AIRFLOW_CTX_TRY_NUMBER=1
AIRFLOW_CTX_DAG_RUN_ID=scheduled__2021-10-16T00:00:00+00:00
[2023-06-07T06:33:53.883+0000] {subprocess.py:63} INFO - Tmp dir root location: 
 /tmp
[2023-06-07T06:33:53.888+0000] {subprocess.py:75} INFO - Running command: ['/bin/bash', '-c', 'echo hey, I am task2 and will be running after task1!']
[2023-06-07T06:33:54.146+0000] {subprocess.py:86} INFO - Output:
[2023-06-07T06:33:54.176+0000] {subprocess.py:93} INFO - hey, I am task2 and will be running after task1!
[2023-06-07T06:33:54.193+0000] {subprocess.py:97} INFO - Command exited with return code 0
[2023-06-07T06:33:54.319+0000] {taskinstance.py:1327} INFO - Marking task as SUCCESS. dag_id=our_first_dag_v5, task_id=second_task, execution_date=20211016T000000, start_date=20230607T063352, end_date=20230607T063354
[2023-06-07T06:33:54.488+0000] {local_task_job.py:159} INFO - Task exited with return code 0
[2023-06-07T06:33:54.576+0000] {taskinstance.py:2582} INFO - 0 downstream tasks scheduled from follow-on schedule check
