[2023-06-01T13:09:09.619+0000] {processor.py:153} INFO - Started process (PID=798) to work on /opt/airflow/dags/tocheckStime.py
[2023-06-01T13:09:09.621+0000] {processor.py:743} INFO - Processing file /opt/airflow/dags/tocheckStime.py for tasks to queue
[2023-06-01T13:09:09.623+0000] {logging_mixin.py:137} INFO - [2023-06-01T13:09:09.623+0000] {dagbag.py:538} INFO - Filling up the DagBag from /opt/airflow/dags/tocheckStime.py
[2023-06-01T13:09:09.662+0000] {processor.py:753} INFO - DAG(s) dict_keys(['check_all_dags_run']) retrieved from /opt/airflow/dags/tocheckStime.py
[2023-06-01T13:09:09.780+0000] {logging_mixin.py:137} INFO - [2023-06-01T13:09:09.780+0000] {dag.py:2676} INFO - Sync 1 DAGs
[2023-06-01T13:09:09.848+0000] {logging_mixin.py:137} INFO - [2023-06-01T13:09:09.847+0000] {dag.py:3427} INFO - Setting next_dagrun for check_all_dags_run to 2023-06-01T00:00:00+00:00, run_after=2023-06-02T00:00:00+00:00
[2023-06-01T13:09:09.881+0000] {processor.py:175} INFO - Processing /opt/airflow/dags/tocheckStime.py took 0.266 seconds
[2023-06-01T13:09:40.415+0000] {processor.py:153} INFO - Started process (PID=832) to work on /opt/airflow/dags/tocheckStime.py
[2023-06-01T13:09:40.418+0000] {processor.py:743} INFO - Processing file /opt/airflow/dags/tocheckStime.py for tasks to queue
[2023-06-01T13:09:40.419+0000] {logging_mixin.py:137} INFO - [2023-06-01T13:09:40.419+0000] {dagbag.py:538} INFO - Filling up the DagBag from /opt/airflow/dags/tocheckStime.py
[2023-06-01T13:09:40.446+0000] {processor.py:753} INFO - DAG(s) dict_keys(['check_all_dags_run']) retrieved from /opt/airflow/dags/tocheckStime.py
[2023-06-01T13:09:40.493+0000] {logging_mixin.py:137} INFO - [2023-06-01T13:09:40.493+0000] {dag.py:2676} INFO - Sync 1 DAGs
[2023-06-01T13:09:40.529+0000] {logging_mixin.py:137} INFO - [2023-06-01T13:09:40.529+0000] {dag.py:3427} INFO - Setting next_dagrun for check_all_dags_run to 2023-06-01T00:00:00+00:00, run_after=2023-06-02T00:00:00+00:00
[2023-06-01T13:09:40.554+0000] {processor.py:175} INFO - Processing /opt/airflow/dags/tocheckStime.py took 0.141 seconds
[2023-06-01T13:10:10.956+0000] {processor.py:153} INFO - Started process (PID=880) to work on /opt/airflow/dags/tocheckStime.py
[2023-06-01T13:10:10.960+0000] {processor.py:743} INFO - Processing file /opt/airflow/dags/tocheckStime.py for tasks to queue
[2023-06-01T13:10:10.963+0000] {logging_mixin.py:137} INFO - [2023-06-01T13:10:10.962+0000] {dagbag.py:538} INFO - Filling up the DagBag from /opt/airflow/dags/tocheckStime.py
[2023-06-01T13:10:10.999+0000] {processor.py:753} INFO - DAG(s) dict_keys(['check_all_dags_run']) retrieved from /opt/airflow/dags/tocheckStime.py
[2023-06-01T13:10:11.129+0000] {logging_mixin.py:137} INFO - [2023-06-01T13:10:11.129+0000] {dag.py:2676} INFO - Sync 1 DAGs
[2023-06-01T13:10:11.169+0000] {logging_mixin.py:137} INFO - [2023-06-01T13:10:11.169+0000] {dag.py:3427} INFO - Setting next_dagrun for check_all_dags_run to 2023-06-01T00:00:00+00:00, run_after=2023-06-02T00:00:00+00:00
[2023-06-01T13:10:11.200+0000] {processor.py:175} INFO - Processing /opt/airflow/dags/tocheckStime.py took 0.250 seconds
[2023-06-01T13:10:41.689+0000] {processor.py:153} INFO - Started process (PID=914) to work on /opt/airflow/dags/tocheckStime.py
[2023-06-01T13:10:41.691+0000] {processor.py:743} INFO - Processing file /opt/airflow/dags/tocheckStime.py for tasks to queue
[2023-06-01T13:10:41.693+0000] {logging_mixin.py:137} INFO - [2023-06-01T13:10:41.693+0000] {dagbag.py:538} INFO - Filling up the DagBag from /opt/airflow/dags/tocheckStime.py
[2023-06-01T13:10:41.720+0000] {processor.py:753} INFO - DAG(s) dict_keys(['check_all_dags_run']) retrieved from /opt/airflow/dags/tocheckStime.py
[2023-06-01T13:10:41.775+0000] {logging_mixin.py:137} INFO - [2023-06-01T13:10:41.775+0000] {dag.py:2676} INFO - Sync 1 DAGs
[2023-06-01T13:10:41.841+0000] {logging_mixin.py:137} INFO - [2023-06-01T13:10:41.841+0000] {dag.py:3427} INFO - Setting next_dagrun for check_all_dags_run to 2023-06-01T00:00:00+00:00, run_after=2023-06-02T00:00:00+00:00
[2023-06-01T13:10:41.874+0000] {processor.py:175} INFO - Processing /opt/airflow/dags/tocheckStime.py took 0.188 seconds
[2023-06-01T13:11:12.330+0000] {processor.py:153} INFO - Started process (PID=962) to work on /opt/airflow/dags/tocheckStime.py
[2023-06-01T13:11:12.333+0000] {processor.py:743} INFO - Processing file /opt/airflow/dags/tocheckStime.py for tasks to queue
[2023-06-01T13:11:12.336+0000] {logging_mixin.py:137} INFO - [2023-06-01T13:11:12.336+0000] {dagbag.py:538} INFO - Filling up the DagBag from /opt/airflow/dags/tocheckStime.py
[2023-06-01T13:11:12.370+0000] {processor.py:753} INFO - DAG(s) dict_keys(['check_all_dags_run']) retrieved from /opt/airflow/dags/tocheckStime.py
[2023-06-01T13:11:12.498+0000] {logging_mixin.py:137} INFO - [2023-06-01T13:11:12.498+0000] {dag.py:2676} INFO - Sync 1 DAGs
[2023-06-01T13:11:12.545+0000] {logging_mixin.py:137} INFO - [2023-06-01T13:11:12.545+0000] {dag.py:3427} INFO - Setting next_dagrun for check_all_dags_run to 2023-06-01T00:00:00+00:00, run_after=2023-06-02T00:00:00+00:00
[2023-06-01T13:11:12.581+0000] {processor.py:175} INFO - Processing /opt/airflow/dags/tocheckStime.py took 0.256 seconds
[2023-06-01T13:11:43.140+0000] {processor.py:153} INFO - Started process (PID=996) to work on /opt/airflow/dags/tocheckStime.py
[2023-06-01T13:11:43.142+0000] {processor.py:743} INFO - Processing file /opt/airflow/dags/tocheckStime.py for tasks to queue
[2023-06-01T13:11:43.144+0000] {logging_mixin.py:137} INFO - [2023-06-01T13:11:43.144+0000] {dagbag.py:538} INFO - Filling up the DagBag from /opt/airflow/dags/tocheckStime.py
[2023-06-01T13:11:43.172+0000] {processor.py:753} INFO - DAG(s) dict_keys(['check_all_dags_run']) retrieved from /opt/airflow/dags/tocheckStime.py
[2023-06-01T13:11:43.218+0000] {logging_mixin.py:137} INFO - [2023-06-01T13:11:43.217+0000] {dag.py:2676} INFO - Sync 1 DAGs
[2023-06-01T13:11:43.254+0000] {logging_mixin.py:137} INFO - [2023-06-01T13:11:43.253+0000] {dag.py:3427} INFO - Setting next_dagrun for check_all_dags_run to 2023-06-01T00:00:00+00:00, run_after=2023-06-02T00:00:00+00:00
[2023-06-01T13:11:43.278+0000] {processor.py:175} INFO - Processing /opt/airflow/dags/tocheckStime.py took 0.144 seconds
[2023-06-01T13:12:13.827+0000] {processor.py:153} INFO - Started process (PID=1044) to work on /opt/airflow/dags/tocheckStime.py
[2023-06-01T13:12:13.841+0000] {processor.py:743} INFO - Processing file /opt/airflow/dags/tocheckStime.py for tasks to queue
[2023-06-01T13:12:13.843+0000] {logging_mixin.py:137} INFO - [2023-06-01T13:12:13.843+0000] {dagbag.py:538} INFO - Filling up the DagBag from /opt/airflow/dags/tocheckStime.py
[2023-06-01T13:12:13.870+0000] {processor.py:753} INFO - DAG(s) dict_keys(['check_all_dags_run']) retrieved from /opt/airflow/dags/tocheckStime.py
[2023-06-01T13:12:13.962+0000] {logging_mixin.py:137} INFO - [2023-06-01T13:12:13.962+0000] {dag.py:2676} INFO - Sync 1 DAGs
[2023-06-01T13:12:13.992+0000] {logging_mixin.py:137} INFO - [2023-06-01T13:12:13.992+0000] {dag.py:3427} INFO - Setting next_dagrun for check_all_dags_run to 2023-06-01T00:00:00+00:00, run_after=2023-06-02T00:00:00+00:00
[2023-06-01T13:12:14.020+0000] {processor.py:175} INFO - Processing /opt/airflow/dags/tocheckStime.py took 0.196 seconds
[2023-06-01T13:12:44.404+0000] {processor.py:153} INFO - Started process (PID=1082) to work on /opt/airflow/dags/tocheckStime.py
[2023-06-01T13:12:44.408+0000] {processor.py:743} INFO - Processing file /opt/airflow/dags/tocheckStime.py for tasks to queue
[2023-06-01T13:12:44.410+0000] {logging_mixin.py:137} INFO - [2023-06-01T13:12:44.410+0000] {dagbag.py:538} INFO - Filling up the DagBag from /opt/airflow/dags/tocheckStime.py
[2023-06-01T13:12:44.439+0000] {processor.py:753} INFO - DAG(s) dict_keys(['check_all_dags_run']) retrieved from /opt/airflow/dags/tocheckStime.py
[2023-06-01T13:12:44.487+0000] {logging_mixin.py:137} INFO - [2023-06-01T13:12:44.487+0000] {dag.py:2676} INFO - Sync 1 DAGs
[2023-06-01T13:12:44.520+0000] {logging_mixin.py:137} INFO - [2023-06-01T13:12:44.520+0000] {dag.py:3427} INFO - Setting next_dagrun for check_all_dags_run to 2023-06-01T00:00:00+00:00, run_after=2023-06-02T00:00:00+00:00
[2023-06-01T13:12:44.543+0000] {processor.py:175} INFO - Processing /opt/airflow/dags/tocheckStime.py took 0.144 seconds
[2023-06-01T13:13:15.093+0000] {processor.py:153} INFO - Started process (PID=1126) to work on /opt/airflow/dags/tocheckStime.py
[2023-06-01T13:13:15.096+0000] {processor.py:743} INFO - Processing file /opt/airflow/dags/tocheckStime.py for tasks to queue
[2023-06-01T13:13:15.098+0000] {logging_mixin.py:137} INFO - [2023-06-01T13:13:15.098+0000] {dagbag.py:538} INFO - Filling up the DagBag from /opt/airflow/dags/tocheckStime.py
[2023-06-01T13:13:15.126+0000] {processor.py:753} INFO - DAG(s) dict_keys(['check_all_dags_run']) retrieved from /opt/airflow/dags/tocheckStime.py
[2023-06-01T13:13:15.240+0000] {logging_mixin.py:137} INFO - [2023-06-01T13:13:15.240+0000] {dag.py:2676} INFO - Sync 1 DAGs
[2023-06-01T13:13:15.278+0000] {logging_mixin.py:137} INFO - [2023-06-01T13:13:15.278+0000] {dag.py:3427} INFO - Setting next_dagrun for check_all_dags_run to 2023-06-01T00:00:00+00:00, run_after=2023-06-02T00:00:00+00:00
[2023-06-01T13:13:15.307+0000] {processor.py:175} INFO - Processing /opt/airflow/dags/tocheckStime.py took 0.218 seconds
[2023-06-01T13:13:45.676+0000] {processor.py:153} INFO - Started process (PID=1165) to work on /opt/airflow/dags/tocheckStime.py
[2023-06-01T13:13:45.678+0000] {processor.py:743} INFO - Processing file /opt/airflow/dags/tocheckStime.py for tasks to queue
[2023-06-01T13:13:45.680+0000] {logging_mixin.py:137} INFO - [2023-06-01T13:13:45.680+0000] {dagbag.py:538} INFO - Filling up the DagBag from /opt/airflow/dags/tocheckStime.py
[2023-06-01T13:13:45.710+0000] {processor.py:753} INFO - DAG(s) dict_keys(['check_all_dags_run']) retrieved from /opt/airflow/dags/tocheckStime.py
[2023-06-01T13:13:45.757+0000] {logging_mixin.py:137} INFO - [2023-06-01T13:13:45.757+0000] {dag.py:2676} INFO - Sync 1 DAGs
[2023-06-01T13:13:45.789+0000] {logging_mixin.py:137} INFO - [2023-06-01T13:13:45.789+0000] {dag.py:3427} INFO - Setting next_dagrun for check_all_dags_run to 2023-06-01T00:00:00+00:00, run_after=2023-06-02T00:00:00+00:00
[2023-06-01T13:13:45.809+0000] {processor.py:175} INFO - Processing /opt/airflow/dags/tocheckStime.py took 0.137 seconds
[2023-06-01T13:14:16.283+0000] {processor.py:153} INFO - Started process (PID=1199) to work on /opt/airflow/dags/tocheckStime.py
[2023-06-01T13:14:16.286+0000] {processor.py:743} INFO - Processing file /opt/airflow/dags/tocheckStime.py for tasks to queue
[2023-06-01T13:14:16.287+0000] {logging_mixin.py:137} INFO - [2023-06-01T13:14:16.287+0000] {dagbag.py:538} INFO - Filling up the DagBag from /opt/airflow/dags/tocheckStime.py
[2023-06-01T13:14:16.312+0000] {processor.py:753} INFO - DAG(s) dict_keys(['check_all_dags_run']) retrieved from /opt/airflow/dags/tocheckStime.py
[2023-06-01T13:14:16.395+0000] {logging_mixin.py:137} INFO - [2023-06-01T13:14:16.395+0000] {dag.py:2676} INFO - Sync 1 DAGs
[2023-06-01T13:14:16.424+0000] {logging_mixin.py:137} INFO - [2023-06-01T13:14:16.424+0000] {dag.py:3427} INFO - Setting next_dagrun for check_all_dags_run to 2023-06-01T00:00:00+00:00, run_after=2023-06-02T00:00:00+00:00
[2023-06-01T13:14:16.448+0000] {processor.py:175} INFO - Processing /opt/airflow/dags/tocheckStime.py took 0.168 seconds
[2023-06-01T13:14:46.787+0000] {processor.py:153} INFO - Started process (PID=1247) to work on /opt/airflow/dags/tocheckStime.py
[2023-06-01T13:14:46.790+0000] {processor.py:743} INFO - Processing file /opt/airflow/dags/tocheckStime.py for tasks to queue
[2023-06-01T13:14:46.791+0000] {logging_mixin.py:137} INFO - [2023-06-01T13:14:46.791+0000] {dagbag.py:538} INFO - Filling up the DagBag from /opt/airflow/dags/tocheckStime.py
[2023-06-01T13:14:46.819+0000] {processor.py:753} INFO - DAG(s) dict_keys(['check_all_dags_run']) retrieved from /opt/airflow/dags/tocheckStime.py
[2023-06-01T13:14:46.865+0000] {logging_mixin.py:137} INFO - [2023-06-01T13:14:46.865+0000] {dag.py:2676} INFO - Sync 1 DAGs
[2023-06-01T13:14:46.900+0000] {logging_mixin.py:137} INFO - [2023-06-01T13:14:46.899+0000] {dag.py:3427} INFO - Setting next_dagrun for check_all_dags_run to 2023-06-01T00:00:00+00:00, run_after=2023-06-02T00:00:00+00:00
[2023-06-01T13:14:46.922+0000] {processor.py:175} INFO - Processing /opt/airflow/dags/tocheckStime.py took 0.140 seconds
[2023-06-01T13:15:17.322+0000] {processor.py:153} INFO - Started process (PID=1282) to work on /opt/airflow/dags/tocheckStime.py
[2023-06-01T13:15:17.324+0000] {processor.py:743} INFO - Processing file /opt/airflow/dags/tocheckStime.py for tasks to queue
[2023-06-01T13:15:17.326+0000] {logging_mixin.py:137} INFO - [2023-06-01T13:15:17.326+0000] {dagbag.py:538} INFO - Filling up the DagBag from /opt/airflow/dags/tocheckStime.py
[2023-06-01T13:15:17.350+0000] {processor.py:753} INFO - DAG(s) dict_keys(['check_all_dags_run']) retrieved from /opt/airflow/dags/tocheckStime.py
[2023-06-01T13:15:17.448+0000] {logging_mixin.py:137} INFO - [2023-06-01T13:15:17.448+0000] {dag.py:2676} INFO - Sync 1 DAGs
[2023-06-01T13:15:17.487+0000] {logging_mixin.py:137} INFO - [2023-06-01T13:15:17.487+0000] {dag.py:3427} INFO - Setting next_dagrun for check_all_dags_run to 2023-06-01T00:00:00+00:00, run_after=2023-06-02T00:00:00+00:00
[2023-06-01T13:15:17.518+0000] {processor.py:175} INFO - Processing /opt/airflow/dags/tocheckStime.py took 0.200 seconds
[2023-06-01T13:15:47.872+0000] {processor.py:153} INFO - Started process (PID=1331) to work on /opt/airflow/dags/tocheckStime.py
[2023-06-01T13:15:47.874+0000] {processor.py:743} INFO - Processing file /opt/airflow/dags/tocheckStime.py for tasks to queue
[2023-06-01T13:15:47.876+0000] {logging_mixin.py:137} INFO - [2023-06-01T13:15:47.875+0000] {dagbag.py:538} INFO - Filling up the DagBag from /opt/airflow/dags/tocheckStime.py
[2023-06-01T13:15:47.900+0000] {processor.py:753} INFO - DAG(s) dict_keys(['check_all_dags_run']) retrieved from /opt/airflow/dags/tocheckStime.py
[2023-06-01T13:15:47.944+0000] {logging_mixin.py:137} INFO - [2023-06-01T13:15:47.944+0000] {dag.py:2676} INFO - Sync 1 DAGs
[2023-06-01T13:15:47.977+0000] {logging_mixin.py:137} INFO - [2023-06-01T13:15:47.977+0000] {dag.py:3427} INFO - Setting next_dagrun for check_all_dags_run to 2023-06-01T00:00:00+00:00, run_after=2023-06-02T00:00:00+00:00
[2023-06-01T13:15:47.997+0000] {processor.py:175} INFO - Processing /opt/airflow/dags/tocheckStime.py took 0.130 seconds
[2023-06-01T13:16:18.435+0000] {processor.py:153} INFO - Started process (PID=1365) to work on /opt/airflow/dags/tocheckStime.py
[2023-06-01T13:16:18.439+0000] {processor.py:743} INFO - Processing file /opt/airflow/dags/tocheckStime.py for tasks to queue
[2023-06-01T13:16:18.442+0000] {logging_mixin.py:137} INFO - [2023-06-01T13:16:18.441+0000] {dagbag.py:538} INFO - Filling up the DagBag from /opt/airflow/dags/tocheckStime.py
[2023-06-01T13:16:18.488+0000] {processor.py:753} INFO - DAG(s) dict_keys(['check_all_dags_run']) retrieved from /opt/airflow/dags/tocheckStime.py
[2023-06-01T13:16:18.669+0000] {logging_mixin.py:137} INFO - [2023-06-01T13:16:18.668+0000] {dag.py:2676} INFO - Sync 1 DAGs
[2023-06-01T13:16:18.727+0000] {logging_mixin.py:137} INFO - [2023-06-01T13:16:18.727+0000] {dag.py:3427} INFO - Setting next_dagrun for check_all_dags_run to 2023-06-01T00:00:00+00:00, run_after=2023-06-02T00:00:00+00:00
[2023-06-01T13:16:18.754+0000] {processor.py:175} INFO - Processing /opt/airflow/dags/tocheckStime.py took 0.329 seconds
[2023-06-01T13:16:48.976+0000] {processor.py:153} INFO - Started process (PID=1413) to work on /opt/airflow/dags/tocheckStime.py
[2023-06-01T13:16:48.979+0000] {processor.py:743} INFO - Processing file /opt/airflow/dags/tocheckStime.py for tasks to queue
[2023-06-01T13:16:48.983+0000] {logging_mixin.py:137} INFO - [2023-06-01T13:16:48.982+0000] {dagbag.py:538} INFO - Filling up the DagBag from /opt/airflow/dags/tocheckStime.py
[2023-06-01T13:16:49.015+0000] {processor.py:753} INFO - DAG(s) dict_keys(['check_all_dags_run']) retrieved from /opt/airflow/dags/tocheckStime.py
[2023-06-01T13:16:49.067+0000] {logging_mixin.py:137} INFO - [2023-06-01T13:16:49.067+0000] {dag.py:2676} INFO - Sync 1 DAGs
[2023-06-01T13:16:49.106+0000] {logging_mixin.py:137} INFO - [2023-06-01T13:16:49.106+0000] {dag.py:3427} INFO - Setting next_dagrun for check_all_dags_run to 2023-06-01T00:00:00+00:00, run_after=2023-06-02T00:00:00+00:00
[2023-06-01T13:16:49.138+0000] {processor.py:175} INFO - Processing /opt/airflow/dags/tocheckStime.py took 0.167 seconds
