[2023-05-30T11:30:40.160+0000] {taskinstance.py:1087} INFO - Dependencies all met for <TaskInstance: our_first_dag_v5.first_task scheduled__2022-01-01T00:00:00+00:00 [queued]>
[2023-05-30T11:30:40.182+0000] {taskinstance.py:1087} INFO - Dependencies all met for <TaskInstance: our_first_dag_v5.first_task scheduled__2022-01-01T00:00:00+00:00 [queued]>
[2023-05-30T11:30:40.183+0000] {taskinstance.py:1283} INFO - 
--------------------------------------------------------------------------------
[2023-05-30T11:30:40.185+0000] {taskinstance.py:1284} INFO - Starting attempt 1 of 6
[2023-05-30T11:30:40.187+0000] {taskinstance.py:1285} INFO - 
--------------------------------------------------------------------------------
[2023-05-30T11:30:40.222+0000] {taskinstance.py:1304} INFO - Executing <Task(BashOperator): first_task> on 2022-01-01 00:00:00+00:00
[2023-05-30T11:30:40.246+0000] {standard_task_runner.py:55} INFO - Started process 3208 to run task
[2023-05-30T11:30:40.257+0000] {standard_task_runner.py:82} INFO - Running: ['***', 'tasks', 'run', 'our_first_dag_v5', 'first_task', 'scheduled__2022-01-01T00:00:00+00:00', '--job-id', '465', '--raw', '--subdir', 'DAGS_FOLDER/first_Dag.py', '--cfg-path', '/tmp/tmpxdun6z21']
[2023-05-30T11:30:40.259+0000] {standard_task_runner.py:83} INFO - Job 465: Subtask first_task
[2023-05-30T11:30:40.475+0000] {task_command.py:389} INFO - Running <TaskInstance: our_first_dag_v5.first_task scheduled__2022-01-01T00:00:00+00:00 [running]> on host 49219f98c96e
[2023-05-30T11:30:40.678+0000] {taskinstance.py:1513} INFO - Exporting the following env vars:
AIRFLOW_CTX_DAG_OWNER=coder2j
AIRFLOW_CTX_DAG_ID=our_first_dag_v5
AIRFLOW_CTX_TASK_ID=first_task
AIRFLOW_CTX_EXECUTION_DATE=2022-01-01T00:00:00+00:00
AIRFLOW_CTX_TRY_NUMBER=1
AIRFLOW_CTX_DAG_RUN_ID=scheduled__2022-01-01T00:00:00+00:00
[2023-05-30T11:30:40.686+0000] {subprocess.py:63} INFO - Tmp dir root location: 
 /tmp
[2023-05-30T11:30:40.697+0000] {subprocess.py:75} INFO - Running command: ['/bin/bash', '-c', 'echo hello world, this is the first task!']
[2023-05-30T11:30:40.726+0000] {subprocess.py:86} INFO - Output:
[2023-05-30T11:30:40.733+0000] {subprocess.py:93} INFO - hello world, this is the first task!
[2023-05-30T11:30:40.735+0000] {subprocess.py:97} INFO - Command exited with return code 0
[2023-05-30T11:30:40.809+0000] {taskinstance.py:1327} INFO - Marking task as SUCCESS. dag_id=our_first_dag_v5, task_id=first_task, execution_date=20220101T000000, start_date=20230530T113040, end_date=20230530T113040
[2023-05-30T11:30:40.887+0000] {local_task_job.py:159} INFO - Task exited with return code 0
[2023-05-30T11:30:40.993+0000] {taskinstance.py:2582} INFO - 2 downstream tasks scheduled from follow-on schedule check
[2023-06-07T06:37:11.911+0000] {taskinstance.py:1087} INFO - Dependencies all met for <TaskInstance: our_first_dag_v5.first_task scheduled__2022-01-01T00:00:00+00:00 [queued]>
[2023-06-07T06:37:11.989+0000] {taskinstance.py:1087} INFO - Dependencies all met for <TaskInstance: our_first_dag_v5.first_task scheduled__2022-01-01T00:00:00+00:00 [queued]>
[2023-06-07T06:37:11.993+0000] {taskinstance.py:1283} INFO - 
--------------------------------------------------------------------------------
[2023-06-07T06:37:11.998+0000] {taskinstance.py:1284} INFO - Starting attempt 1 of 6
[2023-06-07T06:37:12.001+0000] {taskinstance.py:1285} INFO - 
--------------------------------------------------------------------------------
[2023-06-07T06:37:12.362+0000] {taskinstance.py:1304} INFO - Executing <Task(BashOperator): first_task> on 2022-01-01 00:00:00+00:00
[2023-06-07T06:37:12.399+0000] {standard_task_runner.py:55} INFO - Started process 3000 to run task
[2023-06-07T06:37:12.426+0000] {standard_task_runner.py:82} INFO - Running: ['***', 'tasks', 'run', 'our_first_dag_v5', 'first_task', 'scheduled__2022-01-01T00:00:00+00:00', '--job-id', '1934', '--raw', '--subdir', 'DAGS_FOLDER/first_Dag.py', '--cfg-path', '/tmp/tmpiu_nomeh']
[2023-06-07T06:37:12.436+0000] {standard_task_runner.py:83} INFO - Job 1934: Subtask first_task
[2023-06-07T06:37:12.890+0000] {task_command.py:389} INFO - Running <TaskInstance: our_first_dag_v5.first_task scheduled__2022-01-01T00:00:00+00:00 [running]> on host 026ed797f3b3
[2023-06-07T06:37:13.407+0000] {taskinstance.py:1513} INFO - Exporting the following env vars:
AIRFLOW_CTX_DAG_OWNER=coder2j
AIRFLOW_CTX_DAG_ID=our_first_dag_v5
AIRFLOW_CTX_TASK_ID=first_task
AIRFLOW_CTX_EXECUTION_DATE=2022-01-01T00:00:00+00:00
AIRFLOW_CTX_TRY_NUMBER=1
AIRFLOW_CTX_DAG_RUN_ID=scheduled__2022-01-01T00:00:00+00:00
[2023-06-07T06:37:13.423+0000] {subprocess.py:63} INFO - Tmp dir root location: 
 /tmp
[2023-06-07T06:37:13.431+0000] {subprocess.py:75} INFO - Running command: ['/bin/bash', '-c', 'echo hello world, this is the first task!']
[2023-06-07T06:37:13.497+0000] {subprocess.py:86} INFO - Output:
[2023-06-07T06:37:13.502+0000] {subprocess.py:93} INFO - hello world, this is the first task!
[2023-06-07T06:37:13.506+0000] {subprocess.py:97} INFO - Command exited with return code 0
[2023-06-07T06:37:13.605+0000] {taskinstance.py:1327} INFO - Marking task as SUCCESS. dag_id=our_first_dag_v5, task_id=first_task, execution_date=20220101T000000, start_date=20230607T063711, end_date=20230607T063713
[2023-06-07T06:37:13.740+0000] {local_task_job.py:159} INFO - Task exited with return code 0
[2023-06-07T06:37:13.848+0000] {taskinstance.py:2582} INFO - 2 downstream tasks scheduled from follow-on schedule check
