[2023-06-01T11:22:12.727+0000] {taskinstance.py:1087} INFO - Dependencies all met for <TaskInstance: dag_with_postgres_operator_v03.delete_data_from_table scheduled__2022-04-24T00:00:00+00:00 [queued]>
[2023-06-01T11:22:12.799+0000] {taskinstance.py:1087} INFO - Dependencies all met for <TaskInstance: dag_with_postgres_operator_v03.delete_data_from_table scheduled__2022-04-24T00:00:00+00:00 [queued]>
[2023-06-01T11:22:12.800+0000] {taskinstance.py:1283} INFO - 
--------------------------------------------------------------------------------
[2023-06-01T11:22:12.802+0000] {taskinstance.py:1284} INFO - Starting attempt 1 of 6
[2023-06-01T11:22:12.803+0000] {taskinstance.py:1285} INFO - 
--------------------------------------------------------------------------------
[2023-06-01T11:22:12.856+0000] {taskinstance.py:1304} INFO - Executing <Task(PostgresOperator): delete_data_from_table> on 2022-04-24 00:00:00+00:00
[2023-06-01T11:22:12.871+0000] {standard_task_runner.py:55} INFO - Started process 1392 to run task
[2023-06-01T11:22:12.900+0000] {standard_task_runner.py:82} INFO - Running: ['***', 'tasks', 'run', 'dag_with_postgres_operator_v03', 'delete_data_from_table', 'scheduled__2022-04-24T00:00:00+00:00', '--job-id', '411', '--raw', '--subdir', 'DAGS_FOLDER/postgres.py', '--cfg-path', '/tmp/tmp64wsgx2g']
[2023-06-01T11:22:12.904+0000] {standard_task_runner.py:83} INFO - Job 411: Subtask delete_data_from_table
[2023-06-01T11:22:13.157+0000] {task_command.py:389} INFO - Running <TaskInstance: dag_with_postgres_operator_v03.delete_data_from_table scheduled__2022-04-24T00:00:00+00:00 [running]> on host 687ba427e841
[2023-06-01T11:22:13.594+0000] {taskinstance.py:1513} INFO - Exporting the following env vars:
AIRFLOW_CTX_DAG_OWNER=coder2j
AIRFLOW_CTX_DAG_ID=dag_with_postgres_operator_v03
AIRFLOW_CTX_TASK_ID=delete_data_from_table
AIRFLOW_CTX_EXECUTION_DATE=2022-04-24T00:00:00+00:00
AIRFLOW_CTX_TRY_NUMBER=1
AIRFLOW_CTX_DAG_RUN_ID=scheduled__2022-04-24T00:00:00+00:00
[2023-06-01T11:22:13.601+0000] {sql.py:253} INFO - Executing: 
            delete from dag_runs where dt = '2022-04-24' and dag_id = 'dag_with_postgres_operator_v03';
        
[2023-06-01T11:22:13.628+0000] {base.py:73} INFO - Using connection ID 'postgres_localhost' for task execution.
[2023-06-01T11:22:14.920+0000] {base.py:73} INFO - Using connection ID 'postgres_localhost' for task execution.
[2023-06-01T11:22:14.964+0000] {sql.py:364} INFO - Running statement: 
            delete from dag_runs where dt = '2022-04-24' and dag_id = 'dag_with_postgres_operator_v03';
        , parameters: None
[2023-06-01T11:22:14.977+0000] {sql.py:373} INFO - Rows affected: 0
[2023-06-01T11:22:15.023+0000] {taskinstance.py:1327} INFO - Marking task as SUCCESS. dag_id=dag_with_postgres_operator_v03, task_id=delete_data_from_table, execution_date=20220424T000000, start_date=20230601T112212, end_date=20230601T112215
[2023-06-01T11:22:15.134+0000] {local_task_job.py:159} INFO - Task exited with return code 0
[2023-06-01T11:22:15.315+0000] {taskinstance.py:2582} INFO - 1 downstream tasks scheduled from follow-on schedule check
