[2023-05-30T12:34:35.417+0000] {taskinstance.py:1087} INFO - Dependencies all met for <TaskInstance: our_dag_with_python_operator_v07.greet scheduled__2022-06-12T00:00:00+00:00 [queued]>
[2023-05-30T12:34:35.442+0000] {taskinstance.py:1087} INFO - Dependencies all met for <TaskInstance: our_dag_with_python_operator_v07.greet scheduled__2022-06-12T00:00:00+00:00 [queued]>
[2023-05-30T12:34:35.444+0000] {taskinstance.py:1283} INFO - 
--------------------------------------------------------------------------------
[2023-05-30T12:34:35.445+0000] {taskinstance.py:1284} INFO - Starting attempt 1 of 6
[2023-05-30T12:34:35.447+0000] {taskinstance.py:1285} INFO - 
--------------------------------------------------------------------------------
[2023-05-30T12:34:35.478+0000] {taskinstance.py:1304} INFO - Executing <Task(PythonOperator): greet> on 2022-06-12 00:00:00+00:00
[2023-05-30T12:34:35.492+0000] {standard_task_runner.py:55} INFO - Started process 10918 to run task
[2023-05-30T12:34:35.497+0000] {standard_task_runner.py:82} INFO - Running: ['***', 'tasks', 'run', 'our_dag_with_python_operator_v07', 'greet', 'scheduled__2022-06-12T00:00:00+00:00', '--job-id', '1872', '--raw', '--subdir', 'DAGS_FOLDER/dag_python_opr.py', '--cfg-path', '/tmp/tmp4cgn01bi']
[2023-05-30T12:34:35.499+0000] {standard_task_runner.py:83} INFO - Job 1872: Subtask greet
[2023-05-30T12:34:35.604+0000] {task_command.py:389} INFO - Running <TaskInstance: our_dag_with_python_operator_v07.greet scheduled__2022-06-12T00:00:00+00:00 [running]> on host 49219f98c96e
[2023-05-30T12:34:35.700+0000] {taskinstance.py:1513} INFO - Exporting the following env vars:
AIRFLOW_CTX_DAG_OWNER=coder2j
AIRFLOW_CTX_DAG_ID=our_dag_with_python_operator_v07
AIRFLOW_CTX_TASK_ID=greet
AIRFLOW_CTX_EXECUTION_DATE=2022-06-12T00:00:00+00:00
AIRFLOW_CTX_TRY_NUMBER=1
AIRFLOW_CTX_DAG_RUN_ID=scheduled__2022-06-12T00:00:00+00:00
[2023-05-30T12:34:35.703+0000] {logging_mixin.py:137} INFO - some dict:  {'a': 1, 'b': 2}
[2023-05-30T12:34:35.739+0000] {logging_mixin.py:137} INFO - Hello World! My name is Jerry Fridman, and I am 19 years old!
[2023-05-30T12:34:35.741+0000] {python.py:177} INFO - Done. Returned value was: None
[2023-05-30T12:34:35.755+0000] {taskinstance.py:1327} INFO - Marking task as SUCCESS. dag_id=our_dag_with_python_operator_v07, task_id=greet, execution_date=20220612T000000, start_date=20230530T123435, end_date=20230530T123435
[2023-05-30T12:34:35.792+0000] {local_task_job.py:159} INFO - Task exited with return code 0
[2023-05-30T12:34:35.817+0000] {taskinstance.py:2582} INFO - 0 downstream tasks scheduled from follow-on schedule check
