[2023-05-30T11:29:33.283+0000] {taskinstance.py:1087} INFO - Dependencies all met for <TaskInstance: our_first_dag_v5.first_task scheduled__2021-11-05T00:00:00+00:00 [queued]>
[2023-05-30T11:29:33.399+0000] {taskinstance.py:1087} INFO - Dependencies all met for <TaskInstance: our_first_dag_v5.first_task scheduled__2021-11-05T00:00:00+00:00 [queued]>
[2023-05-30T11:29:33.401+0000] {taskinstance.py:1283} INFO - 
--------------------------------------------------------------------------------
[2023-05-30T11:29:33.413+0000] {taskinstance.py:1284} INFO - Starting attempt 1 of 6
[2023-05-30T11:29:33.416+0000] {taskinstance.py:1285} INFO - 
--------------------------------------------------------------------------------
[2023-05-30T11:29:33.481+0000] {taskinstance.py:1304} INFO - Executing <Task(BashOperator): first_task> on 2021-11-05 00:00:00+00:00
[2023-05-30T11:29:33.514+0000] {standard_task_runner.py:55} INFO - Started process 2615 to run task
[2023-05-30T11:29:33.566+0000] {standard_task_runner.py:82} INFO - Running: ['***', 'tasks', 'run', 'our_first_dag_v5', 'first_task', 'scheduled__2021-11-05T00:00:00+00:00', '--job-id', '289', '--raw', '--subdir', 'DAGS_FOLDER/first_Dag.py', '--cfg-path', '/tmp/tmp5qy34tsf']
[2023-05-30T11:29:33.579+0000] {standard_task_runner.py:83} INFO - Job 289: Subtask first_task
[2023-05-30T11:29:34.068+0000] {task_command.py:389} INFO - Running <TaskInstance: our_first_dag_v5.first_task scheduled__2021-11-05T00:00:00+00:00 [running]> on host 49219f98c96e
[2023-05-30T11:29:34.723+0000] {taskinstance.py:1513} INFO - Exporting the following env vars:
AIRFLOW_CTX_DAG_OWNER=coder2j
AIRFLOW_CTX_DAG_ID=our_first_dag_v5
AIRFLOW_CTX_TASK_ID=first_task
AIRFLOW_CTX_EXECUTION_DATE=2021-11-05T00:00:00+00:00
AIRFLOW_CTX_TRY_NUMBER=1
AIRFLOW_CTX_DAG_RUN_ID=scheduled__2021-11-05T00:00:00+00:00
[2023-05-30T11:29:34.728+0000] {subprocess.py:63} INFO - Tmp dir root location: 
 /tmp
[2023-05-30T11:29:34.731+0000] {subprocess.py:75} INFO - Running command: ['/bin/bash', '-c', 'echo hello world, this is the first task!']
[2023-05-30T11:29:34.860+0000] {subprocess.py:86} INFO - Output:
[2023-05-30T11:29:34.869+0000] {subprocess.py:93} INFO - hello world, this is the first task!
[2023-05-30T11:29:34.903+0000] {subprocess.py:97} INFO - Command exited with return code 0
[2023-05-30T11:29:35.373+0000] {taskinstance.py:1327} INFO - Marking task as SUCCESS. dag_id=our_first_dag_v5, task_id=first_task, execution_date=20211105T000000, start_date=20230530T112933, end_date=20230530T112935
[2023-05-30T11:29:35.576+0000] {local_task_job.py:159} INFO - Task exited with return code 0
[2023-05-30T11:29:35.786+0000] {taskinstance.py:2582} INFO - 2 downstream tasks scheduled from follow-on schedule check
[2023-06-07T06:34:28.878+0000] {taskinstance.py:1087} INFO - Dependencies all met for <TaskInstance: our_first_dag_v5.first_task scheduled__2021-11-05T00:00:00+00:00 [queued]>
[2023-06-07T06:34:28.947+0000] {taskinstance.py:1087} INFO - Dependencies all met for <TaskInstance: our_first_dag_v5.first_task scheduled__2021-11-05T00:00:00+00:00 [queued]>
[2023-06-07T06:34:28.950+0000] {taskinstance.py:1283} INFO - 
--------------------------------------------------------------------------------
[2023-06-07T06:34:28.954+0000] {taskinstance.py:1284} INFO - Starting attempt 1 of 6
[2023-06-07T06:34:28.955+0000] {taskinstance.py:1285} INFO - 
--------------------------------------------------------------------------------
[2023-06-07T06:34:29.091+0000] {taskinstance.py:1304} INFO - Executing <Task(BashOperator): first_task> on 2021-11-05 00:00:00+00:00
[2023-06-07T06:34:29.119+0000] {standard_task_runner.py:55} INFO - Started process 2007 to run task
[2023-06-07T06:34:29.175+0000] {standard_task_runner.py:82} INFO - Running: ['***', 'tasks', 'run', 'our_first_dag_v5', 'first_task', 'scheduled__2021-11-05T00:00:00+00:00', '--job-id', '1582', '--raw', '--subdir', 'DAGS_FOLDER/first_Dag.py', '--cfg-path', '/tmp/tmp8dixmnxn']
[2023-06-07T06:34:29.180+0000] {standard_task_runner.py:83} INFO - Job 1582: Subtask first_task
[2023-06-07T06:34:29.661+0000] {task_command.py:389} INFO - Running <TaskInstance: our_first_dag_v5.first_task scheduled__2021-11-05T00:00:00+00:00 [running]> on host 026ed797f3b3
[2023-06-07T06:34:30.156+0000] {taskinstance.py:1513} INFO - Exporting the following env vars:
AIRFLOW_CTX_DAG_OWNER=coder2j
AIRFLOW_CTX_DAG_ID=our_first_dag_v5
AIRFLOW_CTX_TASK_ID=first_task
AIRFLOW_CTX_EXECUTION_DATE=2021-11-05T00:00:00+00:00
AIRFLOW_CTX_TRY_NUMBER=1
AIRFLOW_CTX_DAG_RUN_ID=scheduled__2021-11-05T00:00:00+00:00
[2023-06-07T06:34:30.161+0000] {subprocess.py:63} INFO - Tmp dir root location: 
 /tmp
[2023-06-07T06:34:30.165+0000] {subprocess.py:75} INFO - Running command: ['/bin/bash', '-c', 'echo hello world, this is the first task!']
[2023-06-07T06:34:30.309+0000] {subprocess.py:86} INFO - Output:
[2023-06-07T06:34:30.331+0000] {subprocess.py:93} INFO - hello world, this is the first task!
[2023-06-07T06:34:30.338+0000] {subprocess.py:97} INFO - Command exited with return code 0
[2023-06-07T06:34:30.473+0000] {taskinstance.py:1327} INFO - Marking task as SUCCESS. dag_id=our_first_dag_v5, task_id=first_task, execution_date=20211105T000000, start_date=20230607T063428, end_date=20230607T063430
[2023-06-07T06:34:31.079+0000] {local_task_job.py:159} INFO - Task exited with return code 0
[2023-06-07T06:34:31.295+0000] {taskinstance.py:2582} INFO - 2 downstream tasks scheduled from follow-on schedule check
