[2023-05-30T11:30:25.617+0000] {taskinstance.py:1087} INFO - Dependencies all met for <TaskInstance: our_first_dag_v5.second_task scheduled__2021-12-17T00:00:00+00:00 [queued]>
[2023-05-30T11:30:25.635+0000] {taskinstance.py:1087} INFO - Dependencies all met for <TaskInstance: our_first_dag_v5.second_task scheduled__2021-12-17T00:00:00+00:00 [queued]>
[2023-05-30T11:30:25.638+0000] {taskinstance.py:1283} INFO - 
--------------------------------------------------------------------------------
[2023-05-30T11:30:25.639+0000] {taskinstance.py:1284} INFO - Starting attempt 1 of 6
[2023-05-30T11:30:25.641+0000] {taskinstance.py:1285} INFO - 
--------------------------------------------------------------------------------
[2023-05-30T11:30:25.670+0000] {taskinstance.py:1304} INFO - Executing <Task(BashOperator): second_task> on 2021-12-17 00:00:00+00:00
[2023-05-30T11:30:25.681+0000] {standard_task_runner.py:55} INFO - Started process 3076 to run task
[2023-05-30T11:30:25.693+0000] {standard_task_runner.py:82} INFO - Running: ['***', 'tasks', 'run', 'our_first_dag_v5', 'second_task', 'scheduled__2021-12-17T00:00:00+00:00', '--job-id', '428', '--raw', '--subdir', 'DAGS_FOLDER/first_Dag.py', '--cfg-path', '/tmp/tmpjv50ul1r']
[2023-05-30T11:30:25.696+0000] {standard_task_runner.py:83} INFO - Job 428: Subtask second_task
[2023-05-30T11:30:25.831+0000] {task_command.py:389} INFO - Running <TaskInstance: our_first_dag_v5.second_task scheduled__2021-12-17T00:00:00+00:00 [running]> on host 49219f98c96e
[2023-05-30T11:30:25.959+0000] {taskinstance.py:1513} INFO - Exporting the following env vars:
AIRFLOW_CTX_DAG_OWNER=coder2j
AIRFLOW_CTX_DAG_ID=our_first_dag_v5
AIRFLOW_CTX_TASK_ID=second_task
AIRFLOW_CTX_EXECUTION_DATE=2021-12-17T00:00:00+00:00
AIRFLOW_CTX_TRY_NUMBER=1
AIRFLOW_CTX_DAG_RUN_ID=scheduled__2021-12-17T00:00:00+00:00
[2023-05-30T11:30:25.962+0000] {subprocess.py:63} INFO - Tmp dir root location: 
 /tmp
[2023-05-30T11:30:25.965+0000] {subprocess.py:75} INFO - Running command: ['/bin/bash', '-c', 'echo hey, I am task2 and will be running after task1!']
[2023-05-30T11:30:25.982+0000] {subprocess.py:86} INFO - Output:
[2023-05-30T11:30:25.985+0000] {subprocess.py:93} INFO - hey, I am task2 and will be running after task1!
[2023-05-30T11:30:25.986+0000] {subprocess.py:97} INFO - Command exited with return code 0
[2023-05-30T11:30:26.025+0000] {taskinstance.py:1327} INFO - Marking task as SUCCESS. dag_id=our_first_dag_v5, task_id=second_task, execution_date=20211217T000000, start_date=20230530T113025, end_date=20230530T113026
[2023-05-30T11:30:26.109+0000] {local_task_job.py:159} INFO - Task exited with return code 0
[2023-05-30T11:30:26.139+0000] {taskinstance.py:2582} INFO - 0 downstream tasks scheduled from follow-on schedule check
[2023-06-07T06:36:47.831+0000] {taskinstance.py:1087} INFO - Dependencies all met for <TaskInstance: our_first_dag_v5.second_task scheduled__2021-12-17T00:00:00+00:00 [queued]>
[2023-06-07T06:36:47.925+0000] {taskinstance.py:1087} INFO - Dependencies all met for <TaskInstance: our_first_dag_v5.second_task scheduled__2021-12-17T00:00:00+00:00 [queued]>
[2023-06-07T06:36:47.935+0000] {taskinstance.py:1283} INFO - 
--------------------------------------------------------------------------------
[2023-06-07T06:36:47.937+0000] {taskinstance.py:1284} INFO - Starting attempt 1 of 6
[2023-06-07T06:36:47.940+0000] {taskinstance.py:1285} INFO - 
--------------------------------------------------------------------------------
[2023-06-07T06:36:48.159+0000] {taskinstance.py:1304} INFO - Executing <Task(BashOperator): second_task> on 2021-12-17 00:00:00+00:00
[2023-06-07T06:36:48.235+0000] {standard_task_runner.py:55} INFO - Started process 2822 to run task
[2023-06-07T06:36:48.307+0000] {standard_task_runner.py:82} INFO - Running: ['***', 'tasks', 'run', 'our_first_dag_v5', 'second_task', 'scheduled__2021-12-17T00:00:00+00:00', '--job-id', '1869', '--raw', '--subdir', 'DAGS_FOLDER/first_Dag.py', '--cfg-path', '/tmp/tmpziml4982']
[2023-06-07T06:36:48.327+0000] {standard_task_runner.py:83} INFO - Job 1869: Subtask second_task
[2023-06-07T06:36:49.217+0000] {task_command.py:389} INFO - Running <TaskInstance: our_first_dag_v5.second_task scheduled__2021-12-17T00:00:00+00:00 [running]> on host 026ed797f3b3
[2023-06-07T06:36:50.418+0000] {taskinstance.py:1513} INFO - Exporting the following env vars:
AIRFLOW_CTX_DAG_OWNER=coder2j
AIRFLOW_CTX_DAG_ID=our_first_dag_v5
AIRFLOW_CTX_TASK_ID=second_task
AIRFLOW_CTX_EXECUTION_DATE=2021-12-17T00:00:00+00:00
AIRFLOW_CTX_TRY_NUMBER=1
AIRFLOW_CTX_DAG_RUN_ID=scheduled__2021-12-17T00:00:00+00:00
[2023-06-07T06:36:50.429+0000] {subprocess.py:63} INFO - Tmp dir root location: 
 /tmp
[2023-06-07T06:36:50.466+0000] {subprocess.py:75} INFO - Running command: ['/bin/bash', '-c', 'echo hey, I am task2 and will be running after task1!']
[2023-06-07T06:36:50.599+0000] {subprocess.py:86} INFO - Output:
[2023-06-07T06:36:50.615+0000] {subprocess.py:93} INFO - hey, I am task2 and will be running after task1!
[2023-06-07T06:36:50.618+0000] {subprocess.py:97} INFO - Command exited with return code 0
[2023-06-07T06:36:50.829+0000] {taskinstance.py:1327} INFO - Marking task as SUCCESS. dag_id=our_first_dag_v5, task_id=second_task, execution_date=20211217T000000, start_date=20230607T063647, end_date=20230607T063650
[2023-06-07T06:36:51.142+0000] {local_task_job.py:159} INFO - Task exited with return code 0
[2023-06-07T06:36:51.243+0000] {taskinstance.py:2582} INFO - 0 downstream tasks scheduled from follow-on schedule check
