[2023-05-30T12:39:30.769+0000] {taskinstance.py:1087} INFO - Dependencies all met for <TaskInstance: our_dag_with_python_operator_v07.get_age scheduled__2023-03-18T00:00:00+00:00 [queued]>
[2023-05-30T12:39:30.808+0000] {taskinstance.py:1087} INFO - Dependencies all met for <TaskInstance: our_dag_with_python_operator_v07.get_age scheduled__2023-03-18T00:00:00+00:00 [queued]>
[2023-05-30T12:39:30.810+0000] {taskinstance.py:1283} INFO - 
--------------------------------------------------------------------------------
[2023-05-30T12:39:30.812+0000] {taskinstance.py:1284} INFO - Starting attempt 1 of 6
[2023-05-30T12:39:30.817+0000] {taskinstance.py:1285} INFO - 
--------------------------------------------------------------------------------
[2023-05-30T12:39:30.873+0000] {taskinstance.py:1304} INFO - Executing <Task(PythonOperator): get_age> on 2023-03-18 00:00:00+00:00
[2023-05-30T12:39:30.897+0000] {standard_task_runner.py:55} INFO - Started process 12847 to run task
[2023-05-30T12:39:30.921+0000] {standard_task_runner.py:82} INFO - Running: ['***', 'tasks', 'run', 'our_dag_with_python_operator_v07', 'get_age', 'scheduled__2023-03-18T00:00:00+00:00', '--job-id', '2701', '--raw', '--subdir', 'DAGS_FOLDER/dag_python_opr.py', '--cfg-path', '/tmp/tmpsabjn1hz']
[2023-05-30T12:39:30.925+0000] {standard_task_runner.py:83} INFO - Job 2701: Subtask get_age
[2023-05-30T12:39:31.187+0000] {task_command.py:389} INFO - Running <TaskInstance: our_dag_with_python_operator_v07.get_age scheduled__2023-03-18T00:00:00+00:00 [running]> on host 49219f98c96e
[2023-05-30T12:39:31.478+0000] {taskinstance.py:1513} INFO - Exporting the following env vars:
AIRFLOW_CTX_DAG_OWNER=coder2j
AIRFLOW_CTX_DAG_ID=our_dag_with_python_operator_v07
AIRFLOW_CTX_TASK_ID=get_age
AIRFLOW_CTX_EXECUTION_DATE=2023-03-18T00:00:00+00:00
AIRFLOW_CTX_TRY_NUMBER=1
AIRFLOW_CTX_DAG_RUN_ID=scheduled__2023-03-18T00:00:00+00:00
[2023-05-30T12:39:31.509+0000] {python.py:177} INFO - Done. Returned value was: None
[2023-05-30T12:39:31.539+0000] {taskinstance.py:1327} INFO - Marking task as SUCCESS. dag_id=our_dag_with_python_operator_v07, task_id=get_age, execution_date=20230318T000000, start_date=20230530T123930, end_date=20230530T123931
[2023-05-30T12:39:31.617+0000] {local_task_job.py:159} INFO - Task exited with return code 0
[2023-05-30T12:39:31.678+0000] {taskinstance.py:2582} INFO - 1 downstream tasks scheduled from follow-on schedule check
