[2023-05-30T11:29:33.952+0000] {taskinstance.py:1087} INFO - Dependencies all met for <TaskInstance: our_first_dag_v5.second_task scheduled__2021-10-31T00:00:00+00:00 [queued]>
[2023-05-30T11:29:34.007+0000] {taskinstance.py:1087} INFO - Dependencies all met for <TaskInstance: our_first_dag_v5.second_task scheduled__2021-10-31T00:00:00+00:00 [queued]>
[2023-05-30T11:29:34.010+0000] {taskinstance.py:1283} INFO - 
--------------------------------------------------------------------------------
[2023-05-30T11:29:34.011+0000] {taskinstance.py:1284} INFO - Starting attempt 1 of 6
[2023-05-30T11:29:34.013+0000] {taskinstance.py:1285} INFO - 
--------------------------------------------------------------------------------
[2023-05-30T11:29:34.107+0000] {taskinstance.py:1304} INFO - Executing <Task(BashOperator): second_task> on 2021-10-31 00:00:00+00:00
[2023-05-30T11:29:34.118+0000] {standard_task_runner.py:55} INFO - Started process 2618 to run task
[2023-05-30T11:29:34.174+0000] {standard_task_runner.py:82} INFO - Running: ['***', 'tasks', 'run', 'our_first_dag_v5', 'second_task', 'scheduled__2021-10-31T00:00:00+00:00', '--job-id', '292', '--raw', '--subdir', 'DAGS_FOLDER/first_Dag.py', '--cfg-path', '/tmp/tmpopnx946b']
[2023-05-30T11:29:34.192+0000] {standard_task_runner.py:83} INFO - Job 292: Subtask second_task
[2023-05-30T11:29:34.676+0000] {task_command.py:389} INFO - Running <TaskInstance: our_first_dag_v5.second_task scheduled__2021-10-31T00:00:00+00:00 [running]> on host 49219f98c96e
[2023-05-30T11:29:35.790+0000] {taskinstance.py:1513} INFO - Exporting the following env vars:
AIRFLOW_CTX_DAG_OWNER=coder2j
AIRFLOW_CTX_DAG_ID=our_first_dag_v5
AIRFLOW_CTX_TASK_ID=second_task
AIRFLOW_CTX_EXECUTION_DATE=2021-10-31T00:00:00+00:00
AIRFLOW_CTX_TRY_NUMBER=1
AIRFLOW_CTX_DAG_RUN_ID=scheduled__2021-10-31T00:00:00+00:00
[2023-05-30T11:29:35.817+0000] {subprocess.py:63} INFO - Tmp dir root location: 
 /tmp
[2023-05-30T11:29:35.823+0000] {subprocess.py:75} INFO - Running command: ['/bin/bash', '-c', 'echo hey, I am task2 and will be running after task1!']
[2023-05-30T11:29:35.904+0000] {subprocess.py:86} INFO - Output:
[2023-05-30T11:29:35.926+0000] {subprocess.py:93} INFO - hey, I am task2 and will be running after task1!
[2023-05-30T11:29:35.936+0000] {subprocess.py:97} INFO - Command exited with return code 0
[2023-05-30T11:29:36.387+0000] {taskinstance.py:1327} INFO - Marking task as SUCCESS. dag_id=our_first_dag_v5, task_id=second_task, execution_date=20211031T000000, start_date=20230530T112933, end_date=20230530T112936
[2023-05-30T11:29:36.619+0000] {local_task_job.py:159} INFO - Task exited with return code 0
[2023-05-30T11:29:36.734+0000] {taskinstance.py:2582} INFO - 0 downstream tasks scheduled from follow-on schedule check
[2023-06-07T06:34:30.530+0000] {taskinstance.py:1087} INFO - Dependencies all met for <TaskInstance: our_first_dag_v5.second_task scheduled__2021-10-31T00:00:00+00:00 [queued]>
[2023-06-07T06:34:30.631+0000] {taskinstance.py:1087} INFO - Dependencies all met for <TaskInstance: our_first_dag_v5.second_task scheduled__2021-10-31T00:00:00+00:00 [queued]>
[2023-06-07T06:34:30.645+0000] {taskinstance.py:1283} INFO - 
--------------------------------------------------------------------------------
[2023-06-07T06:34:30.647+0000] {taskinstance.py:1284} INFO - Starting attempt 1 of 6
[2023-06-07T06:34:30.649+0000] {taskinstance.py:1285} INFO - 
--------------------------------------------------------------------------------
[2023-06-07T06:34:30.875+0000] {taskinstance.py:1304} INFO - Executing <Task(BashOperator): second_task> on 2021-10-31 00:00:00+00:00
[2023-06-07T06:34:30.958+0000] {standard_task_runner.py:55} INFO - Started process 2022 to run task
[2023-06-07T06:34:30.985+0000] {standard_task_runner.py:82} INFO - Running: ['***', 'tasks', 'run', 'our_first_dag_v5', 'second_task', 'scheduled__2021-10-31T00:00:00+00:00', '--job-id', '1590', '--raw', '--subdir', 'DAGS_FOLDER/first_Dag.py', '--cfg-path', '/tmp/tmp9g7a2t06']
[2023-06-07T06:34:31.015+0000] {standard_task_runner.py:83} INFO - Job 1590: Subtask second_task
[2023-06-07T06:34:31.750+0000] {task_command.py:389} INFO - Running <TaskInstance: our_first_dag_v5.second_task scheduled__2021-10-31T00:00:00+00:00 [running]> on host 026ed797f3b3
[2023-06-07T06:34:32.570+0000] {taskinstance.py:1513} INFO - Exporting the following env vars:
AIRFLOW_CTX_DAG_OWNER=coder2j
AIRFLOW_CTX_DAG_ID=our_first_dag_v5
AIRFLOW_CTX_TASK_ID=second_task
AIRFLOW_CTX_EXECUTION_DATE=2021-10-31T00:00:00+00:00
AIRFLOW_CTX_TRY_NUMBER=1
AIRFLOW_CTX_DAG_RUN_ID=scheduled__2021-10-31T00:00:00+00:00
[2023-06-07T06:34:32.576+0000] {subprocess.py:63} INFO - Tmp dir root location: 
 /tmp
[2023-06-07T06:34:32.580+0000] {subprocess.py:75} INFO - Running command: ['/bin/bash', '-c', 'echo hey, I am task2 and will be running after task1!']
[2023-06-07T06:34:32.783+0000] {subprocess.py:86} INFO - Output:
[2023-06-07T06:34:32.830+0000] {subprocess.py:93} INFO - hey, I am task2 and will be running after task1!
[2023-06-07T06:34:32.877+0000] {subprocess.py:97} INFO - Command exited with return code 0
[2023-06-07T06:34:32.984+0000] {taskinstance.py:1327} INFO - Marking task as SUCCESS. dag_id=our_first_dag_v5, task_id=second_task, execution_date=20211031T000000, start_date=20230607T063430, end_date=20230607T063432
[2023-06-07T06:34:33.196+0000] {local_task_job.py:159} INFO - Task exited with return code 0
[2023-06-07T06:34:33.323+0000] {taskinstance.py:2582} INFO - 0 downstream tasks scheduled from follow-on schedule check
