[2023-05-30T11:31:22.008+0000] {taskinstance.py:1087} INFO - Dependencies all met for <TaskInstance: our_first_dag_v5.first_task scheduled__2022-02-12T00:00:00+00:00 [queued]>
[2023-05-30T11:31:22.062+0000] {taskinstance.py:1087} INFO - Dependencies all met for <TaskInstance: our_first_dag_v5.first_task scheduled__2022-02-12T00:00:00+00:00 [queued]>
[2023-05-30T11:31:22.064+0000] {taskinstance.py:1283} INFO - 
--------------------------------------------------------------------------------
[2023-05-30T11:31:22.066+0000] {taskinstance.py:1284} INFO - Starting attempt 1 of 6
[2023-05-30T11:31:22.068+0000] {taskinstance.py:1285} INFO - 
--------------------------------------------------------------------------------
[2023-05-30T11:31:22.195+0000] {taskinstance.py:1304} INFO - Executing <Task(BashOperator): first_task> on 2022-02-12 00:00:00+00:00
[2023-05-30T11:31:22.210+0000] {standard_task_runner.py:55} INFO - Started process 3609 to run task
[2023-05-30T11:31:22.247+0000] {standard_task_runner.py:82} INFO - Running: ['***', 'tasks', 'run', 'our_first_dag_v5', 'first_task', 'scheduled__2022-02-12T00:00:00+00:00', '--job-id', '585', '--raw', '--subdir', 'DAGS_FOLDER/first_Dag.py', '--cfg-path', '/tmp/tmp7y188992']
[2023-05-30T11:31:22.254+0000] {standard_task_runner.py:83} INFO - Job 585: Subtask first_task
[2023-05-30T11:31:22.611+0000] {task_command.py:389} INFO - Running <TaskInstance: our_first_dag_v5.first_task scheduled__2022-02-12T00:00:00+00:00 [running]> on host 49219f98c96e
[2023-05-30T11:31:22.996+0000] {taskinstance.py:1513} INFO - Exporting the following env vars:
AIRFLOW_CTX_DAG_OWNER=coder2j
AIRFLOW_CTX_DAG_ID=our_first_dag_v5
AIRFLOW_CTX_TASK_ID=first_task
AIRFLOW_CTX_EXECUTION_DATE=2022-02-12T00:00:00+00:00
AIRFLOW_CTX_TRY_NUMBER=1
AIRFLOW_CTX_DAG_RUN_ID=scheduled__2022-02-12T00:00:00+00:00
[2023-05-30T11:31:23.002+0000] {subprocess.py:63} INFO - Tmp dir root location: 
 /tmp
[2023-05-30T11:31:23.005+0000] {subprocess.py:75} INFO - Running command: ['/bin/bash', '-c', 'echo hello world, this is the first task!']
[2023-05-30T11:31:23.059+0000] {subprocess.py:86} INFO - Output:
[2023-05-30T11:31:23.082+0000] {subprocess.py:93} INFO - hello world, this is the first task!
[2023-05-30T11:31:23.098+0000] {subprocess.py:97} INFO - Command exited with return code 0
[2023-05-30T11:31:23.205+0000] {taskinstance.py:1327} INFO - Marking task as SUCCESS. dag_id=our_first_dag_v5, task_id=first_task, execution_date=20220212T000000, start_date=20230530T113122, end_date=20230530T113123
[2023-05-30T11:31:23.274+0000] {local_task_job.py:159} INFO - Task exited with return code 0
[2023-05-30T11:31:23.379+0000] {taskinstance.py:2582} INFO - 2 downstream tasks scheduled from follow-on schedule check
[2023-06-07T06:38:41.786+0000] {taskinstance.py:1087} INFO - Dependencies all met for <TaskInstance: our_first_dag_v5.first_task scheduled__2022-02-12T00:00:00+00:00 [queued]>
[2023-06-07T06:38:41.830+0000] {taskinstance.py:1087} INFO - Dependencies all met for <TaskInstance: our_first_dag_v5.first_task scheduled__2022-02-12T00:00:00+00:00 [queued]>
[2023-06-07T06:38:41.831+0000] {taskinstance.py:1283} INFO - 
--------------------------------------------------------------------------------
[2023-06-07T06:38:41.833+0000] {taskinstance.py:1284} INFO - Starting attempt 1 of 6
[2023-06-07T06:38:41.834+0000] {taskinstance.py:1285} INFO - 
--------------------------------------------------------------------------------
[2023-06-07T06:38:42.121+0000] {taskinstance.py:1304} INFO - Executing <Task(BashOperator): first_task> on 2022-02-12 00:00:00+00:00
[2023-06-07T06:38:42.140+0000] {standard_task_runner.py:55} INFO - Started process 3644 to run task
[2023-06-07T06:38:42.199+0000] {standard_task_runner.py:82} INFO - Running: ['***', 'tasks', 'run', 'our_first_dag_v5', 'first_task', 'scheduled__2022-02-12T00:00:00+00:00', '--job-id', '2170', '--raw', '--subdir', 'DAGS_FOLDER/first_Dag.py', '--cfg-path', '/tmp/tmpbhdnoqmm']
[2023-06-07T06:38:42.218+0000] {standard_task_runner.py:83} INFO - Job 2170: Subtask first_task
[2023-06-07T06:38:43.253+0000] {task_command.py:389} INFO - Running <TaskInstance: our_first_dag_v5.first_task scheduled__2022-02-12T00:00:00+00:00 [running]> on host 026ed797f3b3
[2023-06-07T06:38:43.774+0000] {taskinstance.py:1513} INFO - Exporting the following env vars:
AIRFLOW_CTX_DAG_OWNER=coder2j
AIRFLOW_CTX_DAG_ID=our_first_dag_v5
AIRFLOW_CTX_TASK_ID=first_task
AIRFLOW_CTX_EXECUTION_DATE=2022-02-12T00:00:00+00:00
AIRFLOW_CTX_TRY_NUMBER=1
AIRFLOW_CTX_DAG_RUN_ID=scheduled__2022-02-12T00:00:00+00:00
[2023-06-07T06:38:43.778+0000] {subprocess.py:63} INFO - Tmp dir root location: 
 /tmp
[2023-06-07T06:38:43.783+0000] {subprocess.py:75} INFO - Running command: ['/bin/bash', '-c', 'echo hello world, this is the first task!']
[2023-06-07T06:38:43.816+0000] {subprocess.py:86} INFO - Output:
[2023-06-07T06:38:43.825+0000] {subprocess.py:93} INFO - hello world, this is the first task!
[2023-06-07T06:38:43.828+0000] {subprocess.py:97} INFO - Command exited with return code 0
[2023-06-07T06:38:43.986+0000] {taskinstance.py:1327} INFO - Marking task as SUCCESS. dag_id=our_first_dag_v5, task_id=first_task, execution_date=20220212T000000, start_date=20230607T063841, end_date=20230607T063843
[2023-06-07T06:38:44.153+0000] {local_task_job.py:159} INFO - Task exited with return code 0
[2023-06-07T06:38:44.220+0000] {taskinstance.py:2582} INFO - 2 downstream tasks scheduled from follow-on schedule check
