[2023-05-30T11:29:24.699+0000] {taskinstance.py:1087} INFO - Dependencies all met for <TaskInstance: our_first_dag_v5.thrid_task scheduled__2021-10-23T00:00:00+00:00 [queued]>
[2023-05-30T11:29:24.765+0000] {taskinstance.py:1087} INFO - Dependencies all met for <TaskInstance: our_first_dag_v5.thrid_task scheduled__2021-10-23T00:00:00+00:00 [queued]>
[2023-05-30T11:29:24.774+0000] {taskinstance.py:1283} INFO - 
--------------------------------------------------------------------------------
[2023-05-30T11:29:24.775+0000] {taskinstance.py:1284} INFO - Starting attempt 1 of 6
[2023-05-30T11:29:24.786+0000] {taskinstance.py:1285} INFO - 
--------------------------------------------------------------------------------
[2023-05-30T11:29:24.918+0000] {taskinstance.py:1304} INFO - Executing <Task(BashOperator): thrid_task> on 2021-10-23 00:00:00+00:00
[2023-05-30T11:29:24.930+0000] {standard_task_runner.py:55} INFO - Started process 2532 to run task
[2023-05-30T11:29:24.997+0000] {standard_task_runner.py:82} INFO - Running: ['***', 'tasks', 'run', 'our_first_dag_v5', 'thrid_task', 'scheduled__2021-10-23T00:00:00+00:00', '--job-id', '267', '--raw', '--subdir', 'DAGS_FOLDER/first_Dag.py', '--cfg-path', '/tmp/tmp8t16bjf0']
[2023-05-30T11:29:25.005+0000] {standard_task_runner.py:83} INFO - Job 267: Subtask thrid_task
[2023-05-30T11:29:25.258+0000] {task_command.py:389} INFO - Running <TaskInstance: our_first_dag_v5.thrid_task scheduled__2021-10-23T00:00:00+00:00 [running]> on host 49219f98c96e
[2023-05-30T11:29:25.544+0000] {taskinstance.py:1513} INFO - Exporting the following env vars:
AIRFLOW_CTX_DAG_OWNER=coder2j
AIRFLOW_CTX_DAG_ID=our_first_dag_v5
AIRFLOW_CTX_TASK_ID=thrid_task
AIRFLOW_CTX_EXECUTION_DATE=2021-10-23T00:00:00+00:00
AIRFLOW_CTX_TRY_NUMBER=1
AIRFLOW_CTX_DAG_RUN_ID=scheduled__2021-10-23T00:00:00+00:00
[2023-05-30T11:29:25.551+0000] {subprocess.py:63} INFO - Tmp dir root location: 
 /tmp
[2023-05-30T11:29:25.557+0000] {subprocess.py:75} INFO - Running command: ['/bin/bash', '-c', 'echo hey, I am task3 and will be running after task1 at the same time as task2!']
[2023-05-30T11:29:25.605+0000] {subprocess.py:86} INFO - Output:
[2023-05-30T11:29:25.606+0000] {subprocess.py:93} INFO - hey, I am task3 and will be running after task1 at the same time as task2!
[2023-05-30T11:29:25.608+0000] {subprocess.py:97} INFO - Command exited with return code 0
[2023-05-30T11:29:25.696+0000] {taskinstance.py:1327} INFO - Marking task as SUCCESS. dag_id=our_first_dag_v5, task_id=thrid_task, execution_date=20211023T000000, start_date=20230530T112924, end_date=20230530T112925
[2023-05-30T11:29:25.823+0000] {local_task_job.py:159} INFO - Task exited with return code 0
[2023-05-30T11:29:25.912+0000] {taskinstance.py:2582} INFO - 0 downstream tasks scheduled from follow-on schedule check
[2023-06-07T06:33:59.422+0000] {taskinstance.py:1087} INFO - Dependencies all met for <TaskInstance: our_first_dag_v5.thrid_task scheduled__2021-10-23T00:00:00+00:00 [queued]>
[2023-06-07T06:33:59.564+0000] {taskinstance.py:1087} INFO - Dependencies all met for <TaskInstance: our_first_dag_v5.thrid_task scheduled__2021-10-23T00:00:00+00:00 [queued]>
[2023-06-07T06:33:59.569+0000] {taskinstance.py:1283} INFO - 
--------------------------------------------------------------------------------
[2023-06-07T06:33:59.571+0000] {taskinstance.py:1284} INFO - Starting attempt 1 of 6
[2023-06-07T06:33:59.575+0000] {taskinstance.py:1285} INFO - 
--------------------------------------------------------------------------------
[2023-06-07T06:33:59.713+0000] {taskinstance.py:1304} INFO - Executing <Task(BashOperator): thrid_task> on 2021-10-23 00:00:00+00:00
[2023-06-07T06:33:59.736+0000] {standard_task_runner.py:55} INFO - Started process 1824 to run task
[2023-06-07T06:33:59.796+0000] {standard_task_runner.py:82} INFO - Running: ['***', 'tasks', 'run', 'our_first_dag_v5', 'thrid_task', 'scheduled__2021-10-23T00:00:00+00:00', '--job-id', '1513', '--raw', '--subdir', 'DAGS_FOLDER/first_Dag.py', '--cfg-path', '/tmp/tmp6ttekmjf']
[2023-06-07T06:33:59.801+0000] {standard_task_runner.py:83} INFO - Job 1513: Subtask thrid_task
[2023-06-07T06:34:00.295+0000] {task_command.py:389} INFO - Running <TaskInstance: our_first_dag_v5.thrid_task scheduled__2021-10-23T00:00:00+00:00 [running]> on host 026ed797f3b3
[2023-06-07T06:34:00.914+0000] {taskinstance.py:1513} INFO - Exporting the following env vars:
AIRFLOW_CTX_DAG_OWNER=coder2j
AIRFLOW_CTX_DAG_ID=our_first_dag_v5
AIRFLOW_CTX_TASK_ID=thrid_task
AIRFLOW_CTX_EXECUTION_DATE=2021-10-23T00:00:00+00:00
AIRFLOW_CTX_TRY_NUMBER=1
AIRFLOW_CTX_DAG_RUN_ID=scheduled__2021-10-23T00:00:00+00:00
[2023-06-07T06:34:00.947+0000] {subprocess.py:63} INFO - Tmp dir root location: 
 /tmp
[2023-06-07T06:34:00.961+0000] {subprocess.py:75} INFO - Running command: ['/bin/bash', '-c', 'echo hey, I am task3 and will be running after task1 at the same time as task2!']
[2023-06-07T06:34:01.209+0000] {subprocess.py:86} INFO - Output:
[2023-06-07T06:34:01.228+0000] {subprocess.py:93} INFO - hey, I am task3 and will be running after task1 at the same time as task2!
[2023-06-07T06:34:01.231+0000] {subprocess.py:97} INFO - Command exited with return code 0
[2023-06-07T06:34:01.400+0000] {taskinstance.py:1327} INFO - Marking task as SUCCESS. dag_id=our_first_dag_v5, task_id=thrid_task, execution_date=20211023T000000, start_date=20230607T063359, end_date=20230607T063401
[2023-06-07T06:34:02.043+0000] {local_task_job.py:159} INFO - Task exited with return code 0
[2023-06-07T06:34:02.253+0000] {taskinstance.py:2582} INFO - 0 downstream tasks scheduled from follow-on schedule check
