[2023-05-30T12:33:32.110+0000] {taskinstance.py:1087} INFO - Dependencies all met for <TaskInstance: our_dag_with_python_operator_v07.get_age scheduled__2022-04-17T00:00:00+00:00 [queued]>
[2023-05-30T12:33:32.136+0000] {taskinstance.py:1087} INFO - Dependencies all met for <TaskInstance: our_dag_with_python_operator_v07.get_age scheduled__2022-04-17T00:00:00+00:00 [queued]>
[2023-05-30T12:33:32.138+0000] {taskinstance.py:1283} INFO - 
--------------------------------------------------------------------------------
[2023-05-30T12:33:32.140+0000] {taskinstance.py:1284} INFO - Starting attempt 1 of 6
[2023-05-30T12:33:32.142+0000] {taskinstance.py:1285} INFO - 
--------------------------------------------------------------------------------
[2023-05-30T12:33:32.194+0000] {taskinstance.py:1304} INFO - Executing <Task(PythonOperator): get_age> on 2022-04-17 00:00:00+00:00
[2023-05-30T12:33:32.207+0000] {standard_task_runner.py:55} INFO - Started process 10510 to run task
[2023-05-30T12:33:32.233+0000] {standard_task_runner.py:82} INFO - Running: ['***', 'tasks', 'run', 'our_dag_with_python_operator_v07', 'get_age', 'scheduled__2022-04-17T00:00:00+00:00', '--job-id', '1694', '--raw', '--subdir', 'DAGS_FOLDER/dag_python_opr.py', '--cfg-path', '/tmp/tmpr9c2vcbr']
[2023-05-30T12:33:32.238+0000] {standard_task_runner.py:83} INFO - Job 1694: Subtask get_age
[2023-05-30T12:33:32.392+0000] {task_command.py:389} INFO - Running <TaskInstance: our_dag_with_python_operator_v07.get_age scheduled__2022-04-17T00:00:00+00:00 [running]> on host 49219f98c96e
[2023-05-30T12:33:32.514+0000] {taskinstance.py:1513} INFO - Exporting the following env vars:
AIRFLOW_CTX_DAG_OWNER=coder2j
AIRFLOW_CTX_DAG_ID=our_dag_with_python_operator_v07
AIRFLOW_CTX_TASK_ID=get_age
AIRFLOW_CTX_EXECUTION_DATE=2022-04-17T00:00:00+00:00
AIRFLOW_CTX_TRY_NUMBER=1
AIRFLOW_CTX_DAG_RUN_ID=scheduled__2022-04-17T00:00:00+00:00
[2023-05-30T12:33:32.543+0000] {python.py:177} INFO - Done. Returned value was: None
[2023-05-30T12:33:32.562+0000] {taskinstance.py:1327} INFO - Marking task as SUCCESS. dag_id=our_dag_with_python_operator_v07, task_id=get_age, execution_date=20220417T000000, start_date=20230530T123332, end_date=20230530T123332
[2023-05-30T12:33:32.604+0000] {local_task_job.py:159} INFO - Task exited with return code 0
[2023-05-30T12:33:32.651+0000] {taskinstance.py:2582} INFO - 0 downstream tasks scheduled from follow-on schedule check
[2023-06-07T06:38:26.927+0000] {taskinstance.py:1087} INFO - Dependencies all met for <TaskInstance: our_dag_with_python_operator_v07.get_age scheduled__2022-04-17T00:00:00+00:00 [queued]>
[2023-06-07T06:38:27.009+0000] {taskinstance.py:1087} INFO - Dependencies all met for <TaskInstance: our_dag_with_python_operator_v07.get_age scheduled__2022-04-17T00:00:00+00:00 [queued]>
[2023-06-07T06:38:27.014+0000] {taskinstance.py:1283} INFO - 
--------------------------------------------------------------------------------
[2023-06-07T06:38:27.022+0000] {taskinstance.py:1284} INFO - Starting attempt 1 of 6
[2023-06-07T06:38:27.024+0000] {taskinstance.py:1285} INFO - 
--------------------------------------------------------------------------------
[2023-06-07T06:38:27.165+0000] {taskinstance.py:1304} INFO - Executing <Task(PythonOperator): get_age> on 2022-04-17 00:00:00+00:00
[2023-06-07T06:38:27.196+0000] {standard_task_runner.py:55} INFO - Started process 3534 to run task
[2023-06-07T06:38:27.257+0000] {standard_task_runner.py:82} INFO - Running: ['***', 'tasks', 'run', 'our_dag_with_python_operator_v07', 'get_age', 'scheduled__2022-04-17T00:00:00+00:00', '--job-id', '2128', '--raw', '--subdir', 'DAGS_FOLDER/dag_python_opr.py', '--cfg-path', '/tmp/tmpjunekl7_']
[2023-06-07T06:38:27.278+0000] {standard_task_runner.py:83} INFO - Job 2128: Subtask get_age
[2023-06-07T06:38:27.690+0000] {task_command.py:389} INFO - Running <TaskInstance: our_dag_with_python_operator_v07.get_age scheduled__2022-04-17T00:00:00+00:00 [running]> on host 026ed797f3b3
[2023-06-07T06:38:28.062+0000] {taskinstance.py:1513} INFO - Exporting the following env vars:
AIRFLOW_CTX_DAG_OWNER=coder2j
AIRFLOW_CTX_DAG_ID=our_dag_with_python_operator_v07
AIRFLOW_CTX_TASK_ID=get_age
AIRFLOW_CTX_EXECUTION_DATE=2022-04-17T00:00:00+00:00
AIRFLOW_CTX_TRY_NUMBER=1
AIRFLOW_CTX_DAG_RUN_ID=scheduled__2022-04-17T00:00:00+00:00
[2023-06-07T06:38:28.110+0000] {python.py:177} INFO - Done. Returned value was: None
[2023-06-07T06:38:28.179+0000] {taskinstance.py:1327} INFO - Marking task as SUCCESS. dag_id=our_dag_with_python_operator_v07, task_id=get_age, execution_date=20220417T000000, start_date=20230607T063826, end_date=20230607T063828
[2023-06-07T06:38:28.307+0000] {local_task_job.py:159} INFO - Task exited with return code 0
[2023-06-07T06:38:28.430+0000] {taskinstance.py:2582} INFO - 1 downstream tasks scheduled from follow-on schedule check
