[2023-05-30T11:29:12.683+0000] {taskinstance.py:1087} INFO - Dependencies all met for <TaskInstance: our_first_dag_v5.thrid_task scheduled__2021-10-10T00:00:00+00:00 [queued]>
[2023-05-30T11:29:12.735+0000] {taskinstance.py:1087} INFO - Dependencies all met for <TaskInstance: our_first_dag_v5.thrid_task scheduled__2021-10-10T00:00:00+00:00 [queued]>
[2023-05-30T11:29:12.736+0000] {taskinstance.py:1283} INFO - 
--------------------------------------------------------------------------------
[2023-05-30T11:29:12.737+0000] {taskinstance.py:1284} INFO - Starting attempt 1 of 6
[2023-05-30T11:29:12.738+0000] {taskinstance.py:1285} INFO - 
--------------------------------------------------------------------------------
[2023-05-30T11:29:12.791+0000] {taskinstance.py:1304} INFO - Executing <Task(BashOperator): thrid_task> on 2021-10-10 00:00:00+00:00
[2023-05-30T11:29:12.800+0000] {standard_task_runner.py:55} INFO - Started process 2399 to run task
[2023-05-30T11:29:12.809+0000] {standard_task_runner.py:82} INFO - Running: ['***', 'tasks', 'run', 'our_first_dag_v5', 'thrid_task', 'scheduled__2021-10-10T00:00:00+00:00', '--job-id', '227', '--raw', '--subdir', 'DAGS_FOLDER/first_Dag.py', '--cfg-path', '/tmp/tmp0dgdi4sd']
[2023-05-30T11:29:12.810+0000] {standard_task_runner.py:83} INFO - Job 227: Subtask thrid_task
[2023-05-30T11:29:13.040+0000] {task_command.py:389} INFO - Running <TaskInstance: our_first_dag_v5.thrid_task scheduled__2021-10-10T00:00:00+00:00 [running]> on host 49219f98c96e
[2023-05-30T11:29:13.426+0000] {taskinstance.py:1513} INFO - Exporting the following env vars:
AIRFLOW_CTX_DAG_OWNER=coder2j
AIRFLOW_CTX_DAG_ID=our_first_dag_v5
AIRFLOW_CTX_TASK_ID=thrid_task
AIRFLOW_CTX_EXECUTION_DATE=2021-10-10T00:00:00+00:00
AIRFLOW_CTX_TRY_NUMBER=1
AIRFLOW_CTX_DAG_RUN_ID=scheduled__2021-10-10T00:00:00+00:00
[2023-05-30T11:29:13.429+0000] {subprocess.py:63} INFO - Tmp dir root location: 
 /tmp
[2023-05-30T11:29:13.431+0000] {subprocess.py:75} INFO - Running command: ['/bin/bash', '-c', 'echo hey, I am task3 and will be running after task1 at the same time as task2!']
[2023-05-30T11:29:13.474+0000] {subprocess.py:86} INFO - Output:
[2023-05-30T11:29:13.482+0000] {subprocess.py:93} INFO - hey, I am task3 and will be running after task1 at the same time as task2!
[2023-05-30T11:29:13.488+0000] {subprocess.py:97} INFO - Command exited with return code 0
[2023-05-30T11:29:13.586+0000] {taskinstance.py:1327} INFO - Marking task as SUCCESS. dag_id=our_first_dag_v5, task_id=thrid_task, execution_date=20211010T000000, start_date=20230530T112912, end_date=20230530T112913
[2023-05-30T11:29:13.695+0000] {local_task_job.py:159} INFO - Task exited with return code 0
[2023-05-30T11:29:13.737+0000] {taskinstance.py:2582} INFO - 0 downstream tasks scheduled from follow-on schedule check
[2023-06-07T06:33:31.427+0000] {taskinstance.py:1087} INFO - Dependencies all met for <TaskInstance: our_first_dag_v5.thrid_task scheduled__2021-10-10T00:00:00+00:00 [queued]>
[2023-06-07T06:33:31.532+0000] {taskinstance.py:1087} INFO - Dependencies all met for <TaskInstance: our_first_dag_v5.thrid_task scheduled__2021-10-10T00:00:00+00:00 [queued]>
[2023-06-07T06:33:31.540+0000] {taskinstance.py:1283} INFO - 
--------------------------------------------------------------------------------
[2023-06-07T06:33:31.549+0000] {taskinstance.py:1284} INFO - Starting attempt 1 of 6
[2023-06-07T06:33:31.565+0000] {taskinstance.py:1285} INFO - 
--------------------------------------------------------------------------------
[2023-06-07T06:33:31.710+0000] {taskinstance.py:1304} INFO - Executing <Task(BashOperator): thrid_task> on 2021-10-10 00:00:00+00:00
[2023-06-07T06:33:31.854+0000] {standard_task_runner.py:82} INFO - Running: ['***', 'tasks', 'run', 'our_first_dag_v5', 'thrid_task', 'scheduled__2021-10-10T00:00:00+00:00', '--job-id', '1439', '--raw', '--subdir', 'DAGS_FOLDER/first_Dag.py', '--cfg-path', '/tmp/tmpv2o7yi38']
[2023-06-07T06:33:31.885+0000] {standard_task_runner.py:83} INFO - Job 1439: Subtask thrid_task
[2023-06-07T06:33:31.817+0000] {standard_task_runner.py:55} INFO - Started process 1617 to run task
[2023-06-07T06:33:32.440+0000] {task_command.py:389} INFO - Running <TaskInstance: our_first_dag_v5.thrid_task scheduled__2021-10-10T00:00:00+00:00 [running]> on host 026ed797f3b3
[2023-06-07T06:33:33.198+0000] {taskinstance.py:1513} INFO - Exporting the following env vars:
AIRFLOW_CTX_DAG_OWNER=coder2j
AIRFLOW_CTX_DAG_ID=our_first_dag_v5
AIRFLOW_CTX_TASK_ID=thrid_task
AIRFLOW_CTX_EXECUTION_DATE=2021-10-10T00:00:00+00:00
AIRFLOW_CTX_TRY_NUMBER=1
AIRFLOW_CTX_DAG_RUN_ID=scheduled__2021-10-10T00:00:00+00:00
[2023-06-07T06:33:33.208+0000] {subprocess.py:63} INFO - Tmp dir root location: 
 /tmp
[2023-06-07T06:33:33.214+0000] {subprocess.py:75} INFO - Running command: ['/bin/bash', '-c', 'echo hey, I am task3 and will be running after task1 at the same time as task2!']
[2023-06-07T06:33:33.304+0000] {subprocess.py:86} INFO - Output:
[2023-06-07T06:33:33.316+0000] {subprocess.py:93} INFO - hey, I am task3 and will be running after task1 at the same time as task2!
[2023-06-07T06:33:33.318+0000] {subprocess.py:97} INFO - Command exited with return code 0
[2023-06-07T06:33:33.482+0000] {taskinstance.py:1327} INFO - Marking task as SUCCESS. dag_id=our_first_dag_v5, task_id=thrid_task, execution_date=20211010T000000, start_date=20230607T063331, end_date=20230607T063333
[2023-06-07T06:33:33.587+0000] {local_task_job.py:159} INFO - Task exited with return code 0
[2023-06-07T06:33:33.643+0000] {taskinstance.py:2582} INFO - 0 downstream tasks scheduled from follow-on schedule check
