[2023-05-30T11:37:27.219+0000] {taskinstance.py:1087} INFO - Dependencies all met for <TaskInstance: our_dag_with_python_operator_v07.get_age scheduled__2021-12-10T00:00:00+00:00 [queued]>
[2023-05-30T11:37:27.307+0000] {taskinstance.py:1087} INFO - Dependencies all met for <TaskInstance: our_dag_with_python_operator_v07.get_age scheduled__2021-12-10T00:00:00+00:00 [queued]>
[2023-05-30T11:37:27.312+0000] {taskinstance.py:1283} INFO - 
--------------------------------------------------------------------------------
[2023-05-30T11:37:27.314+0000] {taskinstance.py:1284} INFO - Starting attempt 1 of 6
[2023-05-30T11:37:27.316+0000] {taskinstance.py:1285} INFO - 
--------------------------------------------------------------------------------
[2023-05-30T11:37:27.409+0000] {taskinstance.py:1304} INFO - Executing <Task(PythonOperator): get_age> on 2021-12-10 00:00:00+00:00
[2023-05-30T11:37:27.426+0000] {standard_task_runner.py:55} INFO - Started process 5939 to run task
[2023-05-30T11:37:27.442+0000] {standard_task_runner.py:82} INFO - Running: ['***', 'tasks', 'run', 'our_dag_with_python_operator_v07', 'get_age', 'scheduled__2021-12-10T00:00:00+00:00', '--job-id', '1307', '--raw', '--subdir', 'DAGS_FOLDER/dag_python_opr.py', '--cfg-path', '/tmp/tmp_zdpdjq0']
[2023-05-30T11:37:27.444+0000] {standard_task_runner.py:83} INFO - Job 1307: Subtask get_age
[2023-05-30T11:37:27.766+0000] {task_command.py:389} INFO - Running <TaskInstance: our_dag_with_python_operator_v07.get_age scheduled__2021-12-10T00:00:00+00:00 [running]> on host 49219f98c96e
[2023-05-30T11:37:28.088+0000] {taskinstance.py:1513} INFO - Exporting the following env vars:
AIRFLOW_CTX_DAG_OWNER=coder2j
AIRFLOW_CTX_DAG_ID=our_dag_with_python_operator_v07
AIRFLOW_CTX_TASK_ID=get_age
AIRFLOW_CTX_EXECUTION_DATE=2021-12-10T00:00:00+00:00
AIRFLOW_CTX_TRY_NUMBER=1
AIRFLOW_CTX_DAG_RUN_ID=scheduled__2021-12-10T00:00:00+00:00
[2023-05-30T11:37:28.126+0000] {python.py:177} INFO - Done. Returned value was: None
[2023-05-30T11:37:28.195+0000] {taskinstance.py:1327} INFO - Marking task as SUCCESS. dag_id=our_dag_with_python_operator_v07, task_id=get_age, execution_date=20211210T000000, start_date=20230530T113727, end_date=20230530T113728
[2023-05-30T11:37:28.294+0000] {local_task_job.py:159} INFO - Task exited with return code 0
[2023-05-30T11:37:28.421+0000] {taskinstance.py:2582} INFO - 0 downstream tasks scheduled from follow-on schedule check
[2023-06-07T06:32:58.622+0000] {taskinstance.py:1087} INFO - Dependencies all met for <TaskInstance: our_dag_with_python_operator_v07.get_age scheduled__2021-12-10T00:00:00+00:00 [queued]>
[2023-06-07T06:32:58.738+0000] {taskinstance.py:1087} INFO - Dependencies all met for <TaskInstance: our_dag_with_python_operator_v07.get_age scheduled__2021-12-10T00:00:00+00:00 [queued]>
[2023-06-07T06:32:58.743+0000] {taskinstance.py:1283} INFO - 
--------------------------------------------------------------------------------
[2023-06-07T06:32:58.748+0000] {taskinstance.py:1284} INFO - Starting attempt 1 of 6
[2023-06-07T06:32:58.750+0000] {taskinstance.py:1285} INFO - 
--------------------------------------------------------------------------------
[2023-06-07T06:32:59.054+0000] {taskinstance.py:1304} INFO - Executing <Task(PythonOperator): get_age> on 2021-12-10 00:00:00+00:00
[2023-06-07T06:32:59.089+0000] {standard_task_runner.py:55} INFO - Started process 1352 to run task
[2023-06-07T06:32:59.165+0000] {standard_task_runner.py:82} INFO - Running: ['***', 'tasks', 'run', 'our_dag_with_python_operator_v07', 'get_age', 'scheduled__2021-12-10T00:00:00+00:00', '--job-id', '1344', '--raw', '--subdir', 'DAGS_FOLDER/dag_python_opr.py', '--cfg-path', '/tmp/tmp1mjp_t74']
[2023-06-07T06:32:59.170+0000] {standard_task_runner.py:83} INFO - Job 1344: Subtask get_age
[2023-06-07T06:32:59.761+0000] {task_command.py:389} INFO - Running <TaskInstance: our_dag_with_python_operator_v07.get_age scheduled__2021-12-10T00:00:00+00:00 [running]> on host 026ed797f3b3
[2023-06-07T06:33:00.609+0000] {taskinstance.py:1513} INFO - Exporting the following env vars:
AIRFLOW_CTX_DAG_OWNER=coder2j
AIRFLOW_CTX_DAG_ID=our_dag_with_python_operator_v07
AIRFLOW_CTX_TASK_ID=get_age
AIRFLOW_CTX_EXECUTION_DATE=2021-12-10T00:00:00+00:00
AIRFLOW_CTX_TRY_NUMBER=1
AIRFLOW_CTX_DAG_RUN_ID=scheduled__2021-12-10T00:00:00+00:00
[2023-06-07T06:33:00.700+0000] {python.py:177} INFO - Done. Returned value was: None
[2023-06-07T06:33:00.742+0000] {taskinstance.py:1327} INFO - Marking task as SUCCESS. dag_id=our_dag_with_python_operator_v07, task_id=get_age, execution_date=20211210T000000, start_date=20230607T063258, end_date=20230607T063300
[2023-06-07T06:33:00.874+0000] {local_task_job.py:159} INFO - Task exited with return code 0
[2023-06-07T06:33:00.927+0000] {taskinstance.py:2582} INFO - 1 downstream tasks scheduled from follow-on schedule check
