[2023-05-30T11:37:50.667+0000] {taskinstance.py:1087} INFO - Dependencies all met for <TaskInstance: our_dag_with_python_operator_v07.get_age scheduled__2022-01-01T00:00:00+00:00 [queued]>
[2023-05-30T11:37:50.690+0000] {taskinstance.py:1087} INFO - Dependencies all met for <TaskInstance: our_dag_with_python_operator_v07.get_age scheduled__2022-01-01T00:00:00+00:00 [queued]>
[2023-05-30T11:37:50.693+0000] {taskinstance.py:1283} INFO - 
--------------------------------------------------------------------------------
[2023-05-30T11:37:50.695+0000] {taskinstance.py:1284} INFO - Starting attempt 1 of 6
[2023-05-30T11:37:50.696+0000] {taskinstance.py:1285} INFO - 
--------------------------------------------------------------------------------
[2023-05-30T11:37:50.741+0000] {taskinstance.py:1304} INFO - Executing <Task(PythonOperator): get_age> on 2022-01-01 00:00:00+00:00
[2023-05-30T11:37:50.755+0000] {standard_task_runner.py:55} INFO - Started process 6104 to run task
[2023-05-30T11:37:50.775+0000] {standard_task_runner.py:82} INFO - Running: ['***', 'tasks', 'run', 'our_dag_with_python_operator_v07', 'get_age', 'scheduled__2022-01-01T00:00:00+00:00', '--job-id', '1377', '--raw', '--subdir', 'DAGS_FOLDER/dag_python_opr.py', '--cfg-path', '/tmp/tmppuf8vms2']
[2023-05-30T11:37:50.782+0000] {standard_task_runner.py:83} INFO - Job 1377: Subtask get_age
[2023-05-30T11:37:51.011+0000] {task_command.py:389} INFO - Running <TaskInstance: our_dag_with_python_operator_v07.get_age scheduled__2022-01-01T00:00:00+00:00 [running]> on host 49219f98c96e
[2023-05-30T11:37:51.261+0000] {taskinstance.py:1513} INFO - Exporting the following env vars:
AIRFLOW_CTX_DAG_OWNER=coder2j
AIRFLOW_CTX_DAG_ID=our_dag_with_python_operator_v07
AIRFLOW_CTX_TASK_ID=get_age
AIRFLOW_CTX_EXECUTION_DATE=2022-01-01T00:00:00+00:00
AIRFLOW_CTX_TRY_NUMBER=1
AIRFLOW_CTX_DAG_RUN_ID=scheduled__2022-01-01T00:00:00+00:00
[2023-05-30T11:37:51.314+0000] {python.py:177} INFO - Done. Returned value was: None
[2023-05-30T11:37:51.347+0000] {taskinstance.py:1327} INFO - Marking task as SUCCESS. dag_id=our_dag_with_python_operator_v07, task_id=get_age, execution_date=20220101T000000, start_date=20230530T113750, end_date=20230530T113751
[2023-05-30T11:37:51.406+0000] {local_task_job.py:159} INFO - Task exited with return code 0
[2023-05-30T11:37:51.517+0000] {taskinstance.py:2582} INFO - 1 downstream tasks scheduled from follow-on schedule check
[2023-06-07T06:33:42.302+0000] {taskinstance.py:1087} INFO - Dependencies all met for <TaskInstance: our_dag_with_python_operator_v07.get_age scheduled__2022-01-01T00:00:00+00:00 [queued]>
[2023-06-07T06:33:42.424+0000] {taskinstance.py:1087} INFO - Dependencies all met for <TaskInstance: our_dag_with_python_operator_v07.get_age scheduled__2022-01-01T00:00:00+00:00 [queued]>
[2023-06-07T06:33:42.439+0000] {taskinstance.py:1283} INFO - 
--------------------------------------------------------------------------------
[2023-06-07T06:33:42.450+0000] {taskinstance.py:1284} INFO - Starting attempt 1 of 6
[2023-06-07T06:33:42.452+0000] {taskinstance.py:1285} INFO - 
--------------------------------------------------------------------------------
[2023-06-07T06:33:42.611+0000] {taskinstance.py:1304} INFO - Executing <Task(PythonOperator): get_age> on 2022-01-01 00:00:00+00:00
[2023-06-07T06:33:42.666+0000] {standard_task_runner.py:55} INFO - Started process 1687 to run task
[2023-06-07T06:33:42.697+0000] {standard_task_runner.py:82} INFO - Running: ['***', 'tasks', 'run', 'our_dag_with_python_operator_v07', 'get_age', 'scheduled__2022-01-01T00:00:00+00:00', '--job-id', '1467', '--raw', '--subdir', 'DAGS_FOLDER/dag_python_opr.py', '--cfg-path', '/tmp/tmpgox7s5zt']
[2023-06-07T06:33:42.708+0000] {standard_task_runner.py:83} INFO - Job 1467: Subtask get_age
[2023-06-07T06:33:43.246+0000] {task_command.py:389} INFO - Running <TaskInstance: our_dag_with_python_operator_v07.get_age scheduled__2022-01-01T00:00:00+00:00 [running]> on host 026ed797f3b3
[2023-06-07T06:33:44.035+0000] {taskinstance.py:1513} INFO - Exporting the following env vars:
AIRFLOW_CTX_DAG_OWNER=coder2j
AIRFLOW_CTX_DAG_ID=our_dag_with_python_operator_v07
AIRFLOW_CTX_TASK_ID=get_age
AIRFLOW_CTX_EXECUTION_DATE=2022-01-01T00:00:00+00:00
AIRFLOW_CTX_TRY_NUMBER=1
AIRFLOW_CTX_DAG_RUN_ID=scheduled__2022-01-01T00:00:00+00:00
[2023-06-07T06:33:44.091+0000] {python.py:177} INFO - Done. Returned value was: None
[2023-06-07T06:33:44.144+0000] {taskinstance.py:1327} INFO - Marking task as SUCCESS. dag_id=our_dag_with_python_operator_v07, task_id=get_age, execution_date=20220101T000000, start_date=20230607T063342, end_date=20230607T063344
[2023-06-07T06:33:44.436+0000] {local_task_job.py:159} INFO - Task exited with return code 0
[2023-06-07T06:33:44.528+0000] {taskinstance.py:2582} INFO - 1 downstream tasks scheduled from follow-on schedule check
