[2023-05-30T11:30:59.711+0000] {taskinstance.py:1087} INFO - Dependencies all met for <TaskInstance: our_first_dag_v5.first_task scheduled__2022-01-19T00:00:00+00:00 [queued]>
[2023-05-30T11:30:59.738+0000] {taskinstance.py:1087} INFO - Dependencies all met for <TaskInstance: our_first_dag_v5.first_task scheduled__2022-01-19T00:00:00+00:00 [queued]>
[2023-05-30T11:30:59.740+0000] {taskinstance.py:1283} INFO - 
--------------------------------------------------------------------------------
[2023-05-30T11:30:59.742+0000] {taskinstance.py:1284} INFO - Starting attempt 1 of 6
[2023-05-30T11:30:59.744+0000] {taskinstance.py:1285} INFO - 
--------------------------------------------------------------------------------
[2023-05-30T11:30:59.776+0000] {taskinstance.py:1304} INFO - Executing <Task(BashOperator): first_task> on 2022-01-19 00:00:00+00:00
[2023-05-30T11:30:59.786+0000] {standard_task_runner.py:55} INFO - Started process 3397 to run task
[2023-05-30T11:30:59.797+0000] {standard_task_runner.py:82} INFO - Running: ['***', 'tasks', 'run', 'our_first_dag_v5', 'first_task', 'scheduled__2022-01-19T00:00:00+00:00', '--job-id', '523', '--raw', '--subdir', 'DAGS_FOLDER/first_Dag.py', '--cfg-path', '/tmp/tmpmwrpeiox']
[2023-05-30T11:30:59.799+0000] {standard_task_runner.py:83} INFO - Job 523: Subtask first_task
[2023-05-30T11:30:59.967+0000] {task_command.py:389} INFO - Running <TaskInstance: our_first_dag_v5.first_task scheduled__2022-01-19T00:00:00+00:00 [running]> on host 49219f98c96e
[2023-05-30T11:31:00.114+0000] {taskinstance.py:1513} INFO - Exporting the following env vars:
AIRFLOW_CTX_DAG_OWNER=coder2j
AIRFLOW_CTX_DAG_ID=our_first_dag_v5
AIRFLOW_CTX_TASK_ID=first_task
AIRFLOW_CTX_EXECUTION_DATE=2022-01-19T00:00:00+00:00
AIRFLOW_CTX_TRY_NUMBER=1
AIRFLOW_CTX_DAG_RUN_ID=scheduled__2022-01-19T00:00:00+00:00
[2023-05-30T11:31:00.119+0000] {subprocess.py:63} INFO - Tmp dir root location: 
 /tmp
[2023-05-30T11:31:00.121+0000] {subprocess.py:75} INFO - Running command: ['/bin/bash', '-c', 'echo hello world, this is the first task!']
[2023-05-30T11:31:00.142+0000] {subprocess.py:86} INFO - Output:
[2023-05-30T11:31:00.148+0000] {subprocess.py:93} INFO - hello world, this is the first task!
[2023-05-30T11:31:00.150+0000] {subprocess.py:97} INFO - Command exited with return code 0
[2023-05-30T11:31:00.206+0000] {taskinstance.py:1327} INFO - Marking task as SUCCESS. dag_id=our_first_dag_v5, task_id=first_task, execution_date=20220119T000000, start_date=20230530T113059, end_date=20230530T113100
[2023-05-30T11:31:00.299+0000] {local_task_job.py:159} INFO - Task exited with return code 0
[2023-05-30T11:31:00.352+0000] {taskinstance.py:2582} INFO - 2 downstream tasks scheduled from follow-on schedule check
[2023-06-07T06:37:47.429+0000] {taskinstance.py:1087} INFO - Dependencies all met for <TaskInstance: our_first_dag_v5.first_task scheduled__2022-01-19T00:00:00+00:00 [queued]>
[2023-06-07T06:37:47.532+0000] {taskinstance.py:1087} INFO - Dependencies all met for <TaskInstance: our_first_dag_v5.first_task scheduled__2022-01-19T00:00:00+00:00 [queued]>
[2023-06-07T06:37:47.548+0000] {taskinstance.py:1283} INFO - 
--------------------------------------------------------------------------------
[2023-06-07T06:37:47.566+0000] {taskinstance.py:1284} INFO - Starting attempt 1 of 6
[2023-06-07T06:37:47.568+0000] {taskinstance.py:1285} INFO - 
--------------------------------------------------------------------------------
[2023-06-07T06:37:47.632+0000] {taskinstance.py:1304} INFO - Executing <Task(BashOperator): first_task> on 2022-01-19 00:00:00+00:00
[2023-06-07T06:37:47.676+0000] {standard_task_runner.py:55} INFO - Started process 3250 to run task
[2023-06-07T06:37:47.748+0000] {standard_task_runner.py:82} INFO - Running: ['***', 'tasks', 'run', 'our_first_dag_v5', 'first_task', 'scheduled__2022-01-19T00:00:00+00:00', '--job-id', '2025', '--raw', '--subdir', 'DAGS_FOLDER/first_Dag.py', '--cfg-path', '/tmp/tmpabdiywou']
[2023-06-07T06:37:47.779+0000] {standard_task_runner.py:83} INFO - Job 2025: Subtask first_task
[2023-06-07T06:37:48.150+0000] {task_command.py:389} INFO - Running <TaskInstance: our_first_dag_v5.first_task scheduled__2022-01-19T00:00:00+00:00 [running]> on host 026ed797f3b3
[2023-06-07T06:37:49.056+0000] {taskinstance.py:1513} INFO - Exporting the following env vars:
AIRFLOW_CTX_DAG_OWNER=coder2j
AIRFLOW_CTX_DAG_ID=our_first_dag_v5
AIRFLOW_CTX_TASK_ID=first_task
AIRFLOW_CTX_EXECUTION_DATE=2022-01-19T00:00:00+00:00
AIRFLOW_CTX_TRY_NUMBER=1
AIRFLOW_CTX_DAG_RUN_ID=scheduled__2022-01-19T00:00:00+00:00
[2023-06-07T06:37:49.062+0000] {subprocess.py:63} INFO - Tmp dir root location: 
 /tmp
[2023-06-07T06:37:49.065+0000] {subprocess.py:75} INFO - Running command: ['/bin/bash', '-c', 'echo hello world, this is the first task!']
[2023-06-07T06:37:49.221+0000] {subprocess.py:86} INFO - Output:
[2023-06-07T06:37:49.245+0000] {subprocess.py:93} INFO - hello world, this is the first task!
[2023-06-07T06:37:49.248+0000] {subprocess.py:97} INFO - Command exited with return code 0
[2023-06-07T06:37:49.424+0000] {taskinstance.py:1327} INFO - Marking task as SUCCESS. dag_id=our_first_dag_v5, task_id=first_task, execution_date=20220119T000000, start_date=20230607T063747, end_date=20230607T063749
[2023-06-07T06:37:49.625+0000] {local_task_job.py:159} INFO - Task exited with return code 0
[2023-06-07T06:37:49.907+0000] {taskinstance.py:2582} INFO - 2 downstream tasks scheduled from follow-on schedule check
