[2023-05-30T11:36:35.886+0000] {taskinstance.py:1087} INFO - Dependencies all met for <TaskInstance: our_dag_with_python_operator_v07.get_name scheduled__2021-10-19T00:00:00+00:00 [queued]>
[2023-05-30T11:36:35.931+0000] {taskinstance.py:1087} INFO - Dependencies all met for <TaskInstance: our_dag_with_python_operator_v07.get_name scheduled__2021-10-19T00:00:00+00:00 [queued]>
[2023-05-30T11:36:35.933+0000] {taskinstance.py:1283} INFO - 
--------------------------------------------------------------------------------
[2023-05-30T11:36:35.935+0000] {taskinstance.py:1284} INFO - Starting attempt 1 of 6
[2023-05-30T11:36:35.937+0000] {taskinstance.py:1285} INFO - 
--------------------------------------------------------------------------------
[2023-05-30T11:36:36.004+0000] {taskinstance.py:1304} INFO - Executing <Task(PythonOperator): get_name> on 2021-10-19 00:00:00+00:00
[2023-05-30T11:36:36.027+0000] {standard_task_runner.py:55} INFO - Started process 5588 to run task
[2023-05-30T11:36:36.047+0000] {standard_task_runner.py:82} INFO - Running: ['***', 'tasks', 'run', 'our_dag_with_python_operator_v07', 'get_name', 'scheduled__2021-10-19T00:00:00+00:00', '--job-id', '1154', '--raw', '--subdir', 'DAGS_FOLDER/dag_python_opr.py', '--cfg-path', '/tmp/tmp21t320g2']
[2023-05-30T11:36:36.051+0000] {standard_task_runner.py:83} INFO - Job 1154: Subtask get_name
[2023-05-30T11:36:36.237+0000] {task_command.py:389} INFO - Running <TaskInstance: our_dag_with_python_operator_v07.get_name scheduled__2021-10-19T00:00:00+00:00 [running]> on host 49219f98c96e
[2023-05-30T11:36:36.515+0000] {taskinstance.py:1513} INFO - Exporting the following env vars:
AIRFLOW_CTX_DAG_OWNER=coder2j
AIRFLOW_CTX_DAG_ID=our_dag_with_python_operator_v07
AIRFLOW_CTX_TASK_ID=get_name
AIRFLOW_CTX_EXECUTION_DATE=2021-10-19T00:00:00+00:00
AIRFLOW_CTX_TRY_NUMBER=1
AIRFLOW_CTX_DAG_RUN_ID=scheduled__2021-10-19T00:00:00+00:00
[2023-05-30T11:36:36.595+0000] {python.py:177} INFO - Done. Returned value was: None
[2023-05-30T11:36:36.644+0000] {taskinstance.py:1327} INFO - Marking task as SUCCESS. dag_id=our_dag_with_python_operator_v07, task_id=get_name, execution_date=20211019T000000, start_date=20230530T113635, end_date=20230530T113636
[2023-05-30T11:36:36.723+0000] {local_task_job.py:159} INFO - Task exited with return code 0
[2023-05-30T11:36:36.783+0000] {taskinstance.py:2582} INFO - 0 downstream tasks scheduled from follow-on schedule check
[2023-06-07T06:31:09.271+0000] {taskinstance.py:1087} INFO - Dependencies all met for <TaskInstance: our_dag_with_python_operator_v07.get_name scheduled__2021-10-19T00:00:00+00:00 [queued]>
[2023-06-07T06:31:09.410+0000] {taskinstance.py:1087} INFO - Dependencies all met for <TaskInstance: our_dag_with_python_operator_v07.get_name scheduled__2021-10-19T00:00:00+00:00 [queued]>
[2023-06-07T06:31:09.417+0000] {taskinstance.py:1283} INFO - 
--------------------------------------------------------------------------------
[2023-06-07T06:31:09.421+0000] {taskinstance.py:1284} INFO - Starting attempt 1 of 6
[2023-06-07T06:31:09.424+0000] {taskinstance.py:1285} INFO - 
--------------------------------------------------------------------------------
[2023-06-07T06:31:09.598+0000] {taskinstance.py:1304} INFO - Executing <Task(PythonOperator): get_name> on 2021-10-19 00:00:00+00:00
[2023-06-07T06:31:09.632+0000] {standard_task_runner.py:82} INFO - Running: ['***', 'tasks', 'run', 'our_dag_with_python_operator_v07', 'get_name', 'scheduled__2021-10-19T00:00:00+00:00', '--job-id', '1039', '--raw', '--subdir', 'DAGS_FOLDER/dag_python_opr.py', '--cfg-path', '/tmp/tmpmxyy44rw']
[2023-06-07T06:31:09.635+0000] {standard_task_runner.py:83} INFO - Job 1039: Subtask get_name
[2023-06-07T06:31:09.628+0000] {standard_task_runner.py:55} INFO - Started process 530 to run task
[2023-06-07T06:31:09.928+0000] {task_command.py:389} INFO - Running <TaskInstance: our_dag_with_python_operator_v07.get_name scheduled__2021-10-19T00:00:00+00:00 [running]> on host 026ed797f3b3
[2023-06-07T06:31:10.815+0000] {taskinstance.py:1513} INFO - Exporting the following env vars:
AIRFLOW_CTX_DAG_OWNER=coder2j
AIRFLOW_CTX_DAG_ID=our_dag_with_python_operator_v07
AIRFLOW_CTX_TASK_ID=get_name
AIRFLOW_CTX_EXECUTION_DATE=2021-10-19T00:00:00+00:00
AIRFLOW_CTX_TRY_NUMBER=1
AIRFLOW_CTX_DAG_RUN_ID=scheduled__2021-10-19T00:00:00+00:00
[2023-06-07T06:31:11.092+0000] {python.py:177} INFO - Done. Returned value was: None
[2023-06-07T06:31:11.190+0000] {taskinstance.py:1327} INFO - Marking task as SUCCESS. dag_id=our_dag_with_python_operator_v07, task_id=get_name, execution_date=20211019T000000, start_date=20230607T063109, end_date=20230607T063111
[2023-06-07T06:31:11.770+0000] {local_task_job.py:159} INFO - Task exited with return code 0
[2023-06-07T06:31:11.926+0000] {taskinstance.py:2582} INFO - 0 downstream tasks scheduled from follow-on schedule check
