[2023-05-30T12:33:13.047+0000] {taskinstance.py:1087} INFO - Dependencies all met for <TaskInstance: our_dag_with_python_operator_v07.get_age scheduled__2022-03-29T00:00:00+00:00 [queued]>
[2023-05-30T12:33:13.092+0000] {taskinstance.py:1087} INFO - Dependencies all met for <TaskInstance: our_dag_with_python_operator_v07.get_age scheduled__2022-03-29T00:00:00+00:00 [queued]>
[2023-05-30T12:33:13.095+0000] {taskinstance.py:1283} INFO - 
--------------------------------------------------------------------------------
[2023-05-30T12:33:13.097+0000] {taskinstance.py:1284} INFO - Starting attempt 1 of 6
[2023-05-30T12:33:13.098+0000] {taskinstance.py:1285} INFO - 
--------------------------------------------------------------------------------
[2023-05-30T12:33:13.154+0000] {taskinstance.py:1304} INFO - Executing <Task(PythonOperator): get_age> on 2022-03-29 00:00:00+00:00
[2023-05-30T12:33:13.169+0000] {standard_task_runner.py:55} INFO - Started process 10383 to run task
[2023-05-30T12:33:13.182+0000] {standard_task_runner.py:82} INFO - Running: ['***', 'tasks', 'run', 'our_dag_with_python_operator_v07', 'get_age', 'scheduled__2022-03-29T00:00:00+00:00', '--job-id', '1639', '--raw', '--subdir', 'DAGS_FOLDER/dag_python_opr.py', '--cfg-path', '/tmp/tmpqsp41072']
[2023-05-30T12:33:13.184+0000] {standard_task_runner.py:83} INFO - Job 1639: Subtask get_age
[2023-05-30T12:33:13.361+0000] {task_command.py:389} INFO - Running <TaskInstance: our_dag_with_python_operator_v07.get_age scheduled__2022-03-29T00:00:00+00:00 [running]> on host 49219f98c96e
[2023-05-30T12:33:13.601+0000] {taskinstance.py:1513} INFO - Exporting the following env vars:
AIRFLOW_CTX_DAG_OWNER=coder2j
AIRFLOW_CTX_DAG_ID=our_dag_with_python_operator_v07
AIRFLOW_CTX_TASK_ID=get_age
AIRFLOW_CTX_EXECUTION_DATE=2022-03-29T00:00:00+00:00
AIRFLOW_CTX_TRY_NUMBER=1
AIRFLOW_CTX_DAG_RUN_ID=scheduled__2022-03-29T00:00:00+00:00
[2023-05-30T12:33:13.629+0000] {python.py:177} INFO - Done. Returned value was: None
[2023-05-30T12:33:13.654+0000] {taskinstance.py:1327} INFO - Marking task as SUCCESS. dag_id=our_dag_with_python_operator_v07, task_id=get_age, execution_date=20220329T000000, start_date=20230530T123313, end_date=20230530T123313
[2023-05-30T12:33:13.725+0000] {local_task_job.py:159} INFO - Task exited with return code 0
[2023-05-30T12:33:13.786+0000] {taskinstance.py:2582} INFO - 1 downstream tasks scheduled from follow-on schedule check
[2023-06-07T06:37:35.633+0000] {taskinstance.py:1087} INFO - Dependencies all met for <TaskInstance: our_dag_with_python_operator_v07.get_age scheduled__2022-03-29T00:00:00+00:00 [queued]>
[2023-06-07T06:37:35.737+0000] {taskinstance.py:1087} INFO - Dependencies all met for <TaskInstance: our_dag_with_python_operator_v07.get_age scheduled__2022-03-29T00:00:00+00:00 [queued]>
[2023-06-07T06:37:35.742+0000] {taskinstance.py:1283} INFO - 
--------------------------------------------------------------------------------
[2023-06-07T06:37:35.754+0000] {taskinstance.py:1284} INFO - Starting attempt 1 of 6
[2023-06-07T06:37:35.757+0000] {taskinstance.py:1285} INFO - 
--------------------------------------------------------------------------------
[2023-06-07T06:37:36.207+0000] {taskinstance.py:1304} INFO - Executing <Task(PythonOperator): get_age> on 2022-03-29 00:00:00+00:00
[2023-06-07T06:37:36.356+0000] {standard_task_runner.py:55} INFO - Started process 3158 to run task
[2023-06-07T06:37:36.362+0000] {standard_task_runner.py:82} INFO - Running: ['***', 'tasks', 'run', 'our_dag_with_python_operator_v07', 'get_age', 'scheduled__2022-03-29T00:00:00+00:00', '--job-id', '1990', '--raw', '--subdir', 'DAGS_FOLDER/dag_python_opr.py', '--cfg-path', '/tmp/tmps98qknwd']
[2023-06-07T06:37:36.374+0000] {standard_task_runner.py:83} INFO - Job 1990: Subtask get_age
[2023-06-07T06:37:37.541+0000] {task_command.py:389} INFO - Running <TaskInstance: our_dag_with_python_operator_v07.get_age scheduled__2022-03-29T00:00:00+00:00 [running]> on host 026ed797f3b3
[2023-06-07T06:37:38.519+0000] {taskinstance.py:1513} INFO - Exporting the following env vars:
AIRFLOW_CTX_DAG_OWNER=coder2j
AIRFLOW_CTX_DAG_ID=our_dag_with_python_operator_v07
AIRFLOW_CTX_TASK_ID=get_age
AIRFLOW_CTX_EXECUTION_DATE=2022-03-29T00:00:00+00:00
AIRFLOW_CTX_TRY_NUMBER=1
AIRFLOW_CTX_DAG_RUN_ID=scheduled__2022-03-29T00:00:00+00:00
[2023-06-07T06:37:38.602+0000] {python.py:177} INFO - Done. Returned value was: None
[2023-06-07T06:37:38.717+0000] {taskinstance.py:1327} INFO - Marking task as SUCCESS. dag_id=our_dag_with_python_operator_v07, task_id=get_age, execution_date=20220329T000000, start_date=20230607T063735, end_date=20230607T063738
[2023-06-07T06:37:38.856+0000] {local_task_job.py:159} INFO - Task exited with return code 0
[2023-06-07T06:37:38.988+0000] {taskinstance.py:2582} INFO - 1 downstream tasks scheduled from follow-on schedule check
