[2023-05-30T11:31:30.924+0000] {taskinstance.py:1087} INFO - Dependencies all met for <TaskInstance: our_first_dag_v5.first_task scheduled__2022-02-14T00:00:00+00:00 [queued]>
[2023-05-30T11:31:30.943+0000] {taskinstance.py:1087} INFO - Dependencies all met for <TaskInstance: our_first_dag_v5.first_task scheduled__2022-02-14T00:00:00+00:00 [queued]>
[2023-05-30T11:31:30.944+0000] {taskinstance.py:1283} INFO - 
--------------------------------------------------------------------------------
[2023-05-30T11:31:30.947+0000] {taskinstance.py:1284} INFO - Starting attempt 1 of 6
[2023-05-30T11:31:30.948+0000] {taskinstance.py:1285} INFO - 
--------------------------------------------------------------------------------
[2023-05-30T11:31:30.976+0000] {taskinstance.py:1304} INFO - Executing <Task(BashOperator): first_task> on 2022-02-14 00:00:00+00:00
[2023-05-30T11:31:30.985+0000] {standard_task_runner.py:55} INFO - Started process 3658 to run task
[2023-05-30T11:31:30.997+0000] {standard_task_runner.py:82} INFO - Running: ['***', 'tasks', 'run', 'our_first_dag_v5', 'first_task', 'scheduled__2022-02-14T00:00:00+00:00', '--job-id', '601', '--raw', '--subdir', 'DAGS_FOLDER/first_Dag.py', '--cfg-path', '/tmp/tmpaghgkvr8']
[2023-05-30T11:31:31.000+0000] {standard_task_runner.py:83} INFO - Job 601: Subtask first_task
[2023-05-30T11:31:31.158+0000] {task_command.py:389} INFO - Running <TaskInstance: our_first_dag_v5.first_task scheduled__2022-02-14T00:00:00+00:00 [running]> on host 49219f98c96e
[2023-05-30T11:31:31.446+0000] {taskinstance.py:1513} INFO - Exporting the following env vars:
AIRFLOW_CTX_DAG_OWNER=coder2j
AIRFLOW_CTX_DAG_ID=our_first_dag_v5
AIRFLOW_CTX_TASK_ID=first_task
AIRFLOW_CTX_EXECUTION_DATE=2022-02-14T00:00:00+00:00
AIRFLOW_CTX_TRY_NUMBER=1
AIRFLOW_CTX_DAG_RUN_ID=scheduled__2022-02-14T00:00:00+00:00
[2023-05-30T11:31:31.450+0000] {subprocess.py:63} INFO - Tmp dir root location: 
 /tmp
[2023-05-30T11:31:31.453+0000] {subprocess.py:75} INFO - Running command: ['/bin/bash', '-c', 'echo hello world, this is the first task!']
[2023-05-30T11:31:31.485+0000] {subprocess.py:86} INFO - Output:
[2023-05-30T11:31:31.516+0000] {subprocess.py:93} INFO - hello world, this is the first task!
[2023-05-30T11:31:31.519+0000] {subprocess.py:97} INFO - Command exited with return code 0
[2023-05-30T11:31:31.628+0000] {taskinstance.py:1327} INFO - Marking task as SUCCESS. dag_id=our_first_dag_v5, task_id=first_task, execution_date=20220214T000000, start_date=20230530T113130, end_date=20230530T113131
[2023-05-30T11:31:31.861+0000] {local_task_job.py:159} INFO - Task exited with return code 0
[2023-05-30T11:31:31.924+0000] {taskinstance.py:2582} INFO - 2 downstream tasks scheduled from follow-on schedule check
[2023-06-07T06:38:53.042+0000] {taskinstance.py:1087} INFO - Dependencies all met for <TaskInstance: our_first_dag_v5.first_task scheduled__2022-02-14T00:00:00+00:00 [queued]>
[2023-06-07T06:38:53.084+0000] {taskinstance.py:1087} INFO - Dependencies all met for <TaskInstance: our_first_dag_v5.first_task scheduled__2022-02-14T00:00:00+00:00 [queued]>
[2023-06-07T06:38:53.086+0000] {taskinstance.py:1283} INFO - 
--------------------------------------------------------------------------------
[2023-06-07T06:38:53.087+0000] {taskinstance.py:1284} INFO - Starting attempt 1 of 6
[2023-06-07T06:38:53.089+0000] {taskinstance.py:1285} INFO - 
--------------------------------------------------------------------------------
[2023-06-07T06:38:53.163+0000] {taskinstance.py:1304} INFO - Executing <Task(BashOperator): first_task> on 2022-02-14 00:00:00+00:00
[2023-06-07T06:38:53.193+0000] {standard_task_runner.py:82} INFO - Running: ['***', 'tasks', 'run', 'our_first_dag_v5', 'first_task', 'scheduled__2022-02-14T00:00:00+00:00', '--job-id', '2195', '--raw', '--subdir', 'DAGS_FOLDER/first_Dag.py', '--cfg-path', '/tmp/tmpvj674dii']
[2023-06-07T06:38:53.183+0000] {standard_task_runner.py:55} INFO - Started process 3725 to run task
[2023-06-07T06:38:53.203+0000] {standard_task_runner.py:83} INFO - Job 2195: Subtask first_task
[2023-06-07T06:38:53.615+0000] {task_command.py:389} INFO - Running <TaskInstance: our_first_dag_v5.first_task scheduled__2022-02-14T00:00:00+00:00 [running]> on host 026ed797f3b3
[2023-06-07T06:38:54.087+0000] {taskinstance.py:1513} INFO - Exporting the following env vars:
AIRFLOW_CTX_DAG_OWNER=coder2j
AIRFLOW_CTX_DAG_ID=our_first_dag_v5
AIRFLOW_CTX_TASK_ID=first_task
AIRFLOW_CTX_EXECUTION_DATE=2022-02-14T00:00:00+00:00
AIRFLOW_CTX_TRY_NUMBER=1
AIRFLOW_CTX_DAG_RUN_ID=scheduled__2022-02-14T00:00:00+00:00
[2023-06-07T06:38:54.094+0000] {subprocess.py:63} INFO - Tmp dir root location: 
 /tmp
[2023-06-07T06:38:54.098+0000] {subprocess.py:75} INFO - Running command: ['/bin/bash', '-c', 'echo hello world, this is the first task!']
[2023-06-07T06:38:54.170+0000] {subprocess.py:86} INFO - Output:
[2023-06-07T06:38:54.175+0000] {subprocess.py:93} INFO - hello world, this is the first task!
[2023-06-07T06:38:54.178+0000] {subprocess.py:97} INFO - Command exited with return code 0
[2023-06-07T06:38:54.313+0000] {taskinstance.py:1327} INFO - Marking task as SUCCESS. dag_id=our_first_dag_v5, task_id=first_task, execution_date=20220214T000000, start_date=20230607T063853, end_date=20230607T063854
[2023-06-07T06:38:54.448+0000] {local_task_job.py:159} INFO - Task exited with return code 0
[2023-06-07T06:38:54.559+0000] {taskinstance.py:2582} INFO - 2 downstream tasks scheduled from follow-on schedule check
