[2023-05-30T11:28:10.006+0000] {taskinstance.py:1087} INFO - Dependencies all met for <TaskInstance: our_first_dag_v5.first_task scheduled__2021-08-13T00:00:00+00:00 [queued]>
[2023-05-30T11:28:10.033+0000] {taskinstance.py:1087} INFO - Dependencies all met for <TaskInstance: our_first_dag_v5.first_task scheduled__2021-08-13T00:00:00+00:00 [queued]>
[2023-05-30T11:28:10.036+0000] {taskinstance.py:1283} INFO - 
--------------------------------------------------------------------------------
[2023-05-30T11:28:10.038+0000] {taskinstance.py:1284} INFO - Starting attempt 1 of 6
[2023-05-30T11:28:10.041+0000] {taskinstance.py:1285} INFO - 
--------------------------------------------------------------------------------
[2023-05-30T11:28:10.093+0000] {taskinstance.py:1304} INFO - Executing <Task(BashOperator): first_task> on 2021-08-13 00:00:00+00:00
[2023-05-30T11:28:10.107+0000] {standard_task_runner.py:55} INFO - Started process 1786 to run task
[2023-05-30T11:28:10.126+0000] {standard_task_runner.py:82} INFO - Running: ['***', 'tasks', 'run', 'our_first_dag_v5', 'first_task', 'scheduled__2021-08-13T00:00:00+00:00', '--job-id', '42', '--raw', '--subdir', 'DAGS_FOLDER/first_Dag.py', '--cfg-path', '/tmp/tmpjzpcwctb']
[2023-05-30T11:28:10.138+0000] {standard_task_runner.py:83} INFO - Job 42: Subtask first_task
[2023-05-30T11:28:10.316+0000] {task_command.py:389} INFO - Running <TaskInstance: our_first_dag_v5.first_task scheduled__2021-08-13T00:00:00+00:00 [running]> on host 49219f98c96e
[2023-05-30T11:28:10.542+0000] {taskinstance.py:1513} INFO - Exporting the following env vars:
AIRFLOW_CTX_DAG_OWNER=coder2j
AIRFLOW_CTX_DAG_ID=our_first_dag_v5
AIRFLOW_CTX_TASK_ID=first_task
AIRFLOW_CTX_EXECUTION_DATE=2021-08-13T00:00:00+00:00
AIRFLOW_CTX_TRY_NUMBER=1
AIRFLOW_CTX_DAG_RUN_ID=scheduled__2021-08-13T00:00:00+00:00
[2023-05-30T11:28:10.546+0000] {subprocess.py:63} INFO - Tmp dir root location: 
 /tmp
[2023-05-30T11:28:10.550+0000] {subprocess.py:75} INFO - Running command: ['/bin/bash', '-c', 'echo hello world, this is the first task!']
[2023-05-30T11:28:10.577+0000] {subprocess.py:86} INFO - Output:
[2023-05-30T11:28:10.581+0000] {subprocess.py:93} INFO - hello world, this is the first task!
[2023-05-30T11:28:10.583+0000] {subprocess.py:97} INFO - Command exited with return code 0
[2023-05-30T11:28:10.637+0000] {taskinstance.py:1327} INFO - Marking task as SUCCESS. dag_id=our_first_dag_v5, task_id=first_task, execution_date=20210813T000000, start_date=20230530T112810, end_date=20230530T112810
[2023-05-30T11:28:10.707+0000] {local_task_job.py:159} INFO - Task exited with return code 0
[2023-05-30T11:28:10.766+0000] {taskinstance.py:2582} INFO - 0 downstream tasks scheduled from follow-on schedule check
[2023-06-07T06:31:22.243+0000] {taskinstance.py:1087} INFO - Dependencies all met for <TaskInstance: our_first_dag_v5.first_task scheduled__2021-08-13T00:00:00+00:00 [queued]>
[2023-06-07T06:31:22.274+0000] {taskinstance.py:1087} INFO - Dependencies all met for <TaskInstance: our_first_dag_v5.first_task scheduled__2021-08-13T00:00:00+00:00 [queued]>
[2023-06-07T06:31:22.276+0000] {taskinstance.py:1283} INFO - 
--------------------------------------------------------------------------------
[2023-06-07T06:31:22.277+0000] {taskinstance.py:1284} INFO - Starting attempt 1 of 6
[2023-06-07T06:31:22.279+0000] {taskinstance.py:1285} INFO - 
--------------------------------------------------------------------------------
[2023-06-07T06:31:22.310+0000] {taskinstance.py:1304} INFO - Executing <Task(BashOperator): first_task> on 2021-08-13 00:00:00+00:00
[2023-06-07T06:31:22.323+0000] {standard_task_runner.py:55} INFO - Started process 618 to run task
[2023-06-07T06:31:22.355+0000] {standard_task_runner.py:82} INFO - Running: ['***', 'tasks', 'run', 'our_first_dag_v5', 'first_task', 'scheduled__2021-08-13T00:00:00+00:00', '--job-id', '1077', '--raw', '--subdir', 'DAGS_FOLDER/first_Dag.py', '--cfg-path', '/tmp/tmpe0ybqylq']
[2023-06-07T06:31:22.358+0000] {standard_task_runner.py:83} INFO - Job 1077: Subtask first_task
[2023-06-07T06:31:22.634+0000] {task_command.py:389} INFO - Running <TaskInstance: our_first_dag_v5.first_task scheduled__2021-08-13T00:00:00+00:00 [running]> on host 026ed797f3b3
[2023-06-07T06:31:22.962+0000] {taskinstance.py:1513} INFO - Exporting the following env vars:
AIRFLOW_CTX_DAG_OWNER=coder2j
AIRFLOW_CTX_DAG_ID=our_first_dag_v5
AIRFLOW_CTX_TASK_ID=first_task
AIRFLOW_CTX_EXECUTION_DATE=2021-08-13T00:00:00+00:00
AIRFLOW_CTX_TRY_NUMBER=1
AIRFLOW_CTX_DAG_RUN_ID=scheduled__2021-08-13T00:00:00+00:00
[2023-06-07T06:31:22.966+0000] {subprocess.py:63} INFO - Tmp dir root location: 
 /tmp
[2023-06-07T06:31:22.969+0000] {subprocess.py:75} INFO - Running command: ['/bin/bash', '-c', 'echo hello world, this is the first task!']
[2023-06-07T06:31:23.033+0000] {subprocess.py:86} INFO - Output:
[2023-06-07T06:31:23.038+0000] {subprocess.py:93} INFO - hello world, this is the first task!
[2023-06-07T06:31:23.040+0000] {subprocess.py:97} INFO - Command exited with return code 0
[2023-06-07T06:31:23.147+0000] {taskinstance.py:1327} INFO - Marking task as SUCCESS. dag_id=our_first_dag_v5, task_id=first_task, execution_date=20210813T000000, start_date=20230607T063122, end_date=20230607T063123
[2023-06-07T06:31:23.263+0000] {local_task_job.py:159} INFO - Task exited with return code 0
[2023-06-07T06:31:23.514+0000] {taskinstance.py:2582} INFO - 0 downstream tasks scheduled from follow-on schedule check
