[2023-05-30T12:32:29.241+0000] {taskinstance.py:1087} INFO - Dependencies all met for <TaskInstance: our_dag_with_python_operator_v07.get_age scheduled__2022-02-20T00:00:00+00:00 [queued]>
[2023-05-30T12:32:29.285+0000] {taskinstance.py:1087} INFO - Dependencies all met for <TaskInstance: our_dag_with_python_operator_v07.get_age scheduled__2022-02-20T00:00:00+00:00 [queued]>
[2023-05-30T12:32:29.287+0000] {taskinstance.py:1283} INFO - 
--------------------------------------------------------------------------------
[2023-05-30T12:32:29.288+0000] {taskinstance.py:1284} INFO - Starting attempt 1 of 6
[2023-05-30T12:32:29.289+0000] {taskinstance.py:1285} INFO - 
--------------------------------------------------------------------------------
[2023-05-30T12:32:29.364+0000] {taskinstance.py:1304} INFO - Executing <Task(PythonOperator): get_age> on 2022-02-20 00:00:00+00:00
[2023-05-30T12:32:29.378+0000] {standard_task_runner.py:55} INFO - Started process 10116 to run task
[2023-05-30T12:32:29.398+0000] {standard_task_runner.py:82} INFO - Running: ['***', 'tasks', 'run', 'our_dag_with_python_operator_v07', 'get_age', 'scheduled__2022-02-20T00:00:00+00:00', '--job-id', '1526', '--raw', '--subdir', 'DAGS_FOLDER/dag_python_opr.py', '--cfg-path', '/tmp/tmpd2gbjxhp']
[2023-05-30T12:32:29.399+0000] {standard_task_runner.py:83} INFO - Job 1526: Subtask get_age
[2023-05-30T12:32:29.744+0000] {task_command.py:389} INFO - Running <TaskInstance: our_dag_with_python_operator_v07.get_age scheduled__2022-02-20T00:00:00+00:00 [running]> on host 49219f98c96e
[2023-05-30T12:32:30.121+0000] {taskinstance.py:1513} INFO - Exporting the following env vars:
AIRFLOW_CTX_DAG_OWNER=coder2j
AIRFLOW_CTX_DAG_ID=our_dag_with_python_operator_v07
AIRFLOW_CTX_TASK_ID=get_age
AIRFLOW_CTX_EXECUTION_DATE=2022-02-20T00:00:00+00:00
AIRFLOW_CTX_TRY_NUMBER=1
AIRFLOW_CTX_DAG_RUN_ID=scheduled__2022-02-20T00:00:00+00:00
[2023-05-30T12:32:30.180+0000] {python.py:177} INFO - Done. Returned value was: None
[2023-05-30T12:32:30.204+0000] {taskinstance.py:1327} INFO - Marking task as SUCCESS. dag_id=our_dag_with_python_operator_v07, task_id=get_age, execution_date=20220220T000000, start_date=20230530T123229, end_date=20230530T123230
[2023-05-30T12:32:30.331+0000] {local_task_job.py:159} INFO - Task exited with return code 0
[2023-05-30T12:32:30.455+0000] {taskinstance.py:2582} INFO - 1 downstream tasks scheduled from follow-on schedule check
[2023-06-07T06:35:48.942+0000] {taskinstance.py:1087} INFO - Dependencies all met for <TaskInstance: our_dag_with_python_operator_v07.get_age scheduled__2022-02-20T00:00:00+00:00 [queued]>
[2023-06-07T06:35:49.064+0000] {taskinstance.py:1087} INFO - Dependencies all met for <TaskInstance: our_dag_with_python_operator_v07.get_age scheduled__2022-02-20T00:00:00+00:00 [queued]>
[2023-06-07T06:35:49.069+0000] {taskinstance.py:1283} INFO - 
--------------------------------------------------------------------------------
[2023-06-07T06:35:49.071+0000] {taskinstance.py:1284} INFO - Starting attempt 1 of 6
[2023-06-07T06:35:49.074+0000] {taskinstance.py:1285} INFO - 
--------------------------------------------------------------------------------
[2023-06-07T06:35:49.179+0000] {taskinstance.py:1304} INFO - Executing <Task(PythonOperator): get_age> on 2022-02-20 00:00:00+00:00
[2023-06-07T06:35:49.199+0000] {standard_task_runner.py:55} INFO - Started process 2549 to run task
[2023-06-07T06:35:49.228+0000] {standard_task_runner.py:82} INFO - Running: ['***', 'tasks', 'run', 'our_dag_with_python_operator_v07', 'get_age', 'scheduled__2022-02-20T00:00:00+00:00', '--job-id', '1778', '--raw', '--subdir', 'DAGS_FOLDER/dag_python_opr.py', '--cfg-path', '/tmp/tmpuwaudu4l']
[2023-06-07T06:35:49.230+0000] {standard_task_runner.py:83} INFO - Job 1778: Subtask get_age
[2023-06-07T06:35:49.660+0000] {task_command.py:389} INFO - Running <TaskInstance: our_dag_with_python_operator_v07.get_age scheduled__2022-02-20T00:00:00+00:00 [running]> on host 026ed797f3b3
[2023-06-07T06:35:50.144+0000] {taskinstance.py:1513} INFO - Exporting the following env vars:
AIRFLOW_CTX_DAG_OWNER=coder2j
AIRFLOW_CTX_DAG_ID=our_dag_with_python_operator_v07
AIRFLOW_CTX_TASK_ID=get_age
AIRFLOW_CTX_EXECUTION_DATE=2022-02-20T00:00:00+00:00
AIRFLOW_CTX_TRY_NUMBER=1
AIRFLOW_CTX_DAG_RUN_ID=scheduled__2022-02-20T00:00:00+00:00
[2023-06-07T06:35:50.223+0000] {python.py:177} INFO - Done. Returned value was: None
[2023-06-07T06:35:50.317+0000] {taskinstance.py:1327} INFO - Marking task as SUCCESS. dag_id=our_dag_with_python_operator_v07, task_id=get_age, execution_date=20220220T000000, start_date=20230607T063548, end_date=20230607T063550
[2023-06-07T06:35:50.441+0000] {local_task_job.py:159} INFO - Task exited with return code 0
[2023-06-07T06:35:50.651+0000] {taskinstance.py:2582} INFO - 1 downstream tasks scheduled from follow-on schedule check
