[2023-05-30T11:34:18.129+0000] {taskinstance.py:1087} INFO - Dependencies all met for <TaskInstance: our_first_dag_v5.first_task scheduled__2022-07-30T00:00:00+00:00 [queued]>
[2023-05-30T11:34:18.154+0000] {taskinstance.py:1087} INFO - Dependencies all met for <TaskInstance: our_first_dag_v5.first_task scheduled__2022-07-30T00:00:00+00:00 [queued]>
[2023-05-30T11:34:18.159+0000] {taskinstance.py:1283} INFO - 
--------------------------------------------------------------------------------
[2023-05-30T11:34:18.161+0000] {taskinstance.py:1284} INFO - Starting attempt 1 of 6
[2023-05-30T11:34:18.165+0000] {taskinstance.py:1285} INFO - 
--------------------------------------------------------------------------------
[2023-05-30T11:34:18.215+0000] {taskinstance.py:1304} INFO - Executing <Task(BashOperator): first_task> on 2022-07-30 00:00:00+00:00
[2023-05-30T11:34:18.239+0000] {standard_task_runner.py:55} INFO - Started process 5288 to run task
[2023-05-30T11:34:18.260+0000] {standard_task_runner.py:82} INFO - Running: ['***', 'tasks', 'run', 'our_first_dag_v5', 'first_task', 'scheduled__2022-07-30T00:00:00+00:00', '--job-id', '1093', '--raw', '--subdir', 'DAGS_FOLDER/first_Dag.py', '--cfg-path', '/tmp/tmpidil6o7b']
[2023-05-30T11:34:18.263+0000] {standard_task_runner.py:83} INFO - Job 1093: Subtask first_task
[2023-05-30T11:34:18.515+0000] {task_command.py:389} INFO - Running <TaskInstance: our_first_dag_v5.first_task scheduled__2022-07-30T00:00:00+00:00 [running]> on host 49219f98c96e
[2023-05-30T11:34:19.025+0000] {taskinstance.py:1513} INFO - Exporting the following env vars:
AIRFLOW_CTX_DAG_OWNER=coder2j
AIRFLOW_CTX_DAG_ID=our_first_dag_v5
AIRFLOW_CTX_TASK_ID=first_task
AIRFLOW_CTX_EXECUTION_DATE=2022-07-30T00:00:00+00:00
AIRFLOW_CTX_TRY_NUMBER=1
AIRFLOW_CTX_DAG_RUN_ID=scheduled__2022-07-30T00:00:00+00:00
[2023-05-30T11:34:19.031+0000] {subprocess.py:63} INFO - Tmp dir root location: 
 /tmp
[2023-05-30T11:34:19.033+0000] {subprocess.py:75} INFO - Running command: ['/bin/bash', '-c', 'echo hello world, this is the first task!']
[2023-05-30T11:34:19.073+0000] {subprocess.py:86} INFO - Output:
[2023-05-30T11:34:19.086+0000] {subprocess.py:93} INFO - hello world, this is the first task!
[2023-05-30T11:34:19.088+0000] {subprocess.py:97} INFO - Command exited with return code 0
[2023-05-30T11:34:19.194+0000] {taskinstance.py:1327} INFO - Marking task as SUCCESS. dag_id=our_first_dag_v5, task_id=first_task, execution_date=20220730T000000, start_date=20230530T113418, end_date=20230530T113419
[2023-05-30T11:34:19.329+0000] {local_task_job.py:159} INFO - Task exited with return code 0
[2023-05-30T11:34:19.464+0000] {taskinstance.py:2582} INFO - 0 downstream tasks scheduled from follow-on schedule check
