[2023-05-30T12:33:09.671+0000] {taskinstance.py:1087} INFO - Dependencies all met for <TaskInstance: our_dag_with_python_operator_v07.get_name scheduled__2022-03-25T00:00:00+00:00 [queued]>
[2023-05-30T12:33:09.687+0000] {taskinstance.py:1087} INFO - Dependencies all met for <TaskInstance: our_dag_with_python_operator_v07.get_name scheduled__2022-03-25T00:00:00+00:00 [queued]>
[2023-05-30T12:33:09.688+0000] {taskinstance.py:1283} INFO - 
--------------------------------------------------------------------------------
[2023-05-30T12:33:09.689+0000] {taskinstance.py:1284} INFO - Starting attempt 1 of 6
[2023-05-30T12:33:09.691+0000] {taskinstance.py:1285} INFO - 
--------------------------------------------------------------------------------
[2023-05-30T12:33:09.711+0000] {taskinstance.py:1304} INFO - Executing <Task(PythonOperator): get_name> on 2022-03-25 00:00:00+00:00
[2023-05-30T12:33:09.719+0000] {standard_task_runner.py:55} INFO - Started process 10351 to run task
[2023-05-30T12:33:09.725+0000] {standard_task_runner.py:82} INFO - Running: ['***', 'tasks', 'run', 'our_dag_with_python_operator_v07', 'get_name', 'scheduled__2022-03-25T00:00:00+00:00', '--job-id', '1629', '--raw', '--subdir', 'DAGS_FOLDER/dag_python_opr.py', '--cfg-path', '/tmp/tmp8f10563u']
[2023-05-30T12:33:09.727+0000] {standard_task_runner.py:83} INFO - Job 1629: Subtask get_name
[2023-05-30T12:33:09.827+0000] {task_command.py:389} INFO - Running <TaskInstance: our_dag_with_python_operator_v07.get_name scheduled__2022-03-25T00:00:00+00:00 [running]> on host 49219f98c96e
[2023-05-30T12:33:09.924+0000] {taskinstance.py:1513} INFO - Exporting the following env vars:
AIRFLOW_CTX_DAG_OWNER=coder2j
AIRFLOW_CTX_DAG_ID=our_dag_with_python_operator_v07
AIRFLOW_CTX_TASK_ID=get_name
AIRFLOW_CTX_EXECUTION_DATE=2022-03-25T00:00:00+00:00
AIRFLOW_CTX_TRY_NUMBER=1
AIRFLOW_CTX_DAG_RUN_ID=scheduled__2022-03-25T00:00:00+00:00
[2023-05-30T12:33:09.958+0000] {python.py:177} INFO - Done. Returned value was: None
[2023-05-30T12:33:09.975+0000] {taskinstance.py:1327} INFO - Marking task as SUCCESS. dag_id=our_dag_with_python_operator_v07, task_id=get_name, execution_date=20220325T000000, start_date=20230530T123309, end_date=20230530T123309
[2023-05-30T12:33:10.018+0000] {local_task_job.py:159} INFO - Task exited with return code 0
[2023-05-30T12:33:10.051+0000] {taskinstance.py:2582} INFO - 1 downstream tasks scheduled from follow-on schedule check
[2023-06-07T06:37:31.515+0000] {taskinstance.py:1087} INFO - Dependencies all met for <TaskInstance: our_dag_with_python_operator_v07.get_name scheduled__2022-03-25T00:00:00+00:00 [queued]>
[2023-06-07T06:37:31.579+0000] {taskinstance.py:1087} INFO - Dependencies all met for <TaskInstance: our_dag_with_python_operator_v07.get_name scheduled__2022-03-25T00:00:00+00:00 [queued]>
[2023-06-07T06:37:31.582+0000] {taskinstance.py:1283} INFO - 
--------------------------------------------------------------------------------
[2023-06-07T06:37:31.586+0000] {taskinstance.py:1284} INFO - Starting attempt 1 of 6
[2023-06-07T06:37:31.588+0000] {taskinstance.py:1285} INFO - 
--------------------------------------------------------------------------------
[2023-06-07T06:37:31.645+0000] {taskinstance.py:1304} INFO - Executing <Task(PythonOperator): get_name> on 2022-03-25 00:00:00+00:00
[2023-06-07T06:37:31.675+0000] {standard_task_runner.py:55} INFO - Started process 3138 to run task
[2023-06-07T06:37:31.715+0000] {standard_task_runner.py:82} INFO - Running: ['***', 'tasks', 'run', 'our_dag_with_python_operator_v07', 'get_name', 'scheduled__2022-03-25T00:00:00+00:00', '--job-id', '1981', '--raw', '--subdir', 'DAGS_FOLDER/dag_python_opr.py', '--cfg-path', '/tmp/tmpsxnsy81s']
[2023-06-07T06:37:31.719+0000] {standard_task_runner.py:83} INFO - Job 1981: Subtask get_name
[2023-06-07T06:37:32.502+0000] {task_command.py:389} INFO - Running <TaskInstance: our_dag_with_python_operator_v07.get_name scheduled__2022-03-25T00:00:00+00:00 [running]> on host 026ed797f3b3
[2023-06-07T06:37:33.709+0000] {taskinstance.py:1513} INFO - Exporting the following env vars:
AIRFLOW_CTX_DAG_OWNER=coder2j
AIRFLOW_CTX_DAG_ID=our_dag_with_python_operator_v07
AIRFLOW_CTX_TASK_ID=get_name
AIRFLOW_CTX_EXECUTION_DATE=2022-03-25T00:00:00+00:00
AIRFLOW_CTX_TRY_NUMBER=1
AIRFLOW_CTX_DAG_RUN_ID=scheduled__2022-03-25T00:00:00+00:00
[2023-06-07T06:37:33.801+0000] {python.py:177} INFO - Done. Returned value was: None
[2023-06-07T06:37:33.851+0000] {taskinstance.py:1327} INFO - Marking task as SUCCESS. dag_id=our_dag_with_python_operator_v07, task_id=get_name, execution_date=20220325T000000, start_date=20230607T063731, end_date=20230607T063733
[2023-06-07T06:37:33.962+0000] {local_task_job.py:159} INFO - Task exited with return code 0
[2023-06-07T06:37:34.302+0000] {taskinstance.py:2582} INFO - 1 downstream tasks scheduled from follow-on schedule check
