[2023-05-30T11:31:33.855+0000] {taskinstance.py:1087} INFO - Dependencies all met for <TaskInstance: our_first_dag_v5.second_task scheduled__2022-02-13T00:00:00+00:00 [queued]>
[2023-05-30T11:31:33.902+0000] {taskinstance.py:1087} INFO - Dependencies all met for <TaskInstance: our_first_dag_v5.second_task scheduled__2022-02-13T00:00:00+00:00 [queued]>
[2023-05-30T11:31:33.903+0000] {taskinstance.py:1283} INFO - 
--------------------------------------------------------------------------------
[2023-05-30T11:31:33.905+0000] {taskinstance.py:1284} INFO - Starting attempt 1 of 6
[2023-05-30T11:31:33.907+0000] {taskinstance.py:1285} INFO - 
--------------------------------------------------------------------------------
[2023-05-30T11:31:33.968+0000] {taskinstance.py:1304} INFO - Executing <Task(BashOperator): second_task> on 2022-02-13 00:00:00+00:00
[2023-05-30T11:31:33.999+0000] {standard_task_runner.py:55} INFO - Started process 3684 to run task
[2023-05-30T11:31:34.010+0000] {standard_task_runner.py:82} INFO - Running: ['***', 'tasks', 'run', 'our_first_dag_v5', 'second_task', 'scheduled__2022-02-13T00:00:00+00:00', '--job-id', '608', '--raw', '--subdir', 'DAGS_FOLDER/first_Dag.py', '--cfg-path', '/tmp/tmp044gamhp']
[2023-05-30T11:31:34.013+0000] {standard_task_runner.py:83} INFO - Job 608: Subtask second_task
[2023-05-30T11:31:34.496+0000] {task_command.py:389} INFO - Running <TaskInstance: our_first_dag_v5.second_task scheduled__2022-02-13T00:00:00+00:00 [running]> on host 49219f98c96e
[2023-05-30T11:31:35.118+0000] {taskinstance.py:1513} INFO - Exporting the following env vars:
AIRFLOW_CTX_DAG_OWNER=coder2j
AIRFLOW_CTX_DAG_ID=our_first_dag_v5
AIRFLOW_CTX_TASK_ID=second_task
AIRFLOW_CTX_EXECUTION_DATE=2022-02-13T00:00:00+00:00
AIRFLOW_CTX_TRY_NUMBER=1
AIRFLOW_CTX_DAG_RUN_ID=scheduled__2022-02-13T00:00:00+00:00
[2023-05-30T11:31:35.122+0000] {subprocess.py:63} INFO - Tmp dir root location: 
 /tmp
[2023-05-30T11:31:35.125+0000] {subprocess.py:75} INFO - Running command: ['/bin/bash', '-c', 'echo hey, I am task2 and will be running after task1!']
[2023-05-30T11:31:35.235+0000] {subprocess.py:86} INFO - Output:
[2023-05-30T11:31:35.258+0000] {subprocess.py:93} INFO - hey, I am task2 and will be running after task1!
[2023-05-30T11:31:35.265+0000] {subprocess.py:97} INFO - Command exited with return code 0
[2023-05-30T11:31:35.406+0000] {taskinstance.py:1327} INFO - Marking task as SUCCESS. dag_id=our_first_dag_v5, task_id=second_task, execution_date=20220213T000000, start_date=20230530T113133, end_date=20230530T113135
[2023-05-30T11:31:35.608+0000] {local_task_job.py:159} INFO - Task exited with return code 0
[2023-05-30T11:31:36.046+0000] {taskinstance.py:2582} INFO - 0 downstream tasks scheduled from follow-on schedule check
[2023-06-07T06:38:57.086+0000] {taskinstance.py:1087} INFO - Dependencies all met for <TaskInstance: our_first_dag_v5.second_task scheduled__2022-02-13T00:00:00+00:00 [queued]>
[2023-06-07T06:38:57.194+0000] {taskinstance.py:1087} INFO - Dependencies all met for <TaskInstance: our_first_dag_v5.second_task scheduled__2022-02-13T00:00:00+00:00 [queued]>
[2023-06-07T06:38:57.197+0000] {taskinstance.py:1283} INFO - 
--------------------------------------------------------------------------------
[2023-06-07T06:38:57.200+0000] {taskinstance.py:1284} INFO - Starting attempt 1 of 6
[2023-06-07T06:38:57.204+0000] {taskinstance.py:1285} INFO - 
--------------------------------------------------------------------------------
[2023-06-07T06:38:57.275+0000] {taskinstance.py:1304} INFO - Executing <Task(BashOperator): second_task> on 2022-02-13 00:00:00+00:00
[2023-06-07T06:38:57.332+0000] {standard_task_runner.py:55} INFO - Started process 3750 to run task
[2023-06-07T06:38:57.387+0000] {standard_task_runner.py:82} INFO - Running: ['***', 'tasks', 'run', 'our_first_dag_v5', 'second_task', 'scheduled__2022-02-13T00:00:00+00:00', '--job-id', '2202', '--raw', '--subdir', 'DAGS_FOLDER/first_Dag.py', '--cfg-path', '/tmp/tmpghvsvd1x']
[2023-06-07T06:38:57.392+0000] {standard_task_runner.py:83} INFO - Job 2202: Subtask second_task
[2023-06-07T06:38:57.893+0000] {task_command.py:389} INFO - Running <TaskInstance: our_first_dag_v5.second_task scheduled__2022-02-13T00:00:00+00:00 [running]> on host 026ed797f3b3
[2023-06-07T06:38:58.495+0000] {taskinstance.py:1513} INFO - Exporting the following env vars:
AIRFLOW_CTX_DAG_OWNER=coder2j
AIRFLOW_CTX_DAG_ID=our_first_dag_v5
AIRFLOW_CTX_TASK_ID=second_task
AIRFLOW_CTX_EXECUTION_DATE=2022-02-13T00:00:00+00:00
AIRFLOW_CTX_TRY_NUMBER=1
AIRFLOW_CTX_DAG_RUN_ID=scheduled__2022-02-13T00:00:00+00:00
[2023-06-07T06:38:58.513+0000] {subprocess.py:63} INFO - Tmp dir root location: 
 /tmp
[2023-06-07T06:38:58.523+0000] {subprocess.py:75} INFO - Running command: ['/bin/bash', '-c', 'echo hey, I am task2 and will be running after task1!']
[2023-06-07T06:38:58.669+0000] {subprocess.py:86} INFO - Output:
[2023-06-07T06:38:58.681+0000] {subprocess.py:93} INFO - hey, I am task2 and will be running after task1!
[2023-06-07T06:38:58.685+0000] {subprocess.py:97} INFO - Command exited with return code 0
[2023-06-07T06:38:58.788+0000] {taskinstance.py:1327} INFO - Marking task as SUCCESS. dag_id=our_first_dag_v5, task_id=second_task, execution_date=20220213T000000, start_date=20230607T063857, end_date=20230607T063858
[2023-06-07T06:38:58.933+0000] {local_task_job.py:159} INFO - Task exited with return code 0
[2023-06-07T06:38:59.407+0000] {taskinstance.py:2582} INFO - 0 downstream tasks scheduled from follow-on schedule check
