[2023-05-30T12:32:52.832+0000] {taskinstance.py:1087} INFO - Dependencies all met for <TaskInstance: our_dag_with_python_operator_v07.get_name scheduled__2022-03-11T00:00:00+00:00 [queued]>
[2023-05-30T12:32:52.862+0000] {taskinstance.py:1087} INFO - Dependencies all met for <TaskInstance: our_dag_with_python_operator_v07.get_name scheduled__2022-03-11T00:00:00+00:00 [queued]>
[2023-05-30T12:32:52.864+0000] {taskinstance.py:1283} INFO - 
--------------------------------------------------------------------------------
[2023-05-30T12:32:52.865+0000] {taskinstance.py:1284} INFO - Starting attempt 1 of 6
[2023-05-30T12:32:52.866+0000] {taskinstance.py:1285} INFO - 
--------------------------------------------------------------------------------
[2023-05-30T12:32:52.928+0000] {taskinstance.py:1304} INFO - Executing <Task(PythonOperator): get_name> on 2022-03-11 00:00:00+00:00
[2023-05-30T12:32:52.956+0000] {standard_task_runner.py:55} INFO - Started process 10250 to run task
[2023-05-30T12:32:52.966+0000] {standard_task_runner.py:82} INFO - Running: ['***', 'tasks', 'run', 'our_dag_with_python_operator_v07', 'get_name', 'scheduled__2022-03-11T00:00:00+00:00', '--job-id', '1584', '--raw', '--subdir', 'DAGS_FOLDER/dag_python_opr.py', '--cfg-path', '/tmp/tmpr9iev_cy']
[2023-05-30T12:32:52.970+0000] {standard_task_runner.py:83} INFO - Job 1584: Subtask get_name
[2023-05-30T12:32:53.264+0000] {task_command.py:389} INFO - Running <TaskInstance: our_dag_with_python_operator_v07.get_name scheduled__2022-03-11T00:00:00+00:00 [running]> on host 49219f98c96e
[2023-05-30T12:32:53.612+0000] {taskinstance.py:1513} INFO - Exporting the following env vars:
AIRFLOW_CTX_DAG_OWNER=coder2j
AIRFLOW_CTX_DAG_ID=our_dag_with_python_operator_v07
AIRFLOW_CTX_TASK_ID=get_name
AIRFLOW_CTX_EXECUTION_DATE=2022-03-11T00:00:00+00:00
AIRFLOW_CTX_TRY_NUMBER=1
AIRFLOW_CTX_DAG_RUN_ID=scheduled__2022-03-11T00:00:00+00:00
[2023-05-30T12:32:53.690+0000] {python.py:177} INFO - Done. Returned value was: None
[2023-05-30T12:32:53.719+0000] {taskinstance.py:1327} INFO - Marking task as SUCCESS. dag_id=our_dag_with_python_operator_v07, task_id=get_name, execution_date=20220311T000000, start_date=20230530T123252, end_date=20230530T123253
[2023-05-30T12:32:53.827+0000] {local_task_job.py:159} INFO - Task exited with return code 0
[2023-05-30T12:32:53.894+0000] {taskinstance.py:2582} INFO - 0 downstream tasks scheduled from follow-on schedule check
[2023-06-07T06:37:01.837+0000] {taskinstance.py:1087} INFO - Dependencies all met for <TaskInstance: our_dag_with_python_operator_v07.get_name scheduled__2022-03-11T00:00:00+00:00 [queued]>
[2023-06-07T06:37:01.921+0000] {taskinstance.py:1087} INFO - Dependencies all met for <TaskInstance: our_dag_with_python_operator_v07.get_name scheduled__2022-03-11T00:00:00+00:00 [queued]>
[2023-06-07T06:37:01.929+0000] {taskinstance.py:1283} INFO - 
--------------------------------------------------------------------------------
[2023-06-07T06:37:01.933+0000] {taskinstance.py:1284} INFO - Starting attempt 1 of 6
[2023-06-07T06:37:01.938+0000] {taskinstance.py:1285} INFO - 
--------------------------------------------------------------------------------
[2023-06-07T06:37:02.075+0000] {taskinstance.py:1304} INFO - Executing <Task(PythonOperator): get_name> on 2022-03-11 00:00:00+00:00
[2023-06-07T06:37:02.132+0000] {standard_task_runner.py:55} INFO - Started process 2924 to run task
[2023-06-07T06:37:02.147+0000] {standard_task_runner.py:82} INFO - Running: ['***', 'tasks', 'run', 'our_dag_with_python_operator_v07', 'get_name', 'scheduled__2022-03-11T00:00:00+00:00', '--job-id', '1907', '--raw', '--subdir', 'DAGS_FOLDER/dag_python_opr.py', '--cfg-path', '/tmp/tmpbb5p0_94']
[2023-06-07T06:37:02.161+0000] {standard_task_runner.py:83} INFO - Job 1907: Subtask get_name
[2023-06-07T06:37:02.475+0000] {task_command.py:389} INFO - Running <TaskInstance: our_dag_with_python_operator_v07.get_name scheduled__2022-03-11T00:00:00+00:00 [running]> on host 026ed797f3b3
[2023-06-07T06:37:03.068+0000] {taskinstance.py:1513} INFO - Exporting the following env vars:
AIRFLOW_CTX_DAG_OWNER=coder2j
AIRFLOW_CTX_DAG_ID=our_dag_with_python_operator_v07
AIRFLOW_CTX_TASK_ID=get_name
AIRFLOW_CTX_EXECUTION_DATE=2022-03-11T00:00:00+00:00
AIRFLOW_CTX_TRY_NUMBER=1
AIRFLOW_CTX_DAG_RUN_ID=scheduled__2022-03-11T00:00:00+00:00
[2023-06-07T06:37:03.179+0000] {python.py:177} INFO - Done. Returned value was: None
[2023-06-07T06:37:03.248+0000] {taskinstance.py:1327} INFO - Marking task as SUCCESS. dag_id=our_dag_with_python_operator_v07, task_id=get_name, execution_date=20220311T000000, start_date=20230607T063701, end_date=20230607T063703
[2023-06-07T06:37:03.425+0000] {local_task_job.py:159} INFO - Task exited with return code 0
[2023-06-07T06:37:03.647+0000] {taskinstance.py:2582} INFO - 1 downstream tasks scheduled from follow-on schedule check
