[2023-05-30T11:33:52.900+0000] {taskinstance.py:1087} INFO - Dependencies all met for <TaskInstance: our_first_dag_v5.second_task scheduled__2022-07-05T00:00:00+00:00 [queued]>
[2023-05-30T11:33:52.922+0000] {taskinstance.py:1087} INFO - Dependencies all met for <TaskInstance: our_first_dag_v5.second_task scheduled__2022-07-05T00:00:00+00:00 [queued]>
[2023-05-30T11:33:52.931+0000] {taskinstance.py:1283} INFO - 
--------------------------------------------------------------------------------
[2023-05-30T11:33:52.943+0000] {taskinstance.py:1284} INFO - Starting attempt 1 of 6
[2023-05-30T11:33:52.944+0000] {taskinstance.py:1285} INFO - 
--------------------------------------------------------------------------------
[2023-05-30T11:33:52.991+0000] {taskinstance.py:1304} INFO - Executing <Task(BashOperator): second_task> on 2022-07-05 00:00:00+00:00
[2023-05-30T11:33:53.018+0000] {standard_task_runner.py:55} INFO - Started process 5065 to run task
[2023-05-30T11:33:53.026+0000] {standard_task_runner.py:82} INFO - Running: ['***', 'tasks', 'run', 'our_first_dag_v5', 'second_task', 'scheduled__2022-07-05T00:00:00+00:00', '--job-id', '1029', '--raw', '--subdir', 'DAGS_FOLDER/first_Dag.py', '--cfg-path', '/tmp/tmptcof_q57']
[2023-05-30T11:33:53.029+0000] {standard_task_runner.py:83} INFO - Job 1029: Subtask second_task
[2023-05-30T11:33:53.186+0000] {task_command.py:389} INFO - Running <TaskInstance: our_first_dag_v5.second_task scheduled__2022-07-05T00:00:00+00:00 [running]> on host 49219f98c96e
[2023-05-30T11:33:53.358+0000] {taskinstance.py:1513} INFO - Exporting the following env vars:
AIRFLOW_CTX_DAG_OWNER=coder2j
AIRFLOW_CTX_DAG_ID=our_first_dag_v5
AIRFLOW_CTX_TASK_ID=second_task
AIRFLOW_CTX_EXECUTION_DATE=2022-07-05T00:00:00+00:00
AIRFLOW_CTX_TRY_NUMBER=1
AIRFLOW_CTX_DAG_RUN_ID=scheduled__2022-07-05T00:00:00+00:00
[2023-05-30T11:33:53.360+0000] {subprocess.py:63} INFO - Tmp dir root location: 
 /tmp
[2023-05-30T11:33:53.364+0000] {subprocess.py:75} INFO - Running command: ['/bin/bash', '-c', 'echo hey, I am task2 and will be running after task1!']
[2023-05-30T11:33:53.401+0000] {subprocess.py:86} INFO - Output:
[2023-05-30T11:33:53.425+0000] {subprocess.py:93} INFO - hey, I am task2 and will be running after task1!
[2023-05-30T11:33:53.430+0000] {subprocess.py:97} INFO - Command exited with return code 0
[2023-05-30T11:33:53.489+0000] {taskinstance.py:1327} INFO - Marking task as SUCCESS. dag_id=our_first_dag_v5, task_id=second_task, execution_date=20220705T000000, start_date=20230530T113352, end_date=20230530T113353
[2023-05-30T11:33:53.568+0000] {local_task_job.py:159} INFO - Task exited with return code 0
[2023-05-30T11:33:53.604+0000] {taskinstance.py:2582} INFO - 0 downstream tasks scheduled from follow-on schedule check
