[2023-06-01T11:21:09.415+0000] {taskinstance.py:1087} INFO - Dependencies all met for <TaskInstance: dag_with_postgres_operator_v03.create_postgres_table scheduled__2022-03-10T00:00:00+00:00 [queued]>
[2023-06-01T11:21:09.456+0000] {taskinstance.py:1087} INFO - Dependencies all met for <TaskInstance: dag_with_postgres_operator_v03.create_postgres_table scheduled__2022-03-10T00:00:00+00:00 [queued]>
[2023-06-01T11:21:09.458+0000] {taskinstance.py:1283} INFO - 
--------------------------------------------------------------------------------
[2023-06-01T11:21:09.459+0000] {taskinstance.py:1284} INFO - Starting attempt 1 of 6
[2023-06-01T11:21:09.460+0000] {taskinstance.py:1285} INFO - 
--------------------------------------------------------------------------------
[2023-06-01T11:21:09.520+0000] {taskinstance.py:1304} INFO - Executing <Task(PostgresOperator): create_postgres_table> on 2022-03-10 00:00:00+00:00
[2023-06-01T11:21:09.533+0000] {standard_task_runner.py:55} INFO - Started process 1048 to run task
[2023-06-01T11:21:09.554+0000] {standard_task_runner.py:82} INFO - Running: ['***', 'tasks', 'run', 'dag_with_postgres_operator_v03', 'create_postgres_table', 'scheduled__2022-03-10T00:00:00+00:00', '--job-id', '265', '--raw', '--subdir', 'DAGS_FOLDER/postgres.py', '--cfg-path', '/tmp/tmplhxtb56e']
[2023-06-01T11:21:09.556+0000] {standard_task_runner.py:83} INFO - Job 265: Subtask create_postgres_table
[2023-06-01T11:21:09.753+0000] {task_command.py:389} INFO - Running <TaskInstance: dag_with_postgres_operator_v03.create_postgres_table scheduled__2022-03-10T00:00:00+00:00 [running]> on host 687ba427e841
[2023-06-01T11:21:09.955+0000] {taskinstance.py:1513} INFO - Exporting the following env vars:
AIRFLOW_CTX_DAG_OWNER=coder2j
AIRFLOW_CTX_DAG_ID=dag_with_postgres_operator_v03
AIRFLOW_CTX_TASK_ID=create_postgres_table
AIRFLOW_CTX_EXECUTION_DATE=2022-03-10T00:00:00+00:00
AIRFLOW_CTX_TRY_NUMBER=1
AIRFLOW_CTX_DAG_RUN_ID=scheduled__2022-03-10T00:00:00+00:00
[2023-06-01T11:21:09.957+0000] {sql.py:253} INFO - Executing: 
            create table if not exists dag_runs (
                dt date,
                dag_id character varying,
                primary key (dt, dag_id)
            )
        
[2023-06-01T11:21:09.983+0000] {base.py:73} INFO - Using connection ID 'postgres_localhost' for task execution.
[2023-06-01T11:21:10.555+0000] {base.py:73} INFO - Using connection ID 'postgres_localhost' for task execution.
[2023-06-01T11:21:10.576+0000] {sql.py:364} INFO - Running statement: 
            create table if not exists dag_runs (
                dt date,
                dag_id character varying,
                primary key (dt, dag_id)
            )
        , parameters: None
[2023-06-01T11:21:10.606+0000] {taskinstance.py:1327} INFO - Marking task as SUCCESS. dag_id=dag_with_postgres_operator_v03, task_id=create_postgres_table, execution_date=20220310T000000, start_date=20230601T112109, end_date=20230601T112110
[2023-06-01T11:21:10.700+0000] {local_task_job.py:159} INFO - Task exited with return code 0
[2023-06-01T11:21:10.824+0000] {taskinstance.py:2582} INFO - 1 downstream tasks scheduled from follow-on schedule check
