[2023-05-30T11:37:18.185+0000] {taskinstance.py:1087} INFO - Dependencies all met for <TaskInstance: our_dag_with_python_operator_v07.get_name scheduled__2021-12-02T00:00:00+00:00 [queued]>
[2023-05-30T11:37:18.230+0000] {taskinstance.py:1087} INFO - Dependencies all met for <TaskInstance: our_dag_with_python_operator_v07.get_name scheduled__2021-12-02T00:00:00+00:00 [queued]>
[2023-05-30T11:37:18.234+0000] {taskinstance.py:1283} INFO - 
--------------------------------------------------------------------------------
[2023-05-30T11:37:18.235+0000] {taskinstance.py:1284} INFO - Starting attempt 1 of 6
[2023-05-30T11:37:18.236+0000] {taskinstance.py:1285} INFO - 
--------------------------------------------------------------------------------
[2023-05-30T11:37:18.284+0000] {taskinstance.py:1304} INFO - Executing <Task(PythonOperator): get_name> on 2021-12-02 00:00:00+00:00
[2023-05-30T11:37:18.293+0000] {standard_task_runner.py:55} INFO - Started process 5880 to run task
[2023-05-30T11:37:18.308+0000] {standard_task_runner.py:82} INFO - Running: ['***', 'tasks', 'run', 'our_dag_with_python_operator_v07', 'get_name', 'scheduled__2021-12-02T00:00:00+00:00', '--job-id', '1284', '--raw', '--subdir', 'DAGS_FOLDER/dag_python_opr.py', '--cfg-path', '/tmp/tmpxeexeizf']
[2023-05-30T11:37:18.310+0000] {standard_task_runner.py:83} INFO - Job 1284: Subtask get_name
[2023-05-30T11:37:18.526+0000] {task_command.py:389} INFO - Running <TaskInstance: our_dag_with_python_operator_v07.get_name scheduled__2021-12-02T00:00:00+00:00 [running]> on host 49219f98c96e
[2023-05-30T11:37:18.731+0000] {taskinstance.py:1513} INFO - Exporting the following env vars:
AIRFLOW_CTX_DAG_OWNER=coder2j
AIRFLOW_CTX_DAG_ID=our_dag_with_python_operator_v07
AIRFLOW_CTX_TASK_ID=get_name
AIRFLOW_CTX_EXECUTION_DATE=2021-12-02T00:00:00+00:00
AIRFLOW_CTX_TRY_NUMBER=1
AIRFLOW_CTX_DAG_RUN_ID=scheduled__2021-12-02T00:00:00+00:00
[2023-05-30T11:37:18.825+0000] {python.py:177} INFO - Done. Returned value was: None
[2023-05-30T11:37:18.885+0000] {taskinstance.py:1327} INFO - Marking task as SUCCESS. dag_id=our_dag_with_python_operator_v07, task_id=get_name, execution_date=20211202T000000, start_date=20230530T113718, end_date=20230530T113718
[2023-05-30T11:37:18.963+0000] {local_task_job.py:159} INFO - Task exited with return code 0
[2023-05-30T11:37:19.001+0000] {taskinstance.py:2582} INFO - 1 downstream tasks scheduled from follow-on schedule check
[2023-06-07T06:32:51.071+0000] {taskinstance.py:1087} INFO - Dependencies all met for <TaskInstance: our_dag_with_python_operator_v07.get_name scheduled__2021-12-02T00:00:00+00:00 [queued]>
[2023-06-07T06:32:51.171+0000] {taskinstance.py:1087} INFO - Dependencies all met for <TaskInstance: our_dag_with_python_operator_v07.get_name scheduled__2021-12-02T00:00:00+00:00 [queued]>
[2023-06-07T06:32:51.180+0000] {taskinstance.py:1283} INFO - 
--------------------------------------------------------------------------------
[2023-06-07T06:32:51.181+0000] {taskinstance.py:1284} INFO - Starting attempt 1 of 6
[2023-06-07T06:32:51.183+0000] {taskinstance.py:1285} INFO - 
--------------------------------------------------------------------------------
[2023-06-07T06:32:51.306+0000] {taskinstance.py:1304} INFO - Executing <Task(PythonOperator): get_name> on 2021-12-02 00:00:00+00:00
[2023-06-07T06:32:51.337+0000] {standard_task_runner.py:55} INFO - Started process 1300 to run task
[2023-06-07T06:32:51.355+0000] {standard_task_runner.py:82} INFO - Running: ['***', 'tasks', 'run', 'our_dag_with_python_operator_v07', 'get_name', 'scheduled__2021-12-02T00:00:00+00:00', '--job-id', '1317', '--raw', '--subdir', 'DAGS_FOLDER/dag_python_opr.py', '--cfg-path', '/tmp/tmpj7b0n6de']
[2023-06-07T06:32:51.365+0000] {standard_task_runner.py:83} INFO - Job 1317: Subtask get_name
[2023-06-07T06:32:51.775+0000] {task_command.py:389} INFO - Running <TaskInstance: our_dag_with_python_operator_v07.get_name scheduled__2021-12-02T00:00:00+00:00 [running]> on host 026ed797f3b3
[2023-06-07T06:32:52.468+0000] {taskinstance.py:1513} INFO - Exporting the following env vars:
AIRFLOW_CTX_DAG_OWNER=coder2j
AIRFLOW_CTX_DAG_ID=our_dag_with_python_operator_v07
AIRFLOW_CTX_TASK_ID=get_name
AIRFLOW_CTX_EXECUTION_DATE=2021-12-02T00:00:00+00:00
AIRFLOW_CTX_TRY_NUMBER=1
AIRFLOW_CTX_DAG_RUN_ID=scheduled__2021-12-02T00:00:00+00:00
[2023-06-07T06:32:52.569+0000] {python.py:177} INFO - Done. Returned value was: None
[2023-06-07T06:32:52.618+0000] {taskinstance.py:1327} INFO - Marking task as SUCCESS. dag_id=our_dag_with_python_operator_v07, task_id=get_name, execution_date=20211202T000000, start_date=20230607T063251, end_date=20230607T063252
[2023-06-07T06:32:52.737+0000] {local_task_job.py:159} INFO - Task exited with return code 0
[2023-06-07T06:32:52.858+0000] {taskinstance.py:2582} INFO - 1 downstream tasks scheduled from follow-on schedule check
