[2023-05-30T12:39:40.776+0000] {taskinstance.py:1087} INFO - Dependencies all met for <TaskInstance: our_dag_with_python_operator_v07.greet scheduled__2023-03-24T00:00:00+00:00 [queued]>
[2023-05-30T12:39:40.794+0000] {taskinstance.py:1087} INFO - Dependencies all met for <TaskInstance: our_dag_with_python_operator_v07.greet scheduled__2023-03-24T00:00:00+00:00 [queued]>
[2023-05-30T12:39:40.795+0000] {taskinstance.py:1283} INFO - 
--------------------------------------------------------------------------------
[2023-05-30T12:39:40.796+0000] {taskinstance.py:1284} INFO - Starting attempt 1 of 6
[2023-05-30T12:39:40.798+0000] {taskinstance.py:1285} INFO - 
--------------------------------------------------------------------------------
[2023-05-30T12:39:40.817+0000] {taskinstance.py:1304} INFO - Executing <Task(PythonOperator): greet> on 2023-03-24 00:00:00+00:00
[2023-05-30T12:39:40.826+0000] {standard_task_runner.py:55} INFO - Started process 12907 to run task
[2023-05-30T12:39:40.835+0000] {standard_task_runner.py:82} INFO - Running: ['***', 'tasks', 'run', 'our_dag_with_python_operator_v07', 'greet', 'scheduled__2023-03-24T00:00:00+00:00', '--job-id', '2727', '--raw', '--subdir', 'DAGS_FOLDER/dag_python_opr.py', '--cfg-path', '/tmp/tmp6sz744qf']
[2023-05-30T12:39:40.839+0000] {standard_task_runner.py:83} INFO - Job 2727: Subtask greet
[2023-05-30T12:39:40.962+0000] {task_command.py:389} INFO - Running <TaskInstance: our_dag_with_python_operator_v07.greet scheduled__2023-03-24T00:00:00+00:00 [running]> on host 49219f98c96e
[2023-05-30T12:39:41.064+0000] {taskinstance.py:1513} INFO - Exporting the following env vars:
AIRFLOW_CTX_DAG_OWNER=coder2j
AIRFLOW_CTX_DAG_ID=our_dag_with_python_operator_v07
AIRFLOW_CTX_TASK_ID=greet
AIRFLOW_CTX_EXECUTION_DATE=2023-03-24T00:00:00+00:00
AIRFLOW_CTX_TRY_NUMBER=1
AIRFLOW_CTX_DAG_RUN_ID=scheduled__2023-03-24T00:00:00+00:00
[2023-05-30T12:39:41.066+0000] {logging_mixin.py:137} INFO - some dict:  {'a': 1, 'b': 2}
[2023-05-30T12:39:41.103+0000] {logging_mixin.py:137} INFO - Hello World! My name is Jerry Fridman, and I am 19 years old!
[2023-05-30T12:39:41.104+0000] {python.py:177} INFO - Done. Returned value was: None
[2023-05-30T12:39:41.118+0000] {taskinstance.py:1327} INFO - Marking task as SUCCESS. dag_id=our_dag_with_python_operator_v07, task_id=greet, execution_date=20230324T000000, start_date=20230530T123940, end_date=20230530T123941
[2023-05-30T12:39:41.170+0000] {local_task_job.py:159} INFO - Task exited with return code 0
[2023-05-30T12:39:41.193+0000] {taskinstance.py:2582} INFO - 0 downstream tasks scheduled from follow-on schedule check
