[2023-05-30T12:32:34.088+0000] {taskinstance.py:1087} INFO - Dependencies all met for <TaskInstance: our_dag_with_python_operator_v07.greet scheduled__2022-02-23T00:00:00+00:00 [queued]>
[2023-05-30T12:32:34.106+0000] {taskinstance.py:1087} INFO - Dependencies all met for <TaskInstance: our_dag_with_python_operator_v07.greet scheduled__2022-02-23T00:00:00+00:00 [queued]>
[2023-05-30T12:32:34.108+0000] {taskinstance.py:1283} INFO - 
--------------------------------------------------------------------------------
[2023-05-30T12:32:34.110+0000] {taskinstance.py:1284} INFO - Starting attempt 1 of 6
[2023-05-30T12:32:34.111+0000] {taskinstance.py:1285} INFO - 
--------------------------------------------------------------------------------
[2023-05-30T12:32:34.144+0000] {taskinstance.py:1304} INFO - Executing <Task(PythonOperator): greet> on 2022-02-23 00:00:00+00:00
[2023-05-30T12:32:34.162+0000] {standard_task_runner.py:55} INFO - Started process 10152 to run task
[2023-05-30T12:32:34.174+0000] {standard_task_runner.py:82} INFO - Running: ['***', 'tasks', 'run', 'our_dag_with_python_operator_v07', 'greet', 'scheduled__2022-02-23T00:00:00+00:00', '--job-id', '1542', '--raw', '--subdir', 'DAGS_FOLDER/dag_python_opr.py', '--cfg-path', '/tmp/tmp47irkctx']
[2023-05-30T12:32:34.178+0000] {standard_task_runner.py:83} INFO - Job 1542: Subtask greet
[2023-05-30T12:32:34.316+0000] {task_command.py:389} INFO - Running <TaskInstance: our_dag_with_python_operator_v07.greet scheduled__2022-02-23T00:00:00+00:00 [running]> on host 49219f98c96e
[2023-05-30T12:32:34.438+0000] {taskinstance.py:1513} INFO - Exporting the following env vars:
AIRFLOW_CTX_DAG_OWNER=coder2j
AIRFLOW_CTX_DAG_ID=our_dag_with_python_operator_v07
AIRFLOW_CTX_TASK_ID=greet
AIRFLOW_CTX_EXECUTION_DATE=2022-02-23T00:00:00+00:00
AIRFLOW_CTX_TRY_NUMBER=1
AIRFLOW_CTX_DAG_RUN_ID=scheduled__2022-02-23T00:00:00+00:00
[2023-05-30T12:32:34.441+0000] {logging_mixin.py:137} INFO - some dict:  {'a': 1, 'b': 2}
[2023-05-30T12:32:34.490+0000] {logging_mixin.py:137} INFO - Hello World! My name is Jerry Fridman, and I am 19 years old!
[2023-05-30T12:32:34.491+0000] {python.py:177} INFO - Done. Returned value was: None
[2023-05-30T12:32:34.507+0000] {taskinstance.py:1327} INFO - Marking task as SUCCESS. dag_id=our_dag_with_python_operator_v07, task_id=greet, execution_date=20220223T000000, start_date=20230530T123234, end_date=20230530T123234
[2023-05-30T12:32:34.545+0000] {local_task_job.py:159} INFO - Task exited with return code 0
[2023-05-30T12:32:34.573+0000] {taskinstance.py:2582} INFO - 0 downstream tasks scheduled from follow-on schedule check
[2023-06-07T06:36:04.587+0000] {taskinstance.py:1087} INFO - Dependencies all met for <TaskInstance: our_dag_with_python_operator_v07.greet scheduled__2022-02-23T00:00:00+00:00 [queued]>
[2023-06-07T06:36:04.672+0000] {taskinstance.py:1087} INFO - Dependencies all met for <TaskInstance: our_dag_with_python_operator_v07.greet scheduled__2022-02-23T00:00:00+00:00 [queued]>
[2023-06-07T06:36:04.674+0000] {taskinstance.py:1283} INFO - 
--------------------------------------------------------------------------------
[2023-06-07T06:36:04.679+0000] {taskinstance.py:1284} INFO - Starting attempt 1 of 6
[2023-06-07T06:36:04.683+0000] {taskinstance.py:1285} INFO - 
--------------------------------------------------------------------------------
[2023-06-07T06:36:04.909+0000] {taskinstance.py:1304} INFO - Executing <Task(PythonOperator): greet> on 2022-02-23 00:00:00+00:00
[2023-06-07T06:36:04.930+0000] {standard_task_runner.py:55} INFO - Started process 2633 to run task
[2023-06-07T06:36:04.982+0000] {standard_task_runner.py:82} INFO - Running: ['***', 'tasks', 'run', 'our_dag_with_python_operator_v07', 'greet', 'scheduled__2022-02-23T00:00:00+00:00', '--job-id', '1807', '--raw', '--subdir', 'DAGS_FOLDER/dag_python_opr.py', '--cfg-path', '/tmp/tmpa67ggyjg']
[2023-06-07T06:36:04.985+0000] {standard_task_runner.py:83} INFO - Job 1807: Subtask greet
[2023-06-07T06:36:05.495+0000] {task_command.py:389} INFO - Running <TaskInstance: our_dag_with_python_operator_v07.greet scheduled__2022-02-23T00:00:00+00:00 [running]> on host 026ed797f3b3
[2023-06-07T06:36:06.034+0000] {taskinstance.py:1513} INFO - Exporting the following env vars:
AIRFLOW_CTX_DAG_OWNER=coder2j
AIRFLOW_CTX_DAG_ID=our_dag_with_python_operator_v07
AIRFLOW_CTX_TASK_ID=greet
AIRFLOW_CTX_EXECUTION_DATE=2022-02-23T00:00:00+00:00
AIRFLOW_CTX_TRY_NUMBER=1
AIRFLOW_CTX_DAG_RUN_ID=scheduled__2022-02-23T00:00:00+00:00
[2023-06-07T06:36:06.040+0000] {logging_mixin.py:137} INFO - some dict:  {'a': 1, 'b': 2}
[2023-06-07T06:36:06.168+0000] {logging_mixin.py:137} INFO - Hello World! My name is Jerry Fridman, and I am 19 years old!
[2023-06-07T06:36:06.170+0000] {python.py:177} INFO - Done. Returned value was: None
[2023-06-07T06:36:06.200+0000] {taskinstance.py:1327} INFO - Marking task as SUCCESS. dag_id=our_dag_with_python_operator_v07, task_id=greet, execution_date=20220223T000000, start_date=20230607T063604, end_date=20230607T063606
[2023-06-07T06:36:06.341+0000] {local_task_job.py:159} INFO - Task exited with return code 0
[2023-06-07T06:36:06.618+0000] {taskinstance.py:2582} INFO - 0 downstream tasks scheduled from follow-on schedule check
