[2023-05-30T11:28:12.784+0000] {taskinstance.py:1087} INFO - Dependencies all met for <TaskInstance: our_first_dag_v5.second_task scheduled__2021-08-12T00:00:00+00:00 [queued]>
[2023-05-30T11:28:12.892+0000] {taskinstance.py:1087} INFO - Dependencies all met for <TaskInstance: our_first_dag_v5.second_task scheduled__2021-08-12T00:00:00+00:00 [queued]>
[2023-05-30T11:28:12.897+0000] {taskinstance.py:1283} INFO - 
--------------------------------------------------------------------------------
[2023-05-30T11:28:12.906+0000] {taskinstance.py:1284} INFO - Starting attempt 1 of 6
[2023-05-30T11:28:12.910+0000] {taskinstance.py:1285} INFO - 
--------------------------------------------------------------------------------
[2023-05-30T11:28:12.976+0000] {taskinstance.py:1304} INFO - Executing <Task(BashOperator): second_task> on 2021-08-12 00:00:00+00:00
[2023-05-30T11:28:12.988+0000] {standard_task_runner.py:55} INFO - Started process 1827 to run task
[2023-05-30T11:28:13.018+0000] {standard_task_runner.py:82} INFO - Running: ['***', 'tasks', 'run', 'our_first_dag_v5', 'second_task', 'scheduled__2021-08-12T00:00:00+00:00', '--job-id', '51', '--raw', '--subdir', 'DAGS_FOLDER/first_Dag.py', '--cfg-path', '/tmp/tmplqsis5uf']
[2023-05-30T11:28:13.029+0000] {standard_task_runner.py:83} INFO - Job 51: Subtask second_task
[2023-05-30T11:28:13.255+0000] {task_command.py:389} INFO - Running <TaskInstance: our_first_dag_v5.second_task scheduled__2021-08-12T00:00:00+00:00 [running]> on host 49219f98c96e
[2023-05-30T11:28:13.670+0000] {taskinstance.py:1513} INFO - Exporting the following env vars:
AIRFLOW_CTX_DAG_OWNER=coder2j
AIRFLOW_CTX_DAG_ID=our_first_dag_v5
AIRFLOW_CTX_TASK_ID=second_task
AIRFLOW_CTX_EXECUTION_DATE=2021-08-12T00:00:00+00:00
AIRFLOW_CTX_TRY_NUMBER=1
AIRFLOW_CTX_DAG_RUN_ID=scheduled__2021-08-12T00:00:00+00:00
[2023-05-30T11:28:13.676+0000] {subprocess.py:63} INFO - Tmp dir root location: 
 /tmp
[2023-05-30T11:28:13.680+0000] {subprocess.py:75} INFO - Running command: ['/bin/bash', '-c', 'echo hey, I am task2 and will be running after task1!']
[2023-05-30T11:28:13.723+0000] {subprocess.py:86} INFO - Output:
[2023-05-30T11:28:13.728+0000] {subprocess.py:93} INFO - hey, I am task2 and will be running after task1!
[2023-05-30T11:28:13.730+0000] {subprocess.py:97} INFO - Command exited with return code 0
[2023-05-30T11:28:13.852+0000] {taskinstance.py:1327} INFO - Marking task as SUCCESS. dag_id=our_first_dag_v5, task_id=second_task, execution_date=20210812T000000, start_date=20230530T112812, end_date=20230530T112813
[2023-05-30T11:28:14.024+0000] {local_task_job.py:159} INFO - Task exited with return code 0
[2023-05-30T11:28:14.108+0000] {taskinstance.py:2582} INFO - 0 downstream tasks scheduled from follow-on schedule check
[2023-06-07T06:31:19.729+0000] {taskinstance.py:1087} INFO - Dependencies all met for <TaskInstance: our_first_dag_v5.second_task scheduled__2021-08-12T00:00:00+00:00 [queued]>
[2023-06-07T06:31:19.770+0000] {taskinstance.py:1087} INFO - Dependencies all met for <TaskInstance: our_first_dag_v5.second_task scheduled__2021-08-12T00:00:00+00:00 [queued]>
[2023-06-07T06:31:19.773+0000] {taskinstance.py:1283} INFO - 
--------------------------------------------------------------------------------
[2023-06-07T06:31:19.775+0000] {taskinstance.py:1284} INFO - Starting attempt 1 of 6
[2023-06-07T06:31:19.777+0000] {taskinstance.py:1285} INFO - 
--------------------------------------------------------------------------------
[2023-06-07T06:31:19.819+0000] {taskinstance.py:1304} INFO - Executing <Task(BashOperator): second_task> on 2021-08-12 00:00:00+00:00
[2023-06-07T06:31:19.838+0000] {standard_task_runner.py:55} INFO - Started process 597 to run task
[2023-06-07T06:31:19.854+0000] {standard_task_runner.py:82} INFO - Running: ['***', 'tasks', 'run', 'our_first_dag_v5', 'second_task', 'scheduled__2021-08-12T00:00:00+00:00', '--job-id', '1069', '--raw', '--subdir', 'DAGS_FOLDER/first_Dag.py', '--cfg-path', '/tmp/tmpvqk8otue']
[2023-06-07T06:31:19.858+0000] {standard_task_runner.py:83} INFO - Job 1069: Subtask second_task
[2023-06-07T06:31:20.076+0000] {task_command.py:389} INFO - Running <TaskInstance: our_first_dag_v5.second_task scheduled__2021-08-12T00:00:00+00:00 [running]> on host 026ed797f3b3
[2023-06-07T06:31:20.199+0000] {taskinstance.py:1513} INFO - Exporting the following env vars:
AIRFLOW_CTX_DAG_OWNER=coder2j
AIRFLOW_CTX_DAG_ID=our_first_dag_v5
AIRFLOW_CTX_TASK_ID=second_task
AIRFLOW_CTX_EXECUTION_DATE=2021-08-12T00:00:00+00:00
AIRFLOW_CTX_TRY_NUMBER=1
AIRFLOW_CTX_DAG_RUN_ID=scheduled__2021-08-12T00:00:00+00:00
[2023-06-07T06:31:20.202+0000] {subprocess.py:63} INFO - Tmp dir root location: 
 /tmp
[2023-06-07T06:31:20.204+0000] {subprocess.py:75} INFO - Running command: ['/bin/bash', '-c', 'echo hey, I am task2 and will be running after task1!']
[2023-06-07T06:31:20.224+0000] {subprocess.py:86} INFO - Output:
[2023-06-07T06:31:20.228+0000] {subprocess.py:93} INFO - hey, I am task2 and will be running after task1!
[2023-06-07T06:31:20.230+0000] {subprocess.py:97} INFO - Command exited with return code 0
[2023-06-07T06:31:20.282+0000] {taskinstance.py:1327} INFO - Marking task as SUCCESS. dag_id=our_first_dag_v5, task_id=second_task, execution_date=20210812T000000, start_date=20230607T063119, end_date=20230607T063120
[2023-06-07T06:31:20.351+0000] {local_task_job.py:159} INFO - Task exited with return code 0
[2023-06-07T06:31:20.388+0000] {taskinstance.py:2582} INFO - 0 downstream tasks scheduled from follow-on schedule check
