[2023-05-30T11:36:53.479+0000] {taskinstance.py:1087} INFO - Dependencies all met for <TaskInstance: our_dag_with_python_operator_v07.get_age scheduled__2021-11-08T00:00:00+00:00 [queued]>
[2023-05-30T11:36:53.503+0000] {taskinstance.py:1087} INFO - Dependencies all met for <TaskInstance: our_dag_with_python_operator_v07.get_age scheduled__2021-11-08T00:00:00+00:00 [queued]>
[2023-05-30T11:36:53.505+0000] {taskinstance.py:1283} INFO - 
--------------------------------------------------------------------------------
[2023-05-30T11:36:53.506+0000] {taskinstance.py:1284} INFO - Starting attempt 1 of 6
[2023-05-30T11:36:53.507+0000] {taskinstance.py:1285} INFO - 
--------------------------------------------------------------------------------
[2023-05-30T11:36:53.548+0000] {taskinstance.py:1304} INFO - Executing <Task(PythonOperator): get_age> on 2021-11-08 00:00:00+00:00
[2023-05-30T11:36:53.561+0000] {standard_task_runner.py:55} INFO - Started process 5721 to run task
[2023-05-30T11:36:53.581+0000] {standard_task_runner.py:82} INFO - Running: ['***', 'tasks', 'run', 'our_dag_with_python_operator_v07', 'get_age', 'scheduled__2021-11-08T00:00:00+00:00', '--job-id', '1213', '--raw', '--subdir', 'DAGS_FOLDER/dag_python_opr.py', '--cfg-path', '/tmp/tmpl6k6cov9']
[2023-05-30T11:36:53.584+0000] {standard_task_runner.py:83} INFO - Job 1213: Subtask get_age
[2023-05-30T11:36:53.853+0000] {task_command.py:389} INFO - Running <TaskInstance: our_dag_with_python_operator_v07.get_age scheduled__2021-11-08T00:00:00+00:00 [running]> on host 49219f98c96e
[2023-05-30T11:36:54.070+0000] {taskinstance.py:1513} INFO - Exporting the following env vars:
AIRFLOW_CTX_DAG_OWNER=coder2j
AIRFLOW_CTX_DAG_ID=our_dag_with_python_operator_v07
AIRFLOW_CTX_TASK_ID=get_age
AIRFLOW_CTX_EXECUTION_DATE=2021-11-08T00:00:00+00:00
AIRFLOW_CTX_TRY_NUMBER=1
AIRFLOW_CTX_DAG_RUN_ID=scheduled__2021-11-08T00:00:00+00:00
[2023-05-30T11:36:54.128+0000] {python.py:177} INFO - Done. Returned value was: None
[2023-05-30T11:36:54.178+0000] {taskinstance.py:1327} INFO - Marking task as SUCCESS. dag_id=our_dag_with_python_operator_v07, task_id=get_age, execution_date=20211108T000000, start_date=20230530T113653, end_date=20230530T113654
[2023-05-30T11:36:54.276+0000] {local_task_job.py:159} INFO - Task exited with return code 0
[2023-05-30T11:36:54.385+0000] {taskinstance.py:2582} INFO - 1 downstream tasks scheduled from follow-on schedule check
[2023-06-07T06:32:04.069+0000] {taskinstance.py:1087} INFO - Dependencies all met for <TaskInstance: our_dag_with_python_operator_v07.get_age scheduled__2021-11-08T00:00:00+00:00 [queued]>
[2023-06-07T06:32:04.116+0000] {taskinstance.py:1087} INFO - Dependencies all met for <TaskInstance: our_dag_with_python_operator_v07.get_age scheduled__2021-11-08T00:00:00+00:00 [queued]>
[2023-06-07T06:32:04.118+0000] {taskinstance.py:1283} INFO - 
--------------------------------------------------------------------------------
[2023-06-07T06:32:04.120+0000] {taskinstance.py:1284} INFO - Starting attempt 1 of 6
[2023-06-07T06:32:04.122+0000] {taskinstance.py:1285} INFO - 
--------------------------------------------------------------------------------
[2023-06-07T06:32:04.232+0000] {taskinstance.py:1304} INFO - Executing <Task(PythonOperator): get_age> on 2021-11-08 00:00:00+00:00
[2023-06-07T06:32:04.266+0000] {standard_task_runner.py:55} INFO - Started process 941 to run task
[2023-06-07T06:32:04.283+0000] {standard_task_runner.py:82} INFO - Running: ['***', 'tasks', 'run', 'our_dag_with_python_operator_v07', 'get_age', 'scheduled__2021-11-08T00:00:00+00:00', '--job-id', '1187', '--raw', '--subdir', 'DAGS_FOLDER/dag_python_opr.py', '--cfg-path', '/tmp/tmpmjoc1nf0']
[2023-06-07T06:32:04.301+0000] {standard_task_runner.py:83} INFO - Job 1187: Subtask get_age
[2023-06-07T06:32:04.806+0000] {task_command.py:389} INFO - Running <TaskInstance: our_dag_with_python_operator_v07.get_age scheduled__2021-11-08T00:00:00+00:00 [running]> on host 026ed797f3b3
[2023-06-07T06:32:05.324+0000] {taskinstance.py:1513} INFO - Exporting the following env vars:
AIRFLOW_CTX_DAG_OWNER=coder2j
AIRFLOW_CTX_DAG_ID=our_dag_with_python_operator_v07
AIRFLOW_CTX_TASK_ID=get_age
AIRFLOW_CTX_EXECUTION_DATE=2021-11-08T00:00:00+00:00
AIRFLOW_CTX_TRY_NUMBER=1
AIRFLOW_CTX_DAG_RUN_ID=scheduled__2021-11-08T00:00:00+00:00
[2023-06-07T06:32:05.415+0000] {python.py:177} INFO - Done. Returned value was: None
[2023-06-07T06:32:05.446+0000] {taskinstance.py:1327} INFO - Marking task as SUCCESS. dag_id=our_dag_with_python_operator_v07, task_id=get_age, execution_date=20211108T000000, start_date=20230607T063204, end_date=20230607T063205
[2023-06-07T06:32:05.556+0000] {local_task_job.py:159} INFO - Task exited with return code 0
[2023-06-07T06:32:05.742+0000] {taskinstance.py:2582} INFO - 0 downstream tasks scheduled from follow-on schedule check
