[2023-05-30T11:29:25.181+0000] {taskinstance.py:1087} INFO - Dependencies all met for <TaskInstance: our_first_dag_v5.thrid_task scheduled__2021-10-24T00:00:00+00:00 [queued]>
[2023-05-30T11:29:25.217+0000] {taskinstance.py:1087} INFO - Dependencies all met for <TaskInstance: our_first_dag_v5.thrid_task scheduled__2021-10-24T00:00:00+00:00 [queued]>
[2023-05-30T11:29:25.218+0000] {taskinstance.py:1283} INFO - 
--------------------------------------------------------------------------------
[2023-05-30T11:29:25.232+0000] {taskinstance.py:1284} INFO - Starting attempt 1 of 6
[2023-05-30T11:29:25.234+0000] {taskinstance.py:1285} INFO - 
--------------------------------------------------------------------------------
[2023-05-30T11:29:25.292+0000] {taskinstance.py:1304} INFO - Executing <Task(BashOperator): thrid_task> on 2021-10-24 00:00:00+00:00
[2023-05-30T11:29:25.300+0000] {standard_task_runner.py:55} INFO - Started process 2534 to run task
[2023-05-30T11:29:25.349+0000] {standard_task_runner.py:82} INFO - Running: ['***', 'tasks', 'run', 'our_first_dag_v5', 'thrid_task', 'scheduled__2021-10-24T00:00:00+00:00', '--job-id', '268', '--raw', '--subdir', 'DAGS_FOLDER/first_Dag.py', '--cfg-path', '/tmp/tmps6ropb4z']
[2023-05-30T11:29:25.354+0000] {standard_task_runner.py:83} INFO - Job 268: Subtask thrid_task
[2023-05-30T11:29:25.697+0000] {task_command.py:389} INFO - Running <TaskInstance: our_first_dag_v5.thrid_task scheduled__2021-10-24T00:00:00+00:00 [running]> on host 49219f98c96e
[2023-05-30T11:29:26.028+0000] {taskinstance.py:1513} INFO - Exporting the following env vars:
AIRFLOW_CTX_DAG_OWNER=coder2j
AIRFLOW_CTX_DAG_ID=our_first_dag_v5
AIRFLOW_CTX_TASK_ID=thrid_task
AIRFLOW_CTX_EXECUTION_DATE=2021-10-24T00:00:00+00:00
AIRFLOW_CTX_TRY_NUMBER=1
AIRFLOW_CTX_DAG_RUN_ID=scheduled__2021-10-24T00:00:00+00:00
[2023-05-30T11:29:26.033+0000] {subprocess.py:63} INFO - Tmp dir root location: 
 /tmp
[2023-05-30T11:29:26.040+0000] {subprocess.py:75} INFO - Running command: ['/bin/bash', '-c', 'echo hey, I am task3 and will be running after task1 at the same time as task2!']
[2023-05-30T11:29:26.067+0000] {subprocess.py:86} INFO - Output:
[2023-05-30T11:29:26.070+0000] {subprocess.py:93} INFO - hey, I am task3 and will be running after task1 at the same time as task2!
[2023-05-30T11:29:26.073+0000] {subprocess.py:97} INFO - Command exited with return code 0
[2023-05-30T11:29:26.143+0000] {taskinstance.py:1327} INFO - Marking task as SUCCESS. dag_id=our_first_dag_v5, task_id=thrid_task, execution_date=20211024T000000, start_date=20230530T112925, end_date=20230530T112926
[2023-05-30T11:29:26.224+0000] {local_task_job.py:159} INFO - Task exited with return code 0
[2023-05-30T11:29:26.270+0000] {taskinstance.py:2582} INFO - 0 downstream tasks scheduled from follow-on schedule check
[2023-06-07T06:34:06.663+0000] {taskinstance.py:1087} INFO - Dependencies all met for <TaskInstance: our_first_dag_v5.thrid_task scheduled__2021-10-24T00:00:00+00:00 [queued]>
[2023-06-07T06:34:06.859+0000] {taskinstance.py:1087} INFO - Dependencies all met for <TaskInstance: our_first_dag_v5.thrid_task scheduled__2021-10-24T00:00:00+00:00 [queued]>
[2023-06-07T06:34:06.861+0000] {taskinstance.py:1283} INFO - 
--------------------------------------------------------------------------------
[2023-06-07T06:34:06.864+0000] {taskinstance.py:1284} INFO - Starting attempt 1 of 6
[2023-06-07T06:34:06.866+0000] {taskinstance.py:1285} INFO - 
--------------------------------------------------------------------------------
[2023-06-07T06:34:07.036+0000] {taskinstance.py:1304} INFO - Executing <Task(BashOperator): thrid_task> on 2021-10-24 00:00:00+00:00
[2023-06-07T06:34:07.134+0000] {standard_task_runner.py:82} INFO - Running: ['***', 'tasks', 'run', 'our_first_dag_v5', 'thrid_task', 'scheduled__2021-10-24T00:00:00+00:00', '--job-id', '1528', '--raw', '--subdir', 'DAGS_FOLDER/first_Dag.py', '--cfg-path', '/tmp/tmpub60xmpt']
[2023-06-07T06:34:07.151+0000] {standard_task_runner.py:83} INFO - Job 1528: Subtask thrid_task
[2023-06-07T06:34:07.115+0000] {standard_task_runner.py:55} INFO - Started process 1869 to run task
[2023-06-07T06:34:07.645+0000] {task_command.py:389} INFO - Running <TaskInstance: our_first_dag_v5.thrid_task scheduled__2021-10-24T00:00:00+00:00 [running]> on host 026ed797f3b3
[2023-06-07T06:34:08.284+0000] {taskinstance.py:1513} INFO - Exporting the following env vars:
AIRFLOW_CTX_DAG_OWNER=coder2j
AIRFLOW_CTX_DAG_ID=our_first_dag_v5
AIRFLOW_CTX_TASK_ID=thrid_task
AIRFLOW_CTX_EXECUTION_DATE=2021-10-24T00:00:00+00:00
AIRFLOW_CTX_TRY_NUMBER=1
AIRFLOW_CTX_DAG_RUN_ID=scheduled__2021-10-24T00:00:00+00:00
[2023-06-07T06:34:08.288+0000] {subprocess.py:63} INFO - Tmp dir root location: 
 /tmp
[2023-06-07T06:34:08.293+0000] {subprocess.py:75} INFO - Running command: ['/bin/bash', '-c', 'echo hey, I am task3 and will be running after task1 at the same time as task2!']
[2023-06-07T06:34:08.460+0000] {subprocess.py:86} INFO - Output:
[2023-06-07T06:34:08.473+0000] {subprocess.py:93} INFO - hey, I am task3 and will be running after task1 at the same time as task2!
[2023-06-07T06:34:08.475+0000] {subprocess.py:97} INFO - Command exited with return code 0
[2023-06-07T06:34:08.613+0000] {taskinstance.py:1327} INFO - Marking task as SUCCESS. dag_id=our_first_dag_v5, task_id=thrid_task, execution_date=20211024T000000, start_date=20230607T063406, end_date=20230607T063408
[2023-06-07T06:34:08.808+0000] {local_task_job.py:159} INFO - Task exited with return code 0
[2023-06-07T06:34:09.296+0000] {taskinstance.py:2582} INFO - 0 downstream tasks scheduled from follow-on schedule check
