[2023-06-01T11:19:27.282+0000] {taskinstance.py:1087} INFO - Dependencies all met for <TaskInstance: dag_with_postgres_operator_v03.insert_into_table manual__2023-06-01T11:14:00.183542+00:00 [queued]>
[2023-06-01T11:19:27.396+0000] {taskinstance.py:1087} INFO - Dependencies all met for <TaskInstance: dag_with_postgres_operator_v03.insert_into_table manual__2023-06-01T11:14:00.183542+00:00 [queued]>
[2023-06-01T11:19:27.398+0000] {taskinstance.py:1283} INFO - 
--------------------------------------------------------------------------------
[2023-06-01T11:19:27.399+0000] {taskinstance.py:1284} INFO - Starting attempt 1 of 6
[2023-06-01T11:19:27.401+0000] {taskinstance.py:1285} INFO - 
--------------------------------------------------------------------------------
[2023-06-01T11:19:27.541+0000] {taskinstance.py:1304} INFO - Executing <Task(PostgresOperator): insert_into_table> on 2023-06-01 11:14:00.183542+00:00
[2023-06-01T11:19:27.580+0000] {standard_task_runner.py:55} INFO - Started process 549 to run task
[2023-06-01T11:19:27.593+0000] {standard_task_runner.py:82} INFO - Running: ['***', 'tasks', 'run', 'dag_with_postgres_operator_v03', 'insert_into_table', 'manual__2023-06-01T11:14:00.183542+00:00', '--job-id', '54', '--raw', '--subdir', 'DAGS_FOLDER/postgres.py', '--cfg-path', '/tmp/tmpzg9_sqz4']
[2023-06-01T11:19:27.599+0000] {standard_task_runner.py:83} INFO - Job 54: Subtask insert_into_table
[2023-06-01T11:19:27.945+0000] {task_command.py:389} INFO - Running <TaskInstance: dag_with_postgres_operator_v03.insert_into_table manual__2023-06-01T11:14:00.183542+00:00 [running]> on host 687ba427e841
[2023-06-01T11:19:28.312+0000] {taskinstance.py:1513} INFO - Exporting the following env vars:
AIRFLOW_CTX_DAG_OWNER=coder2j
AIRFLOW_CTX_DAG_ID=dag_with_postgres_operator_v03
AIRFLOW_CTX_TASK_ID=insert_into_table
AIRFLOW_CTX_EXECUTION_DATE=2023-06-01T11:14:00.183542+00:00
AIRFLOW_CTX_TRY_NUMBER=1
AIRFLOW_CTX_DAG_RUN_ID=manual__2023-06-01T11:14:00.183542+00:00
[2023-06-01T11:19:28.315+0000] {sql.py:253} INFO - Executing: 
            insert into dag_runs (dt, dag_id) values ('2023-06-01', 'dag_with_postgres_operator_v03')
        
[2023-06-01T11:19:28.365+0000] {base.py:73} INFO - Using connection ID 'postgres_localhost' for task execution.
[2023-06-01T11:19:29.946+0000] {base.py:73} INFO - Using connection ID 'postgres_localhost' for task execution.
[2023-06-01T11:19:29.974+0000] {sql.py:364} INFO - Running statement: 
            insert into dag_runs (dt, dag_id) values ('2023-06-01', 'dag_with_postgres_operator_v03')
        , parameters: None
[2023-06-01T11:19:29.996+0000] {sql.py:373} INFO - Rows affected: 1
[2023-06-01T11:19:30.049+0000] {taskinstance.py:1327} INFO - Marking task as SUCCESS. dag_id=dag_with_postgres_operator_v03, task_id=insert_into_table, execution_date=20230601T111400, start_date=20230601T111927, end_date=20230601T111930
[2023-06-01T11:19:30.188+0000] {local_task_job.py:159} INFO - Task exited with return code 0
[2023-06-01T11:19:30.351+0000] {taskinstance.py:2582} INFO - 0 downstream tasks scheduled from follow-on schedule check
