[2023-05-30T11:29:27.234+0000] {taskinstance.py:1087} INFO - Dependencies all met for <TaskInstance: our_first_dag_v5.second_task scheduled__2021-10-27T00:00:00+00:00 [queued]>
[2023-05-30T11:29:27.287+0000] {taskinstance.py:1087} INFO - Dependencies all met for <TaskInstance: our_first_dag_v5.second_task scheduled__2021-10-27T00:00:00+00:00 [queued]>
[2023-05-30T11:29:27.289+0000] {taskinstance.py:1283} INFO - 
--------------------------------------------------------------------------------
[2023-05-30T11:29:27.291+0000] {taskinstance.py:1284} INFO - Starting attempt 1 of 6
[2023-05-30T11:29:27.292+0000] {taskinstance.py:1285} INFO - 
--------------------------------------------------------------------------------
[2023-05-30T11:29:27.331+0000] {taskinstance.py:1304} INFO - Executing <Task(BashOperator): second_task> on 2021-10-27 00:00:00+00:00
[2023-05-30T11:29:27.345+0000] {standard_task_runner.py:55} INFO - Started process 2563 to run task
[2023-05-30T11:29:27.355+0000] {standard_task_runner.py:82} INFO - Running: ['***', 'tasks', 'run', 'our_first_dag_v5', 'second_task', 'scheduled__2021-10-27T00:00:00+00:00', '--job-id', '275', '--raw', '--subdir', 'DAGS_FOLDER/first_Dag.py', '--cfg-path', '/tmp/tmp7rh5iqgm']
[2023-05-30T11:29:27.365+0000] {standard_task_runner.py:83} INFO - Job 275: Subtask second_task
[2023-05-30T11:29:27.561+0000] {task_command.py:389} INFO - Running <TaskInstance: our_first_dag_v5.second_task scheduled__2021-10-27T00:00:00+00:00 [running]> on host 49219f98c96e
[2023-05-30T11:29:27.720+0000] {taskinstance.py:1513} INFO - Exporting the following env vars:
AIRFLOW_CTX_DAG_OWNER=coder2j
AIRFLOW_CTX_DAG_ID=our_first_dag_v5
AIRFLOW_CTX_TASK_ID=second_task
AIRFLOW_CTX_EXECUTION_DATE=2021-10-27T00:00:00+00:00
AIRFLOW_CTX_TRY_NUMBER=1
AIRFLOW_CTX_DAG_RUN_ID=scheduled__2021-10-27T00:00:00+00:00
[2023-05-30T11:29:27.730+0000] {subprocess.py:63} INFO - Tmp dir root location: 
 /tmp
[2023-05-30T11:29:27.733+0000] {subprocess.py:75} INFO - Running command: ['/bin/bash', '-c', 'echo hey, I am task2 and will be running after task1!']
[2023-05-30T11:29:27.752+0000] {subprocess.py:86} INFO - Output:
[2023-05-30T11:29:27.757+0000] {subprocess.py:93} INFO - hey, I am task2 and will be running after task1!
[2023-05-30T11:29:27.759+0000] {subprocess.py:97} INFO - Command exited with return code 0
[2023-05-30T11:29:27.818+0000] {taskinstance.py:1327} INFO - Marking task as SUCCESS. dag_id=our_first_dag_v5, task_id=second_task, execution_date=20211027T000000, start_date=20230530T112927, end_date=20230530T112927
[2023-05-30T11:29:27.895+0000] {local_task_job.py:159} INFO - Task exited with return code 0
[2023-05-30T11:29:27.947+0000] {taskinstance.py:2582} INFO - 0 downstream tasks scheduled from follow-on schedule check
[2023-06-07T06:34:08.549+0000] {taskinstance.py:1087} INFO - Dependencies all met for <TaskInstance: our_first_dag_v5.second_task scheduled__2021-10-27T00:00:00+00:00 [queued]>
[2023-06-07T06:34:08.760+0000] {taskinstance.py:1087} INFO - Dependencies all met for <TaskInstance: our_first_dag_v5.second_task scheduled__2021-10-27T00:00:00+00:00 [queued]>
[2023-06-07T06:34:08.767+0000] {taskinstance.py:1283} INFO - 
--------------------------------------------------------------------------------
[2023-06-07T06:34:08.773+0000] {taskinstance.py:1284} INFO - Starting attempt 1 of 6
[2023-06-07T06:34:08.785+0000] {taskinstance.py:1285} INFO - 
--------------------------------------------------------------------------------
[2023-06-07T06:34:09.299+0000] {taskinstance.py:1304} INFO - Executing <Task(BashOperator): second_task> on 2021-10-27 00:00:00+00:00
[2023-06-07T06:34:09.375+0000] {standard_task_runner.py:55} INFO - Started process 1882 to run task
[2023-06-07T06:34:09.450+0000] {standard_task_runner.py:82} INFO - Running: ['***', 'tasks', 'run', 'our_first_dag_v5', 'second_task', 'scheduled__2021-10-27T00:00:00+00:00', '--job-id', '1530', '--raw', '--subdir', 'DAGS_FOLDER/first_Dag.py', '--cfg-path', '/tmp/tmpfdxrma00']
[2023-06-07T06:34:09.459+0000] {standard_task_runner.py:83} INFO - Job 1530: Subtask second_task
[2023-06-07T06:34:10.190+0000] {task_command.py:389} INFO - Running <TaskInstance: our_first_dag_v5.second_task scheduled__2021-10-27T00:00:00+00:00 [running]> on host 026ed797f3b3
[2023-06-07T06:34:10.774+0000] {taskinstance.py:1513} INFO - Exporting the following env vars:
AIRFLOW_CTX_DAG_OWNER=coder2j
AIRFLOW_CTX_DAG_ID=our_first_dag_v5
AIRFLOW_CTX_TASK_ID=second_task
AIRFLOW_CTX_EXECUTION_DATE=2021-10-27T00:00:00+00:00
AIRFLOW_CTX_TRY_NUMBER=1
AIRFLOW_CTX_DAG_RUN_ID=scheduled__2021-10-27T00:00:00+00:00
[2023-06-07T06:34:10.785+0000] {subprocess.py:63} INFO - Tmp dir root location: 
 /tmp
[2023-06-07T06:34:10.801+0000] {subprocess.py:75} INFO - Running command: ['/bin/bash', '-c', 'echo hey, I am task2 and will be running after task1!']
[2023-06-07T06:34:10.948+0000] {subprocess.py:86} INFO - Output:
[2023-06-07T06:34:10.969+0000] {subprocess.py:93} INFO - hey, I am task2 and will be running after task1!
[2023-06-07T06:34:10.971+0000] {subprocess.py:97} INFO - Command exited with return code 0
[2023-06-07T06:34:11.130+0000] {taskinstance.py:1327} INFO - Marking task as SUCCESS. dag_id=our_first_dag_v5, task_id=second_task, execution_date=20211027T000000, start_date=20230607T063408, end_date=20230607T063411
[2023-06-07T06:34:11.369+0000] {local_task_job.py:159} INFO - Task exited with return code 0
[2023-06-07T06:34:11.434+0000] {taskinstance.py:2582} INFO - 0 downstream tasks scheduled from follow-on schedule check
