[2023-05-30T12:32:43.157+0000] {taskinstance.py:1087} INFO - Dependencies all met for <TaskInstance: our_dag_with_python_operator_v07.get_name scheduled__2022-03-03T00:00:00+00:00 [queued]>
[2023-05-30T12:32:43.241+0000] {taskinstance.py:1087} INFO - Dependencies all met for <TaskInstance: our_dag_with_python_operator_v07.get_name scheduled__2022-03-03T00:00:00+00:00 [queued]>
[2023-05-30T12:32:43.247+0000] {taskinstance.py:1283} INFO - 
--------------------------------------------------------------------------------
[2023-05-30T12:32:43.251+0000] {taskinstance.py:1284} INFO - Starting attempt 1 of 6
[2023-05-30T12:32:43.253+0000] {taskinstance.py:1285} INFO - 
--------------------------------------------------------------------------------
[2023-05-30T12:32:43.393+0000] {taskinstance.py:1304} INFO - Executing <Task(PythonOperator): get_name> on 2022-03-03 00:00:00+00:00
[2023-05-30T12:32:43.404+0000] {standard_task_runner.py:55} INFO - Started process 10196 to run task
[2023-05-30T12:32:43.455+0000] {standard_task_runner.py:82} INFO - Running: ['***', 'tasks', 'run', 'our_dag_with_python_operator_v07', 'get_name', 'scheduled__2022-03-03T00:00:00+00:00', '--job-id', '1561', '--raw', '--subdir', 'DAGS_FOLDER/dag_python_opr.py', '--cfg-path', '/tmp/tmpd6hh3_j6']
[2023-05-30T12:32:43.459+0000] {standard_task_runner.py:83} INFO - Job 1561: Subtask get_name
[2023-05-30T12:32:43.768+0000] {task_command.py:389} INFO - Running <TaskInstance: our_dag_with_python_operator_v07.get_name scheduled__2022-03-03T00:00:00+00:00 [running]> on host 49219f98c96e
[2023-05-30T12:32:44.162+0000] {taskinstance.py:1513} INFO - Exporting the following env vars:
AIRFLOW_CTX_DAG_OWNER=coder2j
AIRFLOW_CTX_DAG_ID=our_dag_with_python_operator_v07
AIRFLOW_CTX_TASK_ID=get_name
AIRFLOW_CTX_EXECUTION_DATE=2022-03-03T00:00:00+00:00
AIRFLOW_CTX_TRY_NUMBER=1
AIRFLOW_CTX_DAG_RUN_ID=scheduled__2022-03-03T00:00:00+00:00
[2023-05-30T12:32:44.302+0000] {python.py:177} INFO - Done. Returned value was: None
[2023-05-30T12:32:44.351+0000] {taskinstance.py:1327} INFO - Marking task as SUCCESS. dag_id=our_dag_with_python_operator_v07, task_id=get_name, execution_date=20220303T000000, start_date=20230530T123243, end_date=20230530T123244
[2023-05-30T12:32:44.449+0000] {local_task_job.py:159} INFO - Task exited with return code 0
[2023-05-30T12:32:44.512+0000] {taskinstance.py:2582} INFO - 1 downstream tasks scheduled from follow-on schedule check
[2023-06-07T06:36:28.153+0000] {taskinstance.py:1087} INFO - Dependencies all met for <TaskInstance: our_dag_with_python_operator_v07.get_name scheduled__2022-03-03T00:00:00+00:00 [queued]>
[2023-06-07T06:36:28.277+0000] {taskinstance.py:1087} INFO - Dependencies all met for <TaskInstance: our_dag_with_python_operator_v07.get_name scheduled__2022-03-03T00:00:00+00:00 [queued]>
[2023-06-07T06:36:28.281+0000] {taskinstance.py:1283} INFO - 
--------------------------------------------------------------------------------
[2023-06-07T06:36:28.285+0000] {taskinstance.py:1284} INFO - Starting attempt 1 of 6
[2023-06-07T06:36:28.291+0000] {taskinstance.py:1285} INFO - 
--------------------------------------------------------------------------------
[2023-06-07T06:36:28.730+0000] {taskinstance.py:1304} INFO - Executing <Task(PythonOperator): get_name> on 2022-03-03 00:00:00+00:00
[2023-06-07T06:36:28.982+0000] {standard_task_runner.py:55} INFO - Started process 2742 to run task
[2023-06-07T06:36:29.043+0000] {standard_task_runner.py:82} INFO - Running: ['***', 'tasks', 'run', 'our_dag_with_python_operator_v07', 'get_name', 'scheduled__2022-03-03T00:00:00+00:00', '--job-id', '1845', '--raw', '--subdir', 'DAGS_FOLDER/dag_python_opr.py', '--cfg-path', '/tmp/tmpkg9w9hja']
[2023-06-07T06:36:29.049+0000] {standard_task_runner.py:83} INFO - Job 1845: Subtask get_name
[2023-06-07T06:36:29.886+0000] {task_command.py:389} INFO - Running <TaskInstance: our_dag_with_python_operator_v07.get_name scheduled__2022-03-03T00:00:00+00:00 [running]> on host 026ed797f3b3
[2023-06-07T06:36:31.029+0000] {taskinstance.py:1513} INFO - Exporting the following env vars:
AIRFLOW_CTX_DAG_OWNER=coder2j
AIRFLOW_CTX_DAG_ID=our_dag_with_python_operator_v07
AIRFLOW_CTX_TASK_ID=get_name
AIRFLOW_CTX_EXECUTION_DATE=2022-03-03T00:00:00+00:00
AIRFLOW_CTX_TRY_NUMBER=1
AIRFLOW_CTX_DAG_RUN_ID=scheduled__2022-03-03T00:00:00+00:00
[2023-06-07T06:36:31.372+0000] {python.py:177} INFO - Done. Returned value was: None
[2023-06-07T06:36:31.541+0000] {taskinstance.py:1327} INFO - Marking task as SUCCESS. dag_id=our_dag_with_python_operator_v07, task_id=get_name, execution_date=20220303T000000, start_date=20230607T063628, end_date=20230607T063631
[2023-06-07T06:36:31.998+0000] {local_task_job.py:159} INFO - Task exited with return code 0
[2023-06-07T06:36:32.181+0000] {taskinstance.py:2582} INFO - 1 downstream tasks scheduled from follow-on schedule check
