[2023-06-01T11:19:51.205+0000] {taskinstance.py:1087} INFO - Dependencies all met for <TaskInstance: dag_with_postgres_operator_v03.insert_into_table scheduled__2022-01-08T00:00:00+00:00 [queued]>
[2023-06-01T11:19:51.276+0000] {taskinstance.py:1087} INFO - Dependencies all met for <TaskInstance: dag_with_postgres_operator_v03.insert_into_table scheduled__2022-01-08T00:00:00+00:00 [queued]>
[2023-06-01T11:19:51.279+0000] {taskinstance.py:1283} INFO - 
--------------------------------------------------------------------------------
[2023-06-01T11:19:51.285+0000] {taskinstance.py:1284} INFO - Starting attempt 1 of 6
[2023-06-01T11:19:51.287+0000] {taskinstance.py:1285} INFO - 
--------------------------------------------------------------------------------
[2023-06-01T11:19:51.424+0000] {taskinstance.py:1304} INFO - Executing <Task(PostgresOperator): insert_into_table> on 2022-01-08 00:00:00+00:00
[2023-06-01T11:19:51.461+0000] {standard_task_runner.py:55} INFO - Started process 678 to run task
[2023-06-01T11:19:51.538+0000] {standard_task_runner.py:82} INFO - Running: ['***', 'tasks', 'run', 'dag_with_postgres_operator_v03', 'insert_into_table', 'scheduled__2022-01-08T00:00:00+00:00', '--job-id', '110', '--raw', '--subdir', 'DAGS_FOLDER/postgres.py', '--cfg-path', '/tmp/tmpjs9xop89']
[2023-06-01T11:19:51.544+0000] {standard_task_runner.py:83} INFO - Job 110: Subtask insert_into_table
[2023-06-01T11:19:51.990+0000] {task_command.py:389} INFO - Running <TaskInstance: dag_with_postgres_operator_v03.insert_into_table scheduled__2022-01-08T00:00:00+00:00 [running]> on host 687ba427e841
[2023-06-01T11:19:52.564+0000] {taskinstance.py:1513} INFO - Exporting the following env vars:
AIRFLOW_CTX_DAG_OWNER=coder2j
AIRFLOW_CTX_DAG_ID=dag_with_postgres_operator_v03
AIRFLOW_CTX_TASK_ID=insert_into_table
AIRFLOW_CTX_EXECUTION_DATE=2022-01-08T00:00:00+00:00
AIRFLOW_CTX_TRY_NUMBER=1
AIRFLOW_CTX_DAG_RUN_ID=scheduled__2022-01-08T00:00:00+00:00
[2023-06-01T11:19:52.570+0000] {sql.py:253} INFO - Executing: 
            insert into dag_runs (dt, dag_id) values ('2022-01-08', 'dag_with_postgres_operator_v03')
        
[2023-06-01T11:19:52.614+0000] {base.py:73} INFO - Using connection ID 'postgres_localhost' for task execution.
[2023-06-01T11:19:53.543+0000] {base.py:73} INFO - Using connection ID 'postgres_localhost' for task execution.
[2023-06-01T11:19:53.573+0000] {sql.py:364} INFO - Running statement: 
            insert into dag_runs (dt, dag_id) values ('2022-01-08', 'dag_with_postgres_operator_v03')
        , parameters: None
[2023-06-01T11:19:53.580+0000] {sql.py:373} INFO - Rows affected: 1
[2023-06-01T11:19:53.612+0000] {taskinstance.py:1327} INFO - Marking task as SUCCESS. dag_id=dag_with_postgres_operator_v03, task_id=insert_into_table, execution_date=20220108T000000, start_date=20230601T111951, end_date=20230601T111953
[2023-06-01T11:19:53.725+0000] {local_task_job.py:159} INFO - Task exited with return code 0
[2023-06-01T11:19:53.927+0000] {taskinstance.py:2582} INFO - 0 downstream tasks scheduled from follow-on schedule check
