[2023-05-30T11:36:55.782+0000] {taskinstance.py:1087} INFO - Dependencies all met for <TaskInstance: our_dag_with_python_operator_v07.get_name scheduled__2021-11-11T00:00:00+00:00 [queued]>
[2023-05-30T11:36:55.826+0000] {taskinstance.py:1087} INFO - Dependencies all met for <TaskInstance: our_dag_with_python_operator_v07.get_name scheduled__2021-11-11T00:00:00+00:00 [queued]>
[2023-05-30T11:36:55.827+0000] {taskinstance.py:1283} INFO - 
--------------------------------------------------------------------------------
[2023-05-30T11:36:55.828+0000] {taskinstance.py:1284} INFO - Starting attempt 1 of 6
[2023-05-30T11:36:55.829+0000] {taskinstance.py:1285} INFO - 
--------------------------------------------------------------------------------
[2023-05-30T11:36:55.916+0000] {taskinstance.py:1304} INFO - Executing <Task(PythonOperator): get_name> on 2021-11-11 00:00:00+00:00
[2023-05-30T11:36:55.926+0000] {standard_task_runner.py:55} INFO - Started process 5739 to run task
[2023-05-30T11:36:55.945+0000] {standard_task_runner.py:82} INFO - Running: ['***', 'tasks', 'run', 'our_dag_with_python_operator_v07', 'get_name', 'scheduled__2021-11-11T00:00:00+00:00', '--job-id', '1221', '--raw', '--subdir', 'DAGS_FOLDER/dag_python_opr.py', '--cfg-path', '/tmp/tmpkstwcfi6']
[2023-05-30T11:36:55.947+0000] {standard_task_runner.py:83} INFO - Job 1221: Subtask get_name
[2023-05-30T11:36:56.170+0000] {task_command.py:389} INFO - Running <TaskInstance: our_dag_with_python_operator_v07.get_name scheduled__2021-11-11T00:00:00+00:00 [running]> on host 49219f98c96e
[2023-05-30T11:36:56.443+0000] {taskinstance.py:1513} INFO - Exporting the following env vars:
AIRFLOW_CTX_DAG_OWNER=coder2j
AIRFLOW_CTX_DAG_ID=our_dag_with_python_operator_v07
AIRFLOW_CTX_TASK_ID=get_name
AIRFLOW_CTX_EXECUTION_DATE=2021-11-11T00:00:00+00:00
AIRFLOW_CTX_TRY_NUMBER=1
AIRFLOW_CTX_DAG_RUN_ID=scheduled__2021-11-11T00:00:00+00:00
[2023-05-30T11:36:56.535+0000] {python.py:177} INFO - Done. Returned value was: None
[2023-05-30T11:36:56.572+0000] {taskinstance.py:1327} INFO - Marking task as SUCCESS. dag_id=our_dag_with_python_operator_v07, task_id=get_name, execution_date=20211111T000000, start_date=20230530T113655, end_date=20230530T113656
[2023-05-30T11:36:56.625+0000] {local_task_job.py:159} INFO - Task exited with return code 0
[2023-05-30T11:36:56.748+0000] {taskinstance.py:2582} INFO - 0 downstream tasks scheduled from follow-on schedule check
[2023-06-07T06:32:08.554+0000] {taskinstance.py:1087} INFO - Dependencies all met for <TaskInstance: our_dag_with_python_operator_v07.get_name scheduled__2021-11-11T00:00:00+00:00 [queued]>
[2023-06-07T06:32:08.708+0000] {taskinstance.py:1087} INFO - Dependencies all met for <TaskInstance: our_dag_with_python_operator_v07.get_name scheduled__2021-11-11T00:00:00+00:00 [queued]>
[2023-06-07T06:32:08.717+0000] {taskinstance.py:1283} INFO - 
--------------------------------------------------------------------------------
[2023-06-07T06:32:08.721+0000] {taskinstance.py:1284} INFO - Starting attempt 1 of 6
[2023-06-07T06:32:08.740+0000] {taskinstance.py:1285} INFO - 
--------------------------------------------------------------------------------
[2023-06-07T06:32:08.941+0000] {taskinstance.py:1304} INFO - Executing <Task(PythonOperator): get_name> on 2021-11-11 00:00:00+00:00
[2023-06-07T06:32:09.014+0000] {standard_task_runner.py:55} INFO - Started process 980 to run task
[2023-06-07T06:32:09.045+0000] {standard_task_runner.py:82} INFO - Running: ['***', 'tasks', 'run', 'our_dag_with_python_operator_v07', 'get_name', 'scheduled__2021-11-11T00:00:00+00:00', '--job-id', '1201', '--raw', '--subdir', 'DAGS_FOLDER/dag_python_opr.py', '--cfg-path', '/tmp/tmp2ja9a67g']
[2023-06-07T06:32:09.050+0000] {standard_task_runner.py:83} INFO - Job 1201: Subtask get_name
[2023-06-07T06:32:09.570+0000] {task_command.py:389} INFO - Running <TaskInstance: our_dag_with_python_operator_v07.get_name scheduled__2021-11-11T00:00:00+00:00 [running]> on host 026ed797f3b3
[2023-06-07T06:32:10.111+0000] {taskinstance.py:1513} INFO - Exporting the following env vars:
AIRFLOW_CTX_DAG_OWNER=coder2j
AIRFLOW_CTX_DAG_ID=our_dag_with_python_operator_v07
AIRFLOW_CTX_TASK_ID=get_name
AIRFLOW_CTX_EXECUTION_DATE=2021-11-11T00:00:00+00:00
AIRFLOW_CTX_TRY_NUMBER=1
AIRFLOW_CTX_DAG_RUN_ID=scheduled__2021-11-11T00:00:00+00:00
[2023-06-07T06:32:10.346+0000] {python.py:177} INFO - Done. Returned value was: None
[2023-06-07T06:32:10.438+0000] {taskinstance.py:1327} INFO - Marking task as SUCCESS. dag_id=our_dag_with_python_operator_v07, task_id=get_name, execution_date=20211111T000000, start_date=20230607T063208, end_date=20230607T063210
[2023-06-07T06:32:10.583+0000] {local_task_job.py:159} INFO - Task exited with return code 0
[2023-06-07T06:32:10.753+0000] {taskinstance.py:2582} INFO - 1 downstream tasks scheduled from follow-on schedule check
