[2023-05-30T12:40:16.631+0000] {taskinstance.py:1087} INFO - Dependencies all met for <TaskInstance: our_dag_with_python_operator_v07.greet scheduled__2023-04-21T00:00:00+00:00 [queued]>
[2023-05-30T12:40:16.650+0000] {taskinstance.py:1087} INFO - Dependencies all met for <TaskInstance: our_dag_with_python_operator_v07.greet scheduled__2023-04-21T00:00:00+00:00 [queued]>
[2023-05-30T12:40:16.652+0000] {taskinstance.py:1283} INFO - 
--------------------------------------------------------------------------------
[2023-05-30T12:40:16.694+0000] {taskinstance.py:1284} INFO - Starting attempt 1 of 6
[2023-05-30T12:40:16.696+0000] {taskinstance.py:1285} INFO - 
--------------------------------------------------------------------------------
[2023-05-30T12:40:16.727+0000] {taskinstance.py:1304} INFO - Executing <Task(PythonOperator): greet> on 2023-04-21 00:00:00+00:00
[2023-05-30T12:40:16.739+0000] {standard_task_runner.py:55} INFO - Started process 13098 to run task
[2023-05-30T12:40:16.746+0000] {standard_task_runner.py:82} INFO - Running: ['***', 'tasks', 'run', 'our_dag_with_python_operator_v07', 'greet', 'scheduled__2023-04-21T00:00:00+00:00', '--job-id', '2809', '--raw', '--subdir', 'DAGS_FOLDER/dag_python_opr.py', '--cfg-path', '/tmp/tmpsvmhwpc6']
[2023-05-30T12:40:16.749+0000] {standard_task_runner.py:83} INFO - Job 2809: Subtask greet
[2023-05-30T12:40:16.904+0000] {task_command.py:389} INFO - Running <TaskInstance: our_dag_with_python_operator_v07.greet scheduled__2023-04-21T00:00:00+00:00 [running]> on host 49219f98c96e
[2023-05-30T12:40:17.067+0000] {taskinstance.py:1513} INFO - Exporting the following env vars:
AIRFLOW_CTX_DAG_OWNER=coder2j
AIRFLOW_CTX_DAG_ID=our_dag_with_python_operator_v07
AIRFLOW_CTX_TASK_ID=greet
AIRFLOW_CTX_EXECUTION_DATE=2023-04-21T00:00:00+00:00
AIRFLOW_CTX_TRY_NUMBER=1
AIRFLOW_CTX_DAG_RUN_ID=scheduled__2023-04-21T00:00:00+00:00
[2023-05-30T12:40:17.071+0000] {logging_mixin.py:137} INFO - some dict:  {'a': 1, 'b': 2}
[2023-05-30T12:40:17.134+0000] {logging_mixin.py:137} INFO - Hello World! My name is Jerry Fridman, and I am 19 years old!
[2023-05-30T12:40:17.137+0000] {python.py:177} INFO - Done. Returned value was: None
[2023-05-30T12:40:17.159+0000] {taskinstance.py:1327} INFO - Marking task as SUCCESS. dag_id=our_dag_with_python_operator_v07, task_id=greet, execution_date=20230421T000000, start_date=20230530T124016, end_date=20230530T124017
[2023-05-30T12:40:17.243+0000] {local_task_job.py:159} INFO - Task exited with return code 0
[2023-05-30T12:40:17.287+0000] {taskinstance.py:2582} INFO - 0 downstream tasks scheduled from follow-on schedule check
