[2023-05-30T11:37:32.998+0000] {taskinstance.py:1087} INFO - Dependencies all met for <TaskInstance: our_dag_with_python_operator_v07.get_age scheduled__2021-12-13T00:00:00+00:00 [queued]>
[2023-05-30T11:37:33.012+0000] {taskinstance.py:1087} INFO - Dependencies all met for <TaskInstance: our_dag_with_python_operator_v07.get_age scheduled__2021-12-13T00:00:00+00:00 [queued]>
[2023-05-30T11:37:33.014+0000] {taskinstance.py:1283} INFO - 
--------------------------------------------------------------------------------
[2023-05-30T11:37:33.015+0000] {taskinstance.py:1284} INFO - Starting attempt 1 of 6
[2023-05-30T11:37:33.016+0000] {taskinstance.py:1285} INFO - 
--------------------------------------------------------------------------------
[2023-05-30T11:37:33.047+0000] {taskinstance.py:1304} INFO - Executing <Task(PythonOperator): get_age> on 2021-12-13 00:00:00+00:00
[2023-05-30T11:37:33.055+0000] {standard_task_runner.py:55} INFO - Started process 5975 to run task
[2023-05-30T11:37:33.077+0000] {standard_task_runner.py:82} INFO - Running: ['***', 'tasks', 'run', 'our_dag_with_python_operator_v07', 'get_age', 'scheduled__2021-12-13T00:00:00+00:00', '--job-id', '1320', '--raw', '--subdir', 'DAGS_FOLDER/dag_python_opr.py', '--cfg-path', '/tmp/tmppkz1dshc']
[2023-05-30T11:37:33.086+0000] {standard_task_runner.py:83} INFO - Job 1320: Subtask get_age
[2023-05-30T11:37:33.281+0000] {task_command.py:389} INFO - Running <TaskInstance: our_dag_with_python_operator_v07.get_age scheduled__2021-12-13T00:00:00+00:00 [running]> on host 49219f98c96e
[2023-05-30T11:37:33.500+0000] {taskinstance.py:1513} INFO - Exporting the following env vars:
AIRFLOW_CTX_DAG_OWNER=coder2j
AIRFLOW_CTX_DAG_ID=our_dag_with_python_operator_v07
AIRFLOW_CTX_TASK_ID=get_age
AIRFLOW_CTX_EXECUTION_DATE=2021-12-13T00:00:00+00:00
AIRFLOW_CTX_TRY_NUMBER=1
AIRFLOW_CTX_DAG_RUN_ID=scheduled__2021-12-13T00:00:00+00:00
[2023-05-30T11:37:33.525+0000] {python.py:177} INFO - Done. Returned value was: None
[2023-05-30T11:37:33.550+0000] {taskinstance.py:1327} INFO - Marking task as SUCCESS. dag_id=our_dag_with_python_operator_v07, task_id=get_age, execution_date=20211213T000000, start_date=20230530T113733, end_date=20230530T113733
[2023-05-30T11:37:33.661+0000] {local_task_job.py:159} INFO - Task exited with return code 0
[2023-05-30T11:37:33.859+0000] {taskinstance.py:2582} INFO - 0 downstream tasks scheduled from follow-on schedule check
[2023-06-07T06:33:09.568+0000] {taskinstance.py:1087} INFO - Dependencies all met for <TaskInstance: our_dag_with_python_operator_v07.get_age scheduled__2021-12-13T00:00:00+00:00 [queued]>
[2023-06-07T06:33:09.635+0000] {taskinstance.py:1087} INFO - Dependencies all met for <TaskInstance: our_dag_with_python_operator_v07.get_age scheduled__2021-12-13T00:00:00+00:00 [queued]>
[2023-06-07T06:33:09.637+0000] {taskinstance.py:1283} INFO - 
--------------------------------------------------------------------------------
[2023-06-07T06:33:09.639+0000] {taskinstance.py:1284} INFO - Starting attempt 1 of 6
[2023-06-07T06:33:09.641+0000] {taskinstance.py:1285} INFO - 
--------------------------------------------------------------------------------
[2023-06-07T06:33:09.680+0000] {taskinstance.py:1304} INFO - Executing <Task(PythonOperator): get_age> on 2021-12-13 00:00:00+00:00
[2023-06-07T06:33:09.689+0000] {standard_task_runner.py:55} INFO - Started process 1461 to run task
[2023-06-07T06:33:09.716+0000] {standard_task_runner.py:82} INFO - Running: ['***', 'tasks', 'run', 'our_dag_with_python_operator_v07', 'get_age', 'scheduled__2021-12-13T00:00:00+00:00', '--job-id', '1380', '--raw', '--subdir', 'DAGS_FOLDER/dag_python_opr.py', '--cfg-path', '/tmp/tmpa4yhf6iy']
[2023-06-07T06:33:09.722+0000] {standard_task_runner.py:83} INFO - Job 1380: Subtask get_age
[2023-06-07T06:33:09.965+0000] {task_command.py:389} INFO - Running <TaskInstance: our_dag_with_python_operator_v07.get_age scheduled__2021-12-13T00:00:00+00:00 [running]> on host 026ed797f3b3
[2023-06-07T06:33:10.584+0000] {taskinstance.py:1513} INFO - Exporting the following env vars:
AIRFLOW_CTX_DAG_OWNER=coder2j
AIRFLOW_CTX_DAG_ID=our_dag_with_python_operator_v07
AIRFLOW_CTX_TASK_ID=get_age
AIRFLOW_CTX_EXECUTION_DATE=2021-12-13T00:00:00+00:00
AIRFLOW_CTX_TRY_NUMBER=1
AIRFLOW_CTX_DAG_RUN_ID=scheduled__2021-12-13T00:00:00+00:00
[2023-06-07T06:33:10.637+0000] {python.py:177} INFO - Done. Returned value was: None
[2023-06-07T06:33:10.674+0000] {taskinstance.py:1327} INFO - Marking task as SUCCESS. dag_id=our_dag_with_python_operator_v07, task_id=get_age, execution_date=20211213T000000, start_date=20230607T063309, end_date=20230607T063310
[2023-06-07T06:33:10.797+0000] {local_task_job.py:159} INFO - Task exited with return code 0
[2023-06-07T06:33:10.977+0000] {taskinstance.py:2582} INFO - 1 downstream tasks scheduled from follow-on schedule check
