[2023-05-30T11:29:24.492+0000] {taskinstance.py:1087} INFO - Dependencies all met for <TaskInstance: our_first_dag_v5.second_task scheduled__2021-10-23T00:00:00+00:00 [queued]>
[2023-05-30T11:29:24.544+0000] {taskinstance.py:1087} INFO - Dependencies all met for <TaskInstance: our_first_dag_v5.second_task scheduled__2021-10-23T00:00:00+00:00 [queued]>
[2023-05-30T11:29:24.550+0000] {taskinstance.py:1283} INFO - 
--------------------------------------------------------------------------------
[2023-05-30T11:29:24.552+0000] {taskinstance.py:1284} INFO - Starting attempt 1 of 6
[2023-05-30T11:29:24.553+0000] {taskinstance.py:1285} INFO - 
--------------------------------------------------------------------------------
[2023-05-30T11:29:24.645+0000] {taskinstance.py:1304} INFO - Executing <Task(BashOperator): second_task> on 2021-10-23 00:00:00+00:00
[2023-05-30T11:29:24.671+0000] {standard_task_runner.py:55} INFO - Started process 2528 to run task
[2023-05-30T11:29:24.695+0000] {standard_task_runner.py:82} INFO - Running: ['***', 'tasks', 'run', 'our_first_dag_v5', 'second_task', 'scheduled__2021-10-23T00:00:00+00:00', '--job-id', '265', '--raw', '--subdir', 'DAGS_FOLDER/first_Dag.py', '--cfg-path', '/tmp/tmpg6nqpqp_']
[2023-05-30T11:29:24.712+0000] {standard_task_runner.py:83} INFO - Job 265: Subtask second_task
[2023-05-30T11:29:25.021+0000] {task_command.py:389} INFO - Running <TaskInstance: our_first_dag_v5.second_task scheduled__2021-10-23T00:00:00+00:00 [running]> on host 49219f98c96e
[2023-05-30T11:29:25.385+0000] {taskinstance.py:1513} INFO - Exporting the following env vars:
AIRFLOW_CTX_DAG_OWNER=coder2j
AIRFLOW_CTX_DAG_ID=our_first_dag_v5
AIRFLOW_CTX_TASK_ID=second_task
AIRFLOW_CTX_EXECUTION_DATE=2021-10-23T00:00:00+00:00
AIRFLOW_CTX_TRY_NUMBER=1
AIRFLOW_CTX_DAG_RUN_ID=scheduled__2021-10-23T00:00:00+00:00
[2023-05-30T11:29:25.394+0000] {subprocess.py:63} INFO - Tmp dir root location: 
 /tmp
[2023-05-30T11:29:25.399+0000] {subprocess.py:75} INFO - Running command: ['/bin/bash', '-c', 'echo hey, I am task2 and will be running after task1!']
[2023-05-30T11:29:25.434+0000] {subprocess.py:86} INFO - Output:
[2023-05-30T11:29:25.446+0000] {subprocess.py:93} INFO - hey, I am task2 and will be running after task1!
[2023-05-30T11:29:25.448+0000] {subprocess.py:97} INFO - Command exited with return code 0
[2023-05-30T11:29:25.509+0000] {taskinstance.py:1327} INFO - Marking task as SUCCESS. dag_id=our_first_dag_v5, task_id=second_task, execution_date=20211023T000000, start_date=20230530T112924, end_date=20230530T112925
[2023-05-30T11:29:25.568+0000] {local_task_job.py:159} INFO - Task exited with return code 0
[2023-05-30T11:29:25.624+0000] {taskinstance.py:2582} INFO - 0 downstream tasks scheduled from follow-on schedule check
[2023-06-07T06:34:00.335+0000] {taskinstance.py:1087} INFO - Dependencies all met for <TaskInstance: our_first_dag_v5.second_task scheduled__2021-10-23T00:00:00+00:00 [queued]>
[2023-06-07T06:34:00.472+0000] {taskinstance.py:1087} INFO - Dependencies all met for <TaskInstance: our_first_dag_v5.second_task scheduled__2021-10-23T00:00:00+00:00 [queued]>
[2023-06-07T06:34:00.494+0000] {taskinstance.py:1283} INFO - 
--------------------------------------------------------------------------------
[2023-06-07T06:34:00.503+0000] {taskinstance.py:1284} INFO - Starting attempt 1 of 6
[2023-06-07T06:34:00.525+0000] {taskinstance.py:1285} INFO - 
--------------------------------------------------------------------------------
[2023-06-07T06:34:00.671+0000] {taskinstance.py:1304} INFO - Executing <Task(BashOperator): second_task> on 2021-10-23 00:00:00+00:00
[2023-06-07T06:34:00.729+0000] {standard_task_runner.py:55} INFO - Started process 1830 to run task
[2023-06-07T06:34:00.777+0000] {standard_task_runner.py:82} INFO - Running: ['***', 'tasks', 'run', 'our_first_dag_v5', 'second_task', 'scheduled__2021-10-23T00:00:00+00:00', '--job-id', '1516', '--raw', '--subdir', 'DAGS_FOLDER/first_Dag.py', '--cfg-path', '/tmp/tmpo7k6uoqa']
[2023-06-07T06:34:00.784+0000] {standard_task_runner.py:83} INFO - Job 1516: Subtask second_task
[2023-06-07T06:34:01.676+0000] {task_command.py:389} INFO - Running <TaskInstance: our_first_dag_v5.second_task scheduled__2021-10-23T00:00:00+00:00 [running]> on host 026ed797f3b3
[2023-06-07T06:34:02.764+0000] {taskinstance.py:1513} INFO - Exporting the following env vars:
AIRFLOW_CTX_DAG_OWNER=coder2j
AIRFLOW_CTX_DAG_ID=our_first_dag_v5
AIRFLOW_CTX_TASK_ID=second_task
AIRFLOW_CTX_EXECUTION_DATE=2021-10-23T00:00:00+00:00
AIRFLOW_CTX_TRY_NUMBER=1
AIRFLOW_CTX_DAG_RUN_ID=scheduled__2021-10-23T00:00:00+00:00
[2023-06-07T06:34:02.772+0000] {subprocess.py:63} INFO - Tmp dir root location: 
 /tmp
[2023-06-07T06:34:02.776+0000] {subprocess.py:75} INFO - Running command: ['/bin/bash', '-c', 'echo hey, I am task2 and will be running after task1!']
[2023-06-07T06:34:03.131+0000] {subprocess.py:86} INFO - Output:
[2023-06-07T06:34:03.220+0000] {subprocess.py:93} INFO - hey, I am task2 and will be running after task1!
[2023-06-07T06:34:03.244+0000] {subprocess.py:97} INFO - Command exited with return code 0
[2023-06-07T06:34:03.503+0000] {taskinstance.py:1327} INFO - Marking task as SUCCESS. dag_id=our_first_dag_v5, task_id=second_task, execution_date=20211023T000000, start_date=20230607T063400, end_date=20230607T063403
[2023-06-07T06:34:03.911+0000] {local_task_job.py:159} INFO - Task exited with return code 0
[2023-06-07T06:34:04.135+0000] {taskinstance.py:2582} INFO - 0 downstream tasks scheduled from follow-on schedule check
