[2023-05-30T11:31:45.005+0000] {taskinstance.py:1087} INFO - Dependencies all met for <TaskInstance: our_first_dag_v5.first_task scheduled__2022-02-27T00:00:00+00:00 [queued]>
[2023-05-30T11:31:45.033+0000] {taskinstance.py:1087} INFO - Dependencies all met for <TaskInstance: our_first_dag_v5.first_task scheduled__2022-02-27T00:00:00+00:00 [queued]>
[2023-05-30T11:31:45.035+0000] {taskinstance.py:1283} INFO - 
--------------------------------------------------------------------------------
[2023-05-30T11:31:45.037+0000] {taskinstance.py:1284} INFO - Starting attempt 1 of 6
[2023-05-30T11:31:45.039+0000] {taskinstance.py:1285} INFO - 
--------------------------------------------------------------------------------
[2023-05-30T11:31:45.127+0000] {taskinstance.py:1304} INFO - Executing <Task(BashOperator): first_task> on 2022-02-27 00:00:00+00:00
[2023-05-30T11:31:45.135+0000] {standard_task_runner.py:55} INFO - Started process 3783 to run task
[2023-05-30T11:31:45.142+0000] {standard_task_runner.py:82} INFO - Running: ['***', 'tasks', 'run', 'our_first_dag_v5', 'first_task', 'scheduled__2022-02-27T00:00:00+00:00', '--job-id', '638', '--raw', '--subdir', 'DAGS_FOLDER/first_Dag.py', '--cfg-path', '/tmp/tmpdnaduk82']
[2023-05-30T11:31:45.144+0000] {standard_task_runner.py:83} INFO - Job 638: Subtask first_task
[2023-05-30T11:31:45.304+0000] {task_command.py:389} INFO - Running <TaskInstance: our_first_dag_v5.first_task scheduled__2022-02-27T00:00:00+00:00 [running]> on host 49219f98c96e
[2023-05-30T11:31:45.450+0000] {taskinstance.py:1513} INFO - Exporting the following env vars:
AIRFLOW_CTX_DAG_OWNER=coder2j
AIRFLOW_CTX_DAG_ID=our_first_dag_v5
AIRFLOW_CTX_TASK_ID=first_task
AIRFLOW_CTX_EXECUTION_DATE=2022-02-27T00:00:00+00:00
AIRFLOW_CTX_TRY_NUMBER=1
AIRFLOW_CTX_DAG_RUN_ID=scheduled__2022-02-27T00:00:00+00:00
[2023-05-30T11:31:45.456+0000] {subprocess.py:63} INFO - Tmp dir root location: 
 /tmp
[2023-05-30T11:31:45.458+0000] {subprocess.py:75} INFO - Running command: ['/bin/bash', '-c', 'echo hello world, this is the first task!']
[2023-05-30T11:31:45.511+0000] {subprocess.py:86} INFO - Output:
[2023-05-30T11:31:45.517+0000] {subprocess.py:93} INFO - hello world, this is the first task!
[2023-05-30T11:31:45.520+0000] {subprocess.py:97} INFO - Command exited with return code 0
[2023-05-30T11:31:45.579+0000] {taskinstance.py:1327} INFO - Marking task as SUCCESS. dag_id=our_first_dag_v5, task_id=first_task, execution_date=20220227T000000, start_date=20230530T113145, end_date=20230530T113145
[2023-05-30T11:31:45.648+0000] {local_task_job.py:159} INFO - Task exited with return code 0
[2023-05-30T11:31:45.691+0000] {taskinstance.py:2582} INFO - 2 downstream tasks scheduled from follow-on schedule check
[2023-06-07T06:39:29.266+0000] {taskinstance.py:1087} INFO - Dependencies all met for <TaskInstance: our_first_dag_v5.first_task scheduled__2022-02-27T00:00:00+00:00 [queued]>
[2023-06-07T06:39:29.378+0000] {taskinstance.py:1087} INFO - Dependencies all met for <TaskInstance: our_first_dag_v5.first_task scheduled__2022-02-27T00:00:00+00:00 [queued]>
[2023-06-07T06:39:29.389+0000] {taskinstance.py:1283} INFO - 
--------------------------------------------------------------------------------
[2023-06-07T06:39:29.394+0000] {taskinstance.py:1284} INFO - Starting attempt 1 of 6
[2023-06-07T06:39:29.396+0000] {taskinstance.py:1285} INFO - 
--------------------------------------------------------------------------------
[2023-06-07T06:39:29.664+0000] {taskinstance.py:1304} INFO - Executing <Task(BashOperator): first_task> on 2022-02-27 00:00:00+00:00
[2023-06-07T06:39:29.732+0000] {standard_task_runner.py:55} INFO - Started process 3934 to run task
[2023-06-07T06:39:29.786+0000] {standard_task_runner.py:82} INFO - Running: ['***', 'tasks', 'run', 'our_first_dag_v5', 'first_task', 'scheduled__2022-02-27T00:00:00+00:00', '--job-id', '2270', '--raw', '--subdir', 'DAGS_FOLDER/first_Dag.py', '--cfg-path', '/tmp/tmp8t2dcle9']
[2023-06-07T06:39:29.803+0000] {standard_task_runner.py:83} INFO - Job 2270: Subtask first_task
[2023-06-07T06:39:30.467+0000] {task_command.py:389} INFO - Running <TaskInstance: our_first_dag_v5.first_task scheduled__2022-02-27T00:00:00+00:00 [running]> on host 026ed797f3b3
[2023-06-07T06:39:31.650+0000] {taskinstance.py:1513} INFO - Exporting the following env vars:
AIRFLOW_CTX_DAG_OWNER=coder2j
AIRFLOW_CTX_DAG_ID=our_first_dag_v5
AIRFLOW_CTX_TASK_ID=first_task
AIRFLOW_CTX_EXECUTION_DATE=2022-02-27T00:00:00+00:00
AIRFLOW_CTX_TRY_NUMBER=1
AIRFLOW_CTX_DAG_RUN_ID=scheduled__2022-02-27T00:00:00+00:00
[2023-06-07T06:39:31.659+0000] {subprocess.py:63} INFO - Tmp dir root location: 
 /tmp
[2023-06-07T06:39:31.662+0000] {subprocess.py:75} INFO - Running command: ['/bin/bash', '-c', 'echo hello world, this is the first task!']
[2023-06-07T06:39:31.755+0000] {subprocess.py:86} INFO - Output:
[2023-06-07T06:39:31.798+0000] {subprocess.py:93} INFO - hello world, this is the first task!
[2023-06-07T06:39:31.803+0000] {subprocess.py:97} INFO - Command exited with return code 0
[2023-06-07T06:39:32.078+0000] {taskinstance.py:1327} INFO - Marking task as SUCCESS. dag_id=our_first_dag_v5, task_id=first_task, execution_date=20220227T000000, start_date=20230607T063929, end_date=20230607T063932
[2023-06-07T06:39:32.515+0000] {local_task_job.py:159} INFO - Task exited with return code 0
[2023-06-07T06:39:32.806+0000] {taskinstance.py:2582} INFO - 2 downstream tasks scheduled from follow-on schedule check
