[2023-05-30T11:28:50.068+0000] {taskinstance.py:1087} INFO - Dependencies all met for <TaskInstance: our_first_dag_v5.second_task scheduled__2021-09-18T00:00:00+00:00 [queued]>
[2023-05-30T11:28:50.109+0000] {taskinstance.py:1087} INFO - Dependencies all met for <TaskInstance: our_first_dag_v5.second_task scheduled__2021-09-18T00:00:00+00:00 [queued]>
[2023-05-30T11:28:50.110+0000] {taskinstance.py:1283} INFO - 
--------------------------------------------------------------------------------
[2023-05-30T11:28:50.113+0000] {taskinstance.py:1284} INFO - Starting attempt 1 of 6
[2023-05-30T11:28:50.114+0000] {taskinstance.py:1285} INFO - 
--------------------------------------------------------------------------------
[2023-05-30T11:28:50.171+0000] {taskinstance.py:1304} INFO - Executing <Task(BashOperator): second_task> on 2021-09-18 00:00:00+00:00
[2023-05-30T11:28:50.188+0000] {standard_task_runner.py:55} INFO - Started process 2175 to run task
[2023-05-30T11:28:50.199+0000] {standard_task_runner.py:82} INFO - Running: ['***', 'tasks', 'run', 'our_first_dag_v5', 'second_task', 'scheduled__2021-09-18T00:00:00+00:00', '--job-id', '158', '--raw', '--subdir', 'DAGS_FOLDER/first_Dag.py', '--cfg-path', '/tmp/tmppbx291nw']
[2023-05-30T11:28:50.207+0000] {standard_task_runner.py:83} INFO - Job 158: Subtask second_task
[2023-05-30T11:28:50.405+0000] {task_command.py:389} INFO - Running <TaskInstance: our_first_dag_v5.second_task scheduled__2021-09-18T00:00:00+00:00 [running]> on host 49219f98c96e
[2023-05-30T11:28:50.687+0000] {taskinstance.py:1513} INFO - Exporting the following env vars:
AIRFLOW_CTX_DAG_OWNER=coder2j
AIRFLOW_CTX_DAG_ID=our_first_dag_v5
AIRFLOW_CTX_TASK_ID=second_task
AIRFLOW_CTX_EXECUTION_DATE=2021-09-18T00:00:00+00:00
AIRFLOW_CTX_TRY_NUMBER=1
AIRFLOW_CTX_DAG_RUN_ID=scheduled__2021-09-18T00:00:00+00:00
[2023-05-30T11:28:50.690+0000] {subprocess.py:63} INFO - Tmp dir root location: 
 /tmp
[2023-05-30T11:28:50.692+0000] {subprocess.py:75} INFO - Running command: ['/bin/bash', '-c', 'echo hey, I am task2 and will be running after task1!']
[2023-05-30T11:28:50.746+0000] {subprocess.py:86} INFO - Output:
[2023-05-30T11:28:50.758+0000] {subprocess.py:93} INFO - hey, I am task2 and will be running after task1!
[2023-05-30T11:28:50.760+0000] {subprocess.py:97} INFO - Command exited with return code 0
[2023-05-30T11:28:50.818+0000] {taskinstance.py:1327} INFO - Marking task as SUCCESS. dag_id=our_first_dag_v5, task_id=second_task, execution_date=20210918T000000, start_date=20230530T112850, end_date=20230530T112850
[2023-05-30T11:28:50.914+0000] {local_task_job.py:159} INFO - Task exited with return code 0
[2023-05-30T11:28:50.974+0000] {taskinstance.py:2582} INFO - 0 downstream tasks scheduled from follow-on schedule check
[2023-06-07T06:32:42.133+0000] {taskinstance.py:1087} INFO - Dependencies all met for <TaskInstance: our_first_dag_v5.second_task scheduled__2021-09-18T00:00:00+00:00 [queued]>
[2023-06-07T06:32:42.188+0000] {taskinstance.py:1087} INFO - Dependencies all met for <TaskInstance: our_first_dag_v5.second_task scheduled__2021-09-18T00:00:00+00:00 [queued]>
[2023-06-07T06:32:42.190+0000] {taskinstance.py:1283} INFO - 
--------------------------------------------------------------------------------
[2023-06-07T06:32:42.192+0000] {taskinstance.py:1284} INFO - Starting attempt 1 of 6
[2023-06-07T06:32:42.193+0000] {taskinstance.py:1285} INFO - 
--------------------------------------------------------------------------------
[2023-06-07T06:32:42.229+0000] {taskinstance.py:1304} INFO - Executing <Task(BashOperator): second_task> on 2021-09-18 00:00:00+00:00
[2023-06-07T06:32:42.240+0000] {standard_task_runner.py:55} INFO - Started process 1216 to run task
[2023-06-07T06:32:42.263+0000] {standard_task_runner.py:82} INFO - Running: ['***', 'tasks', 'run', 'our_first_dag_v5', 'second_task', 'scheduled__2021-09-18T00:00:00+00:00', '--job-id', '1294', '--raw', '--subdir', 'DAGS_FOLDER/first_Dag.py', '--cfg-path', '/tmp/tmpw34r7z52']
[2023-06-07T06:32:42.266+0000] {standard_task_runner.py:83} INFO - Job 1294: Subtask second_task
[2023-06-07T06:32:42.765+0000] {task_command.py:389} INFO - Running <TaskInstance: our_first_dag_v5.second_task scheduled__2021-09-18T00:00:00+00:00 [running]> on host 026ed797f3b3
[2023-06-07T06:32:43.021+0000] {taskinstance.py:1513} INFO - Exporting the following env vars:
AIRFLOW_CTX_DAG_OWNER=coder2j
AIRFLOW_CTX_DAG_ID=our_first_dag_v5
AIRFLOW_CTX_TASK_ID=second_task
AIRFLOW_CTX_EXECUTION_DATE=2021-09-18T00:00:00+00:00
AIRFLOW_CTX_TRY_NUMBER=1
AIRFLOW_CTX_DAG_RUN_ID=scheduled__2021-09-18T00:00:00+00:00
[2023-06-07T06:32:43.027+0000] {subprocess.py:63} INFO - Tmp dir root location: 
 /tmp
[2023-06-07T06:32:43.031+0000] {subprocess.py:75} INFO - Running command: ['/bin/bash', '-c', 'echo hey, I am task2 and will be running after task1!']
[2023-06-07T06:32:43.101+0000] {subprocess.py:86} INFO - Output:
[2023-06-07T06:32:43.111+0000] {subprocess.py:93} INFO - hey, I am task2 and will be running after task1!
[2023-06-07T06:32:43.117+0000] {subprocess.py:97} INFO - Command exited with return code 0
[2023-06-07T06:32:43.280+0000] {taskinstance.py:1327} INFO - Marking task as SUCCESS. dag_id=our_first_dag_v5, task_id=second_task, execution_date=20210918T000000, start_date=20230607T063242, end_date=20230607T063243
[2023-06-07T06:32:43.480+0000] {local_task_job.py:159} INFO - Task exited with return code 0
[2023-06-07T06:32:43.568+0000] {taskinstance.py:2582} INFO - 0 downstream tasks scheduled from follow-on schedule check
