[2023-05-30T12:32:02.947+0000] {taskinstance.py:1087} INFO - Dependencies all met for <TaskInstance: our_dag_with_python_operator_v07.greet scheduled__2022-01-26T00:00:00+00:00 [queued]>
[2023-05-30T12:32:02.973+0000] {taskinstance.py:1087} INFO - Dependencies all met for <TaskInstance: our_dag_with_python_operator_v07.greet scheduled__2022-01-26T00:00:00+00:00 [queued]>
[2023-05-30T12:32:02.975+0000] {taskinstance.py:1283} INFO - 
--------------------------------------------------------------------------------
[2023-05-30T12:32:02.978+0000] {taskinstance.py:1284} INFO - Starting attempt 1 of 6
[2023-05-30T12:32:02.980+0000] {taskinstance.py:1285} INFO - 
--------------------------------------------------------------------------------
[2023-05-30T12:32:03.016+0000] {taskinstance.py:1304} INFO - Executing <Task(PythonOperator): greet> on 2022-01-26 00:00:00+00:00
[2023-05-30T12:32:03.037+0000] {standard_task_runner.py:55} INFO - Started process 9945 to run task
[2023-05-30T12:32:03.047+0000] {standard_task_runner.py:82} INFO - Running: ['***', 'tasks', 'run', 'our_dag_with_python_operator_v07', 'greet', 'scheduled__2022-01-26T00:00:00+00:00', '--job-id', '1457', '--raw', '--subdir', 'DAGS_FOLDER/dag_python_opr.py', '--cfg-path', '/tmp/tmpt74wzj4d']
[2023-05-30T12:32:03.050+0000] {standard_task_runner.py:83} INFO - Job 1457: Subtask greet
[2023-05-30T12:32:03.229+0000] {task_command.py:389} INFO - Running <TaskInstance: our_dag_with_python_operator_v07.greet scheduled__2022-01-26T00:00:00+00:00 [running]> on host 49219f98c96e
[2023-05-30T12:32:03.418+0000] {taskinstance.py:1513} INFO - Exporting the following env vars:
AIRFLOW_CTX_DAG_OWNER=coder2j
AIRFLOW_CTX_DAG_ID=our_dag_with_python_operator_v07
AIRFLOW_CTX_TASK_ID=greet
AIRFLOW_CTX_EXECUTION_DATE=2022-01-26T00:00:00+00:00
AIRFLOW_CTX_TRY_NUMBER=1
AIRFLOW_CTX_DAG_RUN_ID=scheduled__2022-01-26T00:00:00+00:00
[2023-05-30T12:32:03.421+0000] {logging_mixin.py:137} INFO - some dict:  {'a': 1, 'b': 2}
[2023-05-30T12:32:03.464+0000] {logging_mixin.py:137} INFO - Hello World! My name is Jerry Fridman, and I am 19 years old!
[2023-05-30T12:32:03.466+0000] {python.py:177} INFO - Done. Returned value was: None
[2023-05-30T12:32:03.482+0000] {taskinstance.py:1327} INFO - Marking task as SUCCESS. dag_id=our_dag_with_python_operator_v07, task_id=greet, execution_date=20220126T000000, start_date=20230530T123202, end_date=20230530T123203
[2023-05-30T12:32:03.519+0000] {local_task_job.py:159} INFO - Task exited with return code 0
[2023-05-30T12:32:03.548+0000] {taskinstance.py:2582} INFO - 0 downstream tasks scheduled from follow-on schedule check
[2023-06-07T06:35:05.115+0000] {taskinstance.py:1087} INFO - Dependencies all met for <TaskInstance: our_dag_with_python_operator_v07.greet scheduled__2022-01-26T00:00:00+00:00 [queued]>
[2023-06-07T06:35:05.406+0000] {taskinstance.py:1087} INFO - Dependencies all met for <TaskInstance: our_dag_with_python_operator_v07.greet scheduled__2022-01-26T00:00:00+00:00 [queued]>
[2023-06-07T06:35:05.409+0000] {taskinstance.py:1283} INFO - 
--------------------------------------------------------------------------------
[2023-06-07T06:35:05.411+0000] {taskinstance.py:1284} INFO - Starting attempt 1 of 6
[2023-06-07T06:35:05.412+0000] {taskinstance.py:1285} INFO - 
--------------------------------------------------------------------------------
[2023-06-07T06:35:05.683+0000] {taskinstance.py:1304} INFO - Executing <Task(PythonOperator): greet> on 2022-01-26 00:00:00+00:00
[2023-06-07T06:35:05.774+0000] {standard_task_runner.py:55} INFO - Started process 2223 to run task
[2023-06-07T06:35:05.869+0000] {standard_task_runner.py:82} INFO - Running: ['***', 'tasks', 'run', 'our_dag_with_python_operator_v07', 'greet', 'scheduled__2022-01-26T00:00:00+00:00', '--job-id', '1660', '--raw', '--subdir', 'DAGS_FOLDER/dag_python_opr.py', '--cfg-path', '/tmp/tmp317cgcot']
[2023-06-07T06:35:05.881+0000] {standard_task_runner.py:83} INFO - Job 1660: Subtask greet
[2023-06-07T06:35:06.514+0000] {task_command.py:389} INFO - Running <TaskInstance: our_dag_with_python_operator_v07.greet scheduled__2022-01-26T00:00:00+00:00 [running]> on host 026ed797f3b3
[2023-06-07T06:35:07.129+0000] {taskinstance.py:1513} INFO - Exporting the following env vars:
AIRFLOW_CTX_DAG_OWNER=coder2j
AIRFLOW_CTX_DAG_ID=our_dag_with_python_operator_v07
AIRFLOW_CTX_TASK_ID=greet
AIRFLOW_CTX_EXECUTION_DATE=2022-01-26T00:00:00+00:00
AIRFLOW_CTX_TRY_NUMBER=1
AIRFLOW_CTX_DAG_RUN_ID=scheduled__2022-01-26T00:00:00+00:00
[2023-06-07T06:35:07.133+0000] {logging_mixin.py:137} INFO - some dict:  {'a': 1, 'b': 2}
[2023-06-07T06:35:07.326+0000] {logging_mixin.py:137} INFO - Hello World! My name is Jerry Fridman, and I am 19 years old!
[2023-06-07T06:35:07.328+0000] {python.py:177} INFO - Done. Returned value was: None
[2023-06-07T06:35:07.380+0000] {taskinstance.py:1327} INFO - Marking task as SUCCESS. dag_id=our_dag_with_python_operator_v07, task_id=greet, execution_date=20220126T000000, start_date=20230607T063505, end_date=20230607T063507
[2023-06-07T06:35:07.533+0000] {local_task_job.py:159} INFO - Task exited with return code 0
[2023-06-07T06:35:07.611+0000] {taskinstance.py:2582} INFO - 0 downstream tasks scheduled from follow-on schedule check
