[2023-05-30T12:33:28.263+0000] {taskinstance.py:1087} INFO - Dependencies all met for <TaskInstance: our_dag_with_python_operator_v07.get_age scheduled__2022-04-12T00:00:00+00:00 [queued]>
[2023-05-30T12:33:28.308+0000] {taskinstance.py:1087} INFO - Dependencies all met for <TaskInstance: our_dag_with_python_operator_v07.get_age scheduled__2022-04-12T00:00:00+00:00 [queued]>
[2023-05-30T12:33:28.311+0000] {taskinstance.py:1283} INFO - 
--------------------------------------------------------------------------------
[2023-05-30T12:33:28.312+0000] {taskinstance.py:1284} INFO - Starting attempt 1 of 6
[2023-05-30T12:33:28.314+0000] {taskinstance.py:1285} INFO - 
--------------------------------------------------------------------------------
[2023-05-30T12:33:28.350+0000] {taskinstance.py:1304} INFO - Executing <Task(PythonOperator): get_age> on 2022-04-12 00:00:00+00:00
[2023-05-30T12:33:28.373+0000] {standard_task_runner.py:55} INFO - Started process 10478 to run task
[2023-05-30T12:33:28.395+0000] {standard_task_runner.py:82} INFO - Running: ['***', 'tasks', 'run', 'our_dag_with_python_operator_v07', 'get_age', 'scheduled__2022-04-12T00:00:00+00:00', '--job-id', '1680', '--raw', '--subdir', 'DAGS_FOLDER/dag_python_opr.py', '--cfg-path', '/tmp/tmplzukhsq6']
[2023-05-30T12:33:28.407+0000] {standard_task_runner.py:83} INFO - Job 1680: Subtask get_age
[2023-05-30T12:33:28.778+0000] {task_command.py:389} INFO - Running <TaskInstance: our_dag_with_python_operator_v07.get_age scheduled__2022-04-12T00:00:00+00:00 [running]> on host 49219f98c96e
[2023-05-30T12:33:29.103+0000] {taskinstance.py:1513} INFO - Exporting the following env vars:
AIRFLOW_CTX_DAG_OWNER=coder2j
AIRFLOW_CTX_DAG_ID=our_dag_with_python_operator_v07
AIRFLOW_CTX_TASK_ID=get_age
AIRFLOW_CTX_EXECUTION_DATE=2022-04-12T00:00:00+00:00
AIRFLOW_CTX_TRY_NUMBER=1
AIRFLOW_CTX_DAG_RUN_ID=scheduled__2022-04-12T00:00:00+00:00
[2023-05-30T12:33:29.148+0000] {python.py:177} INFO - Done. Returned value was: None
[2023-05-30T12:33:29.206+0000] {taskinstance.py:1327} INFO - Marking task as SUCCESS. dag_id=our_dag_with_python_operator_v07, task_id=get_age, execution_date=20220412T000000, start_date=20230530T123328, end_date=20230530T123329
[2023-05-30T12:33:29.349+0000] {local_task_job.py:159} INFO - Task exited with return code 0
[2023-05-30T12:33:29.442+0000] {taskinstance.py:2582} INFO - 1 downstream tasks scheduled from follow-on schedule check
[2023-06-07T06:38:04.084+0000] {taskinstance.py:1087} INFO - Dependencies all met for <TaskInstance: our_dag_with_python_operator_v07.get_age scheduled__2022-04-12T00:00:00+00:00 [queued]>
[2023-06-07T06:38:04.184+0000] {taskinstance.py:1087} INFO - Dependencies all met for <TaskInstance: our_dag_with_python_operator_v07.get_age scheduled__2022-04-12T00:00:00+00:00 [queued]>
[2023-06-07T06:38:04.187+0000] {taskinstance.py:1283} INFO - 
--------------------------------------------------------------------------------
[2023-06-07T06:38:04.198+0000] {taskinstance.py:1284} INFO - Starting attempt 1 of 6
[2023-06-07T06:38:04.200+0000] {taskinstance.py:1285} INFO - 
--------------------------------------------------------------------------------
[2023-06-07T06:38:04.364+0000] {taskinstance.py:1304} INFO - Executing <Task(PythonOperator): get_age> on 2022-04-12 00:00:00+00:00
[2023-06-07T06:38:04.438+0000] {standard_task_runner.py:55} INFO - Started process 3380 to run task
[2023-06-07T06:38:04.455+0000] {standard_task_runner.py:82} INFO - Running: ['***', 'tasks', 'run', 'our_dag_with_python_operator_v07', 'get_age', 'scheduled__2022-04-12T00:00:00+00:00', '--job-id', '2073', '--raw', '--subdir', 'DAGS_FOLDER/dag_python_opr.py', '--cfg-path', '/tmp/tmp_5yx5u2r']
[2023-06-07T06:38:04.459+0000] {standard_task_runner.py:83} INFO - Job 2073: Subtask get_age
[2023-06-07T06:38:04.804+0000] {task_command.py:389} INFO - Running <TaskInstance: our_dag_with_python_operator_v07.get_age scheduled__2022-04-12T00:00:00+00:00 [running]> on host 026ed797f3b3
[2023-06-07T06:38:05.436+0000] {taskinstance.py:1513} INFO - Exporting the following env vars:
AIRFLOW_CTX_DAG_OWNER=coder2j
AIRFLOW_CTX_DAG_ID=our_dag_with_python_operator_v07
AIRFLOW_CTX_TASK_ID=get_age
AIRFLOW_CTX_EXECUTION_DATE=2022-04-12T00:00:00+00:00
AIRFLOW_CTX_TRY_NUMBER=1
AIRFLOW_CTX_DAG_RUN_ID=scheduled__2022-04-12T00:00:00+00:00
[2023-06-07T06:38:05.714+0000] {python.py:177} INFO - Done. Returned value was: None
[2023-06-07T06:38:05.840+0000] {taskinstance.py:1327} INFO - Marking task as SUCCESS. dag_id=our_dag_with_python_operator_v07, task_id=get_age, execution_date=20220412T000000, start_date=20230607T063804, end_date=20230607T063805
[2023-06-07T06:38:06.030+0000] {local_task_job.py:159} INFO - Task exited with return code 0
[2023-06-07T06:38:06.489+0000] {taskinstance.py:2582} INFO - 0 downstream tasks scheduled from follow-on schedule check
