[2023-06-01T11:21:28.218+0000] {taskinstance.py:1087} INFO - Dependencies all met for <TaskInstance: dag_with_postgres_operator_v03.create_postgres_table scheduled__2022-03-21T00:00:00+00:00 [queued]>
[2023-06-01T11:21:28.234+0000] {taskinstance.py:1087} INFO - Dependencies all met for <TaskInstance: dag_with_postgres_operator_v03.create_postgres_table scheduled__2022-03-21T00:00:00+00:00 [queued]>
[2023-06-01T11:21:28.236+0000] {taskinstance.py:1283} INFO - 
--------------------------------------------------------------------------------
[2023-06-01T11:21:28.237+0000] {taskinstance.py:1284} INFO - Starting attempt 1 of 6
[2023-06-01T11:21:28.240+0000] {taskinstance.py:1285} INFO - 
--------------------------------------------------------------------------------
[2023-06-01T11:21:28.269+0000] {taskinstance.py:1304} INFO - Executing <Task(PostgresOperator): create_postgres_table> on 2022-03-21 00:00:00+00:00
[2023-06-01T11:21:28.281+0000] {standard_task_runner.py:55} INFO - Started process 1143 to run task
[2023-06-01T11:21:28.292+0000] {standard_task_runner.py:82} INFO - Running: ['***', 'tasks', 'run', 'dag_with_postgres_operator_v03', 'create_postgres_table', 'scheduled__2022-03-21T00:00:00+00:00', '--job-id', '306', '--raw', '--subdir', 'DAGS_FOLDER/postgres.py', '--cfg-path', '/tmp/tmpy4u3oriw']
[2023-06-01T11:21:28.296+0000] {standard_task_runner.py:83} INFO - Job 306: Subtask create_postgres_table
[2023-06-01T11:21:28.441+0000] {task_command.py:389} INFO - Running <TaskInstance: dag_with_postgres_operator_v03.create_postgres_table scheduled__2022-03-21T00:00:00+00:00 [running]> on host 687ba427e841
[2023-06-01T11:21:28.594+0000] {taskinstance.py:1513} INFO - Exporting the following env vars:
AIRFLOW_CTX_DAG_OWNER=coder2j
AIRFLOW_CTX_DAG_ID=dag_with_postgres_operator_v03
AIRFLOW_CTX_TASK_ID=create_postgres_table
AIRFLOW_CTX_EXECUTION_DATE=2022-03-21T00:00:00+00:00
AIRFLOW_CTX_TRY_NUMBER=1
AIRFLOW_CTX_DAG_RUN_ID=scheduled__2022-03-21T00:00:00+00:00
[2023-06-01T11:21:28.599+0000] {sql.py:253} INFO - Executing: 
            create table if not exists dag_runs (
                dt date,
                dag_id character varying,
                primary key (dt, dag_id)
            )
        
[2023-06-01T11:21:28.628+0000] {base.py:73} INFO - Using connection ID 'postgres_localhost' for task execution.
[2023-06-01T11:21:29.283+0000] {base.py:73} INFO - Using connection ID 'postgres_localhost' for task execution.
[2023-06-01T11:21:29.309+0000] {sql.py:364} INFO - Running statement: 
            create table if not exists dag_runs (
                dt date,
                dag_id character varying,
                primary key (dt, dag_id)
            )
        , parameters: None
[2023-06-01T11:21:29.335+0000] {taskinstance.py:1327} INFO - Marking task as SUCCESS. dag_id=dag_with_postgres_operator_v03, task_id=create_postgres_table, execution_date=20220321T000000, start_date=20230601T112128, end_date=20230601T112129
[2023-06-01T11:21:29.405+0000] {local_task_job.py:159} INFO - Task exited with return code 0
[2023-06-01T11:21:29.541+0000] {taskinstance.py:2582} INFO - 1 downstream tasks scheduled from follow-on schedule check
