[2023-05-30T11:37:40.414+0000] {taskinstance.py:1087} INFO - Dependencies all met for <TaskInstance: our_dag_with_python_operator_v07.greet scheduled__2021-12-20T00:00:00+00:00 [queued]>
[2023-05-30T11:37:40.429+0000] {taskinstance.py:1087} INFO - Dependencies all met for <TaskInstance: our_dag_with_python_operator_v07.greet scheduled__2021-12-20T00:00:00+00:00 [queued]>
[2023-05-30T11:37:40.430+0000] {taskinstance.py:1283} INFO - 
--------------------------------------------------------------------------------
[2023-05-30T11:37:40.432+0000] {taskinstance.py:1284} INFO - Starting attempt 1 of 6
[2023-05-30T11:37:40.433+0000] {taskinstance.py:1285} INFO - 
--------------------------------------------------------------------------------
[2023-05-30T11:37:40.469+0000] {taskinstance.py:1304} INFO - Executing <Task(PythonOperator): greet> on 2021-12-20 00:00:00+00:00
[2023-05-30T11:37:40.478+0000] {standard_task_runner.py:55} INFO - Started process 6028 to run task
[2023-05-30T11:37:40.484+0000] {standard_task_runner.py:82} INFO - Running: ['***', 'tasks', 'run', 'our_dag_with_python_operator_v07', 'greet', 'scheduled__2021-12-20T00:00:00+00:00', '--job-id', '1347', '--raw', '--subdir', 'DAGS_FOLDER/dag_python_opr.py', '--cfg-path', '/tmp/tmpsejdd1hn']
[2023-05-30T11:37:40.486+0000] {standard_task_runner.py:83} INFO - Job 1347: Subtask greet
[2023-05-30T11:37:40.594+0000] {task_command.py:389} INFO - Running <TaskInstance: our_dag_with_python_operator_v07.greet scheduled__2021-12-20T00:00:00+00:00 [running]> on host 49219f98c96e
[2023-05-30T11:37:40.697+0000] {taskinstance.py:1513} INFO - Exporting the following env vars:
AIRFLOW_CTX_DAG_OWNER=coder2j
AIRFLOW_CTX_DAG_ID=our_dag_with_python_operator_v07
AIRFLOW_CTX_TASK_ID=greet
AIRFLOW_CTX_EXECUTION_DATE=2021-12-20T00:00:00+00:00
AIRFLOW_CTX_TRY_NUMBER=1
AIRFLOW_CTX_DAG_RUN_ID=scheduled__2021-12-20T00:00:00+00:00
[2023-05-30T11:37:40.699+0000] {logging_mixin.py:137} INFO - some dict:  {'a': 1, 'b': 2}
[2023-05-30T11:37:40.743+0000] {logging_mixin.py:137} INFO - Hello World! My name is Jerry Fridman, and I am 19 years old!
[2023-05-30T11:37:40.745+0000] {python.py:177} INFO - Done. Returned value was: None
[2023-05-30T11:37:40.761+0000] {taskinstance.py:1327} INFO - Marking task as SUCCESS. dag_id=our_dag_with_python_operator_v07, task_id=greet, execution_date=20211220T000000, start_date=20230530T113740, end_date=20230530T113740
[2023-05-30T11:37:40.820+0000] {local_task_job.py:159} INFO - Task exited with return code 0
[2023-05-30T11:37:40.851+0000] {taskinstance.py:2582} INFO - 0 downstream tasks scheduled from follow-on schedule check
[2023-06-07T06:33:24.703+0000] {taskinstance.py:1087} INFO - Dependencies all met for <TaskInstance: our_dag_with_python_operator_v07.greet scheduled__2021-12-20T00:00:00+00:00 [queued]>
[2023-06-07T06:33:24.844+0000] {taskinstance.py:1087} INFO - Dependencies all met for <TaskInstance: our_dag_with_python_operator_v07.greet scheduled__2021-12-20T00:00:00+00:00 [queued]>
[2023-06-07T06:33:24.846+0000] {taskinstance.py:1283} INFO - 
--------------------------------------------------------------------------------
[2023-06-07T06:33:24.848+0000] {taskinstance.py:1284} INFO - Starting attempt 1 of 6
[2023-06-07T06:33:24.850+0000] {taskinstance.py:1285} INFO - 
--------------------------------------------------------------------------------
[2023-06-07T06:33:25.074+0000] {taskinstance.py:1304} INFO - Executing <Task(PythonOperator): greet> on 2021-12-20 00:00:00+00:00
[2023-06-07T06:33:25.128+0000] {standard_task_runner.py:55} INFO - Started process 1572 to run task
[2023-06-07T06:33:25.179+0000] {standard_task_runner.py:82} INFO - Running: ['***', 'tasks', 'run', 'our_dag_with_python_operator_v07', 'greet', 'scheduled__2021-12-20T00:00:00+00:00', '--job-id', '1425', '--raw', '--subdir', 'DAGS_FOLDER/dag_python_opr.py', '--cfg-path', '/tmp/tmpb7epe4jt']
[2023-06-07T06:33:25.210+0000] {standard_task_runner.py:83} INFO - Job 1425: Subtask greet
[2023-06-07T06:33:25.661+0000] {task_command.py:389} INFO - Running <TaskInstance: our_dag_with_python_operator_v07.greet scheduled__2021-12-20T00:00:00+00:00 [running]> on host 026ed797f3b3
[2023-06-07T06:33:26.630+0000] {taskinstance.py:1513} INFO - Exporting the following env vars:
AIRFLOW_CTX_DAG_OWNER=coder2j
AIRFLOW_CTX_DAG_ID=our_dag_with_python_operator_v07
AIRFLOW_CTX_TASK_ID=greet
AIRFLOW_CTX_EXECUTION_DATE=2021-12-20T00:00:00+00:00
AIRFLOW_CTX_TRY_NUMBER=1
AIRFLOW_CTX_DAG_RUN_ID=scheduled__2021-12-20T00:00:00+00:00
[2023-06-07T06:33:26.658+0000] {logging_mixin.py:137} INFO - some dict:  {'a': 1, 'b': 2}
[2023-06-07T06:33:26.741+0000] {logging_mixin.py:137} INFO - Hello World! My name is Jerry Fridman, and I am 19 years old!
[2023-06-07T06:33:26.750+0000] {python.py:177} INFO - Done. Returned value was: None
[2023-06-07T06:33:26.783+0000] {taskinstance.py:1327} INFO - Marking task as SUCCESS. dag_id=our_dag_with_python_operator_v07, task_id=greet, execution_date=20211220T000000, start_date=20230607T063324, end_date=20230607T063326
[2023-06-07T06:33:26.999+0000] {local_task_job.py:159} INFO - Task exited with return code 0
[2023-06-07T06:33:27.114+0000] {taskinstance.py:2582} INFO - 0 downstream tasks scheduled from follow-on schedule check
