[2023-05-30T12:32:53.664+0000] {taskinstance.py:1087} INFO - Dependencies all met for <TaskInstance: our_dag_with_python_operator_v07.get_name scheduled__2022-03-12T00:00:00+00:00 [queued]>
[2023-05-30T12:32:53.731+0000] {taskinstance.py:1087} INFO - Dependencies all met for <TaskInstance: our_dag_with_python_operator_v07.get_name scheduled__2022-03-12T00:00:00+00:00 [queued]>
[2023-05-30T12:32:53.733+0000] {taskinstance.py:1283} INFO - 
--------------------------------------------------------------------------------
[2023-05-30T12:32:53.734+0000] {taskinstance.py:1284} INFO - Starting attempt 1 of 6
[2023-05-30T12:32:53.735+0000] {taskinstance.py:1285} INFO - 
--------------------------------------------------------------------------------
[2023-05-30T12:32:53.788+0000] {taskinstance.py:1304} INFO - Executing <Task(PythonOperator): get_name> on 2022-03-12 00:00:00+00:00
[2023-05-30T12:32:53.800+0000] {standard_task_runner.py:55} INFO - Started process 10259 to run task
[2023-05-30T12:32:53.832+0000] {standard_task_runner.py:82} INFO - Running: ['***', 'tasks', 'run', 'our_dag_with_python_operator_v07', 'get_name', 'scheduled__2022-03-12T00:00:00+00:00', '--job-id', '1587', '--raw', '--subdir', 'DAGS_FOLDER/dag_python_opr.py', '--cfg-path', '/tmp/tmpbllmpnqj']
[2023-05-30T12:32:53.847+0000] {standard_task_runner.py:83} INFO - Job 1587: Subtask get_name
[2023-05-30T12:32:54.080+0000] {task_command.py:389} INFO - Running <TaskInstance: our_dag_with_python_operator_v07.get_name scheduled__2022-03-12T00:00:00+00:00 [running]> on host 49219f98c96e
[2023-05-30T12:32:54.457+0000] {taskinstance.py:1513} INFO - Exporting the following env vars:
AIRFLOW_CTX_DAG_OWNER=coder2j
AIRFLOW_CTX_DAG_ID=our_dag_with_python_operator_v07
AIRFLOW_CTX_TASK_ID=get_name
AIRFLOW_CTX_EXECUTION_DATE=2022-03-12T00:00:00+00:00
AIRFLOW_CTX_TRY_NUMBER=1
AIRFLOW_CTX_DAG_RUN_ID=scheduled__2022-03-12T00:00:00+00:00
[2023-05-30T12:32:54.515+0000] {python.py:177} INFO - Done. Returned value was: None
[2023-05-30T12:32:54.547+0000] {taskinstance.py:1327} INFO - Marking task as SUCCESS. dag_id=our_dag_with_python_operator_v07, task_id=get_name, execution_date=20220312T000000, start_date=20230530T123253, end_date=20230530T123254
[2023-05-30T12:32:54.608+0000] {local_task_job.py:159} INFO - Task exited with return code 0
[2023-05-30T12:32:54.692+0000] {taskinstance.py:2582} INFO - 1 downstream tasks scheduled from follow-on schedule check
[2023-06-07T06:37:04.121+0000] {taskinstance.py:1087} INFO - Dependencies all met for <TaskInstance: our_dag_with_python_operator_v07.get_name scheduled__2022-03-12T00:00:00+00:00 [queued]>
[2023-06-07T06:37:04.195+0000] {taskinstance.py:1087} INFO - Dependencies all met for <TaskInstance: our_dag_with_python_operator_v07.get_name scheduled__2022-03-12T00:00:00+00:00 [queued]>
[2023-06-07T06:37:04.197+0000] {taskinstance.py:1283} INFO - 
--------------------------------------------------------------------------------
[2023-06-07T06:37:04.200+0000] {taskinstance.py:1284} INFO - Starting attempt 1 of 6
[2023-06-07T06:37:04.201+0000] {taskinstance.py:1285} INFO - 
--------------------------------------------------------------------------------
[2023-06-07T06:37:04.308+0000] {taskinstance.py:1304} INFO - Executing <Task(PythonOperator): get_name> on 2022-03-12 00:00:00+00:00
[2023-06-07T06:37:04.333+0000] {standard_task_runner.py:55} INFO - Started process 2943 to run task
[2023-06-07T06:37:04.352+0000] {standard_task_runner.py:82} INFO - Running: ['***', 'tasks', 'run', 'our_dag_with_python_operator_v07', 'get_name', 'scheduled__2022-03-12T00:00:00+00:00', '--job-id', '1910', '--raw', '--subdir', 'DAGS_FOLDER/dag_python_opr.py', '--cfg-path', '/tmp/tmpzdd5qz5p']
[2023-06-07T06:37:04.357+0000] {standard_task_runner.py:83} INFO - Job 1910: Subtask get_name
[2023-06-07T06:37:04.655+0000] {task_command.py:389} INFO - Running <TaskInstance: our_dag_with_python_operator_v07.get_name scheduled__2022-03-12T00:00:00+00:00 [running]> on host 026ed797f3b3
[2023-06-07T06:37:05.131+0000] {taskinstance.py:1513} INFO - Exporting the following env vars:
AIRFLOW_CTX_DAG_OWNER=coder2j
AIRFLOW_CTX_DAG_ID=our_dag_with_python_operator_v07
AIRFLOW_CTX_TASK_ID=get_name
AIRFLOW_CTX_EXECUTION_DATE=2022-03-12T00:00:00+00:00
AIRFLOW_CTX_TRY_NUMBER=1
AIRFLOW_CTX_DAG_RUN_ID=scheduled__2022-03-12T00:00:00+00:00
[2023-06-07T06:37:05.250+0000] {python.py:177} INFO - Done. Returned value was: None
[2023-06-07T06:37:05.323+0000] {taskinstance.py:1327} INFO - Marking task as SUCCESS. dag_id=our_dag_with_python_operator_v07, task_id=get_name, execution_date=20220312T000000, start_date=20230607T063704, end_date=20230607T063705
[2023-06-07T06:37:05.565+0000] {local_task_job.py:159} INFO - Task exited with return code 0
[2023-06-07T06:37:05.761+0000] {taskinstance.py:2582} INFO - 0 downstream tasks scheduled from follow-on schedule check
