[2023-05-30T11:29:37.947+0000] {taskinstance.py:1087} INFO - Dependencies all met for <TaskInstance: our_first_dag_v5.thrid_task scheduled__2021-11-03T00:00:00+00:00 [queued]>
[2023-05-30T11:29:37.996+0000] {taskinstance.py:1087} INFO - Dependencies all met for <TaskInstance: our_first_dag_v5.thrid_task scheduled__2021-11-03T00:00:00+00:00 [queued]>
[2023-05-30T11:29:37.999+0000] {taskinstance.py:1283} INFO - 
--------------------------------------------------------------------------------
[2023-05-30T11:29:38.003+0000] {taskinstance.py:1284} INFO - Starting attempt 1 of 6
[2023-05-30T11:29:38.004+0000] {taskinstance.py:1285} INFO - 
--------------------------------------------------------------------------------
[2023-05-30T11:29:38.167+0000] {taskinstance.py:1304} INFO - Executing <Task(BashOperator): thrid_task> on 2021-11-03 00:00:00+00:00
[2023-05-30T11:29:38.186+0000] {standard_task_runner.py:55} INFO - Started process 2643 to run task
[2023-05-30T11:29:38.205+0000] {standard_task_runner.py:82} INFO - Running: ['***', 'tasks', 'run', 'our_first_dag_v5', 'thrid_task', 'scheduled__2021-11-03T00:00:00+00:00', '--job-id', '301', '--raw', '--subdir', 'DAGS_FOLDER/first_Dag.py', '--cfg-path', '/tmp/tmpg6c3awy8']
[2023-05-30T11:29:38.209+0000] {standard_task_runner.py:83} INFO - Job 301: Subtask thrid_task
[2023-05-30T11:29:38.573+0000] {task_command.py:389} INFO - Running <TaskInstance: our_first_dag_v5.thrid_task scheduled__2021-11-03T00:00:00+00:00 [running]> on host 49219f98c96e
[2023-05-30T11:29:38.988+0000] {taskinstance.py:1513} INFO - Exporting the following env vars:
AIRFLOW_CTX_DAG_OWNER=coder2j
AIRFLOW_CTX_DAG_ID=our_first_dag_v5
AIRFLOW_CTX_TASK_ID=thrid_task
AIRFLOW_CTX_EXECUTION_DATE=2021-11-03T00:00:00+00:00
AIRFLOW_CTX_TRY_NUMBER=1
AIRFLOW_CTX_DAG_RUN_ID=scheduled__2021-11-03T00:00:00+00:00
[2023-05-30T11:29:38.992+0000] {subprocess.py:63} INFO - Tmp dir root location: 
 /tmp
[2023-05-30T11:29:38.998+0000] {subprocess.py:75} INFO - Running command: ['/bin/bash', '-c', 'echo hey, I am task3 and will be running after task1 at the same time as task2!']
[2023-05-30T11:29:39.076+0000] {subprocess.py:86} INFO - Output:
[2023-05-30T11:29:39.079+0000] {subprocess.py:93} INFO - hey, I am task3 and will be running after task1 at the same time as task2!
[2023-05-30T11:29:39.083+0000] {subprocess.py:97} INFO - Command exited with return code 0
[2023-05-30T11:29:39.206+0000] {taskinstance.py:1327} INFO - Marking task as SUCCESS. dag_id=our_first_dag_v5, task_id=thrid_task, execution_date=20211103T000000, start_date=20230530T112937, end_date=20230530T112939
[2023-05-30T11:29:39.361+0000] {local_task_job.py:159} INFO - Task exited with return code 0
[2023-05-30T11:29:39.433+0000] {taskinstance.py:2582} INFO - 0 downstream tasks scheduled from follow-on schedule check
[2023-06-07T06:34:36.530+0000] {taskinstance.py:1087} INFO - Dependencies all met for <TaskInstance: our_first_dag_v5.thrid_task scheduled__2021-11-03T00:00:00+00:00 [queued]>
[2023-06-07T06:34:36.638+0000] {taskinstance.py:1087} INFO - Dependencies all met for <TaskInstance: our_first_dag_v5.thrid_task scheduled__2021-11-03T00:00:00+00:00 [queued]>
[2023-06-07T06:34:36.640+0000] {taskinstance.py:1283} INFO - 
--------------------------------------------------------------------------------
[2023-06-07T06:34:36.643+0000] {taskinstance.py:1284} INFO - Starting attempt 1 of 6
[2023-06-07T06:34:36.646+0000] {taskinstance.py:1285} INFO - 
--------------------------------------------------------------------------------
[2023-06-07T06:34:36.816+0000] {taskinstance.py:1304} INFO - Executing <Task(BashOperator): thrid_task> on 2021-11-03 00:00:00+00:00
[2023-06-07T06:34:36.875+0000] {standard_task_runner.py:55} INFO - Started process 2063 to run task
[2023-06-07T06:34:36.953+0000] {standard_task_runner.py:82} INFO - Running: ['***', 'tasks', 'run', 'our_first_dag_v5', 'thrid_task', 'scheduled__2021-11-03T00:00:00+00:00', '--job-id', '1604', '--raw', '--subdir', 'DAGS_FOLDER/first_Dag.py', '--cfg-path', '/tmp/tmptsjmhpbd']
[2023-06-07T06:34:36.966+0000] {standard_task_runner.py:83} INFO - Job 1604: Subtask thrid_task
[2023-06-07T06:34:38.095+0000] {task_command.py:389} INFO - Running <TaskInstance: our_first_dag_v5.thrid_task scheduled__2021-11-03T00:00:00+00:00 [running]> on host 026ed797f3b3
[2023-06-07T06:34:38.845+0000] {taskinstance.py:1513} INFO - Exporting the following env vars:
AIRFLOW_CTX_DAG_OWNER=coder2j
AIRFLOW_CTX_DAG_ID=our_first_dag_v5
AIRFLOW_CTX_TASK_ID=thrid_task
AIRFLOW_CTX_EXECUTION_DATE=2021-11-03T00:00:00+00:00
AIRFLOW_CTX_TRY_NUMBER=1
AIRFLOW_CTX_DAG_RUN_ID=scheduled__2021-11-03T00:00:00+00:00
[2023-06-07T06:34:38.857+0000] {subprocess.py:63} INFO - Tmp dir root location: 
 /tmp
[2023-06-07T06:34:38.862+0000] {subprocess.py:75} INFO - Running command: ['/bin/bash', '-c', 'echo hey, I am task3 and will be running after task1 at the same time as task2!']
[2023-06-07T06:34:38.905+0000] {subprocess.py:86} INFO - Output:
[2023-06-07T06:34:38.916+0000] {subprocess.py:93} INFO - hey, I am task3 and will be running after task1 at the same time as task2!
[2023-06-07T06:34:38.920+0000] {subprocess.py:97} INFO - Command exited with return code 0
[2023-06-07T06:34:39.112+0000] {taskinstance.py:1327} INFO - Marking task as SUCCESS. dag_id=our_first_dag_v5, task_id=thrid_task, execution_date=20211103T000000, start_date=20230607T063436, end_date=20230607T063439
[2023-06-07T06:34:39.380+0000] {local_task_job.py:159} INFO - Task exited with return code 0
[2023-06-07T06:34:39.499+0000] {taskinstance.py:2582} INFO - 0 downstream tasks scheduled from follow-on schedule check
