[2023-05-30T12:33:00.225+0000] {taskinstance.py:1087} INFO - Dependencies all met for <TaskInstance: our_dag_with_python_operator_v07.greet scheduled__2022-03-17T00:00:00+00:00 [queued]>
[2023-05-30T12:33:00.250+0000] {taskinstance.py:1087} INFO - Dependencies all met for <TaskInstance: our_dag_with_python_operator_v07.greet scheduled__2022-03-17T00:00:00+00:00 [queued]>
[2023-05-30T12:33:00.252+0000] {taskinstance.py:1283} INFO - 
--------------------------------------------------------------------------------
[2023-05-30T12:33:00.253+0000] {taskinstance.py:1284} INFO - Starting attempt 1 of 6
[2023-05-30T12:33:00.254+0000] {taskinstance.py:1285} INFO - 
--------------------------------------------------------------------------------
[2023-05-30T12:33:00.284+0000] {taskinstance.py:1304} INFO - Executing <Task(PythonOperator): greet> on 2022-03-17 00:00:00+00:00
[2023-05-30T12:33:00.292+0000] {standard_task_runner.py:55} INFO - Started process 10306 to run task
[2023-05-30T12:33:00.297+0000] {standard_task_runner.py:82} INFO - Running: ['***', 'tasks', 'run', 'our_dag_with_python_operator_v07', 'greet', 'scheduled__2022-03-17T00:00:00+00:00', '--job-id', '1607', '--raw', '--subdir', 'DAGS_FOLDER/dag_python_opr.py', '--cfg-path', '/tmp/tmpuxuzo8a8']
[2023-05-30T12:33:00.299+0000] {standard_task_runner.py:83} INFO - Job 1607: Subtask greet
[2023-05-30T12:33:00.392+0000] {task_command.py:389} INFO - Running <TaskInstance: our_dag_with_python_operator_v07.greet scheduled__2022-03-17T00:00:00+00:00 [running]> on host 49219f98c96e
[2023-05-30T12:33:00.493+0000] {taskinstance.py:1513} INFO - Exporting the following env vars:
AIRFLOW_CTX_DAG_OWNER=coder2j
AIRFLOW_CTX_DAG_ID=our_dag_with_python_operator_v07
AIRFLOW_CTX_TASK_ID=greet
AIRFLOW_CTX_EXECUTION_DATE=2022-03-17T00:00:00+00:00
AIRFLOW_CTX_TRY_NUMBER=1
AIRFLOW_CTX_DAG_RUN_ID=scheduled__2022-03-17T00:00:00+00:00
[2023-05-30T12:33:00.496+0000] {logging_mixin.py:137} INFO - some dict:  {'a': 1, 'b': 2}
[2023-05-30T12:33:00.537+0000] {logging_mixin.py:137} INFO - Hello World! My name is Jerry Fridman, and I am 19 years old!
[2023-05-30T12:33:00.539+0000] {python.py:177} INFO - Done. Returned value was: None
[2023-05-30T12:33:00.554+0000] {taskinstance.py:1327} INFO - Marking task as SUCCESS. dag_id=our_dag_with_python_operator_v07, task_id=greet, execution_date=20220317T000000, start_date=20230530T123300, end_date=20230530T123300
[2023-05-30T12:33:00.591+0000] {local_task_job.py:159} INFO - Task exited with return code 0
[2023-05-30T12:33:00.617+0000] {taskinstance.py:2582} INFO - 0 downstream tasks scheduled from follow-on schedule check
[2023-06-07T06:37:13.318+0000] {taskinstance.py:1087} INFO - Dependencies all met for <TaskInstance: our_dag_with_python_operator_v07.greet scheduled__2022-03-17T00:00:00+00:00 [queued]>
[2023-06-07T06:37:13.385+0000] {taskinstance.py:1087} INFO - Dependencies all met for <TaskInstance: our_dag_with_python_operator_v07.greet scheduled__2022-03-17T00:00:00+00:00 [queued]>
[2023-06-07T06:37:13.387+0000] {taskinstance.py:1283} INFO - 
--------------------------------------------------------------------------------
[2023-06-07T06:37:13.389+0000] {taskinstance.py:1284} INFO - Starting attempt 1 of 6
[2023-06-07T06:37:13.395+0000] {taskinstance.py:1285} INFO - 
--------------------------------------------------------------------------------
[2023-06-07T06:37:13.471+0000] {taskinstance.py:1304} INFO - Executing <Task(PythonOperator): greet> on 2022-03-17 00:00:00+00:00
[2023-06-07T06:37:13.512+0000] {standard_task_runner.py:55} INFO - Started process 3009 to run task
[2023-06-07T06:37:13.548+0000] {standard_task_runner.py:82} INFO - Running: ['***', 'tasks', 'run', 'our_dag_with_python_operator_v07', 'greet', 'scheduled__2022-03-17T00:00:00+00:00', '--job-id', '1938', '--raw', '--subdir', 'DAGS_FOLDER/dag_python_opr.py', '--cfg-path', '/tmp/tmpbadpp3qy']
[2023-06-07T06:37:13.551+0000] {standard_task_runner.py:83} INFO - Job 1938: Subtask greet
[2023-06-07T06:37:13.894+0000] {task_command.py:389} INFO - Running <TaskInstance: our_dag_with_python_operator_v07.greet scheduled__2022-03-17T00:00:00+00:00 [running]> on host 026ed797f3b3
[2023-06-07T06:37:14.249+0000] {taskinstance.py:1513} INFO - Exporting the following env vars:
AIRFLOW_CTX_DAG_OWNER=coder2j
AIRFLOW_CTX_DAG_ID=our_dag_with_python_operator_v07
AIRFLOW_CTX_TASK_ID=greet
AIRFLOW_CTX_EXECUTION_DATE=2022-03-17T00:00:00+00:00
AIRFLOW_CTX_TRY_NUMBER=1
AIRFLOW_CTX_DAG_RUN_ID=scheduled__2022-03-17T00:00:00+00:00
[2023-06-07T06:37:14.254+0000] {logging_mixin.py:137} INFO - some dict:  {'a': 1, 'b': 2}
[2023-06-07T06:37:14.365+0000] {logging_mixin.py:137} INFO - Hello World! My name is Jerry Fridman, and I am 19 years old!
[2023-06-07T06:37:14.367+0000] {python.py:177} INFO - Done. Returned value was: None
[2023-06-07T06:37:14.403+0000] {taskinstance.py:1327} INFO - Marking task as SUCCESS. dag_id=our_dag_with_python_operator_v07, task_id=greet, execution_date=20220317T000000, start_date=20230607T063713, end_date=20230607T063714
[2023-06-07T06:37:14.503+0000] {local_task_job.py:159} INFO - Task exited with return code 0
[2023-06-07T06:37:14.570+0000] {taskinstance.py:2582} INFO - 0 downstream tasks scheduled from follow-on schedule check
