[2023-05-30T12:32:51.286+0000] {taskinstance.py:1087} INFO - Dependencies all met for <TaskInstance: our_dag_with_python_operator_v07.get_name scheduled__2022-03-08T00:00:00+00:00 [queued]>
[2023-05-30T12:32:51.326+0000] {taskinstance.py:1087} INFO - Dependencies all met for <TaskInstance: our_dag_with_python_operator_v07.get_name scheduled__2022-03-08T00:00:00+00:00 [queued]>
[2023-05-30T12:32:51.328+0000] {taskinstance.py:1283} INFO - 
--------------------------------------------------------------------------------
[2023-05-30T12:32:51.334+0000] {taskinstance.py:1284} INFO - Starting attempt 1 of 6
[2023-05-30T12:32:51.336+0000] {taskinstance.py:1285} INFO - 
--------------------------------------------------------------------------------
[2023-05-30T12:32:51.376+0000] {taskinstance.py:1304} INFO - Executing <Task(PythonOperator): get_name> on 2022-03-08 00:00:00+00:00
[2023-05-30T12:32:51.385+0000] {standard_task_runner.py:55} INFO - Started process 10237 to run task
[2023-05-30T12:32:51.401+0000] {standard_task_runner.py:82} INFO - Running: ['***', 'tasks', 'run', 'our_dag_with_python_operator_v07', 'get_name', 'scheduled__2022-03-08T00:00:00+00:00', '--job-id', '1577', '--raw', '--subdir', 'DAGS_FOLDER/dag_python_opr.py', '--cfg-path', '/tmp/tmpjy7n5j1x']
[2023-05-30T12:32:51.404+0000] {standard_task_runner.py:83} INFO - Job 1577: Subtask get_name
[2023-05-30T12:32:51.593+0000] {task_command.py:389} INFO - Running <TaskInstance: our_dag_with_python_operator_v07.get_name scheduled__2022-03-08T00:00:00+00:00 [running]> on host 49219f98c96e
[2023-05-30T12:32:51.834+0000] {taskinstance.py:1513} INFO - Exporting the following env vars:
AIRFLOW_CTX_DAG_OWNER=coder2j
AIRFLOW_CTX_DAG_ID=our_dag_with_python_operator_v07
AIRFLOW_CTX_TASK_ID=get_name
AIRFLOW_CTX_EXECUTION_DATE=2022-03-08T00:00:00+00:00
AIRFLOW_CTX_TRY_NUMBER=1
AIRFLOW_CTX_DAG_RUN_ID=scheduled__2022-03-08T00:00:00+00:00
[2023-05-30T12:32:51.895+0000] {python.py:177} INFO - Done. Returned value was: None
[2023-05-30T12:32:51.926+0000] {taskinstance.py:1327} INFO - Marking task as SUCCESS. dag_id=our_dag_with_python_operator_v07, task_id=get_name, execution_date=20220308T000000, start_date=20230530T123251, end_date=20230530T123251
[2023-05-30T12:32:51.978+0000] {local_task_job.py:159} INFO - Task exited with return code 0
[2023-05-30T12:32:52.037+0000] {taskinstance.py:2582} INFO - 0 downstream tasks scheduled from follow-on schedule check
