[2023-05-30T11:28:41.980+0000] {taskinstance.py:1087} INFO - Dependencies all met for <TaskInstance: our_first_dag_v5.thrid_task scheduled__2021-09-11T00:00:00+00:00 [queued]>
[2023-05-30T11:28:42.003+0000] {taskinstance.py:1087} INFO - Dependencies all met for <TaskInstance: our_first_dag_v5.thrid_task scheduled__2021-09-11T00:00:00+00:00 [queued]>
[2023-05-30T11:28:42.004+0000] {taskinstance.py:1283} INFO - 
--------------------------------------------------------------------------------
[2023-05-30T11:28:42.006+0000] {taskinstance.py:1284} INFO - Starting attempt 1 of 6
[2023-05-30T11:28:42.008+0000] {taskinstance.py:1285} INFO - 
--------------------------------------------------------------------------------
[2023-05-30T11:28:42.037+0000] {taskinstance.py:1304} INFO - Executing <Task(BashOperator): thrid_task> on 2021-09-11 00:00:00+00:00
[2023-05-30T11:28:42.063+0000] {standard_task_runner.py:55} INFO - Started process 2110 to run task
[2023-05-30T11:28:42.078+0000] {standard_task_runner.py:82} INFO - Running: ['***', 'tasks', 'run', 'our_first_dag_v5', 'thrid_task', 'scheduled__2021-09-11T00:00:00+00:00', '--job-id', '140', '--raw', '--subdir', 'DAGS_FOLDER/first_Dag.py', '--cfg-path', '/tmp/tmpze8svclg']
[2023-05-30T11:28:42.079+0000] {standard_task_runner.py:83} INFO - Job 140: Subtask thrid_task
[2023-05-30T11:28:42.286+0000] {task_command.py:389} INFO - Running <TaskInstance: our_first_dag_v5.thrid_task scheduled__2021-09-11T00:00:00+00:00 [running]> on host 49219f98c96e
[2023-05-30T11:28:42.446+0000] {taskinstance.py:1513} INFO - Exporting the following env vars:
AIRFLOW_CTX_DAG_OWNER=coder2j
AIRFLOW_CTX_DAG_ID=our_first_dag_v5
AIRFLOW_CTX_TASK_ID=thrid_task
AIRFLOW_CTX_EXECUTION_DATE=2021-09-11T00:00:00+00:00
AIRFLOW_CTX_TRY_NUMBER=1
AIRFLOW_CTX_DAG_RUN_ID=scheduled__2021-09-11T00:00:00+00:00
[2023-05-30T11:28:42.451+0000] {subprocess.py:63} INFO - Tmp dir root location: 
 /tmp
[2023-05-30T11:28:42.453+0000] {subprocess.py:75} INFO - Running command: ['/bin/bash', '-c', 'echo hey, I am task3 and will be running after task1 at the same time as task2!']
[2023-05-30T11:28:42.484+0000] {subprocess.py:86} INFO - Output:
[2023-05-30T11:28:42.487+0000] {subprocess.py:93} INFO - hey, I am task3 and will be running after task1 at the same time as task2!
[2023-05-30T11:28:42.489+0000] {subprocess.py:97} INFO - Command exited with return code 0
[2023-05-30T11:28:42.535+0000] {taskinstance.py:1327} INFO - Marking task as SUCCESS. dag_id=our_first_dag_v5, task_id=thrid_task, execution_date=20210911T000000, start_date=20230530T112841, end_date=20230530T112842
[2023-05-30T11:28:42.575+0000] {local_task_job.py:159} INFO - Task exited with return code 0
[2023-05-30T11:28:42.605+0000] {taskinstance.py:2582} INFO - 0 downstream tasks scheduled from follow-on schedule check
[2023-06-07T06:32:24.607+0000] {taskinstance.py:1087} INFO - Dependencies all met for <TaskInstance: our_first_dag_v5.thrid_task scheduled__2021-09-11T00:00:00+00:00 [queued]>
[2023-06-07T06:32:24.689+0000] {taskinstance.py:1087} INFO - Dependencies all met for <TaskInstance: our_first_dag_v5.thrid_task scheduled__2021-09-11T00:00:00+00:00 [queued]>
[2023-06-07T06:32:24.691+0000] {taskinstance.py:1283} INFO - 
--------------------------------------------------------------------------------
[2023-06-07T06:32:24.692+0000] {taskinstance.py:1284} INFO - Starting attempt 1 of 6
[2023-06-07T06:32:24.694+0000] {taskinstance.py:1285} INFO - 
--------------------------------------------------------------------------------
[2023-06-07T06:32:24.811+0000] {taskinstance.py:1304} INFO - Executing <Task(BashOperator): thrid_task> on 2021-09-11 00:00:00+00:00
[2023-06-07T06:32:24.841+0000] {standard_task_runner.py:55} INFO - Started process 1109 to run task
[2023-06-07T06:32:24.906+0000] {standard_task_runner.py:82} INFO - Running: ['***', 'tasks', 'run', 'our_first_dag_v5', 'thrid_task', 'scheduled__2021-09-11T00:00:00+00:00', '--job-id', '1250', '--raw', '--subdir', 'DAGS_FOLDER/first_Dag.py', '--cfg-path', '/tmp/tmpwoz8nyf1']
[2023-06-07T06:32:24.914+0000] {standard_task_runner.py:83} INFO - Job 1250: Subtask thrid_task
[2023-06-07T06:32:25.368+0000] {task_command.py:389} INFO - Running <TaskInstance: our_first_dag_v5.thrid_task scheduled__2021-09-11T00:00:00+00:00 [running]> on host 026ed797f3b3
[2023-06-07T06:32:25.872+0000] {taskinstance.py:1513} INFO - Exporting the following env vars:
AIRFLOW_CTX_DAG_OWNER=coder2j
AIRFLOW_CTX_DAG_ID=our_first_dag_v5
AIRFLOW_CTX_TASK_ID=thrid_task
AIRFLOW_CTX_EXECUTION_DATE=2021-09-11T00:00:00+00:00
AIRFLOW_CTX_TRY_NUMBER=1
AIRFLOW_CTX_DAG_RUN_ID=scheduled__2021-09-11T00:00:00+00:00
[2023-06-07T06:32:25.877+0000] {subprocess.py:63} INFO - Tmp dir root location: 
 /tmp
[2023-06-07T06:32:25.880+0000] {subprocess.py:75} INFO - Running command: ['/bin/bash', '-c', 'echo hey, I am task3 and will be running after task1 at the same time as task2!']
[2023-06-07T06:32:26.019+0000] {subprocess.py:86} INFO - Output:
[2023-06-07T06:32:26.058+0000] {subprocess.py:93} INFO - hey, I am task3 and will be running after task1 at the same time as task2!
[2023-06-07T06:32:26.062+0000] {subprocess.py:97} INFO - Command exited with return code 0
[2023-06-07T06:32:26.198+0000] {taskinstance.py:1327} INFO - Marking task as SUCCESS. dag_id=our_first_dag_v5, task_id=thrid_task, execution_date=20210911T000000, start_date=20230607T063224, end_date=20230607T063226
[2023-06-07T06:32:26.461+0000] {local_task_job.py:159} INFO - Task exited with return code 0
[2023-06-07T06:32:26.567+0000] {taskinstance.py:2582} INFO - 0 downstream tasks scheduled from follow-on schedule check
