[2023-05-30T11:31:14.259+0000] {taskinstance.py:1087} INFO - Dependencies all met for <TaskInstance: our_first_dag_v5.thrid_task scheduled__2022-01-31T00:00:00+00:00 [queued]>
[2023-05-30T11:31:14.309+0000] {taskinstance.py:1087} INFO - Dependencies all met for <TaskInstance: our_first_dag_v5.thrid_task scheduled__2022-01-31T00:00:00+00:00 [queued]>
[2023-05-30T11:31:14.313+0000] {taskinstance.py:1283} INFO - 
--------------------------------------------------------------------------------
[2023-05-30T11:31:14.314+0000] {taskinstance.py:1284} INFO - Starting attempt 1 of 6
[2023-05-30T11:31:14.316+0000] {taskinstance.py:1285} INFO - 
--------------------------------------------------------------------------------
[2023-05-30T11:31:14.434+0000] {taskinstance.py:1304} INFO - Executing <Task(BashOperator): thrid_task> on 2022-01-31 00:00:00+00:00
[2023-05-30T11:31:14.452+0000] {standard_task_runner.py:55} INFO - Started process 3545 to run task
[2023-05-30T11:31:14.504+0000] {standard_task_runner.py:82} INFO - Running: ['***', 'tasks', 'run', 'our_first_dag_v5', 'thrid_task', 'scheduled__2022-01-31T00:00:00+00:00', '--job-id', '566', '--raw', '--subdir', 'DAGS_FOLDER/first_Dag.py', '--cfg-path', '/tmp/tmp6ql6n67b']
[2023-05-30T11:31:14.510+0000] {standard_task_runner.py:83} INFO - Job 566: Subtask thrid_task
[2023-05-30T11:31:14.877+0000] {task_command.py:389} INFO - Running <TaskInstance: our_first_dag_v5.thrid_task scheduled__2022-01-31T00:00:00+00:00 [running]> on host 49219f98c96e
[2023-05-30T11:31:15.273+0000] {taskinstance.py:1513} INFO - Exporting the following env vars:
AIRFLOW_CTX_DAG_OWNER=coder2j
AIRFLOW_CTX_DAG_ID=our_first_dag_v5
AIRFLOW_CTX_TASK_ID=thrid_task
AIRFLOW_CTX_EXECUTION_DATE=2022-01-31T00:00:00+00:00
AIRFLOW_CTX_TRY_NUMBER=1
AIRFLOW_CTX_DAG_RUN_ID=scheduled__2022-01-31T00:00:00+00:00
[2023-05-30T11:31:15.279+0000] {subprocess.py:63} INFO - Tmp dir root location: 
 /tmp
[2023-05-30T11:31:15.282+0000] {subprocess.py:75} INFO - Running command: ['/bin/bash', '-c', 'echo hey, I am task3 and will be running after task1 at the same time as task2!']
[2023-05-30T11:31:15.339+0000] {subprocess.py:86} INFO - Output:
[2023-05-30T11:31:15.362+0000] {subprocess.py:93} INFO - hey, I am task3 and will be running after task1 at the same time as task2!
[2023-05-30T11:31:15.375+0000] {subprocess.py:97} INFO - Command exited with return code 0
[2023-05-30T11:31:15.467+0000] {taskinstance.py:1327} INFO - Marking task as SUCCESS. dag_id=our_first_dag_v5, task_id=thrid_task, execution_date=20220131T000000, start_date=20230530T113114, end_date=20230530T113115
[2023-05-30T11:31:15.543+0000] {local_task_job.py:159} INFO - Task exited with return code 0
[2023-05-30T11:31:15.632+0000] {taskinstance.py:2582} INFO - 0 downstream tasks scheduled from follow-on schedule check
[2023-06-07T06:38:24.683+0000] {taskinstance.py:1087} INFO - Dependencies all met for <TaskInstance: our_first_dag_v5.thrid_task scheduled__2022-01-31T00:00:00+00:00 [queued]>
[2023-06-07T06:38:24.818+0000] {taskinstance.py:1087} INFO - Dependencies all met for <TaskInstance: our_first_dag_v5.thrid_task scheduled__2022-01-31T00:00:00+00:00 [queued]>
[2023-06-07T06:38:24.819+0000] {taskinstance.py:1283} INFO - 
--------------------------------------------------------------------------------
[2023-06-07T06:38:24.822+0000] {taskinstance.py:1284} INFO - Starting attempt 1 of 6
[2023-06-07T06:38:24.825+0000] {taskinstance.py:1285} INFO - 
--------------------------------------------------------------------------------
[2023-06-07T06:38:24.952+0000] {taskinstance.py:1304} INFO - Executing <Task(BashOperator): thrid_task> on 2022-01-31 00:00:00+00:00
[2023-06-07T06:38:24.977+0000] {standard_task_runner.py:55} INFO - Started process 3512 to run task
[2023-06-07T06:38:24.996+0000] {standard_task_runner.py:82} INFO - Running: ['***', 'tasks', 'run', 'our_first_dag_v5', 'thrid_task', 'scheduled__2022-01-31T00:00:00+00:00', '--job-id', '2122', '--raw', '--subdir', 'DAGS_FOLDER/first_Dag.py', '--cfg-path', '/tmp/tmpp6mn9ggz']
[2023-06-07T06:38:25.021+0000] {standard_task_runner.py:83} INFO - Job 2122: Subtask thrid_task
[2023-06-07T06:38:25.480+0000] {task_command.py:389} INFO - Running <TaskInstance: our_first_dag_v5.thrid_task scheduled__2022-01-31T00:00:00+00:00 [running]> on host 026ed797f3b3
[2023-06-07T06:38:26.090+0000] {taskinstance.py:1513} INFO - Exporting the following env vars:
AIRFLOW_CTX_DAG_OWNER=coder2j
AIRFLOW_CTX_DAG_ID=our_first_dag_v5
AIRFLOW_CTX_TASK_ID=thrid_task
AIRFLOW_CTX_EXECUTION_DATE=2022-01-31T00:00:00+00:00
AIRFLOW_CTX_TRY_NUMBER=1
AIRFLOW_CTX_DAG_RUN_ID=scheduled__2022-01-31T00:00:00+00:00
[2023-06-07T06:38:26.094+0000] {subprocess.py:63} INFO - Tmp dir root location: 
 /tmp
[2023-06-07T06:38:26.103+0000] {subprocess.py:75} INFO - Running command: ['/bin/bash', '-c', 'echo hey, I am task3 and will be running after task1 at the same time as task2!']
[2023-06-07T06:38:26.254+0000] {subprocess.py:86} INFO - Output:
[2023-06-07T06:38:26.268+0000] {subprocess.py:93} INFO - hey, I am task3 and will be running after task1 at the same time as task2!
[2023-06-07T06:38:26.273+0000] {subprocess.py:97} INFO - Command exited with return code 0
[2023-06-07T06:38:26.400+0000] {taskinstance.py:1327} INFO - Marking task as SUCCESS. dag_id=our_first_dag_v5, task_id=thrid_task, execution_date=20220131T000000, start_date=20230607T063824, end_date=20230607T063826
[2023-06-07T06:38:26.529+0000] {local_task_job.py:159} INFO - Task exited with return code 0
[2023-06-07T06:38:26.722+0000] {taskinstance.py:2582} INFO - 0 downstream tasks scheduled from follow-on schedule check
