[2023-05-30T12:33:37.395+0000] {taskinstance.py:1087} INFO - Dependencies all met for <TaskInstance: our_dag_with_python_operator_v07.get_name scheduled__2022-04-21T00:00:00+00:00 [queued]>
[2023-05-30T12:33:37.438+0000] {taskinstance.py:1087} INFO - Dependencies all met for <TaskInstance: our_dag_with_python_operator_v07.get_name scheduled__2022-04-21T00:00:00+00:00 [queued]>
[2023-05-30T12:33:37.440+0000] {taskinstance.py:1283} INFO - 
--------------------------------------------------------------------------------
[2023-05-30T12:33:37.441+0000] {taskinstance.py:1284} INFO - Starting attempt 1 of 6
[2023-05-30T12:33:37.443+0000] {taskinstance.py:1285} INFO - 
--------------------------------------------------------------------------------
[2023-05-30T12:33:37.507+0000] {taskinstance.py:1304} INFO - Executing <Task(PythonOperator): get_name> on 2022-04-21 00:00:00+00:00
[2023-05-30T12:33:37.519+0000] {standard_task_runner.py:55} INFO - Started process 10539 to run task
[2023-05-30T12:33:37.548+0000] {standard_task_runner.py:82} INFO - Running: ['***', 'tasks', 'run', 'our_dag_with_python_operator_v07', 'get_name', 'scheduled__2022-04-21T00:00:00+00:00', '--job-id', '1707', '--raw', '--subdir', 'DAGS_FOLDER/dag_python_opr.py', '--cfg-path', '/tmp/tmpomtu5eu_']
[2023-05-30T12:33:37.550+0000] {standard_task_runner.py:83} INFO - Job 1707: Subtask get_name
[2023-05-30T12:33:37.780+0000] {task_command.py:389} INFO - Running <TaskInstance: our_dag_with_python_operator_v07.get_name scheduled__2022-04-21T00:00:00+00:00 [running]> on host 49219f98c96e
[2023-05-30T12:33:38.105+0000] {taskinstance.py:1513} INFO - Exporting the following env vars:
AIRFLOW_CTX_DAG_OWNER=coder2j
AIRFLOW_CTX_DAG_ID=our_dag_with_python_operator_v07
AIRFLOW_CTX_TASK_ID=get_name
AIRFLOW_CTX_EXECUTION_DATE=2022-04-21T00:00:00+00:00
AIRFLOW_CTX_TRY_NUMBER=1
AIRFLOW_CTX_DAG_RUN_ID=scheduled__2022-04-21T00:00:00+00:00
[2023-05-30T12:33:38.213+0000] {python.py:177} INFO - Done. Returned value was: None
[2023-05-30T12:33:38.268+0000] {taskinstance.py:1327} INFO - Marking task as SUCCESS. dag_id=our_dag_with_python_operator_v07, task_id=get_name, execution_date=20220421T000000, start_date=20230530T123337, end_date=20230530T123338
[2023-05-30T12:33:38.366+0000] {local_task_job.py:159} INFO - Task exited with return code 0
[2023-05-30T12:33:38.609+0000] {taskinstance.py:2582} INFO - 1 downstream tasks scheduled from follow-on schedule check
[2023-06-07T06:38:31.127+0000] {taskinstance.py:1087} INFO - Dependencies all met for <TaskInstance: our_dag_with_python_operator_v07.get_name scheduled__2022-04-21T00:00:00+00:00 [queued]>
[2023-06-07T06:38:31.260+0000] {taskinstance.py:1087} INFO - Dependencies all met for <TaskInstance: our_dag_with_python_operator_v07.get_name scheduled__2022-04-21T00:00:00+00:00 [queued]>
[2023-06-07T06:38:31.262+0000] {taskinstance.py:1283} INFO - 
--------------------------------------------------------------------------------
[2023-06-07T06:38:31.264+0000] {taskinstance.py:1284} INFO - Starting attempt 1 of 6
[2023-06-07T06:38:31.269+0000] {taskinstance.py:1285} INFO - 
--------------------------------------------------------------------------------
[2023-06-07T06:38:31.440+0000] {taskinstance.py:1304} INFO - Executing <Task(PythonOperator): get_name> on 2022-04-21 00:00:00+00:00
[2023-06-07T06:38:31.463+0000] {standard_task_runner.py:55} INFO - Started process 3571 to run task
[2023-06-07T06:38:31.489+0000] {standard_task_runner.py:82} INFO - Running: ['***', 'tasks', 'run', 'our_dag_with_python_operator_v07', 'get_name', 'scheduled__2022-04-21T00:00:00+00:00', '--job-id', '2140', '--raw', '--subdir', 'DAGS_FOLDER/dag_python_opr.py', '--cfg-path', '/tmp/tmpald5vncq']
[2023-06-07T06:38:31.493+0000] {standard_task_runner.py:83} INFO - Job 2140: Subtask get_name
[2023-06-07T06:38:31.812+0000] {task_command.py:389} INFO - Running <TaskInstance: our_dag_with_python_operator_v07.get_name scheduled__2022-04-21T00:00:00+00:00 [running]> on host 026ed797f3b3
[2023-06-07T06:38:32.218+0000] {taskinstance.py:1513} INFO - Exporting the following env vars:
AIRFLOW_CTX_DAG_OWNER=coder2j
AIRFLOW_CTX_DAG_ID=our_dag_with_python_operator_v07
AIRFLOW_CTX_TASK_ID=get_name
AIRFLOW_CTX_EXECUTION_DATE=2022-04-21T00:00:00+00:00
AIRFLOW_CTX_TRY_NUMBER=1
AIRFLOW_CTX_DAG_RUN_ID=scheduled__2022-04-21T00:00:00+00:00
[2023-06-07T06:38:32.326+0000] {python.py:177} INFO - Done. Returned value was: None
[2023-06-07T06:38:32.370+0000] {taskinstance.py:1327} INFO - Marking task as SUCCESS. dag_id=our_dag_with_python_operator_v07, task_id=get_name, execution_date=20220421T000000, start_date=20230607T063831, end_date=20230607T063832
[2023-06-07T06:38:32.499+0000] {local_task_job.py:159} INFO - Task exited with return code 0
[2023-06-07T06:38:32.655+0000] {taskinstance.py:2582} INFO - 0 downstream tasks scheduled from follow-on schedule check
