[2023-05-30T11:31:57.014+0000] {taskinstance.py:1087} INFO - Dependencies all met for <TaskInstance: our_first_dag_v5.thrid_task scheduled__2022-03-08T00:00:00+00:00 [queued]>
[2023-05-30T11:31:57.056+0000] {taskinstance.py:1087} INFO - Dependencies all met for <TaskInstance: our_first_dag_v5.thrid_task scheduled__2022-03-08T00:00:00+00:00 [queued]>
[2023-05-30T11:31:57.063+0000] {taskinstance.py:1283} INFO - 
--------------------------------------------------------------------------------
[2023-05-30T11:31:57.066+0000] {taskinstance.py:1284} INFO - Starting attempt 1 of 6
[2023-05-30T11:31:57.067+0000] {taskinstance.py:1285} INFO - 
--------------------------------------------------------------------------------
[2023-05-30T11:31:57.124+0000] {taskinstance.py:1304} INFO - Executing <Task(BashOperator): thrid_task> on 2022-03-08 00:00:00+00:00
[2023-05-30T11:31:57.148+0000] {standard_task_runner.py:55} INFO - Started process 3914 to run task
[2023-05-30T11:31:57.179+0000] {standard_task_runner.py:82} INFO - Running: ['***', 'tasks', 'run', 'our_first_dag_v5', 'thrid_task', 'scheduled__2022-03-08T00:00:00+00:00', '--job-id', '676', '--raw', '--subdir', 'DAGS_FOLDER/first_Dag.py', '--cfg-path', '/tmp/tmp8_o6byux']
[2023-05-30T11:31:57.186+0000] {standard_task_runner.py:83} INFO - Job 676: Subtask thrid_task
[2023-05-30T11:31:57.373+0000] {task_command.py:389} INFO - Running <TaskInstance: our_first_dag_v5.thrid_task scheduled__2022-03-08T00:00:00+00:00 [running]> on host 49219f98c96e
[2023-05-30T11:31:57.773+0000] {taskinstance.py:1513} INFO - Exporting the following env vars:
AIRFLOW_CTX_DAG_OWNER=coder2j
AIRFLOW_CTX_DAG_ID=our_first_dag_v5
AIRFLOW_CTX_TASK_ID=thrid_task
AIRFLOW_CTX_EXECUTION_DATE=2022-03-08T00:00:00+00:00
AIRFLOW_CTX_TRY_NUMBER=1
AIRFLOW_CTX_DAG_RUN_ID=scheduled__2022-03-08T00:00:00+00:00
[2023-05-30T11:31:57.778+0000] {subprocess.py:63} INFO - Tmp dir root location: 
 /tmp
[2023-05-30T11:31:57.787+0000] {subprocess.py:75} INFO - Running command: ['/bin/bash', '-c', 'echo hey, I am task3 and will be running after task1 at the same time as task2!']
[2023-05-30T11:31:57.865+0000] {subprocess.py:86} INFO - Output:
[2023-05-30T11:31:57.882+0000] {subprocess.py:93} INFO - hey, I am task3 and will be running after task1 at the same time as task2!
[2023-05-30T11:31:57.885+0000] {subprocess.py:97} INFO - Command exited with return code 0
[2023-05-30T11:31:57.990+0000] {taskinstance.py:1327} INFO - Marking task as SUCCESS. dag_id=our_first_dag_v5, task_id=thrid_task, execution_date=20220308T000000, start_date=20230530T113157, end_date=20230530T113157
[2023-05-30T11:31:58.123+0000] {local_task_job.py:159} INFO - Task exited with return code 0
[2023-05-30T11:31:58.319+0000] {taskinstance.py:2582} INFO - 0 downstream tasks scheduled from follow-on schedule check
[2023-06-07T06:40:07.926+0000] {taskinstance.py:1087} INFO - Dependencies all met for <TaskInstance: our_first_dag_v5.thrid_task scheduled__2022-03-08T00:00:00+00:00 [queued]>
[2023-06-07T06:40:08.027+0000] {taskinstance.py:1087} INFO - Dependencies all met for <TaskInstance: our_first_dag_v5.thrid_task scheduled__2022-03-08T00:00:00+00:00 [queued]>
[2023-06-07T06:40:08.031+0000] {taskinstance.py:1283} INFO - 
--------------------------------------------------------------------------------
[2023-06-07T06:40:08.034+0000] {taskinstance.py:1284} INFO - Starting attempt 1 of 6
[2023-06-07T06:40:08.036+0000] {taskinstance.py:1285} INFO - 
--------------------------------------------------------------------------------
[2023-06-07T06:40:08.192+0000] {taskinstance.py:1304} INFO - Executing <Task(BashOperator): thrid_task> on 2022-03-08 00:00:00+00:00
[2023-06-07T06:40:08.211+0000] {standard_task_runner.py:55} INFO - Started process 4166 to run task
[2023-06-07T06:40:08.258+0000] {standard_task_runner.py:82} INFO - Running: ['***', 'tasks', 'run', 'our_first_dag_v5', 'thrid_task', 'scheduled__2022-03-08T00:00:00+00:00', '--job-id', '2352', '--raw', '--subdir', 'DAGS_FOLDER/first_Dag.py', '--cfg-path', '/tmp/tmpx0yr_7mu']
[2023-06-07T06:40:08.266+0000] {standard_task_runner.py:83} INFO - Job 2352: Subtask thrid_task
[2023-06-07T06:40:09.118+0000] {task_command.py:389} INFO - Running <TaskInstance: our_first_dag_v5.thrid_task scheduled__2022-03-08T00:00:00+00:00 [running]> on host 026ed797f3b3
[2023-06-07T06:40:09.963+0000] {taskinstance.py:1513} INFO - Exporting the following env vars:
AIRFLOW_CTX_DAG_OWNER=coder2j
AIRFLOW_CTX_DAG_ID=our_first_dag_v5
AIRFLOW_CTX_TASK_ID=thrid_task
AIRFLOW_CTX_EXECUTION_DATE=2022-03-08T00:00:00+00:00
AIRFLOW_CTX_TRY_NUMBER=1
AIRFLOW_CTX_DAG_RUN_ID=scheduled__2022-03-08T00:00:00+00:00
[2023-06-07T06:40:09.969+0000] {subprocess.py:63} INFO - Tmp dir root location: 
 /tmp
[2023-06-07T06:40:09.972+0000] {subprocess.py:75} INFO - Running command: ['/bin/bash', '-c', 'echo hey, I am task3 and will be running after task1 at the same time as task2!']
[2023-06-07T06:40:10.140+0000] {subprocess.py:86} INFO - Output:
[2023-06-07T06:40:10.172+0000] {subprocess.py:93} INFO - hey, I am task3 and will be running after task1 at the same time as task2!
[2023-06-07T06:40:10.179+0000] {subprocess.py:97} INFO - Command exited with return code 0
[2023-06-07T06:40:10.402+0000] {taskinstance.py:1327} INFO - Marking task as SUCCESS. dag_id=our_first_dag_v5, task_id=thrid_task, execution_date=20220308T000000, start_date=20230607T064007, end_date=20230607T064010
[2023-06-07T06:40:10.608+0000] {local_task_job.py:159} INFO - Task exited with return code 0
[2023-06-07T06:40:10.770+0000] {taskinstance.py:2582} INFO - 0 downstream tasks scheduled from follow-on schedule check
