[2023-05-30T12:33:48.818+0000] {taskinstance.py:1087} INFO - Dependencies all met for <TaskInstance: our_dag_with_python_operator_v07.get_age scheduled__2022-05-02T00:00:00+00:00 [queued]>
[2023-05-30T12:33:48.844+0000] {taskinstance.py:1087} INFO - Dependencies all met for <TaskInstance: our_dag_with_python_operator_v07.get_age scheduled__2022-05-02T00:00:00+00:00 [queued]>
[2023-05-30T12:33:48.847+0000] {taskinstance.py:1283} INFO - 
--------------------------------------------------------------------------------
[2023-05-30T12:33:48.849+0000] {taskinstance.py:1284} INFO - Starting attempt 1 of 6
[2023-05-30T12:33:48.851+0000] {taskinstance.py:1285} INFO - 
--------------------------------------------------------------------------------
[2023-05-30T12:33:48.888+0000] {taskinstance.py:1304} INFO - Executing <Task(PythonOperator): get_age> on 2022-05-02 00:00:00+00:00
[2023-05-30T12:33:48.902+0000] {standard_task_runner.py:55} INFO - Started process 10618 to run task
[2023-05-30T12:33:48.920+0000] {standard_task_runner.py:82} INFO - Running: ['***', 'tasks', 'run', 'our_dag_with_python_operator_v07', 'get_age', 'scheduled__2022-05-02T00:00:00+00:00', '--job-id', '1740', '--raw', '--subdir', 'DAGS_FOLDER/dag_python_opr.py', '--cfg-path', '/tmp/tmpurs8xp7y']
[2023-05-30T12:33:48.922+0000] {standard_task_runner.py:83} INFO - Job 1740: Subtask get_age
[2023-05-30T12:33:49.124+0000] {task_command.py:389} INFO - Running <TaskInstance: our_dag_with_python_operator_v07.get_age scheduled__2022-05-02T00:00:00+00:00 [running]> on host 49219f98c96e
[2023-05-30T12:33:49.378+0000] {taskinstance.py:1513} INFO - Exporting the following env vars:
AIRFLOW_CTX_DAG_OWNER=coder2j
AIRFLOW_CTX_DAG_ID=our_dag_with_python_operator_v07
AIRFLOW_CTX_TASK_ID=get_age
AIRFLOW_CTX_EXECUTION_DATE=2022-05-02T00:00:00+00:00
AIRFLOW_CTX_TRY_NUMBER=1
AIRFLOW_CTX_DAG_RUN_ID=scheduled__2022-05-02T00:00:00+00:00
[2023-05-30T12:33:49.426+0000] {python.py:177} INFO - Done. Returned value was: None
[2023-05-30T12:33:49.453+0000] {taskinstance.py:1327} INFO - Marking task as SUCCESS. dag_id=our_dag_with_python_operator_v07, task_id=get_age, execution_date=20220502T000000, start_date=20230530T123348, end_date=20230530T123349
[2023-05-30T12:33:49.529+0000] {local_task_job.py:159} INFO - Task exited with return code 0
[2023-05-30T12:33:49.603+0000] {taskinstance.py:2582} INFO - 0 downstream tasks scheduled from follow-on schedule check
[2023-06-07T06:38:59.745+0000] {taskinstance.py:1087} INFO - Dependencies all met for <TaskInstance: our_dag_with_python_operator_v07.get_age scheduled__2022-05-02T00:00:00+00:00 [queued]>
[2023-06-07T06:38:59.857+0000] {taskinstance.py:1087} INFO - Dependencies all met for <TaskInstance: our_dag_with_python_operator_v07.get_age scheduled__2022-05-02T00:00:00+00:00 [queued]>
[2023-06-07T06:38:59.859+0000] {taskinstance.py:1283} INFO - 
--------------------------------------------------------------------------------
[2023-06-07T06:38:59.863+0000] {taskinstance.py:1284} INFO - Starting attempt 1 of 6
[2023-06-07T06:38:59.866+0000] {taskinstance.py:1285} INFO - 
--------------------------------------------------------------------------------
[2023-06-07T06:39:00.046+0000] {taskinstance.py:1304} INFO - Executing <Task(PythonOperator): get_age> on 2022-05-02 00:00:00+00:00
[2023-06-07T06:39:00.176+0000] {standard_task_runner.py:55} INFO - Started process 3766 to run task
[2023-06-07T06:39:00.224+0000] {standard_task_runner.py:82} INFO - Running: ['***', 'tasks', 'run', 'our_dag_with_python_operator_v07', 'get_age', 'scheduled__2022-05-02T00:00:00+00:00', '--job-id', '2210', '--raw', '--subdir', 'DAGS_FOLDER/dag_python_opr.py', '--cfg-path', '/tmp/tmpj9wkjdkc']
[2023-06-07T06:39:00.229+0000] {standard_task_runner.py:83} INFO - Job 2210: Subtask get_age
[2023-06-07T06:39:01.082+0000] {task_command.py:389} INFO - Running <TaskInstance: our_dag_with_python_operator_v07.get_age scheduled__2022-05-02T00:00:00+00:00 [running]> on host 026ed797f3b3
[2023-06-07T06:39:02.015+0000] {taskinstance.py:1513} INFO - Exporting the following env vars:
AIRFLOW_CTX_DAG_OWNER=coder2j
AIRFLOW_CTX_DAG_ID=our_dag_with_python_operator_v07
AIRFLOW_CTX_TASK_ID=get_age
AIRFLOW_CTX_EXECUTION_DATE=2022-05-02T00:00:00+00:00
AIRFLOW_CTX_TRY_NUMBER=1
AIRFLOW_CTX_DAG_RUN_ID=scheduled__2022-05-02T00:00:00+00:00
[2023-06-07T06:39:02.121+0000] {python.py:177} INFO - Done. Returned value was: None
[2023-06-07T06:39:02.267+0000] {taskinstance.py:1327} INFO - Marking task as SUCCESS. dag_id=our_dag_with_python_operator_v07, task_id=get_age, execution_date=20220502T000000, start_date=20230607T063859, end_date=20230607T063902
[2023-06-07T06:39:02.525+0000] {local_task_job.py:159} INFO - Task exited with return code 0
[2023-06-07T06:39:03.068+0000] {taskinstance.py:2582} INFO - 0 downstream tasks scheduled from follow-on schedule check
