[2023-05-30T11:37:38.198+0000] {taskinstance.py:1087} INFO - Dependencies all met for <TaskInstance: our_dag_with_python_operator_v07.greet scheduled__2021-12-16T00:00:00+00:00 [queued]>
[2023-05-30T11:37:38.296+0000] {taskinstance.py:1087} INFO - Dependencies all met for <TaskInstance: our_dag_with_python_operator_v07.greet scheduled__2021-12-16T00:00:00+00:00 [queued]>
[2023-05-30T11:37:38.302+0000] {taskinstance.py:1283} INFO - 
--------------------------------------------------------------------------------
[2023-05-30T11:37:38.307+0000] {taskinstance.py:1284} INFO - Starting attempt 1 of 6
[2023-05-30T11:37:38.312+0000] {taskinstance.py:1285} INFO - 
--------------------------------------------------------------------------------
[2023-05-30T11:37:38.511+0000] {taskinstance.py:1304} INFO - Executing <Task(PythonOperator): greet> on 2021-12-16 00:00:00+00:00
[2023-05-30T11:37:38.551+0000] {standard_task_runner.py:55} INFO - Started process 6016 to run task
[2023-05-30T11:37:38.561+0000] {standard_task_runner.py:82} INFO - Running: ['***', 'tasks', 'run', 'our_dag_with_python_operator_v07', 'greet', 'scheduled__2021-12-16T00:00:00+00:00', '--job-id', '1338', '--raw', '--subdir', 'DAGS_FOLDER/dag_python_opr.py', '--cfg-path', '/tmp/tmpimvi3lct']
[2023-05-30T11:37:38.565+0000] {standard_task_runner.py:83} INFO - Job 1338: Subtask greet
[2023-05-30T11:37:38.908+0000] {task_command.py:389} INFO - Running <TaskInstance: our_dag_with_python_operator_v07.greet scheduled__2021-12-16T00:00:00+00:00 [running]> on host 49219f98c96e
[2023-05-30T11:37:39.206+0000] {taskinstance.py:1513} INFO - Exporting the following env vars:
AIRFLOW_CTX_DAG_OWNER=coder2j
AIRFLOW_CTX_DAG_ID=our_dag_with_python_operator_v07
AIRFLOW_CTX_TASK_ID=greet
AIRFLOW_CTX_EXECUTION_DATE=2021-12-16T00:00:00+00:00
AIRFLOW_CTX_TRY_NUMBER=1
AIRFLOW_CTX_DAG_RUN_ID=scheduled__2021-12-16T00:00:00+00:00
[2023-05-30T11:37:39.209+0000] {logging_mixin.py:137} INFO - some dict:  {'a': 1, 'b': 2}
[2023-05-30T11:37:39.300+0000] {logging_mixin.py:137} INFO - Hello World! My name is Jerry Fridman, and I am 19 years old!
[2023-05-30T11:37:39.302+0000] {python.py:177} INFO - Done. Returned value was: None
[2023-05-30T11:37:39.336+0000] {taskinstance.py:1327} INFO - Marking task as SUCCESS. dag_id=our_dag_with_python_operator_v07, task_id=greet, execution_date=20211216T000000, start_date=20230530T113738, end_date=20230530T113739
[2023-05-30T11:37:39.411+0000] {local_task_job.py:159} INFO - Task exited with return code 0
[2023-05-30T11:37:39.461+0000] {taskinstance.py:2582} INFO - 0 downstream tasks scheduled from follow-on schedule check
[2023-06-07T06:33:18.198+0000] {taskinstance.py:1087} INFO - Dependencies all met for <TaskInstance: our_dag_with_python_operator_v07.greet scheduled__2021-12-16T00:00:00+00:00 [queued]>
[2023-06-07T06:33:18.280+0000] {taskinstance.py:1087} INFO - Dependencies all met for <TaskInstance: our_dag_with_python_operator_v07.greet scheduled__2021-12-16T00:00:00+00:00 [queued]>
[2023-06-07T06:33:18.281+0000] {taskinstance.py:1283} INFO - 
--------------------------------------------------------------------------------
[2023-06-07T06:33:18.284+0000] {taskinstance.py:1284} INFO - Starting attempt 1 of 6
[2023-06-07T06:33:18.286+0000] {taskinstance.py:1285} INFO - 
--------------------------------------------------------------------------------
[2023-06-07T06:33:18.579+0000] {taskinstance.py:1304} INFO - Executing <Task(PythonOperator): greet> on 2021-12-16 00:00:00+00:00
[2023-06-07T06:33:18.592+0000] {standard_task_runner.py:55} INFO - Started process 1522 to run task
[2023-06-07T06:33:18.662+0000] {standard_task_runner.py:82} INFO - Running: ['***', 'tasks', 'run', 'our_dag_with_python_operator_v07', 'greet', 'scheduled__2021-12-16T00:00:00+00:00', '--job-id', '1405', '--raw', '--subdir', 'DAGS_FOLDER/dag_python_opr.py', '--cfg-path', '/tmp/tmpxbr4a5zi']
[2023-06-07T06:33:18.683+0000] {standard_task_runner.py:83} INFO - Job 1405: Subtask greet
[2023-06-07T06:33:19.137+0000] {task_command.py:389} INFO - Running <TaskInstance: our_dag_with_python_operator_v07.greet scheduled__2021-12-16T00:00:00+00:00 [running]> on host 026ed797f3b3
[2023-06-07T06:33:19.825+0000] {taskinstance.py:1513} INFO - Exporting the following env vars:
AIRFLOW_CTX_DAG_OWNER=coder2j
AIRFLOW_CTX_DAG_ID=our_dag_with_python_operator_v07
AIRFLOW_CTX_TASK_ID=greet
AIRFLOW_CTX_EXECUTION_DATE=2021-12-16T00:00:00+00:00
AIRFLOW_CTX_TRY_NUMBER=1
AIRFLOW_CTX_DAG_RUN_ID=scheduled__2021-12-16T00:00:00+00:00
[2023-06-07T06:33:19.833+0000] {logging_mixin.py:137} INFO - some dict:  {'a': 1, 'b': 2}
[2023-06-07T06:33:20.000+0000] {logging_mixin.py:137} INFO - Hello World! My name is Jerry Fridman, and I am 19 years old!
[2023-06-07T06:33:20.007+0000] {python.py:177} INFO - Done. Returned value was: None
[2023-06-07T06:33:20.061+0000] {taskinstance.py:1327} INFO - Marking task as SUCCESS. dag_id=our_dag_with_python_operator_v07, task_id=greet, execution_date=20211216T000000, start_date=20230607T063318, end_date=20230607T063320
[2023-06-07T06:33:20.235+0000] {local_task_job.py:159} INFO - Task exited with return code 0
[2023-06-07T06:33:20.397+0000] {taskinstance.py:2582} INFO - 0 downstream tasks scheduled from follow-on schedule check
