[2023-05-30T11:28:03.817+0000] {taskinstance.py:1087} INFO - Dependencies all met for <TaskInstance: our_first_dag_v5.first_task scheduled__2021-08-09T00:00:00+00:00 [queued]>
[2023-05-30T11:28:03.860+0000] {taskinstance.py:1087} INFO - Dependencies all met for <TaskInstance: our_first_dag_v5.first_task scheduled__2021-08-09T00:00:00+00:00 [queued]>
[2023-05-30T11:28:03.861+0000] {taskinstance.py:1283} INFO - 
--------------------------------------------------------------------------------
[2023-05-30T11:28:03.863+0000] {taskinstance.py:1284} INFO - Starting attempt 1 of 6
[2023-05-30T11:28:03.865+0000] {taskinstance.py:1285} INFO - 
--------------------------------------------------------------------------------
[2023-05-30T11:28:03.910+0000] {taskinstance.py:1304} INFO - Executing <Task(BashOperator): first_task> on 2021-08-09 00:00:00+00:00
[2023-05-30T11:28:03.923+0000] {standard_task_runner.py:55} INFO - Started process 1743 to run task
[2023-05-30T11:28:03.950+0000] {standard_task_runner.py:82} INFO - Running: ['***', 'tasks', 'run', 'our_first_dag_v5', 'first_task', 'scheduled__2021-08-09T00:00:00+00:00', '--job-id', '27', '--raw', '--subdir', 'DAGS_FOLDER/first_Dag.py', '--cfg-path', '/tmp/tmp2kl3shpr']
[2023-05-30T11:28:03.956+0000] {standard_task_runner.py:83} INFO - Job 27: Subtask first_task
[2023-05-30T11:28:04.249+0000] {task_command.py:389} INFO - Running <TaskInstance: our_first_dag_v5.first_task scheduled__2021-08-09T00:00:00+00:00 [running]> on host 49219f98c96e
[2023-05-30T11:28:04.526+0000] {taskinstance.py:1513} INFO - Exporting the following env vars:
AIRFLOW_CTX_DAG_OWNER=coder2j
AIRFLOW_CTX_DAG_ID=our_first_dag_v5
AIRFLOW_CTX_TASK_ID=first_task
AIRFLOW_CTX_EXECUTION_DATE=2021-08-09T00:00:00+00:00
AIRFLOW_CTX_TRY_NUMBER=1
AIRFLOW_CTX_DAG_RUN_ID=scheduled__2021-08-09T00:00:00+00:00
[2023-05-30T11:28:04.531+0000] {subprocess.py:63} INFO - Tmp dir root location: 
 /tmp
[2023-05-30T11:28:04.534+0000] {subprocess.py:75} INFO - Running command: ['/bin/bash', '-c', 'echo hello world, this is the first task!']
[2023-05-30T11:28:04.577+0000] {subprocess.py:86} INFO - Output:
[2023-05-30T11:28:04.586+0000] {subprocess.py:93} INFO - hello world, this is the first task!
[2023-05-30T11:28:04.587+0000] {subprocess.py:97} INFO - Command exited with return code 0
[2023-05-30T11:28:04.691+0000] {taskinstance.py:1327} INFO - Marking task as SUCCESS. dag_id=our_first_dag_v5, task_id=first_task, execution_date=20210809T000000, start_date=20230530T112803, end_date=20230530T112804
[2023-05-30T11:28:04.772+0000] {local_task_job.py:159} INFO - Task exited with return code 0
[2023-05-30T11:28:04.837+0000] {taskinstance.py:2582} INFO - 2 downstream tasks scheduled from follow-on schedule check
[2023-06-07T06:30:58.489+0000] {taskinstance.py:1087} INFO - Dependencies all met for <TaskInstance: our_first_dag_v5.first_task scheduled__2021-08-09T00:00:00+00:00 [queued]>
[2023-06-07T06:30:58.599+0000] {taskinstance.py:1087} INFO - Dependencies all met for <TaskInstance: our_first_dag_v5.first_task scheduled__2021-08-09T00:00:00+00:00 [queued]>
[2023-06-07T06:30:58.601+0000] {taskinstance.py:1283} INFO - 
--------------------------------------------------------------------------------
[2023-06-07T06:30:58.608+0000] {taskinstance.py:1284} INFO - Starting attempt 1 of 6
[2023-06-07T06:30:58.624+0000] {taskinstance.py:1285} INFO - 
--------------------------------------------------------------------------------
[2023-06-07T06:30:58.741+0000] {taskinstance.py:1304} INFO - Executing <Task(BashOperator): first_task> on 2021-08-09 00:00:00+00:00
[2023-06-07T06:30:58.804+0000] {standard_task_runner.py:55} INFO - Started process 450 to run task
[2023-06-07T06:30:58.823+0000] {standard_task_runner.py:82} INFO - Running: ['***', 'tasks', 'run', 'our_first_dag_v5', 'first_task', 'scheduled__2021-08-09T00:00:00+00:00', '--job-id', '1015', '--raw', '--subdir', 'DAGS_FOLDER/first_Dag.py', '--cfg-path', '/tmp/tmpt71288ad']
[2023-06-07T06:30:58.829+0000] {standard_task_runner.py:83} INFO - Job 1015: Subtask first_task
[2023-06-07T06:30:59.492+0000] {task_command.py:389} INFO - Running <TaskInstance: our_first_dag_v5.first_task scheduled__2021-08-09T00:00:00+00:00 [running]> on host 026ed797f3b3
[2023-06-07T06:31:01.180+0000] {taskinstance.py:1513} INFO - Exporting the following env vars:
AIRFLOW_CTX_DAG_OWNER=coder2j
AIRFLOW_CTX_DAG_ID=our_first_dag_v5
AIRFLOW_CTX_TASK_ID=first_task
AIRFLOW_CTX_EXECUTION_DATE=2021-08-09T00:00:00+00:00
AIRFLOW_CTX_TRY_NUMBER=1
AIRFLOW_CTX_DAG_RUN_ID=scheduled__2021-08-09T00:00:00+00:00
[2023-06-07T06:31:01.195+0000] {subprocess.py:63} INFO - Tmp dir root location: 
 /tmp
[2023-06-07T06:31:01.204+0000] {subprocess.py:75} INFO - Running command: ['/bin/bash', '-c', 'echo hello world, this is the first task!']
[2023-06-07T06:31:01.296+0000] {subprocess.py:86} INFO - Output:
[2023-06-07T06:31:01.318+0000] {subprocess.py:93} INFO - hello world, this is the first task!
[2023-06-07T06:31:01.325+0000] {subprocess.py:97} INFO - Command exited with return code 0
[2023-06-07T06:31:01.499+0000] {taskinstance.py:1327} INFO - Marking task as SUCCESS. dag_id=our_first_dag_v5, task_id=first_task, execution_date=20210809T000000, start_date=20230607T063058, end_date=20230607T063101
[2023-06-07T06:31:01.681+0000] {local_task_job.py:159} INFO - Task exited with return code 0
[2023-06-07T06:31:02.010+0000] {taskinstance.py:2582} INFO - 2 downstream tasks scheduled from follow-on schedule check
