[2023-05-30T12:33:07.094+0000] {taskinstance.py:1087} INFO - Dependencies all met for <TaskInstance: our_dag_with_python_operator_v07.greet scheduled__2022-03-23T00:00:00+00:00 [queued]>
[2023-05-30T12:33:07.111+0000] {taskinstance.py:1087} INFO - Dependencies all met for <TaskInstance: our_dag_with_python_operator_v07.greet scheduled__2022-03-23T00:00:00+00:00 [queued]>
[2023-05-30T12:33:07.113+0000] {taskinstance.py:1283} INFO - 
--------------------------------------------------------------------------------
[2023-05-30T12:33:07.114+0000] {taskinstance.py:1284} INFO - Starting attempt 1 of 6
[2023-05-30T12:33:07.116+0000] {taskinstance.py:1285} INFO - 
--------------------------------------------------------------------------------
[2023-05-30T12:33:07.140+0000] {taskinstance.py:1304} INFO - Executing <Task(PythonOperator): greet> on 2022-03-23 00:00:00+00:00
[2023-05-30T12:33:07.150+0000] {standard_task_runner.py:55} INFO - Started process 10344 to run task
[2023-05-30T12:33:07.156+0000] {standard_task_runner.py:82} INFO - Running: ['***', 'tasks', 'run', 'our_dag_with_python_operator_v07', 'greet', 'scheduled__2022-03-23T00:00:00+00:00', '--job-id', '1625', '--raw', '--subdir', 'DAGS_FOLDER/dag_python_opr.py', '--cfg-path', '/tmp/tmp24rt24ic']
[2023-05-30T12:33:07.158+0000] {standard_task_runner.py:83} INFO - Job 1625: Subtask greet
[2023-05-30T12:33:07.263+0000] {task_command.py:389} INFO - Running <TaskInstance: our_dag_with_python_operator_v07.greet scheduled__2022-03-23T00:00:00+00:00 [running]> on host 49219f98c96e
[2023-05-30T12:33:07.367+0000] {taskinstance.py:1513} INFO - Exporting the following env vars:
AIRFLOW_CTX_DAG_OWNER=coder2j
AIRFLOW_CTX_DAG_ID=our_dag_with_python_operator_v07
AIRFLOW_CTX_TASK_ID=greet
AIRFLOW_CTX_EXECUTION_DATE=2022-03-23T00:00:00+00:00
AIRFLOW_CTX_TRY_NUMBER=1
AIRFLOW_CTX_DAG_RUN_ID=scheduled__2022-03-23T00:00:00+00:00
[2023-05-30T12:33:07.370+0000] {logging_mixin.py:137} INFO - some dict:  {'a': 1, 'b': 2}
[2023-05-30T12:33:07.409+0000] {logging_mixin.py:137} INFO - Hello World! My name is Jerry Fridman, and I am 19 years old!
[2023-05-30T12:33:07.410+0000] {python.py:177} INFO - Done. Returned value was: None
[2023-05-30T12:33:07.428+0000] {taskinstance.py:1327} INFO - Marking task as SUCCESS. dag_id=our_dag_with_python_operator_v07, task_id=greet, execution_date=20220323T000000, start_date=20230530T123307, end_date=20230530T123307
[2023-05-30T12:33:07.491+0000] {local_task_job.py:159} INFO - Task exited with return code 0
[2023-05-30T12:33:07.519+0000] {taskinstance.py:2582} INFO - 0 downstream tasks scheduled from follow-on schedule check
[2023-06-07T06:37:39.356+0000] {taskinstance.py:1087} INFO - Dependencies all met for <TaskInstance: our_dag_with_python_operator_v07.greet scheduled__2022-03-23T00:00:00+00:00 [queued]>
[2023-06-07T06:37:39.478+0000] {taskinstance.py:1087} INFO - Dependencies all met for <TaskInstance: our_dag_with_python_operator_v07.greet scheduled__2022-03-23T00:00:00+00:00 [queued]>
[2023-06-07T06:37:39.480+0000] {taskinstance.py:1283} INFO - 
--------------------------------------------------------------------------------
[2023-06-07T06:37:39.484+0000] {taskinstance.py:1284} INFO - Starting attempt 1 of 6
[2023-06-07T06:37:39.486+0000] {taskinstance.py:1285} INFO - 
--------------------------------------------------------------------------------
[2023-06-07T06:37:39.623+0000] {taskinstance.py:1304} INFO - Executing <Task(PythonOperator): greet> on 2022-03-23 00:00:00+00:00
[2023-06-07T06:37:39.723+0000] {standard_task_runner.py:55} INFO - Started process 3176 to run task
[2023-06-07T06:37:39.796+0000] {standard_task_runner.py:82} INFO - Running: ['***', 'tasks', 'run', 'our_dag_with_python_operator_v07', 'greet', 'scheduled__2022-03-23T00:00:00+00:00', '--job-id', '1999', '--raw', '--subdir', 'DAGS_FOLDER/dag_python_opr.py', '--cfg-path', '/tmp/tmp7ch4rp7x']
[2023-06-07T06:37:39.819+0000] {standard_task_runner.py:83} INFO - Job 1999: Subtask greet
[2023-06-07T06:37:40.190+0000] {task_command.py:389} INFO - Running <TaskInstance: our_dag_with_python_operator_v07.greet scheduled__2022-03-23T00:00:00+00:00 [running]> on host 026ed797f3b3
[2023-06-07T06:37:40.661+0000] {taskinstance.py:1513} INFO - Exporting the following env vars:
AIRFLOW_CTX_DAG_OWNER=coder2j
AIRFLOW_CTX_DAG_ID=our_dag_with_python_operator_v07
AIRFLOW_CTX_TASK_ID=greet
AIRFLOW_CTX_EXECUTION_DATE=2022-03-23T00:00:00+00:00
AIRFLOW_CTX_TRY_NUMBER=1
AIRFLOW_CTX_DAG_RUN_ID=scheduled__2022-03-23T00:00:00+00:00
[2023-06-07T06:37:40.669+0000] {logging_mixin.py:137} INFO - some dict:  {'a': 1, 'b': 2}
[2023-06-07T06:37:40.789+0000] {logging_mixin.py:137} INFO - Hello World! My name is Jerry Fridman, and I am 19 years old!
[2023-06-07T06:37:40.793+0000] {python.py:177} INFO - Done. Returned value was: None
[2023-06-07T06:37:40.813+0000] {taskinstance.py:1327} INFO - Marking task as SUCCESS. dag_id=our_dag_with_python_operator_v07, task_id=greet, execution_date=20220323T000000, start_date=20230607T063739, end_date=20230607T063740
[2023-06-07T06:37:40.915+0000] {local_task_job.py:159} INFO - Task exited with return code 0
[2023-06-07T06:37:41.283+0000] {taskinstance.py:2582} INFO - 0 downstream tasks scheduled from follow-on schedule check
