[2023-05-30T11:29:03.550+0000] {taskinstance.py:1087} INFO - Dependencies all met for <TaskInstance: our_first_dag_v5.thrid_task scheduled__2021-09-30T00:00:00+00:00 [queued]>
[2023-05-30T11:29:03.588+0000] {taskinstance.py:1087} INFO - Dependencies all met for <TaskInstance: our_first_dag_v5.thrid_task scheduled__2021-09-30T00:00:00+00:00 [queued]>
[2023-05-30T11:29:03.590+0000] {taskinstance.py:1283} INFO - 
--------------------------------------------------------------------------------
[2023-05-30T11:29:03.604+0000] {taskinstance.py:1284} INFO - Starting attempt 1 of 6
[2023-05-30T11:29:03.605+0000] {taskinstance.py:1285} INFO - 
--------------------------------------------------------------------------------
[2023-05-30T11:29:03.632+0000] {taskinstance.py:1304} INFO - Executing <Task(BashOperator): thrid_task> on 2021-09-30 00:00:00+00:00
[2023-05-30T11:29:03.642+0000] {standard_task_runner.py:55} INFO - Started process 2312 to run task
[2023-05-30T11:29:03.657+0000] {standard_task_runner.py:82} INFO - Running: ['***', 'tasks', 'run', 'our_first_dag_v5', 'thrid_task', 'scheduled__2021-09-30T00:00:00+00:00', '--job-id', '199', '--raw', '--subdir', 'DAGS_FOLDER/first_Dag.py', '--cfg-path', '/tmp/tmpaiqvgtm2']
[2023-05-30T11:29:03.667+0000] {standard_task_runner.py:83} INFO - Job 199: Subtask thrid_task
[2023-05-30T11:29:03.912+0000] {task_command.py:389} INFO - Running <TaskInstance: our_first_dag_v5.thrid_task scheduled__2021-09-30T00:00:00+00:00 [running]> on host 49219f98c96e
[2023-05-30T11:29:04.226+0000] {taskinstance.py:1513} INFO - Exporting the following env vars:
AIRFLOW_CTX_DAG_OWNER=coder2j
AIRFLOW_CTX_DAG_ID=our_first_dag_v5
AIRFLOW_CTX_TASK_ID=thrid_task
AIRFLOW_CTX_EXECUTION_DATE=2021-09-30T00:00:00+00:00
AIRFLOW_CTX_TRY_NUMBER=1
AIRFLOW_CTX_DAG_RUN_ID=scheduled__2021-09-30T00:00:00+00:00
[2023-05-30T11:29:04.233+0000] {subprocess.py:63} INFO - Tmp dir root location: 
 /tmp
[2023-05-30T11:29:04.236+0000] {subprocess.py:75} INFO - Running command: ['/bin/bash', '-c', 'echo hey, I am task3 and will be running after task1 at the same time as task2!']
[2023-05-30T11:29:04.288+0000] {subprocess.py:86} INFO - Output:
[2023-05-30T11:29:04.292+0000] {subprocess.py:93} INFO - hey, I am task3 and will be running after task1 at the same time as task2!
[2023-05-30T11:29:04.294+0000] {subprocess.py:97} INFO - Command exited with return code 0
[2023-05-30T11:29:04.359+0000] {taskinstance.py:1327} INFO - Marking task as SUCCESS. dag_id=our_first_dag_v5, task_id=thrid_task, execution_date=20210930T000000, start_date=20230530T112903, end_date=20230530T112904
[2023-05-30T11:29:04.418+0000] {local_task_job.py:159} INFO - Task exited with return code 0
[2023-05-30T11:29:04.455+0000] {taskinstance.py:2582} INFO - 0 downstream tasks scheduled from follow-on schedule check
