[2023-05-30T11:28:56.294+0000] {taskinstance.py:1087} INFO - Dependencies all met for <TaskInstance: our_first_dag_v5.first_task scheduled__2021-09-26T00:00:00+00:00 [queued]>
[2023-05-30T11:28:56.329+0000] {taskinstance.py:1087} INFO - Dependencies all met for <TaskInstance: our_first_dag_v5.first_task scheduled__2021-09-26T00:00:00+00:00 [queued]>
[2023-05-30T11:28:56.332+0000] {taskinstance.py:1283} INFO - 
--------------------------------------------------------------------------------
[2023-05-30T11:28:56.334+0000] {taskinstance.py:1284} INFO - Starting attempt 1 of 6
[2023-05-30T11:28:56.335+0000] {taskinstance.py:1285} INFO - 
--------------------------------------------------------------------------------
[2023-05-30T11:28:56.403+0000] {taskinstance.py:1304} INFO - Executing <Task(BashOperator): first_task> on 2021-09-26 00:00:00+00:00
[2023-05-30T11:28:56.429+0000] {standard_task_runner.py:55} INFO - Started process 2232 to run task
[2023-05-30T11:28:56.450+0000] {standard_task_runner.py:82} INFO - Running: ['***', 'tasks', 'run', 'our_first_dag_v5', 'first_task', 'scheduled__2021-09-26T00:00:00+00:00', '--job-id', '174', '--raw', '--subdir', 'DAGS_FOLDER/first_Dag.py', '--cfg-path', '/tmp/tmp5rhmv0jg']
[2023-05-30T11:28:56.452+0000] {standard_task_runner.py:83} INFO - Job 174: Subtask first_task
[2023-05-30T11:28:56.715+0000] {task_command.py:389} INFO - Running <TaskInstance: our_first_dag_v5.first_task scheduled__2021-09-26T00:00:00+00:00 [running]> on host 49219f98c96e
[2023-05-30T11:28:56.933+0000] {taskinstance.py:1513} INFO - Exporting the following env vars:
AIRFLOW_CTX_DAG_OWNER=coder2j
AIRFLOW_CTX_DAG_ID=our_first_dag_v5
AIRFLOW_CTX_TASK_ID=first_task
AIRFLOW_CTX_EXECUTION_DATE=2021-09-26T00:00:00+00:00
AIRFLOW_CTX_TRY_NUMBER=1
AIRFLOW_CTX_DAG_RUN_ID=scheduled__2021-09-26T00:00:00+00:00
[2023-05-30T11:28:56.939+0000] {subprocess.py:63} INFO - Tmp dir root location: 
 /tmp
[2023-05-30T11:28:56.942+0000] {subprocess.py:75} INFO - Running command: ['/bin/bash', '-c', 'echo hello world, this is the first task!']
[2023-05-30T11:28:56.970+0000] {subprocess.py:86} INFO - Output:
[2023-05-30T11:28:56.989+0000] {subprocess.py:93} INFO - hello world, this is the first task!
[2023-05-30T11:28:56.993+0000] {subprocess.py:97} INFO - Command exited with return code 0
[2023-05-30T11:28:57.055+0000] {taskinstance.py:1327} INFO - Marking task as SUCCESS. dag_id=our_first_dag_v5, task_id=first_task, execution_date=20210926T000000, start_date=20230530T112856, end_date=20230530T112857
[2023-05-30T11:28:57.115+0000] {local_task_job.py:159} INFO - Task exited with return code 0
[2023-05-30T11:28:57.178+0000] {taskinstance.py:2582} INFO - 2 downstream tasks scheduled from follow-on schedule check
[2023-06-07T06:33:01.844+0000] {taskinstance.py:1087} INFO - Dependencies all met for <TaskInstance: our_first_dag_v5.first_task scheduled__2021-09-26T00:00:00+00:00 [queued]>
[2023-06-07T06:33:01.977+0000] {taskinstance.py:1087} INFO - Dependencies all met for <TaskInstance: our_first_dag_v5.first_task scheduled__2021-09-26T00:00:00+00:00 [queued]>
[2023-06-07T06:33:01.989+0000] {taskinstance.py:1283} INFO - 
--------------------------------------------------------------------------------
[2023-06-07T06:33:01.991+0000] {taskinstance.py:1284} INFO - Starting attempt 1 of 6
[2023-06-07T06:33:01.992+0000] {taskinstance.py:1285} INFO - 
--------------------------------------------------------------------------------
[2023-06-07T06:33:02.105+0000] {taskinstance.py:1304} INFO - Executing <Task(BashOperator): first_task> on 2021-09-26 00:00:00+00:00
[2023-06-07T06:33:02.118+0000] {standard_task_runner.py:55} INFO - Started process 1372 to run task
[2023-06-07T06:33:02.185+0000] {standard_task_runner.py:82} INFO - Running: ['***', 'tasks', 'run', 'our_first_dag_v5', 'first_task', 'scheduled__2021-09-26T00:00:00+00:00', '--job-id', '1352', '--raw', '--subdir', 'DAGS_FOLDER/first_Dag.py', '--cfg-path', '/tmp/tmpq1rvldd0']
[2023-06-07T06:33:02.190+0000] {standard_task_runner.py:83} INFO - Job 1352: Subtask first_task
[2023-06-07T06:33:02.583+0000] {task_command.py:389} INFO - Running <TaskInstance: our_first_dag_v5.first_task scheduled__2021-09-26T00:00:00+00:00 [running]> on host 026ed797f3b3
[2023-06-07T06:33:03.062+0000] {taskinstance.py:1513} INFO - Exporting the following env vars:
AIRFLOW_CTX_DAG_OWNER=coder2j
AIRFLOW_CTX_DAG_ID=our_first_dag_v5
AIRFLOW_CTX_TASK_ID=first_task
AIRFLOW_CTX_EXECUTION_DATE=2021-09-26T00:00:00+00:00
AIRFLOW_CTX_TRY_NUMBER=1
AIRFLOW_CTX_DAG_RUN_ID=scheduled__2021-09-26T00:00:00+00:00
[2023-06-07T06:33:03.068+0000] {subprocess.py:63} INFO - Tmp dir root location: 
 /tmp
[2023-06-07T06:33:03.070+0000] {subprocess.py:75} INFO - Running command: ['/bin/bash', '-c', 'echo hello world, this is the first task!']
[2023-06-07T06:33:03.131+0000] {subprocess.py:86} INFO - Output:
[2023-06-07T06:33:03.137+0000] {subprocess.py:93} INFO - hello world, this is the first task!
[2023-06-07T06:33:03.140+0000] {subprocess.py:97} INFO - Command exited with return code 0
[2023-06-07T06:33:03.227+0000] {taskinstance.py:1327} INFO - Marking task as SUCCESS. dag_id=our_first_dag_v5, task_id=first_task, execution_date=20210926T000000, start_date=20230607T063301, end_date=20230607T063303
[2023-06-07T06:33:03.335+0000] {local_task_job.py:159} INFO - Task exited with return code 0
[2023-06-07T06:33:03.425+0000] {taskinstance.py:2582} INFO - 2 downstream tasks scheduled from follow-on schedule check
