[2023-06-07T06:30:59.787+0000] {taskinstance.py:1087} INFO - Dependencies all met for <TaskInstance: our_dag_with_python_operator_v07.get_name manual__2023-06-07T06:30:49.396483+00:00 [queued]>
[2023-06-07T06:30:59.871+0000] {taskinstance.py:1087} INFO - Dependencies all met for <TaskInstance: our_dag_with_python_operator_v07.get_name manual__2023-06-07T06:30:49.396483+00:00 [queued]>
[2023-06-07T06:30:59.875+0000] {taskinstance.py:1283} INFO - 
--------------------------------------------------------------------------------
[2023-06-07T06:30:59.877+0000] {taskinstance.py:1284} INFO - Starting attempt 1 of 6
[2023-06-07T06:30:59.878+0000] {taskinstance.py:1285} INFO - 
--------------------------------------------------------------------------------
[2023-06-07T06:31:00.451+0000] {taskinstance.py:1304} INFO - Executing <Task(PythonOperator): get_name> on 2023-06-07 06:30:49.396483+00:00
[2023-06-07T06:31:00.462+0000] {standard_task_runner.py:55} INFO - Started process 462 to run task
[2023-06-07T06:31:00.482+0000] {standard_task_runner.py:82} INFO - Running: ['***', 'tasks', 'run', 'our_dag_with_python_operator_v07', 'get_name', 'manual__2023-06-07T06:30:49.396483+00:00', '--job-id', '1018', '--raw', '--subdir', 'DAGS_FOLDER/dag_python_opr.py', '--cfg-path', '/tmp/tmp03k5oimx']
[2023-06-07T06:31:00.486+0000] {standard_task_runner.py:83} INFO - Job 1018: Subtask get_name
[2023-06-07T06:31:01.036+0000] {task_command.py:389} INFO - Running <TaskInstance: our_dag_with_python_operator_v07.get_name manual__2023-06-07T06:30:49.396483+00:00 [running]> on host 026ed797f3b3
[2023-06-07T06:31:01.683+0000] {taskinstance.py:1513} INFO - Exporting the following env vars:
AIRFLOW_CTX_DAG_OWNER=coder2j
AIRFLOW_CTX_DAG_ID=our_dag_with_python_operator_v07
AIRFLOW_CTX_TASK_ID=get_name
AIRFLOW_CTX_EXECUTION_DATE=2023-06-07T06:30:49.396483+00:00
AIRFLOW_CTX_TRY_NUMBER=1
AIRFLOW_CTX_DAG_RUN_ID=manual__2023-06-07T06:30:49.396483+00:00
[2023-06-07T06:31:01.811+0000] {python.py:177} INFO - Done. Returned value was: None
[2023-06-07T06:31:01.927+0000] {taskinstance.py:1327} INFO - Marking task as SUCCESS. dag_id=our_dag_with_python_operator_v07, task_id=get_name, execution_date=20230607T063049, start_date=20230607T063059, end_date=20230607T063101
[2023-06-07T06:31:02.031+0000] {local_task_job.py:159} INFO - Task exited with return code 0
[2023-06-07T06:31:02.112+0000] {taskinstance.py:2582} INFO - 0 downstream tasks scheduled from follow-on schedule check
