[2023-05-30T11:28:25.869+0000] {taskinstance.py:1087} INFO - Dependencies all met for <TaskInstance: our_first_dag_v5.second_task scheduled__2021-08-24T00:00:00+00:00 [queued]>
[2023-05-30T11:28:25.947+0000] {taskinstance.py:1087} INFO - Dependencies all met for <TaskInstance: our_first_dag_v5.second_task scheduled__2021-08-24T00:00:00+00:00 [queued]>
[2023-05-30T11:28:25.959+0000] {taskinstance.py:1283} INFO - 
--------------------------------------------------------------------------------
[2023-05-30T11:28:25.961+0000] {taskinstance.py:1284} INFO - Starting attempt 1 of 6
[2023-05-30T11:28:25.963+0000] {taskinstance.py:1285} INFO - 
--------------------------------------------------------------------------------
[2023-05-30T11:28:26.021+0000] {taskinstance.py:1304} INFO - Executing <Task(BashOperator): second_task> on 2021-08-24 00:00:00+00:00
[2023-05-30T11:28:26.039+0000] {standard_task_runner.py:55} INFO - Started process 1945 to run task
[2023-05-30T11:28:26.059+0000] {standard_task_runner.py:82} INFO - Running: ['***', 'tasks', 'run', 'our_first_dag_v5', 'second_task', 'scheduled__2021-08-24T00:00:00+00:00', '--job-id', '89', '--raw', '--subdir', 'DAGS_FOLDER/first_Dag.py', '--cfg-path', '/tmp/tmpf8fel9kq']
[2023-05-30T11:28:26.064+0000] {standard_task_runner.py:83} INFO - Job 89: Subtask second_task
[2023-05-30T11:28:26.346+0000] {task_command.py:389} INFO - Running <TaskInstance: our_first_dag_v5.second_task scheduled__2021-08-24T00:00:00+00:00 [running]> on host 49219f98c96e
[2023-05-30T11:28:26.658+0000] {taskinstance.py:1513} INFO - Exporting the following env vars:
AIRFLOW_CTX_DAG_OWNER=coder2j
AIRFLOW_CTX_DAG_ID=our_first_dag_v5
AIRFLOW_CTX_TASK_ID=second_task
AIRFLOW_CTX_EXECUTION_DATE=2021-08-24T00:00:00+00:00
AIRFLOW_CTX_TRY_NUMBER=1
AIRFLOW_CTX_DAG_RUN_ID=scheduled__2021-08-24T00:00:00+00:00
[2023-05-30T11:28:26.664+0000] {subprocess.py:63} INFO - Tmp dir root location: 
 /tmp
[2023-05-30T11:28:26.666+0000] {subprocess.py:75} INFO - Running command: ['/bin/bash', '-c', 'echo hey, I am task2 and will be running after task1!']
[2023-05-30T11:28:26.719+0000] {subprocess.py:86} INFO - Output:
[2023-05-30T11:28:26.724+0000] {subprocess.py:93} INFO - hey, I am task2 and will be running after task1!
[2023-05-30T11:28:26.726+0000] {subprocess.py:97} INFO - Command exited with return code 0
[2023-05-30T11:28:26.855+0000] {taskinstance.py:1327} INFO - Marking task as SUCCESS. dag_id=our_first_dag_v5, task_id=second_task, execution_date=20210824T000000, start_date=20230530T112825, end_date=20230530T112826
[2023-05-30T11:28:26.964+0000] {local_task_job.py:159} INFO - Task exited with return code 0
[2023-05-30T11:28:27.005+0000] {taskinstance.py:2582} INFO - 0 downstream tasks scheduled from follow-on schedule check
[2023-06-07T06:31:52.358+0000] {taskinstance.py:1087} INFO - Dependencies all met for <TaskInstance: our_first_dag_v5.second_task scheduled__2021-08-24T00:00:00+00:00 [queued]>
[2023-06-07T06:31:52.512+0000] {taskinstance.py:1087} INFO - Dependencies all met for <TaskInstance: our_first_dag_v5.second_task scheduled__2021-08-24T00:00:00+00:00 [queued]>
[2023-06-07T06:31:52.514+0000] {taskinstance.py:1283} INFO - 
--------------------------------------------------------------------------------
[2023-06-07T06:31:52.518+0000] {taskinstance.py:1284} INFO - Starting attempt 1 of 6
[2023-06-07T06:31:52.526+0000] {taskinstance.py:1285} INFO - 
--------------------------------------------------------------------------------
[2023-06-07T06:31:52.795+0000] {taskinstance.py:1304} INFO - Executing <Task(BashOperator): second_task> on 2021-08-24 00:00:00+00:00
[2023-06-07T06:31:52.899+0000] {standard_task_runner.py:55} INFO - Started process 842 to run task
[2023-06-07T06:31:52.977+0000] {standard_task_runner.py:82} INFO - Running: ['***', 'tasks', 'run', 'our_first_dag_v5', 'second_task', 'scheduled__2021-08-24T00:00:00+00:00', '--job-id', '1157', '--raw', '--subdir', 'DAGS_FOLDER/first_Dag.py', '--cfg-path', '/tmp/tmpi_3zw61u']
[2023-06-07T06:31:52.984+0000] {standard_task_runner.py:83} INFO - Job 1157: Subtask second_task
[2023-06-07T06:31:53.950+0000] {task_command.py:389} INFO - Running <TaskInstance: our_first_dag_v5.second_task scheduled__2021-08-24T00:00:00+00:00 [running]> on host 026ed797f3b3
[2023-06-07T06:31:54.787+0000] {taskinstance.py:1513} INFO - Exporting the following env vars:
AIRFLOW_CTX_DAG_OWNER=coder2j
AIRFLOW_CTX_DAG_ID=our_first_dag_v5
AIRFLOW_CTX_TASK_ID=second_task
AIRFLOW_CTX_EXECUTION_DATE=2021-08-24T00:00:00+00:00
AIRFLOW_CTX_TRY_NUMBER=1
AIRFLOW_CTX_DAG_RUN_ID=scheduled__2021-08-24T00:00:00+00:00
[2023-06-07T06:31:54.795+0000] {subprocess.py:63} INFO - Tmp dir root location: 
 /tmp
[2023-06-07T06:31:54.797+0000] {subprocess.py:75} INFO - Running command: ['/bin/bash', '-c', 'echo hey, I am task2 and will be running after task1!']
[2023-06-07T06:31:54.909+0000] {subprocess.py:86} INFO - Output:
[2023-06-07T06:31:54.914+0000] {subprocess.py:93} INFO - hey, I am task2 and will be running after task1!
[2023-06-07T06:31:54.916+0000] {subprocess.py:97} INFO - Command exited with return code 0
[2023-06-07T06:31:55.076+0000] {taskinstance.py:1327} INFO - Marking task as SUCCESS. dag_id=our_first_dag_v5, task_id=second_task, execution_date=20210824T000000, start_date=20230607T063152, end_date=20230607T063155
[2023-06-07T06:31:55.296+0000] {local_task_job.py:159} INFO - Task exited with return code 0
[2023-06-07T06:31:55.460+0000] {taskinstance.py:2582} INFO - 0 downstream tasks scheduled from follow-on schedule check
