[2023-05-30T10:49:23.226+0000] {processor.py:153} INFO - Started process (PID=75) to work on /home/airflow/.local/lib/python3.7/site-packages/airflow/example_dags/example_task_group_decorator.py
[2023-05-30T10:49:23.232+0000] {processor.py:743} INFO - Processing file /home/airflow/.local/lib/python3.7/site-packages/airflow/example_dags/example_task_group_decorator.py for tasks to queue
[2023-05-30T10:49:23.235+0000] {logging_mixin.py:137} INFO - [2023-05-30T10:49:23.235+0000] {dagbag.py:538} INFO - Filling up the DagBag from /home/airflow/.local/lib/python3.7/site-packages/airflow/example_dags/example_task_group_decorator.py
[2023-05-30T10:49:23.312+0000] {processor.py:753} INFO - DAG(s) dict_keys(['example_task_group_decorator']) retrieved from /home/airflow/.local/lib/python3.7/site-packages/airflow/example_dags/example_task_group_decorator.py
[2023-05-30T10:49:23.362+0000] {logging_mixin.py:137} INFO - [2023-05-30T10:49:23.362+0000] {dag.py:2676} INFO - Sync 1 DAGs
[2023-05-30T10:49:23.413+0000] {logging_mixin.py:137} INFO - [2023-05-30T10:49:23.412+0000] {dag.py:3427} INFO - Setting next_dagrun for example_task_group_decorator to 2023-05-29T10:49:23.412630+00:00, run_after=2023-05-30T10:49:23.412630+00:00
[2023-05-30T10:49:23.455+0000] {processor.py:175} INFO - Processing /home/airflow/.local/lib/python3.7/site-packages/airflow/example_dags/example_task_group_decorator.py took 0.245 seconds
[2023-05-30T10:49:53.616+0000] {processor.py:153} INFO - Started process (PID=142) to work on /home/airflow/.local/lib/python3.7/site-packages/airflow/example_dags/example_task_group_decorator.py
[2023-05-30T10:49:53.618+0000] {processor.py:743} INFO - Processing file /home/airflow/.local/lib/python3.7/site-packages/airflow/example_dags/example_task_group_decorator.py for tasks to queue
[2023-05-30T10:49:53.620+0000] {logging_mixin.py:137} INFO - [2023-05-30T10:49:53.620+0000] {dagbag.py:538} INFO - Filling up the DagBag from /home/airflow/.local/lib/python3.7/site-packages/airflow/example_dags/example_task_group_decorator.py
[2023-05-30T10:49:53.666+0000] {processor.py:753} INFO - DAG(s) dict_keys(['example_task_group_decorator']) retrieved from /home/airflow/.local/lib/python3.7/site-packages/airflow/example_dags/example_task_group_decorator.py
[2023-05-30T10:49:53.723+0000] {logging_mixin.py:137} INFO - [2023-05-30T10:49:53.723+0000] {dag.py:2676} INFO - Sync 1 DAGs
[2023-05-30T10:49:53.762+0000] {logging_mixin.py:137} INFO - [2023-05-30T10:49:53.761+0000] {dag.py:3427} INFO - Setting next_dagrun for example_task_group_decorator to 2023-05-29T10:49:53.761596+00:00, run_after=2023-05-30T10:49:53.761596+00:00
[2023-05-30T10:49:53.789+0000] {processor.py:175} INFO - Processing /home/airflow/.local/lib/python3.7/site-packages/airflow/example_dags/example_task_group_decorator.py took 0.178 seconds
[2023-05-30T10:50:24.821+0000] {processor.py:153} INFO - Started process (PID=222) to work on /home/airflow/.local/lib/python3.7/site-packages/airflow/example_dags/example_task_group_decorator.py
[2023-05-30T10:50:24.826+0000] {processor.py:743} INFO - Processing file /home/airflow/.local/lib/python3.7/site-packages/airflow/example_dags/example_task_group_decorator.py for tasks to queue
[2023-05-30T10:50:24.830+0000] {logging_mixin.py:137} INFO - [2023-05-30T10:50:24.829+0000] {dagbag.py:538} INFO - Filling up the DagBag from /home/airflow/.local/lib/python3.7/site-packages/airflow/example_dags/example_task_group_decorator.py
[2023-05-30T10:50:24.888+0000] {processor.py:753} INFO - DAG(s) dict_keys(['example_task_group_decorator']) retrieved from /home/airflow/.local/lib/python3.7/site-packages/airflow/example_dags/example_task_group_decorator.py
[2023-05-30T10:50:25.052+0000] {logging_mixin.py:137} INFO - [2023-05-30T10:50:25.052+0000] {dag.py:2676} INFO - Sync 1 DAGs
[2023-05-30T10:50:25.102+0000] {logging_mixin.py:137} INFO - [2023-05-30T10:50:25.102+0000] {dag.py:3427} INFO - Setting next_dagrun for example_task_group_decorator to 2023-05-29T10:50:25.102050+00:00, run_after=2023-05-30T10:50:25.102050+00:00
[2023-05-30T10:50:25.136+0000] {processor.py:175} INFO - Processing /home/airflow/.local/lib/python3.7/site-packages/airflow/example_dags/example_task_group_decorator.py took 0.320 seconds
[2023-05-30T10:50:55.251+0000] {processor.py:153} INFO - Started process (PID=287) to work on /home/airflow/.local/lib/python3.7/site-packages/airflow/example_dags/example_task_group_decorator.py
[2023-05-30T10:50:55.253+0000] {processor.py:743} INFO - Processing file /home/airflow/.local/lib/python3.7/site-packages/airflow/example_dags/example_task_group_decorator.py for tasks to queue
[2023-05-30T10:50:55.255+0000] {logging_mixin.py:137} INFO - [2023-05-30T10:50:55.255+0000] {dagbag.py:538} INFO - Filling up the DagBag from /home/airflow/.local/lib/python3.7/site-packages/airflow/example_dags/example_task_group_decorator.py
[2023-05-30T10:50:55.292+0000] {processor.py:753} INFO - DAG(s) dict_keys(['example_task_group_decorator']) retrieved from /home/airflow/.local/lib/python3.7/site-packages/airflow/example_dags/example_task_group_decorator.py
[2023-05-30T10:50:55.340+0000] {logging_mixin.py:137} INFO - [2023-05-30T10:50:55.340+0000] {dag.py:2676} INFO - Sync 1 DAGs
[2023-05-30T10:50:55.373+0000] {logging_mixin.py:137} INFO - [2023-05-30T10:50:55.373+0000] {dag.py:3427} INFO - Setting next_dagrun for example_task_group_decorator to 2023-05-29T10:50:55.373353+00:00, run_after=2023-05-30T10:50:55.373353+00:00
[2023-05-30T10:50:55.398+0000] {processor.py:175} INFO - Processing /home/airflow/.local/lib/python3.7/site-packages/airflow/example_dags/example_task_group_decorator.py took 0.151 seconds
[2023-05-30T10:51:25.648+0000] {processor.py:153} INFO - Started process (PID=360) to work on /home/airflow/.local/lib/python3.7/site-packages/airflow/example_dags/example_task_group_decorator.py
[2023-05-30T10:51:25.650+0000] {processor.py:743} INFO - Processing file /home/airflow/.local/lib/python3.7/site-packages/airflow/example_dags/example_task_group_decorator.py for tasks to queue
[2023-05-30T10:51:25.652+0000] {logging_mixin.py:137} INFO - [2023-05-30T10:51:25.652+0000] {dagbag.py:538} INFO - Filling up the DagBag from /home/airflow/.local/lib/python3.7/site-packages/airflow/example_dags/example_task_group_decorator.py
[2023-05-30T10:51:25.702+0000] {processor.py:753} INFO - DAG(s) dict_keys(['example_task_group_decorator']) retrieved from /home/airflow/.local/lib/python3.7/site-packages/airflow/example_dags/example_task_group_decorator.py
[2023-05-30T10:51:25.769+0000] {logging_mixin.py:137} INFO - [2023-05-30T10:51:25.769+0000] {dag.py:2676} INFO - Sync 1 DAGs
[2023-05-30T10:51:25.816+0000] {logging_mixin.py:137} INFO - [2023-05-30T10:51:25.816+0000] {dag.py:3427} INFO - Setting next_dagrun for example_task_group_decorator to 2023-05-29T10:51:25.815769+00:00, run_after=2023-05-30T10:51:25.815769+00:00
[2023-05-30T10:51:25.846+0000] {processor.py:175} INFO - Processing /home/airflow/.local/lib/python3.7/site-packages/airflow/example_dags/example_task_group_decorator.py took 0.203 seconds
[2023-05-30T10:51:56.069+0000] {processor.py:153} INFO - Started process (PID=431) to work on /home/airflow/.local/lib/python3.7/site-packages/airflow/example_dags/example_task_group_decorator.py
[2023-05-30T10:51:56.071+0000] {processor.py:743} INFO - Processing file /home/airflow/.local/lib/python3.7/site-packages/airflow/example_dags/example_task_group_decorator.py for tasks to queue
[2023-05-30T10:51:56.073+0000] {logging_mixin.py:137} INFO - [2023-05-30T10:51:56.073+0000] {dagbag.py:538} INFO - Filling up the DagBag from /home/airflow/.local/lib/python3.7/site-packages/airflow/example_dags/example_task_group_decorator.py
[2023-05-30T10:51:56.118+0000] {processor.py:753} INFO - DAG(s) dict_keys(['example_task_group_decorator']) retrieved from /home/airflow/.local/lib/python3.7/site-packages/airflow/example_dags/example_task_group_decorator.py
[2023-05-30T10:51:56.171+0000] {logging_mixin.py:137} INFO - [2023-05-30T10:51:56.171+0000] {dag.py:2676} INFO - Sync 1 DAGs
[2023-05-30T10:51:56.206+0000] {logging_mixin.py:137} INFO - [2023-05-30T10:51:56.205+0000] {dag.py:3427} INFO - Setting next_dagrun for example_task_group_decorator to 2023-05-29T10:51:56.205541+00:00, run_after=2023-05-30T10:51:56.205541+00:00
[2023-05-30T10:51:56.232+0000] {processor.py:175} INFO - Processing /home/airflow/.local/lib/python3.7/site-packages/airflow/example_dags/example_task_group_decorator.py took 0.167 seconds
[2023-05-30T10:52:26.582+0000] {processor.py:153} INFO - Started process (PID=497) to work on /home/airflow/.local/lib/python3.7/site-packages/airflow/example_dags/example_task_group_decorator.py
[2023-05-30T10:52:26.585+0000] {processor.py:743} INFO - Processing file /home/airflow/.local/lib/python3.7/site-packages/airflow/example_dags/example_task_group_decorator.py for tasks to queue
[2023-05-30T10:52:26.587+0000] {logging_mixin.py:137} INFO - [2023-05-30T10:52:26.587+0000] {dagbag.py:538} INFO - Filling up the DagBag from /home/airflow/.local/lib/python3.7/site-packages/airflow/example_dags/example_task_group_decorator.py
[2023-05-30T10:52:26.631+0000] {processor.py:753} INFO - DAG(s) dict_keys(['example_task_group_decorator']) retrieved from /home/airflow/.local/lib/python3.7/site-packages/airflow/example_dags/example_task_group_decorator.py
[2023-05-30T10:52:26.695+0000] {logging_mixin.py:137} INFO - [2023-05-30T10:52:26.694+0000] {dag.py:2676} INFO - Sync 1 DAGs
[2023-05-30T10:52:26.737+0000] {logging_mixin.py:137} INFO - [2023-05-30T10:52:26.737+0000] {dag.py:3427} INFO - Setting next_dagrun for example_task_group_decorator to 2023-05-29T10:52:26.737327+00:00, run_after=2023-05-30T10:52:26.737327+00:00
[2023-05-30T10:52:26.769+0000] {processor.py:175} INFO - Processing /home/airflow/.local/lib/python3.7/site-packages/airflow/example_dags/example_task_group_decorator.py took 0.192 seconds
[2023-05-30T10:52:56.907+0000] {processor.py:153} INFO - Started process (PID=577) to work on /home/airflow/.local/lib/python3.7/site-packages/airflow/example_dags/example_task_group_decorator.py
[2023-05-30T10:52:56.910+0000] {processor.py:743} INFO - Processing file /home/airflow/.local/lib/python3.7/site-packages/airflow/example_dags/example_task_group_decorator.py for tasks to queue
[2023-05-30T10:52:56.912+0000] {logging_mixin.py:137} INFO - [2023-05-30T10:52:56.912+0000] {dagbag.py:538} INFO - Filling up the DagBag from /home/airflow/.local/lib/python3.7/site-packages/airflow/example_dags/example_task_group_decorator.py
[2023-05-30T10:52:56.953+0000] {processor.py:753} INFO - DAG(s) dict_keys(['example_task_group_decorator']) retrieved from /home/airflow/.local/lib/python3.7/site-packages/airflow/example_dags/example_task_group_decorator.py
[2023-05-30T10:52:57.015+0000] {logging_mixin.py:137} INFO - [2023-05-30T10:52:57.015+0000] {dag.py:2676} INFO - Sync 1 DAGs
[2023-05-30T10:52:57.058+0000] {logging_mixin.py:137} INFO - [2023-05-30T10:52:57.057+0000] {dag.py:3427} INFO - Setting next_dagrun for example_task_group_decorator to 2023-05-29T10:52:57.057465+00:00, run_after=2023-05-30T10:52:57.057465+00:00
[2023-05-30T10:52:57.086+0000] {processor.py:175} INFO - Processing /home/airflow/.local/lib/python3.7/site-packages/airflow/example_dags/example_task_group_decorator.py took 0.185 seconds
[2023-05-30T10:53:27.228+0000] {processor.py:153} INFO - Started process (PID=643) to work on /home/airflow/.local/lib/python3.7/site-packages/airflow/example_dags/example_task_group_decorator.py
[2023-05-30T10:53:27.231+0000] {processor.py:743} INFO - Processing file /home/airflow/.local/lib/python3.7/site-packages/airflow/example_dags/example_task_group_decorator.py for tasks to queue
[2023-05-30T10:53:27.233+0000] {logging_mixin.py:137} INFO - [2023-05-30T10:53:27.233+0000] {dagbag.py:538} INFO - Filling up the DagBag from /home/airflow/.local/lib/python3.7/site-packages/airflow/example_dags/example_task_group_decorator.py
[2023-05-30T10:53:27.276+0000] {processor.py:753} INFO - DAG(s) dict_keys(['example_task_group_decorator']) retrieved from /home/airflow/.local/lib/python3.7/site-packages/airflow/example_dags/example_task_group_decorator.py
[2023-05-30T10:53:27.336+0000] {logging_mixin.py:137} INFO - [2023-05-30T10:53:27.335+0000] {dag.py:2676} INFO - Sync 1 DAGs
[2023-05-30T10:53:27.376+0000] {logging_mixin.py:137} INFO - [2023-05-30T10:53:27.376+0000] {dag.py:3427} INFO - Setting next_dagrun for example_task_group_decorator to 2023-05-29T10:53:27.376277+00:00, run_after=2023-05-30T10:53:27.376277+00:00
[2023-05-30T10:53:27.407+0000] {processor.py:175} INFO - Processing /home/airflow/.local/lib/python3.7/site-packages/airflow/example_dags/example_task_group_decorator.py took 0.184 seconds
[2023-05-30T10:53:58.323+0000] {processor.py:153} INFO - Started process (PID=709) to work on /home/airflow/.local/lib/python3.7/site-packages/airflow/example_dags/example_task_group_decorator.py
[2023-05-30T10:53:58.325+0000] {processor.py:743} INFO - Processing file /home/airflow/.local/lib/python3.7/site-packages/airflow/example_dags/example_task_group_decorator.py for tasks to queue
[2023-05-30T10:53:58.327+0000] {logging_mixin.py:137} INFO - [2023-05-30T10:53:58.327+0000] {dagbag.py:538} INFO - Filling up the DagBag from /home/airflow/.local/lib/python3.7/site-packages/airflow/example_dags/example_task_group_decorator.py
[2023-05-30T10:53:58.374+0000] {processor.py:753} INFO - DAG(s) dict_keys(['example_task_group_decorator']) retrieved from /home/airflow/.local/lib/python3.7/site-packages/airflow/example_dags/example_task_group_decorator.py
[2023-05-30T10:53:58.434+0000] {logging_mixin.py:137} INFO - [2023-05-30T10:53:58.434+0000] {dag.py:2676} INFO - Sync 1 DAGs
[2023-05-30T10:53:58.471+0000] {logging_mixin.py:137} INFO - [2023-05-30T10:53:58.471+0000] {dag.py:3427} INFO - Setting next_dagrun for example_task_group_decorator to 2023-05-29T10:53:58.470886+00:00, run_after=2023-05-30T10:53:58.470886+00:00
[2023-05-30T10:53:58.503+0000] {processor.py:175} INFO - Processing /home/airflow/.local/lib/python3.7/site-packages/airflow/example_dags/example_task_group_decorator.py took 0.184 seconds
[2023-05-30T10:54:29.390+0000] {processor.py:153} INFO - Started process (PID=789) to work on /home/airflow/.local/lib/python3.7/site-packages/airflow/example_dags/example_task_group_decorator.py
[2023-05-30T10:54:29.393+0000] {processor.py:743} INFO - Processing file /home/airflow/.local/lib/python3.7/site-packages/airflow/example_dags/example_task_group_decorator.py for tasks to queue
[2023-05-30T10:54:29.395+0000] {logging_mixin.py:137} INFO - [2023-05-30T10:54:29.395+0000] {dagbag.py:538} INFO - Filling up the DagBag from /home/airflow/.local/lib/python3.7/site-packages/airflow/example_dags/example_task_group_decorator.py
[2023-05-30T10:54:29.435+0000] {processor.py:753} INFO - DAG(s) dict_keys(['example_task_group_decorator']) retrieved from /home/airflow/.local/lib/python3.7/site-packages/airflow/example_dags/example_task_group_decorator.py
[2023-05-30T10:54:29.489+0000] {logging_mixin.py:137} INFO - [2023-05-30T10:54:29.489+0000] {dag.py:2676} INFO - Sync 1 DAGs
[2023-05-30T10:54:29.524+0000] {logging_mixin.py:137} INFO - [2023-05-30T10:54:29.523+0000] {dag.py:3427} INFO - Setting next_dagrun for example_task_group_decorator to 2023-05-29T10:54:29.523666+00:00, run_after=2023-05-30T10:54:29.523666+00:00
[2023-05-30T10:54:29.550+0000] {processor.py:175} INFO - Processing /home/airflow/.local/lib/python3.7/site-packages/airflow/example_dags/example_task_group_decorator.py took 0.165 seconds
[2023-05-30T10:55:00.318+0000] {processor.py:153} INFO - Started process (PID=855) to work on /home/airflow/.local/lib/python3.7/site-packages/airflow/example_dags/example_task_group_decorator.py
[2023-05-30T10:55:00.320+0000] {processor.py:743} INFO - Processing file /home/airflow/.local/lib/python3.7/site-packages/airflow/example_dags/example_task_group_decorator.py for tasks to queue
[2023-05-30T10:55:00.322+0000] {logging_mixin.py:137} INFO - [2023-05-30T10:55:00.322+0000] {dagbag.py:538} INFO - Filling up the DagBag from /home/airflow/.local/lib/python3.7/site-packages/airflow/example_dags/example_task_group_decorator.py
[2023-05-30T10:55:00.367+0000] {processor.py:753} INFO - DAG(s) dict_keys(['example_task_group_decorator']) retrieved from /home/airflow/.local/lib/python3.7/site-packages/airflow/example_dags/example_task_group_decorator.py
[2023-05-30T10:55:00.431+0000] {logging_mixin.py:137} INFO - [2023-05-30T10:55:00.430+0000] {dag.py:2676} INFO - Sync 1 DAGs
[2023-05-30T10:55:00.467+0000] {logging_mixin.py:137} INFO - [2023-05-30T10:55:00.467+0000] {dag.py:3427} INFO - Setting next_dagrun for example_task_group_decorator to 2023-05-29T10:55:00.466961+00:00, run_after=2023-05-30T10:55:00.466961+00:00
[2023-05-30T10:55:00.492+0000] {processor.py:175} INFO - Processing /home/airflow/.local/lib/python3.7/site-packages/airflow/example_dags/example_task_group_decorator.py took 0.179 seconds
[2023-05-30T10:55:30.755+0000] {processor.py:153} INFO - Started process (PID=934) to work on /home/airflow/.local/lib/python3.7/site-packages/airflow/example_dags/example_task_group_decorator.py
[2023-05-30T10:55:30.757+0000] {processor.py:743} INFO - Processing file /home/airflow/.local/lib/python3.7/site-packages/airflow/example_dags/example_task_group_decorator.py for tasks to queue
[2023-05-30T10:55:30.759+0000] {logging_mixin.py:137} INFO - [2023-05-30T10:55:30.759+0000] {dagbag.py:538} INFO - Filling up the DagBag from /home/airflow/.local/lib/python3.7/site-packages/airflow/example_dags/example_task_group_decorator.py
[2023-05-30T10:55:30.802+0000] {processor.py:753} INFO - DAG(s) dict_keys(['example_task_group_decorator']) retrieved from /home/airflow/.local/lib/python3.7/site-packages/airflow/example_dags/example_task_group_decorator.py
[2023-05-30T10:55:30.858+0000] {logging_mixin.py:137} INFO - [2023-05-30T10:55:30.858+0000] {dag.py:2676} INFO - Sync 1 DAGs
[2023-05-30T10:55:30.895+0000] {logging_mixin.py:137} INFO - [2023-05-30T10:55:30.894+0000] {dag.py:3427} INFO - Setting next_dagrun for example_task_group_decorator to 2023-05-29T10:55:30.894582+00:00, run_after=2023-05-30T10:55:30.894582+00:00
[2023-05-30T10:55:30.924+0000] {processor.py:175} INFO - Processing /home/airflow/.local/lib/python3.7/site-packages/airflow/example_dags/example_task_group_decorator.py took 0.174 seconds
[2023-05-30T10:56:01.633+0000] {processor.py:153} INFO - Started process (PID=1000) to work on /home/airflow/.local/lib/python3.7/site-packages/airflow/example_dags/example_task_group_decorator.py
[2023-05-30T10:56:01.638+0000] {processor.py:743} INFO - Processing file /home/airflow/.local/lib/python3.7/site-packages/airflow/example_dags/example_task_group_decorator.py for tasks to queue
[2023-05-30T10:56:01.642+0000] {logging_mixin.py:137} INFO - [2023-05-30T10:56:01.641+0000] {dagbag.py:538} INFO - Filling up the DagBag from /home/airflow/.local/lib/python3.7/site-packages/airflow/example_dags/example_task_group_decorator.py
[2023-05-30T10:56:01.700+0000] {processor.py:753} INFO - DAG(s) dict_keys(['example_task_group_decorator']) retrieved from /home/airflow/.local/lib/python3.7/site-packages/airflow/example_dags/example_task_group_decorator.py
[2023-05-30T10:56:01.777+0000] {logging_mixin.py:137} INFO - [2023-05-30T10:56:01.777+0000] {dag.py:2676} INFO - Sync 1 DAGs
[2023-05-30T10:56:01.827+0000] {logging_mixin.py:137} INFO - [2023-05-30T10:56:01.827+0000] {dag.py:3427} INFO - Setting next_dagrun for example_task_group_decorator to 2023-05-29T10:56:01.826868+00:00, run_after=2023-05-30T10:56:01.826868+00:00
[2023-05-30T10:56:01.871+0000] {processor.py:175} INFO - Processing /home/airflow/.local/lib/python3.7/site-packages/airflow/example_dags/example_task_group_decorator.py took 0.244 seconds
[2023-05-30T10:56:32.329+0000] {processor.py:153} INFO - Started process (PID=1080) to work on /home/airflow/.local/lib/python3.7/site-packages/airflow/example_dags/example_task_group_decorator.py
[2023-05-30T10:56:32.332+0000] {processor.py:743} INFO - Processing file /home/airflow/.local/lib/python3.7/site-packages/airflow/example_dags/example_task_group_decorator.py for tasks to queue
[2023-05-30T10:56:32.335+0000] {logging_mixin.py:137} INFO - [2023-05-30T10:56:32.334+0000] {dagbag.py:538} INFO - Filling up the DagBag from /home/airflow/.local/lib/python3.7/site-packages/airflow/example_dags/example_task_group_decorator.py
[2023-05-30T10:56:32.385+0000] {processor.py:753} INFO - DAG(s) dict_keys(['example_task_group_decorator']) retrieved from /home/airflow/.local/lib/python3.7/site-packages/airflow/example_dags/example_task_group_decorator.py
[2023-05-30T10:56:32.455+0000] {logging_mixin.py:137} INFO - [2023-05-30T10:56:32.455+0000] {dag.py:2676} INFO - Sync 1 DAGs
[2023-05-30T10:56:32.500+0000] {logging_mixin.py:137} INFO - [2023-05-30T10:56:32.500+0000] {dag.py:3427} INFO - Setting next_dagrun for example_task_group_decorator to 2023-05-29T10:56:32.500210+00:00, run_after=2023-05-30T10:56:32.500210+00:00
[2023-05-30T10:56:32.536+0000] {processor.py:175} INFO - Processing /home/airflow/.local/lib/python3.7/site-packages/airflow/example_dags/example_task_group_decorator.py took 0.213 seconds
[2023-05-30T10:57:02.918+0000] {processor.py:153} INFO - Started process (PID=1146) to work on /home/airflow/.local/lib/python3.7/site-packages/airflow/example_dags/example_task_group_decorator.py
[2023-05-30T10:57:02.921+0000] {processor.py:743} INFO - Processing file /home/airflow/.local/lib/python3.7/site-packages/airflow/example_dags/example_task_group_decorator.py for tasks to queue
[2023-05-30T10:57:02.923+0000] {logging_mixin.py:137} INFO - [2023-05-30T10:57:02.922+0000] {dagbag.py:538} INFO - Filling up the DagBag from /home/airflow/.local/lib/python3.7/site-packages/airflow/example_dags/example_task_group_decorator.py
[2023-05-30T10:57:02.962+0000] {processor.py:753} INFO - DAG(s) dict_keys(['example_task_group_decorator']) retrieved from /home/airflow/.local/lib/python3.7/site-packages/airflow/example_dags/example_task_group_decorator.py
[2023-05-30T10:57:03.020+0000] {logging_mixin.py:137} INFO - [2023-05-30T10:57:03.019+0000] {dag.py:2676} INFO - Sync 1 DAGs
[2023-05-30T10:57:03.062+0000] {logging_mixin.py:137} INFO - [2023-05-30T10:57:03.062+0000] {dag.py:3427} INFO - Setting next_dagrun for example_task_group_decorator to 2023-05-29T10:57:03.061841+00:00, run_after=2023-05-30T10:57:03.061841+00:00
[2023-05-30T10:57:03.097+0000] {processor.py:175} INFO - Processing /home/airflow/.local/lib/python3.7/site-packages/airflow/example_dags/example_task_group_decorator.py took 0.183 seconds
[2023-05-30T10:57:33.287+0000] {processor.py:153} INFO - Started process (PID=1212) to work on /home/airflow/.local/lib/python3.7/site-packages/airflow/example_dags/example_task_group_decorator.py
[2023-05-30T10:57:33.290+0000] {processor.py:743} INFO - Processing file /home/airflow/.local/lib/python3.7/site-packages/airflow/example_dags/example_task_group_decorator.py for tasks to queue
[2023-05-30T10:57:33.292+0000] {logging_mixin.py:137} INFO - [2023-05-30T10:57:33.291+0000] {dagbag.py:538} INFO - Filling up the DagBag from /home/airflow/.local/lib/python3.7/site-packages/airflow/example_dags/example_task_group_decorator.py
[2023-05-30T10:57:33.344+0000] {processor.py:753} INFO - DAG(s) dict_keys(['example_task_group_decorator']) retrieved from /home/airflow/.local/lib/python3.7/site-packages/airflow/example_dags/example_task_group_decorator.py
[2023-05-30T10:57:33.428+0000] {logging_mixin.py:137} INFO - [2023-05-30T10:57:33.427+0000] {dag.py:2676} INFO - Sync 1 DAGs
[2023-05-30T10:57:33.493+0000] {logging_mixin.py:137} INFO - [2023-05-30T10:57:33.493+0000] {dag.py:3427} INFO - Setting next_dagrun for example_task_group_decorator to 2023-05-29T10:57:33.492685+00:00, run_after=2023-05-30T10:57:33.492685+00:00
[2023-05-30T10:57:33.544+0000] {processor.py:175} INFO - Processing /home/airflow/.local/lib/python3.7/site-packages/airflow/example_dags/example_task_group_decorator.py took 0.262 seconds
[2023-05-30T10:58:03.726+0000] {processor.py:153} INFO - Started process (PID=1291) to work on /home/airflow/.local/lib/python3.7/site-packages/airflow/example_dags/example_task_group_decorator.py
[2023-05-30T10:58:03.729+0000] {processor.py:743} INFO - Processing file /home/airflow/.local/lib/python3.7/site-packages/airflow/example_dags/example_task_group_decorator.py for tasks to queue
[2023-05-30T10:58:03.732+0000] {logging_mixin.py:137} INFO - [2023-05-30T10:58:03.732+0000] {dagbag.py:538} INFO - Filling up the DagBag from /home/airflow/.local/lib/python3.7/site-packages/airflow/example_dags/example_task_group_decorator.py
[2023-05-30T10:58:03.786+0000] {processor.py:753} INFO - DAG(s) dict_keys(['example_task_group_decorator']) retrieved from /home/airflow/.local/lib/python3.7/site-packages/airflow/example_dags/example_task_group_decorator.py
[2023-05-30T10:58:03.857+0000] {logging_mixin.py:137} INFO - [2023-05-30T10:58:03.857+0000] {dag.py:2676} INFO - Sync 1 DAGs
[2023-05-30T10:58:03.915+0000] {logging_mixin.py:137} INFO - [2023-05-30T10:58:03.915+0000] {dag.py:3427} INFO - Setting next_dagrun for example_task_group_decorator to 2023-05-29T10:58:03.915007+00:00, run_after=2023-05-30T10:58:03.915007+00:00
[2023-05-30T10:58:03.952+0000] {processor.py:175} INFO - Processing /home/airflow/.local/lib/python3.7/site-packages/airflow/example_dags/example_task_group_decorator.py took 0.233 seconds
[2023-05-30T10:58:34.053+0000] {processor.py:153} INFO - Started process (PID=1371) to work on /home/airflow/.local/lib/python3.7/site-packages/airflow/example_dags/example_task_group_decorator.py
[2023-05-30T10:58:34.058+0000] {processor.py:743} INFO - Processing file /home/airflow/.local/lib/python3.7/site-packages/airflow/example_dags/example_task_group_decorator.py for tasks to queue
[2023-05-30T10:58:34.061+0000] {logging_mixin.py:137} INFO - [2023-05-30T10:58:34.060+0000] {dagbag.py:538} INFO - Filling up the DagBag from /home/airflow/.local/lib/python3.7/site-packages/airflow/example_dags/example_task_group_decorator.py
[2023-05-30T10:58:34.128+0000] {processor.py:753} INFO - DAG(s) dict_keys(['example_task_group_decorator']) retrieved from /home/airflow/.local/lib/python3.7/site-packages/airflow/example_dags/example_task_group_decorator.py
[2023-05-30T10:58:34.210+0000] {logging_mixin.py:137} INFO - [2023-05-30T10:58:34.210+0000] {dag.py:2676} INFO - Sync 1 DAGs
[2023-05-30T10:58:34.251+0000] {logging_mixin.py:137} INFO - [2023-05-30T10:58:34.251+0000] {dag.py:3427} INFO - Setting next_dagrun for example_task_group_decorator to 2023-05-29T10:58:34.251279+00:00, run_after=2023-05-30T10:58:34.251279+00:00
[2023-05-30T10:58:34.286+0000] {processor.py:175} INFO - Processing /home/airflow/.local/lib/python3.7/site-packages/airflow/example_dags/example_task_group_decorator.py took 0.240 seconds
[2023-05-30T10:59:04.678+0000] {processor.py:153} INFO - Started process (PID=1446) to work on /home/airflow/.local/lib/python3.7/site-packages/airflow/example_dags/example_task_group_decorator.py
[2023-05-30T10:59:04.680+0000] {processor.py:743} INFO - Processing file /home/airflow/.local/lib/python3.7/site-packages/airflow/example_dags/example_task_group_decorator.py for tasks to queue
[2023-05-30T10:59:04.683+0000] {logging_mixin.py:137} INFO - [2023-05-30T10:59:04.682+0000] {dagbag.py:538} INFO - Filling up the DagBag from /home/airflow/.local/lib/python3.7/site-packages/airflow/example_dags/example_task_group_decorator.py
[2023-05-30T10:59:04.725+0000] {processor.py:753} INFO - DAG(s) dict_keys(['example_task_group_decorator']) retrieved from /home/airflow/.local/lib/python3.7/site-packages/airflow/example_dags/example_task_group_decorator.py
[2023-05-30T10:59:04.783+0000] {logging_mixin.py:137} INFO - [2023-05-30T10:59:04.783+0000] {dag.py:2676} INFO - Sync 1 DAGs
[2023-05-30T10:59:04.821+0000] {logging_mixin.py:137} INFO - [2023-05-30T10:59:04.821+0000] {dag.py:3427} INFO - Setting next_dagrun for example_task_group_decorator to 2023-05-29T10:59:04.821072+00:00, run_after=2023-05-30T10:59:04.821072+00:00
[2023-05-30T10:59:04.855+0000] {processor.py:175} INFO - Processing /home/airflow/.local/lib/python3.7/site-packages/airflow/example_dags/example_task_group_decorator.py took 0.184 seconds
[2023-05-30T10:59:35.188+0000] {processor.py:153} INFO - Started process (PID=1517) to work on /home/airflow/.local/lib/python3.7/site-packages/airflow/example_dags/example_task_group_decorator.py
[2023-05-30T10:59:35.190+0000] {processor.py:743} INFO - Processing file /home/airflow/.local/lib/python3.7/site-packages/airflow/example_dags/example_task_group_decorator.py for tasks to queue
[2023-05-30T10:59:35.195+0000] {logging_mixin.py:137} INFO - [2023-05-30T10:59:35.195+0000] {dagbag.py:538} INFO - Filling up the DagBag from /home/airflow/.local/lib/python3.7/site-packages/airflow/example_dags/example_task_group_decorator.py
[2023-05-30T10:59:35.253+0000] {processor.py:753} INFO - DAG(s) dict_keys(['example_task_group_decorator']) retrieved from /home/airflow/.local/lib/python3.7/site-packages/airflow/example_dags/example_task_group_decorator.py
[2023-05-30T10:59:35.325+0000] {logging_mixin.py:137} INFO - [2023-05-30T10:59:35.324+0000] {dag.py:2676} INFO - Sync 1 DAGs
[2023-05-30T10:59:35.377+0000] {logging_mixin.py:137} INFO - [2023-05-30T10:59:35.376+0000] {dag.py:3427} INFO - Setting next_dagrun for example_task_group_decorator to 2023-05-29T10:59:35.376595+00:00, run_after=2023-05-30T10:59:35.376595+00:00
[2023-05-30T10:59:35.410+0000] {processor.py:175} INFO - Processing /home/airflow/.local/lib/python3.7/site-packages/airflow/example_dags/example_task_group_decorator.py took 0.227 seconds
[2023-05-30T11:00:05.919+0000] {processor.py:153} INFO - Started process (PID=1583) to work on /home/airflow/.local/lib/python3.7/site-packages/airflow/example_dags/example_task_group_decorator.py
[2023-05-30T11:00:05.924+0000] {processor.py:743} INFO - Processing file /home/airflow/.local/lib/python3.7/site-packages/airflow/example_dags/example_task_group_decorator.py for tasks to queue
[2023-05-30T11:00:05.928+0000] {logging_mixin.py:137} INFO - [2023-05-30T11:00:05.928+0000] {dagbag.py:538} INFO - Filling up the DagBag from /home/airflow/.local/lib/python3.7/site-packages/airflow/example_dags/example_task_group_decorator.py
[2023-05-30T11:00:05.987+0000] {processor.py:753} INFO - DAG(s) dict_keys(['example_task_group_decorator']) retrieved from /home/airflow/.local/lib/python3.7/site-packages/airflow/example_dags/example_task_group_decorator.py
[2023-05-30T11:00:06.058+0000] {logging_mixin.py:137} INFO - [2023-05-30T11:00:06.058+0000] {dag.py:2676} INFO - Sync 1 DAGs
[2023-05-30T11:00:06.102+0000] {logging_mixin.py:137} INFO - [2023-05-30T11:00:06.102+0000] {dag.py:3427} INFO - Setting next_dagrun for example_task_group_decorator to 2023-05-29T11:00:06.102401+00:00, run_after=2023-05-30T11:00:06.102401+00:00
[2023-05-30T11:00:06.136+0000] {processor.py:175} INFO - Processing /home/airflow/.local/lib/python3.7/site-packages/airflow/example_dags/example_task_group_decorator.py took 0.225 seconds
[2023-05-30T11:00:36.239+0000] {processor.py:153} INFO - Started process (PID=1658) to work on /home/airflow/.local/lib/python3.7/site-packages/airflow/example_dags/example_task_group_decorator.py
[2023-05-30T11:00:36.242+0000] {processor.py:743} INFO - Processing file /home/airflow/.local/lib/python3.7/site-packages/airflow/example_dags/example_task_group_decorator.py for tasks to queue
[2023-05-30T11:00:36.244+0000] {logging_mixin.py:137} INFO - [2023-05-30T11:00:36.244+0000] {dagbag.py:538} INFO - Filling up the DagBag from /home/airflow/.local/lib/python3.7/site-packages/airflow/example_dags/example_task_group_decorator.py
[2023-05-30T11:00:36.291+0000] {processor.py:753} INFO - DAG(s) dict_keys(['example_task_group_decorator']) retrieved from /home/airflow/.local/lib/python3.7/site-packages/airflow/example_dags/example_task_group_decorator.py
[2023-05-30T11:00:36.364+0000] {logging_mixin.py:137} INFO - [2023-05-30T11:00:36.364+0000] {dag.py:2676} INFO - Sync 1 DAGs
[2023-05-30T11:00:36.410+0000] {logging_mixin.py:137} INFO - [2023-05-30T11:00:36.410+0000] {dag.py:3427} INFO - Setting next_dagrun for example_task_group_decorator to 2023-05-29T11:00:36.409823+00:00, run_after=2023-05-30T11:00:36.409823+00:00
[2023-05-30T11:00:36.447+0000] {processor.py:175} INFO - Processing /home/airflow/.local/lib/python3.7/site-packages/airflow/example_dags/example_task_group_decorator.py took 0.213 seconds
[2023-05-30T11:01:06.770+0000] {processor.py:153} INFO - Started process (PID=1728) to work on /home/airflow/.local/lib/python3.7/site-packages/airflow/example_dags/example_task_group_decorator.py
[2023-05-30T11:01:06.773+0000] {processor.py:743} INFO - Processing file /home/airflow/.local/lib/python3.7/site-packages/airflow/example_dags/example_task_group_decorator.py for tasks to queue
[2023-05-30T11:01:06.775+0000] {logging_mixin.py:137} INFO - [2023-05-30T11:01:06.775+0000] {dagbag.py:538} INFO - Filling up the DagBag from /home/airflow/.local/lib/python3.7/site-packages/airflow/example_dags/example_task_group_decorator.py
[2023-05-30T11:01:06.813+0000] {processor.py:753} INFO - DAG(s) dict_keys(['example_task_group_decorator']) retrieved from /home/airflow/.local/lib/python3.7/site-packages/airflow/example_dags/example_task_group_decorator.py
[2023-05-30T11:01:06.862+0000] {logging_mixin.py:137} INFO - [2023-05-30T11:01:06.862+0000] {dag.py:2676} INFO - Sync 1 DAGs
[2023-05-30T11:01:06.899+0000] {logging_mixin.py:137} INFO - [2023-05-30T11:01:06.899+0000] {dag.py:3427} INFO - Setting next_dagrun for example_task_group_decorator to 2023-05-29T11:01:06.899328+00:00, run_after=2023-05-30T11:01:06.899328+00:00
[2023-05-30T11:01:06.931+0000] {processor.py:175} INFO - Processing /home/airflow/.local/lib/python3.7/site-packages/airflow/example_dags/example_task_group_decorator.py took 0.165 seconds
