[2023-05-30T10:49:19.563+0000] {processor.py:153} INFO - Started process (PID=53) to work on /home/airflow/.local/lib/python3.7/site-packages/airflow/example_dags/example_short_circuit_decorator.py
[2023-05-30T10:49:19.569+0000] {processor.py:743} INFO - Processing file /home/airflow/.local/lib/python3.7/site-packages/airflow/example_dags/example_short_circuit_decorator.py for tasks to queue
[2023-05-30T10:49:19.574+0000] {logging_mixin.py:137} INFO - [2023-05-30T10:49:19.574+0000] {dagbag.py:538} INFO - Filling up the DagBag from /home/airflow/.local/lib/python3.7/site-packages/airflow/example_dags/example_short_circuit_decorator.py
[2023-05-30T10:49:19.663+0000] {processor.py:753} INFO - DAG(s) dict_keys(['example_short_circuit_decorator']) retrieved from /home/airflow/.local/lib/python3.7/site-packages/airflow/example_dags/example_short_circuit_decorator.py
[2023-05-30T10:49:19.740+0000] {logging_mixin.py:137} INFO - [2023-05-30T10:49:19.739+0000] {dag.py:2676} INFO - Sync 1 DAGs
[2023-05-30T10:49:19.812+0000] {logging_mixin.py:137} INFO - [2023-05-30T10:49:19.812+0000] {dag.py:3427} INFO - Setting next_dagrun for example_short_circuit_decorator to 2023-05-29T10:49:19.811335+00:00, run_after=2023-05-30T10:49:19.811335+00:00
[2023-05-30T10:49:19.877+0000] {processor.py:175} INFO - Processing /home/airflow/.local/lib/python3.7/site-packages/airflow/example_dags/example_short_circuit_decorator.py took 0.326 seconds
[2023-05-30T10:49:50.141+0000] {processor.py:153} INFO - Started process (PID=120) to work on /home/airflow/.local/lib/python3.7/site-packages/airflow/example_dags/example_short_circuit_decorator.py
[2023-05-30T10:49:50.144+0000] {processor.py:743} INFO - Processing file /home/airflow/.local/lib/python3.7/site-packages/airflow/example_dags/example_short_circuit_decorator.py for tasks to queue
[2023-05-30T10:49:50.146+0000] {logging_mixin.py:137} INFO - [2023-05-30T10:49:50.145+0000] {dagbag.py:538} INFO - Filling up the DagBag from /home/airflow/.local/lib/python3.7/site-packages/airflow/example_dags/example_short_circuit_decorator.py
[2023-05-30T10:49:50.184+0000] {processor.py:753} INFO - DAG(s) dict_keys(['example_short_circuit_decorator']) retrieved from /home/airflow/.local/lib/python3.7/site-packages/airflow/example_dags/example_short_circuit_decorator.py
[2023-05-30T10:49:50.237+0000] {logging_mixin.py:137} INFO - [2023-05-30T10:49:50.237+0000] {dag.py:2676} INFO - Sync 1 DAGs
[2023-05-30T10:49:50.276+0000] {logging_mixin.py:137} INFO - [2023-05-30T10:49:50.276+0000] {dag.py:3427} INFO - Setting next_dagrun for example_short_circuit_decorator to 2023-05-29T10:49:50.275913+00:00, run_after=2023-05-30T10:49:50.275913+00:00
[2023-05-30T10:49:50.303+0000] {processor.py:175} INFO - Processing /home/airflow/.local/lib/python3.7/site-packages/airflow/example_dags/example_short_circuit_decorator.py took 0.167 seconds
[2023-05-30T10:50:20.466+0000] {processor.py:153} INFO - Started process (PID=186) to work on /home/airflow/.local/lib/python3.7/site-packages/airflow/example_dags/example_short_circuit_decorator.py
[2023-05-30T10:50:20.468+0000] {processor.py:743} INFO - Processing file /home/airflow/.local/lib/python3.7/site-packages/airflow/example_dags/example_short_circuit_decorator.py for tasks to queue
[2023-05-30T10:50:20.470+0000] {logging_mixin.py:137} INFO - [2023-05-30T10:50:20.470+0000] {dagbag.py:538} INFO - Filling up the DagBag from /home/airflow/.local/lib/python3.7/site-packages/airflow/example_dags/example_short_circuit_decorator.py
[2023-05-30T10:50:20.503+0000] {processor.py:753} INFO - DAG(s) dict_keys(['example_short_circuit_decorator']) retrieved from /home/airflow/.local/lib/python3.7/site-packages/airflow/example_dags/example_short_circuit_decorator.py
[2023-05-30T10:50:20.552+0000] {logging_mixin.py:137} INFO - [2023-05-30T10:50:20.552+0000] {dag.py:2676} INFO - Sync 1 DAGs
[2023-05-30T10:50:20.583+0000] {logging_mixin.py:137} INFO - [2023-05-30T10:50:20.583+0000] {dag.py:3427} INFO - Setting next_dagrun for example_short_circuit_decorator to 2023-05-29T10:50:20.582985+00:00, run_after=2023-05-30T10:50:20.582985+00:00
[2023-05-30T10:50:20.608+0000] {processor.py:175} INFO - Processing /home/airflow/.local/lib/python3.7/site-packages/airflow/example_dags/example_short_circuit_decorator.py took 0.146 seconds
[2023-05-30T10:50:50.752+0000] {processor.py:153} INFO - Started process (PID=265) to work on /home/airflow/.local/lib/python3.7/site-packages/airflow/example_dags/example_short_circuit_decorator.py
[2023-05-30T10:50:50.754+0000] {processor.py:743} INFO - Processing file /home/airflow/.local/lib/python3.7/site-packages/airflow/example_dags/example_short_circuit_decorator.py for tasks to queue
[2023-05-30T10:50:50.756+0000] {logging_mixin.py:137} INFO - [2023-05-30T10:50:50.756+0000] {dagbag.py:538} INFO - Filling up the DagBag from /home/airflow/.local/lib/python3.7/site-packages/airflow/example_dags/example_short_circuit_decorator.py
[2023-05-30T10:50:50.791+0000] {processor.py:753} INFO - DAG(s) dict_keys(['example_short_circuit_decorator']) retrieved from /home/airflow/.local/lib/python3.7/site-packages/airflow/example_dags/example_short_circuit_decorator.py
[2023-05-30T10:50:50.842+0000] {logging_mixin.py:137} INFO - [2023-05-30T10:50:50.841+0000] {dag.py:2676} INFO - Sync 1 DAGs
[2023-05-30T10:50:50.875+0000] {logging_mixin.py:137} INFO - [2023-05-30T10:50:50.875+0000] {dag.py:3427} INFO - Setting next_dagrun for example_short_circuit_decorator to 2023-05-29T10:50:50.874796+00:00, run_after=2023-05-30T10:50:50.874796+00:00
[2023-05-30T10:50:50.899+0000] {processor.py:175} INFO - Processing /home/airflow/.local/lib/python3.7/site-packages/airflow/example_dags/example_short_circuit_decorator.py took 0.151 seconds
[2023-05-30T10:51:21.214+0000] {processor.py:153} INFO - Started process (PID=330) to work on /home/airflow/.local/lib/python3.7/site-packages/airflow/example_dags/example_short_circuit_decorator.py
[2023-05-30T10:51:21.216+0000] {processor.py:743} INFO - Processing file /home/airflow/.local/lib/python3.7/site-packages/airflow/example_dags/example_short_circuit_decorator.py for tasks to queue
[2023-05-30T10:51:21.219+0000] {logging_mixin.py:137} INFO - [2023-05-30T10:51:21.218+0000] {dagbag.py:538} INFO - Filling up the DagBag from /home/airflow/.local/lib/python3.7/site-packages/airflow/example_dags/example_short_circuit_decorator.py
[2023-05-30T10:51:21.265+0000] {processor.py:753} INFO - DAG(s) dict_keys(['example_short_circuit_decorator']) retrieved from /home/airflow/.local/lib/python3.7/site-packages/airflow/example_dags/example_short_circuit_decorator.py
[2023-05-30T10:51:21.332+0000] {logging_mixin.py:137} INFO - [2023-05-30T10:51:21.332+0000] {dag.py:2676} INFO - Sync 1 DAGs
[2023-05-30T10:51:21.373+0000] {logging_mixin.py:137} INFO - [2023-05-30T10:51:21.372+0000] {dag.py:3427} INFO - Setting next_dagrun for example_short_circuit_decorator to 2023-05-29T10:51:21.372501+00:00, run_after=2023-05-30T10:51:21.372501+00:00
[2023-05-30T10:51:21.403+0000] {processor.py:175} INFO - Processing /home/airflow/.local/lib/python3.7/site-packages/airflow/example_dags/example_short_circuit_decorator.py took 0.196 seconds
[2023-05-30T10:51:51.599+0000] {processor.py:153} INFO - Started process (PID=404) to work on /home/airflow/.local/lib/python3.7/site-packages/airflow/example_dags/example_short_circuit_decorator.py
[2023-05-30T10:51:51.602+0000] {processor.py:743} INFO - Processing file /home/airflow/.local/lib/python3.7/site-packages/airflow/example_dags/example_short_circuit_decorator.py for tasks to queue
[2023-05-30T10:51:51.604+0000] {logging_mixin.py:137} INFO - [2023-05-30T10:51:51.604+0000] {dagbag.py:538} INFO - Filling up the DagBag from /home/airflow/.local/lib/python3.7/site-packages/airflow/example_dags/example_short_circuit_decorator.py
[2023-05-30T10:51:51.643+0000] {processor.py:753} INFO - DAG(s) dict_keys(['example_short_circuit_decorator']) retrieved from /home/airflow/.local/lib/python3.7/site-packages/airflow/example_dags/example_short_circuit_decorator.py
[2023-05-30T10:51:51.710+0000] {logging_mixin.py:137} INFO - [2023-05-30T10:51:51.710+0000] {dag.py:2676} INFO - Sync 1 DAGs
[2023-05-30T10:51:51.755+0000] {logging_mixin.py:137} INFO - [2023-05-30T10:51:51.755+0000] {dag.py:3427} INFO - Setting next_dagrun for example_short_circuit_decorator to 2023-05-29T10:51:51.754614+00:00, run_after=2023-05-30T10:51:51.754614+00:00
[2023-05-30T10:51:51.788+0000] {processor.py:175} INFO - Processing /home/airflow/.local/lib/python3.7/site-packages/airflow/example_dags/example_short_circuit_decorator.py took 0.193 seconds
[2023-05-30T10:52:21.838+0000] {processor.py:153} INFO - Started process (PID=475) to work on /home/airflow/.local/lib/python3.7/site-packages/airflow/example_dags/example_short_circuit_decorator.py
[2023-05-30T10:52:21.841+0000] {processor.py:743} INFO - Processing file /home/airflow/.local/lib/python3.7/site-packages/airflow/example_dags/example_short_circuit_decorator.py for tasks to queue
[2023-05-30T10:52:21.844+0000] {logging_mixin.py:137} INFO - [2023-05-30T10:52:21.844+0000] {dagbag.py:538} INFO - Filling up the DagBag from /home/airflow/.local/lib/python3.7/site-packages/airflow/example_dags/example_short_circuit_decorator.py
[2023-05-30T10:52:21.889+0000] {processor.py:753} INFO - DAG(s) dict_keys(['example_short_circuit_decorator']) retrieved from /home/airflow/.local/lib/python3.7/site-packages/airflow/example_dags/example_short_circuit_decorator.py
[2023-05-30T10:52:21.954+0000] {logging_mixin.py:137} INFO - [2023-05-30T10:52:21.953+0000] {dag.py:2676} INFO - Sync 1 DAGs
[2023-05-30T10:52:21.997+0000] {logging_mixin.py:137} INFO - [2023-05-30T10:52:21.997+0000] {dag.py:3427} INFO - Setting next_dagrun for example_short_circuit_decorator to 2023-05-29T10:52:21.996753+00:00, run_after=2023-05-30T10:52:21.996753+00:00
[2023-05-30T10:52:22.028+0000] {processor.py:175} INFO - Processing /home/airflow/.local/lib/python3.7/site-packages/airflow/example_dags/example_short_circuit_decorator.py took 0.195 seconds
[2023-05-30T10:52:52.243+0000] {processor.py:153} INFO - Started process (PID=541) to work on /home/airflow/.local/lib/python3.7/site-packages/airflow/example_dags/example_short_circuit_decorator.py
[2023-05-30T10:52:52.245+0000] {processor.py:743} INFO - Processing file /home/airflow/.local/lib/python3.7/site-packages/airflow/example_dags/example_short_circuit_decorator.py for tasks to queue
[2023-05-30T10:52:52.247+0000] {logging_mixin.py:137} INFO - [2023-05-30T10:52:52.247+0000] {dagbag.py:538} INFO - Filling up the DagBag from /home/airflow/.local/lib/python3.7/site-packages/airflow/example_dags/example_short_circuit_decorator.py
[2023-05-30T10:52:52.283+0000] {processor.py:753} INFO - DAG(s) dict_keys(['example_short_circuit_decorator']) retrieved from /home/airflow/.local/lib/python3.7/site-packages/airflow/example_dags/example_short_circuit_decorator.py
[2023-05-30T10:52:52.339+0000] {logging_mixin.py:137} INFO - [2023-05-30T10:52:52.339+0000] {dag.py:2676} INFO - Sync 1 DAGs
[2023-05-30T10:52:52.374+0000] {logging_mixin.py:137} INFO - [2023-05-30T10:52:52.374+0000] {dag.py:3427} INFO - Setting next_dagrun for example_short_circuit_decorator to 2023-05-29T10:52:52.373995+00:00, run_after=2023-05-30T10:52:52.373995+00:00
[2023-05-30T10:52:52.400+0000] {processor.py:175} INFO - Processing /home/airflow/.local/lib/python3.7/site-packages/airflow/example_dags/example_short_circuit_decorator.py took 0.162 seconds
[2023-05-30T10:53:22.575+0000] {processor.py:153} INFO - Started process (PID=621) to work on /home/airflow/.local/lib/python3.7/site-packages/airflow/example_dags/example_short_circuit_decorator.py
[2023-05-30T10:53:22.578+0000] {processor.py:743} INFO - Processing file /home/airflow/.local/lib/python3.7/site-packages/airflow/example_dags/example_short_circuit_decorator.py for tasks to queue
[2023-05-30T10:53:22.580+0000] {logging_mixin.py:137} INFO - [2023-05-30T10:53:22.580+0000] {dagbag.py:538} INFO - Filling up the DagBag from /home/airflow/.local/lib/python3.7/site-packages/airflow/example_dags/example_short_circuit_decorator.py
[2023-05-30T10:53:22.618+0000] {processor.py:753} INFO - DAG(s) dict_keys(['example_short_circuit_decorator']) retrieved from /home/airflow/.local/lib/python3.7/site-packages/airflow/example_dags/example_short_circuit_decorator.py
[2023-05-30T10:53:22.677+0000] {logging_mixin.py:137} INFO - [2023-05-30T10:53:22.676+0000] {dag.py:2676} INFO - Sync 1 DAGs
[2023-05-30T10:53:22.713+0000] {logging_mixin.py:137} INFO - [2023-05-30T10:53:22.713+0000] {dag.py:3427} INFO - Setting next_dagrun for example_short_circuit_decorator to 2023-05-29T10:53:22.713198+00:00, run_after=2023-05-30T10:53:22.713198+00:00
[2023-05-30T10:53:22.741+0000] {processor.py:175} INFO - Processing /home/airflow/.local/lib/python3.7/site-packages/airflow/example_dags/example_short_circuit_decorator.py took 0.172 seconds
[2023-05-30T10:53:52.965+0000] {processor.py:153} INFO - Started process (PID=687) to work on /home/airflow/.local/lib/python3.7/site-packages/airflow/example_dags/example_short_circuit_decorator.py
[2023-05-30T10:53:52.967+0000] {processor.py:743} INFO - Processing file /home/airflow/.local/lib/python3.7/site-packages/airflow/example_dags/example_short_circuit_decorator.py for tasks to queue
[2023-05-30T10:53:52.969+0000] {logging_mixin.py:137} INFO - [2023-05-30T10:53:52.968+0000] {dagbag.py:538} INFO - Filling up the DagBag from /home/airflow/.local/lib/python3.7/site-packages/airflow/example_dags/example_short_circuit_decorator.py
[2023-05-30T10:53:53.004+0000] {processor.py:753} INFO - DAG(s) dict_keys(['example_short_circuit_decorator']) retrieved from /home/airflow/.local/lib/python3.7/site-packages/airflow/example_dags/example_short_circuit_decorator.py
[2023-05-30T10:53:53.059+0000] {logging_mixin.py:137} INFO - [2023-05-30T10:53:53.059+0000] {dag.py:2676} INFO - Sync 1 DAGs
[2023-05-30T10:53:53.095+0000] {logging_mixin.py:137} INFO - [2023-05-30T10:53:53.095+0000] {dag.py:3427} INFO - Setting next_dagrun for example_short_circuit_decorator to 2023-05-29T10:53:53.094910+00:00, run_after=2023-05-30T10:53:53.094910+00:00
[2023-05-30T10:53:53.121+0000] {processor.py:175} INFO - Processing /home/airflow/.local/lib/python3.7/site-packages/airflow/example_dags/example_short_circuit_decorator.py took 0.160 seconds
[2023-05-30T10:54:24.080+0000] {processor.py:153} INFO - Started process (PID=762) to work on /home/airflow/.local/lib/python3.7/site-packages/airflow/example_dags/example_short_circuit_decorator.py
[2023-05-30T10:54:24.082+0000] {processor.py:743} INFO - Processing file /home/airflow/.local/lib/python3.7/site-packages/airflow/example_dags/example_short_circuit_decorator.py for tasks to queue
[2023-05-30T10:54:24.083+0000] {logging_mixin.py:137} INFO - [2023-05-30T10:54:24.083+0000] {dagbag.py:538} INFO - Filling up the DagBag from /home/airflow/.local/lib/python3.7/site-packages/airflow/example_dags/example_short_circuit_decorator.py
[2023-05-30T10:54:24.119+0000] {processor.py:753} INFO - DAG(s) dict_keys(['example_short_circuit_decorator']) retrieved from /home/airflow/.local/lib/python3.7/site-packages/airflow/example_dags/example_short_circuit_decorator.py
[2023-05-30T10:54:24.179+0000] {logging_mixin.py:137} INFO - [2023-05-30T10:54:24.179+0000] {dag.py:2676} INFO - Sync 1 DAGs
[2023-05-30T10:54:24.221+0000] {logging_mixin.py:137} INFO - [2023-05-30T10:54:24.221+0000] {dag.py:3427} INFO - Setting next_dagrun for example_short_circuit_decorator to 2023-05-29T10:54:24.221091+00:00, run_after=2023-05-30T10:54:24.221091+00:00
[2023-05-30T10:54:24.254+0000] {processor.py:175} INFO - Processing /home/airflow/.local/lib/python3.7/site-packages/airflow/example_dags/example_short_circuit_decorator.py took 0.179 seconds
[2023-05-30T10:54:55.054+0000] {processor.py:153} INFO - Started process (PID=833) to work on /home/airflow/.local/lib/python3.7/site-packages/airflow/example_dags/example_short_circuit_decorator.py
[2023-05-30T10:54:55.057+0000] {processor.py:743} INFO - Processing file /home/airflow/.local/lib/python3.7/site-packages/airflow/example_dags/example_short_circuit_decorator.py for tasks to queue
[2023-05-30T10:54:55.058+0000] {logging_mixin.py:137} INFO - [2023-05-30T10:54:55.058+0000] {dagbag.py:538} INFO - Filling up the DagBag from /home/airflow/.local/lib/python3.7/site-packages/airflow/example_dags/example_short_circuit_decorator.py
[2023-05-30T10:54:55.094+0000] {processor.py:753} INFO - DAG(s) dict_keys(['example_short_circuit_decorator']) retrieved from /home/airflow/.local/lib/python3.7/site-packages/airflow/example_dags/example_short_circuit_decorator.py
[2023-05-30T10:54:55.149+0000] {logging_mixin.py:137} INFO - [2023-05-30T10:54:55.149+0000] {dag.py:2676} INFO - Sync 1 DAGs
[2023-05-30T10:54:55.184+0000] {logging_mixin.py:137} INFO - [2023-05-30T10:54:55.184+0000] {dag.py:3427} INFO - Setting next_dagrun for example_short_circuit_decorator to 2023-05-29T10:54:55.183800+00:00, run_after=2023-05-30T10:54:55.183800+00:00
[2023-05-30T10:54:55.210+0000] {processor.py:175} INFO - Processing /home/airflow/.local/lib/python3.7/site-packages/airflow/example_dags/example_short_circuit_decorator.py took 0.161 seconds
[2023-05-30T10:55:25.947+0000] {processor.py:153} INFO - Started process (PID=899) to work on /home/airflow/.local/lib/python3.7/site-packages/airflow/example_dags/example_short_circuit_decorator.py
[2023-05-30T10:55:25.949+0000] {processor.py:743} INFO - Processing file /home/airflow/.local/lib/python3.7/site-packages/airflow/example_dags/example_short_circuit_decorator.py for tasks to queue
[2023-05-30T10:55:25.951+0000] {logging_mixin.py:137} INFO - [2023-05-30T10:55:25.951+0000] {dagbag.py:538} INFO - Filling up the DagBag from /home/airflow/.local/lib/python3.7/site-packages/airflow/example_dags/example_short_circuit_decorator.py
[2023-05-30T10:55:25.987+0000] {processor.py:753} INFO - DAG(s) dict_keys(['example_short_circuit_decorator']) retrieved from /home/airflow/.local/lib/python3.7/site-packages/airflow/example_dags/example_short_circuit_decorator.py
[2023-05-30T10:55:26.044+0000] {logging_mixin.py:137} INFO - [2023-05-30T10:55:26.044+0000] {dag.py:2676} INFO - Sync 1 DAGs
[2023-05-30T10:55:26.081+0000] {logging_mixin.py:137} INFO - [2023-05-30T10:55:26.081+0000] {dag.py:3427} INFO - Setting next_dagrun for example_short_circuit_decorator to 2023-05-29T10:55:26.080787+00:00, run_after=2023-05-30T10:55:26.080787+00:00
[2023-05-30T10:55:26.113+0000] {processor.py:175} INFO - Processing /home/airflow/.local/lib/python3.7/site-packages/airflow/example_dags/example_short_circuit_decorator.py took 0.171 seconds
[2023-05-30T10:55:56.345+0000] {processor.py:153} INFO - Started process (PID=978) to work on /home/airflow/.local/lib/python3.7/site-packages/airflow/example_dags/example_short_circuit_decorator.py
[2023-05-30T10:55:56.347+0000] {processor.py:743} INFO - Processing file /home/airflow/.local/lib/python3.7/site-packages/airflow/example_dags/example_short_circuit_decorator.py for tasks to queue
[2023-05-30T10:55:56.349+0000] {logging_mixin.py:137} INFO - [2023-05-30T10:55:56.349+0000] {dagbag.py:538} INFO - Filling up the DagBag from /home/airflow/.local/lib/python3.7/site-packages/airflow/example_dags/example_short_circuit_decorator.py
[2023-05-30T10:55:56.382+0000] {processor.py:753} INFO - DAG(s) dict_keys(['example_short_circuit_decorator']) retrieved from /home/airflow/.local/lib/python3.7/site-packages/airflow/example_dags/example_short_circuit_decorator.py
[2023-05-30T10:55:56.432+0000] {logging_mixin.py:137} INFO - [2023-05-30T10:55:56.432+0000] {dag.py:2676} INFO - Sync 1 DAGs
[2023-05-30T10:55:56.467+0000] {logging_mixin.py:137} INFO - [2023-05-30T10:55:56.467+0000] {dag.py:3427} INFO - Setting next_dagrun for example_short_circuit_decorator to 2023-05-29T10:55:56.467370+00:00, run_after=2023-05-30T10:55:56.467370+00:00
[2023-05-30T10:55:56.495+0000] {processor.py:175} INFO - Processing /home/airflow/.local/lib/python3.7/site-packages/airflow/example_dags/example_short_circuit_decorator.py took 0.154 seconds
[2023-05-30T10:56:26.906+0000] {processor.py:153} INFO - Started process (PID=1044) to work on /home/airflow/.local/lib/python3.7/site-packages/airflow/example_dags/example_short_circuit_decorator.py
[2023-05-30T10:56:26.909+0000] {processor.py:743} INFO - Processing file /home/airflow/.local/lib/python3.7/site-packages/airflow/example_dags/example_short_circuit_decorator.py for tasks to queue
[2023-05-30T10:56:26.912+0000] {logging_mixin.py:137} INFO - [2023-05-30T10:56:26.912+0000] {dagbag.py:538} INFO - Filling up the DagBag from /home/airflow/.local/lib/python3.7/site-packages/airflow/example_dags/example_short_circuit_decorator.py
[2023-05-30T10:56:26.951+0000] {processor.py:753} INFO - DAG(s) dict_keys(['example_short_circuit_decorator']) retrieved from /home/airflow/.local/lib/python3.7/site-packages/airflow/example_dags/example_short_circuit_decorator.py
[2023-05-30T10:56:27.015+0000] {logging_mixin.py:137} INFO - [2023-05-30T10:56:27.015+0000] {dag.py:2676} INFO - Sync 1 DAGs
[2023-05-30T10:56:27.052+0000] {logging_mixin.py:137} INFO - [2023-05-30T10:56:27.051+0000] {dag.py:3427} INFO - Setting next_dagrun for example_short_circuit_decorator to 2023-05-29T10:56:27.051570+00:00, run_after=2023-05-30T10:56:27.051570+00:00
[2023-05-30T10:56:27.078+0000] {processor.py:175} INFO - Processing /home/airflow/.local/lib/python3.7/site-packages/airflow/example_dags/example_short_circuit_decorator.py took 0.177 seconds
[2023-05-30T10:56:57.145+0000] {processor.py:153} INFO - Started process (PID=1124) to work on /home/airflow/.local/lib/python3.7/site-packages/airflow/example_dags/example_short_circuit_decorator.py
[2023-05-30T10:56:57.148+0000] {processor.py:743} INFO - Processing file /home/airflow/.local/lib/python3.7/site-packages/airflow/example_dags/example_short_circuit_decorator.py for tasks to queue
[2023-05-30T10:56:57.150+0000] {logging_mixin.py:137} INFO - [2023-05-30T10:56:57.150+0000] {dagbag.py:538} INFO - Filling up the DagBag from /home/airflow/.local/lib/python3.7/site-packages/airflow/example_dags/example_short_circuit_decorator.py
[2023-05-30T10:56:57.199+0000] {processor.py:753} INFO - DAG(s) dict_keys(['example_short_circuit_decorator']) retrieved from /home/airflow/.local/lib/python3.7/site-packages/airflow/example_dags/example_short_circuit_decorator.py
[2023-05-30T10:56:57.278+0000] {logging_mixin.py:137} INFO - [2023-05-30T10:56:57.278+0000] {dag.py:2676} INFO - Sync 1 DAGs
[2023-05-30T10:56:57.318+0000] {logging_mixin.py:137} INFO - [2023-05-30T10:56:57.318+0000] {dag.py:3427} INFO - Setting next_dagrun for example_short_circuit_decorator to 2023-05-29T10:56:57.318432+00:00, run_after=2023-05-30T10:56:57.318432+00:00
[2023-05-30T10:56:57.345+0000] {processor.py:175} INFO - Processing /home/airflow/.local/lib/python3.7/site-packages/airflow/example_dags/example_short_circuit_decorator.py took 0.206 seconds
[2023-05-30T10:57:27.666+0000] {processor.py:153} INFO - Started process (PID=1190) to work on /home/airflow/.local/lib/python3.7/site-packages/airflow/example_dags/example_short_circuit_decorator.py
[2023-05-30T10:57:27.669+0000] {processor.py:743} INFO - Processing file /home/airflow/.local/lib/python3.7/site-packages/airflow/example_dags/example_short_circuit_decorator.py for tasks to queue
[2023-05-30T10:57:27.671+0000] {logging_mixin.py:137} INFO - [2023-05-30T10:57:27.671+0000] {dagbag.py:538} INFO - Filling up the DagBag from /home/airflow/.local/lib/python3.7/site-packages/airflow/example_dags/example_short_circuit_decorator.py
[2023-05-30T10:57:27.718+0000] {processor.py:753} INFO - DAG(s) dict_keys(['example_short_circuit_decorator']) retrieved from /home/airflow/.local/lib/python3.7/site-packages/airflow/example_dags/example_short_circuit_decorator.py
[2023-05-30T10:57:27.793+0000] {logging_mixin.py:137} INFO - [2023-05-30T10:57:27.793+0000] {dag.py:2676} INFO - Sync 1 DAGs
[2023-05-30T10:57:27.835+0000] {logging_mixin.py:137} INFO - [2023-05-30T10:57:27.835+0000] {dag.py:3427} INFO - Setting next_dagrun for example_short_circuit_decorator to 2023-05-29T10:57:27.835318+00:00, run_after=2023-05-30T10:57:27.835318+00:00
[2023-05-30T10:57:27.865+0000] {processor.py:175} INFO - Processing /home/airflow/.local/lib/python3.7/site-packages/airflow/example_dags/example_short_circuit_decorator.py took 0.205 seconds
[2023-05-30T10:57:58.271+0000] {processor.py:153} INFO - Started process (PID=1255) to work on /home/airflow/.local/lib/python3.7/site-packages/airflow/example_dags/example_short_circuit_decorator.py
[2023-05-30T10:57:58.276+0000] {processor.py:743} INFO - Processing file /home/airflow/.local/lib/python3.7/site-packages/airflow/example_dags/example_short_circuit_decorator.py for tasks to queue
[2023-05-30T10:57:58.278+0000] {logging_mixin.py:137} INFO - [2023-05-30T10:57:58.278+0000] {dagbag.py:538} INFO - Filling up the DagBag from /home/airflow/.local/lib/python3.7/site-packages/airflow/example_dags/example_short_circuit_decorator.py
[2023-05-30T10:57:58.320+0000] {processor.py:753} INFO - DAG(s) dict_keys(['example_short_circuit_decorator']) retrieved from /home/airflow/.local/lib/python3.7/site-packages/airflow/example_dags/example_short_circuit_decorator.py
[2023-05-30T10:57:58.386+0000] {logging_mixin.py:137} INFO - [2023-05-30T10:57:58.386+0000] {dag.py:2676} INFO - Sync 1 DAGs
[2023-05-30T10:57:58.427+0000] {logging_mixin.py:137} INFO - [2023-05-30T10:57:58.427+0000] {dag.py:3427} INFO - Setting next_dagrun for example_short_circuit_decorator to 2023-05-29T10:57:58.427377+00:00, run_after=2023-05-30T10:57:58.427377+00:00
[2023-05-30T10:57:58.457+0000] {processor.py:175} INFO - Processing /home/airflow/.local/lib/python3.7/site-packages/airflow/example_dags/example_short_circuit_decorator.py took 0.191 seconds
[2023-05-30T10:58:28.707+0000] {processor.py:153} INFO - Started process (PID=1349) to work on /home/airflow/.local/lib/python3.7/site-packages/airflow/example_dags/example_short_circuit_decorator.py
[2023-05-30T10:58:28.710+0000] {processor.py:743} INFO - Processing file /home/airflow/.local/lib/python3.7/site-packages/airflow/example_dags/example_short_circuit_decorator.py for tasks to queue
[2023-05-30T10:58:28.711+0000] {logging_mixin.py:137} INFO - [2023-05-30T10:58:28.711+0000] {dagbag.py:538} INFO - Filling up the DagBag from /home/airflow/.local/lib/python3.7/site-packages/airflow/example_dags/example_short_circuit_decorator.py
[2023-05-30T10:58:28.743+0000] {processor.py:753} INFO - DAG(s) dict_keys(['example_short_circuit_decorator']) retrieved from /home/airflow/.local/lib/python3.7/site-packages/airflow/example_dags/example_short_circuit_decorator.py
[2023-05-30T10:58:28.792+0000] {logging_mixin.py:137} INFO - [2023-05-30T10:58:28.792+0000] {dag.py:2676} INFO - Sync 1 DAGs
[2023-05-30T10:58:28.827+0000] {logging_mixin.py:137} INFO - [2023-05-30T10:58:28.826+0000] {dag.py:3427} INFO - Setting next_dagrun for example_short_circuit_decorator to 2023-05-29T10:58:28.826425+00:00, run_after=2023-05-30T10:58:28.826425+00:00
[2023-05-30T10:58:28.852+0000] {processor.py:175} INFO - Processing /home/airflow/.local/lib/python3.7/site-packages/airflow/example_dags/example_short_circuit_decorator.py took 0.149 seconds
[2023-05-30T10:58:59.109+0000] {processor.py:153} INFO - Started process (PID=1415) to work on /home/airflow/.local/lib/python3.7/site-packages/airflow/example_dags/example_short_circuit_decorator.py
[2023-05-30T10:58:59.112+0000] {processor.py:743} INFO - Processing file /home/airflow/.local/lib/python3.7/site-packages/airflow/example_dags/example_short_circuit_decorator.py for tasks to queue
[2023-05-30T10:58:59.114+0000] {logging_mixin.py:137} INFO - [2023-05-30T10:58:59.114+0000] {dagbag.py:538} INFO - Filling up the DagBag from /home/airflow/.local/lib/python3.7/site-packages/airflow/example_dags/example_short_circuit_decorator.py
[2023-05-30T10:58:59.153+0000] {processor.py:753} INFO - DAG(s) dict_keys(['example_short_circuit_decorator']) retrieved from /home/airflow/.local/lib/python3.7/site-packages/airflow/example_dags/example_short_circuit_decorator.py
[2023-05-30T10:58:59.213+0000] {logging_mixin.py:137} INFO - [2023-05-30T10:58:59.213+0000] {dag.py:2676} INFO - Sync 1 DAGs
[2023-05-30T10:58:59.254+0000] {logging_mixin.py:137} INFO - [2023-05-30T10:58:59.254+0000] {dag.py:3427} INFO - Setting next_dagrun for example_short_circuit_decorator to 2023-05-29T10:58:59.253709+00:00, run_after=2023-05-30T10:58:59.253709+00:00
[2023-05-30T10:58:59.283+0000] {processor.py:175} INFO - Processing /home/airflow/.local/lib/python3.7/site-packages/airflow/example_dags/example_short_circuit_decorator.py took 0.179 seconds
[2023-05-30T10:59:29.595+0000] {processor.py:153} INFO - Started process (PID=1481) to work on /home/airflow/.local/lib/python3.7/site-packages/airflow/example_dags/example_short_circuit_decorator.py
[2023-05-30T10:59:29.597+0000] {processor.py:743} INFO - Processing file /home/airflow/.local/lib/python3.7/site-packages/airflow/example_dags/example_short_circuit_decorator.py for tasks to queue
[2023-05-30T10:59:29.599+0000] {logging_mixin.py:137} INFO - [2023-05-30T10:59:29.599+0000] {dagbag.py:538} INFO - Filling up the DagBag from /home/airflow/.local/lib/python3.7/site-packages/airflow/example_dags/example_short_circuit_decorator.py
[2023-05-30T10:59:29.635+0000] {processor.py:753} INFO - DAG(s) dict_keys(['example_short_circuit_decorator']) retrieved from /home/airflow/.local/lib/python3.7/site-packages/airflow/example_dags/example_short_circuit_decorator.py
[2023-05-30T10:59:29.694+0000] {logging_mixin.py:137} INFO - [2023-05-30T10:59:29.694+0000] {dag.py:2676} INFO - Sync 1 DAGs
[2023-05-30T10:59:29.731+0000] {logging_mixin.py:137} INFO - [2023-05-30T10:59:29.731+0000] {dag.py:3427} INFO - Setting next_dagrun for example_short_circuit_decorator to 2023-05-29T10:59:29.731222+00:00, run_after=2023-05-30T10:59:29.731222+00:00
[2023-05-30T10:59:29.761+0000] {processor.py:175} INFO - Processing /home/airflow/.local/lib/python3.7/site-packages/airflow/example_dags/example_short_circuit_decorator.py took 0.173 seconds
[2023-05-30T11:00:00.168+0000] {processor.py:153} INFO - Started process (PID=1561) to work on /home/airflow/.local/lib/python3.7/site-packages/airflow/example_dags/example_short_circuit_decorator.py
[2023-05-30T11:00:00.171+0000] {processor.py:743} INFO - Processing file /home/airflow/.local/lib/python3.7/site-packages/airflow/example_dags/example_short_circuit_decorator.py for tasks to queue
[2023-05-30T11:00:00.172+0000] {logging_mixin.py:137} INFO - [2023-05-30T11:00:00.172+0000] {dagbag.py:538} INFO - Filling up the DagBag from /home/airflow/.local/lib/python3.7/site-packages/airflow/example_dags/example_short_circuit_decorator.py
[2023-05-30T11:00:00.208+0000] {processor.py:753} INFO - DAG(s) dict_keys(['example_short_circuit_decorator']) retrieved from /home/airflow/.local/lib/python3.7/site-packages/airflow/example_dags/example_short_circuit_decorator.py
[2023-05-30T11:00:00.268+0000] {logging_mixin.py:137} INFO - [2023-05-30T11:00:00.268+0000] {dag.py:2676} INFO - Sync 1 DAGs
[2023-05-30T11:00:00.312+0000] {logging_mixin.py:137} INFO - [2023-05-30T11:00:00.312+0000] {dag.py:3427} INFO - Setting next_dagrun for example_short_circuit_decorator to 2023-05-29T11:00:00.312135+00:00, run_after=2023-05-30T11:00:00.312135+00:00
[2023-05-30T11:00:00.344+0000] {processor.py:175} INFO - Processing /home/airflow/.local/lib/python3.7/site-packages/airflow/example_dags/example_short_circuit_decorator.py took 0.180 seconds
[2023-05-30T11:00:31.071+0000] {processor.py:153} INFO - Started process (PID=1627) to work on /home/airflow/.local/lib/python3.7/site-packages/airflow/example_dags/example_short_circuit_decorator.py
[2023-05-30T11:00:31.073+0000] {processor.py:743} INFO - Processing file /home/airflow/.local/lib/python3.7/site-packages/airflow/example_dags/example_short_circuit_decorator.py for tasks to queue
[2023-05-30T11:00:31.076+0000] {logging_mixin.py:137} INFO - [2023-05-30T11:00:31.075+0000] {dagbag.py:538} INFO - Filling up the DagBag from /home/airflow/.local/lib/python3.7/site-packages/airflow/example_dags/example_short_circuit_decorator.py
[2023-05-30T11:00:31.113+0000] {processor.py:753} INFO - DAG(s) dict_keys(['example_short_circuit_decorator']) retrieved from /home/airflow/.local/lib/python3.7/site-packages/airflow/example_dags/example_short_circuit_decorator.py
[2023-05-30T11:00:31.187+0000] {logging_mixin.py:137} INFO - [2023-05-30T11:00:31.187+0000] {dag.py:2676} INFO - Sync 1 DAGs
[2023-05-30T11:00:31.240+0000] {logging_mixin.py:137} INFO - [2023-05-30T11:00:31.239+0000] {dag.py:3427} INFO - Setting next_dagrun for example_short_circuit_decorator to 2023-05-29T11:00:31.239674+00:00, run_after=2023-05-30T11:00:31.239674+00:00
[2023-05-30T11:00:31.276+0000] {processor.py:175} INFO - Processing /home/airflow/.local/lib/python3.7/site-packages/airflow/example_dags/example_short_circuit_decorator.py took 0.211 seconds
[2023-05-30T11:01:01.526+0000] {processor.py:153} INFO - Started process (PID=1701) to work on /home/airflow/.local/lib/python3.7/site-packages/airflow/example_dags/example_short_circuit_decorator.py
[2023-05-30T11:01:01.529+0000] {processor.py:743} INFO - Processing file /home/airflow/.local/lib/python3.7/site-packages/airflow/example_dags/example_short_circuit_decorator.py for tasks to queue
[2023-05-30T11:01:01.531+0000] {logging_mixin.py:137} INFO - [2023-05-30T11:01:01.531+0000] {dagbag.py:538} INFO - Filling up the DagBag from /home/airflow/.local/lib/python3.7/site-packages/airflow/example_dags/example_short_circuit_decorator.py
[2023-05-30T11:01:01.568+0000] {processor.py:753} INFO - DAG(s) dict_keys(['example_short_circuit_decorator']) retrieved from /home/airflow/.local/lib/python3.7/site-packages/airflow/example_dags/example_short_circuit_decorator.py
[2023-05-30T11:01:01.628+0000] {logging_mixin.py:137} INFO - [2023-05-30T11:01:01.628+0000] {dag.py:2676} INFO - Sync 1 DAGs
[2023-05-30T11:01:01.666+0000] {logging_mixin.py:137} INFO - [2023-05-30T11:01:01.666+0000] {dag.py:3427} INFO - Setting next_dagrun for example_short_circuit_decorator to 2023-05-29T11:01:01.666297+00:00, run_after=2023-05-30T11:01:01.666297+00:00
[2023-05-30T11:01:01.695+0000] {processor.py:175} INFO - Processing /home/airflow/.local/lib/python3.7/site-packages/airflow/example_dags/example_short_circuit_decorator.py took 0.174 seconds
