[2023-05-30T10:49:21.766+0000] {processor.py:153} INFO - Started process (PID=66) to work on /home/airflow/.local/lib/python3.7/site-packages/airflow/example_dags/example_latest_only.py
[2023-05-30T10:49:21.769+0000] {processor.py:743} INFO - Processing file /home/airflow/.local/lib/python3.7/site-packages/airflow/example_dags/example_latest_only.py for tasks to queue
[2023-05-30T10:49:21.772+0000] {logging_mixin.py:137} INFO - [2023-05-30T10:49:21.772+0000] {dagbag.py:538} INFO - Filling up the DagBag from /home/airflow/.local/lib/python3.7/site-packages/airflow/example_dags/example_latest_only.py
[2023-05-30T10:49:21.810+0000] {processor.py:753} INFO - DAG(s) dict_keys(['latest_only']) retrieved from /home/airflow/.local/lib/python3.7/site-packages/airflow/example_dags/example_latest_only.py
[2023-05-30T10:49:21.903+0000] {logging_mixin.py:137} INFO - [2023-05-30T10:49:21.902+0000] {dag.py:2676} INFO - Sync 1 DAGs
[2023-05-30T10:49:21.980+0000] {logging_mixin.py:137} INFO - [2023-05-30T10:49:21.980+0000] {dag.py:3427} INFO - Setting next_dagrun for latest_only to 2023-05-30T06:49:21.979221+00:00, run_after=2023-05-30T10:49:21.979221+00:00
[2023-05-30T10:49:22.033+0000] {processor.py:175} INFO - Processing /home/airflow/.local/lib/python3.7/site-packages/airflow/example_dags/example_latest_only.py took 0.281 seconds
[2023-05-30T10:49:52.752+0000] {processor.py:153} INFO - Started process (PID=133) to work on /home/airflow/.local/lib/python3.7/site-packages/airflow/example_dags/example_latest_only.py
[2023-05-30T10:49:52.755+0000] {processor.py:743} INFO - Processing file /home/airflow/.local/lib/python3.7/site-packages/airflow/example_dags/example_latest_only.py for tasks to queue
[2023-05-30T10:49:52.757+0000] {logging_mixin.py:137} INFO - [2023-05-30T10:49:52.757+0000] {dagbag.py:538} INFO - Filling up the DagBag from /home/airflow/.local/lib/python3.7/site-packages/airflow/example_dags/example_latest_only.py
[2023-05-30T10:49:52.782+0000] {processor.py:753} INFO - DAG(s) dict_keys(['latest_only']) retrieved from /home/airflow/.local/lib/python3.7/site-packages/airflow/example_dags/example_latest_only.py
[2023-05-30T10:49:52.833+0000] {logging_mixin.py:137} INFO - [2023-05-30T10:49:52.833+0000] {dag.py:2676} INFO - Sync 1 DAGs
[2023-05-30T10:49:52.869+0000] {logging_mixin.py:137} INFO - [2023-05-30T10:49:52.868+0000] {dag.py:3427} INFO - Setting next_dagrun for latest_only to 2023-05-30T06:49:52.868565+00:00, run_after=2023-05-30T10:49:52.868565+00:00
[2023-05-30T10:49:52.896+0000] {processor.py:175} INFO - Processing /home/airflow/.local/lib/python3.7/site-packages/airflow/example_dags/example_latest_only.py took 0.149 seconds
[2023-05-30T10:50:23.719+0000] {processor.py:153} INFO - Started process (PID=213) to work on /home/airflow/.local/lib/python3.7/site-packages/airflow/example_dags/example_latest_only.py
[2023-05-30T10:50:23.721+0000] {processor.py:743} INFO - Processing file /home/airflow/.local/lib/python3.7/site-packages/airflow/example_dags/example_latest_only.py for tasks to queue
[2023-05-30T10:50:23.723+0000] {logging_mixin.py:137} INFO - [2023-05-30T10:50:23.723+0000] {dagbag.py:538} INFO - Filling up the DagBag from /home/airflow/.local/lib/python3.7/site-packages/airflow/example_dags/example_latest_only.py
[2023-05-30T10:50:23.745+0000] {processor.py:753} INFO - DAG(s) dict_keys(['latest_only']) retrieved from /home/airflow/.local/lib/python3.7/site-packages/airflow/example_dags/example_latest_only.py
[2023-05-30T10:50:23.799+0000] {logging_mixin.py:137} INFO - [2023-05-30T10:50:23.799+0000] {dag.py:2676} INFO - Sync 1 DAGs
[2023-05-30T10:50:23.836+0000] {logging_mixin.py:137} INFO - [2023-05-30T10:50:23.836+0000] {dag.py:3427} INFO - Setting next_dagrun for latest_only to 2023-05-30T06:50:23.835860+00:00, run_after=2023-05-30T10:50:23.835860+00:00
[2023-05-30T10:50:23.865+0000] {processor.py:175} INFO - Processing /home/airflow/.local/lib/python3.7/site-packages/airflow/example_dags/example_latest_only.py took 0.152 seconds
[2023-05-30T10:50:54.051+0000] {processor.py:153} INFO - Started process (PID=278) to work on /home/airflow/.local/lib/python3.7/site-packages/airflow/example_dags/example_latest_only.py
[2023-05-30T10:50:54.055+0000] {processor.py:743} INFO - Processing file /home/airflow/.local/lib/python3.7/site-packages/airflow/example_dags/example_latest_only.py for tasks to queue
[2023-05-30T10:50:54.058+0000] {logging_mixin.py:137} INFO - [2023-05-30T10:50:54.058+0000] {dagbag.py:538} INFO - Filling up the DagBag from /home/airflow/.local/lib/python3.7/site-packages/airflow/example_dags/example_latest_only.py
[2023-05-30T10:50:54.082+0000] {processor.py:753} INFO - DAG(s) dict_keys(['latest_only']) retrieved from /home/airflow/.local/lib/python3.7/site-packages/airflow/example_dags/example_latest_only.py
[2023-05-30T10:50:54.133+0000] {logging_mixin.py:137} INFO - [2023-05-30T10:50:54.133+0000] {dag.py:2676} INFO - Sync 1 DAGs
[2023-05-30T10:50:54.171+0000] {logging_mixin.py:137} INFO - [2023-05-30T10:50:54.171+0000] {dag.py:3427} INFO - Setting next_dagrun for latest_only to 2023-05-30T06:50:54.170770+00:00, run_after=2023-05-30T10:50:54.170770+00:00
[2023-05-30T10:50:54.200+0000] {processor.py:175} INFO - Processing /home/airflow/.local/lib/python3.7/site-packages/airflow/example_dags/example_latest_only.py took 0.155 seconds
[2023-05-30T10:51:24.700+0000] {processor.py:153} INFO - Started process (PID=343) to work on /home/airflow/.local/lib/python3.7/site-packages/airflow/example_dags/example_latest_only.py
[2023-05-30T10:51:24.702+0000] {processor.py:743} INFO - Processing file /home/airflow/.local/lib/python3.7/site-packages/airflow/example_dags/example_latest_only.py for tasks to queue
[2023-05-30T10:51:24.704+0000] {logging_mixin.py:137} INFO - [2023-05-30T10:51:24.704+0000] {dagbag.py:538} INFO - Filling up the DagBag from /home/airflow/.local/lib/python3.7/site-packages/airflow/example_dags/example_latest_only.py
[2023-05-30T10:51:24.727+0000] {processor.py:753} INFO - DAG(s) dict_keys(['latest_only']) retrieved from /home/airflow/.local/lib/python3.7/site-packages/airflow/example_dags/example_latest_only.py
[2023-05-30T10:51:24.783+0000] {logging_mixin.py:137} INFO - [2023-05-30T10:51:24.783+0000] {dag.py:2676} INFO - Sync 1 DAGs
[2023-05-30T10:51:24.823+0000] {logging_mixin.py:137} INFO - [2023-05-30T10:51:24.823+0000] {dag.py:3427} INFO - Setting next_dagrun for latest_only to 2023-05-30T06:51:24.822753+00:00, run_after=2023-05-30T10:51:24.822753+00:00
[2023-05-30T10:51:24.853+0000] {processor.py:175} INFO - Processing /home/airflow/.local/lib/python3.7/site-packages/airflow/example_dags/example_latest_only.py took 0.160 seconds
[2023-05-30T10:51:54.978+0000] {processor.py:153} INFO - Started process (PID=422) to work on /home/airflow/.local/lib/python3.7/site-packages/airflow/example_dags/example_latest_only.py
[2023-05-30T10:51:54.980+0000] {processor.py:743} INFO - Processing file /home/airflow/.local/lib/python3.7/site-packages/airflow/example_dags/example_latest_only.py for tasks to queue
[2023-05-30T10:51:54.982+0000] {logging_mixin.py:137} INFO - [2023-05-30T10:51:54.982+0000] {dagbag.py:538} INFO - Filling up the DagBag from /home/airflow/.local/lib/python3.7/site-packages/airflow/example_dags/example_latest_only.py
[2023-05-30T10:51:55.006+0000] {processor.py:753} INFO - DAG(s) dict_keys(['latest_only']) retrieved from /home/airflow/.local/lib/python3.7/site-packages/airflow/example_dags/example_latest_only.py
[2023-05-30T10:51:55.060+0000] {logging_mixin.py:137} INFO - [2023-05-30T10:51:55.060+0000] {dag.py:2676} INFO - Sync 1 DAGs
[2023-05-30T10:51:55.099+0000] {logging_mixin.py:137} INFO - [2023-05-30T10:51:55.098+0000] {dag.py:3427} INFO - Setting next_dagrun for latest_only to 2023-05-30T06:51:55.098562+00:00, run_after=2023-05-30T10:51:55.098562+00:00
[2023-05-30T10:51:55.125+0000] {processor.py:175} INFO - Processing /home/airflow/.local/lib/python3.7/site-packages/airflow/example_dags/example_latest_only.py took 0.153 seconds
[2023-05-30T10:52:25.484+0000] {processor.py:153} INFO - Started process (PID=488) to work on /home/airflow/.local/lib/python3.7/site-packages/airflow/example_dags/example_latest_only.py
[2023-05-30T10:52:25.486+0000] {processor.py:743} INFO - Processing file /home/airflow/.local/lib/python3.7/site-packages/airflow/example_dags/example_latest_only.py for tasks to queue
[2023-05-30T10:52:25.488+0000] {logging_mixin.py:137} INFO - [2023-05-30T10:52:25.487+0000] {dagbag.py:538} INFO - Filling up the DagBag from /home/airflow/.local/lib/python3.7/site-packages/airflow/example_dags/example_latest_only.py
[2023-05-30T10:52:25.518+0000] {processor.py:753} INFO - DAG(s) dict_keys(['latest_only']) retrieved from /home/airflow/.local/lib/python3.7/site-packages/airflow/example_dags/example_latest_only.py
[2023-05-30T10:52:25.571+0000] {logging_mixin.py:137} INFO - [2023-05-30T10:52:25.571+0000] {dag.py:2676} INFO - Sync 1 DAGs
[2023-05-30T10:52:25.613+0000] {logging_mixin.py:137} INFO - [2023-05-30T10:52:25.613+0000] {dag.py:3427} INFO - Setting next_dagrun for latest_only to 2023-05-30T06:52:25.612995+00:00, run_after=2023-05-30T10:52:25.612995+00:00
[2023-05-30T10:52:25.648+0000] {processor.py:175} INFO - Processing /home/airflow/.local/lib/python3.7/site-packages/airflow/example_dags/example_latest_only.py took 0.170 seconds
[2023-05-30T10:52:55.959+0000] {processor.py:153} INFO - Started process (PID=563) to work on /home/airflow/.local/lib/python3.7/site-packages/airflow/example_dags/example_latest_only.py
[2023-05-30T10:52:55.966+0000] {processor.py:743} INFO - Processing file /home/airflow/.local/lib/python3.7/site-packages/airflow/example_dags/example_latest_only.py for tasks to queue
[2023-05-30T10:52:55.969+0000] {logging_mixin.py:137} INFO - [2023-05-30T10:52:55.969+0000] {dagbag.py:538} INFO - Filling up the DagBag from /home/airflow/.local/lib/python3.7/site-packages/airflow/example_dags/example_latest_only.py
[2023-05-30T10:52:55.994+0000] {processor.py:753} INFO - DAG(s) dict_keys(['latest_only']) retrieved from /home/airflow/.local/lib/python3.7/site-packages/airflow/example_dags/example_latest_only.py
[2023-05-30T10:52:56.065+0000] {logging_mixin.py:137} INFO - [2023-05-30T10:52:56.065+0000] {dag.py:2676} INFO - Sync 1 DAGs
[2023-05-30T10:52:56.107+0000] {logging_mixin.py:137} INFO - [2023-05-30T10:52:56.107+0000] {dag.py:3427} INFO - Setting next_dagrun for latest_only to 2023-05-30T06:52:56.106671+00:00, run_after=2023-05-30T10:52:56.106671+00:00
[2023-05-30T10:52:56.134+0000] {processor.py:175} INFO - Processing /home/airflow/.local/lib/python3.7/site-packages/airflow/example_dags/example_latest_only.py took 0.183 seconds
[2023-05-30T10:53:26.215+0000] {processor.py:153} INFO - Started process (PID=634) to work on /home/airflow/.local/lib/python3.7/site-packages/airflow/example_dags/example_latest_only.py
[2023-05-30T10:53:26.218+0000] {processor.py:743} INFO - Processing file /home/airflow/.local/lib/python3.7/site-packages/airflow/example_dags/example_latest_only.py for tasks to queue
[2023-05-30T10:53:26.220+0000] {logging_mixin.py:137} INFO - [2023-05-30T10:53:26.220+0000] {dagbag.py:538} INFO - Filling up the DagBag from /home/airflow/.local/lib/python3.7/site-packages/airflow/example_dags/example_latest_only.py
[2023-05-30T10:53:26.244+0000] {processor.py:753} INFO - DAG(s) dict_keys(['latest_only']) retrieved from /home/airflow/.local/lib/python3.7/site-packages/airflow/example_dags/example_latest_only.py
[2023-05-30T10:53:26.300+0000] {logging_mixin.py:137} INFO - [2023-05-30T10:53:26.299+0000] {dag.py:2676} INFO - Sync 1 DAGs
[2023-05-30T10:53:26.337+0000] {logging_mixin.py:137} INFO - [2023-05-30T10:53:26.337+0000] {dag.py:3427} INFO - Setting next_dagrun for latest_only to 2023-05-30T06:53:26.337097+00:00, run_after=2023-05-30T10:53:26.337097+00:00
[2023-05-30T10:53:26.364+0000] {processor.py:175} INFO - Processing /home/airflow/.local/lib/python3.7/site-packages/airflow/example_dags/example_latest_only.py took 0.156 seconds
[2023-05-30T10:53:56.537+0000] {processor.py:153} INFO - Started process (PID=700) to work on /home/airflow/.local/lib/python3.7/site-packages/airflow/example_dags/example_latest_only.py
[2023-05-30T10:53:56.539+0000] {processor.py:743} INFO - Processing file /home/airflow/.local/lib/python3.7/site-packages/airflow/example_dags/example_latest_only.py for tasks to queue
[2023-05-30T10:53:56.543+0000] {logging_mixin.py:137} INFO - [2023-05-30T10:53:56.543+0000] {dagbag.py:538} INFO - Filling up the DagBag from /home/airflow/.local/lib/python3.7/site-packages/airflow/example_dags/example_latest_only.py
[2023-05-30T10:53:56.569+0000] {processor.py:753} INFO - DAG(s) dict_keys(['latest_only']) retrieved from /home/airflow/.local/lib/python3.7/site-packages/airflow/example_dags/example_latest_only.py
[2023-05-30T10:53:56.629+0000] {logging_mixin.py:137} INFO - [2023-05-30T10:53:56.629+0000] {dag.py:2676} INFO - Sync 1 DAGs
[2023-05-30T10:53:56.666+0000] {logging_mixin.py:137} INFO - [2023-05-30T10:53:56.666+0000] {dag.py:3427} INFO - Setting next_dagrun for latest_only to 2023-05-30T06:53:56.665833+00:00, run_after=2023-05-30T10:53:56.665833+00:00
[2023-05-30T10:53:56.692+0000] {processor.py:175} INFO - Processing /home/airflow/.local/lib/python3.7/site-packages/airflow/example_dags/example_latest_only.py took 0.161 seconds
[2023-05-30T10:54:27.540+0000] {processor.py:153} INFO - Started process (PID=780) to work on /home/airflow/.local/lib/python3.7/site-packages/airflow/example_dags/example_latest_only.py
[2023-05-30T10:54:27.542+0000] {processor.py:743} INFO - Processing file /home/airflow/.local/lib/python3.7/site-packages/airflow/example_dags/example_latest_only.py for tasks to queue
[2023-05-30T10:54:27.544+0000] {logging_mixin.py:137} INFO - [2023-05-30T10:54:27.544+0000] {dagbag.py:538} INFO - Filling up the DagBag from /home/airflow/.local/lib/python3.7/site-packages/airflow/example_dags/example_latest_only.py
[2023-05-30T10:54:27.568+0000] {processor.py:753} INFO - DAG(s) dict_keys(['latest_only']) retrieved from /home/airflow/.local/lib/python3.7/site-packages/airflow/example_dags/example_latest_only.py
[2023-05-30T10:54:27.632+0000] {logging_mixin.py:137} INFO - [2023-05-30T10:54:27.632+0000] {dag.py:2676} INFO - Sync 1 DAGs
[2023-05-30T10:54:27.714+0000] {logging_mixin.py:137} INFO - [2023-05-30T10:54:27.714+0000] {dag.py:3427} INFO - Setting next_dagrun for latest_only to 2023-05-30T06:54:27.714252+00:00, run_after=2023-05-30T10:54:27.714252+00:00
[2023-05-30T10:54:27.751+0000] {processor.py:175} INFO - Processing /home/airflow/.local/lib/python3.7/site-packages/airflow/example_dags/example_latest_only.py took 0.216 seconds
[2023-05-30T10:54:58.237+0000] {processor.py:153} INFO - Started process (PID=846) to work on /home/airflow/.local/lib/python3.7/site-packages/airflow/example_dags/example_latest_only.py
[2023-05-30T10:54:58.239+0000] {processor.py:743} INFO - Processing file /home/airflow/.local/lib/python3.7/site-packages/airflow/example_dags/example_latest_only.py for tasks to queue
[2023-05-30T10:54:58.242+0000] {logging_mixin.py:137} INFO - [2023-05-30T10:54:58.241+0000] {dagbag.py:538} INFO - Filling up the DagBag from /home/airflow/.local/lib/python3.7/site-packages/airflow/example_dags/example_latest_only.py
[2023-05-30T10:54:58.265+0000] {processor.py:753} INFO - DAG(s) dict_keys(['latest_only']) retrieved from /home/airflow/.local/lib/python3.7/site-packages/airflow/example_dags/example_latest_only.py
[2023-05-30T10:54:58.317+0000] {logging_mixin.py:137} INFO - [2023-05-30T10:54:58.317+0000] {dag.py:2676} INFO - Sync 1 DAGs
[2023-05-30T10:54:58.361+0000] {logging_mixin.py:137} INFO - [2023-05-30T10:54:58.361+0000] {dag.py:3427} INFO - Setting next_dagrun for latest_only to 2023-05-30T06:54:58.361272+00:00, run_after=2023-05-30T10:54:58.361272+00:00
[2023-05-30T10:54:58.399+0000] {processor.py:175} INFO - Processing /home/airflow/.local/lib/python3.7/site-packages/airflow/example_dags/example_latest_only.py took 0.167 seconds
[2023-05-30T10:55:28.673+0000] {processor.py:153} INFO - Started process (PID=925) to work on /home/airflow/.local/lib/python3.7/site-packages/airflow/example_dags/example_latest_only.py
[2023-05-30T10:55:28.675+0000] {processor.py:743} INFO - Processing file /home/airflow/.local/lib/python3.7/site-packages/airflow/example_dags/example_latest_only.py for tasks to queue
[2023-05-30T10:55:28.679+0000] {logging_mixin.py:137} INFO - [2023-05-30T10:55:28.679+0000] {dagbag.py:538} INFO - Filling up the DagBag from /home/airflow/.local/lib/python3.7/site-packages/airflow/example_dags/example_latest_only.py
[2023-05-30T10:55:28.702+0000] {processor.py:753} INFO - DAG(s) dict_keys(['latest_only']) retrieved from /home/airflow/.local/lib/python3.7/site-packages/airflow/example_dags/example_latest_only.py
[2023-05-30T10:55:28.767+0000] {logging_mixin.py:137} INFO - [2023-05-30T10:55:28.767+0000] {dag.py:2676} INFO - Sync 1 DAGs
[2023-05-30T10:55:28.818+0000] {logging_mixin.py:137} INFO - [2023-05-30T10:55:28.818+0000] {dag.py:3427} INFO - Setting next_dagrun for latest_only to 2023-05-30T06:55:28.818221+00:00, run_after=2023-05-30T10:55:28.818221+00:00
[2023-05-30T10:55:28.883+0000] {processor.py:175} INFO - Processing /home/airflow/.local/lib/python3.7/site-packages/airflow/example_dags/example_latest_only.py took 0.215 seconds
[2023-05-30T10:55:59.478+0000] {processor.py:153} INFO - Started process (PID=991) to work on /home/airflow/.local/lib/python3.7/site-packages/airflow/example_dags/example_latest_only.py
[2023-05-30T10:55:59.480+0000] {processor.py:743} INFO - Processing file /home/airflow/.local/lib/python3.7/site-packages/airflow/example_dags/example_latest_only.py for tasks to queue
[2023-05-30T10:55:59.482+0000] {logging_mixin.py:137} INFO - [2023-05-30T10:55:59.482+0000] {dagbag.py:538} INFO - Filling up the DagBag from /home/airflow/.local/lib/python3.7/site-packages/airflow/example_dags/example_latest_only.py
[2023-05-30T10:55:59.502+0000] {processor.py:753} INFO - DAG(s) dict_keys(['latest_only']) retrieved from /home/airflow/.local/lib/python3.7/site-packages/airflow/example_dags/example_latest_only.py
[2023-05-30T10:55:59.550+0000] {logging_mixin.py:137} INFO - [2023-05-30T10:55:59.550+0000] {dag.py:2676} INFO - Sync 1 DAGs
[2023-05-30T10:55:59.584+0000] {logging_mixin.py:137} INFO - [2023-05-30T10:55:59.583+0000] {dag.py:3427} INFO - Setting next_dagrun for latest_only to 2023-05-30T06:55:59.583607+00:00, run_after=2023-05-30T10:55:59.583607+00:00
[2023-05-30T10:55:59.608+0000] {processor.py:175} INFO - Processing /home/airflow/.local/lib/python3.7/site-packages/airflow/example_dags/example_latest_only.py took 0.136 seconds
[2023-05-30T10:56:30.173+0000] {processor.py:153} INFO - Started process (PID=1066) to work on /home/airflow/.local/lib/python3.7/site-packages/airflow/example_dags/example_latest_only.py
[2023-05-30T10:56:30.175+0000] {processor.py:743} INFO - Processing file /home/airflow/.local/lib/python3.7/site-packages/airflow/example_dags/example_latest_only.py for tasks to queue
[2023-05-30T10:56:30.177+0000] {logging_mixin.py:137} INFO - [2023-05-30T10:56:30.177+0000] {dagbag.py:538} INFO - Filling up the DagBag from /home/airflow/.local/lib/python3.7/site-packages/airflow/example_dags/example_latest_only.py
[2023-05-30T10:56:30.198+0000] {processor.py:753} INFO - DAG(s) dict_keys(['latest_only']) retrieved from /home/airflow/.local/lib/python3.7/site-packages/airflow/example_dags/example_latest_only.py
[2023-05-30T10:56:30.253+0000] {logging_mixin.py:137} INFO - [2023-05-30T10:56:30.253+0000] {dag.py:2676} INFO - Sync 1 DAGs
[2023-05-30T10:56:30.300+0000] {logging_mixin.py:137} INFO - [2023-05-30T10:56:30.300+0000] {dag.py:3427} INFO - Setting next_dagrun for latest_only to 2023-05-30T06:56:30.300271+00:00, run_after=2023-05-30T10:56:30.300271+00:00
[2023-05-30T10:56:30.335+0000] {processor.py:175} INFO - Processing /home/airflow/.local/lib/python3.7/site-packages/airflow/example_dags/example_latest_only.py took 0.168 seconds
[2023-05-30T10:57:00.654+0000] {processor.py:153} INFO - Started process (PID=1137) to work on /home/airflow/.local/lib/python3.7/site-packages/airflow/example_dags/example_latest_only.py
[2023-05-30T10:57:00.656+0000] {processor.py:743} INFO - Processing file /home/airflow/.local/lib/python3.7/site-packages/airflow/example_dags/example_latest_only.py for tasks to queue
[2023-05-30T10:57:00.659+0000] {logging_mixin.py:137} INFO - [2023-05-30T10:57:00.659+0000] {dagbag.py:538} INFO - Filling up the DagBag from /home/airflow/.local/lib/python3.7/site-packages/airflow/example_dags/example_latest_only.py
[2023-05-30T10:57:00.679+0000] {processor.py:753} INFO - DAG(s) dict_keys(['latest_only']) retrieved from /home/airflow/.local/lib/python3.7/site-packages/airflow/example_dags/example_latest_only.py
[2023-05-30T10:57:00.735+0000] {logging_mixin.py:137} INFO - [2023-05-30T10:57:00.735+0000] {dag.py:2676} INFO - Sync 1 DAGs
[2023-05-30T10:57:00.770+0000] {logging_mixin.py:137} INFO - [2023-05-30T10:57:00.769+0000] {dag.py:3427} INFO - Setting next_dagrun for latest_only to 2023-05-30T06:57:00.769704+00:00, run_after=2023-05-30T10:57:00.769704+00:00
[2023-05-30T10:57:00.798+0000] {processor.py:175} INFO - Processing /home/airflow/.local/lib/python3.7/site-packages/airflow/example_dags/example_latest_only.py took 0.149 seconds
[2023-05-30T10:57:30.893+0000] {processor.py:153} INFO - Started process (PID=1203) to work on /home/airflow/.local/lib/python3.7/site-packages/airflow/example_dags/example_latest_only.py
[2023-05-30T10:57:30.897+0000] {processor.py:743} INFO - Processing file /home/airflow/.local/lib/python3.7/site-packages/airflow/example_dags/example_latest_only.py for tasks to queue
[2023-05-30T10:57:30.899+0000] {logging_mixin.py:137} INFO - [2023-05-30T10:57:30.898+0000] {dagbag.py:538} INFO - Filling up the DagBag from /home/airflow/.local/lib/python3.7/site-packages/airflow/example_dags/example_latest_only.py
[2023-05-30T10:57:30.919+0000] {processor.py:753} INFO - DAG(s) dict_keys(['latest_only']) retrieved from /home/airflow/.local/lib/python3.7/site-packages/airflow/example_dags/example_latest_only.py
[2023-05-30T10:57:30.969+0000] {logging_mixin.py:137} INFO - [2023-05-30T10:57:30.969+0000] {dag.py:2676} INFO - Sync 1 DAGs
[2023-05-30T10:57:31.003+0000] {logging_mixin.py:137} INFO - [2023-05-30T10:57:31.002+0000] {dag.py:3427} INFO - Setting next_dagrun for latest_only to 2023-05-30T06:57:31.002708+00:00, run_after=2023-05-30T10:57:31.002708+00:00
[2023-05-30T10:57:31.027+0000] {processor.py:175} INFO - Processing /home/airflow/.local/lib/python3.7/site-packages/airflow/example_dags/example_latest_only.py took 0.139 seconds
[2023-05-30T10:58:01.663+0000] {processor.py:153} INFO - Started process (PID=1282) to work on /home/airflow/.local/lib/python3.7/site-packages/airflow/example_dags/example_latest_only.py
[2023-05-30T10:58:01.665+0000] {processor.py:743} INFO - Processing file /home/airflow/.local/lib/python3.7/site-packages/airflow/example_dags/example_latest_only.py for tasks to queue
[2023-05-30T10:58:01.667+0000] {logging_mixin.py:137} INFO - [2023-05-30T10:58:01.667+0000] {dagbag.py:538} INFO - Filling up the DagBag from /home/airflow/.local/lib/python3.7/site-packages/airflow/example_dags/example_latest_only.py
[2023-05-30T10:58:01.691+0000] {processor.py:753} INFO - DAG(s) dict_keys(['latest_only']) retrieved from /home/airflow/.local/lib/python3.7/site-packages/airflow/example_dags/example_latest_only.py
[2023-05-30T10:58:01.750+0000] {logging_mixin.py:137} INFO - [2023-05-30T10:58:01.749+0000] {dag.py:2676} INFO - Sync 1 DAGs
[2023-05-30T10:58:01.795+0000] {logging_mixin.py:137} INFO - [2023-05-30T10:58:01.795+0000] {dag.py:3427} INFO - Setting next_dagrun for latest_only to 2023-05-30T06:58:01.794840+00:00, run_after=2023-05-30T10:58:01.794840+00:00
[2023-05-30T10:58:01.828+0000] {processor.py:175} INFO - Processing /home/airflow/.local/lib/python3.7/site-packages/airflow/example_dags/example_latest_only.py took 0.172 seconds
[2023-05-30T10:58:32.065+0000] {processor.py:153} INFO - Started process (PID=1362) to work on /home/airflow/.local/lib/python3.7/site-packages/airflow/example_dags/example_latest_only.py
[2023-05-30T10:58:32.068+0000] {processor.py:743} INFO - Processing file /home/airflow/.local/lib/python3.7/site-packages/airflow/example_dags/example_latest_only.py for tasks to queue
[2023-05-30T10:58:32.070+0000] {logging_mixin.py:137} INFO - [2023-05-30T10:58:32.070+0000] {dagbag.py:538} INFO - Filling up the DagBag from /home/airflow/.local/lib/python3.7/site-packages/airflow/example_dags/example_latest_only.py
[2023-05-30T10:58:32.095+0000] {processor.py:753} INFO - DAG(s) dict_keys(['latest_only']) retrieved from /home/airflow/.local/lib/python3.7/site-packages/airflow/example_dags/example_latest_only.py
[2023-05-30T10:58:32.156+0000] {logging_mixin.py:137} INFO - [2023-05-30T10:58:32.156+0000] {dag.py:2676} INFO - Sync 1 DAGs
[2023-05-30T10:58:32.197+0000] {logging_mixin.py:137} INFO - [2023-05-30T10:58:32.197+0000] {dag.py:3427} INFO - Setting next_dagrun for latest_only to 2023-05-30T06:58:32.197377+00:00, run_after=2023-05-30T10:58:32.197377+00:00
[2023-05-30T10:58:32.233+0000] {processor.py:175} INFO - Processing /home/airflow/.local/lib/python3.7/site-packages/airflow/example_dags/example_latest_only.py took 0.173 seconds
[2023-05-30T10:59:02.482+0000] {processor.py:153} INFO - Started process (PID=1428) to work on /home/airflow/.local/lib/python3.7/site-packages/airflow/example_dags/example_latest_only.py
[2023-05-30T10:59:02.483+0000] {processor.py:743} INFO - Processing file /home/airflow/.local/lib/python3.7/site-packages/airflow/example_dags/example_latest_only.py for tasks to queue
[2023-05-30T10:59:02.485+0000] {logging_mixin.py:137} INFO - [2023-05-30T10:59:02.484+0000] {dagbag.py:538} INFO - Filling up the DagBag from /home/airflow/.local/lib/python3.7/site-packages/airflow/example_dags/example_latest_only.py
[2023-05-30T10:59:02.514+0000] {processor.py:753} INFO - DAG(s) dict_keys(['latest_only']) retrieved from /home/airflow/.local/lib/python3.7/site-packages/airflow/example_dags/example_latest_only.py
[2023-05-30T10:59:02.581+0000] {logging_mixin.py:137} INFO - [2023-05-30T10:59:02.581+0000] {dag.py:2676} INFO - Sync 1 DAGs
[2023-05-30T10:59:02.622+0000] {logging_mixin.py:137} INFO - [2023-05-30T10:59:02.621+0000] {dag.py:3427} INFO - Setting next_dagrun for latest_only to 2023-05-30T06:59:02.621592+00:00, run_after=2023-05-30T10:59:02.621592+00:00
[2023-05-30T10:59:02.652+0000] {processor.py:175} INFO - Processing /home/airflow/.local/lib/python3.7/site-packages/airflow/example_dags/example_latest_only.py took 0.176 seconds
[2023-05-30T10:59:33.088+0000] {processor.py:153} INFO - Started process (PID=1508) to work on /home/airflow/.local/lib/python3.7/site-packages/airflow/example_dags/example_latest_only.py
[2023-05-30T10:59:33.091+0000] {processor.py:743} INFO - Processing file /home/airflow/.local/lib/python3.7/site-packages/airflow/example_dags/example_latest_only.py for tasks to queue
[2023-05-30T10:59:33.093+0000] {logging_mixin.py:137} INFO - [2023-05-30T10:59:33.093+0000] {dagbag.py:538} INFO - Filling up the DagBag from /home/airflow/.local/lib/python3.7/site-packages/airflow/example_dags/example_latest_only.py
[2023-05-30T10:59:33.118+0000] {processor.py:753} INFO - DAG(s) dict_keys(['latest_only']) retrieved from /home/airflow/.local/lib/python3.7/site-packages/airflow/example_dags/example_latest_only.py
[2023-05-30T10:59:33.182+0000] {logging_mixin.py:137} INFO - [2023-05-30T10:59:33.181+0000] {dag.py:2676} INFO - Sync 1 DAGs
[2023-05-30T10:59:33.225+0000] {logging_mixin.py:137} INFO - [2023-05-30T10:59:33.225+0000] {dag.py:3427} INFO - Setting next_dagrun for latest_only to 2023-05-30T06:59:33.224749+00:00, run_after=2023-05-30T10:59:33.224749+00:00
[2023-05-30T10:59:33.260+0000] {processor.py:175} INFO - Processing /home/airflow/.local/lib/python3.7/site-packages/airflow/example_dags/example_latest_only.py took 0.178 seconds
[2023-05-30T11:00:03.522+0000] {processor.py:153} INFO - Started process (PID=1574) to work on /home/airflow/.local/lib/python3.7/site-packages/airflow/example_dags/example_latest_only.py
[2023-05-30T11:00:03.525+0000] {processor.py:743} INFO - Processing file /home/airflow/.local/lib/python3.7/site-packages/airflow/example_dags/example_latest_only.py for tasks to queue
[2023-05-30T11:00:03.527+0000] {logging_mixin.py:137} INFO - [2023-05-30T11:00:03.527+0000] {dagbag.py:538} INFO - Filling up the DagBag from /home/airflow/.local/lib/python3.7/site-packages/airflow/example_dags/example_latest_only.py
[2023-05-30T11:00:03.551+0000] {processor.py:753} INFO - DAG(s) dict_keys(['latest_only']) retrieved from /home/airflow/.local/lib/python3.7/site-packages/airflow/example_dags/example_latest_only.py
[2023-05-30T11:00:03.607+0000] {logging_mixin.py:137} INFO - [2023-05-30T11:00:03.606+0000] {dag.py:2676} INFO - Sync 1 DAGs
[2023-05-30T11:00:03.650+0000] {logging_mixin.py:137} INFO - [2023-05-30T11:00:03.650+0000] {dag.py:3427} INFO - Setting next_dagrun for latest_only to 2023-05-30T07:00:03.649901+00:00, run_after=2023-05-30T11:00:03.649901+00:00
[2023-05-30T11:00:03.680+0000] {processor.py:175} INFO - Processing /home/airflow/.local/lib/python3.7/site-packages/airflow/example_dags/example_latest_only.py took 0.163 seconds
[2023-05-30T11:00:34.361+0000] {processor.py:153} INFO - Started process (PID=1640) to work on /home/airflow/.local/lib/python3.7/site-packages/airflow/example_dags/example_latest_only.py
[2023-05-30T11:00:34.363+0000] {processor.py:743} INFO - Processing file /home/airflow/.local/lib/python3.7/site-packages/airflow/example_dags/example_latest_only.py for tasks to queue
[2023-05-30T11:00:34.365+0000] {logging_mixin.py:137} INFO - [2023-05-30T11:00:34.364+0000] {dagbag.py:538} INFO - Filling up the DagBag from /home/airflow/.local/lib/python3.7/site-packages/airflow/example_dags/example_latest_only.py
[2023-05-30T11:00:34.384+0000] {processor.py:753} INFO - DAG(s) dict_keys(['latest_only']) retrieved from /home/airflow/.local/lib/python3.7/site-packages/airflow/example_dags/example_latest_only.py
[2023-05-30T11:00:34.436+0000] {logging_mixin.py:137} INFO - [2023-05-30T11:00:34.436+0000] {dag.py:2676} INFO - Sync 1 DAGs
[2023-05-30T11:00:34.477+0000] {logging_mixin.py:137} INFO - [2023-05-30T11:00:34.477+0000] {dag.py:3427} INFO - Setting next_dagrun for latest_only to 2023-05-30T07:00:34.477096+00:00, run_after=2023-05-30T11:00:34.477096+00:00
[2023-05-30T11:00:34.508+0000] {processor.py:175} INFO - Processing /home/airflow/.local/lib/python3.7/site-packages/airflow/example_dags/example_latest_only.py took 0.153 seconds
[2023-05-30T11:01:04.777+0000] {processor.py:153} INFO - Started process (PID=1719) to work on /home/airflow/.local/lib/python3.7/site-packages/airflow/example_dags/example_latest_only.py
[2023-05-30T11:01:04.779+0000] {processor.py:743} INFO - Processing file /home/airflow/.local/lib/python3.7/site-packages/airflow/example_dags/example_latest_only.py for tasks to queue
[2023-05-30T11:01:04.781+0000] {logging_mixin.py:137} INFO - [2023-05-30T11:01:04.781+0000] {dagbag.py:538} INFO - Filling up the DagBag from /home/airflow/.local/lib/python3.7/site-packages/airflow/example_dags/example_latest_only.py
[2023-05-30T11:01:04.803+0000] {processor.py:753} INFO - DAG(s) dict_keys(['latest_only']) retrieved from /home/airflow/.local/lib/python3.7/site-packages/airflow/example_dags/example_latest_only.py
[2023-05-30T11:01:04.855+0000] {logging_mixin.py:137} INFO - [2023-05-30T11:01:04.855+0000] {dag.py:2676} INFO - Sync 1 DAGs
[2023-05-30T11:01:04.890+0000] {logging_mixin.py:137} INFO - [2023-05-30T11:01:04.890+0000] {dag.py:3427} INFO - Setting next_dagrun for latest_only to 2023-05-30T07:01:04.889986+00:00, run_after=2023-05-30T11:01:04.889986+00:00
[2023-05-30T11:01:04.916+0000] {processor.py:175} INFO - Processing /home/airflow/.local/lib/python3.7/site-packages/airflow/example_dags/example_latest_only.py took 0.145 seconds
