[2023-05-30T10:49:20.334+0000] {processor.py:153} INFO - Started process (PID=58) to work on /home/airflow/.local/lib/python3.7/site-packages/airflow/example_dags/example_sensor_decorator.py
[2023-05-30T10:49:20.337+0000] {processor.py:743} INFO - Processing file /home/airflow/.local/lib/python3.7/site-packages/airflow/example_dags/example_sensor_decorator.py for tasks to queue
[2023-05-30T10:49:20.342+0000] {logging_mixin.py:137} INFO - [2023-05-30T10:49:20.342+0000] {dagbag.py:538} INFO - Filling up the DagBag from /home/airflow/.local/lib/python3.7/site-packages/airflow/example_dags/example_sensor_decorator.py
[2023-05-30T10:49:20.384+0000] {logging_mixin.py:137} WARNING - /home/airflow/.local/lib/python3.7/site-packages/airflow/models/dag.py:3524 RemovedInAirflow3Warning: Param `schedule_interval` is deprecated and will be removed in a future release. Please use `schedule` instead.
[2023-05-30T10:49:20.405+0000] {processor.py:753} INFO - DAG(s) dict_keys(['example_sensor_decorator']) retrieved from /home/airflow/.local/lib/python3.7/site-packages/airflow/example_dags/example_sensor_decorator.py
[2023-05-30T10:49:20.458+0000] {logging_mixin.py:137} INFO - [2023-05-30T10:49:20.457+0000] {dag.py:2676} INFO - Sync 1 DAGs
[2023-05-30T10:49:20.522+0000] {logging_mixin.py:137} INFO - [2023-05-30T10:49:20.522+0000] {dag.py:3427} INFO - Setting next_dagrun for example_sensor_decorator to None, run_after=None
[2023-05-30T10:49:20.580+0000] {processor.py:175} INFO - Processing /home/airflow/.local/lib/python3.7/site-packages/airflow/example_dags/example_sensor_decorator.py took 0.253 seconds
[2023-05-30T10:49:50.718+0000] {processor.py:153} INFO - Started process (PID=125) to work on /home/airflow/.local/lib/python3.7/site-packages/airflow/example_dags/example_sensor_decorator.py
[2023-05-30T10:49:50.720+0000] {processor.py:743} INFO - Processing file /home/airflow/.local/lib/python3.7/site-packages/airflow/example_dags/example_sensor_decorator.py for tasks to queue
[2023-05-30T10:49:50.722+0000] {logging_mixin.py:137} INFO - [2023-05-30T10:49:50.722+0000] {dagbag.py:538} INFO - Filling up the DagBag from /home/airflow/.local/lib/python3.7/site-packages/airflow/example_dags/example_sensor_decorator.py
[2023-05-30T10:49:50.757+0000] {logging_mixin.py:137} WARNING - /home/airflow/.local/lib/python3.7/site-packages/airflow/models/dag.py:3524 RemovedInAirflow3Warning: Param `schedule_interval` is deprecated and will be removed in a future release. Please use `schedule` instead.
[2023-05-30T10:49:50.770+0000] {processor.py:753} INFO - DAG(s) dict_keys(['example_sensor_decorator']) retrieved from /home/airflow/.local/lib/python3.7/site-packages/airflow/example_dags/example_sensor_decorator.py
[2023-05-30T10:49:50.817+0000] {logging_mixin.py:137} INFO - [2023-05-30T10:49:50.817+0000] {dag.py:2676} INFO - Sync 1 DAGs
[2023-05-30T10:49:50.852+0000] {logging_mixin.py:137} INFO - [2023-05-30T10:49:50.851+0000] {dag.py:3427} INFO - Setting next_dagrun for example_sensor_decorator to None, run_after=None
[2023-05-30T10:49:50.877+0000] {processor.py:175} INFO - Processing /home/airflow/.local/lib/python3.7/site-packages/airflow/example_dags/example_sensor_decorator.py took 0.165 seconds
[2023-05-30T10:50:20.914+0000] {processor.py:153} INFO - Started process (PID=191) to work on /home/airflow/.local/lib/python3.7/site-packages/airflow/example_dags/example_sensor_decorator.py
[2023-05-30T10:50:20.917+0000] {processor.py:743} INFO - Processing file /home/airflow/.local/lib/python3.7/site-packages/airflow/example_dags/example_sensor_decorator.py for tasks to queue
[2023-05-30T10:50:20.919+0000] {logging_mixin.py:137} INFO - [2023-05-30T10:50:20.919+0000] {dagbag.py:538} INFO - Filling up the DagBag from /home/airflow/.local/lib/python3.7/site-packages/airflow/example_dags/example_sensor_decorator.py
[2023-05-30T10:50:20.945+0000] {logging_mixin.py:137} WARNING - /home/airflow/.local/lib/python3.7/site-packages/airflow/models/dag.py:3524 RemovedInAirflow3Warning: Param `schedule_interval` is deprecated and will be removed in a future release. Please use `schedule` instead.
[2023-05-30T10:50:20.957+0000] {processor.py:753} INFO - DAG(s) dict_keys(['example_sensor_decorator']) retrieved from /home/airflow/.local/lib/python3.7/site-packages/airflow/example_dags/example_sensor_decorator.py
[2023-05-30T10:50:21.006+0000] {logging_mixin.py:137} INFO - [2023-05-30T10:50:21.006+0000] {dag.py:2676} INFO - Sync 1 DAGs
[2023-05-30T10:50:21.039+0000] {logging_mixin.py:137} INFO - [2023-05-30T10:50:21.039+0000] {dag.py:3427} INFO - Setting next_dagrun for example_sensor_decorator to None, run_after=None
[2023-05-30T10:50:21.061+0000] {processor.py:175} INFO - Processing /home/airflow/.local/lib/python3.7/site-packages/airflow/example_dags/example_sensor_decorator.py took 0.154 seconds
[2023-05-30T10:50:51.195+0000] {processor.py:153} INFO - Started process (PID=270) to work on /home/airflow/.local/lib/python3.7/site-packages/airflow/example_dags/example_sensor_decorator.py
[2023-05-30T10:50:51.197+0000] {processor.py:743} INFO - Processing file /home/airflow/.local/lib/python3.7/site-packages/airflow/example_dags/example_sensor_decorator.py for tasks to queue
[2023-05-30T10:50:51.199+0000] {logging_mixin.py:137} INFO - [2023-05-30T10:50:51.199+0000] {dagbag.py:538} INFO - Filling up the DagBag from /home/airflow/.local/lib/python3.7/site-packages/airflow/example_dags/example_sensor_decorator.py
[2023-05-30T10:50:51.227+0000] {logging_mixin.py:137} WARNING - /home/airflow/.local/lib/python3.7/site-packages/airflow/models/dag.py:3524 RemovedInAirflow3Warning: Param `schedule_interval` is deprecated and will be removed in a future release. Please use `schedule` instead.
[2023-05-30T10:50:51.239+0000] {processor.py:753} INFO - DAG(s) dict_keys(['example_sensor_decorator']) retrieved from /home/airflow/.local/lib/python3.7/site-packages/airflow/example_dags/example_sensor_decorator.py
[2023-05-30T10:50:51.288+0000] {logging_mixin.py:137} INFO - [2023-05-30T10:50:51.287+0000] {dag.py:2676} INFO - Sync 1 DAGs
[2023-05-30T10:50:51.321+0000] {logging_mixin.py:137} INFO - [2023-05-30T10:50:51.321+0000] {dag.py:3427} INFO - Setting next_dagrun for example_sensor_decorator to None, run_after=None
[2023-05-30T10:50:51.343+0000] {processor.py:175} INFO - Processing /home/airflow/.local/lib/python3.7/site-packages/airflow/example_dags/example_sensor_decorator.py took 0.153 seconds
[2023-05-30T10:51:21.781+0000] {processor.py:153} INFO - Started process (PID=335) to work on /home/airflow/.local/lib/python3.7/site-packages/airflow/example_dags/example_sensor_decorator.py
[2023-05-30T10:51:21.783+0000] {processor.py:743} INFO - Processing file /home/airflow/.local/lib/python3.7/site-packages/airflow/example_dags/example_sensor_decorator.py for tasks to queue
[2023-05-30T10:51:21.785+0000] {logging_mixin.py:137} INFO - [2023-05-30T10:51:21.785+0000] {dagbag.py:538} INFO - Filling up the DagBag from /home/airflow/.local/lib/python3.7/site-packages/airflow/example_dags/example_sensor_decorator.py
[2023-05-30T10:51:21.816+0000] {logging_mixin.py:137} WARNING - /home/airflow/.local/lib/python3.7/site-packages/airflow/models/dag.py:3524 RemovedInAirflow3Warning: Param `schedule_interval` is deprecated and will be removed in a future release. Please use `schedule` instead.
[2023-05-30T10:51:21.829+0000] {processor.py:753} INFO - DAG(s) dict_keys(['example_sensor_decorator']) retrieved from /home/airflow/.local/lib/python3.7/site-packages/airflow/example_dags/example_sensor_decorator.py
[2023-05-30T10:51:21.880+0000] {logging_mixin.py:137} INFO - [2023-05-30T10:51:21.879+0000] {dag.py:2676} INFO - Sync 1 DAGs
[2023-05-30T10:51:21.917+0000] {logging_mixin.py:137} INFO - [2023-05-30T10:51:21.916+0000] {dag.py:3427} INFO - Setting next_dagrun for example_sensor_decorator to None, run_after=None
[2023-05-30T10:51:21.945+0000] {processor.py:175} INFO - Processing /home/airflow/.local/lib/python3.7/site-packages/airflow/example_dags/example_sensor_decorator.py took 0.169 seconds
[2023-05-30T10:51:52.180+0000] {processor.py:153} INFO - Started process (PID=414) to work on /home/airflow/.local/lib/python3.7/site-packages/airflow/example_dags/example_sensor_decorator.py
[2023-05-30T10:51:52.184+0000] {processor.py:743} INFO - Processing file /home/airflow/.local/lib/python3.7/site-packages/airflow/example_dags/example_sensor_decorator.py for tasks to queue
[2023-05-30T10:51:52.186+0000] {logging_mixin.py:137} INFO - [2023-05-30T10:51:52.186+0000] {dagbag.py:538} INFO - Filling up the DagBag from /home/airflow/.local/lib/python3.7/site-packages/airflow/example_dags/example_sensor_decorator.py
[2023-05-30T10:51:52.218+0000] {logging_mixin.py:137} WARNING - /home/airflow/.local/lib/python3.7/site-packages/airflow/models/dag.py:3524 RemovedInAirflow3Warning: Param `schedule_interval` is deprecated and will be removed in a future release. Please use `schedule` instead.
[2023-05-30T10:51:52.234+0000] {processor.py:753} INFO - DAG(s) dict_keys(['example_sensor_decorator']) retrieved from /home/airflow/.local/lib/python3.7/site-packages/airflow/example_dags/example_sensor_decorator.py
[2023-05-30T10:51:52.286+0000] {logging_mixin.py:137} INFO - [2023-05-30T10:51:52.286+0000] {dag.py:2676} INFO - Sync 1 DAGs
[2023-05-30T10:51:52.325+0000] {logging_mixin.py:137} INFO - [2023-05-30T10:51:52.324+0000] {dag.py:3427} INFO - Setting next_dagrun for example_sensor_decorator to None, run_after=None
[2023-05-30T10:51:52.350+0000] {processor.py:175} INFO - Processing /home/airflow/.local/lib/python3.7/site-packages/airflow/example_dags/example_sensor_decorator.py took 0.175 seconds
[2023-05-30T10:52:22.728+0000] {processor.py:153} INFO - Started process (PID=480) to work on /home/airflow/.local/lib/python3.7/site-packages/airflow/example_dags/example_sensor_decorator.py
[2023-05-30T10:52:22.731+0000] {processor.py:743} INFO - Processing file /home/airflow/.local/lib/python3.7/site-packages/airflow/example_dags/example_sensor_decorator.py for tasks to queue
[2023-05-30T10:52:22.733+0000] {logging_mixin.py:137} INFO - [2023-05-30T10:52:22.733+0000] {dagbag.py:538} INFO - Filling up the DagBag from /home/airflow/.local/lib/python3.7/site-packages/airflow/example_dags/example_sensor_decorator.py
[2023-05-30T10:52:22.767+0000] {logging_mixin.py:137} WARNING - /home/airflow/.local/lib/python3.7/site-packages/airflow/models/dag.py:3524 RemovedInAirflow3Warning: Param `schedule_interval` is deprecated and will be removed in a future release. Please use `schedule` instead.
[2023-05-30T10:52:22.780+0000] {processor.py:753} INFO - DAG(s) dict_keys(['example_sensor_decorator']) retrieved from /home/airflow/.local/lib/python3.7/site-packages/airflow/example_dags/example_sensor_decorator.py
[2023-05-30T10:52:22.835+0000] {logging_mixin.py:137} INFO - [2023-05-30T10:52:22.835+0000] {dag.py:2676} INFO - Sync 1 DAGs
[2023-05-30T10:52:22.872+0000] {logging_mixin.py:137} INFO - [2023-05-30T10:52:22.872+0000] {dag.py:3427} INFO - Setting next_dagrun for example_sensor_decorator to None, run_after=None
[2023-05-30T10:52:22.901+0000] {processor.py:175} INFO - Processing /home/airflow/.local/lib/python3.7/site-packages/airflow/example_dags/example_sensor_decorator.py took 0.179 seconds
[2023-05-30T10:52:52.942+0000] {processor.py:153} INFO - Started process (PID=546) to work on /home/airflow/.local/lib/python3.7/site-packages/airflow/example_dags/example_sensor_decorator.py
[2023-05-30T10:52:52.944+0000] {processor.py:743} INFO - Processing file /home/airflow/.local/lib/python3.7/site-packages/airflow/example_dags/example_sensor_decorator.py for tasks to queue
[2023-05-30T10:52:52.946+0000] {logging_mixin.py:137} INFO - [2023-05-30T10:52:52.946+0000] {dagbag.py:538} INFO - Filling up the DagBag from /home/airflow/.local/lib/python3.7/site-packages/airflow/example_dags/example_sensor_decorator.py
[2023-05-30T10:52:52.974+0000] {logging_mixin.py:137} WARNING - /home/airflow/.local/lib/python3.7/site-packages/airflow/models/dag.py:3524 RemovedInAirflow3Warning: Param `schedule_interval` is deprecated and will be removed in a future release. Please use `schedule` instead.
[2023-05-30T10:52:52.986+0000] {processor.py:753} INFO - DAG(s) dict_keys(['example_sensor_decorator']) retrieved from /home/airflow/.local/lib/python3.7/site-packages/airflow/example_dags/example_sensor_decorator.py
[2023-05-30T10:52:53.036+0000] {logging_mixin.py:137} INFO - [2023-05-30T10:52:53.036+0000] {dag.py:2676} INFO - Sync 1 DAGs
[2023-05-30T10:52:53.073+0000] {logging_mixin.py:137} INFO - [2023-05-30T10:52:53.073+0000] {dag.py:3427} INFO - Setting next_dagrun for example_sensor_decorator to None, run_after=None
[2023-05-30T10:52:53.099+0000] {processor.py:175} INFO - Processing /home/airflow/.local/lib/python3.7/site-packages/airflow/example_dags/example_sensor_decorator.py took 0.161 seconds
[2023-05-30T10:53:23.197+0000] {processor.py:153} INFO - Started process (PID=626) to work on /home/airflow/.local/lib/python3.7/site-packages/airflow/example_dags/example_sensor_decorator.py
[2023-05-30T10:53:23.199+0000] {processor.py:743} INFO - Processing file /home/airflow/.local/lib/python3.7/site-packages/airflow/example_dags/example_sensor_decorator.py for tasks to queue
[2023-05-30T10:53:23.202+0000] {logging_mixin.py:137} INFO - [2023-05-30T10:53:23.201+0000] {dagbag.py:538} INFO - Filling up the DagBag from /home/airflow/.local/lib/python3.7/site-packages/airflow/example_dags/example_sensor_decorator.py
[2023-05-30T10:53:23.235+0000] {logging_mixin.py:137} WARNING - /home/airflow/.local/lib/python3.7/site-packages/airflow/models/dag.py:3524 RemovedInAirflow3Warning: Param `schedule_interval` is deprecated and will be removed in a future release. Please use `schedule` instead.
[2023-05-30T10:53:23.251+0000] {processor.py:753} INFO - DAG(s) dict_keys(['example_sensor_decorator']) retrieved from /home/airflow/.local/lib/python3.7/site-packages/airflow/example_dags/example_sensor_decorator.py
[2023-05-30T10:53:23.310+0000] {logging_mixin.py:137} INFO - [2023-05-30T10:53:23.310+0000] {dag.py:2676} INFO - Sync 1 DAGs
[2023-05-30T10:53:23.352+0000] {logging_mixin.py:137} INFO - [2023-05-30T10:53:23.352+0000] {dag.py:3427} INFO - Setting next_dagrun for example_sensor_decorator to None, run_after=None
[2023-05-30T10:53:23.386+0000] {processor.py:175} INFO - Processing /home/airflow/.local/lib/python3.7/site-packages/airflow/example_dags/example_sensor_decorator.py took 0.194 seconds
[2023-05-30T10:53:53.502+0000] {processor.py:153} INFO - Started process (PID=692) to work on /home/airflow/.local/lib/python3.7/site-packages/airflow/example_dags/example_sensor_decorator.py
[2023-05-30T10:53:53.505+0000] {processor.py:743} INFO - Processing file /home/airflow/.local/lib/python3.7/site-packages/airflow/example_dags/example_sensor_decorator.py for tasks to queue
[2023-05-30T10:53:53.508+0000] {logging_mixin.py:137} INFO - [2023-05-30T10:53:53.508+0000] {dagbag.py:538} INFO - Filling up the DagBag from /home/airflow/.local/lib/python3.7/site-packages/airflow/example_dags/example_sensor_decorator.py
[2023-05-30T10:53:53.543+0000] {logging_mixin.py:137} WARNING - /home/airflow/.local/lib/python3.7/site-packages/airflow/models/dag.py:3524 RemovedInAirflow3Warning: Param `schedule_interval` is deprecated and will be removed in a future release. Please use `schedule` instead.
[2023-05-30T10:53:53.559+0000] {processor.py:753} INFO - DAG(s) dict_keys(['example_sensor_decorator']) retrieved from /home/airflow/.local/lib/python3.7/site-packages/airflow/example_dags/example_sensor_decorator.py
[2023-05-30T10:53:53.615+0000] {logging_mixin.py:137} INFO - [2023-05-30T10:53:53.615+0000] {dag.py:2676} INFO - Sync 1 DAGs
[2023-05-30T10:53:53.653+0000] {logging_mixin.py:137} INFO - [2023-05-30T10:53:53.653+0000] {dag.py:3427} INFO - Setting next_dagrun for example_sensor_decorator to None, run_after=None
[2023-05-30T10:53:53.683+0000] {processor.py:175} INFO - Processing /home/airflow/.local/lib/python3.7/site-packages/airflow/example_dags/example_sensor_decorator.py took 0.187 seconds
[2023-05-30T10:54:24.654+0000] {processor.py:153} INFO - Started process (PID=772) to work on /home/airflow/.local/lib/python3.7/site-packages/airflow/example_dags/example_sensor_decorator.py
[2023-05-30T10:54:24.657+0000] {processor.py:743} INFO - Processing file /home/airflow/.local/lib/python3.7/site-packages/airflow/example_dags/example_sensor_decorator.py for tasks to queue
[2023-05-30T10:54:24.660+0000] {logging_mixin.py:137} INFO - [2023-05-30T10:54:24.659+0000] {dagbag.py:538} INFO - Filling up the DagBag from /home/airflow/.local/lib/python3.7/site-packages/airflow/example_dags/example_sensor_decorator.py
[2023-05-30T10:54:24.690+0000] {logging_mixin.py:137} WARNING - /home/airflow/.local/lib/python3.7/site-packages/airflow/models/dag.py:3524 RemovedInAirflow3Warning: Param `schedule_interval` is deprecated and will be removed in a future release. Please use `schedule` instead.
[2023-05-30T10:54:24.703+0000] {processor.py:753} INFO - DAG(s) dict_keys(['example_sensor_decorator']) retrieved from /home/airflow/.local/lib/python3.7/site-packages/airflow/example_dags/example_sensor_decorator.py
[2023-05-30T10:54:24.757+0000] {logging_mixin.py:137} INFO - [2023-05-30T10:54:24.757+0000] {dag.py:2676} INFO - Sync 1 DAGs
[2023-05-30T10:54:24.791+0000] {logging_mixin.py:137} INFO - [2023-05-30T10:54:24.791+0000] {dag.py:3427} INFO - Setting next_dagrun for example_sensor_decorator to None, run_after=None
[2023-05-30T10:54:24.818+0000] {processor.py:175} INFO - Processing /home/airflow/.local/lib/python3.7/site-packages/airflow/example_dags/example_sensor_decorator.py took 0.169 seconds
[2023-05-30T10:54:55.518+0000] {processor.py:153} INFO - Started process (PID=838) to work on /home/airflow/.local/lib/python3.7/site-packages/airflow/example_dags/example_sensor_decorator.py
[2023-05-30T10:54:55.520+0000] {processor.py:743} INFO - Processing file /home/airflow/.local/lib/python3.7/site-packages/airflow/example_dags/example_sensor_decorator.py for tasks to queue
[2023-05-30T10:54:55.521+0000] {logging_mixin.py:137} INFO - [2023-05-30T10:54:55.521+0000] {dagbag.py:538} INFO - Filling up the DagBag from /home/airflow/.local/lib/python3.7/site-packages/airflow/example_dags/example_sensor_decorator.py
[2023-05-30T10:54:55.548+0000] {logging_mixin.py:137} WARNING - /home/airflow/.local/lib/python3.7/site-packages/airflow/models/dag.py:3524 RemovedInAirflow3Warning: Param `schedule_interval` is deprecated and will be removed in a future release. Please use `schedule` instead.
[2023-05-30T10:54:55.559+0000] {processor.py:753} INFO - DAG(s) dict_keys(['example_sensor_decorator']) retrieved from /home/airflow/.local/lib/python3.7/site-packages/airflow/example_dags/example_sensor_decorator.py
[2023-05-30T10:54:55.606+0000] {logging_mixin.py:137} INFO - [2023-05-30T10:54:55.606+0000] {dag.py:2676} INFO - Sync 1 DAGs
[2023-05-30T10:54:55.638+0000] {logging_mixin.py:137} INFO - [2023-05-30T10:54:55.637+0000] {dag.py:3427} INFO - Setting next_dagrun for example_sensor_decorator to None, run_after=None
[2023-05-30T10:54:55.658+0000] {processor.py:175} INFO - Processing /home/airflow/.local/lib/python3.7/site-packages/airflow/example_dags/example_sensor_decorator.py took 0.145 seconds
[2023-05-30T10:55:26.467+0000] {processor.py:153} INFO - Started process (PID=910) to work on /home/airflow/.local/lib/python3.7/site-packages/airflow/example_dags/example_sensor_decorator.py
[2023-05-30T10:55:26.470+0000] {processor.py:743} INFO - Processing file /home/airflow/.local/lib/python3.7/site-packages/airflow/example_dags/example_sensor_decorator.py for tasks to queue
[2023-05-30T10:55:26.472+0000] {logging_mixin.py:137} INFO - [2023-05-30T10:55:26.472+0000] {dagbag.py:538} INFO - Filling up the DagBag from /home/airflow/.local/lib/python3.7/site-packages/airflow/example_dags/example_sensor_decorator.py
[2023-05-30T10:55:26.503+0000] {logging_mixin.py:137} WARNING - /home/airflow/.local/lib/python3.7/site-packages/airflow/models/dag.py:3524 RemovedInAirflow3Warning: Param `schedule_interval` is deprecated and will be removed in a future release. Please use `schedule` instead.
[2023-05-30T10:55:26.518+0000] {processor.py:753} INFO - DAG(s) dict_keys(['example_sensor_decorator']) retrieved from /home/airflow/.local/lib/python3.7/site-packages/airflow/example_dags/example_sensor_decorator.py
[2023-05-30T10:55:26.574+0000] {logging_mixin.py:137} INFO - [2023-05-30T10:55:26.573+0000] {dag.py:2676} INFO - Sync 1 DAGs
[2023-05-30T10:55:26.611+0000] {logging_mixin.py:137} INFO - [2023-05-30T10:55:26.611+0000] {dag.py:3427} INFO - Setting next_dagrun for example_sensor_decorator to None, run_after=None
[2023-05-30T10:55:26.638+0000] {processor.py:175} INFO - Processing /home/airflow/.local/lib/python3.7/site-packages/airflow/example_dags/example_sensor_decorator.py took 0.176 seconds
[2023-05-30T10:55:56.821+0000] {processor.py:153} INFO - Started process (PID=983) to work on /home/airflow/.local/lib/python3.7/site-packages/airflow/example_dags/example_sensor_decorator.py
[2023-05-30T10:55:56.822+0000] {processor.py:743} INFO - Processing file /home/airflow/.local/lib/python3.7/site-packages/airflow/example_dags/example_sensor_decorator.py for tasks to queue
[2023-05-30T10:55:56.824+0000] {logging_mixin.py:137} INFO - [2023-05-30T10:55:56.824+0000] {dagbag.py:538} INFO - Filling up the DagBag from /home/airflow/.local/lib/python3.7/site-packages/airflow/example_dags/example_sensor_decorator.py
[2023-05-30T10:55:56.851+0000] {logging_mixin.py:137} WARNING - /home/airflow/.local/lib/python3.7/site-packages/airflow/models/dag.py:3524 RemovedInAirflow3Warning: Param `schedule_interval` is deprecated and will be removed in a future release. Please use `schedule` instead.
[2023-05-30T10:55:56.863+0000] {processor.py:753} INFO - DAG(s) dict_keys(['example_sensor_decorator']) retrieved from /home/airflow/.local/lib/python3.7/site-packages/airflow/example_dags/example_sensor_decorator.py
[2023-05-30T10:55:56.913+0000] {logging_mixin.py:137} INFO - [2023-05-30T10:55:56.912+0000] {dag.py:2676} INFO - Sync 1 DAGs
[2023-05-30T10:55:56.947+0000] {logging_mixin.py:137} INFO - [2023-05-30T10:55:56.947+0000] {dag.py:3427} INFO - Setting next_dagrun for example_sensor_decorator to None, run_after=None
[2023-05-30T10:55:56.971+0000] {processor.py:175} INFO - Processing /home/airflow/.local/lib/python3.7/site-packages/airflow/example_dags/example_sensor_decorator.py took 0.155 seconds
[2023-05-30T10:56:27.431+0000] {processor.py:153} INFO - Started process (PID=1049) to work on /home/airflow/.local/lib/python3.7/site-packages/airflow/example_dags/example_sensor_decorator.py
[2023-05-30T10:56:27.434+0000] {processor.py:743} INFO - Processing file /home/airflow/.local/lib/python3.7/site-packages/airflow/example_dags/example_sensor_decorator.py for tasks to queue
[2023-05-30T10:56:27.436+0000] {logging_mixin.py:137} INFO - [2023-05-30T10:56:27.436+0000] {dagbag.py:538} INFO - Filling up the DagBag from /home/airflow/.local/lib/python3.7/site-packages/airflow/example_dags/example_sensor_decorator.py
[2023-05-30T10:56:27.471+0000] {logging_mixin.py:137} WARNING - /home/airflow/.local/lib/python3.7/site-packages/airflow/models/dag.py:3524 RemovedInAirflow3Warning: Param `schedule_interval` is deprecated and will be removed in a future release. Please use `schedule` instead.
[2023-05-30T10:56:27.485+0000] {processor.py:753} INFO - DAG(s) dict_keys(['example_sensor_decorator']) retrieved from /home/airflow/.local/lib/python3.7/site-packages/airflow/example_dags/example_sensor_decorator.py
[2023-05-30T10:56:27.544+0000] {logging_mixin.py:137} INFO - [2023-05-30T10:56:27.544+0000] {dag.py:2676} INFO - Sync 1 DAGs
[2023-05-30T10:56:27.582+0000] {logging_mixin.py:137} INFO - [2023-05-30T10:56:27.582+0000] {dag.py:3427} INFO - Setting next_dagrun for example_sensor_decorator to None, run_after=None
[2023-05-30T10:56:27.611+0000] {processor.py:175} INFO - Processing /home/airflow/.local/lib/python3.7/site-packages/airflow/example_dags/example_sensor_decorator.py took 0.186 seconds
[2023-05-30T10:56:57.806+0000] {processor.py:153} INFO - Started process (PID=1129) to work on /home/airflow/.local/lib/python3.7/site-packages/airflow/example_dags/example_sensor_decorator.py
[2023-05-30T10:56:57.809+0000] {processor.py:743} INFO - Processing file /home/airflow/.local/lib/python3.7/site-packages/airflow/example_dags/example_sensor_decorator.py for tasks to queue
[2023-05-30T10:56:57.813+0000] {logging_mixin.py:137} INFO - [2023-05-30T10:56:57.812+0000] {dagbag.py:538} INFO - Filling up the DagBag from /home/airflow/.local/lib/python3.7/site-packages/airflow/example_dags/example_sensor_decorator.py
[2023-05-30T10:56:57.842+0000] {logging_mixin.py:137} WARNING - /home/airflow/.local/lib/python3.7/site-packages/airflow/models/dag.py:3524 RemovedInAirflow3Warning: Param `schedule_interval` is deprecated and will be removed in a future release. Please use `schedule` instead.
[2023-05-30T10:56:57.858+0000] {processor.py:753} INFO - DAG(s) dict_keys(['example_sensor_decorator']) retrieved from /home/airflow/.local/lib/python3.7/site-packages/airflow/example_dags/example_sensor_decorator.py
[2023-05-30T10:56:57.913+0000] {logging_mixin.py:137} INFO - [2023-05-30T10:56:57.912+0000] {dag.py:2676} INFO - Sync 1 DAGs
[2023-05-30T10:56:57.955+0000] {logging_mixin.py:137} INFO - [2023-05-30T10:56:57.955+0000] {dag.py:3427} INFO - Setting next_dagrun for example_sensor_decorator to None, run_after=None
[2023-05-30T10:56:57.986+0000] {processor.py:175} INFO - Processing /home/airflow/.local/lib/python3.7/site-packages/airflow/example_dags/example_sensor_decorator.py took 0.185 seconds
[2023-05-30T10:57:28.229+0000] {processor.py:153} INFO - Started process (PID=1195) to work on /home/airflow/.local/lib/python3.7/site-packages/airflow/example_dags/example_sensor_decorator.py
[2023-05-30T10:57:28.232+0000] {processor.py:743} INFO - Processing file /home/airflow/.local/lib/python3.7/site-packages/airflow/example_dags/example_sensor_decorator.py for tasks to queue
[2023-05-30T10:57:28.233+0000] {logging_mixin.py:137} INFO - [2023-05-30T10:57:28.233+0000] {dagbag.py:538} INFO - Filling up the DagBag from /home/airflow/.local/lib/python3.7/site-packages/airflow/example_dags/example_sensor_decorator.py
[2023-05-30T10:57:28.261+0000] {logging_mixin.py:137} WARNING - /home/airflow/.local/lib/python3.7/site-packages/airflow/models/dag.py:3524 RemovedInAirflow3Warning: Param `schedule_interval` is deprecated and will be removed in a future release. Please use `schedule` instead.
[2023-05-30T10:57:28.274+0000] {processor.py:753} INFO - DAG(s) dict_keys(['example_sensor_decorator']) retrieved from /home/airflow/.local/lib/python3.7/site-packages/airflow/example_dags/example_sensor_decorator.py
[2023-05-30T10:57:28.324+0000] {logging_mixin.py:137} INFO - [2023-05-30T10:57:28.323+0000] {dag.py:2676} INFO - Sync 1 DAGs
[2023-05-30T10:57:28.358+0000] {logging_mixin.py:137} INFO - [2023-05-30T10:57:28.358+0000] {dag.py:3427} INFO - Setting next_dagrun for example_sensor_decorator to None, run_after=None
[2023-05-30T10:57:28.382+0000] {processor.py:175} INFO - Processing /home/airflow/.local/lib/python3.7/site-packages/airflow/example_dags/example_sensor_decorator.py took 0.157 seconds
[2023-05-30T10:57:58.854+0000] {processor.py:153} INFO - Started process (PID=1260) to work on /home/airflow/.local/lib/python3.7/site-packages/airflow/example_dags/example_sensor_decorator.py
[2023-05-30T10:57:58.857+0000] {processor.py:743} INFO - Processing file /home/airflow/.local/lib/python3.7/site-packages/airflow/example_dags/example_sensor_decorator.py for tasks to queue
[2023-05-30T10:57:58.861+0000] {logging_mixin.py:137} INFO - [2023-05-30T10:57:58.861+0000] {dagbag.py:538} INFO - Filling up the DagBag from /home/airflow/.local/lib/python3.7/site-packages/airflow/example_dags/example_sensor_decorator.py
[2023-05-30T10:57:58.900+0000] {logging_mixin.py:137} WARNING - /home/airflow/.local/lib/python3.7/site-packages/airflow/models/dag.py:3524 RemovedInAirflow3Warning: Param `schedule_interval` is deprecated and will be removed in a future release. Please use `schedule` instead.
[2023-05-30T10:57:58.915+0000] {processor.py:753} INFO - DAG(s) dict_keys(['example_sensor_decorator']) retrieved from /home/airflow/.local/lib/python3.7/site-packages/airflow/example_dags/example_sensor_decorator.py
[2023-05-30T10:57:58.984+0000] {logging_mixin.py:137} INFO - [2023-05-30T10:57:58.983+0000] {dag.py:2676} INFO - Sync 1 DAGs
[2023-05-30T10:57:59.031+0000] {logging_mixin.py:137} INFO - [2023-05-30T10:57:59.031+0000] {dag.py:3427} INFO - Setting next_dagrun for example_sensor_decorator to None, run_after=None
[2023-05-30T10:57:59.065+0000] {processor.py:175} INFO - Processing /home/airflow/.local/lib/python3.7/site-packages/airflow/example_dags/example_sensor_decorator.py took 0.216 seconds
[2023-05-30T10:58:29.264+0000] {processor.py:153} INFO - Started process (PID=1354) to work on /home/airflow/.local/lib/python3.7/site-packages/airflow/example_dags/example_sensor_decorator.py
[2023-05-30T10:58:29.266+0000] {processor.py:743} INFO - Processing file /home/airflow/.local/lib/python3.7/site-packages/airflow/example_dags/example_sensor_decorator.py for tasks to queue
[2023-05-30T10:58:29.268+0000] {logging_mixin.py:137} INFO - [2023-05-30T10:58:29.268+0000] {dagbag.py:538} INFO - Filling up the DagBag from /home/airflow/.local/lib/python3.7/site-packages/airflow/example_dags/example_sensor_decorator.py
[2023-05-30T10:58:29.297+0000] {logging_mixin.py:137} WARNING - /home/airflow/.local/lib/python3.7/site-packages/airflow/models/dag.py:3524 RemovedInAirflow3Warning: Param `schedule_interval` is deprecated and will be removed in a future release. Please use `schedule` instead.
[2023-05-30T10:58:29.311+0000] {processor.py:753} INFO - DAG(s) dict_keys(['example_sensor_decorator']) retrieved from /home/airflow/.local/lib/python3.7/site-packages/airflow/example_dags/example_sensor_decorator.py
[2023-05-30T10:58:29.364+0000] {logging_mixin.py:137} INFO - [2023-05-30T10:58:29.363+0000] {dag.py:2676} INFO - Sync 1 DAGs
[2023-05-30T10:58:29.399+0000] {logging_mixin.py:137} INFO - [2023-05-30T10:58:29.399+0000] {dag.py:3427} INFO - Setting next_dagrun for example_sensor_decorator to None, run_after=None
[2023-05-30T10:58:29.425+0000] {processor.py:175} INFO - Processing /home/airflow/.local/lib/python3.7/site-packages/airflow/example_dags/example_sensor_decorator.py took 0.167 seconds
[2023-05-30T10:58:59.661+0000] {processor.py:153} INFO - Started process (PID=1420) to work on /home/airflow/.local/lib/python3.7/site-packages/airflow/example_dags/example_sensor_decorator.py
[2023-05-30T10:58:59.664+0000] {processor.py:743} INFO - Processing file /home/airflow/.local/lib/python3.7/site-packages/airflow/example_dags/example_sensor_decorator.py for tasks to queue
[2023-05-30T10:58:59.666+0000] {logging_mixin.py:137} INFO - [2023-05-30T10:58:59.666+0000] {dagbag.py:538} INFO - Filling up the DagBag from /home/airflow/.local/lib/python3.7/site-packages/airflow/example_dags/example_sensor_decorator.py
[2023-05-30T10:58:59.697+0000] {logging_mixin.py:137} WARNING - /home/airflow/.local/lib/python3.7/site-packages/airflow/models/dag.py:3524 RemovedInAirflow3Warning: Param `schedule_interval` is deprecated and will be removed in a future release. Please use `schedule` instead.
[2023-05-30T10:58:59.711+0000] {processor.py:753} INFO - DAG(s) dict_keys(['example_sensor_decorator']) retrieved from /home/airflow/.local/lib/python3.7/site-packages/airflow/example_dags/example_sensor_decorator.py
[2023-05-30T10:58:59.768+0000] {logging_mixin.py:137} INFO - [2023-05-30T10:58:59.767+0000] {dag.py:2676} INFO - Sync 1 DAGs
[2023-05-30T10:58:59.813+0000] {logging_mixin.py:137} INFO - [2023-05-30T10:58:59.813+0000] {dag.py:3427} INFO - Setting next_dagrun for example_sensor_decorator to None, run_after=None
[2023-05-30T10:58:59.847+0000] {processor.py:175} INFO - Processing /home/airflow/.local/lib/python3.7/site-packages/airflow/example_dags/example_sensor_decorator.py took 0.191 seconds
[2023-05-30T10:59:30.175+0000] {processor.py:153} INFO - Started process (PID=1486) to work on /home/airflow/.local/lib/python3.7/site-packages/airflow/example_dags/example_sensor_decorator.py
[2023-05-30T10:59:30.178+0000] {processor.py:743} INFO - Processing file /home/airflow/.local/lib/python3.7/site-packages/airflow/example_dags/example_sensor_decorator.py for tasks to queue
[2023-05-30T10:59:30.180+0000] {logging_mixin.py:137} INFO - [2023-05-30T10:59:30.179+0000] {dagbag.py:538} INFO - Filling up the DagBag from /home/airflow/.local/lib/python3.7/site-packages/airflow/example_dags/example_sensor_decorator.py
[2023-05-30T10:59:30.211+0000] {logging_mixin.py:137} WARNING - /home/airflow/.local/lib/python3.7/site-packages/airflow/models/dag.py:3524 RemovedInAirflow3Warning: Param `schedule_interval` is deprecated and will be removed in a future release. Please use `schedule` instead.
[2023-05-30T10:59:30.226+0000] {processor.py:753} INFO - DAG(s) dict_keys(['example_sensor_decorator']) retrieved from /home/airflow/.local/lib/python3.7/site-packages/airflow/example_dags/example_sensor_decorator.py
[2023-05-30T10:59:30.285+0000] {logging_mixin.py:137} INFO - [2023-05-30T10:59:30.285+0000] {dag.py:2676} INFO - Sync 1 DAGs
[2023-05-30T10:59:30.323+0000] {logging_mixin.py:137} INFO - [2023-05-30T10:59:30.323+0000] {dag.py:3427} INFO - Setting next_dagrun for example_sensor_decorator to None, run_after=None
[2023-05-30T10:59:30.352+0000] {processor.py:175} INFO - Processing /home/airflow/.local/lib/python3.7/site-packages/airflow/example_dags/example_sensor_decorator.py took 0.182 seconds
[2023-05-30T11:00:00.691+0000] {processor.py:153} INFO - Started process (PID=1566) to work on /home/airflow/.local/lib/python3.7/site-packages/airflow/example_dags/example_sensor_decorator.py
[2023-05-30T11:00:00.694+0000] {processor.py:743} INFO - Processing file /home/airflow/.local/lib/python3.7/site-packages/airflow/example_dags/example_sensor_decorator.py for tasks to queue
[2023-05-30T11:00:00.696+0000] {logging_mixin.py:137} INFO - [2023-05-30T11:00:00.696+0000] {dagbag.py:538} INFO - Filling up the DagBag from /home/airflow/.local/lib/python3.7/site-packages/airflow/example_dags/example_sensor_decorator.py
[2023-05-30T11:00:00.725+0000] {logging_mixin.py:137} WARNING - /home/airflow/.local/lib/python3.7/site-packages/airflow/models/dag.py:3524 RemovedInAirflow3Warning: Param `schedule_interval` is deprecated and will be removed in a future release. Please use `schedule` instead.
[2023-05-30T11:00:00.739+0000] {processor.py:753} INFO - DAG(s) dict_keys(['example_sensor_decorator']) retrieved from /home/airflow/.local/lib/python3.7/site-packages/airflow/example_dags/example_sensor_decorator.py
[2023-05-30T11:00:00.791+0000] {logging_mixin.py:137} INFO - [2023-05-30T11:00:00.790+0000] {dag.py:2676} INFO - Sync 1 DAGs
[2023-05-30T11:00:00.830+0000] {logging_mixin.py:137} INFO - [2023-05-30T11:00:00.830+0000] {dag.py:3427} INFO - Setting next_dagrun for example_sensor_decorator to None, run_after=None
[2023-05-30T11:00:00.857+0000] {processor.py:175} INFO - Processing /home/airflow/.local/lib/python3.7/site-packages/airflow/example_dags/example_sensor_decorator.py took 0.170 seconds
[2023-05-30T11:00:31.659+0000] {processor.py:153} INFO - Started process (PID=1632) to work on /home/airflow/.local/lib/python3.7/site-packages/airflow/example_dags/example_sensor_decorator.py
[2023-05-30T11:00:31.662+0000] {processor.py:743} INFO - Processing file /home/airflow/.local/lib/python3.7/site-packages/airflow/example_dags/example_sensor_decorator.py for tasks to queue
[2023-05-30T11:00:31.664+0000] {logging_mixin.py:137} INFO - [2023-05-30T11:00:31.664+0000] {dagbag.py:538} INFO - Filling up the DagBag from /home/airflow/.local/lib/python3.7/site-packages/airflow/example_dags/example_sensor_decorator.py
[2023-05-30T11:00:31.692+0000] {logging_mixin.py:137} WARNING - /home/airflow/.local/lib/python3.7/site-packages/airflow/models/dag.py:3524 RemovedInAirflow3Warning: Param `schedule_interval` is deprecated and will be removed in a future release. Please use `schedule` instead.
[2023-05-30T11:00:31.706+0000] {processor.py:753} INFO - DAG(s) dict_keys(['example_sensor_decorator']) retrieved from /home/airflow/.local/lib/python3.7/site-packages/airflow/example_dags/example_sensor_decorator.py
[2023-05-30T11:00:31.758+0000] {logging_mixin.py:137} INFO - [2023-05-30T11:00:31.758+0000] {dag.py:2676} INFO - Sync 1 DAGs
[2023-05-30T11:00:31.796+0000] {logging_mixin.py:137} INFO - [2023-05-30T11:00:31.795+0000] {dag.py:3427} INFO - Setting next_dagrun for example_sensor_decorator to None, run_after=None
[2023-05-30T11:00:31.822+0000] {processor.py:175} INFO - Processing /home/airflow/.local/lib/python3.7/site-packages/airflow/example_dags/example_sensor_decorator.py took 0.170 seconds
[2023-05-30T11:01:02.021+0000] {processor.py:153} INFO - Started process (PID=1706) to work on /home/airflow/.local/lib/python3.7/site-packages/airflow/example_dags/example_sensor_decorator.py
[2023-05-30T11:01:02.024+0000] {processor.py:743} INFO - Processing file /home/airflow/.local/lib/python3.7/site-packages/airflow/example_dags/example_sensor_decorator.py for tasks to queue
[2023-05-30T11:01:02.026+0000] {logging_mixin.py:137} INFO - [2023-05-30T11:01:02.026+0000] {dagbag.py:538} INFO - Filling up the DagBag from /home/airflow/.local/lib/python3.7/site-packages/airflow/example_dags/example_sensor_decorator.py
[2023-05-30T11:01:02.056+0000] {logging_mixin.py:137} WARNING - /home/airflow/.local/lib/python3.7/site-packages/airflow/models/dag.py:3524 RemovedInAirflow3Warning: Param `schedule_interval` is deprecated and will be removed in a future release. Please use `schedule` instead.
[2023-05-30T11:01:02.068+0000] {processor.py:753} INFO - DAG(s) dict_keys(['example_sensor_decorator']) retrieved from /home/airflow/.local/lib/python3.7/site-packages/airflow/example_dags/example_sensor_decorator.py
[2023-05-30T11:01:02.114+0000] {logging_mixin.py:137} INFO - [2023-05-30T11:01:02.114+0000] {dag.py:2676} INFO - Sync 1 DAGs
[2023-05-30T11:01:02.148+0000] {logging_mixin.py:137} INFO - [2023-05-30T11:01:02.148+0000] {dag.py:3427} INFO - Setting next_dagrun for example_sensor_decorator to None, run_after=None
[2023-05-30T11:01:02.173+0000] {processor.py:175} INFO - Processing /home/airflow/.local/lib/python3.7/site-packages/airflow/example_dags/example_sensor_decorator.py took 0.156 seconds
