[2023-05-30T10:49:24.188+0000] {processor.py:153} INFO - Started process (PID=83) to work on /home/airflow/.local/lib/python3.7/site-packages/airflow/example_dags/example_skip_dag.py
[2023-05-30T10:49:24.192+0000] {processor.py:743} INFO - Processing file /home/airflow/.local/lib/python3.7/site-packages/airflow/example_dags/example_skip_dag.py for tasks to queue
[2023-05-30T10:49:24.195+0000] {logging_mixin.py:137} INFO - [2023-05-30T10:49:24.194+0000] {dagbag.py:538} INFO - Filling up the DagBag from /home/airflow/.local/lib/python3.7/site-packages/airflow/example_dags/example_skip_dag.py
[2023-05-30T10:49:24.219+0000] {processor.py:753} INFO - DAG(s) dict_keys(['example_skip_dag']) retrieved from /home/airflow/.local/lib/python3.7/site-packages/airflow/example_dags/example_skip_dag.py
[2023-05-30T10:49:24.263+0000] {logging_mixin.py:137} INFO - [2023-05-30T10:49:24.263+0000] {dag.py:2676} INFO - Sync 1 DAGs
[2023-05-30T10:49:24.308+0000] {logging_mixin.py:137} INFO - [2023-05-30T10:49:24.308+0000] {dag.py:3427} INFO - Setting next_dagrun for example_skip_dag to 2023-05-29T10:49:24.308322+00:00, run_after=2023-05-30T10:49:24.308322+00:00
[2023-05-30T10:49:24.345+0000] {processor.py:175} INFO - Processing /home/airflow/.local/lib/python3.7/site-packages/airflow/example_dags/example_skip_dag.py took 0.162 seconds
[2023-05-30T10:49:54.449+0000] {processor.py:153} INFO - Started process (PID=150) to work on /home/airflow/.local/lib/python3.7/site-packages/airflow/example_dags/example_skip_dag.py
[2023-05-30T10:49:54.451+0000] {processor.py:743} INFO - Processing file /home/airflow/.local/lib/python3.7/site-packages/airflow/example_dags/example_skip_dag.py for tasks to queue
[2023-05-30T10:49:54.453+0000] {logging_mixin.py:137} INFO - [2023-05-30T10:49:54.453+0000] {dagbag.py:538} INFO - Filling up the DagBag from /home/airflow/.local/lib/python3.7/site-packages/airflow/example_dags/example_skip_dag.py
[2023-05-30T10:49:54.478+0000] {processor.py:753} INFO - DAG(s) dict_keys(['example_skip_dag']) retrieved from /home/airflow/.local/lib/python3.7/site-packages/airflow/example_dags/example_skip_dag.py
[2023-05-30T10:49:54.531+0000] {logging_mixin.py:137} INFO - [2023-05-30T10:49:54.531+0000] {dag.py:2676} INFO - Sync 1 DAGs
[2023-05-30T10:49:54.569+0000] {logging_mixin.py:137} INFO - [2023-05-30T10:49:54.568+0000] {dag.py:3427} INFO - Setting next_dagrun for example_skip_dag to 2023-05-29T10:49:54.568490+00:00, run_after=2023-05-30T10:49:54.568490+00:00
[2023-05-30T10:49:54.597+0000] {processor.py:175} INFO - Processing /home/airflow/.local/lib/python3.7/site-packages/airflow/example_dags/example_skip_dag.py took 0.154 seconds
[2023-05-30T10:50:25.790+0000] {processor.py:153} INFO - Started process (PID=230) to work on /home/airflow/.local/lib/python3.7/site-packages/airflow/example_dags/example_skip_dag.py
[2023-05-30T10:50:25.793+0000] {processor.py:743} INFO - Processing file /home/airflow/.local/lib/python3.7/site-packages/airflow/example_dags/example_skip_dag.py for tasks to queue
[2023-05-30T10:50:25.796+0000] {logging_mixin.py:137} INFO - [2023-05-30T10:50:25.795+0000] {dagbag.py:538} INFO - Filling up the DagBag from /home/airflow/.local/lib/python3.7/site-packages/airflow/example_dags/example_skip_dag.py
[2023-05-30T10:50:25.820+0000] {processor.py:753} INFO - DAG(s) dict_keys(['example_skip_dag']) retrieved from /home/airflow/.local/lib/python3.7/site-packages/airflow/example_dags/example_skip_dag.py
[2023-05-30T10:50:25.874+0000] {logging_mixin.py:137} INFO - [2023-05-30T10:50:25.874+0000] {dag.py:2676} INFO - Sync 1 DAGs
[2023-05-30T10:50:25.912+0000] {logging_mixin.py:137} INFO - [2023-05-30T10:50:25.912+0000] {dag.py:3427} INFO - Setting next_dagrun for example_skip_dag to 2023-05-29T10:50:25.912170+00:00, run_after=2023-05-30T10:50:25.912170+00:00
[2023-05-30T10:50:25.943+0000] {processor.py:175} INFO - Processing /home/airflow/.local/lib/python3.7/site-packages/airflow/example_dags/example_skip_dag.py took 0.159 seconds
[2023-05-30T10:50:56.067+0000] {processor.py:153} INFO - Started process (PID=295) to work on /home/airflow/.local/lib/python3.7/site-packages/airflow/example_dags/example_skip_dag.py
[2023-05-30T10:50:56.076+0000] {processor.py:743} INFO - Processing file /home/airflow/.local/lib/python3.7/site-packages/airflow/example_dags/example_skip_dag.py for tasks to queue
[2023-05-30T10:50:56.081+0000] {logging_mixin.py:137} INFO - [2023-05-30T10:50:56.080+0000] {dagbag.py:538} INFO - Filling up the DagBag from /home/airflow/.local/lib/python3.7/site-packages/airflow/example_dags/example_skip_dag.py
[2023-05-30T10:50:56.121+0000] {processor.py:753} INFO - DAG(s) dict_keys(['example_skip_dag']) retrieved from /home/airflow/.local/lib/python3.7/site-packages/airflow/example_dags/example_skip_dag.py
[2023-05-30T10:50:56.226+0000] {logging_mixin.py:137} INFO - [2023-05-30T10:50:56.225+0000] {dag.py:2676} INFO - Sync 1 DAGs
[2023-05-30T10:50:56.306+0000] {logging_mixin.py:137} INFO - [2023-05-30T10:50:56.306+0000] {dag.py:3427} INFO - Setting next_dagrun for example_skip_dag to 2023-05-29T10:50:56.305641+00:00, run_after=2023-05-30T10:50:56.305641+00:00
[2023-05-30T10:50:56.357+0000] {processor.py:175} INFO - Processing /home/airflow/.local/lib/python3.7/site-packages/airflow/example_dags/example_skip_dag.py took 0.305 seconds
[2023-05-30T10:51:26.608+0000] {processor.py:153} INFO - Started process (PID=373) to work on /home/airflow/.local/lib/python3.7/site-packages/airflow/example_dags/example_skip_dag.py
[2023-05-30T10:51:26.611+0000] {processor.py:743} INFO - Processing file /home/airflow/.local/lib/python3.7/site-packages/airflow/example_dags/example_skip_dag.py for tasks to queue
[2023-05-30T10:51:26.614+0000] {logging_mixin.py:137} INFO - [2023-05-30T10:51:26.613+0000] {dagbag.py:538} INFO - Filling up the DagBag from /home/airflow/.local/lib/python3.7/site-packages/airflow/example_dags/example_skip_dag.py
[2023-05-30T10:51:26.639+0000] {processor.py:753} INFO - DAG(s) dict_keys(['example_skip_dag']) retrieved from /home/airflow/.local/lib/python3.7/site-packages/airflow/example_dags/example_skip_dag.py
[2023-05-30T10:51:26.707+0000] {logging_mixin.py:137} INFO - [2023-05-30T10:51:26.707+0000] {dag.py:2676} INFO - Sync 1 DAGs
[2023-05-30T10:51:26.755+0000] {logging_mixin.py:137} INFO - [2023-05-30T10:51:26.755+0000] {dag.py:3427} INFO - Setting next_dagrun for example_skip_dag to 2023-05-29T10:51:26.754781+00:00, run_after=2023-05-30T10:51:26.754781+00:00
[2023-05-30T10:51:26.787+0000] {processor.py:175} INFO - Processing /home/airflow/.local/lib/python3.7/site-packages/airflow/example_dags/example_skip_dag.py took 0.185 seconds
[2023-05-30T10:51:57.040+0000] {processor.py:153} INFO - Started process (PID=439) to work on /home/airflow/.local/lib/python3.7/site-packages/airflow/example_dags/example_skip_dag.py
[2023-05-30T10:51:57.043+0000] {processor.py:743} INFO - Processing file /home/airflow/.local/lib/python3.7/site-packages/airflow/example_dags/example_skip_dag.py for tasks to queue
[2023-05-30T10:51:57.045+0000] {logging_mixin.py:137} INFO - [2023-05-30T10:51:57.045+0000] {dagbag.py:538} INFO - Filling up the DagBag from /home/airflow/.local/lib/python3.7/site-packages/airflow/example_dags/example_skip_dag.py
[2023-05-30T10:51:57.068+0000] {processor.py:753} INFO - DAG(s) dict_keys(['example_skip_dag']) retrieved from /home/airflow/.local/lib/python3.7/site-packages/airflow/example_dags/example_skip_dag.py
[2023-05-30T10:51:57.122+0000] {logging_mixin.py:137} INFO - [2023-05-30T10:51:57.122+0000] {dag.py:2676} INFO - Sync 1 DAGs
[2023-05-30T10:51:57.161+0000] {logging_mixin.py:137} INFO - [2023-05-30T10:51:57.161+0000] {dag.py:3427} INFO - Setting next_dagrun for example_skip_dag to 2023-05-29T10:51:57.160763+00:00, run_after=2023-05-30T10:51:57.160763+00:00
[2023-05-30T10:51:57.190+0000] {processor.py:175} INFO - Processing /home/airflow/.local/lib/python3.7/site-packages/airflow/example_dags/example_skip_dag.py took 0.155 seconds
[2023-05-30T10:52:27.429+0000] {processor.py:153} INFO - Started process (PID=505) to work on /home/airflow/.local/lib/python3.7/site-packages/airflow/example_dags/example_skip_dag.py
[2023-05-30T10:52:27.432+0000] {processor.py:743} INFO - Processing file /home/airflow/.local/lib/python3.7/site-packages/airflow/example_dags/example_skip_dag.py for tasks to queue
[2023-05-30T10:52:27.434+0000] {logging_mixin.py:137} INFO - [2023-05-30T10:52:27.434+0000] {dagbag.py:538} INFO - Filling up the DagBag from /home/airflow/.local/lib/python3.7/site-packages/airflow/example_dags/example_skip_dag.py
[2023-05-30T10:52:27.458+0000] {processor.py:753} INFO - DAG(s) dict_keys(['example_skip_dag']) retrieved from /home/airflow/.local/lib/python3.7/site-packages/airflow/example_dags/example_skip_dag.py
[2023-05-30T10:52:27.517+0000] {logging_mixin.py:137} INFO - [2023-05-30T10:52:27.517+0000] {dag.py:2676} INFO - Sync 1 DAGs
[2023-05-30T10:52:27.559+0000] {logging_mixin.py:137} INFO - [2023-05-30T10:52:27.559+0000] {dag.py:3427} INFO - Setting next_dagrun for example_skip_dag to 2023-05-29T10:52:27.558780+00:00, run_after=2023-05-30T10:52:27.558780+00:00
[2023-05-30T10:52:27.590+0000] {processor.py:175} INFO - Processing /home/airflow/.local/lib/python3.7/site-packages/airflow/example_dags/example_skip_dag.py took 0.167 seconds
[2023-05-30T10:52:57.735+0000] {processor.py:153} INFO - Started process (PID=585) to work on /home/airflow/.local/lib/python3.7/site-packages/airflow/example_dags/example_skip_dag.py
[2023-05-30T10:52:57.737+0000] {processor.py:743} INFO - Processing file /home/airflow/.local/lib/python3.7/site-packages/airflow/example_dags/example_skip_dag.py for tasks to queue
[2023-05-30T10:52:57.739+0000] {logging_mixin.py:137} INFO - [2023-05-30T10:52:57.739+0000] {dagbag.py:538} INFO - Filling up the DagBag from /home/airflow/.local/lib/python3.7/site-packages/airflow/example_dags/example_skip_dag.py
[2023-05-30T10:52:57.763+0000] {processor.py:753} INFO - DAG(s) dict_keys(['example_skip_dag']) retrieved from /home/airflow/.local/lib/python3.7/site-packages/airflow/example_dags/example_skip_dag.py
[2023-05-30T10:52:57.818+0000] {logging_mixin.py:137} INFO - [2023-05-30T10:52:57.817+0000] {dag.py:2676} INFO - Sync 1 DAGs
[2023-05-30T10:52:57.856+0000] {logging_mixin.py:137} INFO - [2023-05-30T10:52:57.856+0000] {dag.py:3427} INFO - Setting next_dagrun for example_skip_dag to 2023-05-29T10:52:57.856132+00:00, run_after=2023-05-30T10:52:57.856132+00:00
[2023-05-30T10:52:57.890+0000] {processor.py:175} INFO - Processing /home/airflow/.local/lib/python3.7/site-packages/airflow/example_dags/example_skip_dag.py took 0.160 seconds
[2023-05-30T10:53:28.091+0000] {processor.py:153} INFO - Started process (PID=651) to work on /home/airflow/.local/lib/python3.7/site-packages/airflow/example_dags/example_skip_dag.py
[2023-05-30T10:53:28.093+0000] {processor.py:743} INFO - Processing file /home/airflow/.local/lib/python3.7/site-packages/airflow/example_dags/example_skip_dag.py for tasks to queue
[2023-05-30T10:53:28.095+0000] {logging_mixin.py:137} INFO - [2023-05-30T10:53:28.094+0000] {dagbag.py:538} INFO - Filling up the DagBag from /home/airflow/.local/lib/python3.7/site-packages/airflow/example_dags/example_skip_dag.py
[2023-05-30T10:53:28.116+0000] {processor.py:753} INFO - DAG(s) dict_keys(['example_skip_dag']) retrieved from /home/airflow/.local/lib/python3.7/site-packages/airflow/example_dags/example_skip_dag.py
[2023-05-30T10:53:28.168+0000] {logging_mixin.py:137} INFO - [2023-05-30T10:53:28.167+0000] {dag.py:2676} INFO - Sync 1 DAGs
[2023-05-30T10:53:28.202+0000] {logging_mixin.py:137} INFO - [2023-05-30T10:53:28.202+0000] {dag.py:3427} INFO - Setting next_dagrun for example_skip_dag to 2023-05-29T10:53:28.202425+00:00, run_after=2023-05-30T10:53:28.202425+00:00
[2023-05-30T10:53:28.230+0000] {processor.py:175} INFO - Processing /home/airflow/.local/lib/python3.7/site-packages/airflow/example_dags/example_skip_dag.py took 0.144 seconds
[2023-05-30T10:53:59.210+0000] {processor.py:153} INFO - Started process (PID=726) to work on /home/airflow/.local/lib/python3.7/site-packages/airflow/example_dags/example_skip_dag.py
[2023-05-30T10:53:59.212+0000] {processor.py:743} INFO - Processing file /home/airflow/.local/lib/python3.7/site-packages/airflow/example_dags/example_skip_dag.py for tasks to queue
[2023-05-30T10:53:59.218+0000] {logging_mixin.py:137} INFO - [2023-05-30T10:53:59.217+0000] {dagbag.py:538} INFO - Filling up the DagBag from /home/airflow/.local/lib/python3.7/site-packages/airflow/example_dags/example_skip_dag.py
[2023-05-30T10:53:59.239+0000] {processor.py:753} INFO - DAG(s) dict_keys(['example_skip_dag']) retrieved from /home/airflow/.local/lib/python3.7/site-packages/airflow/example_dags/example_skip_dag.py
[2023-05-30T10:53:59.291+0000] {logging_mixin.py:137} INFO - [2023-05-30T10:53:59.291+0000] {dag.py:2676} INFO - Sync 1 DAGs
[2023-05-30T10:53:59.328+0000] {logging_mixin.py:137} INFO - [2023-05-30T10:53:59.328+0000] {dag.py:3427} INFO - Setting next_dagrun for example_skip_dag to 2023-05-29T10:53:59.328224+00:00, run_after=2023-05-30T10:53:59.328224+00:00
[2023-05-30T10:53:59.356+0000] {processor.py:175} INFO - Processing /home/airflow/.local/lib/python3.7/site-packages/airflow/example_dags/example_skip_dag.py took 0.151 seconds
[2023-05-30T10:54:30.170+0000] {processor.py:153} INFO - Started process (PID=797) to work on /home/airflow/.local/lib/python3.7/site-packages/airflow/example_dags/example_skip_dag.py
[2023-05-30T10:54:30.172+0000] {processor.py:743} INFO - Processing file /home/airflow/.local/lib/python3.7/site-packages/airflow/example_dags/example_skip_dag.py for tasks to queue
[2023-05-30T10:54:30.174+0000] {logging_mixin.py:137} INFO - [2023-05-30T10:54:30.174+0000] {dagbag.py:538} INFO - Filling up the DagBag from /home/airflow/.local/lib/python3.7/site-packages/airflow/example_dags/example_skip_dag.py
[2023-05-30T10:54:30.195+0000] {processor.py:753} INFO - DAG(s) dict_keys(['example_skip_dag']) retrieved from /home/airflow/.local/lib/python3.7/site-packages/airflow/example_dags/example_skip_dag.py
[2023-05-30T10:54:30.246+0000] {logging_mixin.py:137} INFO - [2023-05-30T10:54:30.245+0000] {dag.py:2676} INFO - Sync 1 DAGs
[2023-05-30T10:54:30.277+0000] {logging_mixin.py:137} INFO - [2023-05-30T10:54:30.277+0000] {dag.py:3427} INFO - Setting next_dagrun for example_skip_dag to 2023-05-29T10:54:30.277343+00:00, run_after=2023-05-30T10:54:30.277343+00:00
[2023-05-30T10:54:30.303+0000] {processor.py:175} INFO - Processing /home/airflow/.local/lib/python3.7/site-packages/airflow/example_dags/example_skip_dag.py took 0.138 seconds
[2023-05-30T10:55:01.048+0000] {processor.py:153} INFO - Started process (PID=870) to work on /home/airflow/.local/lib/python3.7/site-packages/airflow/example_dags/example_skip_dag.py
[2023-05-30T10:55:01.051+0000] {processor.py:743} INFO - Processing file /home/airflow/.local/lib/python3.7/site-packages/airflow/example_dags/example_skip_dag.py for tasks to queue
[2023-05-30T10:55:01.053+0000] {logging_mixin.py:137} INFO - [2023-05-30T10:55:01.053+0000] {dagbag.py:538} INFO - Filling up the DagBag from /home/airflow/.local/lib/python3.7/site-packages/airflow/example_dags/example_skip_dag.py
[2023-05-30T10:55:01.074+0000] {processor.py:753} INFO - DAG(s) dict_keys(['example_skip_dag']) retrieved from /home/airflow/.local/lib/python3.7/site-packages/airflow/example_dags/example_skip_dag.py
[2023-05-30T10:55:01.127+0000] {logging_mixin.py:137} INFO - [2023-05-30T10:55:01.127+0000] {dag.py:2676} INFO - Sync 1 DAGs
[2023-05-30T10:55:01.162+0000] {logging_mixin.py:137} INFO - [2023-05-30T10:55:01.162+0000] {dag.py:3427} INFO - Setting next_dagrun for example_skip_dag to 2023-05-29T10:55:01.161850+00:00, run_after=2023-05-30T10:55:01.161850+00:00
[2023-05-30T10:55:01.187+0000] {processor.py:175} INFO - Processing /home/airflow/.local/lib/python3.7/site-packages/airflow/example_dags/example_skip_dag.py took 0.144 seconds
[2023-05-30T10:55:31.525+0000] {processor.py:153} INFO - Started process (PID=942) to work on /home/airflow/.local/lib/python3.7/site-packages/airflow/example_dags/example_skip_dag.py
[2023-05-30T10:55:31.527+0000] {processor.py:743} INFO - Processing file /home/airflow/.local/lib/python3.7/site-packages/airflow/example_dags/example_skip_dag.py for tasks to queue
[2023-05-30T10:55:31.530+0000] {logging_mixin.py:137} INFO - [2023-05-30T10:55:31.530+0000] {dagbag.py:538} INFO - Filling up the DagBag from /home/airflow/.local/lib/python3.7/site-packages/airflow/example_dags/example_skip_dag.py
[2023-05-30T10:55:31.552+0000] {processor.py:753} INFO - DAG(s) dict_keys(['example_skip_dag']) retrieved from /home/airflow/.local/lib/python3.7/site-packages/airflow/example_dags/example_skip_dag.py
[2023-05-30T10:55:31.610+0000] {logging_mixin.py:137} INFO - [2023-05-30T10:55:31.609+0000] {dag.py:2676} INFO - Sync 1 DAGs
[2023-05-30T10:55:31.646+0000] {logging_mixin.py:137} INFO - [2023-05-30T10:55:31.646+0000] {dag.py:3427} INFO - Setting next_dagrun for example_skip_dag to 2023-05-29T10:55:31.645901+00:00, run_after=2023-05-30T10:55:31.645901+00:00
[2023-05-30T10:55:31.672+0000] {processor.py:175} INFO - Processing /home/airflow/.local/lib/python3.7/site-packages/airflow/example_dags/example_skip_dag.py took 0.152 seconds
[2023-05-30T10:56:02.845+0000] {processor.py:153} INFO - Started process (PID=1008) to work on /home/airflow/.local/lib/python3.7/site-packages/airflow/example_dags/example_skip_dag.py
[2023-05-30T10:56:02.848+0000] {processor.py:743} INFO - Processing file /home/airflow/.local/lib/python3.7/site-packages/airflow/example_dags/example_skip_dag.py for tasks to queue
[2023-05-30T10:56:02.853+0000] {logging_mixin.py:137} INFO - [2023-05-30T10:56:02.853+0000] {dagbag.py:538} INFO - Filling up the DagBag from /home/airflow/.local/lib/python3.7/site-packages/airflow/example_dags/example_skip_dag.py
[2023-05-30T10:56:02.904+0000] {processor.py:753} INFO - DAG(s) dict_keys(['example_skip_dag']) retrieved from /home/airflow/.local/lib/python3.7/site-packages/airflow/example_dags/example_skip_dag.py
[2023-05-30T10:56:03.003+0000] {logging_mixin.py:137} INFO - [2023-05-30T10:56:03.003+0000] {dag.py:2676} INFO - Sync 1 DAGs
[2023-05-30T10:56:03.071+0000] {logging_mixin.py:137} INFO - [2023-05-30T10:56:03.070+0000] {dag.py:3427} INFO - Setting next_dagrun for example_skip_dag to 2023-05-29T10:56:03.070249+00:00, run_after=2023-05-30T10:56:03.070249+00:00
[2023-05-30T10:56:03.123+0000] {processor.py:175} INFO - Processing /home/airflow/.local/lib/python3.7/site-packages/airflow/example_dags/example_skip_dag.py took 0.285 seconds
[2023-05-30T10:56:33.326+0000] {processor.py:153} INFO - Started process (PID=1088) to work on /home/airflow/.local/lib/python3.7/site-packages/airflow/example_dags/example_skip_dag.py
[2023-05-30T10:56:33.329+0000] {processor.py:743} INFO - Processing file /home/airflow/.local/lib/python3.7/site-packages/airflow/example_dags/example_skip_dag.py for tasks to queue
[2023-05-30T10:56:33.331+0000] {logging_mixin.py:137} INFO - [2023-05-30T10:56:33.331+0000] {dagbag.py:538} INFO - Filling up the DagBag from /home/airflow/.local/lib/python3.7/site-packages/airflow/example_dags/example_skip_dag.py
[2023-05-30T10:56:33.353+0000] {processor.py:753} INFO - DAG(s) dict_keys(['example_skip_dag']) retrieved from /home/airflow/.local/lib/python3.7/site-packages/airflow/example_dags/example_skip_dag.py
[2023-05-30T10:56:33.409+0000] {logging_mixin.py:137} INFO - [2023-05-30T10:56:33.409+0000] {dag.py:2676} INFO - Sync 1 DAGs
[2023-05-30T10:56:33.446+0000] {logging_mixin.py:137} INFO - [2023-05-30T10:56:33.445+0000] {dag.py:3427} INFO - Setting next_dagrun for example_skip_dag to 2023-05-29T10:56:33.445646+00:00, run_after=2023-05-30T10:56:33.445646+00:00
[2023-05-30T10:56:33.472+0000] {processor.py:175} INFO - Processing /home/airflow/.local/lib/python3.7/site-packages/airflow/example_dags/example_skip_dag.py took 0.152 seconds
[2023-05-30T10:57:03.727+0000] {processor.py:153} INFO - Started process (PID=1154) to work on /home/airflow/.local/lib/python3.7/site-packages/airflow/example_dags/example_skip_dag.py
[2023-05-30T10:57:03.730+0000] {processor.py:743} INFO - Processing file /home/airflow/.local/lib/python3.7/site-packages/airflow/example_dags/example_skip_dag.py for tasks to queue
[2023-05-30T10:57:03.733+0000] {logging_mixin.py:137} INFO - [2023-05-30T10:57:03.732+0000] {dagbag.py:538} INFO - Filling up the DagBag from /home/airflow/.local/lib/python3.7/site-packages/airflow/example_dags/example_skip_dag.py
[2023-05-30T10:57:03.761+0000] {processor.py:753} INFO - DAG(s) dict_keys(['example_skip_dag']) retrieved from /home/airflow/.local/lib/python3.7/site-packages/airflow/example_dags/example_skip_dag.py
[2023-05-30T10:57:03.833+0000] {logging_mixin.py:137} INFO - [2023-05-30T10:57:03.833+0000] {dag.py:2676} INFO - Sync 1 DAGs
[2023-05-30T10:57:03.883+0000] {logging_mixin.py:137} INFO - [2023-05-30T10:57:03.883+0000] {dag.py:3427} INFO - Setting next_dagrun for example_skip_dag to 2023-05-29T10:57:03.882724+00:00, run_after=2023-05-30T10:57:03.882724+00:00
[2023-05-30T10:57:03.917+0000] {processor.py:175} INFO - Processing /home/airflow/.local/lib/python3.7/site-packages/airflow/example_dags/example_skip_dag.py took 0.198 seconds
[2023-05-30T10:57:34.326+0000] {processor.py:153} INFO - Started process (PID=1228) to work on /home/airflow/.local/lib/python3.7/site-packages/airflow/example_dags/example_skip_dag.py
[2023-05-30T10:57:34.330+0000] {processor.py:743} INFO - Processing file /home/airflow/.local/lib/python3.7/site-packages/airflow/example_dags/example_skip_dag.py for tasks to queue
[2023-05-30T10:57:34.333+0000] {logging_mixin.py:137} INFO - [2023-05-30T10:57:34.333+0000] {dagbag.py:538} INFO - Filling up the DagBag from /home/airflow/.local/lib/python3.7/site-packages/airflow/example_dags/example_skip_dag.py
[2023-05-30T10:57:34.364+0000] {processor.py:753} INFO - DAG(s) dict_keys(['example_skip_dag']) retrieved from /home/airflow/.local/lib/python3.7/site-packages/airflow/example_dags/example_skip_dag.py
[2023-05-30T10:57:34.433+0000] {logging_mixin.py:137} INFO - [2023-05-30T10:57:34.433+0000] {dag.py:2676} INFO - Sync 1 DAGs
[2023-05-30T10:57:34.474+0000] {logging_mixin.py:137} INFO - [2023-05-30T10:57:34.474+0000] {dag.py:3427} INFO - Setting next_dagrun for example_skip_dag to 2023-05-29T10:57:34.473786+00:00, run_after=2023-05-30T10:57:34.473786+00:00
[2023-05-30T10:57:34.500+0000] {processor.py:175} INFO - Processing /home/airflow/.local/lib/python3.7/site-packages/airflow/example_dags/example_skip_dag.py took 0.182 seconds
[2023-05-30T10:58:04.658+0000] {processor.py:153} INFO - Started process (PID=1299) to work on /home/airflow/.local/lib/python3.7/site-packages/airflow/example_dags/example_skip_dag.py
[2023-05-30T10:58:04.660+0000] {processor.py:743} INFO - Processing file /home/airflow/.local/lib/python3.7/site-packages/airflow/example_dags/example_skip_dag.py for tasks to queue
[2023-05-30T10:58:04.662+0000] {logging_mixin.py:137} INFO - [2023-05-30T10:58:04.662+0000] {dagbag.py:538} INFO - Filling up the DagBag from /home/airflow/.local/lib/python3.7/site-packages/airflow/example_dags/example_skip_dag.py
[2023-05-30T10:58:04.683+0000] {processor.py:753} INFO - DAG(s) dict_keys(['example_skip_dag']) retrieved from /home/airflow/.local/lib/python3.7/site-packages/airflow/example_dags/example_skip_dag.py
[2023-05-30T10:58:04.735+0000] {logging_mixin.py:137} INFO - [2023-05-30T10:58:04.735+0000] {dag.py:2676} INFO - Sync 1 DAGs
[2023-05-30T10:58:04.770+0000] {logging_mixin.py:137} INFO - [2023-05-30T10:58:04.770+0000] {dag.py:3427} INFO - Setting next_dagrun for example_skip_dag to 2023-05-29T10:58:04.770311+00:00, run_after=2023-05-30T10:58:04.770311+00:00
[2023-05-30T10:58:04.796+0000] {processor.py:175} INFO - Processing /home/airflow/.local/lib/python3.7/site-packages/airflow/example_dags/example_skip_dag.py took 0.144 seconds
[2023-05-30T10:58:35.142+0000] {processor.py:153} INFO - Started process (PID=1380) to work on /home/airflow/.local/lib/python3.7/site-packages/airflow/example_dags/example_skip_dag.py
[2023-05-30T10:58:35.145+0000] {processor.py:743} INFO - Processing file /home/airflow/.local/lib/python3.7/site-packages/airflow/example_dags/example_skip_dag.py for tasks to queue
[2023-05-30T10:58:35.149+0000] {logging_mixin.py:137} INFO - [2023-05-30T10:58:35.149+0000] {dagbag.py:538} INFO - Filling up the DagBag from /home/airflow/.local/lib/python3.7/site-packages/airflow/example_dags/example_skip_dag.py
[2023-05-30T10:58:35.181+0000] {processor.py:753} INFO - DAG(s) dict_keys(['example_skip_dag']) retrieved from /home/airflow/.local/lib/python3.7/site-packages/airflow/example_dags/example_skip_dag.py
[2023-05-30T10:58:35.270+0000] {logging_mixin.py:137} INFO - [2023-05-30T10:58:35.269+0000] {dag.py:2676} INFO - Sync 1 DAGs
[2023-05-30T10:58:35.329+0000] {logging_mixin.py:137} INFO - [2023-05-30T10:58:35.329+0000] {dag.py:3427} INFO - Setting next_dagrun for example_skip_dag to 2023-05-29T10:58:35.328788+00:00, run_after=2023-05-30T10:58:35.328788+00:00
[2023-05-30T10:58:35.373+0000] {processor.py:175} INFO - Processing /home/airflow/.local/lib/python3.7/site-packages/airflow/example_dags/example_skip_dag.py took 0.238 seconds
[2023-05-30T10:59:05.764+0000] {processor.py:153} INFO - Started process (PID=1460) to work on /home/airflow/.local/lib/python3.7/site-packages/airflow/example_dags/example_skip_dag.py
[2023-05-30T10:59:05.766+0000] {processor.py:743} INFO - Processing file /home/airflow/.local/lib/python3.7/site-packages/airflow/example_dags/example_skip_dag.py for tasks to queue
[2023-05-30T10:59:05.769+0000] {logging_mixin.py:137} INFO - [2023-05-30T10:59:05.769+0000] {dagbag.py:538} INFO - Filling up the DagBag from /home/airflow/.local/lib/python3.7/site-packages/airflow/example_dags/example_skip_dag.py
[2023-05-30T10:59:05.792+0000] {processor.py:753} INFO - DAG(s) dict_keys(['example_skip_dag']) retrieved from /home/airflow/.local/lib/python3.7/site-packages/airflow/example_dags/example_skip_dag.py
[2023-05-30T10:59:05.859+0000] {logging_mixin.py:137} INFO - [2023-05-30T10:59:05.859+0000] {dag.py:2676} INFO - Sync 1 DAGs
[2023-05-30T10:59:05.899+0000] {logging_mixin.py:137} INFO - [2023-05-30T10:59:05.898+0000] {dag.py:3427} INFO - Setting next_dagrun for example_skip_dag to 2023-05-29T10:59:05.898503+00:00, run_after=2023-05-30T10:59:05.898503+00:00
[2023-05-30T10:59:05.930+0000] {processor.py:175} INFO - Processing /home/airflow/.local/lib/python3.7/site-packages/airflow/example_dags/example_skip_dag.py took 0.171 seconds
[2023-05-30T10:59:36.319+0000] {processor.py:153} INFO - Started process (PID=1525) to work on /home/airflow/.local/lib/python3.7/site-packages/airflow/example_dags/example_skip_dag.py
[2023-05-30T10:59:36.322+0000] {processor.py:743} INFO - Processing file /home/airflow/.local/lib/python3.7/site-packages/airflow/example_dags/example_skip_dag.py for tasks to queue
[2023-05-30T10:59:36.324+0000] {logging_mixin.py:137} INFO - [2023-05-30T10:59:36.323+0000] {dagbag.py:538} INFO - Filling up the DagBag from /home/airflow/.local/lib/python3.7/site-packages/airflow/example_dags/example_skip_dag.py
[2023-05-30T10:59:36.347+0000] {processor.py:753} INFO - DAG(s) dict_keys(['example_skip_dag']) retrieved from /home/airflow/.local/lib/python3.7/site-packages/airflow/example_dags/example_skip_dag.py
[2023-05-30T10:59:36.409+0000] {logging_mixin.py:137} INFO - [2023-05-30T10:59:36.408+0000] {dag.py:2676} INFO - Sync 1 DAGs
[2023-05-30T10:59:36.447+0000] {logging_mixin.py:137} INFO - [2023-05-30T10:59:36.447+0000] {dag.py:3427} INFO - Setting next_dagrun for example_skip_dag to 2023-05-29T10:59:36.446746+00:00, run_after=2023-05-30T10:59:36.446746+00:00
[2023-05-30T10:59:36.473+0000] {processor.py:175} INFO - Processing /home/airflow/.local/lib/python3.7/site-packages/airflow/example_dags/example_skip_dag.py took 0.160 seconds
[2023-05-30T11:00:07.082+0000] {processor.py:153} INFO - Started process (PID=1591) to work on /home/airflow/.local/lib/python3.7/site-packages/airflow/example_dags/example_skip_dag.py
[2023-05-30T11:00:07.085+0000] {processor.py:743} INFO - Processing file /home/airflow/.local/lib/python3.7/site-packages/airflow/example_dags/example_skip_dag.py for tasks to queue
[2023-05-30T11:00:07.088+0000] {logging_mixin.py:137} INFO - [2023-05-30T11:00:07.087+0000] {dagbag.py:538} INFO - Filling up the DagBag from /home/airflow/.local/lib/python3.7/site-packages/airflow/example_dags/example_skip_dag.py
[2023-05-30T11:00:07.116+0000] {processor.py:753} INFO - DAG(s) dict_keys(['example_skip_dag']) retrieved from /home/airflow/.local/lib/python3.7/site-packages/airflow/example_dags/example_skip_dag.py
[2023-05-30T11:00:07.181+0000] {logging_mixin.py:137} INFO - [2023-05-30T11:00:07.181+0000] {dag.py:2676} INFO - Sync 1 DAGs
[2023-05-30T11:00:07.232+0000] {logging_mixin.py:137} INFO - [2023-05-30T11:00:07.231+0000] {dag.py:3427} INFO - Setting next_dagrun for example_skip_dag to 2023-05-29T11:00:07.231601+00:00, run_after=2023-05-30T11:00:07.231601+00:00
[2023-05-30T11:00:07.272+0000] {processor.py:175} INFO - Processing /home/airflow/.local/lib/python3.7/site-packages/airflow/example_dags/example_skip_dag.py took 0.196 seconds
[2023-05-30T11:00:37.520+0000] {processor.py:153} INFO - Started process (PID=1671) to work on /home/airflow/.local/lib/python3.7/site-packages/airflow/example_dags/example_skip_dag.py
[2023-05-30T11:00:37.522+0000] {processor.py:743} INFO - Processing file /home/airflow/.local/lib/python3.7/site-packages/airflow/example_dags/example_skip_dag.py for tasks to queue
[2023-05-30T11:00:37.524+0000] {logging_mixin.py:137} INFO - [2023-05-30T11:00:37.524+0000] {dagbag.py:538} INFO - Filling up the DagBag from /home/airflow/.local/lib/python3.7/site-packages/airflow/example_dags/example_skip_dag.py
[2023-05-30T11:00:37.545+0000] {processor.py:753} INFO - DAG(s) dict_keys(['example_skip_dag']) retrieved from /home/airflow/.local/lib/python3.7/site-packages/airflow/example_dags/example_skip_dag.py
[2023-05-30T11:00:37.603+0000] {logging_mixin.py:137} INFO - [2023-05-30T11:00:37.603+0000] {dag.py:2676} INFO - Sync 1 DAGs
[2023-05-30T11:00:37.642+0000] {logging_mixin.py:137} INFO - [2023-05-30T11:00:37.642+0000] {dag.py:3427} INFO - Setting next_dagrun for example_skip_dag to 2023-05-29T11:00:37.641870+00:00, run_after=2023-05-30T11:00:37.641870+00:00
[2023-05-30T11:00:37.672+0000] {processor.py:175} INFO - Processing /home/airflow/.local/lib/python3.7/site-packages/airflow/example_dags/example_skip_dag.py took 0.157 seconds
[2023-05-30T11:01:07.742+0000] {processor.py:153} INFO - Started process (PID=1736) to work on /home/airflow/.local/lib/python3.7/site-packages/airflow/example_dags/example_skip_dag.py
[2023-05-30T11:01:07.744+0000] {processor.py:743} INFO - Processing file /home/airflow/.local/lib/python3.7/site-packages/airflow/example_dags/example_skip_dag.py for tasks to queue
[2023-05-30T11:01:07.746+0000] {logging_mixin.py:137} INFO - [2023-05-30T11:01:07.746+0000] {dagbag.py:538} INFO - Filling up the DagBag from /home/airflow/.local/lib/python3.7/site-packages/airflow/example_dags/example_skip_dag.py
[2023-05-30T11:01:07.770+0000] {processor.py:753} INFO - DAG(s) dict_keys(['example_skip_dag']) retrieved from /home/airflow/.local/lib/python3.7/site-packages/airflow/example_dags/example_skip_dag.py
[2023-05-30T11:01:07.833+0000] {logging_mixin.py:137} INFO - [2023-05-30T11:01:07.833+0000] {dag.py:2676} INFO - Sync 1 DAGs
[2023-05-30T11:01:07.877+0000] {logging_mixin.py:137} INFO - [2023-05-30T11:01:07.877+0000] {dag.py:3427} INFO - Setting next_dagrun for example_skip_dag to 2023-05-29T11:01:07.877217+00:00, run_after=2023-05-30T11:01:07.877217+00:00
[2023-05-30T11:01:07.911+0000] {processor.py:175} INFO - Processing /home/airflow/.local/lib/python3.7/site-packages/airflow/example_dags/example_skip_dag.py took 0.176 seconds
