[2023-05-30T10:49:23.935+0000] {processor.py:153} INFO - Started process (PID=80) to work on /home/airflow/.local/lib/python3.7/site-packages/airflow/example_dags/example_branch_operator.py
[2023-05-30T10:49:23.938+0000] {processor.py:743} INFO - Processing file /home/airflow/.local/lib/python3.7/site-packages/airflow/example_dags/example_branch_operator.py for tasks to queue
[2023-05-30T10:49:23.940+0000] {logging_mixin.py:137} INFO - [2023-05-30T10:49:23.940+0000] {dagbag.py:538} INFO - Filling up the DagBag from /home/airflow/.local/lib/python3.7/site-packages/airflow/example_dags/example_branch_operator.py
[2023-05-30T10:49:23.976+0000] {processor.py:753} INFO - DAG(s) dict_keys(['example_branch_operator']) retrieved from /home/airflow/.local/lib/python3.7/site-packages/airflow/example_dags/example_branch_operator.py
[2023-05-30T10:49:24.014+0000] {logging_mixin.py:137} INFO - [2023-05-30T10:49:24.014+0000] {dag.py:2676} INFO - Sync 1 DAGs
[2023-05-30T10:49:24.058+0000] {logging_mixin.py:137} INFO - [2023-05-30T10:49:24.057+0000] {dag.py:3427} INFO - Setting next_dagrun for example_branch_operator to 2023-05-29T00:00:00+00:00, run_after=2023-05-30T00:00:00+00:00
[2023-05-30T10:49:24.086+0000] {processor.py:175} INFO - Processing /home/airflow/.local/lib/python3.7/site-packages/airflow/example_dags/example_branch_operator.py took 0.156 seconds
[2023-05-30T10:49:54.219+0000] {processor.py:153} INFO - Started process (PID=147) to work on /home/airflow/.local/lib/python3.7/site-packages/airflow/example_dags/example_branch_operator.py
[2023-05-30T10:49:54.222+0000] {processor.py:743} INFO - Processing file /home/airflow/.local/lib/python3.7/site-packages/airflow/example_dags/example_branch_operator.py for tasks to queue
[2023-05-30T10:49:54.224+0000] {logging_mixin.py:137} INFO - [2023-05-30T10:49:54.224+0000] {dagbag.py:538} INFO - Filling up the DagBag from /home/airflow/.local/lib/python3.7/site-packages/airflow/example_dags/example_branch_operator.py
[2023-05-30T10:49:54.255+0000] {processor.py:753} INFO - DAG(s) dict_keys(['example_branch_operator']) retrieved from /home/airflow/.local/lib/python3.7/site-packages/airflow/example_dags/example_branch_operator.py
[2023-05-30T10:49:54.307+0000] {logging_mixin.py:137} INFO - [2023-05-30T10:49:54.307+0000] {dag.py:2676} INFO - Sync 1 DAGs
[2023-05-30T10:49:54.346+0000] {logging_mixin.py:137} INFO - [2023-05-30T10:49:54.346+0000] {dag.py:3427} INFO - Setting next_dagrun for example_branch_operator to 2023-05-29T00:00:00+00:00, run_after=2023-05-30T00:00:00+00:00
[2023-05-30T10:49:54.371+0000] {processor.py:175} INFO - Processing /home/airflow/.local/lib/python3.7/site-packages/airflow/example_dags/example_branch_operator.py took 0.158 seconds
[2023-05-30T10:50:25.533+0000] {processor.py:153} INFO - Started process (PID=227) to work on /home/airflow/.local/lib/python3.7/site-packages/airflow/example_dags/example_branch_operator.py
[2023-05-30T10:50:25.536+0000] {processor.py:743} INFO - Processing file /home/airflow/.local/lib/python3.7/site-packages/airflow/example_dags/example_branch_operator.py for tasks to queue
[2023-05-30T10:50:25.537+0000] {logging_mixin.py:137} INFO - [2023-05-30T10:50:25.537+0000] {dagbag.py:538} INFO - Filling up the DagBag from /home/airflow/.local/lib/python3.7/site-packages/airflow/example_dags/example_branch_operator.py
[2023-05-30T10:50:25.563+0000] {processor.py:753} INFO - DAG(s) dict_keys(['example_branch_operator']) retrieved from /home/airflow/.local/lib/python3.7/site-packages/airflow/example_dags/example_branch_operator.py
[2023-05-30T10:50:25.618+0000] {logging_mixin.py:137} INFO - [2023-05-30T10:50:25.618+0000] {dag.py:2676} INFO - Sync 1 DAGs
[2023-05-30T10:50:25.656+0000] {logging_mixin.py:137} INFO - [2023-05-30T10:50:25.656+0000] {dag.py:3427} INFO - Setting next_dagrun for example_branch_operator to 2023-05-29T00:00:00+00:00, run_after=2023-05-30T00:00:00+00:00
[2023-05-30T10:50:25.686+0000] {processor.py:175} INFO - Processing /home/airflow/.local/lib/python3.7/site-packages/airflow/example_dags/example_branch_operator.py took 0.157 seconds
[2023-05-30T10:50:55.779+0000] {processor.py:153} INFO - Started process (PID=292) to work on /home/airflow/.local/lib/python3.7/site-packages/airflow/example_dags/example_branch_operator.py
[2023-05-30T10:50:55.781+0000] {processor.py:743} INFO - Processing file /home/airflow/.local/lib/python3.7/site-packages/airflow/example_dags/example_branch_operator.py for tasks to queue
[2023-05-30T10:50:55.783+0000] {logging_mixin.py:137} INFO - [2023-05-30T10:50:55.782+0000] {dagbag.py:538} INFO - Filling up the DagBag from /home/airflow/.local/lib/python3.7/site-packages/airflow/example_dags/example_branch_operator.py
[2023-05-30T10:50:55.807+0000] {processor.py:753} INFO - DAG(s) dict_keys(['example_branch_operator']) retrieved from /home/airflow/.local/lib/python3.7/site-packages/airflow/example_dags/example_branch_operator.py
[2023-05-30T10:50:55.863+0000] {logging_mixin.py:137} INFO - [2023-05-30T10:50:55.863+0000] {dag.py:2676} INFO - Sync 1 DAGs
[2023-05-30T10:50:55.895+0000] {logging_mixin.py:137} INFO - [2023-05-30T10:50:55.895+0000] {dag.py:3427} INFO - Setting next_dagrun for example_branch_operator to 2023-05-29T00:00:00+00:00, run_after=2023-05-30T00:00:00+00:00
[2023-05-30T10:50:55.916+0000] {processor.py:175} INFO - Processing /home/airflow/.local/lib/python3.7/site-packages/airflow/example_dags/example_branch_operator.py took 0.142 seconds
[2023-05-30T10:51:26.226+0000] {processor.py:153} INFO - Started process (PID=365) to work on /home/airflow/.local/lib/python3.7/site-packages/airflow/example_dags/example_branch_operator.py
[2023-05-30T10:51:26.229+0000] {processor.py:743} INFO - Processing file /home/airflow/.local/lib/python3.7/site-packages/airflow/example_dags/example_branch_operator.py for tasks to queue
[2023-05-30T10:51:26.231+0000] {logging_mixin.py:137} INFO - [2023-05-30T10:51:26.231+0000] {dagbag.py:538} INFO - Filling up the DagBag from /home/airflow/.local/lib/python3.7/site-packages/airflow/example_dags/example_branch_operator.py
[2023-05-30T10:51:26.261+0000] {processor.py:753} INFO - DAG(s) dict_keys(['example_branch_operator']) retrieved from /home/airflow/.local/lib/python3.7/site-packages/airflow/example_dags/example_branch_operator.py
[2023-05-30T10:51:26.322+0000] {logging_mixin.py:137} INFO - [2023-05-30T10:51:26.322+0000] {dag.py:2676} INFO - Sync 1 DAGs
[2023-05-30T10:51:26.372+0000] {logging_mixin.py:137} INFO - [2023-05-30T10:51:26.372+0000] {dag.py:3427} INFO - Setting next_dagrun for example_branch_operator to 2023-05-29T00:00:00+00:00, run_after=2023-05-30T00:00:00+00:00
[2023-05-30T10:51:26.408+0000] {processor.py:175} INFO - Processing /home/airflow/.local/lib/python3.7/site-packages/airflow/example_dags/example_branch_operator.py took 0.189 seconds
[2023-05-30T10:51:56.683+0000] {processor.py:153} INFO - Started process (PID=436) to work on /home/airflow/.local/lib/python3.7/site-packages/airflow/example_dags/example_branch_operator.py
[2023-05-30T10:51:56.685+0000] {processor.py:743} INFO - Processing file /home/airflow/.local/lib/python3.7/site-packages/airflow/example_dags/example_branch_operator.py for tasks to queue
[2023-05-30T10:51:56.687+0000] {logging_mixin.py:137} INFO - [2023-05-30T10:51:56.686+0000] {dagbag.py:538} INFO - Filling up the DagBag from /home/airflow/.local/lib/python3.7/site-packages/airflow/example_dags/example_branch_operator.py
[2023-05-30T10:51:56.712+0000] {processor.py:753} INFO - DAG(s) dict_keys(['example_branch_operator']) retrieved from /home/airflow/.local/lib/python3.7/site-packages/airflow/example_dags/example_branch_operator.py
[2023-05-30T10:51:56.765+0000] {logging_mixin.py:137} INFO - [2023-05-30T10:51:56.765+0000] {dag.py:2676} INFO - Sync 1 DAGs
[2023-05-30T10:51:56.802+0000] {logging_mixin.py:137} INFO - [2023-05-30T10:51:56.802+0000] {dag.py:3427} INFO - Setting next_dagrun for example_branch_operator to 2023-05-29T00:00:00+00:00, run_after=2023-05-30T00:00:00+00:00
[2023-05-30T10:51:56.828+0000] {processor.py:175} INFO - Processing /home/airflow/.local/lib/python3.7/site-packages/airflow/example_dags/example_branch_operator.py took 0.150 seconds
[2023-05-30T10:52:27.195+0000] {processor.py:153} INFO - Started process (PID=502) to work on /home/airflow/.local/lib/python3.7/site-packages/airflow/example_dags/example_branch_operator.py
[2023-05-30T10:52:27.198+0000] {processor.py:743} INFO - Processing file /home/airflow/.local/lib/python3.7/site-packages/airflow/example_dags/example_branch_operator.py for tasks to queue
[2023-05-30T10:52:27.201+0000] {logging_mixin.py:137} INFO - [2023-05-30T10:52:27.201+0000] {dagbag.py:538} INFO - Filling up the DagBag from /home/airflow/.local/lib/python3.7/site-packages/airflow/example_dags/example_branch_operator.py
[2023-05-30T10:52:27.231+0000] {processor.py:753} INFO - DAG(s) dict_keys(['example_branch_operator']) retrieved from /home/airflow/.local/lib/python3.7/site-packages/airflow/example_dags/example_branch_operator.py
[2023-05-30T10:52:27.289+0000] {logging_mixin.py:137} INFO - [2023-05-30T10:52:27.289+0000] {dag.py:2676} INFO - Sync 1 DAGs
[2023-05-30T10:52:27.328+0000] {logging_mixin.py:137} INFO - [2023-05-30T10:52:27.327+0000] {dag.py:3427} INFO - Setting next_dagrun for example_branch_operator to 2023-05-29T00:00:00+00:00, run_after=2023-05-30T00:00:00+00:00
[2023-05-30T10:52:27.353+0000] {processor.py:175} INFO - Processing /home/airflow/.local/lib/python3.7/site-packages/airflow/example_dags/example_branch_operator.py took 0.163 seconds
[2023-05-30T10:52:57.504+0000] {processor.py:153} INFO - Started process (PID=582) to work on /home/airflow/.local/lib/python3.7/site-packages/airflow/example_dags/example_branch_operator.py
[2023-05-30T10:52:57.507+0000] {processor.py:743} INFO - Processing file /home/airflow/.local/lib/python3.7/site-packages/airflow/example_dags/example_branch_operator.py for tasks to queue
[2023-05-30T10:52:57.509+0000] {logging_mixin.py:137} INFO - [2023-05-30T10:52:57.509+0000] {dagbag.py:538} INFO - Filling up the DagBag from /home/airflow/.local/lib/python3.7/site-packages/airflow/example_dags/example_branch_operator.py
[2023-05-30T10:52:57.535+0000] {processor.py:753} INFO - DAG(s) dict_keys(['example_branch_operator']) retrieved from /home/airflow/.local/lib/python3.7/site-packages/airflow/example_dags/example_branch_operator.py
[2023-05-30T10:52:57.594+0000] {logging_mixin.py:137} INFO - [2023-05-30T10:52:57.594+0000] {dag.py:2676} INFO - Sync 1 DAGs
[2023-05-30T10:52:57.639+0000] {logging_mixin.py:137} INFO - [2023-05-30T10:52:57.639+0000] {dag.py:3427} INFO - Setting next_dagrun for example_branch_operator to 2023-05-29T00:00:00+00:00, run_after=2023-05-30T00:00:00+00:00
[2023-05-30T10:52:57.669+0000] {processor.py:175} INFO - Processing /home/airflow/.local/lib/python3.7/site-packages/airflow/example_dags/example_branch_operator.py took 0.169 seconds
[2023-05-30T10:53:27.846+0000] {processor.py:153} INFO - Started process (PID=648) to work on /home/airflow/.local/lib/python3.7/site-packages/airflow/example_dags/example_branch_operator.py
[2023-05-30T10:53:27.849+0000] {processor.py:743} INFO - Processing file /home/airflow/.local/lib/python3.7/site-packages/airflow/example_dags/example_branch_operator.py for tasks to queue
[2023-05-30T10:53:27.852+0000] {logging_mixin.py:137} INFO - [2023-05-30T10:53:27.852+0000] {dagbag.py:538} INFO - Filling up the DagBag from /home/airflow/.local/lib/python3.7/site-packages/airflow/example_dags/example_branch_operator.py
[2023-05-30T10:53:27.887+0000] {processor.py:753} INFO - DAG(s) dict_keys(['example_branch_operator']) retrieved from /home/airflow/.local/lib/python3.7/site-packages/airflow/example_dags/example_branch_operator.py
[2023-05-30T10:53:27.952+0000] {logging_mixin.py:137} INFO - [2023-05-30T10:53:27.952+0000] {dag.py:2676} INFO - Sync 1 DAGs
[2023-05-30T10:53:27.991+0000] {logging_mixin.py:137} INFO - [2023-05-30T10:53:27.990+0000] {dag.py:3427} INFO - Setting next_dagrun for example_branch_operator to 2023-05-29T00:00:00+00:00, run_after=2023-05-30T00:00:00+00:00
[2023-05-30T10:53:28.018+0000] {processor.py:175} INFO - Processing /home/airflow/.local/lib/python3.7/site-packages/airflow/example_dags/example_branch_operator.py took 0.178 seconds
[2023-05-30T10:53:58.958+0000] {processor.py:153} INFO - Started process (PID=723) to work on /home/airflow/.local/lib/python3.7/site-packages/airflow/example_dags/example_branch_operator.py
[2023-05-30T10:53:58.960+0000] {processor.py:743} INFO - Processing file /home/airflow/.local/lib/python3.7/site-packages/airflow/example_dags/example_branch_operator.py for tasks to queue
[2023-05-30T10:53:58.963+0000] {logging_mixin.py:137} INFO - [2023-05-30T10:53:58.963+0000] {dagbag.py:538} INFO - Filling up the DagBag from /home/airflow/.local/lib/python3.7/site-packages/airflow/example_dags/example_branch_operator.py
[2023-05-30T10:53:58.991+0000] {processor.py:753} INFO - DAG(s) dict_keys(['example_branch_operator']) retrieved from /home/airflow/.local/lib/python3.7/site-packages/airflow/example_dags/example_branch_operator.py
[2023-05-30T10:53:59.048+0000] {logging_mixin.py:137} INFO - [2023-05-30T10:53:59.047+0000] {dag.py:2676} INFO - Sync 1 DAGs
[2023-05-30T10:53:59.087+0000] {logging_mixin.py:137} INFO - [2023-05-30T10:53:59.087+0000] {dag.py:3427} INFO - Setting next_dagrun for example_branch_operator to 2023-05-29T00:00:00+00:00, run_after=2023-05-30T00:00:00+00:00
[2023-05-30T10:53:59.114+0000] {processor.py:175} INFO - Processing /home/airflow/.local/lib/python3.7/site-packages/airflow/example_dags/example_branch_operator.py took 0.162 seconds
[2023-05-30T10:54:29.959+0000] {processor.py:153} INFO - Started process (PID=794) to work on /home/airflow/.local/lib/python3.7/site-packages/airflow/example_dags/example_branch_operator.py
[2023-05-30T10:54:29.962+0000] {processor.py:743} INFO - Processing file /home/airflow/.local/lib/python3.7/site-packages/airflow/example_dags/example_branch_operator.py for tasks to queue
[2023-05-30T10:54:29.964+0000] {logging_mixin.py:137} INFO - [2023-05-30T10:54:29.963+0000] {dagbag.py:538} INFO - Filling up the DagBag from /home/airflow/.local/lib/python3.7/site-packages/airflow/example_dags/example_branch_operator.py
[2023-05-30T10:54:29.989+0000] {processor.py:753} INFO - DAG(s) dict_keys(['example_branch_operator']) retrieved from /home/airflow/.local/lib/python3.7/site-packages/airflow/example_dags/example_branch_operator.py
[2023-05-30T10:54:30.040+0000] {logging_mixin.py:137} INFO - [2023-05-30T10:54:30.039+0000] {dag.py:2676} INFO - Sync 1 DAGs
[2023-05-30T10:54:30.074+0000] {logging_mixin.py:137} INFO - [2023-05-30T10:54:30.074+0000] {dag.py:3427} INFO - Setting next_dagrun for example_branch_operator to 2023-05-29T00:00:00+00:00, run_after=2023-05-30T00:00:00+00:00
[2023-05-30T10:54:30.095+0000] {processor.py:175} INFO - Processing /home/airflow/.local/lib/python3.7/site-packages/airflow/example_dags/example_branch_operator.py took 0.141 seconds
[2023-05-30T10:55:00.746+0000] {processor.py:153} INFO - Started process (PID=860) to work on /home/airflow/.local/lib/python3.7/site-packages/airflow/example_dags/example_branch_operator.py
[2023-05-30T10:55:00.748+0000] {processor.py:743} INFO - Processing file /home/airflow/.local/lib/python3.7/site-packages/airflow/example_dags/example_branch_operator.py for tasks to queue
[2023-05-30T10:55:00.750+0000] {logging_mixin.py:137} INFO - [2023-05-30T10:55:00.749+0000] {dagbag.py:538} INFO - Filling up the DagBag from /home/airflow/.local/lib/python3.7/site-packages/airflow/example_dags/example_branch_operator.py
[2023-05-30T10:55:00.773+0000] {processor.py:753} INFO - DAG(s) dict_keys(['example_branch_operator']) retrieved from /home/airflow/.local/lib/python3.7/site-packages/airflow/example_dags/example_branch_operator.py
[2023-05-30T10:55:00.827+0000] {logging_mixin.py:137} INFO - [2023-05-30T10:55:00.827+0000] {dag.py:2676} INFO - Sync 1 DAGs
[2023-05-30T10:55:00.866+0000] {logging_mixin.py:137} INFO - [2023-05-30T10:55:00.866+0000] {dag.py:3427} INFO - Setting next_dagrun for example_branch_operator to 2023-05-29T00:00:00+00:00, run_after=2023-05-30T00:00:00+00:00
[2023-05-30T10:55:00.891+0000] {processor.py:175} INFO - Processing /home/airflow/.local/lib/python3.7/site-packages/airflow/example_dags/example_branch_operator.py took 0.151 seconds
[2023-05-30T10:55:31.212+0000] {processor.py:153} INFO - Started process (PID=939) to work on /home/airflow/.local/lib/python3.7/site-packages/airflow/example_dags/example_branch_operator.py
[2023-05-30T10:55:31.214+0000] {processor.py:743} INFO - Processing file /home/airflow/.local/lib/python3.7/site-packages/airflow/example_dags/example_branch_operator.py for tasks to queue
[2023-05-30T10:55:31.216+0000] {logging_mixin.py:137} INFO - [2023-05-30T10:55:31.216+0000] {dagbag.py:538} INFO - Filling up the DagBag from /home/airflow/.local/lib/python3.7/site-packages/airflow/example_dags/example_branch_operator.py
[2023-05-30T10:55:31.242+0000] {processor.py:753} INFO - DAG(s) dict_keys(['example_branch_operator']) retrieved from /home/airflow/.local/lib/python3.7/site-packages/airflow/example_dags/example_branch_operator.py
[2023-05-30T10:55:31.298+0000] {logging_mixin.py:137} INFO - [2023-05-30T10:55:31.297+0000] {dag.py:2676} INFO - Sync 1 DAGs
[2023-05-30T10:55:31.337+0000] {logging_mixin.py:137} INFO - [2023-05-30T10:55:31.337+0000] {dag.py:3427} INFO - Setting next_dagrun for example_branch_operator to 2023-05-29T00:00:00+00:00, run_after=2023-05-30T00:00:00+00:00
[2023-05-30T10:55:31.366+0000] {processor.py:175} INFO - Processing /home/airflow/.local/lib/python3.7/site-packages/airflow/example_dags/example_branch_operator.py took 0.159 seconds
[2023-05-30T10:56:02.503+0000] {processor.py:153} INFO - Started process (PID=1005) to work on /home/airflow/.local/lib/python3.7/site-packages/airflow/example_dags/example_branch_operator.py
[2023-05-30T10:56:02.507+0000] {processor.py:743} INFO - Processing file /home/airflow/.local/lib/python3.7/site-packages/airflow/example_dags/example_branch_operator.py for tasks to queue
[2023-05-30T10:56:02.511+0000] {logging_mixin.py:137} INFO - [2023-05-30T10:56:02.510+0000] {dagbag.py:538} INFO - Filling up the DagBag from /home/airflow/.local/lib/python3.7/site-packages/airflow/example_dags/example_branch_operator.py
[2023-05-30T10:56:02.554+0000] {processor.py:753} INFO - DAG(s) dict_keys(['example_branch_operator']) retrieved from /home/airflow/.local/lib/python3.7/site-packages/airflow/example_dags/example_branch_operator.py
[2023-05-30T10:56:02.634+0000] {logging_mixin.py:137} INFO - [2023-05-30T10:56:02.634+0000] {dag.py:2676} INFO - Sync 1 DAGs
[2023-05-30T10:56:02.694+0000] {logging_mixin.py:137} INFO - [2023-05-30T10:56:02.694+0000] {dag.py:3427} INFO - Setting next_dagrun for example_branch_operator to 2023-05-29T00:00:00+00:00, run_after=2023-05-30T00:00:00+00:00
[2023-05-30T10:56:02.738+0000] {processor.py:175} INFO - Processing /home/airflow/.local/lib/python3.7/site-packages/airflow/example_dags/example_branch_operator.py took 0.243 seconds
[2023-05-30T10:56:32.835+0000] {processor.py:153} INFO - Started process (PID=1085) to work on /home/airflow/.local/lib/python3.7/site-packages/airflow/example_dags/example_branch_operator.py
[2023-05-30T10:56:32.838+0000] {processor.py:743} INFO - Processing file /home/airflow/.local/lib/python3.7/site-packages/airflow/example_dags/example_branch_operator.py for tasks to queue
[2023-05-30T10:56:32.840+0000] {logging_mixin.py:137} INFO - [2023-05-30T10:56:32.840+0000] {dagbag.py:538} INFO - Filling up the DagBag from /home/airflow/.local/lib/python3.7/site-packages/airflow/example_dags/example_branch_operator.py
[2023-05-30T10:56:32.866+0000] {processor.py:753} INFO - DAG(s) dict_keys(['example_branch_operator']) retrieved from /home/airflow/.local/lib/python3.7/site-packages/airflow/example_dags/example_branch_operator.py
[2023-05-30T10:56:32.923+0000] {logging_mixin.py:137} INFO - [2023-05-30T10:56:32.922+0000] {dag.py:2676} INFO - Sync 1 DAGs
[2023-05-30T10:56:32.965+0000] {logging_mixin.py:137} INFO - [2023-05-30T10:56:32.965+0000] {dag.py:3427} INFO - Setting next_dagrun for example_branch_operator to 2023-05-29T00:00:00+00:00, run_after=2023-05-30T00:00:00+00:00
[2023-05-30T10:56:32.991+0000] {processor.py:175} INFO - Processing /home/airflow/.local/lib/python3.7/site-packages/airflow/example_dags/example_branch_operator.py took 0.160 seconds
[2023-05-30T10:57:03.404+0000] {processor.py:153} INFO - Started process (PID=1151) to work on /home/airflow/.local/lib/python3.7/site-packages/airflow/example_dags/example_branch_operator.py
[2023-05-30T10:57:03.407+0000] {processor.py:743} INFO - Processing file /home/airflow/.local/lib/python3.7/site-packages/airflow/example_dags/example_branch_operator.py for tasks to queue
[2023-05-30T10:57:03.408+0000] {logging_mixin.py:137} INFO - [2023-05-30T10:57:03.408+0000] {dagbag.py:538} INFO - Filling up the DagBag from /home/airflow/.local/lib/python3.7/site-packages/airflow/example_dags/example_branch_operator.py
[2023-05-30T10:57:03.433+0000] {processor.py:753} INFO - DAG(s) dict_keys(['example_branch_operator']) retrieved from /home/airflow/.local/lib/python3.7/site-packages/airflow/example_dags/example_branch_operator.py
[2023-05-30T10:57:03.486+0000] {logging_mixin.py:137} INFO - [2023-05-30T10:57:03.486+0000] {dag.py:2676} INFO - Sync 1 DAGs
[2023-05-30T10:57:03.530+0000] {logging_mixin.py:137} INFO - [2023-05-30T10:57:03.529+0000] {dag.py:3427} INFO - Setting next_dagrun for example_branch_operator to 2023-05-29T00:00:00+00:00, run_after=2023-05-30T00:00:00+00:00
[2023-05-30T10:57:03.556+0000] {processor.py:175} INFO - Processing /home/airflow/.local/lib/python3.7/site-packages/airflow/example_dags/example_branch_operator.py took 0.157 seconds
[2023-05-30T10:57:33.931+0000] {processor.py:153} INFO - Started process (PID=1225) to work on /home/airflow/.local/lib/python3.7/site-packages/airflow/example_dags/example_branch_operator.py
[2023-05-30T10:57:33.934+0000] {processor.py:743} INFO - Processing file /home/airflow/.local/lib/python3.7/site-packages/airflow/example_dags/example_branch_operator.py for tasks to queue
[2023-05-30T10:57:33.938+0000] {logging_mixin.py:137} INFO - [2023-05-30T10:57:33.937+0000] {dagbag.py:538} INFO - Filling up the DagBag from /home/airflow/.local/lib/python3.7/site-packages/airflow/example_dags/example_branch_operator.py
[2023-05-30T10:57:33.971+0000] {processor.py:753} INFO - DAG(s) dict_keys(['example_branch_operator']) retrieved from /home/airflow/.local/lib/python3.7/site-packages/airflow/example_dags/example_branch_operator.py
[2023-05-30T10:57:34.046+0000] {logging_mixin.py:137} INFO - [2023-05-30T10:57:34.046+0000] {dag.py:2676} INFO - Sync 1 DAGs
[2023-05-30T10:57:34.104+0000] {logging_mixin.py:137} INFO - [2023-05-30T10:57:34.104+0000] {dag.py:3427} INFO - Setting next_dagrun for example_branch_operator to 2023-05-29T00:00:00+00:00, run_after=2023-05-30T00:00:00+00:00
[2023-05-30T10:57:34.142+0000] {processor.py:175} INFO - Processing /home/airflow/.local/lib/python3.7/site-packages/airflow/example_dags/example_branch_operator.py took 0.217 seconds
[2023-05-30T10:58:04.306+0000] {processor.py:153} INFO - Started process (PID=1296) to work on /home/airflow/.local/lib/python3.7/site-packages/airflow/example_dags/example_branch_operator.py
[2023-05-30T10:58:04.309+0000] {processor.py:743} INFO - Processing file /home/airflow/.local/lib/python3.7/site-packages/airflow/example_dags/example_branch_operator.py for tasks to queue
[2023-05-30T10:58:04.312+0000] {logging_mixin.py:137} INFO - [2023-05-30T10:58:04.311+0000] {dagbag.py:538} INFO - Filling up the DagBag from /home/airflow/.local/lib/python3.7/site-packages/airflow/example_dags/example_branch_operator.py
[2023-05-30T10:58:04.344+0000] {processor.py:753} INFO - DAG(s) dict_keys(['example_branch_operator']) retrieved from /home/airflow/.local/lib/python3.7/site-packages/airflow/example_dags/example_branch_operator.py
[2023-05-30T10:58:04.406+0000] {logging_mixin.py:137} INFO - [2023-05-30T10:58:04.406+0000] {dag.py:2676} INFO - Sync 1 DAGs
[2023-05-30T10:58:04.450+0000] {logging_mixin.py:137} INFO - [2023-05-30T10:58:04.449+0000] {dag.py:3427} INFO - Setting next_dagrun for example_branch_operator to 2023-05-29T00:00:00+00:00, run_after=2023-05-30T00:00:00+00:00
[2023-05-30T10:58:04.477+0000] {processor.py:175} INFO - Processing /home/airflow/.local/lib/python3.7/site-packages/airflow/example_dags/example_branch_operator.py took 0.177 seconds
[2023-05-30T10:58:34.773+0000] {processor.py:153} INFO - Started process (PID=1376) to work on /home/airflow/.local/lib/python3.7/site-packages/airflow/example_dags/example_branch_operator.py
[2023-05-30T10:58:34.776+0000] {processor.py:743} INFO - Processing file /home/airflow/.local/lib/python3.7/site-packages/airflow/example_dags/example_branch_operator.py for tasks to queue
[2023-05-30T10:58:34.779+0000] {logging_mixin.py:137} INFO - [2023-05-30T10:58:34.779+0000] {dagbag.py:538} INFO - Filling up the DagBag from /home/airflow/.local/lib/python3.7/site-packages/airflow/example_dags/example_branch_operator.py
[2023-05-30T10:58:34.814+0000] {processor.py:753} INFO - DAG(s) dict_keys(['example_branch_operator']) retrieved from /home/airflow/.local/lib/python3.7/site-packages/airflow/example_dags/example_branch_operator.py
[2023-05-30T10:58:34.886+0000] {logging_mixin.py:137} INFO - [2023-05-30T10:58:34.886+0000] {dag.py:2676} INFO - Sync 1 DAGs
[2023-05-30T10:58:34.938+0000] {logging_mixin.py:137} INFO - [2023-05-30T10:58:34.937+0000] {dag.py:3427} INFO - Setting next_dagrun for example_branch_operator to 2023-05-29T00:00:00+00:00, run_after=2023-05-30T00:00:00+00:00
[2023-05-30T10:58:34.972+0000] {processor.py:175} INFO - Processing /home/airflow/.local/lib/python3.7/site-packages/airflow/example_dags/example_branch_operator.py took 0.205 seconds
[2023-05-30T10:59:05.369+0000] {processor.py:153} INFO - Started process (PID=1451) to work on /home/airflow/.local/lib/python3.7/site-packages/airflow/example_dags/example_branch_operator.py
[2023-05-30T10:59:05.372+0000] {processor.py:743} INFO - Processing file /home/airflow/.local/lib/python3.7/site-packages/airflow/example_dags/example_branch_operator.py for tasks to queue
[2023-05-30T10:59:05.375+0000] {logging_mixin.py:137} INFO - [2023-05-30T10:59:05.375+0000] {dagbag.py:538} INFO - Filling up the DagBag from /home/airflow/.local/lib/python3.7/site-packages/airflow/example_dags/example_branch_operator.py
[2023-05-30T10:59:05.406+0000] {processor.py:753} INFO - DAG(s) dict_keys(['example_branch_operator']) retrieved from /home/airflow/.local/lib/python3.7/site-packages/airflow/example_dags/example_branch_operator.py
[2023-05-30T10:59:05.484+0000] {logging_mixin.py:137} INFO - [2023-05-30T10:59:05.484+0000] {dag.py:2676} INFO - Sync 1 DAGs
[2023-05-30T10:59:05.524+0000] {logging_mixin.py:137} INFO - [2023-05-30T10:59:05.524+0000] {dag.py:3427} INFO - Setting next_dagrun for example_branch_operator to 2023-05-29T00:00:00+00:00, run_after=2023-05-30T00:00:00+00:00
[2023-05-30T10:59:05.554+0000] {processor.py:175} INFO - Processing /home/airflow/.local/lib/python3.7/site-packages/airflow/example_dags/example_branch_operator.py took 0.192 seconds
[2023-05-30T10:59:35.912+0000] {processor.py:153} INFO - Started process (PID=1522) to work on /home/airflow/.local/lib/python3.7/site-packages/airflow/example_dags/example_branch_operator.py
[2023-05-30T10:59:35.914+0000] {processor.py:743} INFO - Processing file /home/airflow/.local/lib/python3.7/site-packages/airflow/example_dags/example_branch_operator.py for tasks to queue
[2023-05-30T10:59:35.917+0000] {logging_mixin.py:137} INFO - [2023-05-30T10:59:35.916+0000] {dagbag.py:538} INFO - Filling up the DagBag from /home/airflow/.local/lib/python3.7/site-packages/airflow/example_dags/example_branch_operator.py
[2023-05-30T10:59:35.947+0000] {processor.py:753} INFO - DAG(s) dict_keys(['example_branch_operator']) retrieved from /home/airflow/.local/lib/python3.7/site-packages/airflow/example_dags/example_branch_operator.py
[2023-05-30T10:59:36.001+0000] {logging_mixin.py:137} INFO - [2023-05-30T10:59:36.001+0000] {dag.py:2676} INFO - Sync 1 DAGs
[2023-05-30T10:59:36.050+0000] {logging_mixin.py:137} INFO - [2023-05-30T10:59:36.050+0000] {dag.py:3427} INFO - Setting next_dagrun for example_branch_operator to 2023-05-29T00:00:00+00:00, run_after=2023-05-30T00:00:00+00:00
[2023-05-30T10:59:36.080+0000] {processor.py:175} INFO - Processing /home/airflow/.local/lib/python3.7/site-packages/airflow/example_dags/example_branch_operator.py took 0.174 seconds
[2023-05-30T11:00:06.713+0000] {processor.py:153} INFO - Started process (PID=1588) to work on /home/airflow/.local/lib/python3.7/site-packages/airflow/example_dags/example_branch_operator.py
[2023-05-30T11:00:06.716+0000] {processor.py:743} INFO - Processing file /home/airflow/.local/lib/python3.7/site-packages/airflow/example_dags/example_branch_operator.py for tasks to queue
[2023-05-30T11:00:06.719+0000] {logging_mixin.py:137} INFO - [2023-05-30T11:00:06.719+0000] {dagbag.py:538} INFO - Filling up the DagBag from /home/airflow/.local/lib/python3.7/site-packages/airflow/example_dags/example_branch_operator.py
[2023-05-30T11:00:06.757+0000] {processor.py:753} INFO - DAG(s) dict_keys(['example_branch_operator']) retrieved from /home/airflow/.local/lib/python3.7/site-packages/airflow/example_dags/example_branch_operator.py
[2023-05-30T11:00:06.841+0000] {logging_mixin.py:137} INFO - [2023-05-30T11:00:06.841+0000] {dag.py:2676} INFO - Sync 1 DAGs
[2023-05-30T11:00:06.901+0000] {logging_mixin.py:137} INFO - [2023-05-30T11:00:06.901+0000] {dag.py:3427} INFO - Setting next_dagrun for example_branch_operator to 2023-05-29T00:00:00+00:00, run_after=2023-05-30T00:00:00+00:00
[2023-05-30T11:00:06.942+0000] {processor.py:175} INFO - Processing /home/airflow/.local/lib/python3.7/site-packages/airflow/example_dags/example_branch_operator.py took 0.236 seconds
[2023-05-30T11:00:37.123+0000] {processor.py:153} INFO - Started process (PID=1668) to work on /home/airflow/.local/lib/python3.7/site-packages/airflow/example_dags/example_branch_operator.py
[2023-05-30T11:00:37.125+0000] {processor.py:743} INFO - Processing file /home/airflow/.local/lib/python3.7/site-packages/airflow/example_dags/example_branch_operator.py for tasks to queue
[2023-05-30T11:00:37.128+0000] {logging_mixin.py:137} INFO - [2023-05-30T11:00:37.128+0000] {dagbag.py:538} INFO - Filling up the DagBag from /home/airflow/.local/lib/python3.7/site-packages/airflow/example_dags/example_branch_operator.py
[2023-05-30T11:00:37.153+0000] {processor.py:753} INFO - DAG(s) dict_keys(['example_branch_operator']) retrieved from /home/airflow/.local/lib/python3.7/site-packages/airflow/example_dags/example_branch_operator.py
[2023-05-30T11:00:37.209+0000] {logging_mixin.py:137} INFO - [2023-05-30T11:00:37.209+0000] {dag.py:2676} INFO - Sync 1 DAGs
[2023-05-30T11:00:37.246+0000] {logging_mixin.py:137} INFO - [2023-05-30T11:00:37.246+0000] {dag.py:3427} INFO - Setting next_dagrun for example_branch_operator to 2023-05-29T00:00:00+00:00, run_after=2023-05-30T00:00:00+00:00
[2023-05-30T11:00:37.273+0000] {processor.py:175} INFO - Processing /home/airflow/.local/lib/python3.7/site-packages/airflow/example_dags/example_branch_operator.py took 0.155 seconds
[2023-05-30T11:01:07.436+0000] {processor.py:153} INFO - Started process (PID=1733) to work on /home/airflow/.local/lib/python3.7/site-packages/airflow/example_dags/example_branch_operator.py
[2023-05-30T11:01:07.439+0000] {processor.py:743} INFO - Processing file /home/airflow/.local/lib/python3.7/site-packages/airflow/example_dags/example_branch_operator.py for tasks to queue
[2023-05-30T11:01:07.441+0000] {logging_mixin.py:137} INFO - [2023-05-30T11:01:07.441+0000] {dagbag.py:538} INFO - Filling up the DagBag from /home/airflow/.local/lib/python3.7/site-packages/airflow/example_dags/example_branch_operator.py
[2023-05-30T11:01:07.472+0000] {processor.py:753} INFO - DAG(s) dict_keys(['example_branch_operator']) retrieved from /home/airflow/.local/lib/python3.7/site-packages/airflow/example_dags/example_branch_operator.py
[2023-05-30T11:01:07.538+0000] {logging_mixin.py:137} INFO - [2023-05-30T11:01:07.538+0000] {dag.py:2676} INFO - Sync 1 DAGs
[2023-05-30T11:01:07.583+0000] {logging_mixin.py:137} INFO - [2023-05-30T11:01:07.582+0000] {dag.py:3427} INFO - Setting next_dagrun for example_branch_operator to 2023-05-29T00:00:00+00:00, run_after=2023-05-30T00:00:00+00:00
[2023-05-30T11:01:07.618+0000] {processor.py:175} INFO - Processing /home/airflow/.local/lib/python3.7/site-packages/airflow/example_dags/example_branch_operator.py took 0.187 seconds
