[2023-05-30T10:49:22.477+0000] {processor.py:153} INFO - Started process (PID=70) to work on /home/airflow/.local/lib/python3.7/site-packages/airflow/example_dags/tutorial.py
[2023-05-30T10:49:22.482+0000] {processor.py:743} INFO - Processing file /home/airflow/.local/lib/python3.7/site-packages/airflow/example_dags/tutorial.py for tasks to queue
[2023-05-30T10:49:22.486+0000] {logging_mixin.py:137} INFO - [2023-05-30T10:49:22.486+0000] {dagbag.py:538} INFO - Filling up the DagBag from /home/airflow/.local/lib/python3.7/site-packages/airflow/example_dags/tutorial.py
[2023-05-30T10:49:22.542+0000] {processor.py:753} INFO - DAG(s) dict_keys(['tutorial']) retrieved from /home/airflow/.local/lib/python3.7/site-packages/airflow/example_dags/tutorial.py
[2023-05-30T10:49:22.598+0000] {logging_mixin.py:137} INFO - [2023-05-30T10:49:22.598+0000] {dag.py:2676} INFO - Sync 1 DAGs
[2023-05-30T10:49:22.656+0000] {logging_mixin.py:137} INFO - [2023-05-30T10:49:22.656+0000] {dag.py:3427} INFO - Setting next_dagrun for tutorial to 2023-05-29T10:49:22.655670+00:00, run_after=2023-05-30T10:49:22.655670+00:00
[2023-05-30T10:49:22.698+0000] {processor.py:175} INFO - Processing /home/airflow/.local/lib/python3.7/site-packages/airflow/example_dags/tutorial.py took 0.240 seconds
[2023-05-30T10:49:53.122+0000] {processor.py:153} INFO - Started process (PID=137) to work on /home/airflow/.local/lib/python3.7/site-packages/airflow/example_dags/tutorial.py
[2023-05-30T10:49:53.124+0000] {processor.py:743} INFO - Processing file /home/airflow/.local/lib/python3.7/site-packages/airflow/example_dags/tutorial.py for tasks to queue
[2023-05-30T10:49:53.126+0000] {logging_mixin.py:137} INFO - [2023-05-30T10:49:53.126+0000] {dagbag.py:538} INFO - Filling up the DagBag from /home/airflow/.local/lib/python3.7/site-packages/airflow/example_dags/tutorial.py
[2023-05-30T10:49:53.151+0000] {processor.py:753} INFO - DAG(s) dict_keys(['tutorial']) retrieved from /home/airflow/.local/lib/python3.7/site-packages/airflow/example_dags/tutorial.py
[2023-05-30T10:49:53.206+0000] {logging_mixin.py:137} INFO - [2023-05-30T10:49:53.206+0000] {dag.py:2676} INFO - Sync 1 DAGs
[2023-05-30T10:49:53.242+0000] {logging_mixin.py:137} INFO - [2023-05-30T10:49:53.242+0000] {dag.py:3427} INFO - Setting next_dagrun for tutorial to 2023-05-29T10:49:53.242050+00:00, run_after=2023-05-30T10:49:53.242050+00:00
[2023-05-30T10:49:53.268+0000] {processor.py:175} INFO - Processing /home/airflow/.local/lib/python3.7/site-packages/airflow/example_dags/tutorial.py took 0.151 seconds
[2023-05-30T10:50:24.089+0000] {processor.py:153} INFO - Started process (PID=217) to work on /home/airflow/.local/lib/python3.7/site-packages/airflow/example_dags/tutorial.py
[2023-05-30T10:50:24.091+0000] {processor.py:743} INFO - Processing file /home/airflow/.local/lib/python3.7/site-packages/airflow/example_dags/tutorial.py for tasks to queue
[2023-05-30T10:50:24.093+0000] {logging_mixin.py:137} INFO - [2023-05-30T10:50:24.093+0000] {dagbag.py:538} INFO - Filling up the DagBag from /home/airflow/.local/lib/python3.7/site-packages/airflow/example_dags/tutorial.py
[2023-05-30T10:50:24.118+0000] {processor.py:753} INFO - DAG(s) dict_keys(['tutorial']) retrieved from /home/airflow/.local/lib/python3.7/site-packages/airflow/example_dags/tutorial.py
[2023-05-30T10:50:24.181+0000] {logging_mixin.py:137} INFO - [2023-05-30T10:50:24.180+0000] {dag.py:2676} INFO - Sync 1 DAGs
[2023-05-30T10:50:24.221+0000] {logging_mixin.py:137} INFO - [2023-05-30T10:50:24.221+0000] {dag.py:3427} INFO - Setting next_dagrun for tutorial to 2023-05-29T10:50:24.220749+00:00, run_after=2023-05-30T10:50:24.220749+00:00
[2023-05-30T10:50:24.252+0000] {processor.py:175} INFO - Processing /home/airflow/.local/lib/python3.7/site-packages/airflow/example_dags/tutorial.py took 0.169 seconds
[2023-05-30T10:50:54.446+0000] {processor.py:153} INFO - Started process (PID=282) to work on /home/airflow/.local/lib/python3.7/site-packages/airflow/example_dags/tutorial.py
[2023-05-30T10:50:54.448+0000] {processor.py:743} INFO - Processing file /home/airflow/.local/lib/python3.7/site-packages/airflow/example_dags/tutorial.py for tasks to queue
[2023-05-30T10:50:54.451+0000] {logging_mixin.py:137} INFO - [2023-05-30T10:50:54.451+0000] {dagbag.py:538} INFO - Filling up the DagBag from /home/airflow/.local/lib/python3.7/site-packages/airflow/example_dags/tutorial.py
[2023-05-30T10:50:54.473+0000] {processor.py:753} INFO - DAG(s) dict_keys(['tutorial']) retrieved from /home/airflow/.local/lib/python3.7/site-packages/airflow/example_dags/tutorial.py
[2023-05-30T10:50:54.528+0000] {logging_mixin.py:137} INFO - [2023-05-30T10:50:54.528+0000] {dag.py:2676} INFO - Sync 1 DAGs
[2023-05-30T10:50:54.562+0000] {logging_mixin.py:137} INFO - [2023-05-30T10:50:54.562+0000] {dag.py:3427} INFO - Setting next_dagrun for tutorial to 2023-05-29T10:50:54.562270+00:00, run_after=2023-05-30T10:50:54.562270+00:00
[2023-05-30T10:50:54.588+0000] {processor.py:175} INFO - Processing /home/airflow/.local/lib/python3.7/site-packages/airflow/example_dags/tutorial.py took 0.147 seconds
[2023-05-30T10:51:25.117+0000] {processor.py:153} INFO - Started process (PID=353) to work on /home/airflow/.local/lib/python3.7/site-packages/airflow/example_dags/tutorial.py
[2023-05-30T10:51:25.119+0000] {processor.py:743} INFO - Processing file /home/airflow/.local/lib/python3.7/site-packages/airflow/example_dags/tutorial.py for tasks to queue
[2023-05-30T10:51:25.122+0000] {logging_mixin.py:137} INFO - [2023-05-30T10:51:25.122+0000] {dagbag.py:538} INFO - Filling up the DagBag from /home/airflow/.local/lib/python3.7/site-packages/airflow/example_dags/tutorial.py
[2023-05-30T10:51:25.148+0000] {processor.py:753} INFO - DAG(s) dict_keys(['tutorial']) retrieved from /home/airflow/.local/lib/python3.7/site-packages/airflow/example_dags/tutorial.py
[2023-05-30T10:51:25.210+0000] {logging_mixin.py:137} INFO - [2023-05-30T10:51:25.210+0000] {dag.py:2676} INFO - Sync 1 DAGs
[2023-05-30T10:51:25.252+0000] {logging_mixin.py:137} INFO - [2023-05-30T10:51:25.252+0000] {dag.py:3427} INFO - Setting next_dagrun for tutorial to 2023-05-29T10:51:25.252392+00:00, run_after=2023-05-30T10:51:25.252392+00:00
[2023-05-30T10:51:25.284+0000] {processor.py:175} INFO - Processing /home/airflow/.local/lib/python3.7/site-packages/airflow/example_dags/tutorial.py took 0.173 seconds
[2023-05-30T10:51:55.348+0000] {processor.py:153} INFO - Started process (PID=426) to work on /home/airflow/.local/lib/python3.7/site-packages/airflow/example_dags/tutorial.py
[2023-05-30T10:51:55.350+0000] {processor.py:743} INFO - Processing file /home/airflow/.local/lib/python3.7/site-packages/airflow/example_dags/tutorial.py for tasks to queue
[2023-05-30T10:51:55.352+0000] {logging_mixin.py:137} INFO - [2023-05-30T10:51:55.352+0000] {dagbag.py:538} INFO - Filling up the DagBag from /home/airflow/.local/lib/python3.7/site-packages/airflow/example_dags/tutorial.py
[2023-05-30T10:51:55.375+0000] {processor.py:753} INFO - DAG(s) dict_keys(['tutorial']) retrieved from /home/airflow/.local/lib/python3.7/site-packages/airflow/example_dags/tutorial.py
[2023-05-30T10:51:55.430+0000] {logging_mixin.py:137} INFO - [2023-05-30T10:51:55.430+0000] {dag.py:2676} INFO - Sync 1 DAGs
[2023-05-30T10:51:55.468+0000] {logging_mixin.py:137} INFO - [2023-05-30T10:51:55.468+0000] {dag.py:3427} INFO - Setting next_dagrun for tutorial to 2023-05-29T10:51:55.468017+00:00, run_after=2023-05-30T10:51:55.468017+00:00
[2023-05-30T10:51:55.494+0000] {processor.py:175} INFO - Processing /home/airflow/.local/lib/python3.7/site-packages/airflow/example_dags/tutorial.py took 0.152 seconds
[2023-05-30T10:52:25.938+0000] {processor.py:153} INFO - Started process (PID=492) to work on /home/airflow/.local/lib/python3.7/site-packages/airflow/example_dags/tutorial.py
[2023-05-30T10:52:25.941+0000] {processor.py:743} INFO - Processing file /home/airflow/.local/lib/python3.7/site-packages/airflow/example_dags/tutorial.py for tasks to queue
[2023-05-30T10:52:25.946+0000] {logging_mixin.py:137} INFO - [2023-05-30T10:52:25.945+0000] {dagbag.py:538} INFO - Filling up the DagBag from /home/airflow/.local/lib/python3.7/site-packages/airflow/example_dags/tutorial.py
[2023-05-30T10:52:25.975+0000] {processor.py:753} INFO - DAG(s) dict_keys(['tutorial']) retrieved from /home/airflow/.local/lib/python3.7/site-packages/airflow/example_dags/tutorial.py
[2023-05-30T10:52:26.048+0000] {logging_mixin.py:137} INFO - [2023-05-30T10:52:26.048+0000] {dag.py:2676} INFO - Sync 1 DAGs
[2023-05-30T10:52:26.095+0000] {logging_mixin.py:137} INFO - [2023-05-30T10:52:26.094+0000] {dag.py:3427} INFO - Setting next_dagrun for tutorial to 2023-05-29T10:52:26.094159+00:00, run_after=2023-05-30T10:52:26.094159+00:00
[2023-05-30T10:52:26.127+0000] {processor.py:175} INFO - Processing /home/airflow/.local/lib/python3.7/site-packages/airflow/example_dags/tutorial.py took 0.195 seconds
[2023-05-30T10:52:56.364+0000] {processor.py:153} INFO - Started process (PID=567) to work on /home/airflow/.local/lib/python3.7/site-packages/airflow/example_dags/tutorial.py
[2023-05-30T10:52:56.366+0000] {processor.py:743} INFO - Processing file /home/airflow/.local/lib/python3.7/site-packages/airflow/example_dags/tutorial.py for tasks to queue
[2023-05-30T10:52:56.368+0000] {logging_mixin.py:137} INFO - [2023-05-30T10:52:56.368+0000] {dagbag.py:538} INFO - Filling up the DagBag from /home/airflow/.local/lib/python3.7/site-packages/airflow/example_dags/tutorial.py
[2023-05-30T10:52:56.390+0000] {processor.py:753} INFO - DAG(s) dict_keys(['tutorial']) retrieved from /home/airflow/.local/lib/python3.7/site-packages/airflow/example_dags/tutorial.py
[2023-05-30T10:52:56.449+0000] {logging_mixin.py:137} INFO - [2023-05-30T10:52:56.448+0000] {dag.py:2676} INFO - Sync 1 DAGs
[2023-05-30T10:52:56.486+0000] {logging_mixin.py:137} INFO - [2023-05-30T10:52:56.486+0000] {dag.py:3427} INFO - Setting next_dagrun for tutorial to 2023-05-29T10:52:56.485630+00:00, run_after=2023-05-30T10:52:56.485630+00:00
[2023-05-30T10:52:56.531+0000] {processor.py:175} INFO - Processing /home/airflow/.local/lib/python3.7/site-packages/airflow/example_dags/tutorial.py took 0.172 seconds
[2023-05-30T10:53:26.587+0000] {processor.py:153} INFO - Started process (PID=638) to work on /home/airflow/.local/lib/python3.7/site-packages/airflow/example_dags/tutorial.py
[2023-05-30T10:53:26.590+0000] {processor.py:743} INFO - Processing file /home/airflow/.local/lib/python3.7/site-packages/airflow/example_dags/tutorial.py for tasks to queue
[2023-05-30T10:53:26.592+0000] {logging_mixin.py:137} INFO - [2023-05-30T10:53:26.592+0000] {dagbag.py:538} INFO - Filling up the DagBag from /home/airflow/.local/lib/python3.7/site-packages/airflow/example_dags/tutorial.py
[2023-05-30T10:53:26.614+0000] {processor.py:753} INFO - DAG(s) dict_keys(['tutorial']) retrieved from /home/airflow/.local/lib/python3.7/site-packages/airflow/example_dags/tutorial.py
[2023-05-30T10:53:26.670+0000] {logging_mixin.py:137} INFO - [2023-05-30T10:53:26.670+0000] {dag.py:2676} INFO - Sync 1 DAGs
[2023-05-30T10:53:26.705+0000] {logging_mixin.py:137} INFO - [2023-05-30T10:53:26.705+0000] {dag.py:3427} INFO - Setting next_dagrun for tutorial to 2023-05-29T10:53:26.704660+00:00, run_after=2023-05-30T10:53:26.704660+00:00
[2023-05-30T10:53:26.733+0000] {processor.py:175} INFO - Processing /home/airflow/.local/lib/python3.7/site-packages/airflow/example_dags/tutorial.py took 0.151 seconds
[2023-05-30T10:53:56.905+0000] {processor.py:153} INFO - Started process (PID=704) to work on /home/airflow/.local/lib/python3.7/site-packages/airflow/example_dags/tutorial.py
[2023-05-30T10:53:56.908+0000] {processor.py:743} INFO - Processing file /home/airflow/.local/lib/python3.7/site-packages/airflow/example_dags/tutorial.py for tasks to queue
[2023-05-30T10:53:56.911+0000] {logging_mixin.py:137} INFO - [2023-05-30T10:53:56.910+0000] {dagbag.py:538} INFO - Filling up the DagBag from /home/airflow/.local/lib/python3.7/site-packages/airflow/example_dags/tutorial.py
[2023-05-30T10:53:56.937+0000] {processor.py:753} INFO - DAG(s) dict_keys(['tutorial']) retrieved from /home/airflow/.local/lib/python3.7/site-packages/airflow/example_dags/tutorial.py
[2023-05-30T10:53:56.996+0000] {logging_mixin.py:137} INFO - [2023-05-30T10:53:56.996+0000] {dag.py:2676} INFO - Sync 1 DAGs
[2023-05-30T10:53:57.035+0000] {logging_mixin.py:137} INFO - [2023-05-30T10:53:57.035+0000] {dag.py:3427} INFO - Setting next_dagrun for tutorial to 2023-05-29T10:53:57.034756+00:00, run_after=2023-05-30T10:53:57.034756+00:00
[2023-05-30T10:53:57.063+0000] {processor.py:175} INFO - Processing /home/airflow/.local/lib/python3.7/site-packages/airflow/example_dags/tutorial.py took 0.165 seconds
[2023-05-30T10:54:27.970+0000] {processor.py:153} INFO - Started process (PID=784) to work on /home/airflow/.local/lib/python3.7/site-packages/airflow/example_dags/tutorial.py
[2023-05-30T10:54:27.973+0000] {processor.py:743} INFO - Processing file /home/airflow/.local/lib/python3.7/site-packages/airflow/example_dags/tutorial.py for tasks to queue
[2023-05-30T10:54:27.976+0000] {logging_mixin.py:137} INFO - [2023-05-30T10:54:27.976+0000] {dagbag.py:538} INFO - Filling up the DagBag from /home/airflow/.local/lib/python3.7/site-packages/airflow/example_dags/tutorial.py
[2023-05-30T10:54:27.999+0000] {processor.py:753} INFO - DAG(s) dict_keys(['tutorial']) retrieved from /home/airflow/.local/lib/python3.7/site-packages/airflow/example_dags/tutorial.py
[2023-05-30T10:54:28.054+0000] {logging_mixin.py:137} INFO - [2023-05-30T10:54:28.054+0000] {dag.py:2676} INFO - Sync 1 DAGs
[2023-05-30T10:54:28.092+0000] {logging_mixin.py:137} INFO - [2023-05-30T10:54:28.092+0000] {dag.py:3427} INFO - Setting next_dagrun for tutorial to 2023-05-29T10:54:28.092360+00:00, run_after=2023-05-30T10:54:28.092360+00:00
[2023-05-30T10:54:28.120+0000] {processor.py:175} INFO - Processing /home/airflow/.local/lib/python3.7/site-packages/airflow/example_dags/tutorial.py took 0.155 seconds
[2023-05-30T10:54:58.619+0000] {processor.py:153} INFO - Started process (PID=850) to work on /home/airflow/.local/lib/python3.7/site-packages/airflow/example_dags/tutorial.py
[2023-05-30T10:54:58.621+0000] {processor.py:743} INFO - Processing file /home/airflow/.local/lib/python3.7/site-packages/airflow/example_dags/tutorial.py for tasks to queue
[2023-05-30T10:54:58.623+0000] {logging_mixin.py:137} INFO - [2023-05-30T10:54:58.623+0000] {dagbag.py:538} INFO - Filling up the DagBag from /home/airflow/.local/lib/python3.7/site-packages/airflow/example_dags/tutorial.py
[2023-05-30T10:54:58.643+0000] {processor.py:753} INFO - DAG(s) dict_keys(['tutorial']) retrieved from /home/airflow/.local/lib/python3.7/site-packages/airflow/example_dags/tutorial.py
[2023-05-30T10:54:58.694+0000] {logging_mixin.py:137} INFO - [2023-05-30T10:54:58.694+0000] {dag.py:2676} INFO - Sync 1 DAGs
[2023-05-30T10:54:58.728+0000] {logging_mixin.py:137} INFO - [2023-05-30T10:54:58.728+0000] {dag.py:3427} INFO - Setting next_dagrun for tutorial to 2023-05-29T10:54:58.728193+00:00, run_after=2023-05-30T10:54:58.728193+00:00
[2023-05-30T10:54:58.763+0000] {processor.py:175} INFO - Processing /home/airflow/.local/lib/python3.7/site-packages/airflow/example_dags/tutorial.py took 0.149 seconds
[2023-05-30T10:55:29.147+0000] {processor.py:153} INFO - Started process (PID=929) to work on /home/airflow/.local/lib/python3.7/site-packages/airflow/example_dags/tutorial.py
[2023-05-30T10:55:29.149+0000] {processor.py:743} INFO - Processing file /home/airflow/.local/lib/python3.7/site-packages/airflow/example_dags/tutorial.py for tasks to queue
[2023-05-30T10:55:29.151+0000] {logging_mixin.py:137} INFO - [2023-05-30T10:55:29.151+0000] {dagbag.py:538} INFO - Filling up the DagBag from /home/airflow/.local/lib/python3.7/site-packages/airflow/example_dags/tutorial.py
[2023-05-30T10:55:29.177+0000] {processor.py:753} INFO - DAG(s) dict_keys(['tutorial']) retrieved from /home/airflow/.local/lib/python3.7/site-packages/airflow/example_dags/tutorial.py
[2023-05-30T10:55:29.241+0000] {logging_mixin.py:137} INFO - [2023-05-30T10:55:29.241+0000] {dag.py:2676} INFO - Sync 1 DAGs
[2023-05-30T10:55:29.281+0000] {logging_mixin.py:137} INFO - [2023-05-30T10:55:29.281+0000] {dag.py:3427} INFO - Setting next_dagrun for tutorial to 2023-05-29T10:55:29.281384+00:00, run_after=2023-05-30T10:55:29.281384+00:00
[2023-05-30T10:55:29.309+0000] {processor.py:175} INFO - Processing /home/airflow/.local/lib/python3.7/site-packages/airflow/example_dags/tutorial.py took 0.168 seconds
[2023-05-30T10:56:00.019+0000] {processor.py:153} INFO - Started process (PID=995) to work on /home/airflow/.local/lib/python3.7/site-packages/airflow/example_dags/tutorial.py
[2023-05-30T10:56:00.021+0000] {processor.py:743} INFO - Processing file /home/airflow/.local/lib/python3.7/site-packages/airflow/example_dags/tutorial.py for tasks to queue
[2023-05-30T10:56:00.023+0000] {logging_mixin.py:137} INFO - [2023-05-30T10:56:00.023+0000] {dagbag.py:538} INFO - Filling up the DagBag from /home/airflow/.local/lib/python3.7/site-packages/airflow/example_dags/tutorial.py
[2023-05-30T10:56:00.045+0000] {processor.py:753} INFO - DAG(s) dict_keys(['tutorial']) retrieved from /home/airflow/.local/lib/python3.7/site-packages/airflow/example_dags/tutorial.py
[2023-05-30T10:56:00.097+0000] {logging_mixin.py:137} INFO - [2023-05-30T10:56:00.097+0000] {dag.py:2676} INFO - Sync 1 DAGs
[2023-05-30T10:56:00.133+0000] {logging_mixin.py:137} INFO - [2023-05-30T10:56:00.133+0000] {dag.py:3427} INFO - Setting next_dagrun for tutorial to 2023-05-29T10:56:00.133294+00:00, run_after=2023-05-30T10:56:00.133294+00:00
[2023-05-30T10:56:00.158+0000] {processor.py:175} INFO - Processing /home/airflow/.local/lib/python3.7/site-packages/airflow/example_dags/tutorial.py took 0.145 seconds
[2023-05-30T10:56:30.661+0000] {processor.py:153} INFO - Started process (PID=1070) to work on /home/airflow/.local/lib/python3.7/site-packages/airflow/example_dags/tutorial.py
[2023-05-30T10:56:30.663+0000] {processor.py:743} INFO - Processing file /home/airflow/.local/lib/python3.7/site-packages/airflow/example_dags/tutorial.py for tasks to queue
[2023-05-30T10:56:30.665+0000] {logging_mixin.py:137} INFO - [2023-05-30T10:56:30.665+0000] {dagbag.py:538} INFO - Filling up the DagBag from /home/airflow/.local/lib/python3.7/site-packages/airflow/example_dags/tutorial.py
[2023-05-30T10:56:30.706+0000] {processor.py:753} INFO - DAG(s) dict_keys(['tutorial']) retrieved from /home/airflow/.local/lib/python3.7/site-packages/airflow/example_dags/tutorial.py
[2023-05-30T10:56:30.767+0000] {logging_mixin.py:137} INFO - [2023-05-30T10:56:30.767+0000] {dag.py:2676} INFO - Sync 1 DAGs
[2023-05-30T10:56:30.806+0000] {logging_mixin.py:137} INFO - [2023-05-30T10:56:30.805+0000] {dag.py:3427} INFO - Setting next_dagrun for tutorial to 2023-05-29T10:56:30.805441+00:00, run_after=2023-05-30T10:56:30.805441+00:00
[2023-05-30T10:56:30.837+0000] {processor.py:175} INFO - Processing /home/airflow/.local/lib/python3.7/site-packages/airflow/example_dags/tutorial.py took 0.181 seconds
[2023-05-30T10:57:01.197+0000] {processor.py:153} INFO - Started process (PID=1141) to work on /home/airflow/.local/lib/python3.7/site-packages/airflow/example_dags/tutorial.py
[2023-05-30T10:57:01.198+0000] {processor.py:743} INFO - Processing file /home/airflow/.local/lib/python3.7/site-packages/airflow/example_dags/tutorial.py for tasks to queue
[2023-05-30T10:57:01.200+0000] {logging_mixin.py:137} INFO - [2023-05-30T10:57:01.200+0000] {dagbag.py:538} INFO - Filling up the DagBag from /home/airflow/.local/lib/python3.7/site-packages/airflow/example_dags/tutorial.py
[2023-05-30T10:57:01.220+0000] {processor.py:753} INFO - DAG(s) dict_keys(['tutorial']) retrieved from /home/airflow/.local/lib/python3.7/site-packages/airflow/example_dags/tutorial.py
[2023-05-30T10:57:01.268+0000] {logging_mixin.py:137} INFO - [2023-05-30T10:57:01.268+0000] {dag.py:2676} INFO - Sync 1 DAGs
[2023-05-30T10:57:01.302+0000] {logging_mixin.py:137} INFO - [2023-05-30T10:57:01.302+0000] {dag.py:3427} INFO - Setting next_dagrun for tutorial to 2023-05-29T10:57:01.301863+00:00, run_after=2023-05-30T10:57:01.301863+00:00
[2023-05-30T10:57:01.327+0000] {processor.py:175} INFO - Processing /home/airflow/.local/lib/python3.7/site-packages/airflow/example_dags/tutorial.py took 0.135 seconds
[2023-05-30T10:57:31.431+0000] {processor.py:153} INFO - Started process (PID=1207) to work on /home/airflow/.local/lib/python3.7/site-packages/airflow/example_dags/tutorial.py
[2023-05-30T10:57:31.434+0000] {processor.py:743} INFO - Processing file /home/airflow/.local/lib/python3.7/site-packages/airflow/example_dags/tutorial.py for tasks to queue
[2023-05-30T10:57:31.436+0000] {logging_mixin.py:137} INFO - [2023-05-30T10:57:31.436+0000] {dagbag.py:538} INFO - Filling up the DagBag from /home/airflow/.local/lib/python3.7/site-packages/airflow/example_dags/tutorial.py
[2023-05-30T10:57:31.456+0000] {processor.py:753} INFO - DAG(s) dict_keys(['tutorial']) retrieved from /home/airflow/.local/lib/python3.7/site-packages/airflow/example_dags/tutorial.py
[2023-05-30T10:57:31.498+0000] {logging_mixin.py:137} INFO - [2023-05-30T10:57:31.498+0000] {dag.py:2676} INFO - Sync 1 DAGs
[2023-05-30T10:57:31.526+0000] {logging_mixin.py:137} INFO - [2023-05-30T10:57:31.526+0000] {dag.py:3427} INFO - Setting next_dagrun for tutorial to 2023-05-29T10:57:31.526240+00:00, run_after=2023-05-30T10:57:31.526240+00:00
[2023-05-30T10:57:31.546+0000] {processor.py:175} INFO - Processing /home/airflow/.local/lib/python3.7/site-packages/airflow/example_dags/tutorial.py took 0.120 seconds
[2023-05-30T10:58:02.112+0000] {processor.py:153} INFO - Started process (PID=1286) to work on /home/airflow/.local/lib/python3.7/site-packages/airflow/example_dags/tutorial.py
[2023-05-30T10:58:02.114+0000] {processor.py:743} INFO - Processing file /home/airflow/.local/lib/python3.7/site-packages/airflow/example_dags/tutorial.py for tasks to queue
[2023-05-30T10:58:02.116+0000] {logging_mixin.py:137} INFO - [2023-05-30T10:58:02.116+0000] {dagbag.py:538} INFO - Filling up the DagBag from /home/airflow/.local/lib/python3.7/site-packages/airflow/example_dags/tutorial.py
[2023-05-30T10:58:02.137+0000] {processor.py:753} INFO - DAG(s) dict_keys(['tutorial']) retrieved from /home/airflow/.local/lib/python3.7/site-packages/airflow/example_dags/tutorial.py
[2023-05-30T10:58:02.187+0000] {logging_mixin.py:137} INFO - [2023-05-30T10:58:02.187+0000] {dag.py:2676} INFO - Sync 1 DAGs
[2023-05-30T10:58:02.225+0000] {logging_mixin.py:137} INFO - [2023-05-30T10:58:02.225+0000] {dag.py:3427} INFO - Setting next_dagrun for tutorial to 2023-05-29T10:58:02.225121+00:00, run_after=2023-05-30T10:58:02.225121+00:00
[2023-05-30T10:58:02.251+0000] {processor.py:175} INFO - Processing /home/airflow/.local/lib/python3.7/site-packages/airflow/example_dags/tutorial.py took 0.144 seconds
[2023-05-30T10:58:32.544+0000] {processor.py:153} INFO - Started process (PID=1366) to work on /home/airflow/.local/lib/python3.7/site-packages/airflow/example_dags/tutorial.py
[2023-05-30T10:58:32.547+0000] {processor.py:743} INFO - Processing file /home/airflow/.local/lib/python3.7/site-packages/airflow/example_dags/tutorial.py for tasks to queue
[2023-05-30T10:58:32.550+0000] {logging_mixin.py:137} INFO - [2023-05-30T10:58:32.550+0000] {dagbag.py:538} INFO - Filling up the DagBag from /home/airflow/.local/lib/python3.7/site-packages/airflow/example_dags/tutorial.py
[2023-05-30T10:58:32.578+0000] {processor.py:753} INFO - DAG(s) dict_keys(['tutorial']) retrieved from /home/airflow/.local/lib/python3.7/site-packages/airflow/example_dags/tutorial.py
[2023-05-30T10:58:32.646+0000] {logging_mixin.py:137} INFO - [2023-05-30T10:58:32.645+0000] {dag.py:2676} INFO - Sync 1 DAGs
[2023-05-30T10:58:32.696+0000] {logging_mixin.py:137} INFO - [2023-05-30T10:58:32.696+0000] {dag.py:3427} INFO - Setting next_dagrun for tutorial to 2023-05-29T10:58:32.696124+00:00, run_after=2023-05-30T10:58:32.696124+00:00
[2023-05-30T10:58:32.729+0000] {processor.py:175} INFO - Processing /home/airflow/.local/lib/python3.7/site-packages/airflow/example_dags/tutorial.py took 0.191 seconds
[2023-05-30T10:59:02.956+0000] {processor.py:153} INFO - Started process (PID=1432) to work on /home/airflow/.local/lib/python3.7/site-packages/airflow/example_dags/tutorial.py
[2023-05-30T10:59:02.959+0000] {processor.py:743} INFO - Processing file /home/airflow/.local/lib/python3.7/site-packages/airflow/example_dags/tutorial.py for tasks to queue
[2023-05-30T10:59:02.963+0000] {logging_mixin.py:137} INFO - [2023-05-30T10:59:02.963+0000] {dagbag.py:538} INFO - Filling up the DagBag from /home/airflow/.local/lib/python3.7/site-packages/airflow/example_dags/tutorial.py
[2023-05-30T10:59:02.987+0000] {processor.py:753} INFO - DAG(s) dict_keys(['tutorial']) retrieved from /home/airflow/.local/lib/python3.7/site-packages/airflow/example_dags/tutorial.py
[2023-05-30T10:59:03.060+0000] {logging_mixin.py:137} INFO - [2023-05-30T10:59:03.060+0000] {dag.py:2676} INFO - Sync 1 DAGs
[2023-05-30T10:59:03.107+0000] {logging_mixin.py:137} INFO - [2023-05-30T10:59:03.107+0000] {dag.py:3427} INFO - Setting next_dagrun for tutorial to 2023-05-29T10:59:03.107196+00:00, run_after=2023-05-30T10:59:03.107196+00:00
[2023-05-30T10:59:03.149+0000] {processor.py:175} INFO - Processing /home/airflow/.local/lib/python3.7/site-packages/airflow/example_dags/tutorial.py took 0.198 seconds
[2023-05-30T10:59:33.735+0000] {processor.py:153} INFO - Started process (PID=1512) to work on /home/airflow/.local/lib/python3.7/site-packages/airflow/example_dags/tutorial.py
[2023-05-30T10:59:33.737+0000] {processor.py:743} INFO - Processing file /home/airflow/.local/lib/python3.7/site-packages/airflow/example_dags/tutorial.py for tasks to queue
[2023-05-30T10:59:33.739+0000] {logging_mixin.py:137} INFO - [2023-05-30T10:59:33.739+0000] {dagbag.py:538} INFO - Filling up the DagBag from /home/airflow/.local/lib/python3.7/site-packages/airflow/example_dags/tutorial.py
[2023-05-30T10:59:33.761+0000] {processor.py:753} INFO - DAG(s) dict_keys(['tutorial']) retrieved from /home/airflow/.local/lib/python3.7/site-packages/airflow/example_dags/tutorial.py
[2023-05-30T10:59:33.815+0000] {logging_mixin.py:137} INFO - [2023-05-30T10:59:33.815+0000] {dag.py:2676} INFO - Sync 1 DAGs
[2023-05-30T10:59:33.853+0000] {logging_mixin.py:137} INFO - [2023-05-30T10:59:33.852+0000] {dag.py:3427} INFO - Setting next_dagrun for tutorial to 2023-05-29T10:59:33.852510+00:00, run_after=2023-05-30T10:59:33.852510+00:00
[2023-05-30T10:59:33.881+0000] {processor.py:175} INFO - Processing /home/airflow/.local/lib/python3.7/site-packages/airflow/example_dags/tutorial.py took 0.151 seconds
[2023-05-30T11:00:04.163+0000] {processor.py:153} INFO - Started process (PID=1578) to work on /home/airflow/.local/lib/python3.7/site-packages/airflow/example_dags/tutorial.py
[2023-05-30T11:00:04.166+0000] {processor.py:743} INFO - Processing file /home/airflow/.local/lib/python3.7/site-packages/airflow/example_dags/tutorial.py for tasks to queue
[2023-05-30T11:00:04.168+0000] {logging_mixin.py:137} INFO - [2023-05-30T11:00:04.168+0000] {dagbag.py:538} INFO - Filling up the DagBag from /home/airflow/.local/lib/python3.7/site-packages/airflow/example_dags/tutorial.py
[2023-05-30T11:00:04.189+0000] {processor.py:753} INFO - DAG(s) dict_keys(['tutorial']) retrieved from /home/airflow/.local/lib/python3.7/site-packages/airflow/example_dags/tutorial.py
[2023-05-30T11:00:04.245+0000] {logging_mixin.py:137} INFO - [2023-05-30T11:00:04.245+0000] {dag.py:2676} INFO - Sync 1 DAGs
[2023-05-30T11:00:04.287+0000] {logging_mixin.py:137} INFO - [2023-05-30T11:00:04.287+0000] {dag.py:3427} INFO - Setting next_dagrun for tutorial to 2023-05-29T11:00:04.287287+00:00, run_after=2023-05-30T11:00:04.287287+00:00
[2023-05-30T11:00:04.322+0000] {processor.py:175} INFO - Processing /home/airflow/.local/lib/python3.7/site-packages/airflow/example_dags/tutorial.py took 0.164 seconds
[2023-05-30T11:00:34.777+0000] {processor.py:153} INFO - Started process (PID=1644) to work on /home/airflow/.local/lib/python3.7/site-packages/airflow/example_dags/tutorial.py
[2023-05-30T11:00:34.780+0000] {processor.py:743} INFO - Processing file /home/airflow/.local/lib/python3.7/site-packages/airflow/example_dags/tutorial.py for tasks to queue
[2023-05-30T11:00:34.781+0000] {logging_mixin.py:137} INFO - [2023-05-30T11:00:34.781+0000] {dagbag.py:538} INFO - Filling up the DagBag from /home/airflow/.local/lib/python3.7/site-packages/airflow/example_dags/tutorial.py
[2023-05-30T11:00:34.804+0000] {processor.py:753} INFO - DAG(s) dict_keys(['tutorial']) retrieved from /home/airflow/.local/lib/python3.7/site-packages/airflow/example_dags/tutorial.py
[2023-05-30T11:00:34.857+0000] {logging_mixin.py:137} INFO - [2023-05-30T11:00:34.857+0000] {dag.py:2676} INFO - Sync 1 DAGs
[2023-05-30T11:00:34.899+0000] {logging_mixin.py:137} INFO - [2023-05-30T11:00:34.899+0000] {dag.py:3427} INFO - Setting next_dagrun for tutorial to 2023-05-29T11:00:34.898831+00:00, run_after=2023-05-30T11:00:34.898831+00:00
[2023-05-30T11:00:34.930+0000] {processor.py:175} INFO - Processing /home/airflow/.local/lib/python3.7/site-packages/airflow/example_dags/tutorial.py took 0.158 seconds
[2023-05-30T11:01:05.167+0000] {processor.py:153} INFO - Started process (PID=1723) to work on /home/airflow/.local/lib/python3.7/site-packages/airflow/example_dags/tutorial.py
[2023-05-30T11:01:05.169+0000] {processor.py:743} INFO - Processing file /home/airflow/.local/lib/python3.7/site-packages/airflow/example_dags/tutorial.py for tasks to queue
[2023-05-30T11:01:05.171+0000] {logging_mixin.py:137} INFO - [2023-05-30T11:01:05.171+0000] {dagbag.py:538} INFO - Filling up the DagBag from /home/airflow/.local/lib/python3.7/site-packages/airflow/example_dags/tutorial.py
[2023-05-30T11:01:05.191+0000] {processor.py:753} INFO - DAG(s) dict_keys(['tutorial']) retrieved from /home/airflow/.local/lib/python3.7/site-packages/airflow/example_dags/tutorial.py
[2023-05-30T11:01:05.242+0000] {logging_mixin.py:137} INFO - [2023-05-30T11:01:05.242+0000] {dag.py:2676} INFO - Sync 1 DAGs
[2023-05-30T11:01:05.276+0000] {logging_mixin.py:137} INFO - [2023-05-30T11:01:05.276+0000] {dag.py:3427} INFO - Setting next_dagrun for tutorial to 2023-05-29T11:01:05.275811+00:00, run_after=2023-05-30T11:01:05.275811+00:00
[2023-05-30T11:01:05.301+0000] {processor.py:175} INFO - Processing /home/airflow/.local/lib/python3.7/site-packages/airflow/example_dags/tutorial.py took 0.139 seconds
