[2023-05-30T10:49:20.230+0000] {processor.py:153} INFO - Started process (PID=57) to work on /home/airflow/.local/lib/python3.7/site-packages/airflow/example_dags/tutorial_taskflow_api.py
[2023-05-30T10:49:20.234+0000] {processor.py:743} INFO - Processing file /home/airflow/.local/lib/python3.7/site-packages/airflow/example_dags/tutorial_taskflow_api.py for tasks to queue
[2023-05-30T10:49:20.238+0000] {logging_mixin.py:137} INFO - [2023-05-30T10:49:20.238+0000] {dagbag.py:538} INFO - Filling up the DagBag from /home/airflow/.local/lib/python3.7/site-packages/airflow/example_dags/tutorial_taskflow_api.py
[2023-05-30T10:49:20.315+0000] {processor.py:753} INFO - DAG(s) dict_keys(['tutorial_taskflow_api']) retrieved from /home/airflow/.local/lib/python3.7/site-packages/airflow/example_dags/tutorial_taskflow_api.py
[2023-05-30T10:49:20.371+0000] {logging_mixin.py:137} INFO - [2023-05-30T10:49:20.371+0000] {dag.py:2676} INFO - Sync 1 DAGs
[2023-05-30T10:49:20.427+0000] {logging_mixin.py:137} INFO - [2023-05-30T10:49:20.427+0000] {dag.py:3427} INFO - Setting next_dagrun for tutorial_taskflow_api to None, run_after=None
[2023-05-30T10:49:20.469+0000] {processor.py:175} INFO - Processing /home/airflow/.local/lib/python3.7/site-packages/airflow/example_dags/tutorial_taskflow_api.py took 0.249 seconds
[2023-05-30T10:49:50.574+0000] {processor.py:153} INFO - Started process (PID=124) to work on /home/airflow/.local/lib/python3.7/site-packages/airflow/example_dags/tutorial_taskflow_api.py
[2023-05-30T10:49:50.576+0000] {processor.py:743} INFO - Processing file /home/airflow/.local/lib/python3.7/site-packages/airflow/example_dags/tutorial_taskflow_api.py for tasks to queue
[2023-05-30T10:49:50.578+0000] {logging_mixin.py:137} INFO - [2023-05-30T10:49:50.578+0000] {dagbag.py:538} INFO - Filling up the DagBag from /home/airflow/.local/lib/python3.7/site-packages/airflow/example_dags/tutorial_taskflow_api.py
[2023-05-30T10:49:50.612+0000] {processor.py:753} INFO - DAG(s) dict_keys(['tutorial_taskflow_api']) retrieved from /home/airflow/.local/lib/python3.7/site-packages/airflow/example_dags/tutorial_taskflow_api.py
[2023-05-30T10:49:50.664+0000] {logging_mixin.py:137} INFO - [2023-05-30T10:49:50.664+0000] {dag.py:2676} INFO - Sync 1 DAGs
[2023-05-30T10:49:50.702+0000] {logging_mixin.py:137} INFO - [2023-05-30T10:49:50.702+0000] {dag.py:3427} INFO - Setting next_dagrun for tutorial_taskflow_api to None, run_after=None
[2023-05-30T10:49:50.730+0000] {processor.py:175} INFO - Processing /home/airflow/.local/lib/python3.7/site-packages/airflow/example_dags/tutorial_taskflow_api.py took 0.161 seconds
[2023-05-30T10:50:20.828+0000] {processor.py:153} INFO - Started process (PID=190) to work on /home/airflow/.local/lib/python3.7/site-packages/airflow/example_dags/tutorial_taskflow_api.py
[2023-05-30T10:50:20.830+0000] {processor.py:743} INFO - Processing file /home/airflow/.local/lib/python3.7/site-packages/airflow/example_dags/tutorial_taskflow_api.py for tasks to queue
[2023-05-30T10:50:20.832+0000] {logging_mixin.py:137} INFO - [2023-05-30T10:50:20.832+0000] {dagbag.py:538} INFO - Filling up the DagBag from /home/airflow/.local/lib/python3.7/site-packages/airflow/example_dags/tutorial_taskflow_api.py
[2023-05-30T10:50:20.865+0000] {processor.py:753} INFO - DAG(s) dict_keys(['tutorial_taskflow_api']) retrieved from /home/airflow/.local/lib/python3.7/site-packages/airflow/example_dags/tutorial_taskflow_api.py
[2023-05-30T10:50:20.921+0000] {logging_mixin.py:137} INFO - [2023-05-30T10:50:20.921+0000] {dag.py:2676} INFO - Sync 1 DAGs
[2023-05-30T10:50:20.952+0000] {logging_mixin.py:137} INFO - [2023-05-30T10:50:20.952+0000] {dag.py:3427} INFO - Setting next_dagrun for tutorial_taskflow_api to None, run_after=None
[2023-05-30T10:50:20.976+0000] {processor.py:175} INFO - Processing /home/airflow/.local/lib/python3.7/site-packages/airflow/example_dags/tutorial_taskflow_api.py took 0.152 seconds
[2023-05-30T10:50:51.128+0000] {processor.py:153} INFO - Started process (PID=269) to work on /home/airflow/.local/lib/python3.7/site-packages/airflow/example_dags/tutorial_taskflow_api.py
[2023-05-30T10:50:51.131+0000] {processor.py:743} INFO - Processing file /home/airflow/.local/lib/python3.7/site-packages/airflow/example_dags/tutorial_taskflow_api.py for tasks to queue
[2023-05-30T10:50:51.133+0000] {logging_mixin.py:137} INFO - [2023-05-30T10:50:51.132+0000] {dagbag.py:538} INFO - Filling up the DagBag from /home/airflow/.local/lib/python3.7/site-packages/airflow/example_dags/tutorial_taskflow_api.py
[2023-05-30T10:50:51.163+0000] {processor.py:753} INFO - DAG(s) dict_keys(['tutorial_taskflow_api']) retrieved from /home/airflow/.local/lib/python3.7/site-packages/airflow/example_dags/tutorial_taskflow_api.py
[2023-05-30T10:50:51.216+0000] {logging_mixin.py:137} INFO - [2023-05-30T10:50:51.216+0000] {dag.py:2676} INFO - Sync 1 DAGs
[2023-05-30T10:50:51.249+0000] {logging_mixin.py:137} INFO - [2023-05-30T10:50:51.249+0000] {dag.py:3427} INFO - Setting next_dagrun for tutorial_taskflow_api to None, run_after=None
[2023-05-30T10:50:51.272+0000] {processor.py:175} INFO - Processing /home/airflow/.local/lib/python3.7/site-packages/airflow/example_dags/tutorial_taskflow_api.py took 0.149 seconds
[2023-05-30T10:51:21.686+0000] {processor.py:153} INFO - Started process (PID=334) to work on /home/airflow/.local/lib/python3.7/site-packages/airflow/example_dags/tutorial_taskflow_api.py
[2023-05-30T10:51:21.688+0000] {processor.py:743} INFO - Processing file /home/airflow/.local/lib/python3.7/site-packages/airflow/example_dags/tutorial_taskflow_api.py for tasks to queue
[2023-05-30T10:51:21.690+0000] {logging_mixin.py:137} INFO - [2023-05-30T10:51:21.689+0000] {dagbag.py:538} INFO - Filling up the DagBag from /home/airflow/.local/lib/python3.7/site-packages/airflow/example_dags/tutorial_taskflow_api.py
[2023-05-30T10:51:21.721+0000] {processor.py:753} INFO - DAG(s) dict_keys(['tutorial_taskflow_api']) retrieved from /home/airflow/.local/lib/python3.7/site-packages/airflow/example_dags/tutorial_taskflow_api.py
[2023-05-30T10:51:21.779+0000] {logging_mixin.py:137} INFO - [2023-05-30T10:51:21.779+0000] {dag.py:2676} INFO - Sync 1 DAGs
[2023-05-30T10:51:21.816+0000] {logging_mixin.py:137} INFO - [2023-05-30T10:51:21.816+0000] {dag.py:3427} INFO - Setting next_dagrun for tutorial_taskflow_api to None, run_after=None
[2023-05-30T10:51:21.842+0000] {processor.py:175} INFO - Processing /home/airflow/.local/lib/python3.7/site-packages/airflow/example_dags/tutorial_taskflow_api.py took 0.161 seconds
[2023-05-30T10:51:52.123+0000] {processor.py:153} INFO - Started process (PID=413) to work on /home/airflow/.local/lib/python3.7/site-packages/airflow/example_dags/tutorial_taskflow_api.py
[2023-05-30T10:51:52.126+0000] {processor.py:743} INFO - Processing file /home/airflow/.local/lib/python3.7/site-packages/airflow/example_dags/tutorial_taskflow_api.py for tasks to queue
[2023-05-30T10:51:52.127+0000] {logging_mixin.py:137} INFO - [2023-05-30T10:51:52.127+0000] {dagbag.py:538} INFO - Filling up the DagBag from /home/airflow/.local/lib/python3.7/site-packages/airflow/example_dags/tutorial_taskflow_api.py
[2023-05-30T10:51:52.162+0000] {processor.py:753} INFO - DAG(s) dict_keys(['tutorial_taskflow_api']) retrieved from /home/airflow/.local/lib/python3.7/site-packages/airflow/example_dags/tutorial_taskflow_api.py
[2023-05-30T10:51:52.226+0000] {logging_mixin.py:137} INFO - [2023-05-30T10:51:52.226+0000] {dag.py:2676} INFO - Sync 1 DAGs
[2023-05-30T10:51:52.265+0000] {logging_mixin.py:137} INFO - [2023-05-30T10:51:52.265+0000] {dag.py:3427} INFO - Setting next_dagrun for tutorial_taskflow_api to None, run_after=None
[2023-05-30T10:51:52.294+0000] {processor.py:175} INFO - Processing /home/airflow/.local/lib/python3.7/site-packages/airflow/example_dags/tutorial_taskflow_api.py took 0.176 seconds
[2023-05-30T10:52:22.510+0000] {processor.py:153} INFO - Started process (PID=479) to work on /home/airflow/.local/lib/python3.7/site-packages/airflow/example_dags/tutorial_taskflow_api.py
[2023-05-30T10:52:22.512+0000] {processor.py:743} INFO - Processing file /home/airflow/.local/lib/python3.7/site-packages/airflow/example_dags/tutorial_taskflow_api.py for tasks to queue
[2023-05-30T10:52:22.516+0000] {logging_mixin.py:137} INFO - [2023-05-30T10:52:22.515+0000] {dagbag.py:538} INFO - Filling up the DagBag from /home/airflow/.local/lib/python3.7/site-packages/airflow/example_dags/tutorial_taskflow_api.py
[2023-05-30T10:52:22.548+0000] {processor.py:753} INFO - DAG(s) dict_keys(['tutorial_taskflow_api']) retrieved from /home/airflow/.local/lib/python3.7/site-packages/airflow/example_dags/tutorial_taskflow_api.py
[2023-05-30T10:52:22.608+0000] {logging_mixin.py:137} INFO - [2023-05-30T10:52:22.608+0000] {dag.py:2676} INFO - Sync 1 DAGs
[2023-05-30T10:52:22.651+0000] {logging_mixin.py:137} INFO - [2023-05-30T10:52:22.651+0000] {dag.py:3427} INFO - Setting next_dagrun for tutorial_taskflow_api to None, run_after=None
[2023-05-30T10:52:22.683+0000] {processor.py:175} INFO - Processing /home/airflow/.local/lib/python3.7/site-packages/airflow/example_dags/tutorial_taskflow_api.py took 0.178 seconds
[2023-05-30T10:52:52.761+0000] {processor.py:153} INFO - Started process (PID=545) to work on /home/airflow/.local/lib/python3.7/site-packages/airflow/example_dags/tutorial_taskflow_api.py
[2023-05-30T10:52:52.763+0000] {processor.py:743} INFO - Processing file /home/airflow/.local/lib/python3.7/site-packages/airflow/example_dags/tutorial_taskflow_api.py for tasks to queue
[2023-05-30T10:52:52.765+0000] {logging_mixin.py:137} INFO - [2023-05-30T10:52:52.765+0000] {dagbag.py:538} INFO - Filling up the DagBag from /home/airflow/.local/lib/python3.7/site-packages/airflow/example_dags/tutorial_taskflow_api.py
[2023-05-30T10:52:52.795+0000] {processor.py:753} INFO - DAG(s) dict_keys(['tutorial_taskflow_api']) retrieved from /home/airflow/.local/lib/python3.7/site-packages/airflow/example_dags/tutorial_taskflow_api.py
[2023-05-30T10:52:52.847+0000] {logging_mixin.py:137} INFO - [2023-05-30T10:52:52.847+0000] {dag.py:2676} INFO - Sync 1 DAGs
[2023-05-30T10:52:52.881+0000] {logging_mixin.py:137} INFO - [2023-05-30T10:52:52.880+0000] {dag.py:3427} INFO - Setting next_dagrun for tutorial_taskflow_api to None, run_after=None
[2023-05-30T10:52:52.906+0000] {processor.py:175} INFO - Processing /home/airflow/.local/lib/python3.7/site-packages/airflow/example_dags/tutorial_taskflow_api.py took 0.149 seconds
[2023-05-30T10:53:22.998+0000] {processor.py:153} INFO - Started process (PID=625) to work on /home/airflow/.local/lib/python3.7/site-packages/airflow/example_dags/tutorial_taskflow_api.py
[2023-05-30T10:53:23.000+0000] {processor.py:743} INFO - Processing file /home/airflow/.local/lib/python3.7/site-packages/airflow/example_dags/tutorial_taskflow_api.py for tasks to queue
[2023-05-30T10:53:23.002+0000] {logging_mixin.py:137} INFO - [2023-05-30T10:53:23.002+0000] {dagbag.py:538} INFO - Filling up the DagBag from /home/airflow/.local/lib/python3.7/site-packages/airflow/example_dags/tutorial_taskflow_api.py
[2023-05-30T10:53:23.037+0000] {processor.py:753} INFO - DAG(s) dict_keys(['tutorial_taskflow_api']) retrieved from /home/airflow/.local/lib/python3.7/site-packages/airflow/example_dags/tutorial_taskflow_api.py
[2023-05-30T10:53:23.093+0000] {logging_mixin.py:137} INFO - [2023-05-30T10:53:23.093+0000] {dag.py:2676} INFO - Sync 1 DAGs
[2023-05-30T10:53:23.129+0000] {logging_mixin.py:137} INFO - [2023-05-30T10:53:23.129+0000] {dag.py:3427} INFO - Setting next_dagrun for tutorial_taskflow_api to None, run_after=None
[2023-05-30T10:53:23.156+0000] {processor.py:175} INFO - Processing /home/airflow/.local/lib/python3.7/site-packages/airflow/example_dags/tutorial_taskflow_api.py took 0.164 seconds
[2023-05-30T10:53:53.385+0000] {processor.py:153} INFO - Started process (PID=691) to work on /home/airflow/.local/lib/python3.7/site-packages/airflow/example_dags/tutorial_taskflow_api.py
[2023-05-30T10:53:53.388+0000] {processor.py:743} INFO - Processing file /home/airflow/.local/lib/python3.7/site-packages/airflow/example_dags/tutorial_taskflow_api.py for tasks to queue
[2023-05-30T10:53:53.390+0000] {logging_mixin.py:137} INFO - [2023-05-30T10:53:53.390+0000] {dagbag.py:538} INFO - Filling up the DagBag from /home/airflow/.local/lib/python3.7/site-packages/airflow/example_dags/tutorial_taskflow_api.py
[2023-05-30T10:53:53.431+0000] {processor.py:753} INFO - DAG(s) dict_keys(['tutorial_taskflow_api']) retrieved from /home/airflow/.local/lib/python3.7/site-packages/airflow/example_dags/tutorial_taskflow_api.py
[2023-05-30T10:53:53.497+0000] {logging_mixin.py:137} INFO - [2023-05-30T10:53:53.497+0000] {dag.py:2676} INFO - Sync 1 DAGs
[2023-05-30T10:53:53.542+0000] {logging_mixin.py:137} INFO - [2023-05-30T10:53:53.542+0000] {dag.py:3427} INFO - Setting next_dagrun for tutorial_taskflow_api to None, run_after=None
[2023-05-30T10:53:53.573+0000] {processor.py:175} INFO - Processing /home/airflow/.local/lib/python3.7/site-packages/airflow/example_dags/tutorial_taskflow_api.py took 0.194 seconds
[2023-05-30T10:54:24.544+0000] {processor.py:153} INFO - Started process (PID=771) to work on /home/airflow/.local/lib/python3.7/site-packages/airflow/example_dags/tutorial_taskflow_api.py
[2023-05-30T10:54:24.546+0000] {processor.py:743} INFO - Processing file /home/airflow/.local/lib/python3.7/site-packages/airflow/example_dags/tutorial_taskflow_api.py for tasks to queue
[2023-05-30T10:54:24.548+0000] {logging_mixin.py:137} INFO - [2023-05-30T10:54:24.548+0000] {dagbag.py:538} INFO - Filling up the DagBag from /home/airflow/.local/lib/python3.7/site-packages/airflow/example_dags/tutorial_taskflow_api.py
[2023-05-30T10:54:24.579+0000] {processor.py:753} INFO - DAG(s) dict_keys(['tutorial_taskflow_api']) retrieved from /home/airflow/.local/lib/python3.7/site-packages/airflow/example_dags/tutorial_taskflow_api.py
[2023-05-30T10:54:24.634+0000] {logging_mixin.py:137} INFO - [2023-05-30T10:54:24.634+0000] {dag.py:2676} INFO - Sync 1 DAGs
[2023-05-30T10:54:24.671+0000] {logging_mixin.py:137} INFO - [2023-05-30T10:54:24.671+0000] {dag.py:3427} INFO - Setting next_dagrun for tutorial_taskflow_api to None, run_after=None
[2023-05-30T10:54:24.698+0000] {processor.py:175} INFO - Processing /home/airflow/.local/lib/python3.7/site-packages/airflow/example_dags/tutorial_taskflow_api.py took 0.159 seconds
[2023-05-30T10:54:55.451+0000] {processor.py:153} INFO - Started process (PID=837) to work on /home/airflow/.local/lib/python3.7/site-packages/airflow/example_dags/tutorial_taskflow_api.py
[2023-05-30T10:54:55.453+0000] {processor.py:743} INFO - Processing file /home/airflow/.local/lib/python3.7/site-packages/airflow/example_dags/tutorial_taskflow_api.py for tasks to queue
[2023-05-30T10:54:55.455+0000] {logging_mixin.py:137} INFO - [2023-05-30T10:54:55.455+0000] {dagbag.py:538} INFO - Filling up the DagBag from /home/airflow/.local/lib/python3.7/site-packages/airflow/example_dags/tutorial_taskflow_api.py
[2023-05-30T10:54:55.483+0000] {processor.py:753} INFO - DAG(s) dict_keys(['tutorial_taskflow_api']) retrieved from /home/airflow/.local/lib/python3.7/site-packages/airflow/example_dags/tutorial_taskflow_api.py
[2023-05-30T10:54:55.534+0000] {logging_mixin.py:137} INFO - [2023-05-30T10:54:55.534+0000] {dag.py:2676} INFO - Sync 1 DAGs
[2023-05-30T10:54:55.567+0000] {logging_mixin.py:137} INFO - [2023-05-30T10:54:55.567+0000] {dag.py:3427} INFO - Setting next_dagrun for tutorial_taskflow_api to None, run_after=None
[2023-05-30T10:54:55.591+0000] {processor.py:175} INFO - Processing /home/airflow/.local/lib/python3.7/site-packages/airflow/example_dags/tutorial_taskflow_api.py took 0.145 seconds
[2023-05-30T10:55:26.373+0000] {processor.py:153} INFO - Started process (PID=909) to work on /home/airflow/.local/lib/python3.7/site-packages/airflow/example_dags/tutorial_taskflow_api.py
[2023-05-30T10:55:26.375+0000] {processor.py:743} INFO - Processing file /home/airflow/.local/lib/python3.7/site-packages/airflow/example_dags/tutorial_taskflow_api.py for tasks to queue
[2023-05-30T10:55:26.379+0000] {logging_mixin.py:137} INFO - [2023-05-30T10:55:26.378+0000] {dagbag.py:538} INFO - Filling up the DagBag from /home/airflow/.local/lib/python3.7/site-packages/airflow/example_dags/tutorial_taskflow_api.py
[2023-05-30T10:55:26.413+0000] {processor.py:753} INFO - DAG(s) dict_keys(['tutorial_taskflow_api']) retrieved from /home/airflow/.local/lib/python3.7/site-packages/airflow/example_dags/tutorial_taskflow_api.py
[2023-05-30T10:55:26.476+0000] {logging_mixin.py:137} INFO - [2023-05-30T10:55:26.476+0000] {dag.py:2676} INFO - Sync 1 DAGs
[2023-05-30T10:55:26.516+0000] {logging_mixin.py:137} INFO - [2023-05-30T10:55:26.516+0000] {dag.py:3427} INFO - Setting next_dagrun for tutorial_taskflow_api to None, run_after=None
[2023-05-30T10:55:26.549+0000] {processor.py:175} INFO - Processing /home/airflow/.local/lib/python3.7/site-packages/airflow/example_dags/tutorial_taskflow_api.py took 0.182 seconds
[2023-05-30T10:55:56.725+0000] {processor.py:153} INFO - Started process (PID=982) to work on /home/airflow/.local/lib/python3.7/site-packages/airflow/example_dags/tutorial_taskflow_api.py
[2023-05-30T10:55:56.728+0000] {processor.py:743} INFO - Processing file /home/airflow/.local/lib/python3.7/site-packages/airflow/example_dags/tutorial_taskflow_api.py for tasks to queue
[2023-05-30T10:55:56.730+0000] {logging_mixin.py:137} INFO - [2023-05-30T10:55:56.729+0000] {dagbag.py:538} INFO - Filling up the DagBag from /home/airflow/.local/lib/python3.7/site-packages/airflow/example_dags/tutorial_taskflow_api.py
[2023-05-30T10:55:56.760+0000] {processor.py:753} INFO - DAG(s) dict_keys(['tutorial_taskflow_api']) retrieved from /home/airflow/.local/lib/python3.7/site-packages/airflow/example_dags/tutorial_taskflow_api.py
[2023-05-30T10:55:56.811+0000] {logging_mixin.py:137} INFO - [2023-05-30T10:55:56.811+0000] {dag.py:2676} INFO - Sync 1 DAGs
[2023-05-30T10:55:56.846+0000] {logging_mixin.py:137} INFO - [2023-05-30T10:55:56.846+0000] {dag.py:3427} INFO - Setting next_dagrun for tutorial_taskflow_api to None, run_after=None
[2023-05-30T10:55:56.871+0000] {processor.py:175} INFO - Processing /home/airflow/.local/lib/python3.7/site-packages/airflow/example_dags/tutorial_taskflow_api.py took 0.152 seconds
[2023-05-30T10:56:27.332+0000] {processor.py:153} INFO - Started process (PID=1048) to work on /home/airflow/.local/lib/python3.7/site-packages/airflow/example_dags/tutorial_taskflow_api.py
[2023-05-30T10:56:27.335+0000] {processor.py:743} INFO - Processing file /home/airflow/.local/lib/python3.7/site-packages/airflow/example_dags/tutorial_taskflow_api.py for tasks to queue
[2023-05-30T10:56:27.337+0000] {logging_mixin.py:137} INFO - [2023-05-30T10:56:27.337+0000] {dagbag.py:538} INFO - Filling up the DagBag from /home/airflow/.local/lib/python3.7/site-packages/airflow/example_dags/tutorial_taskflow_api.py
[2023-05-30T10:56:27.374+0000] {processor.py:753} INFO - DAG(s) dict_keys(['tutorial_taskflow_api']) retrieved from /home/airflow/.local/lib/python3.7/site-packages/airflow/example_dags/tutorial_taskflow_api.py
[2023-05-30T10:56:27.447+0000] {logging_mixin.py:137} INFO - [2023-05-30T10:56:27.447+0000] {dag.py:2676} INFO - Sync 1 DAGs
[2023-05-30T10:56:27.487+0000] {logging_mixin.py:137} INFO - [2023-05-30T10:56:27.486+0000] {dag.py:3427} INFO - Setting next_dagrun for tutorial_taskflow_api to None, run_after=None
[2023-05-30T10:56:27.516+0000] {processor.py:175} INFO - Processing /home/airflow/.local/lib/python3.7/site-packages/airflow/example_dags/tutorial_taskflow_api.py took 0.188 seconds
[2023-05-30T10:56:57.668+0000] {processor.py:153} INFO - Started process (PID=1128) to work on /home/airflow/.local/lib/python3.7/site-packages/airflow/example_dags/tutorial_taskflow_api.py
[2023-05-30T10:56:57.670+0000] {processor.py:743} INFO - Processing file /home/airflow/.local/lib/python3.7/site-packages/airflow/example_dags/tutorial_taskflow_api.py for tasks to queue
[2023-05-30T10:56:57.674+0000] {logging_mixin.py:137} INFO - [2023-05-30T10:56:57.674+0000] {dagbag.py:538} INFO - Filling up the DagBag from /home/airflow/.local/lib/python3.7/site-packages/airflow/example_dags/tutorial_taskflow_api.py
[2023-05-30T10:56:57.706+0000] {processor.py:753} INFO - DAG(s) dict_keys(['tutorial_taskflow_api']) retrieved from /home/airflow/.local/lib/python3.7/site-packages/airflow/example_dags/tutorial_taskflow_api.py
[2023-05-30T10:56:57.768+0000] {logging_mixin.py:137} INFO - [2023-05-30T10:56:57.768+0000] {dag.py:2676} INFO - Sync 1 DAGs
[2023-05-30T10:56:57.810+0000] {logging_mixin.py:137} INFO - [2023-05-30T10:56:57.809+0000] {dag.py:3427} INFO - Setting next_dagrun for tutorial_taskflow_api to None, run_after=None
[2023-05-30T10:56:57.837+0000] {processor.py:175} INFO - Processing /home/airflow/.local/lib/python3.7/site-packages/airflow/example_dags/tutorial_taskflow_api.py took 0.174 seconds
[2023-05-30T10:57:28.140+0000] {processor.py:153} INFO - Started process (PID=1194) to work on /home/airflow/.local/lib/python3.7/site-packages/airflow/example_dags/tutorial_taskflow_api.py
[2023-05-30T10:57:28.143+0000] {processor.py:743} INFO - Processing file /home/airflow/.local/lib/python3.7/site-packages/airflow/example_dags/tutorial_taskflow_api.py for tasks to queue
[2023-05-30T10:57:28.145+0000] {logging_mixin.py:137} INFO - [2023-05-30T10:57:28.145+0000] {dagbag.py:538} INFO - Filling up the DagBag from /home/airflow/.local/lib/python3.7/site-packages/airflow/example_dags/tutorial_taskflow_api.py
[2023-05-30T10:57:28.176+0000] {processor.py:753} INFO - DAG(s) dict_keys(['tutorial_taskflow_api']) retrieved from /home/airflow/.local/lib/python3.7/site-packages/airflow/example_dags/tutorial_taskflow_api.py
[2023-05-30T10:57:28.230+0000] {logging_mixin.py:137} INFO - [2023-05-30T10:57:28.230+0000] {dag.py:2676} INFO - Sync 1 DAGs
[2023-05-30T10:57:28.265+0000] {logging_mixin.py:137} INFO - [2023-05-30T10:57:28.264+0000] {dag.py:3427} INFO - Setting next_dagrun for tutorial_taskflow_api to None, run_after=None
[2023-05-30T10:57:28.291+0000] {processor.py:175} INFO - Processing /home/airflow/.local/lib/python3.7/site-packages/airflow/example_dags/tutorial_taskflow_api.py took 0.156 seconds
[2023-05-30T10:57:58.748+0000] {processor.py:153} INFO - Started process (PID=1259) to work on /home/airflow/.local/lib/python3.7/site-packages/airflow/example_dags/tutorial_taskflow_api.py
[2023-05-30T10:57:58.750+0000] {processor.py:743} INFO - Processing file /home/airflow/.local/lib/python3.7/site-packages/airflow/example_dags/tutorial_taskflow_api.py for tasks to queue
[2023-05-30T10:57:58.753+0000] {logging_mixin.py:137} INFO - [2023-05-30T10:57:58.753+0000] {dagbag.py:538} INFO - Filling up the DagBag from /home/airflow/.local/lib/python3.7/site-packages/airflow/example_dags/tutorial_taskflow_api.py
[2023-05-30T10:57:58.793+0000] {processor.py:753} INFO - DAG(s) dict_keys(['tutorial_taskflow_api']) retrieved from /home/airflow/.local/lib/python3.7/site-packages/airflow/example_dags/tutorial_taskflow_api.py
[2023-05-30T10:57:58.868+0000] {logging_mixin.py:137} INFO - [2023-05-30T10:57:58.868+0000] {dag.py:2676} INFO - Sync 1 DAGs
[2023-05-30T10:57:58.915+0000] {logging_mixin.py:137} INFO - [2023-05-30T10:57:58.915+0000] {dag.py:3427} INFO - Setting next_dagrun for tutorial_taskflow_api to None, run_after=None
[2023-05-30T10:57:58.951+0000] {processor.py:175} INFO - Processing /home/airflow/.local/lib/python3.7/site-packages/airflow/example_dags/tutorial_taskflow_api.py took 0.209 seconds
[2023-05-30T10:58:29.257+0000] {processor.py:153} INFO - Started process (PID=1353) to work on /home/airflow/.local/lib/python3.7/site-packages/airflow/example_dags/tutorial_taskflow_api.py
[2023-05-30T10:58:29.260+0000] {processor.py:743} INFO - Processing file /home/airflow/.local/lib/python3.7/site-packages/airflow/example_dags/tutorial_taskflow_api.py for tasks to queue
[2023-05-30T10:58:29.262+0000] {logging_mixin.py:137} INFO - [2023-05-30T10:58:29.262+0000] {dagbag.py:538} INFO - Filling up the DagBag from /home/airflow/.local/lib/python3.7/site-packages/airflow/example_dags/tutorial_taskflow_api.py
[2023-05-30T10:58:29.292+0000] {processor.py:753} INFO - DAG(s) dict_keys(['tutorial_taskflow_api']) retrieved from /home/airflow/.local/lib/python3.7/site-packages/airflow/example_dags/tutorial_taskflow_api.py
[2023-05-30T10:58:29.346+0000] {logging_mixin.py:137} INFO - [2023-05-30T10:58:29.346+0000] {dag.py:2676} INFO - Sync 1 DAGs
[2023-05-30T10:58:29.384+0000] {logging_mixin.py:137} INFO - [2023-05-30T10:58:29.384+0000] {dag.py:3427} INFO - Setting next_dagrun for tutorial_taskflow_api to None, run_after=None
[2023-05-30T10:58:29.411+0000] {processor.py:175} INFO - Processing /home/airflow/.local/lib/python3.7/site-packages/airflow/example_dags/tutorial_taskflow_api.py took 0.160 seconds
[2023-05-30T10:58:59.558+0000] {processor.py:153} INFO - Started process (PID=1419) to work on /home/airflow/.local/lib/python3.7/site-packages/airflow/example_dags/tutorial_taskflow_api.py
[2023-05-30T10:58:59.560+0000] {processor.py:743} INFO - Processing file /home/airflow/.local/lib/python3.7/site-packages/airflow/example_dags/tutorial_taskflow_api.py for tasks to queue
[2023-05-30T10:58:59.562+0000] {logging_mixin.py:137} INFO - [2023-05-30T10:58:59.562+0000] {dagbag.py:538} INFO - Filling up the DagBag from /home/airflow/.local/lib/python3.7/site-packages/airflow/example_dags/tutorial_taskflow_api.py
[2023-05-30T10:58:59.596+0000] {processor.py:753} INFO - DAG(s) dict_keys(['tutorial_taskflow_api']) retrieved from /home/airflow/.local/lib/python3.7/site-packages/airflow/example_dags/tutorial_taskflow_api.py
[2023-05-30T10:58:59.657+0000] {logging_mixin.py:137} INFO - [2023-05-30T10:58:59.657+0000] {dag.py:2676} INFO - Sync 1 DAGs
[2023-05-30T10:58:59.697+0000] {logging_mixin.py:137} INFO - [2023-05-30T10:58:59.696+0000] {dag.py:3427} INFO - Setting next_dagrun for tutorial_taskflow_api to None, run_after=None
[2023-05-30T10:58:59.725+0000] {processor.py:175} INFO - Processing /home/airflow/.local/lib/python3.7/site-packages/airflow/example_dags/tutorial_taskflow_api.py took 0.173 seconds
[2023-05-30T10:59:30.072+0000] {processor.py:153} INFO - Started process (PID=1485) to work on /home/airflow/.local/lib/python3.7/site-packages/airflow/example_dags/tutorial_taskflow_api.py
[2023-05-30T10:59:30.075+0000] {processor.py:743} INFO - Processing file /home/airflow/.local/lib/python3.7/site-packages/airflow/example_dags/tutorial_taskflow_api.py for tasks to queue
[2023-05-30T10:59:30.077+0000] {logging_mixin.py:137} INFO - [2023-05-30T10:59:30.077+0000] {dagbag.py:538} INFO - Filling up the DagBag from /home/airflow/.local/lib/python3.7/site-packages/airflow/example_dags/tutorial_taskflow_api.py
[2023-05-30T10:59:30.109+0000] {processor.py:753} INFO - DAG(s) dict_keys(['tutorial_taskflow_api']) retrieved from /home/airflow/.local/lib/python3.7/site-packages/airflow/example_dags/tutorial_taskflow_api.py
[2023-05-30T10:59:30.166+0000] {logging_mixin.py:137} INFO - [2023-05-30T10:59:30.165+0000] {dag.py:2676} INFO - Sync 1 DAGs
[2023-05-30T10:59:30.204+0000] {logging_mixin.py:137} INFO - [2023-05-30T10:59:30.204+0000] {dag.py:3427} INFO - Setting next_dagrun for tutorial_taskflow_api to None, run_after=None
[2023-05-30T10:59:30.238+0000] {processor.py:175} INFO - Processing /home/airflow/.local/lib/python3.7/site-packages/airflow/example_dags/tutorial_taskflow_api.py took 0.171 seconds
[2023-05-30T11:00:00.604+0000] {processor.py:153} INFO - Started process (PID=1565) to work on /home/airflow/.local/lib/python3.7/site-packages/airflow/example_dags/tutorial_taskflow_api.py
[2023-05-30T11:00:00.607+0000] {processor.py:743} INFO - Processing file /home/airflow/.local/lib/python3.7/site-packages/airflow/example_dags/tutorial_taskflow_api.py for tasks to queue
[2023-05-30T11:00:00.610+0000] {logging_mixin.py:137} INFO - [2023-05-30T11:00:00.609+0000] {dagbag.py:538} INFO - Filling up the DagBag from /home/airflow/.local/lib/python3.7/site-packages/airflow/example_dags/tutorial_taskflow_api.py
[2023-05-30T11:00:00.640+0000] {processor.py:753} INFO - DAG(s) dict_keys(['tutorial_taskflow_api']) retrieved from /home/airflow/.local/lib/python3.7/site-packages/airflow/example_dags/tutorial_taskflow_api.py
[2023-05-30T11:00:00.699+0000] {logging_mixin.py:137} INFO - [2023-05-30T11:00:00.699+0000] {dag.py:2676} INFO - Sync 1 DAGs
[2023-05-30T11:00:00.737+0000] {logging_mixin.py:137} INFO - [2023-05-30T11:00:00.737+0000] {dag.py:3427} INFO - Setting next_dagrun for tutorial_taskflow_api to None, run_after=None
[2023-05-30T11:00:00.765+0000] {processor.py:175} INFO - Processing /home/airflow/.local/lib/python3.7/site-packages/airflow/example_dags/tutorial_taskflow_api.py took 0.165 seconds
[2023-05-30T11:00:31.544+0000] {processor.py:153} INFO - Started process (PID=1631) to work on /home/airflow/.local/lib/python3.7/site-packages/airflow/example_dags/tutorial_taskflow_api.py
[2023-05-30T11:00:31.547+0000] {processor.py:743} INFO - Processing file /home/airflow/.local/lib/python3.7/site-packages/airflow/example_dags/tutorial_taskflow_api.py for tasks to queue
[2023-05-30T11:00:31.549+0000] {logging_mixin.py:137} INFO - [2023-05-30T11:00:31.549+0000] {dagbag.py:538} INFO - Filling up the DagBag from /home/airflow/.local/lib/python3.7/site-packages/airflow/example_dags/tutorial_taskflow_api.py
[2023-05-30T11:00:31.580+0000] {processor.py:753} INFO - DAG(s) dict_keys(['tutorial_taskflow_api']) retrieved from /home/airflow/.local/lib/python3.7/site-packages/airflow/example_dags/tutorial_taskflow_api.py
[2023-05-30T11:00:31.636+0000] {logging_mixin.py:137} INFO - [2023-05-30T11:00:31.636+0000] {dag.py:2676} INFO - Sync 1 DAGs
[2023-05-30T11:00:31.678+0000] {logging_mixin.py:137} INFO - [2023-05-30T11:00:31.678+0000] {dag.py:3427} INFO - Setting next_dagrun for tutorial_taskflow_api to None, run_after=None
[2023-05-30T11:00:31.705+0000] {processor.py:175} INFO - Processing /home/airflow/.local/lib/python3.7/site-packages/airflow/example_dags/tutorial_taskflow_api.py took 0.168 seconds
[2023-05-30T11:01:01.944+0000] {processor.py:153} INFO - Started process (PID=1705) to work on /home/airflow/.local/lib/python3.7/site-packages/airflow/example_dags/tutorial_taskflow_api.py
[2023-05-30T11:01:01.947+0000] {processor.py:743} INFO - Processing file /home/airflow/.local/lib/python3.7/site-packages/airflow/example_dags/tutorial_taskflow_api.py for tasks to queue
[2023-05-30T11:01:01.950+0000] {logging_mixin.py:137} INFO - [2023-05-30T11:01:01.950+0000] {dagbag.py:538} INFO - Filling up the DagBag from /home/airflow/.local/lib/python3.7/site-packages/airflow/example_dags/tutorial_taskflow_api.py
[2023-05-30T11:01:01.981+0000] {processor.py:753} INFO - DAG(s) dict_keys(['tutorial_taskflow_api']) retrieved from /home/airflow/.local/lib/python3.7/site-packages/airflow/example_dags/tutorial_taskflow_api.py
[2023-05-30T11:01:02.037+0000] {logging_mixin.py:137} INFO - [2023-05-30T11:01:02.037+0000] {dag.py:2676} INFO - Sync 1 DAGs
[2023-05-30T11:01:02.073+0000] {logging_mixin.py:137} INFO - [2023-05-30T11:01:02.073+0000] {dag.py:3427} INFO - Setting next_dagrun for tutorial_taskflow_api to None, run_after=None
[2023-05-30T11:01:02.094+0000] {processor.py:175} INFO - Processing /home/airflow/.local/lib/python3.7/site-packages/airflow/example_dags/tutorial_taskflow_api.py took 0.155 seconds
