[2023-05-30T12:32:12.186+0000] {taskinstance.py:1087} INFO - Dependencies all met for <TaskInstance: our_dag_with_python_operator_v07.get_name scheduled__2022-02-04T00:00:00+00:00 [queued]>
[2023-05-30T12:32:12.211+0000] {taskinstance.py:1087} INFO - Dependencies all met for <TaskInstance: our_dag_with_python_operator_v07.get_name scheduled__2022-02-04T00:00:00+00:00 [queued]>
[2023-05-30T12:32:12.215+0000] {taskinstance.py:1283} INFO - 
--------------------------------------------------------------------------------
[2023-05-30T12:32:12.217+0000] {taskinstance.py:1284} INFO - Starting attempt 1 of 6
[2023-05-30T12:32:12.218+0000] {taskinstance.py:1285} INFO - 
--------------------------------------------------------------------------------
[2023-05-30T12:32:12.291+0000] {taskinstance.py:1304} INFO - Executing <Task(PythonOperator): get_name> on 2022-02-04 00:00:00+00:00
[2023-05-30T12:32:12.305+0000] {standard_task_runner.py:55} INFO - Started process 9999 to run task
[2023-05-30T12:32:12.355+0000] {standard_task_runner.py:82} INFO - Running: ['***', 'tasks', 'run', 'our_dag_with_python_operator_v07', 'get_name', 'scheduled__2022-02-04T00:00:00+00:00', '--job-id', '1480', '--raw', '--subdir', 'DAGS_FOLDER/dag_python_opr.py', '--cfg-path', '/tmp/tmpizjxa3ay']
[2023-05-30T12:32:12.365+0000] {standard_task_runner.py:83} INFO - Job 1480: Subtask get_name
[2023-05-30T12:32:12.609+0000] {task_command.py:389} INFO - Running <TaskInstance: our_dag_with_python_operator_v07.get_name scheduled__2022-02-04T00:00:00+00:00 [running]> on host 49219f98c96e
[2023-05-30T12:32:12.864+0000] {taskinstance.py:1513} INFO - Exporting the following env vars:
AIRFLOW_CTX_DAG_OWNER=coder2j
AIRFLOW_CTX_DAG_ID=our_dag_with_python_operator_v07
AIRFLOW_CTX_TASK_ID=get_name
AIRFLOW_CTX_EXECUTION_DATE=2022-02-04T00:00:00+00:00
AIRFLOW_CTX_TRY_NUMBER=1
AIRFLOW_CTX_DAG_RUN_ID=scheduled__2022-02-04T00:00:00+00:00
[2023-05-30T12:32:12.932+0000] {python.py:177} INFO - Done. Returned value was: None
[2023-05-30T12:32:12.983+0000] {taskinstance.py:1327} INFO - Marking task as SUCCESS. dag_id=our_dag_with_python_operator_v07, task_id=get_name, execution_date=20220204T000000, start_date=20230530T123212, end_date=20230530T123212
[2023-05-30T12:32:13.024+0000] {local_task_job.py:159} INFO - Task exited with return code 0
[2023-05-30T12:32:13.097+0000] {taskinstance.py:2582} INFO - 0 downstream tasks scheduled from follow-on schedule check
[2023-06-07T06:35:13.922+0000] {taskinstance.py:1087} INFO - Dependencies all met for <TaskInstance: our_dag_with_python_operator_v07.get_name scheduled__2022-02-04T00:00:00+00:00 [queued]>
[2023-06-07T06:35:13.987+0000] {taskinstance.py:1087} INFO - Dependencies all met for <TaskInstance: our_dag_with_python_operator_v07.get_name scheduled__2022-02-04T00:00:00+00:00 [queued]>
[2023-06-07T06:35:13.989+0000] {taskinstance.py:1283} INFO - 
--------------------------------------------------------------------------------
[2023-06-07T06:35:13.998+0000] {taskinstance.py:1284} INFO - Starting attempt 1 of 6
[2023-06-07T06:35:14.000+0000] {taskinstance.py:1285} INFO - 
--------------------------------------------------------------------------------
[2023-06-07T06:35:14.154+0000] {taskinstance.py:1304} INFO - Executing <Task(PythonOperator): get_name> on 2022-02-04 00:00:00+00:00
[2023-06-07T06:35:14.176+0000] {standard_task_runner.py:55} INFO - Started process 2303 to run task
[2023-06-07T06:35:14.196+0000] {standard_task_runner.py:82} INFO - Running: ['***', 'tasks', 'run', 'our_dag_with_python_operator_v07', 'get_name', 'scheduled__2022-02-04T00:00:00+00:00', '--job-id', '1686', '--raw', '--subdir', 'DAGS_FOLDER/dag_python_opr.py', '--cfg-path', '/tmp/tmp9kp68bmi']
[2023-06-07T06:35:14.203+0000] {standard_task_runner.py:83} INFO - Job 1686: Subtask get_name
[2023-06-07T06:35:14.629+0000] {task_command.py:389} INFO - Running <TaskInstance: our_dag_with_python_operator_v07.get_name scheduled__2022-02-04T00:00:00+00:00 [running]> on host 026ed797f3b3
[2023-06-07T06:35:15.089+0000] {taskinstance.py:1513} INFO - Exporting the following env vars:
AIRFLOW_CTX_DAG_OWNER=coder2j
AIRFLOW_CTX_DAG_ID=our_dag_with_python_operator_v07
AIRFLOW_CTX_TASK_ID=get_name
AIRFLOW_CTX_EXECUTION_DATE=2022-02-04T00:00:00+00:00
AIRFLOW_CTX_TRY_NUMBER=1
AIRFLOW_CTX_DAG_RUN_ID=scheduled__2022-02-04T00:00:00+00:00
[2023-06-07T06:35:15.230+0000] {python.py:177} INFO - Done. Returned value was: None
[2023-06-07T06:35:15.281+0000] {taskinstance.py:1327} INFO - Marking task as SUCCESS. dag_id=our_dag_with_python_operator_v07, task_id=get_name, execution_date=20220204T000000, start_date=20230607T063513, end_date=20230607T063515
[2023-06-07T06:35:15.429+0000] {local_task_job.py:159} INFO - Task exited with return code 0
[2023-06-07T06:35:15.559+0000] {taskinstance.py:2582} INFO - 1 downstream tasks scheduled from follow-on schedule check
