[2023-05-30T11:37:42.758+0000] {taskinstance.py:1087} INFO - Dependencies all met for <TaskInstance: our_dag_with_python_operator_v07.get_age scheduled__2021-12-24T00:00:00+00:00 [queued]>
[2023-05-30T11:37:42.780+0000] {taskinstance.py:1087} INFO - Dependencies all met for <TaskInstance: our_dag_with_python_operator_v07.get_age scheduled__2021-12-24T00:00:00+00:00 [queued]>
[2023-05-30T11:37:42.782+0000] {taskinstance.py:1283} INFO - 
--------------------------------------------------------------------------------
[2023-05-30T11:37:42.783+0000] {taskinstance.py:1284} INFO - Starting attempt 1 of 6
[2023-05-30T11:37:42.784+0000] {taskinstance.py:1285} INFO - 
--------------------------------------------------------------------------------
[2023-05-30T11:37:42.837+0000] {taskinstance.py:1304} INFO - Executing <Task(PythonOperator): get_age> on 2021-12-24 00:00:00+00:00
[2023-05-30T11:37:42.846+0000] {standard_task_runner.py:55} INFO - Started process 6041 to run task
[2023-05-30T11:37:42.858+0000] {standard_task_runner.py:82} INFO - Running: ['***', 'tasks', 'run', 'our_dag_with_python_operator_v07', 'get_age', 'scheduled__2021-12-24T00:00:00+00:00', '--job-id', '1353', '--raw', '--subdir', 'DAGS_FOLDER/dag_python_opr.py', '--cfg-path', '/tmp/tmpa1vmgeff']
[2023-05-30T11:37:42.865+0000] {standard_task_runner.py:83} INFO - Job 1353: Subtask get_age
[2023-05-30T11:37:43.015+0000] {task_command.py:389} INFO - Running <TaskInstance: our_dag_with_python_operator_v07.get_age scheduled__2021-12-24T00:00:00+00:00 [running]> on host 49219f98c96e
[2023-05-30T11:37:43.247+0000] {taskinstance.py:1513} INFO - Exporting the following env vars:
AIRFLOW_CTX_DAG_OWNER=coder2j
AIRFLOW_CTX_DAG_ID=our_dag_with_python_operator_v07
AIRFLOW_CTX_TASK_ID=get_age
AIRFLOW_CTX_EXECUTION_DATE=2021-12-24T00:00:00+00:00
AIRFLOW_CTX_TRY_NUMBER=1
AIRFLOW_CTX_DAG_RUN_ID=scheduled__2021-12-24T00:00:00+00:00
[2023-05-30T11:37:43.300+0000] {python.py:177} INFO - Done. Returned value was: None
[2023-05-30T11:37:43.351+0000] {taskinstance.py:1327} INFO - Marking task as SUCCESS. dag_id=our_dag_with_python_operator_v07, task_id=get_age, execution_date=20211224T000000, start_date=20230530T113742, end_date=20230530T113743
[2023-05-30T11:37:43.436+0000] {local_task_job.py:159} INFO - Task exited with return code 0
[2023-05-30T11:37:43.540+0000] {taskinstance.py:2582} INFO - 0 downstream tasks scheduled from follow-on schedule check
[2023-06-07T06:33:34.467+0000] {taskinstance.py:1087} INFO - Dependencies all met for <TaskInstance: our_dag_with_python_operator_v07.get_age scheduled__2021-12-24T00:00:00+00:00 [queued]>
[2023-06-07T06:33:34.560+0000] {taskinstance.py:1087} INFO - Dependencies all met for <TaskInstance: our_dag_with_python_operator_v07.get_age scheduled__2021-12-24T00:00:00+00:00 [queued]>
[2023-06-07T06:33:34.565+0000] {taskinstance.py:1283} INFO - 
--------------------------------------------------------------------------------
[2023-06-07T06:33:34.568+0000] {taskinstance.py:1284} INFO - Starting attempt 1 of 6
[2023-06-07T06:33:34.571+0000] {taskinstance.py:1285} INFO - 
--------------------------------------------------------------------------------
[2023-06-07T06:33:34.702+0000] {taskinstance.py:1304} INFO - Executing <Task(PythonOperator): get_age> on 2021-12-24 00:00:00+00:00
[2023-06-07T06:33:34.716+0000] {standard_task_runner.py:55} INFO - Started process 1640 to run task
[2023-06-07T06:33:34.742+0000] {standard_task_runner.py:82} INFO - Running: ['***', 'tasks', 'run', 'our_dag_with_python_operator_v07', 'get_age', 'scheduled__2021-12-24T00:00:00+00:00', '--job-id', '1447', '--raw', '--subdir', 'DAGS_FOLDER/dag_python_opr.py', '--cfg-path', '/tmp/tmp7jqdigfo']
[2023-06-07T06:33:34.746+0000] {standard_task_runner.py:83} INFO - Job 1447: Subtask get_age
[2023-06-07T06:33:35.168+0000] {task_command.py:389} INFO - Running <TaskInstance: our_dag_with_python_operator_v07.get_age scheduled__2021-12-24T00:00:00+00:00 [running]> on host 026ed797f3b3
[2023-06-07T06:33:35.728+0000] {taskinstance.py:1513} INFO - Exporting the following env vars:
AIRFLOW_CTX_DAG_OWNER=coder2j
AIRFLOW_CTX_DAG_ID=our_dag_with_python_operator_v07
AIRFLOW_CTX_TASK_ID=get_age
AIRFLOW_CTX_EXECUTION_DATE=2021-12-24T00:00:00+00:00
AIRFLOW_CTX_TRY_NUMBER=1
AIRFLOW_CTX_DAG_RUN_ID=scheduled__2021-12-24T00:00:00+00:00
[2023-06-07T06:33:35.822+0000] {python.py:177} INFO - Done. Returned value was: None
[2023-06-07T06:33:35.853+0000] {taskinstance.py:1327} INFO - Marking task as SUCCESS. dag_id=our_dag_with_python_operator_v07, task_id=get_age, execution_date=20211224T000000, start_date=20230607T063334, end_date=20230607T063335
[2023-06-07T06:33:35.978+0000] {local_task_job.py:159} INFO - Task exited with return code 0
[2023-06-07T06:33:36.092+0000] {taskinstance.py:2582} INFO - 1 downstream tasks scheduled from follow-on schedule check
