[2023-05-30T12:31:54.578+0000] {taskinstance.py:1087} INFO - Dependencies all met for <TaskInstance: our_dag_with_python_operator_v07.get_age scheduled__2022-01-21T00:00:00+00:00 [queued]>
[2023-05-30T12:31:54.603+0000] {taskinstance.py:1087} INFO - Dependencies all met for <TaskInstance: our_dag_with_python_operator_v07.get_age scheduled__2022-01-21T00:00:00+00:00 [queued]>
[2023-05-30T12:31:54.613+0000] {taskinstance.py:1283} INFO - 
--------------------------------------------------------------------------------
[2023-05-30T12:31:54.615+0000] {taskinstance.py:1284} INFO - Starting attempt 1 of 6
[2023-05-30T12:31:54.618+0000] {taskinstance.py:1285} INFO - 
--------------------------------------------------------------------------------
[2023-05-30T12:31:54.657+0000] {taskinstance.py:1304} INFO - Executing <Task(PythonOperator): get_age> on 2022-01-21 00:00:00+00:00
[2023-05-30T12:31:54.665+0000] {standard_task_runner.py:55} INFO - Started process 9901 to run task
[2023-05-30T12:31:54.692+0000] {standard_task_runner.py:82} INFO - Running: ['***', 'tasks', 'run', 'our_dag_with_python_operator_v07', 'get_age', 'scheduled__2022-01-21T00:00:00+00:00', '--job-id', '1438', '--raw', '--subdir', 'DAGS_FOLDER/dag_python_opr.py', '--cfg-path', '/tmp/tmpwmnplivb']
[2023-05-30T12:31:54.694+0000] {standard_task_runner.py:83} INFO - Job 1438: Subtask get_age
[2023-05-30T12:31:54.953+0000] {task_command.py:389} INFO - Running <TaskInstance: our_dag_with_python_operator_v07.get_age scheduled__2022-01-21T00:00:00+00:00 [running]> on host 49219f98c96e
[2023-05-30T12:31:55.289+0000] {taskinstance.py:1513} INFO - Exporting the following env vars:
AIRFLOW_CTX_DAG_OWNER=coder2j
AIRFLOW_CTX_DAG_ID=our_dag_with_python_operator_v07
AIRFLOW_CTX_TASK_ID=get_age
AIRFLOW_CTX_EXECUTION_DATE=2022-01-21T00:00:00+00:00
AIRFLOW_CTX_TRY_NUMBER=1
AIRFLOW_CTX_DAG_RUN_ID=scheduled__2022-01-21T00:00:00+00:00
[2023-05-30T12:31:55.389+0000] {python.py:177} INFO - Done. Returned value was: None
[2023-05-30T12:31:55.458+0000] {taskinstance.py:1327} INFO - Marking task as SUCCESS. dag_id=our_dag_with_python_operator_v07, task_id=get_age, execution_date=20220121T000000, start_date=20230530T123154, end_date=20230530T123155
[2023-05-30T12:31:55.664+0000] {local_task_job.py:159} INFO - Task exited with return code 0
[2023-05-30T12:31:55.729+0000] {taskinstance.py:2582} INFO - 0 downstream tasks scheduled from follow-on schedule check
[2023-06-07T06:34:37.848+0000] {taskinstance.py:1087} INFO - Dependencies all met for <TaskInstance: our_dag_with_python_operator_v07.get_age scheduled__2022-01-21T00:00:00+00:00 [queued]>
[2023-06-07T06:34:37.990+0000] {taskinstance.py:1087} INFO - Dependencies all met for <TaskInstance: our_dag_with_python_operator_v07.get_age scheduled__2022-01-21T00:00:00+00:00 [queued]>
[2023-06-07T06:34:37.998+0000] {taskinstance.py:1283} INFO - 
--------------------------------------------------------------------------------
[2023-06-07T06:34:38.010+0000] {taskinstance.py:1284} INFO - Starting attempt 1 of 6
[2023-06-07T06:34:38.014+0000] {taskinstance.py:1285} INFO - 
--------------------------------------------------------------------------------
[2023-06-07T06:34:38.160+0000] {taskinstance.py:1304} INFO - Executing <Task(PythonOperator): get_age> on 2022-01-21 00:00:00+00:00
[2023-06-07T06:34:38.188+0000] {standard_task_runner.py:55} INFO - Started process 2074 to run task
[2023-06-07T06:34:38.237+0000] {standard_task_runner.py:82} INFO - Running: ['***', 'tasks', 'run', 'our_dag_with_python_operator_v07', 'get_age', 'scheduled__2022-01-21T00:00:00+00:00', '--job-id', '1607', '--raw', '--subdir', 'DAGS_FOLDER/dag_python_opr.py', '--cfg-path', '/tmp/tmpa8sd0c57']
[2023-06-07T06:34:38.277+0000] {standard_task_runner.py:83} INFO - Job 1607: Subtask get_age
[2023-06-07T06:34:38.770+0000] {task_command.py:389} INFO - Running <TaskInstance: our_dag_with_python_operator_v07.get_age scheduled__2022-01-21T00:00:00+00:00 [running]> on host 026ed797f3b3
[2023-06-07T06:34:39.727+0000] {taskinstance.py:1513} INFO - Exporting the following env vars:
AIRFLOW_CTX_DAG_OWNER=coder2j
AIRFLOW_CTX_DAG_ID=our_dag_with_python_operator_v07
AIRFLOW_CTX_TASK_ID=get_age
AIRFLOW_CTX_EXECUTION_DATE=2022-01-21T00:00:00+00:00
AIRFLOW_CTX_TRY_NUMBER=1
AIRFLOW_CTX_DAG_RUN_ID=scheduled__2022-01-21T00:00:00+00:00
[2023-06-07T06:34:39.787+0000] {python.py:177} INFO - Done. Returned value was: None
[2023-06-07T06:34:39.850+0000] {taskinstance.py:1327} INFO - Marking task as SUCCESS. dag_id=our_dag_with_python_operator_v07, task_id=get_age, execution_date=20220121T000000, start_date=20230607T063437, end_date=20230607T063439
[2023-06-07T06:34:39.998+0000] {local_task_job.py:159} INFO - Task exited with return code 0
[2023-06-07T06:34:40.174+0000] {taskinstance.py:2582} INFO - 1 downstream tasks scheduled from follow-on schedule check
