[2023-06-01T11:22:24.977+0000] {taskinstance.py:1087} INFO - Dependencies all met for <TaskInstance: dag_with_postgres_operator_v03.insert_into_table manual__2023-06-01T11:22:14.708103+00:00 [queued]>
[2023-06-01T11:22:24.988+0000] {taskinstance.py:1087} INFO - Dependencies all met for <TaskInstance: dag_with_postgres_operator_v03.insert_into_table manual__2023-06-01T11:22:14.708103+00:00 [queued]>
[2023-06-01T11:22:24.989+0000] {taskinstance.py:1283} INFO - 
--------------------------------------------------------------------------------
[2023-06-01T11:22:24.990+0000] {taskinstance.py:1284} INFO - Starting attempt 1 of 6
[2023-06-01T11:22:24.990+0000] {taskinstance.py:1285} INFO - 
--------------------------------------------------------------------------------
[2023-06-01T11:22:25.005+0000] {taskinstance.py:1304} INFO - Executing <Task(PostgresOperator): insert_into_table> on 2023-06-01 11:22:14.708103+00:00
[2023-06-01T11:22:25.011+0000] {standard_task_runner.py:55} INFO - Started process 1455 to run task
[2023-06-01T11:22:25.015+0000] {standard_task_runner.py:82} INFO - Running: ['***', 'tasks', 'run', 'dag_with_postgres_operator_v03', 'insert_into_table', 'manual__2023-06-01T11:22:14.708103+00:00', '--job-id', '442', '--raw', '--subdir', 'DAGS_FOLDER/postgres.py', '--cfg-path', '/tmp/tmpego5bnzm']
[2023-06-01T11:22:25.017+0000] {standard_task_runner.py:83} INFO - Job 442: Subtask insert_into_table
[2023-06-01T11:22:25.115+0000] {task_command.py:389} INFO - Running <TaskInstance: dag_with_postgres_operator_v03.insert_into_table manual__2023-06-01T11:22:14.708103+00:00 [running]> on host 687ba427e841
[2023-06-01T11:22:25.213+0000] {taskinstance.py:1513} INFO - Exporting the following env vars:
AIRFLOW_CTX_DAG_OWNER=coder2j
AIRFLOW_CTX_DAG_ID=dag_with_postgres_operator_v03
AIRFLOW_CTX_TASK_ID=insert_into_table
AIRFLOW_CTX_EXECUTION_DATE=2023-06-01T11:22:14.708103+00:00
AIRFLOW_CTX_TRY_NUMBER=1
AIRFLOW_CTX_DAG_RUN_ID=manual__2023-06-01T11:22:14.708103+00:00
[2023-06-01T11:22:25.215+0000] {sql.py:253} INFO - Executing: 
            insert into dag_runs (dt, dag_id) values ('2023-06-01', 'dag_with_postgres_operator_v03')
        
[2023-06-01T11:22:25.227+0000] {base.py:73} INFO - Using connection ID 'postgres_localhost' for task execution.
[2023-06-01T11:22:25.505+0000] {base.py:73} INFO - Using connection ID 'postgres_localhost' for task execution.
[2023-06-01T11:22:25.519+0000] {sql.py:364} INFO - Running statement: 
            insert into dag_runs (dt, dag_id) values ('2023-06-01', 'dag_with_postgres_operator_v03')
        , parameters: None
[2023-06-01T11:22:25.523+0000] {sql.py:373} INFO - Rows affected: 1
[2023-06-01T11:22:25.537+0000] {taskinstance.py:1327} INFO - Marking task as SUCCESS. dag_id=dag_with_postgres_operator_v03, task_id=insert_into_table, execution_date=20230601T112214, start_date=20230601T112224, end_date=20230601T112225
[2023-06-01T11:22:25.590+0000] {local_task_job.py:159} INFO - Task exited with return code 0
[2023-06-01T11:22:25.614+0000] {taskinstance.py:2582} INFO - 0 downstream tasks scheduled from follow-on schedule check
