[2023-05-30T12:35:01.084+0000] {taskinstance.py:1087} INFO - Dependencies all met for <TaskInstance: our_dag_with_python_operator_v07.get_age scheduled__2022-07-06T00:00:00+00:00 [queued]>
[2023-05-30T12:35:01.124+0000] {taskinstance.py:1087} INFO - Dependencies all met for <TaskInstance: our_dag_with_python_operator_v07.get_age scheduled__2022-07-06T00:00:00+00:00 [queued]>
[2023-05-30T12:35:01.129+0000] {taskinstance.py:1283} INFO - 
--------------------------------------------------------------------------------
[2023-05-30T12:35:01.133+0000] {taskinstance.py:1284} INFO - Starting attempt 1 of 6
[2023-05-30T12:35:01.136+0000] {taskinstance.py:1285} INFO - 
--------------------------------------------------------------------------------
[2023-05-30T12:35:01.232+0000] {taskinstance.py:1304} INFO - Executing <Task(PythonOperator): get_age> on 2022-07-06 00:00:00+00:00
[2023-05-30T12:35:01.241+0000] {standard_task_runner.py:55} INFO - Started process 11074 to run task
[2023-05-30T12:35:01.261+0000] {standard_task_runner.py:82} INFO - Running: ['***', 'tasks', 'run', 'our_dag_with_python_operator_v07', 'get_age', 'scheduled__2022-07-06T00:00:00+00:00', '--job-id', '1936', '--raw', '--subdir', 'DAGS_FOLDER/dag_python_opr.py', '--cfg-path', '/tmp/tmp9mi6x3hh']
[2023-05-30T12:35:01.264+0000] {standard_task_runner.py:83} INFO - Job 1936: Subtask get_age
[2023-05-30T12:35:01.454+0000] {task_command.py:389} INFO - Running <TaskInstance: our_dag_with_python_operator_v07.get_age scheduled__2022-07-06T00:00:00+00:00 [running]> on host 49219f98c96e
[2023-05-30T12:35:01.707+0000] {taskinstance.py:1513} INFO - Exporting the following env vars:
AIRFLOW_CTX_DAG_OWNER=coder2j
AIRFLOW_CTX_DAG_ID=our_dag_with_python_operator_v07
AIRFLOW_CTX_TASK_ID=get_age
AIRFLOW_CTX_EXECUTION_DATE=2022-07-06T00:00:00+00:00
AIRFLOW_CTX_TRY_NUMBER=1
AIRFLOW_CTX_DAG_RUN_ID=scheduled__2022-07-06T00:00:00+00:00
[2023-05-30T12:35:01.754+0000] {python.py:177} INFO - Done. Returned value was: None
[2023-05-30T12:35:01.806+0000] {taskinstance.py:1327} INFO - Marking task as SUCCESS. dag_id=our_dag_with_python_operator_v07, task_id=get_age, execution_date=20220706T000000, start_date=20230530T123501, end_date=20230530T123501
[2023-05-30T12:35:01.873+0000] {local_task_job.py:159} INFO - Task exited with return code 0
[2023-05-30T12:35:02.082+0000] {taskinstance.py:2582} INFO - 0 downstream tasks scheduled from follow-on schedule check
