[2023-05-30T11:29:36.249+0000] {taskinstance.py:1087} INFO - Dependencies all met for <TaskInstance: our_first_dag_v5.thrid_task scheduled__2021-11-02T00:00:00+00:00 [queued]>
[2023-05-30T11:29:36.445+0000] {taskinstance.py:1087} INFO - Dependencies all met for <TaskInstance: our_first_dag_v5.thrid_task scheduled__2021-11-02T00:00:00+00:00 [queued]>
[2023-05-30T11:29:36.452+0000] {taskinstance.py:1283} INFO - 
--------------------------------------------------------------------------------
[2023-05-30T11:29:36.455+0000] {taskinstance.py:1284} INFO - Starting attempt 1 of 6
[2023-05-30T11:29:36.471+0000] {taskinstance.py:1285} INFO - 
--------------------------------------------------------------------------------
[2023-05-30T11:29:36.927+0000] {taskinstance.py:1304} INFO - Executing <Task(BashOperator): thrid_task> on 2021-11-02 00:00:00+00:00
[2023-05-30T11:29:37.027+0000] {standard_task_runner.py:55} INFO - Started process 2633 to run task
[2023-05-30T11:29:37.123+0000] {standard_task_runner.py:82} INFO - Running: ['***', 'tasks', 'run', 'our_first_dag_v5', 'thrid_task', 'scheduled__2021-11-02T00:00:00+00:00', '--job-id', '294', '--raw', '--subdir', 'DAGS_FOLDER/first_Dag.py', '--cfg-path', '/tmp/tmpv127tdwc']
[2023-05-30T11:29:37.139+0000] {standard_task_runner.py:83} INFO - Job 294: Subtask thrid_task
[2023-05-30T11:29:37.717+0000] {task_command.py:389} INFO - Running <TaskInstance: our_first_dag_v5.thrid_task scheduled__2021-11-02T00:00:00+00:00 [running]> on host 49219f98c96e
[2023-05-30T11:29:38.037+0000] {taskinstance.py:1513} INFO - Exporting the following env vars:
AIRFLOW_CTX_DAG_OWNER=coder2j
AIRFLOW_CTX_DAG_ID=our_first_dag_v5
AIRFLOW_CTX_TASK_ID=thrid_task
AIRFLOW_CTX_EXECUTION_DATE=2021-11-02T00:00:00+00:00
AIRFLOW_CTX_TRY_NUMBER=1
AIRFLOW_CTX_DAG_RUN_ID=scheduled__2021-11-02T00:00:00+00:00
[2023-05-30T11:29:38.048+0000] {subprocess.py:63} INFO - Tmp dir root location: 
 /tmp
[2023-05-30T11:29:38.053+0000] {subprocess.py:75} INFO - Running command: ['/bin/bash', '-c', 'echo hey, I am task3 and will be running after task1 at the same time as task2!']
[2023-05-30T11:29:38.127+0000] {subprocess.py:86} INFO - Output:
[2023-05-30T11:29:38.152+0000] {subprocess.py:93} INFO - hey, I am task3 and will be running after task1 at the same time as task2!
[2023-05-30T11:29:38.154+0000] {subprocess.py:97} INFO - Command exited with return code 0
[2023-05-30T11:29:38.294+0000] {taskinstance.py:1327} INFO - Marking task as SUCCESS. dag_id=our_first_dag_v5, task_id=thrid_task, execution_date=20211102T000000, start_date=20230530T112936, end_date=20230530T112938
[2023-05-30T11:29:38.437+0000] {local_task_job.py:159} INFO - Task exited with return code 0
[2023-05-30T11:29:38.501+0000] {taskinstance.py:2582} INFO - 0 downstream tasks scheduled from follow-on schedule check
[2023-06-07T06:34:29.752+0000] {taskinstance.py:1087} INFO - Dependencies all met for <TaskInstance: our_first_dag_v5.thrid_task scheduled__2021-11-02T00:00:00+00:00 [queued]>
[2023-06-07T06:34:29.782+0000] {taskinstance.py:1087} INFO - Dependencies all met for <TaskInstance: our_first_dag_v5.thrid_task scheduled__2021-11-02T00:00:00+00:00 [queued]>
[2023-06-07T06:34:29.785+0000] {taskinstance.py:1283} INFO - 
--------------------------------------------------------------------------------
[2023-06-07T06:34:29.787+0000] {taskinstance.py:1284} INFO - Starting attempt 1 of 6
[2023-06-07T06:34:29.789+0000] {taskinstance.py:1285} INFO - 
--------------------------------------------------------------------------------
[2023-06-07T06:34:29.940+0000] {taskinstance.py:1304} INFO - Executing <Task(BashOperator): thrid_task> on 2021-11-02 00:00:00+00:00
[2023-06-07T06:34:29.959+0000] {standard_task_runner.py:55} INFO - Started process 2012 to run task
[2023-06-07T06:34:30.046+0000] {standard_task_runner.py:82} INFO - Running: ['***', 'tasks', 'run', 'our_first_dag_v5', 'thrid_task', 'scheduled__2021-11-02T00:00:00+00:00', '--job-id', '1586', '--raw', '--subdir', 'DAGS_FOLDER/first_Dag.py', '--cfg-path', '/tmp/tmpy5tw3jyd']
[2023-06-07T06:34:30.049+0000] {standard_task_runner.py:83} INFO - Job 1586: Subtask thrid_task
[2023-06-07T06:34:30.754+0000] {task_command.py:389} INFO - Running <TaskInstance: our_first_dag_v5.thrid_task scheduled__2021-11-02T00:00:00+00:00 [running]> on host 026ed797f3b3
[2023-06-07T06:34:31.540+0000] {taskinstance.py:1513} INFO - Exporting the following env vars:
AIRFLOW_CTX_DAG_OWNER=coder2j
AIRFLOW_CTX_DAG_ID=our_first_dag_v5
AIRFLOW_CTX_TASK_ID=thrid_task
AIRFLOW_CTX_EXECUTION_DATE=2021-11-02T00:00:00+00:00
AIRFLOW_CTX_TRY_NUMBER=1
AIRFLOW_CTX_DAG_RUN_ID=scheduled__2021-11-02T00:00:00+00:00
[2023-06-07T06:34:31.549+0000] {subprocess.py:63} INFO - Tmp dir root location: 
 /tmp
[2023-06-07T06:34:31.554+0000] {subprocess.py:75} INFO - Running command: ['/bin/bash', '-c', 'echo hey, I am task3 and will be running after task1 at the same time as task2!']
[2023-06-07T06:34:31.719+0000] {subprocess.py:86} INFO - Output:
[2023-06-07T06:34:31.753+0000] {subprocess.py:93} INFO - hey, I am task3 and will be running after task1 at the same time as task2!
[2023-06-07T06:34:31.761+0000] {subprocess.py:97} INFO - Command exited with return code 0
[2023-06-07T06:34:31.982+0000] {taskinstance.py:1327} INFO - Marking task as SUCCESS. dag_id=our_first_dag_v5, task_id=thrid_task, execution_date=20211102T000000, start_date=20230607T063429, end_date=20230607T063431
[2023-06-07T06:34:32.214+0000] {local_task_job.py:159} INFO - Task exited with return code 0
[2023-06-07T06:34:32.393+0000] {taskinstance.py:2582} INFO - 0 downstream tasks scheduled from follow-on schedule check
