[2023-05-30T12:33:19.662+0000] {taskinstance.py:1087} INFO - Dependencies all met for <TaskInstance: our_dag_with_python_operator_v07.get_name scheduled__2022-04-03T00:00:00+00:00 [queued]>
[2023-05-30T12:33:19.722+0000] {taskinstance.py:1087} INFO - Dependencies all met for <TaskInstance: our_dag_with_python_operator_v07.get_name scheduled__2022-04-03T00:00:00+00:00 [queued]>
[2023-05-30T12:33:19.725+0000] {taskinstance.py:1283} INFO - 
--------------------------------------------------------------------------------
[2023-05-30T12:33:19.727+0000] {taskinstance.py:1284} INFO - Starting attempt 1 of 6
[2023-05-30T12:33:19.728+0000] {taskinstance.py:1285} INFO - 
--------------------------------------------------------------------------------
[2023-05-30T12:33:19.815+0000] {taskinstance.py:1304} INFO - Executing <Task(PythonOperator): get_name> on 2022-04-03 00:00:00+00:00
[2023-05-30T12:33:19.827+0000] {standard_task_runner.py:55} INFO - Started process 10419 to run task
[2023-05-30T12:33:19.842+0000] {standard_task_runner.py:82} INFO - Running: ['***', 'tasks', 'run', 'our_dag_with_python_operator_v07', 'get_name', 'scheduled__2022-04-03T00:00:00+00:00', '--job-id', '1653', '--raw', '--subdir', 'DAGS_FOLDER/dag_python_opr.py', '--cfg-path', '/tmp/tmp7vy4vfw0']
[2023-05-30T12:33:19.854+0000] {standard_task_runner.py:83} INFO - Job 1653: Subtask get_name
[2023-05-30T12:33:20.149+0000] {task_command.py:389} INFO - Running <TaskInstance: our_dag_with_python_operator_v07.get_name scheduled__2022-04-03T00:00:00+00:00 [running]> on host 49219f98c96e
[2023-05-30T12:33:20.426+0000] {taskinstance.py:1513} INFO - Exporting the following env vars:
AIRFLOW_CTX_DAG_OWNER=coder2j
AIRFLOW_CTX_DAG_ID=our_dag_with_python_operator_v07
AIRFLOW_CTX_TASK_ID=get_name
AIRFLOW_CTX_EXECUTION_DATE=2022-04-03T00:00:00+00:00
AIRFLOW_CTX_TRY_NUMBER=1
AIRFLOW_CTX_DAG_RUN_ID=scheduled__2022-04-03T00:00:00+00:00
[2023-05-30T12:33:20.482+0000] {python.py:177} INFO - Done. Returned value was: None
[2023-05-30T12:33:20.523+0000] {taskinstance.py:1327} INFO - Marking task as SUCCESS. dag_id=our_dag_with_python_operator_v07, task_id=get_name, execution_date=20220403T000000, start_date=20230530T123319, end_date=20230530T123320
[2023-05-30T12:33:20.599+0000] {local_task_job.py:159} INFO - Task exited with return code 0
[2023-05-30T12:33:20.700+0000] {taskinstance.py:2582} INFO - 0 downstream tasks scheduled from follow-on schedule check
[2023-06-07T06:37:53.211+0000] {taskinstance.py:1087} INFO - Dependencies all met for <TaskInstance: our_dag_with_python_operator_v07.get_name scheduled__2022-04-03T00:00:00+00:00 [queued]>
[2023-06-07T06:37:53.318+0000] {taskinstance.py:1087} INFO - Dependencies all met for <TaskInstance: our_dag_with_python_operator_v07.get_name scheduled__2022-04-03T00:00:00+00:00 [queued]>
[2023-06-07T06:37:53.320+0000] {taskinstance.py:1283} INFO - 
--------------------------------------------------------------------------------
[2023-06-07T06:37:53.326+0000] {taskinstance.py:1284} INFO - Starting attempt 1 of 6
[2023-06-07T06:37:53.331+0000] {taskinstance.py:1285} INFO - 
--------------------------------------------------------------------------------
[2023-06-07T06:37:53.454+0000] {taskinstance.py:1304} INFO - Executing <Task(PythonOperator): get_name> on 2022-04-03 00:00:00+00:00
[2023-06-07T06:37:53.543+0000] {standard_task_runner.py:55} INFO - Started process 3301 to run task
[2023-06-07T06:37:53.568+0000] {standard_task_runner.py:82} INFO - Running: ['***', 'tasks', 'run', 'our_dag_with_python_operator_v07', 'get_name', 'scheduled__2022-04-03T00:00:00+00:00', '--job-id', '2040', '--raw', '--subdir', 'DAGS_FOLDER/dag_python_opr.py', '--cfg-path', '/tmp/tmpkb2yc4od']
[2023-06-07T06:37:53.571+0000] {standard_task_runner.py:83} INFO - Job 2040: Subtask get_name
[2023-06-07T06:37:53.882+0000] {task_command.py:389} INFO - Running <TaskInstance: our_dag_with_python_operator_v07.get_name scheduled__2022-04-03T00:00:00+00:00 [running]> on host 026ed797f3b3
[2023-06-07T06:37:54.378+0000] {taskinstance.py:1513} INFO - Exporting the following env vars:
AIRFLOW_CTX_DAG_OWNER=coder2j
AIRFLOW_CTX_DAG_ID=our_dag_with_python_operator_v07
AIRFLOW_CTX_TASK_ID=get_name
AIRFLOW_CTX_EXECUTION_DATE=2022-04-03T00:00:00+00:00
AIRFLOW_CTX_TRY_NUMBER=1
AIRFLOW_CTX_DAG_RUN_ID=scheduled__2022-04-03T00:00:00+00:00
[2023-06-07T06:37:54.494+0000] {python.py:177} INFO - Done. Returned value was: None
[2023-06-07T06:37:54.566+0000] {taskinstance.py:1327} INFO - Marking task as SUCCESS. dag_id=our_dag_with_python_operator_v07, task_id=get_name, execution_date=20220403T000000, start_date=20230607T063753, end_date=20230607T063754
[2023-06-07T06:37:54.820+0000] {local_task_job.py:159} INFO - Task exited with return code 0
[2023-06-07T06:37:55.001+0000] {taskinstance.py:2582} INFO - 1 downstream tasks scheduled from follow-on schedule check
