[2023-05-30T11:37:10.764+0000] {taskinstance.py:1087} INFO - Dependencies all met for <TaskInstance: our_dag_with_python_operator_v07.get_age scheduled__2021-11-23T00:00:00+00:00 [queued]>
[2023-05-30T11:37:10.799+0000] {taskinstance.py:1087} INFO - Dependencies all met for <TaskInstance: our_dag_with_python_operator_v07.get_age scheduled__2021-11-23T00:00:00+00:00 [queued]>
[2023-05-30T11:37:10.801+0000] {taskinstance.py:1283} INFO - 
--------------------------------------------------------------------------------
[2023-05-30T11:37:10.804+0000] {taskinstance.py:1284} INFO - Starting attempt 1 of 6
[2023-05-30T11:37:10.808+0000] {taskinstance.py:1285} INFO - 
--------------------------------------------------------------------------------
[2023-05-30T11:37:10.870+0000] {taskinstance.py:1304} INFO - Executing <Task(PythonOperator): get_age> on 2021-11-23 00:00:00+00:00
[2023-05-30T11:37:10.893+0000] {standard_task_runner.py:55} INFO - Started process 5827 to run task
[2023-05-30T11:37:10.897+0000] {standard_task_runner.py:82} INFO - Running: ['***', 'tasks', 'run', 'our_dag_with_python_operator_v07', 'get_age', 'scheduled__2021-11-23T00:00:00+00:00', '--job-id', '1261', '--raw', '--subdir', 'DAGS_FOLDER/dag_python_opr.py', '--cfg-path', '/tmp/tmphwgfwjs5']
[2023-05-30T11:37:10.914+0000] {standard_task_runner.py:83} INFO - Job 1261: Subtask get_age
[2023-05-30T11:37:11.187+0000] {task_command.py:389} INFO - Running <TaskInstance: our_dag_with_python_operator_v07.get_age scheduled__2021-11-23T00:00:00+00:00 [running]> on host 49219f98c96e
[2023-05-30T11:37:11.380+0000] {taskinstance.py:1513} INFO - Exporting the following env vars:
AIRFLOW_CTX_DAG_OWNER=coder2j
AIRFLOW_CTX_DAG_ID=our_dag_with_python_operator_v07
AIRFLOW_CTX_TASK_ID=get_age
AIRFLOW_CTX_EXECUTION_DATE=2021-11-23T00:00:00+00:00
AIRFLOW_CTX_TRY_NUMBER=1
AIRFLOW_CTX_DAG_RUN_ID=scheduled__2021-11-23T00:00:00+00:00
[2023-05-30T11:37:11.441+0000] {python.py:177} INFO - Done. Returned value was: None
[2023-05-30T11:37:11.487+0000] {taskinstance.py:1327} INFO - Marking task as SUCCESS. dag_id=our_dag_with_python_operator_v07, task_id=get_age, execution_date=20211123T000000, start_date=20230530T113710, end_date=20230530T113711
[2023-05-30T11:37:11.565+0000] {local_task_job.py:159} INFO - Task exited with return code 0
[2023-05-30T11:37:11.663+0000] {taskinstance.py:2582} INFO - 1 downstream tasks scheduled from follow-on schedule check
[2023-06-07T06:32:28.327+0000] {taskinstance.py:1087} INFO - Dependencies all met for <TaskInstance: our_dag_with_python_operator_v07.get_age scheduled__2021-11-23T00:00:00+00:00 [queued]>
[2023-06-07T06:32:28.455+0000] {taskinstance.py:1087} INFO - Dependencies all met for <TaskInstance: our_dag_with_python_operator_v07.get_age scheduled__2021-11-23T00:00:00+00:00 [queued]>
[2023-06-07T06:32:28.457+0000] {taskinstance.py:1283} INFO - 
--------------------------------------------------------------------------------
[2023-06-07T06:32:28.460+0000] {taskinstance.py:1284} INFO - Starting attempt 1 of 6
[2023-06-07T06:32:28.462+0000] {taskinstance.py:1285} INFO - 
--------------------------------------------------------------------------------
[2023-06-07T06:32:28.578+0000] {taskinstance.py:1304} INFO - Executing <Task(PythonOperator): get_age> on 2021-11-23 00:00:00+00:00
[2023-06-07T06:32:28.588+0000] {standard_task_runner.py:55} INFO - Started process 1137 to run task
[2023-06-07T06:32:28.619+0000] {standard_task_runner.py:82} INFO - Running: ['***', 'tasks', 'run', 'our_dag_with_python_operator_v07', 'get_age', 'scheduled__2021-11-23T00:00:00+00:00', '--job-id', '1261', '--raw', '--subdir', 'DAGS_FOLDER/dag_python_opr.py', '--cfg-path', '/tmp/tmpd6ew8sm9']
[2023-06-07T06:32:28.623+0000] {standard_task_runner.py:83} INFO - Job 1261: Subtask get_age
[2023-06-07T06:32:29.137+0000] {task_command.py:389} INFO - Running <TaskInstance: our_dag_with_python_operator_v07.get_age scheduled__2021-11-23T00:00:00+00:00 [running]> on host 026ed797f3b3
[2023-06-07T06:32:29.726+0000] {taskinstance.py:1513} INFO - Exporting the following env vars:
AIRFLOW_CTX_DAG_OWNER=coder2j
AIRFLOW_CTX_DAG_ID=our_dag_with_python_operator_v07
AIRFLOW_CTX_TASK_ID=get_age
AIRFLOW_CTX_EXECUTION_DATE=2021-11-23T00:00:00+00:00
AIRFLOW_CTX_TRY_NUMBER=1
AIRFLOW_CTX_DAG_RUN_ID=scheduled__2021-11-23T00:00:00+00:00
[2023-06-07T06:32:29.807+0000] {python.py:177} INFO - Done. Returned value was: None
[2023-06-07T06:32:29.873+0000] {taskinstance.py:1327} INFO - Marking task as SUCCESS. dag_id=our_dag_with_python_operator_v07, task_id=get_age, execution_date=20211123T000000, start_date=20230607T063228, end_date=20230607T063229
[2023-06-07T06:32:30.095+0000] {local_task_job.py:159} INFO - Task exited with return code 0
[2023-06-07T06:32:30.580+0000] {taskinstance.py:2582} INFO - 0 downstream tasks scheduled from follow-on schedule check
