[2023-05-30T11:28:45.807+0000] {taskinstance.py:1087} INFO - Dependencies all met for <TaskInstance: our_first_dag_v5.first_task scheduled__2021-09-15T00:00:00+00:00 [queued]>
[2023-05-30T11:28:45.846+0000] {taskinstance.py:1087} INFO - Dependencies all met for <TaskInstance: our_first_dag_v5.first_task scheduled__2021-09-15T00:00:00+00:00 [queued]>
[2023-05-30T11:28:45.855+0000] {taskinstance.py:1283} INFO - 
--------------------------------------------------------------------------------
[2023-05-30T11:28:45.875+0000] {taskinstance.py:1284} INFO - Starting attempt 1 of 6
[2023-05-30T11:28:45.877+0000] {taskinstance.py:1285} INFO - 
--------------------------------------------------------------------------------
[2023-05-30T11:28:45.906+0000] {taskinstance.py:1304} INFO - Executing <Task(BashOperator): first_task> on 2021-09-15 00:00:00+00:00
[2023-05-30T11:28:45.917+0000] {standard_task_runner.py:55} INFO - Started process 2130 to run task
[2023-05-30T11:28:45.934+0000] {standard_task_runner.py:82} INFO - Running: ['***', 'tasks', 'run', 'our_first_dag_v5', 'first_task', 'scheduled__2021-09-15T00:00:00+00:00', '--job-id', '143', '--raw', '--subdir', 'DAGS_FOLDER/first_Dag.py', '--cfg-path', '/tmp/tmpbekm83wf']
[2023-05-30T11:28:45.936+0000] {standard_task_runner.py:83} INFO - Job 143: Subtask first_task
[2023-05-30T11:28:46.075+0000] {task_command.py:389} INFO - Running <TaskInstance: our_first_dag_v5.first_task scheduled__2021-09-15T00:00:00+00:00 [running]> on host 49219f98c96e
[2023-05-30T11:28:46.222+0000] {taskinstance.py:1513} INFO - Exporting the following env vars:
AIRFLOW_CTX_DAG_OWNER=coder2j
AIRFLOW_CTX_DAG_ID=our_first_dag_v5
AIRFLOW_CTX_TASK_ID=first_task
AIRFLOW_CTX_EXECUTION_DATE=2021-09-15T00:00:00+00:00
AIRFLOW_CTX_TRY_NUMBER=1
AIRFLOW_CTX_DAG_RUN_ID=scheduled__2021-09-15T00:00:00+00:00
[2023-05-30T11:28:46.227+0000] {subprocess.py:63} INFO - Tmp dir root location: 
 /tmp
[2023-05-30T11:28:46.231+0000] {subprocess.py:75} INFO - Running command: ['/bin/bash', '-c', 'echo hello world, this is the first task!']
[2023-05-30T11:28:46.254+0000] {subprocess.py:86} INFO - Output:
[2023-05-30T11:28:46.259+0000] {subprocess.py:93} INFO - hello world, this is the first task!
[2023-05-30T11:28:46.262+0000] {subprocess.py:97} INFO - Command exited with return code 0
[2023-05-30T11:28:46.316+0000] {taskinstance.py:1327} INFO - Marking task as SUCCESS. dag_id=our_first_dag_v5, task_id=first_task, execution_date=20210915T000000, start_date=20230530T112845, end_date=20230530T112846
[2023-05-30T11:28:46.396+0000] {local_task_job.py:159} INFO - Task exited with return code 0
[2023-05-30T11:28:46.449+0000] {taskinstance.py:2582} INFO - 2 downstream tasks scheduled from follow-on schedule check
[2023-06-07T06:32:34.358+0000] {taskinstance.py:1087} INFO - Dependencies all met for <TaskInstance: our_first_dag_v5.first_task scheduled__2021-09-15T00:00:00+00:00 [queued]>
[2023-06-07T06:32:34.513+0000] {taskinstance.py:1087} INFO - Dependencies all met for <TaskInstance: our_first_dag_v5.first_task scheduled__2021-09-15T00:00:00+00:00 [queued]>
[2023-06-07T06:32:34.518+0000] {taskinstance.py:1283} INFO - 
--------------------------------------------------------------------------------
[2023-06-07T06:32:34.523+0000] {taskinstance.py:1284} INFO - Starting attempt 1 of 6
[2023-06-07T06:32:34.527+0000] {taskinstance.py:1285} INFO - 
--------------------------------------------------------------------------------
[2023-06-07T06:32:34.709+0000] {taskinstance.py:1304} INFO - Executing <Task(BashOperator): first_task> on 2021-09-15 00:00:00+00:00
[2023-06-07T06:32:34.850+0000] {standard_task_runner.py:55} INFO - Started process 1168 to run task
[2023-06-07T06:32:34.874+0000] {standard_task_runner.py:82} INFO - Running: ['***', 'tasks', 'run', 'our_first_dag_v5', 'first_task', 'scheduled__2021-09-15T00:00:00+00:00', '--job-id', '1277', '--raw', '--subdir', 'DAGS_FOLDER/first_Dag.py', '--cfg-path', '/tmp/tmpp5ztzb2p']
[2023-06-07T06:32:34.878+0000] {standard_task_runner.py:83} INFO - Job 1277: Subtask first_task
[2023-06-07T06:32:35.288+0000] {task_command.py:389} INFO - Running <TaskInstance: our_first_dag_v5.first_task scheduled__2021-09-15T00:00:00+00:00 [running]> on host 026ed797f3b3
[2023-06-07T06:32:35.913+0000] {taskinstance.py:1513} INFO - Exporting the following env vars:
AIRFLOW_CTX_DAG_OWNER=coder2j
AIRFLOW_CTX_DAG_ID=our_first_dag_v5
AIRFLOW_CTX_TASK_ID=first_task
AIRFLOW_CTX_EXECUTION_DATE=2021-09-15T00:00:00+00:00
AIRFLOW_CTX_TRY_NUMBER=1
AIRFLOW_CTX_DAG_RUN_ID=scheduled__2021-09-15T00:00:00+00:00
[2023-06-07T06:32:35.922+0000] {subprocess.py:63} INFO - Tmp dir root location: 
 /tmp
[2023-06-07T06:32:35.929+0000] {subprocess.py:75} INFO - Running command: ['/bin/bash', '-c', 'echo hello world, this is the first task!']
[2023-06-07T06:32:36.074+0000] {subprocess.py:86} INFO - Output:
[2023-06-07T06:32:36.097+0000] {subprocess.py:93} INFO - hello world, this is the first task!
[2023-06-07T06:32:36.103+0000] {subprocess.py:97} INFO - Command exited with return code 0
[2023-06-07T06:32:36.260+0000] {taskinstance.py:1327} INFO - Marking task as SUCCESS. dag_id=our_first_dag_v5, task_id=first_task, execution_date=20210915T000000, start_date=20230607T063234, end_date=20230607T063236
[2023-06-07T06:32:36.439+0000] {local_task_job.py:159} INFO - Task exited with return code 0
[2023-06-07T06:32:36.541+0000] {taskinstance.py:2582} INFO - 2 downstream tasks scheduled from follow-on schedule check
