[2023-05-30T12:33:26.338+0000] {taskinstance.py:1087} INFO - Dependencies all met for <TaskInstance: our_dag_with_python_operator_v07.get_age scheduled__2022-04-09T00:00:00+00:00 [queued]>
[2023-05-30T12:33:26.372+0000] {taskinstance.py:1087} INFO - Dependencies all met for <TaskInstance: our_dag_with_python_operator_v07.get_age scheduled__2022-04-09T00:00:00+00:00 [queued]>
[2023-05-30T12:33:26.374+0000] {taskinstance.py:1283} INFO - 
--------------------------------------------------------------------------------
[2023-05-30T12:33:26.376+0000] {taskinstance.py:1284} INFO - Starting attempt 1 of 6
[2023-05-30T12:33:26.389+0000] {taskinstance.py:1285} INFO - 
--------------------------------------------------------------------------------
[2023-05-30T12:33:26.434+0000] {taskinstance.py:1304} INFO - Executing <Task(PythonOperator): get_age> on 2022-04-09 00:00:00+00:00
[2023-05-30T12:33:26.450+0000] {standard_task_runner.py:55} INFO - Started process 10466 to run task
[2023-05-30T12:33:26.478+0000] {standard_task_runner.py:82} INFO - Running: ['***', 'tasks', 'run', 'our_dag_with_python_operator_v07', 'get_age', 'scheduled__2022-04-09T00:00:00+00:00', '--job-id', '1674', '--raw', '--subdir', 'DAGS_FOLDER/dag_python_opr.py', '--cfg-path', '/tmp/tmprhutv8ex']
[2023-05-30T12:33:26.485+0000] {standard_task_runner.py:83} INFO - Job 1674: Subtask get_age
[2023-05-30T12:33:26.695+0000] {task_command.py:389} INFO - Running <TaskInstance: our_dag_with_python_operator_v07.get_age scheduled__2022-04-09T00:00:00+00:00 [running]> on host 49219f98c96e
[2023-05-30T12:33:26.944+0000] {taskinstance.py:1513} INFO - Exporting the following env vars:
AIRFLOW_CTX_DAG_OWNER=coder2j
AIRFLOW_CTX_DAG_ID=our_dag_with_python_operator_v07
AIRFLOW_CTX_TASK_ID=get_age
AIRFLOW_CTX_EXECUTION_DATE=2022-04-09T00:00:00+00:00
AIRFLOW_CTX_TRY_NUMBER=1
AIRFLOW_CTX_DAG_RUN_ID=scheduled__2022-04-09T00:00:00+00:00
[2023-05-30T12:33:26.987+0000] {python.py:177} INFO - Done. Returned value was: None
[2023-05-30T12:33:27.026+0000] {taskinstance.py:1327} INFO - Marking task as SUCCESS. dag_id=our_dag_with_python_operator_v07, task_id=get_age, execution_date=20220409T000000, start_date=20230530T123326, end_date=20230530T123327
[2023-05-30T12:33:27.133+0000] {local_task_job.py:159} INFO - Task exited with return code 0
[2023-05-30T12:33:27.238+0000] {taskinstance.py:2582} INFO - 1 downstream tasks scheduled from follow-on schedule check
[2023-06-07T06:38:00.415+0000] {taskinstance.py:1087} INFO - Dependencies all met for <TaskInstance: our_dag_with_python_operator_v07.get_age scheduled__2022-04-09T00:00:00+00:00 [queued]>
[2023-06-07T06:38:00.464+0000] {taskinstance.py:1087} INFO - Dependencies all met for <TaskInstance: our_dag_with_python_operator_v07.get_age scheduled__2022-04-09T00:00:00+00:00 [queued]>
[2023-06-07T06:38:00.466+0000] {taskinstance.py:1283} INFO - 
--------------------------------------------------------------------------------
[2023-06-07T06:38:00.467+0000] {taskinstance.py:1284} INFO - Starting attempt 1 of 6
[2023-06-07T06:38:00.471+0000] {taskinstance.py:1285} INFO - 
--------------------------------------------------------------------------------
[2023-06-07T06:38:00.572+0000] {taskinstance.py:1304} INFO - Executing <Task(PythonOperator): get_age> on 2022-04-09 00:00:00+00:00
[2023-06-07T06:38:00.584+0000] {standard_task_runner.py:55} INFO - Started process 3353 to run task
[2023-06-07T06:38:00.618+0000] {standard_task_runner.py:82} INFO - Running: ['***', 'tasks', 'run', 'our_dag_with_python_operator_v07', 'get_age', 'scheduled__2022-04-09T00:00:00+00:00', '--job-id', '2064', '--raw', '--subdir', 'DAGS_FOLDER/dag_python_opr.py', '--cfg-path', '/tmp/tmpreo_zr4j']
[2023-06-07T06:38:00.630+0000] {standard_task_runner.py:83} INFO - Job 2064: Subtask get_age
[2023-06-07T06:38:01.301+0000] {task_command.py:389} INFO - Running <TaskInstance: our_dag_with_python_operator_v07.get_age scheduled__2022-04-09T00:00:00+00:00 [running]> on host 026ed797f3b3
[2023-06-07T06:38:01.808+0000] {taskinstance.py:1513} INFO - Exporting the following env vars:
AIRFLOW_CTX_DAG_OWNER=coder2j
AIRFLOW_CTX_DAG_ID=our_dag_with_python_operator_v07
AIRFLOW_CTX_TASK_ID=get_age
AIRFLOW_CTX_EXECUTION_DATE=2022-04-09T00:00:00+00:00
AIRFLOW_CTX_TRY_NUMBER=1
AIRFLOW_CTX_DAG_RUN_ID=scheduled__2022-04-09T00:00:00+00:00
[2023-06-07T06:38:01.928+0000] {python.py:177} INFO - Done. Returned value was: None
[2023-06-07T06:38:02.004+0000] {taskinstance.py:1327} INFO - Marking task as SUCCESS. dag_id=our_dag_with_python_operator_v07, task_id=get_age, execution_date=20220409T000000, start_date=20230607T063800, end_date=20230607T063802
[2023-06-07T06:38:02.193+0000] {local_task_job.py:159} INFO - Task exited with return code 0
[2023-06-07T06:38:02.332+0000] {taskinstance.py:2582} INFO - 0 downstream tasks scheduled from follow-on schedule check
