[2023-05-30T12:32:41.863+0000] {taskinstance.py:1087} INFO - Dependencies all met for <TaskInstance: our_dag_with_python_operator_v07.get_age scheduled__2022-03-02T00:00:00+00:00 [queued]>
[2023-05-30T12:32:41.939+0000] {taskinstance.py:1087} INFO - Dependencies all met for <TaskInstance: our_dag_with_python_operator_v07.get_age scheduled__2022-03-02T00:00:00+00:00 [queued]>
[2023-05-30T12:32:41.940+0000] {taskinstance.py:1283} INFO - 
--------------------------------------------------------------------------------
[2023-05-30T12:32:41.941+0000] {taskinstance.py:1284} INFO - Starting attempt 1 of 6
[2023-05-30T12:32:41.943+0000] {taskinstance.py:1285} INFO - 
--------------------------------------------------------------------------------
[2023-05-30T12:32:42.077+0000] {taskinstance.py:1304} INFO - Executing <Task(PythonOperator): get_age> on 2022-03-02 00:00:00+00:00
[2023-05-30T12:32:42.106+0000] {standard_task_runner.py:55} INFO - Started process 10186 to run task
[2023-05-30T12:32:42.133+0000] {standard_task_runner.py:82} INFO - Running: ['***', 'tasks', 'run', 'our_dag_with_python_operator_v07', 'get_age', 'scheduled__2022-03-02T00:00:00+00:00', '--job-id', '1557', '--raw', '--subdir', 'DAGS_FOLDER/dag_python_opr.py', '--cfg-path', '/tmp/tmpf9oft40q']
[2023-05-30T12:32:42.137+0000] {standard_task_runner.py:83} INFO - Job 1557: Subtask get_age
[2023-05-30T12:32:42.507+0000] {task_command.py:389} INFO - Running <TaskInstance: our_dag_with_python_operator_v07.get_age scheduled__2022-03-02T00:00:00+00:00 [running]> on host 49219f98c96e
[2023-05-30T12:32:42.867+0000] {taskinstance.py:1513} INFO - Exporting the following env vars:
AIRFLOW_CTX_DAG_OWNER=coder2j
AIRFLOW_CTX_DAG_ID=our_dag_with_python_operator_v07
AIRFLOW_CTX_TASK_ID=get_age
AIRFLOW_CTX_EXECUTION_DATE=2022-03-02T00:00:00+00:00
AIRFLOW_CTX_TRY_NUMBER=1
AIRFLOW_CTX_DAG_RUN_ID=scheduled__2022-03-02T00:00:00+00:00
[2023-05-30T12:32:42.965+0000] {python.py:177} INFO - Done. Returned value was: None
[2023-05-30T12:32:43.070+0000] {taskinstance.py:1327} INFO - Marking task as SUCCESS. dag_id=our_dag_with_python_operator_v07, task_id=get_age, execution_date=20220302T000000, start_date=20230530T123241, end_date=20230530T123243
[2023-05-30T12:32:43.221+0000] {local_task_job.py:159} INFO - Task exited with return code 0
[2023-05-30T12:32:43.279+0000] {taskinstance.py:2582} INFO - 1 downstream tasks scheduled from follow-on schedule check
[2023-06-07T06:36:24.832+0000] {taskinstance.py:1087} INFO - Dependencies all met for <TaskInstance: our_dag_with_python_operator_v07.get_age scheduled__2022-03-02T00:00:00+00:00 [queued]>
[2023-06-07T06:36:25.034+0000] {taskinstance.py:1087} INFO - Dependencies all met for <TaskInstance: our_dag_with_python_operator_v07.get_age scheduled__2022-03-02T00:00:00+00:00 [queued]>
[2023-06-07T06:36:25.038+0000] {taskinstance.py:1283} INFO - 
--------------------------------------------------------------------------------
[2023-06-07T06:36:25.044+0000] {taskinstance.py:1284} INFO - Starting attempt 1 of 6
[2023-06-07T06:36:25.048+0000] {taskinstance.py:1285} INFO - 
--------------------------------------------------------------------------------
[2023-06-07T06:36:26.068+0000] {taskinstance.py:1304} INFO - Executing <Task(PythonOperator): get_age> on 2022-03-02 00:00:00+00:00
[2023-06-07T06:36:26.295+0000] {standard_task_runner.py:82} INFO - Running: ['***', 'tasks', 'run', 'our_dag_with_python_operator_v07', 'get_age', 'scheduled__2022-03-02T00:00:00+00:00', '--job-id', '1842', '--raw', '--subdir', 'DAGS_FOLDER/dag_python_opr.py', '--cfg-path', '/tmp/tmpimfo7q35']
[2023-06-07T06:36:26.306+0000] {standard_task_runner.py:83} INFO - Job 1842: Subtask get_age
[2023-06-07T06:36:26.302+0000] {standard_task_runner.py:55} INFO - Started process 2730 to run task
[2023-06-07T06:36:27.353+0000] {task_command.py:389} INFO - Running <TaskInstance: our_dag_with_python_operator_v07.get_age scheduled__2022-03-02T00:00:00+00:00 [running]> on host 026ed797f3b3
[2023-06-07T06:36:29.694+0000] {taskinstance.py:1513} INFO - Exporting the following env vars:
AIRFLOW_CTX_DAG_OWNER=coder2j
AIRFLOW_CTX_DAG_ID=our_dag_with_python_operator_v07
AIRFLOW_CTX_TASK_ID=get_age
AIRFLOW_CTX_EXECUTION_DATE=2022-03-02T00:00:00+00:00
AIRFLOW_CTX_TRY_NUMBER=1
AIRFLOW_CTX_DAG_RUN_ID=scheduled__2022-03-02T00:00:00+00:00
[2023-06-07T06:36:29.944+0000] {python.py:177} INFO - Done. Returned value was: None
[2023-06-07T06:36:30.051+0000] {taskinstance.py:1327} INFO - Marking task as SUCCESS. dag_id=our_dag_with_python_operator_v07, task_id=get_age, execution_date=20220302T000000, start_date=20230607T063624, end_date=20230607T063630
[2023-06-07T06:36:30.711+0000] {local_task_job.py:159} INFO - Task exited with return code 0
[2023-06-07T06:36:30.985+0000] {taskinstance.py:2582} INFO - 0 downstream tasks scheduled from follow-on schedule check
