[2023-05-30T12:31:40.772+0000] {taskinstance.py:1087} INFO - Dependencies all met for <TaskInstance: our_dag_with_python_operator_v07.get_age scheduled__2022-01-09T00:00:00+00:00 [queued]>
[2023-05-30T12:31:40.869+0000] {taskinstance.py:1087} INFO - Dependencies all met for <TaskInstance: our_dag_with_python_operator_v07.get_age scheduled__2022-01-09T00:00:00+00:00 [queued]>
[2023-05-30T12:31:40.871+0000] {taskinstance.py:1283} INFO - 
--------------------------------------------------------------------------------
[2023-05-30T12:31:40.874+0000] {taskinstance.py:1284} INFO - Starting attempt 1 of 6
[2023-05-30T12:31:40.876+0000] {taskinstance.py:1285} INFO - 
--------------------------------------------------------------------------------
[2023-05-30T12:31:41.032+0000] {taskinstance.py:1304} INFO - Executing <Task(PythonOperator): get_age> on 2022-01-09 00:00:00+00:00
[2023-05-30T12:31:41.085+0000] {standard_task_runner.py:55} INFO - Started process 9823 to run task
[2023-05-30T12:31:41.127+0000] {standard_task_runner.py:82} INFO - Running: ['***', 'tasks', 'run', 'our_dag_with_python_operator_v07', 'get_age', 'scheduled__2022-01-09T00:00:00+00:00', '--job-id', '1404', '--raw', '--subdir', 'DAGS_FOLDER/dag_python_opr.py', '--cfg-path', '/tmp/tmpsflplzhx']
[2023-05-30T12:31:41.138+0000] {standard_task_runner.py:83} INFO - Job 1404: Subtask get_age
[2023-05-30T12:31:41.770+0000] {task_command.py:389} INFO - Running <TaskInstance: our_dag_with_python_operator_v07.get_age scheduled__2022-01-09T00:00:00+00:00 [running]> on host 49219f98c96e
[2023-05-30T12:31:42.452+0000] {taskinstance.py:1513} INFO - Exporting the following env vars:
AIRFLOW_CTX_DAG_OWNER=coder2j
AIRFLOW_CTX_DAG_ID=our_dag_with_python_operator_v07
AIRFLOW_CTX_TASK_ID=get_age
AIRFLOW_CTX_EXECUTION_DATE=2022-01-09T00:00:00+00:00
AIRFLOW_CTX_TRY_NUMBER=1
AIRFLOW_CTX_DAG_RUN_ID=scheduled__2022-01-09T00:00:00+00:00
[2023-05-30T12:31:42.545+0000] {python.py:177} INFO - Done. Returned value was: None
[2023-05-30T12:31:42.601+0000] {taskinstance.py:1327} INFO - Marking task as SUCCESS. dag_id=our_dag_with_python_operator_v07, task_id=get_age, execution_date=20220109T000000, start_date=20230530T123140, end_date=20230530T123142
[2023-05-30T12:31:42.806+0000] {local_task_job.py:159} INFO - Task exited with return code 0
[2023-05-30T12:31:42.979+0000] {taskinstance.py:2582} INFO - 1 downstream tasks scheduled from follow-on schedule check
