[2023-05-30T11:37:52.434+0000] {taskinstance.py:1087} INFO - Dependencies all met for <TaskInstance: our_dag_with_python_operator_v07.get_age scheduled__2022-01-04T00:00:00+00:00 [queued]>
[2023-05-30T11:37:52.473+0000] {taskinstance.py:1087} INFO - Dependencies all met for <TaskInstance: our_dag_with_python_operator_v07.get_age scheduled__2022-01-04T00:00:00+00:00 [queued]>
[2023-05-30T11:37:52.476+0000] {taskinstance.py:1283} INFO - 
--------------------------------------------------------------------------------
[2023-05-30T11:37:52.477+0000] {taskinstance.py:1284} INFO - Starting attempt 1 of 6
[2023-05-30T11:37:52.479+0000] {taskinstance.py:1285} INFO - 
--------------------------------------------------------------------------------
[2023-05-30T11:37:52.582+0000] {taskinstance.py:1304} INFO - Executing <Task(PythonOperator): get_age> on 2022-01-04 00:00:00+00:00
[2023-05-30T11:37:52.593+0000] {standard_task_runner.py:55} INFO - Started process 6117 to run task
[2023-05-30T11:37:52.620+0000] {standard_task_runner.py:82} INFO - Running: ['***', 'tasks', 'run', 'our_dag_with_python_operator_v07', 'get_age', 'scheduled__2022-01-04T00:00:00+00:00', '--job-id', '1384', '--raw', '--subdir', 'DAGS_FOLDER/dag_python_opr.py', '--cfg-path', '/tmp/tmpfj3ir261']
[2023-05-30T11:37:52.623+0000] {standard_task_runner.py:83} INFO - Job 1384: Subtask get_age
[2023-05-30T11:37:52.864+0000] {task_command.py:389} INFO - Running <TaskInstance: our_dag_with_python_operator_v07.get_age scheduled__2022-01-04T00:00:00+00:00 [running]> on host 49219f98c96e
[2023-05-30T11:37:53.136+0000] {taskinstance.py:1513} INFO - Exporting the following env vars:
AIRFLOW_CTX_DAG_OWNER=coder2j
AIRFLOW_CTX_DAG_ID=our_dag_with_python_operator_v07
AIRFLOW_CTX_TASK_ID=get_age
AIRFLOW_CTX_EXECUTION_DATE=2022-01-04T00:00:00+00:00
AIRFLOW_CTX_TRY_NUMBER=1
AIRFLOW_CTX_DAG_RUN_ID=scheduled__2022-01-04T00:00:00+00:00
[2023-05-30T11:37:53.202+0000] {python.py:177} INFO - Done. Returned value was: None
[2023-05-30T11:37:53.246+0000] {taskinstance.py:1327} INFO - Marking task as SUCCESS. dag_id=our_dag_with_python_operator_v07, task_id=get_age, execution_date=20220104T000000, start_date=20230530T113752, end_date=20230530T113753
[2023-05-30T11:37:53.322+0000] {local_task_job.py:159} INFO - Task exited with return code 0
[2023-05-30T11:37:53.387+0000] {taskinstance.py:2582} INFO - 1 downstream tasks scheduled from follow-on schedule check
[2023-06-07T06:33:58.005+0000] {taskinstance.py:1087} INFO - Dependencies all met for <TaskInstance: our_dag_with_python_operator_v07.get_age scheduled__2022-01-04T00:00:00+00:00 [queued]>
[2023-06-07T06:33:58.102+0000] {taskinstance.py:1087} INFO - Dependencies all met for <TaskInstance: our_dag_with_python_operator_v07.get_age scheduled__2022-01-04T00:00:00+00:00 [queued]>
[2023-06-07T06:33:58.106+0000] {taskinstance.py:1283} INFO - 
--------------------------------------------------------------------------------
[2023-06-07T06:33:58.108+0000] {taskinstance.py:1284} INFO - Starting attempt 1 of 6
[2023-06-07T06:33:58.115+0000] {taskinstance.py:1285} INFO - 
--------------------------------------------------------------------------------
[2023-06-07T06:33:58.210+0000] {taskinstance.py:1304} INFO - Executing <Task(PythonOperator): get_age> on 2022-01-04 00:00:00+00:00
[2023-06-07T06:33:58.236+0000] {standard_task_runner.py:55} INFO - Started process 1812 to run task
[2023-06-07T06:33:58.324+0000] {standard_task_runner.py:82} INFO - Running: ['***', 'tasks', 'run', 'our_dag_with_python_operator_v07', 'get_age', 'scheduled__2022-01-04T00:00:00+00:00', '--job-id', '1509', '--raw', '--subdir', 'DAGS_FOLDER/dag_python_opr.py', '--cfg-path', '/tmp/tmpd242gs13']
[2023-06-07T06:33:58.326+0000] {standard_task_runner.py:83} INFO - Job 1509: Subtask get_age
[2023-06-07T06:33:58.776+0000] {task_command.py:389} INFO - Running <TaskInstance: our_dag_with_python_operator_v07.get_age scheduled__2022-01-04T00:00:00+00:00 [running]> on host 026ed797f3b3
[2023-06-07T06:33:59.577+0000] {taskinstance.py:1513} INFO - Exporting the following env vars:
AIRFLOW_CTX_DAG_OWNER=coder2j
AIRFLOW_CTX_DAG_ID=our_dag_with_python_operator_v07
AIRFLOW_CTX_TASK_ID=get_age
AIRFLOW_CTX_EXECUTION_DATE=2022-01-04T00:00:00+00:00
AIRFLOW_CTX_TRY_NUMBER=1
AIRFLOW_CTX_DAG_RUN_ID=scheduled__2022-01-04T00:00:00+00:00
[2023-06-07T06:33:59.690+0000] {python.py:177} INFO - Done. Returned value was: None
[2023-06-07T06:33:59.762+0000] {taskinstance.py:1327} INFO - Marking task as SUCCESS. dag_id=our_dag_with_python_operator_v07, task_id=get_age, execution_date=20220104T000000, start_date=20230607T063358, end_date=20230607T063359
[2023-06-07T06:34:00.015+0000] {local_task_job.py:159} INFO - Task exited with return code 0
[2023-06-07T06:34:00.313+0000] {taskinstance.py:2582} INFO - 0 downstream tasks scheduled from follow-on schedule check
