[2023-05-30T12:38:36.860+0000] {taskinstance.py:1087} INFO - Dependencies all met for <TaskInstance: our_dag_with_python_operator_v07.greet scheduled__2023-01-19T00:00:00+00:00 [queued]>
[2023-05-30T12:38:36.924+0000] {taskinstance.py:1087} INFO - Dependencies all met for <TaskInstance: our_dag_with_python_operator_v07.greet scheduled__2023-01-19T00:00:00+00:00 [queued]>
[2023-05-30T12:38:36.926+0000] {taskinstance.py:1283} INFO - 
--------------------------------------------------------------------------------
[2023-05-30T12:38:36.928+0000] {taskinstance.py:1284} INFO - Starting attempt 1 of 6
[2023-05-30T12:38:36.929+0000] {taskinstance.py:1285} INFO - 
--------------------------------------------------------------------------------
[2023-05-30T12:38:37.007+0000] {taskinstance.py:1304} INFO - Executing <Task(PythonOperator): greet> on 2023-01-19 00:00:00+00:00
[2023-05-30T12:38:37.034+0000] {standard_task_runner.py:55} INFO - Started process 12479 to run task
[2023-05-30T12:38:37.057+0000] {standard_task_runner.py:82} INFO - Running: ['***', 'tasks', 'run', 'our_dag_with_python_operator_v07', 'greet', 'scheduled__2023-01-19T00:00:00+00:00', '--job-id', '2538', '--raw', '--subdir', 'DAGS_FOLDER/dag_python_opr.py', '--cfg-path', '/tmp/tmpsqe_ggu9']
[2023-05-30T12:38:37.071+0000] {standard_task_runner.py:83} INFO - Job 2538: Subtask greet
[2023-05-30T12:38:37.342+0000] {task_command.py:389} INFO - Running <TaskInstance: our_dag_with_python_operator_v07.greet scheduled__2023-01-19T00:00:00+00:00 [running]> on host 49219f98c96e
[2023-05-30T12:38:37.909+0000] {taskinstance.py:1513} INFO - Exporting the following env vars:
AIRFLOW_CTX_DAG_OWNER=coder2j
AIRFLOW_CTX_DAG_ID=our_dag_with_python_operator_v07
AIRFLOW_CTX_TASK_ID=greet
AIRFLOW_CTX_EXECUTION_DATE=2023-01-19T00:00:00+00:00
AIRFLOW_CTX_TRY_NUMBER=1
AIRFLOW_CTX_DAG_RUN_ID=scheduled__2023-01-19T00:00:00+00:00
[2023-05-30T12:38:37.913+0000] {logging_mixin.py:137} INFO - some dict:  {'a': 1, 'b': 2}
[2023-05-30T12:38:38.047+0000] {logging_mixin.py:137} INFO - Hello World! My name is Jerry Fridman, and I am 19 years old!
[2023-05-30T12:38:38.053+0000] {python.py:177} INFO - Done. Returned value was: None
[2023-05-30T12:38:38.095+0000] {taskinstance.py:1327} INFO - Marking task as SUCCESS. dag_id=our_dag_with_python_operator_v07, task_id=greet, execution_date=20230119T000000, start_date=20230530T123836, end_date=20230530T123838
[2023-05-30T12:38:38.208+0000] {local_task_job.py:159} INFO - Task exited with return code 0
[2023-05-30T12:38:38.280+0000] {taskinstance.py:2582} INFO - 0 downstream tasks scheduled from follow-on schedule check
