[2023-05-30T11:31:50.600+0000] {taskinstance.py:1087} INFO - Dependencies all met for <TaskInstance: our_first_dag_v5.thrid_task scheduled__2022-03-03T00:00:00+00:00 [queued]>
[2023-05-30T11:31:50.642+0000] {taskinstance.py:1087} INFO - Dependencies all met for <TaskInstance: our_first_dag_v5.thrid_task scheduled__2022-03-03T00:00:00+00:00 [queued]>
[2023-05-30T11:31:50.650+0000] {taskinstance.py:1283} INFO - 
--------------------------------------------------------------------------------
[2023-05-30T11:31:50.662+0000] {taskinstance.py:1284} INFO - Starting attempt 1 of 6
[2023-05-30T11:31:50.664+0000] {taskinstance.py:1285} INFO - 
--------------------------------------------------------------------------------
[2023-05-30T11:31:50.758+0000] {taskinstance.py:1304} INFO - Executing <Task(BashOperator): thrid_task> on 2022-03-03 00:00:00+00:00
[2023-05-30T11:31:50.770+0000] {standard_task_runner.py:55} INFO - Started process 3843 to run task
[2023-05-30T11:31:50.786+0000] {standard_task_runner.py:82} INFO - Running: ['***', 'tasks', 'run', 'our_first_dag_v5', 'thrid_task', 'scheduled__2022-03-03T00:00:00+00:00', '--job-id', '659', '--raw', '--subdir', 'DAGS_FOLDER/first_Dag.py', '--cfg-path', '/tmp/tmp0yroem66']
[2023-05-30T11:31:50.789+0000] {standard_task_runner.py:83} INFO - Job 659: Subtask thrid_task
[2023-05-30T11:31:50.991+0000] {task_command.py:389} INFO - Running <TaskInstance: our_first_dag_v5.thrid_task scheduled__2022-03-03T00:00:00+00:00 [running]> on host 49219f98c96e
[2023-05-30T11:31:51.238+0000] {taskinstance.py:1513} INFO - Exporting the following env vars:
AIRFLOW_CTX_DAG_OWNER=coder2j
AIRFLOW_CTX_DAG_ID=our_first_dag_v5
AIRFLOW_CTX_TASK_ID=thrid_task
AIRFLOW_CTX_EXECUTION_DATE=2022-03-03T00:00:00+00:00
AIRFLOW_CTX_TRY_NUMBER=1
AIRFLOW_CTX_DAG_RUN_ID=scheduled__2022-03-03T00:00:00+00:00
[2023-05-30T11:31:51.241+0000] {subprocess.py:63} INFO - Tmp dir root location: 
 /tmp
[2023-05-30T11:31:51.243+0000] {subprocess.py:75} INFO - Running command: ['/bin/bash', '-c', 'echo hey, I am task3 and will be running after task1 at the same time as task2!']
[2023-05-30T11:31:51.286+0000] {subprocess.py:86} INFO - Output:
[2023-05-30T11:31:51.304+0000] {subprocess.py:93} INFO - hey, I am task3 and will be running after task1 at the same time as task2!
[2023-05-30T11:31:51.306+0000] {subprocess.py:97} INFO - Command exited with return code 0
[2023-05-30T11:31:51.480+0000] {taskinstance.py:1327} INFO - Marking task as SUCCESS. dag_id=our_first_dag_v5, task_id=thrid_task, execution_date=20220303T000000, start_date=20230530T113150, end_date=20230530T113151
[2023-05-30T11:31:51.567+0000] {local_task_job.py:159} INFO - Task exited with return code 0
[2023-05-30T11:31:51.615+0000] {taskinstance.py:2582} INFO - 0 downstream tasks scheduled from follow-on schedule check
[2023-06-07T06:39:48.757+0000] {taskinstance.py:1087} INFO - Dependencies all met for <TaskInstance: our_first_dag_v5.thrid_task scheduled__2022-03-03T00:00:00+00:00 [queued]>
[2023-06-07T06:39:48.951+0000] {taskinstance.py:1087} INFO - Dependencies all met for <TaskInstance: our_first_dag_v5.thrid_task scheduled__2022-03-03T00:00:00+00:00 [queued]>
[2023-06-07T06:39:48.960+0000] {taskinstance.py:1283} INFO - 
--------------------------------------------------------------------------------
[2023-06-07T06:39:48.970+0000] {taskinstance.py:1284} INFO - Starting attempt 1 of 6
[2023-06-07T06:39:48.972+0000] {taskinstance.py:1285} INFO - 
--------------------------------------------------------------------------------
[2023-06-07T06:39:49.361+0000] {taskinstance.py:1304} INFO - Executing <Task(BashOperator): thrid_task> on 2022-03-03 00:00:00+00:00
[2023-06-07T06:39:49.471+0000] {standard_task_runner.py:55} INFO - Started process 4056 to run task
[2023-06-07T06:39:49.496+0000] {standard_task_runner.py:82} INFO - Running: ['***', 'tasks', 'run', 'our_first_dag_v5', 'thrid_task', 'scheduled__2022-03-03T00:00:00+00:00', '--job-id', '2316', '--raw', '--subdir', 'DAGS_FOLDER/first_Dag.py', '--cfg-path', '/tmp/tmp8uzysi87']
[2023-06-07T06:39:49.501+0000] {standard_task_runner.py:83} INFO - Job 2316: Subtask thrid_task
[2023-06-07T06:39:50.344+0000] {task_command.py:389} INFO - Running <TaskInstance: our_first_dag_v5.thrid_task scheduled__2022-03-03T00:00:00+00:00 [running]> on host 026ed797f3b3
[2023-06-07T06:39:51.227+0000] {taskinstance.py:1513} INFO - Exporting the following env vars:
AIRFLOW_CTX_DAG_OWNER=coder2j
AIRFLOW_CTX_DAG_ID=our_first_dag_v5
AIRFLOW_CTX_TASK_ID=thrid_task
AIRFLOW_CTX_EXECUTION_DATE=2022-03-03T00:00:00+00:00
AIRFLOW_CTX_TRY_NUMBER=1
AIRFLOW_CTX_DAG_RUN_ID=scheduled__2022-03-03T00:00:00+00:00
[2023-06-07T06:39:51.235+0000] {subprocess.py:63} INFO - Tmp dir root location: 
 /tmp
[2023-06-07T06:39:51.237+0000] {subprocess.py:75} INFO - Running command: ['/bin/bash', '-c', 'echo hey, I am task3 and will be running after task1 at the same time as task2!']
[2023-06-07T06:39:51.311+0000] {subprocess.py:86} INFO - Output:
[2023-06-07T06:39:51.319+0000] {subprocess.py:93} INFO - hey, I am task3 and will be running after task1 at the same time as task2!
[2023-06-07T06:39:51.322+0000] {subprocess.py:97} INFO - Command exited with return code 0
[2023-06-07T06:39:51.457+0000] {taskinstance.py:1327} INFO - Marking task as SUCCESS. dag_id=our_first_dag_v5, task_id=thrid_task, execution_date=20220303T000000, start_date=20230607T063948, end_date=20230607T063951
[2023-06-07T06:39:51.596+0000] {local_task_job.py:159} INFO - Task exited with return code 0
[2023-06-07T06:39:51.683+0000] {taskinstance.py:2582} INFO - 0 downstream tasks scheduled from follow-on schedule check
