[2023-05-30T12:38:36.407+0000] {taskinstance.py:1087} INFO - Dependencies all met for <TaskInstance: our_dag_with_python_operator_v07.get_name scheduled__2023-01-22T00:00:00+00:00 [queued]>
[2023-05-30T12:38:36.451+0000] {taskinstance.py:1087} INFO - Dependencies all met for <TaskInstance: our_dag_with_python_operator_v07.get_name scheduled__2023-01-22T00:00:00+00:00 [queued]>
[2023-05-30T12:38:36.456+0000] {taskinstance.py:1283} INFO - 
--------------------------------------------------------------------------------
[2023-05-30T12:38:36.459+0000] {taskinstance.py:1284} INFO - Starting attempt 1 of 6
[2023-05-30T12:38:36.462+0000] {taskinstance.py:1285} INFO - 
--------------------------------------------------------------------------------
[2023-05-30T12:38:36.686+0000] {taskinstance.py:1304} INFO - Executing <Task(PythonOperator): get_name> on 2023-01-22 00:00:00+00:00
[2023-05-30T12:38:36.719+0000] {standard_task_runner.py:55} INFO - Started process 12473 to run task
[2023-05-30T12:38:36.743+0000] {standard_task_runner.py:82} INFO - Running: ['***', 'tasks', 'run', 'our_dag_with_python_operator_v07', 'get_name', 'scheduled__2023-01-22T00:00:00+00:00', '--job-id', '2535', '--raw', '--subdir', 'DAGS_FOLDER/dag_python_opr.py', '--cfg-path', '/tmp/tmpcz7q5y2u']
[2023-05-30T12:38:36.746+0000] {standard_task_runner.py:83} INFO - Job 2535: Subtask get_name
[2023-05-30T12:38:37.058+0000] {task_command.py:389} INFO - Running <TaskInstance: our_dag_with_python_operator_v07.get_name scheduled__2023-01-22T00:00:00+00:00 [running]> on host 49219f98c96e
[2023-05-30T12:38:37.352+0000] {taskinstance.py:1513} INFO - Exporting the following env vars:
AIRFLOW_CTX_DAG_OWNER=coder2j
AIRFLOW_CTX_DAG_ID=our_dag_with_python_operator_v07
AIRFLOW_CTX_TASK_ID=get_name
AIRFLOW_CTX_EXECUTION_DATE=2023-01-22T00:00:00+00:00
AIRFLOW_CTX_TRY_NUMBER=1
AIRFLOW_CTX_DAG_RUN_ID=scheduled__2023-01-22T00:00:00+00:00
[2023-05-30T12:38:37.438+0000] {python.py:177} INFO - Done. Returned value was: None
[2023-05-30T12:38:37.598+0000] {taskinstance.py:1327} INFO - Marking task as SUCCESS. dag_id=our_dag_with_python_operator_v07, task_id=get_name, execution_date=20230122T000000, start_date=20230530T123836, end_date=20230530T123837
[2023-05-30T12:38:37.760+0000] {local_task_job.py:159} INFO - Task exited with return code 0
[2023-05-30T12:38:37.865+0000] {taskinstance.py:2582} INFO - 0 downstream tasks scheduled from follow-on schedule check
