[2023-06-01T11:20:59.135+0000] {taskinstance.py:1087} INFO - Dependencies all met for <TaskInstance: dag_with_postgres_operator_v03.insert_into_table scheduled__2022-02-21T00:00:00+00:00 [queued]>
[2023-06-01T11:20:59.222+0000] {taskinstance.py:1087} INFO - Dependencies all met for <TaskInstance: dag_with_postgres_operator_v03.insert_into_table scheduled__2022-02-21T00:00:00+00:00 [queued]>
[2023-06-01T11:20:59.223+0000] {taskinstance.py:1283} INFO - 
--------------------------------------------------------------------------------
[2023-06-01T11:20:59.232+0000] {taskinstance.py:1284} INFO - Starting attempt 1 of 6
[2023-06-01T11:20:59.235+0000] {taskinstance.py:1285} INFO - 
--------------------------------------------------------------------------------
[2023-06-01T11:20:59.306+0000] {taskinstance.py:1304} INFO - Executing <Task(PostgresOperator): insert_into_table> on 2022-02-21 00:00:00+00:00
[2023-06-01T11:20:59.320+0000] {standard_task_runner.py:55} INFO - Started process 1002 to run task
[2023-06-01T11:20:59.372+0000] {standard_task_runner.py:82} INFO - Running: ['***', 'tasks', 'run', 'dag_with_postgres_operator_v03', 'insert_into_table', 'scheduled__2022-02-21T00:00:00+00:00', '--job-id', '247', '--raw', '--subdir', 'DAGS_FOLDER/postgres.py', '--cfg-path', '/tmp/tmp2vsif6mx']
[2023-06-01T11:20:59.374+0000] {standard_task_runner.py:83} INFO - Job 247: Subtask insert_into_table
[2023-06-01T11:20:59.822+0000] {task_command.py:389} INFO - Running <TaskInstance: dag_with_postgres_operator_v03.insert_into_table scheduled__2022-02-21T00:00:00+00:00 [running]> on host 687ba427e841
[2023-06-01T11:21:00.299+0000] {taskinstance.py:1513} INFO - Exporting the following env vars:
AIRFLOW_CTX_DAG_OWNER=coder2j
AIRFLOW_CTX_DAG_ID=dag_with_postgres_operator_v03
AIRFLOW_CTX_TASK_ID=insert_into_table
AIRFLOW_CTX_EXECUTION_DATE=2022-02-21T00:00:00+00:00
AIRFLOW_CTX_TRY_NUMBER=1
AIRFLOW_CTX_DAG_RUN_ID=scheduled__2022-02-21T00:00:00+00:00
[2023-06-01T11:21:00.303+0000] {sql.py:253} INFO - Executing: 
            insert into dag_runs (dt, dag_id) values ('2022-02-21', 'dag_with_postgres_operator_v03')
        
[2023-06-01T11:21:00.338+0000] {base.py:73} INFO - Using connection ID 'postgres_localhost' for task execution.
[2023-06-01T11:21:01.936+0000] {base.py:73} INFO - Using connection ID 'postgres_localhost' for task execution.
[2023-06-01T11:21:01.968+0000] {sql.py:364} INFO - Running statement: 
            insert into dag_runs (dt, dag_id) values ('2022-02-21', 'dag_with_postgres_operator_v03')
        , parameters: None
[2023-06-01T11:21:01.976+0000] {sql.py:373} INFO - Rows affected: 1
[2023-06-01T11:21:02.024+0000] {taskinstance.py:1327} INFO - Marking task as SUCCESS. dag_id=dag_with_postgres_operator_v03, task_id=insert_into_table, execution_date=20220221T000000, start_date=20230601T112059, end_date=20230601T112102
[2023-06-01T11:21:02.144+0000] {local_task_job.py:159} INFO - Task exited with return code 0
[2023-06-01T11:21:02.241+0000] {taskinstance.py:2582} INFO - 0 downstream tasks scheduled from follow-on schedule check
