[2023-05-30T12:34:13.265+0000] {taskinstance.py:1087} INFO - Dependencies all met for <TaskInstance: our_dag_with_python_operator_v07.greet scheduled__2022-05-22T00:00:00+00:00 [queued]>
[2023-05-30T12:34:13.282+0000] {taskinstance.py:1087} INFO - Dependencies all met for <TaskInstance: our_dag_with_python_operator_v07.greet scheduled__2022-05-22T00:00:00+00:00 [queued]>
[2023-05-30T12:34:13.284+0000] {taskinstance.py:1283} INFO - 
--------------------------------------------------------------------------------
[2023-05-30T12:34:13.286+0000] {taskinstance.py:1284} INFO - Starting attempt 1 of 6
[2023-05-30T12:34:13.288+0000] {taskinstance.py:1285} INFO - 
--------------------------------------------------------------------------------
[2023-05-30T12:34:13.311+0000] {taskinstance.py:1304} INFO - Executing <Task(PythonOperator): greet> on 2022-05-22 00:00:00+00:00
[2023-05-30T12:34:13.319+0000] {standard_task_runner.py:55} INFO - Started process 10765 to run task
[2023-05-30T12:34:13.325+0000] {standard_task_runner.py:82} INFO - Running: ['***', 'tasks', 'run', 'our_dag_with_python_operator_v07', 'greet', 'scheduled__2022-05-22T00:00:00+00:00', '--job-id', '1809', '--raw', '--subdir', 'DAGS_FOLDER/dag_python_opr.py', '--cfg-path', '/tmp/tmppad1ykws']
[2023-05-30T12:34:13.327+0000] {standard_task_runner.py:83} INFO - Job 1809: Subtask greet
[2023-05-30T12:34:13.440+0000] {task_command.py:389} INFO - Running <TaskInstance: our_dag_with_python_operator_v07.greet scheduled__2022-05-22T00:00:00+00:00 [running]> on host 49219f98c96e
[2023-05-30T12:34:13.565+0000] {taskinstance.py:1513} INFO - Exporting the following env vars:
AIRFLOW_CTX_DAG_OWNER=coder2j
AIRFLOW_CTX_DAG_ID=our_dag_with_python_operator_v07
AIRFLOW_CTX_TASK_ID=greet
AIRFLOW_CTX_EXECUTION_DATE=2022-05-22T00:00:00+00:00
AIRFLOW_CTX_TRY_NUMBER=1
AIRFLOW_CTX_DAG_RUN_ID=scheduled__2022-05-22T00:00:00+00:00
[2023-05-30T12:34:13.568+0000] {logging_mixin.py:137} INFO - some dict:  {'a': 1, 'b': 2}
[2023-05-30T12:34:13.629+0000] {logging_mixin.py:137} INFO - Hello World! My name is Jerry Fridman, and I am 19 years old!
[2023-05-30T12:34:13.630+0000] {python.py:177} INFO - Done. Returned value was: None
[2023-05-30T12:34:13.650+0000] {taskinstance.py:1327} INFO - Marking task as SUCCESS. dag_id=our_dag_with_python_operator_v07, task_id=greet, execution_date=20220522T000000, start_date=20230530T123413, end_date=20230530T123413
[2023-05-30T12:34:13.699+0000] {local_task_job.py:159} INFO - Task exited with return code 0
[2023-05-30T12:34:13.734+0000] {taskinstance.py:2582} INFO - 0 downstream tasks scheduled from follow-on schedule check
[2023-06-07T06:40:00.866+0000] {taskinstance.py:1087} INFO - Dependencies all met for <TaskInstance: our_dag_with_python_operator_v07.greet scheduled__2022-05-22T00:00:00+00:00 [queued]>
[2023-06-07T06:40:01.070+0000] {taskinstance.py:1087} INFO - Dependencies all met for <TaskInstance: our_dag_with_python_operator_v07.greet scheduled__2022-05-22T00:00:00+00:00 [queued]>
[2023-06-07T06:40:01.075+0000] {taskinstance.py:1283} INFO - 
--------------------------------------------------------------------------------
[2023-06-07T06:40:01.081+0000] {taskinstance.py:1284} INFO - Starting attempt 1 of 6
[2023-06-07T06:40:01.088+0000] {taskinstance.py:1285} INFO - 
--------------------------------------------------------------------------------
[2023-06-07T06:40:01.262+0000] {taskinstance.py:1304} INFO - Executing <Task(PythonOperator): greet> on 2022-05-22 00:00:00+00:00
[2023-06-07T06:40:01.299+0000] {standard_task_runner.py:55} INFO - Started process 4119 to run task
[2023-06-07T06:40:01.337+0000] {standard_task_runner.py:82} INFO - Running: ['***', 'tasks', 'run', 'our_dag_with_python_operator_v07', 'greet', 'scheduled__2022-05-22T00:00:00+00:00', '--job-id', '2335', '--raw', '--subdir', 'DAGS_FOLDER/dag_python_opr.py', '--cfg-path', '/tmp/tmpfa7tud_g']
[2023-06-07T06:40:01.380+0000] {standard_task_runner.py:83} INFO - Job 2335: Subtask greet
[2023-06-07T06:40:01.921+0000] {task_command.py:389} INFO - Running <TaskInstance: our_dag_with_python_operator_v07.greet scheduled__2022-05-22T00:00:00+00:00 [running]> on host 026ed797f3b3
[2023-06-07T06:40:02.441+0000] {taskinstance.py:1513} INFO - Exporting the following env vars:
AIRFLOW_CTX_DAG_OWNER=coder2j
AIRFLOW_CTX_DAG_ID=our_dag_with_python_operator_v07
AIRFLOW_CTX_TASK_ID=greet
AIRFLOW_CTX_EXECUTION_DATE=2022-05-22T00:00:00+00:00
AIRFLOW_CTX_TRY_NUMBER=1
AIRFLOW_CTX_DAG_RUN_ID=scheduled__2022-05-22T00:00:00+00:00
[2023-06-07T06:40:02.445+0000] {logging_mixin.py:137} INFO - some dict:  {'a': 1, 'b': 2}
[2023-06-07T06:40:02.627+0000] {logging_mixin.py:137} INFO - Hello World! My name is Jerry Fridman, and I am 19 years old!
[2023-06-07T06:40:02.634+0000] {python.py:177} INFO - Done. Returned value was: None
[2023-06-07T06:40:02.682+0000] {taskinstance.py:1327} INFO - Marking task as SUCCESS. dag_id=our_dag_with_python_operator_v07, task_id=greet, execution_date=20220522T000000, start_date=20230607T064000, end_date=20230607T064002
[2023-06-07T06:40:02.898+0000] {local_task_job.py:159} INFO - Task exited with return code 0
[2023-06-07T06:40:03.009+0000] {taskinstance.py:2582} INFO - 0 downstream tasks scheduled from follow-on schedule check
