[2023-05-30T11:37:42.697+0000] {taskinstance.py:1087} INFO - Dependencies all met for <TaskInstance: our_dag_with_python_operator_v07.get_name scheduled__2021-12-24T00:00:00+00:00 [queued]>
[2023-05-30T11:37:42.724+0000] {taskinstance.py:1087} INFO - Dependencies all met for <TaskInstance: our_dag_with_python_operator_v07.get_name scheduled__2021-12-24T00:00:00+00:00 [queued]>
[2023-05-30T11:37:42.726+0000] {taskinstance.py:1283} INFO - 
--------------------------------------------------------------------------------
[2023-05-30T11:37:42.727+0000] {taskinstance.py:1284} INFO - Starting attempt 1 of 6
[2023-05-30T11:37:42.728+0000] {taskinstance.py:1285} INFO - 
--------------------------------------------------------------------------------
[2023-05-30T11:37:42.794+0000] {taskinstance.py:1304} INFO - Executing <Task(PythonOperator): get_name> on 2021-12-24 00:00:00+00:00
[2023-05-30T11:37:42.810+0000] {standard_task_runner.py:55} INFO - Started process 6040 to run task
[2023-05-30T11:37:42.825+0000] {standard_task_runner.py:82} INFO - Running: ['***', 'tasks', 'run', 'our_dag_with_python_operator_v07', 'get_name', 'scheduled__2021-12-24T00:00:00+00:00', '--job-id', '1352', '--raw', '--subdir', 'DAGS_FOLDER/dag_python_opr.py', '--cfg-path', '/tmp/tmpif11pj80']
[2023-05-30T11:37:42.828+0000] {standard_task_runner.py:83} INFO - Job 1352: Subtask get_name
[2023-05-30T11:37:43.013+0000] {task_command.py:389} INFO - Running <TaskInstance: our_dag_with_python_operator_v07.get_name scheduled__2021-12-24T00:00:00+00:00 [running]> on host 49219f98c96e
[2023-05-30T11:37:43.265+0000] {taskinstance.py:1513} INFO - Exporting the following env vars:
AIRFLOW_CTX_DAG_OWNER=coder2j
AIRFLOW_CTX_DAG_ID=our_dag_with_python_operator_v07
AIRFLOW_CTX_TASK_ID=get_name
AIRFLOW_CTX_EXECUTION_DATE=2021-12-24T00:00:00+00:00
AIRFLOW_CTX_TRY_NUMBER=1
AIRFLOW_CTX_DAG_RUN_ID=scheduled__2021-12-24T00:00:00+00:00
[2023-05-30T11:37:43.345+0000] {python.py:177} INFO - Done. Returned value was: None
[2023-05-30T11:37:43.384+0000] {taskinstance.py:1327} INFO - Marking task as SUCCESS. dag_id=our_dag_with_python_operator_v07, task_id=get_name, execution_date=20211224T000000, start_date=20230530T113742, end_date=20230530T113743
[2023-05-30T11:37:43.429+0000] {local_task_job.py:159} INFO - Task exited with return code 0
[2023-05-30T11:37:43.501+0000] {taskinstance.py:2582} INFO - 1 downstream tasks scheduled from follow-on schedule check
[2023-06-07T06:33:34.276+0000] {taskinstance.py:1087} INFO - Dependencies all met for <TaskInstance: our_dag_with_python_operator_v07.get_name scheduled__2021-12-24T00:00:00+00:00 [queued]>
[2023-06-07T06:33:34.312+0000] {taskinstance.py:1087} INFO - Dependencies all met for <TaskInstance: our_dag_with_python_operator_v07.get_name scheduled__2021-12-24T00:00:00+00:00 [queued]>
[2023-06-07T06:33:34.313+0000] {taskinstance.py:1283} INFO - 
--------------------------------------------------------------------------------
[2023-06-07T06:33:34.316+0000] {taskinstance.py:1284} INFO - Starting attempt 1 of 6
[2023-06-07T06:33:34.318+0000] {taskinstance.py:1285} INFO - 
--------------------------------------------------------------------------------
[2023-06-07T06:33:34.441+0000] {taskinstance.py:1304} INFO - Executing <Task(PythonOperator): get_name> on 2021-12-24 00:00:00+00:00
[2023-06-07T06:33:34.494+0000] {standard_task_runner.py:82} INFO - Running: ['***', 'tasks', 'run', 'our_dag_with_python_operator_v07', 'get_name', 'scheduled__2021-12-24T00:00:00+00:00', '--job-id', '1446', '--raw', '--subdir', 'DAGS_FOLDER/dag_python_opr.py', '--cfg-path', '/tmp/tmpnd87qr67']
[2023-06-07T06:33:34.520+0000] {standard_task_runner.py:83} INFO - Job 1446: Subtask get_name
[2023-06-07T06:33:34.481+0000] {standard_task_runner.py:55} INFO - Started process 1635 to run task
[2023-06-07T06:33:34.924+0000] {task_command.py:389} INFO - Running <TaskInstance: our_dag_with_python_operator_v07.get_name scheduled__2021-12-24T00:00:00+00:00 [running]> on host 026ed797f3b3
[2023-06-07T06:33:35.325+0000] {taskinstance.py:1513} INFO - Exporting the following env vars:
AIRFLOW_CTX_DAG_OWNER=coder2j
AIRFLOW_CTX_DAG_ID=our_dag_with_python_operator_v07
AIRFLOW_CTX_TASK_ID=get_name
AIRFLOW_CTX_EXECUTION_DATE=2021-12-24T00:00:00+00:00
AIRFLOW_CTX_TRY_NUMBER=1
AIRFLOW_CTX_DAG_RUN_ID=scheduled__2021-12-24T00:00:00+00:00
[2023-06-07T06:33:35.504+0000] {python.py:177} INFO - Done. Returned value was: None
[2023-06-07T06:33:35.562+0000] {taskinstance.py:1327} INFO - Marking task as SUCCESS. dag_id=our_dag_with_python_operator_v07, task_id=get_name, execution_date=20211224T000000, start_date=20230607T063334, end_date=20230607T063335
[2023-06-07T06:33:35.686+0000] {local_task_job.py:159} INFO - Task exited with return code 0
[2023-06-07T06:33:35.825+0000] {taskinstance.py:2582} INFO - 0 downstream tasks scheduled from follow-on schedule check
