[2023-05-30T11:31:22.598+0000] {taskinstance.py:1087} INFO - Dependencies all met for <TaskInstance: our_first_dag_v5.thrid_task scheduled__2022-02-07T00:00:00+00:00 [queued]>
[2023-05-30T11:31:22.674+0000] {taskinstance.py:1087} INFO - Dependencies all met for <TaskInstance: our_first_dag_v5.thrid_task scheduled__2022-02-07T00:00:00+00:00 [queued]>
[2023-05-30T11:31:22.677+0000] {taskinstance.py:1283} INFO - 
--------------------------------------------------------------------------------
[2023-05-30T11:31:22.691+0000] {taskinstance.py:1284} INFO - Starting attempt 1 of 6
[2023-05-30T11:31:22.694+0000] {taskinstance.py:1285} INFO - 
--------------------------------------------------------------------------------
[2023-05-30T11:31:22.757+0000] {taskinstance.py:1304} INFO - Executing <Task(BashOperator): thrid_task> on 2022-02-07 00:00:00+00:00
[2023-05-30T11:31:22.773+0000] {standard_task_runner.py:55} INFO - Started process 3614 to run task
[2023-05-30T11:31:22.806+0000] {standard_task_runner.py:82} INFO - Running: ['***', 'tasks', 'run', 'our_first_dag_v5', 'thrid_task', 'scheduled__2022-02-07T00:00:00+00:00', '--job-id', '588', '--raw', '--subdir', 'DAGS_FOLDER/first_Dag.py', '--cfg-path', '/tmp/tmphg5fgs_q']
[2023-05-30T11:31:22.808+0000] {standard_task_runner.py:83} INFO - Job 588: Subtask thrid_task
[2023-05-30T11:31:23.222+0000] {task_command.py:389} INFO - Running <TaskInstance: our_first_dag_v5.thrid_task scheduled__2022-02-07T00:00:00+00:00 [running]> on host 49219f98c96e
[2023-05-30T11:31:23.744+0000] {taskinstance.py:1513} INFO - Exporting the following env vars:
AIRFLOW_CTX_DAG_OWNER=coder2j
AIRFLOW_CTX_DAG_ID=our_first_dag_v5
AIRFLOW_CTX_TASK_ID=thrid_task
AIRFLOW_CTX_EXECUTION_DATE=2022-02-07T00:00:00+00:00
AIRFLOW_CTX_TRY_NUMBER=1
AIRFLOW_CTX_DAG_RUN_ID=scheduled__2022-02-07T00:00:00+00:00
[2023-05-30T11:31:23.753+0000] {subprocess.py:63} INFO - Tmp dir root location: 
 /tmp
[2023-05-30T11:31:23.759+0000] {subprocess.py:75} INFO - Running command: ['/bin/bash', '-c', 'echo hey, I am task3 and will be running after task1 at the same time as task2!']
[2023-05-30T11:31:23.853+0000] {subprocess.py:86} INFO - Output:
[2023-05-30T11:31:23.856+0000] {subprocess.py:93} INFO - hey, I am task3 and will be running after task1 at the same time as task2!
[2023-05-30T11:31:23.861+0000] {subprocess.py:97} INFO - Command exited with return code 0
[2023-05-30T11:31:24.062+0000] {taskinstance.py:1327} INFO - Marking task as SUCCESS. dag_id=our_first_dag_v5, task_id=thrid_task, execution_date=20220207T000000, start_date=20230530T113122, end_date=20230530T113124
[2023-05-30T11:31:24.326+0000] {local_task_job.py:159} INFO - Task exited with return code 0
[2023-05-30T11:31:24.464+0000] {taskinstance.py:2582} INFO - 0 downstream tasks scheduled from follow-on schedule check
[2023-06-07T06:38:43.813+0000] {taskinstance.py:1087} INFO - Dependencies all met for <TaskInstance: our_first_dag_v5.thrid_task scheduled__2022-02-07T00:00:00+00:00 [queued]>
[2023-06-07T06:38:43.926+0000] {taskinstance.py:1087} INFO - Dependencies all met for <TaskInstance: our_first_dag_v5.thrid_task scheduled__2022-02-07T00:00:00+00:00 [queued]>
[2023-06-07T06:38:43.938+0000] {taskinstance.py:1283} INFO - 
--------------------------------------------------------------------------------
[2023-06-07T06:38:43.940+0000] {taskinstance.py:1284} INFO - Starting attempt 1 of 6
[2023-06-07T06:38:43.942+0000] {taskinstance.py:1285} INFO - 
--------------------------------------------------------------------------------
[2023-06-07T06:38:44.077+0000] {taskinstance.py:1304} INFO - Executing <Task(BashOperator): thrid_task> on 2022-02-07 00:00:00+00:00
[2023-06-07T06:38:44.106+0000] {standard_task_runner.py:55} INFO - Started process 3657 to run task
[2023-06-07T06:38:44.127+0000] {standard_task_runner.py:82} INFO - Running: ['***', 'tasks', 'run', 'our_first_dag_v5', 'thrid_task', 'scheduled__2022-02-07T00:00:00+00:00', '--job-id', '2171', '--raw', '--subdir', 'DAGS_FOLDER/first_Dag.py', '--cfg-path', '/tmp/tmp1topuagu']
[2023-06-07T06:38:44.130+0000] {standard_task_runner.py:83} INFO - Job 2171: Subtask thrid_task
[2023-06-07T06:38:44.528+0000] {task_command.py:389} INFO - Running <TaskInstance: our_first_dag_v5.thrid_task scheduled__2022-02-07T00:00:00+00:00 [running]> on host 026ed797f3b3
[2023-06-07T06:38:45.002+0000] {taskinstance.py:1513} INFO - Exporting the following env vars:
AIRFLOW_CTX_DAG_OWNER=coder2j
AIRFLOW_CTX_DAG_ID=our_first_dag_v5
AIRFLOW_CTX_TASK_ID=thrid_task
AIRFLOW_CTX_EXECUTION_DATE=2022-02-07T00:00:00+00:00
AIRFLOW_CTX_TRY_NUMBER=1
AIRFLOW_CTX_DAG_RUN_ID=scheduled__2022-02-07T00:00:00+00:00
[2023-06-07T06:38:45.006+0000] {subprocess.py:63} INFO - Tmp dir root location: 
 /tmp
[2023-06-07T06:38:45.017+0000] {subprocess.py:75} INFO - Running command: ['/bin/bash', '-c', 'echo hey, I am task3 and will be running after task1 at the same time as task2!']
[2023-06-07T06:38:45.096+0000] {subprocess.py:86} INFO - Output:
[2023-06-07T06:38:45.103+0000] {subprocess.py:93} INFO - hey, I am task3 and will be running after task1 at the same time as task2!
[2023-06-07T06:38:45.105+0000] {subprocess.py:97} INFO - Command exited with return code 0
[2023-06-07T06:38:45.247+0000] {taskinstance.py:1327} INFO - Marking task as SUCCESS. dag_id=our_first_dag_v5, task_id=thrid_task, execution_date=20220207T000000, start_date=20230607T063843, end_date=20230607T063845
[2023-06-07T06:38:45.496+0000] {local_task_job.py:159} INFO - Task exited with return code 0
[2023-06-07T06:38:45.554+0000] {taskinstance.py:2582} INFO - 0 downstream tasks scheduled from follow-on schedule check
