[2023-05-30T11:37:16.257+0000] {taskinstance.py:1087} INFO - Dependencies all met for <TaskInstance: our_dag_with_python_operator_v07.get_name scheduled__2021-11-30T00:00:00+00:00 [queued]>
[2023-05-30T11:37:16.301+0000] {taskinstance.py:1087} INFO - Dependencies all met for <TaskInstance: our_dag_with_python_operator_v07.get_name scheduled__2021-11-30T00:00:00+00:00 [queued]>
[2023-05-30T11:37:16.311+0000] {taskinstance.py:1283} INFO - 
--------------------------------------------------------------------------------
[2023-05-30T11:37:16.343+0000] {taskinstance.py:1284} INFO - Starting attempt 1 of 6
[2023-05-30T11:37:16.346+0000] {taskinstance.py:1285} INFO - 
--------------------------------------------------------------------------------
[2023-05-30T11:37:16.581+0000] {taskinstance.py:1304} INFO - Executing <Task(PythonOperator): get_name> on 2021-11-30 00:00:00+00:00
[2023-05-30T11:37:16.602+0000] {standard_task_runner.py:55} INFO - Started process 5862 to run task
[2023-05-30T11:37:16.644+0000] {standard_task_runner.py:82} INFO - Running: ['***', 'tasks', 'run', 'our_dag_with_python_operator_v07', 'get_name', 'scheduled__2021-11-30T00:00:00+00:00', '--job-id', '1276', '--raw', '--subdir', 'DAGS_FOLDER/dag_python_opr.py', '--cfg-path', '/tmp/tmpasluv3q8']
[2023-05-30T11:37:16.658+0000] {standard_task_runner.py:83} INFO - Job 1276: Subtask get_name
[2023-05-30T11:37:16.884+0000] {task_command.py:389} INFO - Running <TaskInstance: our_dag_with_python_operator_v07.get_name scheduled__2021-11-30T00:00:00+00:00 [running]> on host 49219f98c96e
[2023-05-30T11:37:17.304+0000] {taskinstance.py:1513} INFO - Exporting the following env vars:
AIRFLOW_CTX_DAG_OWNER=coder2j
AIRFLOW_CTX_DAG_ID=our_dag_with_python_operator_v07
AIRFLOW_CTX_TASK_ID=get_name
AIRFLOW_CTX_EXECUTION_DATE=2021-11-30T00:00:00+00:00
AIRFLOW_CTX_TRY_NUMBER=1
AIRFLOW_CTX_DAG_RUN_ID=scheduled__2021-11-30T00:00:00+00:00
[2023-05-30T11:37:17.462+0000] {python.py:177} INFO - Done. Returned value was: None
[2023-05-30T11:37:17.522+0000] {taskinstance.py:1327} INFO - Marking task as SUCCESS. dag_id=our_dag_with_python_operator_v07, task_id=get_name, execution_date=20211130T000000, start_date=20230530T113716, end_date=20230530T113717
[2023-05-30T11:37:17.659+0000] {local_task_job.py:159} INFO - Task exited with return code 0
[2023-05-30T11:37:17.737+0000] {taskinstance.py:2582} INFO - 0 downstream tasks scheduled from follow-on schedule check
[2023-06-07T06:32:49.862+0000] {taskinstance.py:1087} INFO - Dependencies all met for <TaskInstance: our_dag_with_python_operator_v07.get_name scheduled__2021-11-30T00:00:00+00:00 [queued]>
[2023-06-07T06:32:49.943+0000] {taskinstance.py:1087} INFO - Dependencies all met for <TaskInstance: our_dag_with_python_operator_v07.get_name scheduled__2021-11-30T00:00:00+00:00 [queued]>
[2023-06-07T06:32:49.954+0000] {taskinstance.py:1283} INFO - 
--------------------------------------------------------------------------------
[2023-06-07T06:32:49.957+0000] {taskinstance.py:1284} INFO - Starting attempt 1 of 6
[2023-06-07T06:32:49.960+0000] {taskinstance.py:1285} INFO - 
--------------------------------------------------------------------------------
[2023-06-07T06:32:50.112+0000] {taskinstance.py:1304} INFO - Executing <Task(PythonOperator): get_name> on 2021-11-30 00:00:00+00:00
[2023-06-07T06:32:50.129+0000] {standard_task_runner.py:55} INFO - Started process 1288 to run task
[2023-06-07T06:32:50.154+0000] {standard_task_runner.py:82} INFO - Running: ['***', 'tasks', 'run', 'our_dag_with_python_operator_v07', 'get_name', 'scheduled__2021-11-30T00:00:00+00:00', '--job-id', '1314', '--raw', '--subdir', 'DAGS_FOLDER/dag_python_opr.py', '--cfg-path', '/tmp/tmpojhmh6m0']
[2023-06-07T06:32:50.158+0000] {standard_task_runner.py:83} INFO - Job 1314: Subtask get_name
[2023-06-07T06:32:50.607+0000] {task_command.py:389} INFO - Running <TaskInstance: our_dag_with_python_operator_v07.get_name scheduled__2021-11-30T00:00:00+00:00 [running]> on host 026ed797f3b3
[2023-06-07T06:32:51.323+0000] {taskinstance.py:1513} INFO - Exporting the following env vars:
AIRFLOW_CTX_DAG_OWNER=coder2j
AIRFLOW_CTX_DAG_ID=our_dag_with_python_operator_v07
AIRFLOW_CTX_TASK_ID=get_name
AIRFLOW_CTX_EXECUTION_DATE=2021-11-30T00:00:00+00:00
AIRFLOW_CTX_TRY_NUMBER=1
AIRFLOW_CTX_DAG_RUN_ID=scheduled__2021-11-30T00:00:00+00:00
[2023-06-07T06:32:51.460+0000] {python.py:177} INFO - Done. Returned value was: None
[2023-06-07T06:32:51.524+0000] {taskinstance.py:1327} INFO - Marking task as SUCCESS. dag_id=our_dag_with_python_operator_v07, task_id=get_name, execution_date=20211130T000000, start_date=20230607T063249, end_date=20230607T063251
[2023-06-07T06:32:51.658+0000] {local_task_job.py:159} INFO - Task exited with return code 0
[2023-06-07T06:32:51.908+0000] {taskinstance.py:2582} INFO - 0 downstream tasks scheduled from follow-on schedule check
