[2023-05-30T11:33:03.770+0000] {taskinstance.py:1087} INFO - Dependencies all met for <TaskInstance: our_first_dag_v5.thrid_task scheduled__2022-05-20T00:00:00+00:00 [queued]>
[2023-05-30T11:33:03.788+0000] {taskinstance.py:1087} INFO - Dependencies all met for <TaskInstance: our_first_dag_v5.thrid_task scheduled__2022-05-20T00:00:00+00:00 [queued]>
[2023-05-30T11:33:03.789+0000] {taskinstance.py:1283} INFO - 
--------------------------------------------------------------------------------
[2023-05-30T11:33:03.792+0000] {taskinstance.py:1284} INFO - Starting attempt 1 of 6
[2023-05-30T11:33:03.795+0000] {taskinstance.py:1285} INFO - 
--------------------------------------------------------------------------------
[2023-05-30T11:33:03.820+0000] {taskinstance.py:1304} INFO - Executing <Task(BashOperator): thrid_task> on 2022-05-20 00:00:00+00:00
[2023-05-30T11:33:03.827+0000] {standard_task_runner.py:55} INFO - Started process 4607 to run task
[2023-05-30T11:33:03.834+0000] {standard_task_runner.py:82} INFO - Running: ['***', 'tasks', 'run', 'our_first_dag_v5', 'thrid_task', 'scheduled__2022-05-20T00:00:00+00:00', '--job-id', '890', '--raw', '--subdir', 'DAGS_FOLDER/first_Dag.py', '--cfg-path', '/tmp/tmpxzer4au2']
[2023-05-30T11:33:03.836+0000] {standard_task_runner.py:83} INFO - Job 890: Subtask thrid_task
[2023-05-30T11:33:03.943+0000] {task_command.py:389} INFO - Running <TaskInstance: our_first_dag_v5.thrid_task scheduled__2022-05-20T00:00:00+00:00 [running]> on host 49219f98c96e
[2023-05-30T11:33:04.030+0000] {taskinstance.py:1513} INFO - Exporting the following env vars:
AIRFLOW_CTX_DAG_OWNER=coder2j
AIRFLOW_CTX_DAG_ID=our_first_dag_v5
AIRFLOW_CTX_TASK_ID=thrid_task
AIRFLOW_CTX_EXECUTION_DATE=2022-05-20T00:00:00+00:00
AIRFLOW_CTX_TRY_NUMBER=1
AIRFLOW_CTX_DAG_RUN_ID=scheduled__2022-05-20T00:00:00+00:00
[2023-05-30T11:33:04.033+0000] {subprocess.py:63} INFO - Tmp dir root location: 
 /tmp
[2023-05-30T11:33:04.034+0000] {subprocess.py:75} INFO - Running command: ['/bin/bash', '-c', 'echo hey, I am task3 and will be running after task1 at the same time as task2!']
[2023-05-30T11:33:04.049+0000] {subprocess.py:86} INFO - Output:
[2023-05-30T11:33:04.051+0000] {subprocess.py:93} INFO - hey, I am task3 and will be running after task1 at the same time as task2!
[2023-05-30T11:33:04.053+0000] {subprocess.py:97} INFO - Command exited with return code 0
[2023-05-30T11:33:04.087+0000] {taskinstance.py:1327} INFO - Marking task as SUCCESS. dag_id=our_first_dag_v5, task_id=thrid_task, execution_date=20220520T000000, start_date=20230530T113303, end_date=20230530T113304
[2023-05-30T11:33:04.131+0000] {local_task_job.py:159} INFO - Task exited with return code 0
[2023-05-30T11:33:04.153+0000] {taskinstance.py:2582} INFO - 0 downstream tasks scheduled from follow-on schedule check
