[2023-05-30T11:37:01.460+0000] {taskinstance.py:1087} INFO - Dependencies all met for <TaskInstance: our_dag_with_python_operator_v07.get_age scheduled__2021-11-16T00:00:00+00:00 [queued]>
[2023-05-30T11:37:01.518+0000] {taskinstance.py:1087} INFO - Dependencies all met for <TaskInstance: our_dag_with_python_operator_v07.get_age scheduled__2021-11-16T00:00:00+00:00 [queued]>
[2023-05-30T11:37:01.521+0000] {taskinstance.py:1283} INFO - 
--------------------------------------------------------------------------------
[2023-05-30T11:37:01.522+0000] {taskinstance.py:1284} INFO - Starting attempt 1 of 6
[2023-05-30T11:37:01.524+0000] {taskinstance.py:1285} INFO - 
--------------------------------------------------------------------------------
[2023-05-30T11:37:01.599+0000] {taskinstance.py:1304} INFO - Executing <Task(PythonOperator): get_age> on 2021-11-16 00:00:00+00:00
[2023-05-30T11:37:01.610+0000] {standard_task_runner.py:55} INFO - Started process 5774 to run task
[2023-05-30T11:37:01.627+0000] {standard_task_runner.py:82} INFO - Running: ['***', 'tasks', 'run', 'our_dag_with_python_operator_v07', 'get_age', 'scheduled__2021-11-16T00:00:00+00:00', '--job-id', '1237', '--raw', '--subdir', 'DAGS_FOLDER/dag_python_opr.py', '--cfg-path', '/tmp/tmp1m1qe_s1']
[2023-05-30T11:37:01.635+0000] {standard_task_runner.py:83} INFO - Job 1237: Subtask get_age
[2023-05-30T11:37:01.854+0000] {task_command.py:389} INFO - Running <TaskInstance: our_dag_with_python_operator_v07.get_age scheduled__2021-11-16T00:00:00+00:00 [running]> on host 49219f98c96e
[2023-05-30T11:37:02.537+0000] {taskinstance.py:1513} INFO - Exporting the following env vars:
AIRFLOW_CTX_DAG_OWNER=coder2j
AIRFLOW_CTX_DAG_ID=our_dag_with_python_operator_v07
AIRFLOW_CTX_TASK_ID=get_age
AIRFLOW_CTX_EXECUTION_DATE=2021-11-16T00:00:00+00:00
AIRFLOW_CTX_TRY_NUMBER=1
AIRFLOW_CTX_DAG_RUN_ID=scheduled__2021-11-16T00:00:00+00:00
[2023-05-30T11:37:02.597+0000] {python.py:177} INFO - Done. Returned value was: None
[2023-05-30T11:37:02.622+0000] {taskinstance.py:1327} INFO - Marking task as SUCCESS. dag_id=our_dag_with_python_operator_v07, task_id=get_age, execution_date=20211116T000000, start_date=20230530T113701, end_date=20230530T113702
[2023-05-30T11:37:02.738+0000] {local_task_job.py:159} INFO - Task exited with return code 0
[2023-05-30T11:37:02.833+0000] {taskinstance.py:2582} INFO - 0 downstream tasks scheduled from follow-on schedule check
[2023-06-07T06:32:19.250+0000] {taskinstance.py:1087} INFO - Dependencies all met for <TaskInstance: our_dag_with_python_operator_v07.get_age scheduled__2021-11-16T00:00:00+00:00 [queued]>
[2023-06-07T06:32:19.318+0000] {taskinstance.py:1087} INFO - Dependencies all met for <TaskInstance: our_dag_with_python_operator_v07.get_age scheduled__2021-11-16T00:00:00+00:00 [queued]>
[2023-06-07T06:32:19.330+0000] {taskinstance.py:1283} INFO - 
--------------------------------------------------------------------------------
[2023-06-07T06:32:19.332+0000] {taskinstance.py:1284} INFO - Starting attempt 1 of 6
[2023-06-07T06:32:19.334+0000] {taskinstance.py:1285} INFO - 
--------------------------------------------------------------------------------
[2023-06-07T06:32:19.481+0000] {taskinstance.py:1304} INFO - Executing <Task(PythonOperator): get_age> on 2021-11-16 00:00:00+00:00
[2023-06-07T06:32:19.507+0000] {standard_task_runner.py:55} INFO - Started process 1057 to run task
[2023-06-07T06:32:19.532+0000] {standard_task_runner.py:82} INFO - Running: ['***', 'tasks', 'run', 'our_dag_with_python_operator_v07', 'get_age', 'scheduled__2021-11-16T00:00:00+00:00', '--job-id', '1233', '--raw', '--subdir', 'DAGS_FOLDER/dag_python_opr.py', '--cfg-path', '/tmp/tmpdunlct3f']
[2023-06-07T06:32:19.534+0000] {standard_task_runner.py:83} INFO - Job 1233: Subtask get_age
[2023-06-07T06:32:19.834+0000] {task_command.py:389} INFO - Running <TaskInstance: our_dag_with_python_operator_v07.get_age scheduled__2021-11-16T00:00:00+00:00 [running]> on host 026ed797f3b3
[2023-06-07T06:32:20.121+0000] {taskinstance.py:1513} INFO - Exporting the following env vars:
AIRFLOW_CTX_DAG_OWNER=coder2j
AIRFLOW_CTX_DAG_ID=our_dag_with_python_operator_v07
AIRFLOW_CTX_TASK_ID=get_age
AIRFLOW_CTX_EXECUTION_DATE=2021-11-16T00:00:00+00:00
AIRFLOW_CTX_TRY_NUMBER=1
AIRFLOW_CTX_DAG_RUN_ID=scheduled__2021-11-16T00:00:00+00:00
[2023-06-07T06:32:20.158+0000] {python.py:177} INFO - Done. Returned value was: None
[2023-06-07T06:32:20.197+0000] {taskinstance.py:1327} INFO - Marking task as SUCCESS. dag_id=our_dag_with_python_operator_v07, task_id=get_age, execution_date=20211116T000000, start_date=20230607T063219, end_date=20230607T063220
[2023-06-07T06:32:20.312+0000] {local_task_job.py:159} INFO - Task exited with return code 0
[2023-06-07T06:32:20.415+0000] {taskinstance.py:2582} INFO - 0 downstream tasks scheduled from follow-on schedule check
