[2023-05-30T11:33:01.347+0000] {taskinstance.py:1087} INFO - Dependencies all met for <TaskInstance: our_first_dag_v5.second_task scheduled__2022-05-15T00:00:00+00:00 [queued]>
[2023-05-30T11:33:01.393+0000] {taskinstance.py:1087} INFO - Dependencies all met for <TaskInstance: our_first_dag_v5.second_task scheduled__2022-05-15T00:00:00+00:00 [queued]>
[2023-05-30T11:33:01.407+0000] {taskinstance.py:1283} INFO - 
--------------------------------------------------------------------------------
[2023-05-30T11:33:01.408+0000] {taskinstance.py:1284} INFO - Starting attempt 1 of 6
[2023-05-30T11:33:01.410+0000] {taskinstance.py:1285} INFO - 
--------------------------------------------------------------------------------
[2023-05-30T11:33:01.492+0000] {taskinstance.py:1304} INFO - Executing <Task(BashOperator): second_task> on 2022-05-15 00:00:00+00:00
[2023-05-30T11:33:01.517+0000] {standard_task_runner.py:55} INFO - Started process 4574 to run task
[2023-05-30T11:33:01.537+0000] {standard_task_runner.py:82} INFO - Running: ['***', 'tasks', 'run', 'our_first_dag_v5', 'second_task', 'scheduled__2022-05-15T00:00:00+00:00', '--job-id', '877', '--raw', '--subdir', 'DAGS_FOLDER/first_Dag.py', '--cfg-path', '/tmp/tmp3mu8nczs']
[2023-05-30T11:33:01.553+0000] {standard_task_runner.py:83} INFO - Job 877: Subtask second_task
[2023-05-30T11:33:01.797+0000] {task_command.py:389} INFO - Running <TaskInstance: our_first_dag_v5.second_task scheduled__2022-05-15T00:00:00+00:00 [running]> on host 49219f98c96e
[2023-05-30T11:33:02.015+0000] {taskinstance.py:1513} INFO - Exporting the following env vars:
AIRFLOW_CTX_DAG_OWNER=coder2j
AIRFLOW_CTX_DAG_ID=our_first_dag_v5
AIRFLOW_CTX_TASK_ID=second_task
AIRFLOW_CTX_EXECUTION_DATE=2022-05-15T00:00:00+00:00
AIRFLOW_CTX_TRY_NUMBER=1
AIRFLOW_CTX_DAG_RUN_ID=scheduled__2022-05-15T00:00:00+00:00
[2023-05-30T11:33:02.026+0000] {subprocess.py:63} INFO - Tmp dir root location: 
 /tmp
[2023-05-30T11:33:02.029+0000] {subprocess.py:75} INFO - Running command: ['/bin/bash', '-c', 'echo hey, I am task2 and will be running after task1!']
[2023-05-30T11:33:02.090+0000] {subprocess.py:86} INFO - Output:
[2023-05-30T11:33:02.094+0000] {subprocess.py:93} INFO - hey, I am task2 and will be running after task1!
[2023-05-30T11:33:02.098+0000] {subprocess.py:97} INFO - Command exited with return code 0
[2023-05-30T11:33:02.156+0000] {taskinstance.py:1327} INFO - Marking task as SUCCESS. dag_id=our_first_dag_v5, task_id=second_task, execution_date=20220515T000000, start_date=20230530T113301, end_date=20230530T113302
[2023-05-30T11:33:02.242+0000] {local_task_job.py:159} INFO - Task exited with return code 0
[2023-05-30T11:33:02.278+0000] {taskinstance.py:2582} INFO - 0 downstream tasks scheduled from follow-on schedule check
