[2023-05-30T12:31:41.724+0000] {taskinstance.py:1087} INFO - Dependencies all met for <TaskInstance: our_dag_with_python_operator_v07.get_age scheduled__2022-01-11T00:00:00+00:00 [queued]>
[2023-05-30T12:31:41.797+0000] {taskinstance.py:1087} INFO - Dependencies all met for <TaskInstance: our_dag_with_python_operator_v07.get_age scheduled__2022-01-11T00:00:00+00:00 [queued]>
[2023-05-30T12:31:41.799+0000] {taskinstance.py:1283} INFO - 
--------------------------------------------------------------------------------
[2023-05-30T12:31:41.803+0000] {taskinstance.py:1284} INFO - Starting attempt 1 of 6
[2023-05-30T12:31:41.805+0000] {taskinstance.py:1285} INFO - 
--------------------------------------------------------------------------------
[2023-05-30T12:31:41.894+0000] {taskinstance.py:1304} INFO - Executing <Task(PythonOperator): get_age> on 2022-01-11 00:00:00+00:00
[2023-05-30T12:31:41.944+0000] {standard_task_runner.py:55} INFO - Started process 9828 to run task
[2023-05-30T12:31:41.956+0000] {standard_task_runner.py:82} INFO - Running: ['***', 'tasks', 'run', 'our_dag_with_python_operator_v07', 'get_age', 'scheduled__2022-01-11T00:00:00+00:00', '--job-id', '1408', '--raw', '--subdir', 'DAGS_FOLDER/dag_python_opr.py', '--cfg-path', '/tmp/tmpc9i7ro2e']
[2023-05-30T12:31:41.965+0000] {standard_task_runner.py:83} INFO - Job 1408: Subtask get_age
[2023-05-30T12:31:42.423+0000] {task_command.py:389} INFO - Running <TaskInstance: our_dag_with_python_operator_v07.get_age scheduled__2022-01-11T00:00:00+00:00 [running]> on host 49219f98c96e
[2023-05-30T12:31:43.252+0000] {taskinstance.py:1513} INFO - Exporting the following env vars:
AIRFLOW_CTX_DAG_OWNER=coder2j
AIRFLOW_CTX_DAG_ID=our_dag_with_python_operator_v07
AIRFLOW_CTX_TASK_ID=get_age
AIRFLOW_CTX_EXECUTION_DATE=2022-01-11T00:00:00+00:00
AIRFLOW_CTX_TRY_NUMBER=1
AIRFLOW_CTX_DAG_RUN_ID=scheduled__2022-01-11T00:00:00+00:00
[2023-05-30T12:31:43.366+0000] {python.py:177} INFO - Done. Returned value was: None
[2023-05-30T12:31:43.490+0000] {taskinstance.py:1327} INFO - Marking task as SUCCESS. dag_id=our_dag_with_python_operator_v07, task_id=get_age, execution_date=20220111T000000, start_date=20230530T123141, end_date=20230530T123143
[2023-05-30T12:31:43.589+0000] {local_task_job.py:159} INFO - Task exited with return code 0
[2023-05-30T12:31:43.688+0000] {taskinstance.py:2582} INFO - 1 downstream tasks scheduled from follow-on schedule check
[2023-06-07T06:34:12.163+0000] {taskinstance.py:1087} INFO - Dependencies all met for <TaskInstance: our_dag_with_python_operator_v07.get_age scheduled__2022-01-11T00:00:00+00:00 [queued]>
[2023-06-07T06:34:12.293+0000] {taskinstance.py:1087} INFO - Dependencies all met for <TaskInstance: our_dag_with_python_operator_v07.get_age scheduled__2022-01-11T00:00:00+00:00 [queued]>
[2023-06-07T06:34:12.308+0000] {taskinstance.py:1283} INFO - 
--------------------------------------------------------------------------------
[2023-06-07T06:34:12.313+0000] {taskinstance.py:1284} INFO - Starting attempt 1 of 6
[2023-06-07T06:34:12.317+0000] {taskinstance.py:1285} INFO - 
--------------------------------------------------------------------------------
[2023-06-07T06:34:12.688+0000] {taskinstance.py:1304} INFO - Executing <Task(PythonOperator): get_age> on 2022-01-11 00:00:00+00:00
[2023-06-07T06:34:12.726+0000] {standard_task_runner.py:55} INFO - Started process 1904 to run task
[2023-06-07T06:34:12.835+0000] {standard_task_runner.py:82} INFO - Running: ['***', 'tasks', 'run', 'our_dag_with_python_operator_v07', 'get_age', 'scheduled__2022-01-11T00:00:00+00:00', '--job-id', '1543', '--raw', '--subdir', 'DAGS_FOLDER/dag_python_opr.py', '--cfg-path', '/tmp/tmp6natk_ju']
[2023-06-07T06:34:12.845+0000] {standard_task_runner.py:83} INFO - Job 1543: Subtask get_age
[2023-06-07T06:34:13.315+0000] {task_command.py:389} INFO - Running <TaskInstance: our_dag_with_python_operator_v07.get_age scheduled__2022-01-11T00:00:00+00:00 [running]> on host 026ed797f3b3
[2023-06-07T06:34:13.809+0000] {taskinstance.py:1513} INFO - Exporting the following env vars:
AIRFLOW_CTX_DAG_OWNER=coder2j
AIRFLOW_CTX_DAG_ID=our_dag_with_python_operator_v07
AIRFLOW_CTX_TASK_ID=get_age
AIRFLOW_CTX_EXECUTION_DATE=2022-01-11T00:00:00+00:00
AIRFLOW_CTX_TRY_NUMBER=1
AIRFLOW_CTX_DAG_RUN_ID=scheduled__2022-01-11T00:00:00+00:00
[2023-06-07T06:34:13.947+0000] {python.py:177} INFO - Done. Returned value was: None
[2023-06-07T06:34:14.012+0000] {taskinstance.py:1327} INFO - Marking task as SUCCESS. dag_id=our_dag_with_python_operator_v07, task_id=get_age, execution_date=20220111T000000, start_date=20230607T063412, end_date=20230607T063414
[2023-06-07T06:34:14.112+0000] {local_task_job.py:159} INFO - Task exited with return code 0
[2023-06-07T06:34:14.261+0000] {taskinstance.py:2582} INFO - 0 downstream tasks scheduled from follow-on schedule check
