[2023-05-30T11:29:57.643+0000] {taskinstance.py:1087} INFO - Dependencies all met for <TaskInstance: our_first_dag_v5.first_task scheduled__2021-11-25T00:00:00+00:00 [queued]>
[2023-05-30T11:29:57.665+0000] {taskinstance.py:1087} INFO - Dependencies all met for <TaskInstance: our_first_dag_v5.first_task scheduled__2021-11-25T00:00:00+00:00 [queued]>
[2023-05-30T11:29:57.666+0000] {taskinstance.py:1283} INFO - 
--------------------------------------------------------------------------------
[2023-05-30T11:29:57.667+0000] {taskinstance.py:1284} INFO - Starting attempt 1 of 6
[2023-05-30T11:29:57.669+0000] {taskinstance.py:1285} INFO - 
--------------------------------------------------------------------------------
[2023-05-30T11:29:57.698+0000] {taskinstance.py:1304} INFO - Executing <Task(BashOperator): first_task> on 2021-11-25 00:00:00+00:00
[2023-05-30T11:29:57.717+0000] {standard_task_runner.py:55} INFO - Started process 2822 to run task
[2023-05-30T11:29:57.725+0000] {standard_task_runner.py:82} INFO - Running: ['***', 'tasks', 'run', 'our_first_dag_v5', 'first_task', 'scheduled__2021-11-25T00:00:00+00:00', '--job-id', '350', '--raw', '--subdir', 'DAGS_FOLDER/first_Dag.py', '--cfg-path', '/tmp/tmphnpchygt']
[2023-05-30T11:29:57.728+0000] {standard_task_runner.py:83} INFO - Job 350: Subtask first_task
[2023-05-30T11:29:57.891+0000] {task_command.py:389} INFO - Running <TaskInstance: our_first_dag_v5.first_task scheduled__2021-11-25T00:00:00+00:00 [running]> on host 49219f98c96e
[2023-05-30T11:29:58.123+0000] {taskinstance.py:1513} INFO - Exporting the following env vars:
AIRFLOW_CTX_DAG_OWNER=coder2j
AIRFLOW_CTX_DAG_ID=our_first_dag_v5
AIRFLOW_CTX_TASK_ID=first_task
AIRFLOW_CTX_EXECUTION_DATE=2021-11-25T00:00:00+00:00
AIRFLOW_CTX_TRY_NUMBER=1
AIRFLOW_CTX_DAG_RUN_ID=scheduled__2021-11-25T00:00:00+00:00
[2023-05-30T11:29:58.131+0000] {subprocess.py:63} INFO - Tmp dir root location: 
 /tmp
[2023-05-30T11:29:58.133+0000] {subprocess.py:75} INFO - Running command: ['/bin/bash', '-c', 'echo hello world, this is the first task!']
[2023-05-30T11:29:58.177+0000] {subprocess.py:86} INFO - Output:
[2023-05-30T11:29:58.181+0000] {subprocess.py:93} INFO - hello world, this is the first task!
[2023-05-30T11:29:58.187+0000] {subprocess.py:97} INFO - Command exited with return code 0
[2023-05-30T11:29:58.241+0000] {taskinstance.py:1327} INFO - Marking task as SUCCESS. dag_id=our_first_dag_v5, task_id=first_task, execution_date=20211125T000000, start_date=20230530T112957, end_date=20230530T112958
[2023-05-30T11:29:58.352+0000] {local_task_job.py:159} INFO - Task exited with return code 0
[2023-05-30T11:29:58.496+0000] {taskinstance.py:2582} INFO - 0 downstream tasks scheduled from follow-on schedule check
[2023-06-07T06:35:16.735+0000] {taskinstance.py:1087} INFO - Dependencies all met for <TaskInstance: our_first_dag_v5.first_task scheduled__2021-11-25T00:00:00+00:00 [queued]>
[2023-06-07T06:35:16.796+0000] {taskinstance.py:1087} INFO - Dependencies all met for <TaskInstance: our_first_dag_v5.first_task scheduled__2021-11-25T00:00:00+00:00 [queued]>
[2023-06-07T06:35:16.798+0000] {taskinstance.py:1283} INFO - 
--------------------------------------------------------------------------------
[2023-06-07T06:35:16.803+0000] {taskinstance.py:1284} INFO - Starting attempt 1 of 6
[2023-06-07T06:35:16.805+0000] {taskinstance.py:1285} INFO - 
--------------------------------------------------------------------------------
[2023-06-07T06:35:17.016+0000] {taskinstance.py:1304} INFO - Executing <Task(BashOperator): first_task> on 2021-11-25 00:00:00+00:00
[2023-06-07T06:35:17.091+0000] {standard_task_runner.py:55} INFO - Started process 2327 to run task
[2023-06-07T06:35:17.149+0000] {standard_task_runner.py:82} INFO - Running: ['***', 'tasks', 'run', 'our_first_dag_v5', 'first_task', 'scheduled__2021-11-25T00:00:00+00:00', '--job-id', '1696', '--raw', '--subdir', 'DAGS_FOLDER/first_Dag.py', '--cfg-path', '/tmp/tmp4__qp54f']
[2023-06-07T06:35:17.155+0000] {standard_task_runner.py:83} INFO - Job 1696: Subtask first_task
[2023-06-07T06:35:17.527+0000] {task_command.py:389} INFO - Running <TaskInstance: our_first_dag_v5.first_task scheduled__2021-11-25T00:00:00+00:00 [running]> on host 026ed797f3b3
[2023-06-07T06:35:18.005+0000] {taskinstance.py:1513} INFO - Exporting the following env vars:
AIRFLOW_CTX_DAG_OWNER=coder2j
AIRFLOW_CTX_DAG_ID=our_first_dag_v5
AIRFLOW_CTX_TASK_ID=first_task
AIRFLOW_CTX_EXECUTION_DATE=2021-11-25T00:00:00+00:00
AIRFLOW_CTX_TRY_NUMBER=1
AIRFLOW_CTX_DAG_RUN_ID=scheduled__2021-11-25T00:00:00+00:00
[2023-06-07T06:35:18.010+0000] {subprocess.py:63} INFO - Tmp dir root location: 
 /tmp
[2023-06-07T06:35:18.012+0000] {subprocess.py:75} INFO - Running command: ['/bin/bash', '-c', 'echo hello world, this is the first task!']
[2023-06-07T06:35:18.045+0000] {subprocess.py:86} INFO - Output:
[2023-06-07T06:35:18.054+0000] {subprocess.py:93} INFO - hello world, this is the first task!
[2023-06-07T06:35:18.059+0000] {subprocess.py:97} INFO - Command exited with return code 0
[2023-06-07T06:35:18.283+0000] {taskinstance.py:1327} INFO - Marking task as SUCCESS. dag_id=our_first_dag_v5, task_id=first_task, execution_date=20211125T000000, start_date=20230607T063516, end_date=20230607T063518
[2023-06-07T06:35:18.499+0000] {local_task_job.py:159} INFO - Task exited with return code 0
[2023-06-07T06:35:18.648+0000] {taskinstance.py:2582} INFO - 2 downstream tasks scheduled from follow-on schedule check
