[2023-05-30T12:33:26.333+0000] {taskinstance.py:1087} INFO - Dependencies all met for <TaskInstance: our_dag_with_python_operator_v07.get_name scheduled__2022-04-09T00:00:00+00:00 [queued]>
[2023-05-30T12:33:26.351+0000] {taskinstance.py:1087} INFO - Dependencies all met for <TaskInstance: our_dag_with_python_operator_v07.get_name scheduled__2022-04-09T00:00:00+00:00 [queued]>
[2023-05-30T12:33:26.353+0000] {taskinstance.py:1283} INFO - 
--------------------------------------------------------------------------------
[2023-05-30T12:33:26.354+0000] {taskinstance.py:1284} INFO - Starting attempt 1 of 6
[2023-05-30T12:33:26.356+0000] {taskinstance.py:1285} INFO - 
--------------------------------------------------------------------------------
[2023-05-30T12:33:26.395+0000] {taskinstance.py:1304} INFO - Executing <Task(PythonOperator): get_name> on 2022-04-09 00:00:00+00:00
[2023-05-30T12:33:26.408+0000] {standard_task_runner.py:55} INFO - Started process 10464 to run task
[2023-05-30T12:33:26.445+0000] {standard_task_runner.py:82} INFO - Running: ['***', 'tasks', 'run', 'our_dag_with_python_operator_v07', 'get_name', 'scheduled__2022-04-09T00:00:00+00:00', '--job-id', '1675', '--raw', '--subdir', 'DAGS_FOLDER/dag_python_opr.py', '--cfg-path', '/tmp/tmpp5ekarla']
[2023-05-30T12:33:26.448+0000] {standard_task_runner.py:83} INFO - Job 1675: Subtask get_name
[2023-05-30T12:33:26.618+0000] {task_command.py:389} INFO - Running <TaskInstance: our_dag_with_python_operator_v07.get_name scheduled__2022-04-09T00:00:00+00:00 [running]> on host 49219f98c96e
[2023-05-30T12:33:26.862+0000] {taskinstance.py:1513} INFO - Exporting the following env vars:
AIRFLOW_CTX_DAG_OWNER=coder2j
AIRFLOW_CTX_DAG_ID=our_dag_with_python_operator_v07
AIRFLOW_CTX_TASK_ID=get_name
AIRFLOW_CTX_EXECUTION_DATE=2022-04-09T00:00:00+00:00
AIRFLOW_CTX_TRY_NUMBER=1
AIRFLOW_CTX_DAG_RUN_ID=scheduled__2022-04-09T00:00:00+00:00
[2023-05-30T12:33:26.991+0000] {python.py:177} INFO - Done. Returned value was: None
[2023-05-30T12:33:27.041+0000] {taskinstance.py:1327} INFO - Marking task as SUCCESS. dag_id=our_dag_with_python_operator_v07, task_id=get_name, execution_date=20220409T000000, start_date=20230530T123326, end_date=20230530T123327
[2023-05-30T12:33:27.173+0000] {local_task_job.py:159} INFO - Task exited with return code 0
[2023-05-30T12:33:27.281+0000] {taskinstance.py:2582} INFO - 0 downstream tasks scheduled from follow-on schedule check
[2023-06-07T06:38:00.922+0000] {taskinstance.py:1087} INFO - Dependencies all met for <TaskInstance: our_dag_with_python_operator_v07.get_name scheduled__2022-04-09T00:00:00+00:00 [queued]>
[2023-06-07T06:38:00.983+0000] {taskinstance.py:1087} INFO - Dependencies all met for <TaskInstance: our_dag_with_python_operator_v07.get_name scheduled__2022-04-09T00:00:00+00:00 [queued]>
[2023-06-07T06:38:00.985+0000] {taskinstance.py:1283} INFO - 
--------------------------------------------------------------------------------
[2023-06-07T06:38:00.986+0000] {taskinstance.py:1284} INFO - Starting attempt 1 of 6
[2023-06-07T06:38:00.988+0000] {taskinstance.py:1285} INFO - 
--------------------------------------------------------------------------------
[2023-06-07T06:38:01.105+0000] {taskinstance.py:1304} INFO - Executing <Task(PythonOperator): get_name> on 2022-04-09 00:00:00+00:00
[2023-06-07T06:38:01.146+0000] {standard_task_runner.py:55} INFO - Started process 3362 to run task
[2023-06-07T06:38:01.192+0000] {standard_task_runner.py:82} INFO - Running: ['***', 'tasks', 'run', 'our_dag_with_python_operator_v07', 'get_name', 'scheduled__2022-04-09T00:00:00+00:00', '--job-id', '2065', '--raw', '--subdir', 'DAGS_FOLDER/dag_python_opr.py', '--cfg-path', '/tmp/tmp1prysk6a']
[2023-06-07T06:38:01.195+0000] {standard_task_runner.py:83} INFO - Job 2065: Subtask get_name
[2023-06-07T06:38:01.695+0000] {task_command.py:389} INFO - Running <TaskInstance: our_dag_with_python_operator_v07.get_name scheduled__2022-04-09T00:00:00+00:00 [running]> on host 026ed797f3b3
[2023-06-07T06:38:02.416+0000] {taskinstance.py:1513} INFO - Exporting the following env vars:
AIRFLOW_CTX_DAG_OWNER=coder2j
AIRFLOW_CTX_DAG_ID=our_dag_with_python_operator_v07
AIRFLOW_CTX_TASK_ID=get_name
AIRFLOW_CTX_EXECUTION_DATE=2022-04-09T00:00:00+00:00
AIRFLOW_CTX_TRY_NUMBER=1
AIRFLOW_CTX_DAG_RUN_ID=scheduled__2022-04-09T00:00:00+00:00
[2023-06-07T06:38:02.572+0000] {python.py:177} INFO - Done. Returned value was: None
[2023-06-07T06:38:02.662+0000] {taskinstance.py:1327} INFO - Marking task as SUCCESS. dag_id=our_dag_with_python_operator_v07, task_id=get_name, execution_date=20220409T000000, start_date=20230607T063800, end_date=20230607T063802
[2023-06-07T06:38:02.916+0000] {local_task_job.py:159} INFO - Task exited with return code 0
[2023-06-07T06:38:03.015+0000] {taskinstance.py:2582} INFO - 1 downstream tasks scheduled from follow-on schedule check
