[2023-05-30T11:36:46.290+0000] {taskinstance.py:1087} INFO - Dependencies all met for <TaskInstance: our_dag_with_python_operator_v07.get_name scheduled__2021-10-31T00:00:00+00:00 [queued]>
[2023-05-30T11:36:46.364+0000] {taskinstance.py:1087} INFO - Dependencies all met for <TaskInstance: our_dag_with_python_operator_v07.get_name scheduled__2021-10-31T00:00:00+00:00 [queued]>
[2023-05-30T11:36:46.367+0000] {taskinstance.py:1283} INFO - 
--------------------------------------------------------------------------------
[2023-05-30T11:36:46.370+0000] {taskinstance.py:1284} INFO - Starting attempt 1 of 6
[2023-05-30T11:36:46.375+0000] {taskinstance.py:1285} INFO - 
--------------------------------------------------------------------------------
[2023-05-30T11:36:46.478+0000] {taskinstance.py:1304} INFO - Executing <Task(PythonOperator): get_name> on 2021-10-31 00:00:00+00:00
[2023-05-30T11:36:46.502+0000] {standard_task_runner.py:55} INFO - Started process 5666 to run task
[2023-05-30T11:36:46.540+0000] {standard_task_runner.py:82} INFO - Running: ['***', 'tasks', 'run', 'our_dag_with_python_operator_v07', 'get_name', 'scheduled__2021-10-31T00:00:00+00:00', '--job-id', '1187', '--raw', '--subdir', 'DAGS_FOLDER/dag_python_opr.py', '--cfg-path', '/tmp/tmpy71fv30p']
[2023-05-30T11:36:46.545+0000] {standard_task_runner.py:83} INFO - Job 1187: Subtask get_name
[2023-05-30T11:36:46.823+0000] {task_command.py:389} INFO - Running <TaskInstance: our_dag_with_python_operator_v07.get_name scheduled__2021-10-31T00:00:00+00:00 [running]> on host 49219f98c96e
[2023-05-30T11:36:47.022+0000] {taskinstance.py:1513} INFO - Exporting the following env vars:
AIRFLOW_CTX_DAG_OWNER=coder2j
AIRFLOW_CTX_DAG_ID=our_dag_with_python_operator_v07
AIRFLOW_CTX_TASK_ID=get_name
AIRFLOW_CTX_EXECUTION_DATE=2021-10-31T00:00:00+00:00
AIRFLOW_CTX_TRY_NUMBER=1
AIRFLOW_CTX_DAG_RUN_ID=scheduled__2021-10-31T00:00:00+00:00
[2023-05-30T11:36:47.150+0000] {python.py:177} INFO - Done. Returned value was: None
[2023-05-30T11:36:47.204+0000] {taskinstance.py:1327} INFO - Marking task as SUCCESS. dag_id=our_dag_with_python_operator_v07, task_id=get_name, execution_date=20211031T000000, start_date=20230530T113646, end_date=20230530T113647
[2023-05-30T11:36:47.318+0000] {local_task_job.py:159} INFO - Task exited with return code 0
[2023-05-30T11:36:47.501+0000] {taskinstance.py:2582} INFO - 0 downstream tasks scheduled from follow-on schedule check
