[2023-05-30T11:30:30.834+0000] {taskinstance.py:1087} INFO - Dependencies all met for <TaskInstance: our_first_dag_v5.second_task scheduled__2021-12-20T00:00:00+00:00 [queued]>
[2023-05-30T11:30:30.893+0000] {taskinstance.py:1087} INFO - Dependencies all met for <TaskInstance: our_first_dag_v5.second_task scheduled__2021-12-20T00:00:00+00:00 [queued]>
[2023-05-30T11:30:30.895+0000] {taskinstance.py:1283} INFO - 
--------------------------------------------------------------------------------
[2023-05-30T11:30:30.907+0000] {taskinstance.py:1284} INFO - Starting attempt 1 of 6
[2023-05-30T11:30:30.908+0000] {taskinstance.py:1285} INFO - 
--------------------------------------------------------------------------------
[2023-05-30T11:30:30.976+0000] {taskinstance.py:1304} INFO - Executing <Task(BashOperator): second_task> on 2021-12-20 00:00:00+00:00
[2023-05-30T11:30:31.001+0000] {standard_task_runner.py:55} INFO - Started process 3124 to run task
[2023-05-30T11:30:31.048+0000] {standard_task_runner.py:82} INFO - Running: ['***', 'tasks', 'run', 'our_first_dag_v5', 'second_task', 'scheduled__2021-12-20T00:00:00+00:00', '--job-id', '441', '--raw', '--subdir', 'DAGS_FOLDER/first_Dag.py', '--cfg-path', '/tmp/tmp1lxs8cno']
[2023-05-30T11:30:31.051+0000] {standard_task_runner.py:83} INFO - Job 441: Subtask second_task
[2023-05-30T11:30:31.569+0000] {task_command.py:389} INFO - Running <TaskInstance: our_first_dag_v5.second_task scheduled__2021-12-20T00:00:00+00:00 [running]> on host 49219f98c96e
[2023-05-30T11:30:32.133+0000] {taskinstance.py:1513} INFO - Exporting the following env vars:
AIRFLOW_CTX_DAG_OWNER=coder2j
AIRFLOW_CTX_DAG_ID=our_first_dag_v5
AIRFLOW_CTX_TASK_ID=second_task
AIRFLOW_CTX_EXECUTION_DATE=2021-12-20T00:00:00+00:00
AIRFLOW_CTX_TRY_NUMBER=1
AIRFLOW_CTX_DAG_RUN_ID=scheduled__2021-12-20T00:00:00+00:00
[2023-05-30T11:30:32.138+0000] {subprocess.py:63} INFO - Tmp dir root location: 
 /tmp
[2023-05-30T11:30:32.140+0000] {subprocess.py:75} INFO - Running command: ['/bin/bash', '-c', 'echo hey, I am task2 and will be running after task1!']
[2023-05-30T11:30:32.220+0000] {subprocess.py:86} INFO - Output:
[2023-05-30T11:30:32.239+0000] {subprocess.py:93} INFO - hey, I am task2 and will be running after task1!
[2023-05-30T11:30:32.241+0000] {subprocess.py:97} INFO - Command exited with return code 0
[2023-05-30T11:30:32.361+0000] {taskinstance.py:1327} INFO - Marking task as SUCCESS. dag_id=our_first_dag_v5, task_id=second_task, execution_date=20211220T000000, start_date=20230530T113030, end_date=20230530T113032
[2023-05-30T11:30:32.442+0000] {local_task_job.py:159} INFO - Task exited with return code 0
[2023-05-30T11:30:32.577+0000] {taskinstance.py:2582} INFO - 0 downstream tasks scheduled from follow-on schedule check
[2023-06-07T06:36:52.483+0000] {taskinstance.py:1087} INFO - Dependencies all met for <TaskInstance: our_first_dag_v5.second_task scheduled__2021-12-20T00:00:00+00:00 [queued]>
[2023-06-07T06:36:52.600+0000] {taskinstance.py:1087} INFO - Dependencies all met for <TaskInstance: our_first_dag_v5.second_task scheduled__2021-12-20T00:00:00+00:00 [queued]>
[2023-06-07T06:36:52.602+0000] {taskinstance.py:1283} INFO - 
--------------------------------------------------------------------------------
[2023-06-07T06:36:52.603+0000] {taskinstance.py:1284} INFO - Starting attempt 1 of 6
[2023-06-07T06:36:52.605+0000] {taskinstance.py:1285} INFO - 
--------------------------------------------------------------------------------
[2023-06-07T06:36:53.183+0000] {taskinstance.py:1304} INFO - Executing <Task(BashOperator): second_task> on 2021-12-20 00:00:00+00:00
[2023-06-07T06:36:53.245+0000] {standard_task_runner.py:55} INFO - Started process 2854 to run task
[2023-06-07T06:36:53.256+0000] {standard_task_runner.py:82} INFO - Running: ['***', 'tasks', 'run', 'our_first_dag_v5', 'second_task', 'scheduled__2021-12-20T00:00:00+00:00', '--job-id', '1879', '--raw', '--subdir', 'DAGS_FOLDER/first_Dag.py', '--cfg-path', '/tmp/tmpx_hprtkj']
[2023-06-07T06:36:53.278+0000] {standard_task_runner.py:83} INFO - Job 1879: Subtask second_task
[2023-06-07T06:36:53.792+0000] {task_command.py:389} INFO - Running <TaskInstance: our_first_dag_v5.second_task scheduled__2021-12-20T00:00:00+00:00 [running]> on host 026ed797f3b3
[2023-06-07T06:36:54.426+0000] {taskinstance.py:1513} INFO - Exporting the following env vars:
AIRFLOW_CTX_DAG_OWNER=coder2j
AIRFLOW_CTX_DAG_ID=our_first_dag_v5
AIRFLOW_CTX_TASK_ID=second_task
AIRFLOW_CTX_EXECUTION_DATE=2021-12-20T00:00:00+00:00
AIRFLOW_CTX_TRY_NUMBER=1
AIRFLOW_CTX_DAG_RUN_ID=scheduled__2021-12-20T00:00:00+00:00
[2023-06-07T06:36:54.433+0000] {subprocess.py:63} INFO - Tmp dir root location: 
 /tmp
[2023-06-07T06:36:54.453+0000] {subprocess.py:75} INFO - Running command: ['/bin/bash', '-c', 'echo hey, I am task2 and will be running after task1!']
[2023-06-07T06:36:54.576+0000] {subprocess.py:86} INFO - Output:
[2023-06-07T06:36:54.606+0000] {subprocess.py:93} INFO - hey, I am task2 and will be running after task1!
[2023-06-07T06:36:54.621+0000] {subprocess.py:97} INFO - Command exited with return code 0
[2023-06-07T06:36:54.730+0000] {taskinstance.py:1327} INFO - Marking task as SUCCESS. dag_id=our_first_dag_v5, task_id=second_task, execution_date=20211220T000000, start_date=20230607T063652, end_date=20230607T063654
[2023-06-07T06:36:55.232+0000] {local_task_job.py:159} INFO - Task exited with return code 0
[2023-06-07T06:36:55.312+0000] {taskinstance.py:2582} INFO - 0 downstream tasks scheduled from follow-on schedule check
