[2023-05-30T11:31:24.945+0000] {taskinstance.py:1087} INFO - Dependencies all met for <TaskInstance: our_first_dag_v5.second_task scheduled__2022-02-09T00:00:00+00:00 [queued]>
[2023-05-30T11:31:25.076+0000] {taskinstance.py:1087} INFO - Dependencies all met for <TaskInstance: our_first_dag_v5.second_task scheduled__2022-02-09T00:00:00+00:00 [queued]>
[2023-05-30T11:31:25.078+0000] {taskinstance.py:1283} INFO - 
--------------------------------------------------------------------------------
[2023-05-30T11:31:25.083+0000] {taskinstance.py:1284} INFO - Starting attempt 1 of 6
[2023-05-30T11:31:25.087+0000] {taskinstance.py:1285} INFO - 
--------------------------------------------------------------------------------
[2023-05-30T11:31:25.288+0000] {taskinstance.py:1304} INFO - Executing <Task(BashOperator): second_task> on 2022-02-09 00:00:00+00:00
[2023-05-30T11:31:25.327+0000] {standard_task_runner.py:55} INFO - Started process 3632 to run task
[2023-05-30T11:31:25.361+0000] {standard_task_runner.py:82} INFO - Running: ['***', 'tasks', 'run', 'our_first_dag_v5', 'second_task', 'scheduled__2022-02-09T00:00:00+00:00', '--job-id', '593', '--raw', '--subdir', 'DAGS_FOLDER/first_Dag.py', '--cfg-path', '/tmp/tmp7okk_on6']
[2023-05-30T11:31:25.364+0000] {standard_task_runner.py:83} INFO - Job 593: Subtask second_task
[2023-05-30T11:31:25.794+0000] {task_command.py:389} INFO - Running <TaskInstance: our_first_dag_v5.second_task scheduled__2022-02-09T00:00:00+00:00 [running]> on host 49219f98c96e
[2023-05-30T11:31:26.118+0000] {taskinstance.py:1513} INFO - Exporting the following env vars:
AIRFLOW_CTX_DAG_OWNER=coder2j
AIRFLOW_CTX_DAG_ID=our_first_dag_v5
AIRFLOW_CTX_TASK_ID=second_task
AIRFLOW_CTX_EXECUTION_DATE=2022-02-09T00:00:00+00:00
AIRFLOW_CTX_TRY_NUMBER=1
AIRFLOW_CTX_DAG_RUN_ID=scheduled__2022-02-09T00:00:00+00:00
[2023-05-30T11:31:26.123+0000] {subprocess.py:63} INFO - Tmp dir root location: 
 /tmp
[2023-05-30T11:31:26.125+0000] {subprocess.py:75} INFO - Running command: ['/bin/bash', '-c', 'echo hey, I am task2 and will be running after task1!']
[2023-05-30T11:31:26.195+0000] {subprocess.py:86} INFO - Output:
[2023-05-30T11:31:26.209+0000] {subprocess.py:93} INFO - hey, I am task2 and will be running after task1!
[2023-05-30T11:31:26.212+0000] {subprocess.py:97} INFO - Command exited with return code 0
[2023-05-30T11:31:26.343+0000] {taskinstance.py:1327} INFO - Marking task as SUCCESS. dag_id=our_first_dag_v5, task_id=second_task, execution_date=20220209T000000, start_date=20230530T113124, end_date=20230530T113126
[2023-05-30T11:31:26.528+0000] {local_task_job.py:159} INFO - Task exited with return code 0
[2023-05-30T11:31:26.599+0000] {taskinstance.py:2582} INFO - 0 downstream tasks scheduled from follow-on schedule check
[2023-06-07T06:38:46.478+0000] {taskinstance.py:1087} INFO - Dependencies all met for <TaskInstance: our_first_dag_v5.second_task scheduled__2022-02-09T00:00:00+00:00 [queued]>
[2023-06-07T06:38:46.622+0000] {taskinstance.py:1087} INFO - Dependencies all met for <TaskInstance: our_first_dag_v5.second_task scheduled__2022-02-09T00:00:00+00:00 [queued]>
[2023-06-07T06:38:46.625+0000] {taskinstance.py:1283} INFO - 
--------------------------------------------------------------------------------
[2023-06-07T06:38:46.630+0000] {taskinstance.py:1284} INFO - Starting attempt 1 of 6
[2023-06-07T06:38:46.631+0000] {taskinstance.py:1285} INFO - 
--------------------------------------------------------------------------------
[2023-06-07T06:38:46.868+0000] {taskinstance.py:1304} INFO - Executing <Task(BashOperator): second_task> on 2022-02-09 00:00:00+00:00
[2023-06-07T06:38:46.956+0000] {standard_task_runner.py:55} INFO - Started process 3678 to run task
[2023-06-07T06:38:47.005+0000] {standard_task_runner.py:82} INFO - Running: ['***', 'tasks', 'run', 'our_first_dag_v5', 'second_task', 'scheduled__2022-02-09T00:00:00+00:00', '--job-id', '2180', '--raw', '--subdir', 'DAGS_FOLDER/first_Dag.py', '--cfg-path', '/tmp/tmpifb7dhha']
[2023-06-07T06:38:47.020+0000] {standard_task_runner.py:83} INFO - Job 2180: Subtask second_task
[2023-06-07T06:38:47.486+0000] {task_command.py:389} INFO - Running <TaskInstance: our_first_dag_v5.second_task scheduled__2022-02-09T00:00:00+00:00 [running]> on host 026ed797f3b3
[2023-06-07T06:38:47.953+0000] {taskinstance.py:1513} INFO - Exporting the following env vars:
AIRFLOW_CTX_DAG_OWNER=coder2j
AIRFLOW_CTX_DAG_ID=our_first_dag_v5
AIRFLOW_CTX_TASK_ID=second_task
AIRFLOW_CTX_EXECUTION_DATE=2022-02-09T00:00:00+00:00
AIRFLOW_CTX_TRY_NUMBER=1
AIRFLOW_CTX_DAG_RUN_ID=scheduled__2022-02-09T00:00:00+00:00
[2023-06-07T06:38:47.960+0000] {subprocess.py:63} INFO - Tmp dir root location: 
 /tmp
[2023-06-07T06:38:47.964+0000] {subprocess.py:75} INFO - Running command: ['/bin/bash', '-c', 'echo hey, I am task2 and will be running after task1!']
[2023-06-07T06:38:48.017+0000] {subprocess.py:86} INFO - Output:
[2023-06-07T06:38:48.028+0000] {subprocess.py:93} INFO - hey, I am task2 and will be running after task1!
[2023-06-07T06:38:48.031+0000] {subprocess.py:97} INFO - Command exited with return code 0
[2023-06-07T06:38:48.121+0000] {taskinstance.py:1327} INFO - Marking task as SUCCESS. dag_id=our_first_dag_v5, task_id=second_task, execution_date=20220209T000000, start_date=20230607T063846, end_date=20230607T063848
[2023-06-07T06:38:48.247+0000] {local_task_job.py:159} INFO - Task exited with return code 0
[2023-06-07T06:38:48.347+0000] {taskinstance.py:2582} INFO - 0 downstream tasks scheduled from follow-on schedule check
