[2023-05-30T11:36:54.791+0000] {taskinstance.py:1087} INFO - Dependencies all met for <TaskInstance: our_dag_with_python_operator_v07.get_age scheduled__2021-11-10T00:00:00+00:00 [queued]>
[2023-05-30T11:36:54.860+0000] {taskinstance.py:1087} INFO - Dependencies all met for <TaskInstance: our_dag_with_python_operator_v07.get_age scheduled__2021-11-10T00:00:00+00:00 [queued]>
[2023-05-30T11:36:54.867+0000] {taskinstance.py:1283} INFO - 
--------------------------------------------------------------------------------
[2023-05-30T11:36:54.871+0000] {taskinstance.py:1284} INFO - Starting attempt 1 of 6
[2023-05-30T11:36:54.872+0000] {taskinstance.py:1285} INFO - 
--------------------------------------------------------------------------------
[2023-05-30T11:36:55.001+0000] {taskinstance.py:1304} INFO - Executing <Task(PythonOperator): get_age> on 2021-11-10 00:00:00+00:00
[2023-05-30T11:36:55.031+0000] {standard_task_runner.py:55} INFO - Started process 5733 to run task
[2023-05-30T11:36:55.055+0000] {standard_task_runner.py:82} INFO - Running: ['***', 'tasks', 'run', 'our_dag_with_python_operator_v07', 'get_age', 'scheduled__2021-11-10T00:00:00+00:00', '--job-id', '1219', '--raw', '--subdir', 'DAGS_FOLDER/dag_python_opr.py', '--cfg-path', '/tmp/tmpz3nmy8fd']
[2023-05-30T11:36:55.056+0000] {standard_task_runner.py:83} INFO - Job 1219: Subtask get_age
[2023-05-30T11:36:55.255+0000] {task_command.py:389} INFO - Running <TaskInstance: our_dag_with_python_operator_v07.get_age scheduled__2021-11-10T00:00:00+00:00 [running]> on host 49219f98c96e
[2023-05-30T11:36:55.613+0000] {taskinstance.py:1513} INFO - Exporting the following env vars:
AIRFLOW_CTX_DAG_OWNER=coder2j
AIRFLOW_CTX_DAG_ID=our_dag_with_python_operator_v07
AIRFLOW_CTX_TASK_ID=get_age
AIRFLOW_CTX_EXECUTION_DATE=2021-11-10T00:00:00+00:00
AIRFLOW_CTX_TRY_NUMBER=1
AIRFLOW_CTX_DAG_RUN_ID=scheduled__2021-11-10T00:00:00+00:00
[2023-05-30T11:36:55.676+0000] {python.py:177} INFO - Done. Returned value was: None
[2023-05-30T11:36:55.712+0000] {taskinstance.py:1327} INFO - Marking task as SUCCESS. dag_id=our_dag_with_python_operator_v07, task_id=get_age, execution_date=20211110T000000, start_date=20230530T113654, end_date=20230530T113655
[2023-05-30T11:36:55.790+0000] {local_task_job.py:159} INFO - Task exited with return code 0
[2023-05-30T11:36:55.837+0000] {taskinstance.py:2582} INFO - 1 downstream tasks scheduled from follow-on schedule check
