[2023-05-30T11:28:28.639+0000] {taskinstance.py:1087} INFO - Dependencies all met for <TaskInstance: our_first_dag_v5.thrid_task scheduled__2021-08-30T00:00:00+00:00 [queued]>
[2023-05-30T11:28:28.655+0000] {taskinstance.py:1087} INFO - Dependencies all met for <TaskInstance: our_first_dag_v5.thrid_task scheduled__2021-08-30T00:00:00+00:00 [queued]>
[2023-05-30T11:28:28.657+0000] {taskinstance.py:1283} INFO - 
--------------------------------------------------------------------------------
[2023-05-30T11:28:28.658+0000] {taskinstance.py:1284} INFO - Starting attempt 1 of 6
[2023-05-30T11:28:28.660+0000] {taskinstance.py:1285} INFO - 
--------------------------------------------------------------------------------
[2023-05-30T11:28:28.700+0000] {taskinstance.py:1304} INFO - Executing <Task(BashOperator): thrid_task> on 2021-08-30 00:00:00+00:00
[2023-05-30T11:28:28.710+0000] {standard_task_runner.py:55} INFO - Started process 1983 to run task
[2023-05-30T11:28:28.725+0000] {standard_task_runner.py:82} INFO - Running: ['***', 'tasks', 'run', 'our_first_dag_v5', 'thrid_task', 'scheduled__2021-08-30T00:00:00+00:00', '--job-id', '101', '--raw', '--subdir', 'DAGS_FOLDER/first_Dag.py', '--cfg-path', '/tmp/tmpokh99soz']
[2023-05-30T11:28:28.727+0000] {standard_task_runner.py:83} INFO - Job 101: Subtask thrid_task
[2023-05-30T11:28:28.839+0000] {task_command.py:389} INFO - Running <TaskInstance: our_first_dag_v5.thrid_task scheduled__2021-08-30T00:00:00+00:00 [running]> on host 49219f98c96e
[2023-05-30T11:28:28.971+0000] {taskinstance.py:1513} INFO - Exporting the following env vars:
AIRFLOW_CTX_DAG_OWNER=coder2j
AIRFLOW_CTX_DAG_ID=our_first_dag_v5
AIRFLOW_CTX_TASK_ID=thrid_task
AIRFLOW_CTX_EXECUTION_DATE=2021-08-30T00:00:00+00:00
AIRFLOW_CTX_TRY_NUMBER=1
AIRFLOW_CTX_DAG_RUN_ID=scheduled__2021-08-30T00:00:00+00:00
[2023-05-30T11:28:28.975+0000] {subprocess.py:63} INFO - Tmp dir root location: 
 /tmp
[2023-05-30T11:28:28.977+0000] {subprocess.py:75} INFO - Running command: ['/bin/bash', '-c', 'echo hey, I am task3 and will be running after task1 at the same time as task2!']
[2023-05-30T11:28:28.994+0000] {subprocess.py:86} INFO - Output:
[2023-05-30T11:28:28.997+0000] {subprocess.py:93} INFO - hey, I am task3 and will be running after task1 at the same time as task2!
[2023-05-30T11:28:28.998+0000] {subprocess.py:97} INFO - Command exited with return code 0
[2023-05-30T11:28:29.036+0000] {taskinstance.py:1327} INFO - Marking task as SUCCESS. dag_id=our_first_dag_v5, task_id=thrid_task, execution_date=20210830T000000, start_date=20230530T112828, end_date=20230530T112829
[2023-05-30T11:28:29.093+0000] {local_task_job.py:159} INFO - Task exited with return code 0
[2023-05-30T11:28:29.117+0000] {taskinstance.py:2582} INFO - 0 downstream tasks scheduled from follow-on schedule check
[2023-06-07T06:32:01.238+0000] {taskinstance.py:1087} INFO - Dependencies all met for <TaskInstance: our_first_dag_v5.thrid_task scheduled__2021-08-30T00:00:00+00:00 [queued]>
[2023-06-07T06:32:01.293+0000] {taskinstance.py:1087} INFO - Dependencies all met for <TaskInstance: our_first_dag_v5.thrid_task scheduled__2021-08-30T00:00:00+00:00 [queued]>
[2023-06-07T06:32:01.296+0000] {taskinstance.py:1283} INFO - 
--------------------------------------------------------------------------------
[2023-06-07T06:32:01.298+0000] {taskinstance.py:1284} INFO - Starting attempt 1 of 6
[2023-06-07T06:32:01.300+0000] {taskinstance.py:1285} INFO - 
--------------------------------------------------------------------------------
[2023-06-07T06:32:01.438+0000] {taskinstance.py:1304} INFO - Executing <Task(BashOperator): thrid_task> on 2021-08-30 00:00:00+00:00
[2023-06-07T06:32:01.473+0000] {standard_task_runner.py:55} INFO - Started process 912 to run task
[2023-06-07T06:32:01.530+0000] {standard_task_runner.py:82} INFO - Running: ['***', 'tasks', 'run', 'our_first_dag_v5', 'thrid_task', 'scheduled__2021-08-30T00:00:00+00:00', '--job-id', '1179', '--raw', '--subdir', 'DAGS_FOLDER/first_Dag.py', '--cfg-path', '/tmp/tmpfbsqa1qz']
[2023-06-07T06:32:01.533+0000] {standard_task_runner.py:83} INFO - Job 1179: Subtask thrid_task
[2023-06-07T06:32:01.951+0000] {task_command.py:389} INFO - Running <TaskInstance: our_first_dag_v5.thrid_task scheduled__2021-08-30T00:00:00+00:00 [running]> on host 026ed797f3b3
[2023-06-07T06:32:02.754+0000] {taskinstance.py:1513} INFO - Exporting the following env vars:
AIRFLOW_CTX_DAG_OWNER=coder2j
AIRFLOW_CTX_DAG_ID=our_first_dag_v5
AIRFLOW_CTX_TASK_ID=thrid_task
AIRFLOW_CTX_EXECUTION_DATE=2021-08-30T00:00:00+00:00
AIRFLOW_CTX_TRY_NUMBER=1
AIRFLOW_CTX_DAG_RUN_ID=scheduled__2021-08-30T00:00:00+00:00
[2023-06-07T06:32:02.761+0000] {subprocess.py:63} INFO - Tmp dir root location: 
 /tmp
[2023-06-07T06:32:02.765+0000] {subprocess.py:75} INFO - Running command: ['/bin/bash', '-c', 'echo hey, I am task3 and will be running after task1 at the same time as task2!']
[2023-06-07T06:32:02.863+0000] {subprocess.py:86} INFO - Output:
[2023-06-07T06:32:02.886+0000] {subprocess.py:93} INFO - hey, I am task3 and will be running after task1 at the same time as task2!
[2023-06-07T06:32:02.889+0000] {subprocess.py:97} INFO - Command exited with return code 0
[2023-06-07T06:32:03.009+0000] {taskinstance.py:1327} INFO - Marking task as SUCCESS. dag_id=our_first_dag_v5, task_id=thrid_task, execution_date=20210830T000000, start_date=20230607T063201, end_date=20230607T063203
[2023-06-07T06:32:03.101+0000] {local_task_job.py:159} INFO - Task exited with return code 0
[2023-06-07T06:32:03.225+0000] {taskinstance.py:2582} INFO - 0 downstream tasks scheduled from follow-on schedule check
