[2023-05-30T11:37:03.329+0000] {taskinstance.py:1087} INFO - Dependencies all met for <TaskInstance: our_dag_with_python_operator_v07.greet scheduled__2021-11-14T00:00:00+00:00 [queued]>
[2023-05-30T11:37:03.387+0000] {taskinstance.py:1087} INFO - Dependencies all met for <TaskInstance: our_dag_with_python_operator_v07.greet scheduled__2021-11-14T00:00:00+00:00 [queued]>
[2023-05-30T11:37:03.388+0000] {taskinstance.py:1283} INFO - 
--------------------------------------------------------------------------------
[2023-05-30T11:37:03.390+0000] {taskinstance.py:1284} INFO - Starting attempt 1 of 6
[2023-05-30T11:37:03.391+0000] {taskinstance.py:1285} INFO - 
--------------------------------------------------------------------------------
[2023-05-30T11:37:03.430+0000] {taskinstance.py:1304} INFO - Executing <Task(PythonOperator): greet> on 2021-11-14 00:00:00+00:00
[2023-05-30T11:37:03.462+0000] {standard_task_runner.py:55} INFO - Started process 5787 to run task
[2023-05-30T11:37:03.516+0000] {standard_task_runner.py:82} INFO - Running: ['***', 'tasks', 'run', 'our_dag_with_python_operator_v07', 'greet', 'scheduled__2021-11-14T00:00:00+00:00', '--job-id', '1241', '--raw', '--subdir', 'DAGS_FOLDER/dag_python_opr.py', '--cfg-path', '/tmp/tmpvzn49nm2']
[2023-05-30T11:37:03.524+0000] {standard_task_runner.py:83} INFO - Job 1241: Subtask greet
[2023-05-30T11:37:03.871+0000] {task_command.py:389} INFO - Running <TaskInstance: our_dag_with_python_operator_v07.greet scheduled__2021-11-14T00:00:00+00:00 [running]> on host 49219f98c96e
[2023-05-30T11:37:04.138+0000] {taskinstance.py:1513} INFO - Exporting the following env vars:
AIRFLOW_CTX_DAG_OWNER=coder2j
AIRFLOW_CTX_DAG_ID=our_dag_with_python_operator_v07
AIRFLOW_CTX_TASK_ID=greet
AIRFLOW_CTX_EXECUTION_DATE=2021-11-14T00:00:00+00:00
AIRFLOW_CTX_TRY_NUMBER=1
AIRFLOW_CTX_DAG_RUN_ID=scheduled__2021-11-14T00:00:00+00:00
[2023-05-30T11:37:04.143+0000] {logging_mixin.py:137} INFO - some dict:  {'a': 1, 'b': 2}
[2023-05-30T11:37:04.235+0000] {logging_mixin.py:137} INFO - Hello World! My name is Jerry Fridman, and I am 19 years old!
[2023-05-30T11:37:04.237+0000] {python.py:177} INFO - Done. Returned value was: None
[2023-05-30T11:37:04.289+0000] {taskinstance.py:1327} INFO - Marking task as SUCCESS. dag_id=our_dag_with_python_operator_v07, task_id=greet, execution_date=20211114T000000, start_date=20230530T113703, end_date=20230530T113704
[2023-05-30T11:37:04.387+0000] {local_task_job.py:159} INFO - Task exited with return code 0
[2023-05-30T11:37:04.602+0000] {taskinstance.py:2582} INFO - 0 downstream tasks scheduled from follow-on schedule check
[2023-06-07T06:32:13.858+0000] {taskinstance.py:1087} INFO - Dependencies all met for <TaskInstance: our_dag_with_python_operator_v07.greet scheduled__2021-11-14T00:00:00+00:00 [queued]>
[2023-06-07T06:32:13.911+0000] {taskinstance.py:1087} INFO - Dependencies all met for <TaskInstance: our_dag_with_python_operator_v07.greet scheduled__2021-11-14T00:00:00+00:00 [queued]>
[2023-06-07T06:32:13.914+0000] {taskinstance.py:1283} INFO - 
--------------------------------------------------------------------------------
[2023-06-07T06:32:13.929+0000] {taskinstance.py:1284} INFO - Starting attempt 1 of 6
[2023-06-07T06:32:13.931+0000] {taskinstance.py:1285} INFO - 
--------------------------------------------------------------------------------
[2023-06-07T06:32:14.007+0000] {taskinstance.py:1304} INFO - Executing <Task(PythonOperator): greet> on 2021-11-14 00:00:00+00:00
[2023-06-07T06:32:14.034+0000] {standard_task_runner.py:82} INFO - Running: ['***', 'tasks', 'run', 'our_dag_with_python_operator_v07', 'greet', 'scheduled__2021-11-14T00:00:00+00:00', '--job-id', '1220', '--raw', '--subdir', 'DAGS_FOLDER/dag_python_opr.py', '--cfg-path', '/tmp/tmpw95chrj5']
[2023-06-07T06:32:14.045+0000] {standard_task_runner.py:83} INFO - Job 1220: Subtask greet
[2023-06-07T06:32:14.023+0000] {standard_task_runner.py:55} INFO - Started process 1016 to run task
[2023-06-07T06:32:14.400+0000] {task_command.py:389} INFO - Running <TaskInstance: our_dag_with_python_operator_v07.greet scheduled__2021-11-14T00:00:00+00:00 [running]> on host 026ed797f3b3
[2023-06-07T06:32:14.687+0000] {taskinstance.py:1513} INFO - Exporting the following env vars:
AIRFLOW_CTX_DAG_OWNER=coder2j
AIRFLOW_CTX_DAG_ID=our_dag_with_python_operator_v07
AIRFLOW_CTX_TASK_ID=greet
AIRFLOW_CTX_EXECUTION_DATE=2021-11-14T00:00:00+00:00
AIRFLOW_CTX_TRY_NUMBER=1
AIRFLOW_CTX_DAG_RUN_ID=scheduled__2021-11-14T00:00:00+00:00
[2023-06-07T06:32:14.689+0000] {logging_mixin.py:137} INFO - some dict:  {'a': 1, 'b': 2}
[2023-06-07T06:32:14.772+0000] {logging_mixin.py:137} INFO - Hello World! My name is Jerry Fridman, and I am 19 years old!
[2023-06-07T06:32:14.773+0000] {python.py:177} INFO - Done. Returned value was: None
[2023-06-07T06:32:14.817+0000] {taskinstance.py:1327} INFO - Marking task as SUCCESS. dag_id=our_dag_with_python_operator_v07, task_id=greet, execution_date=20211114T000000, start_date=20230607T063213, end_date=20230607T063214
[2023-06-07T06:32:14.962+0000] {local_task_job.py:159} INFO - Task exited with return code 0
[2023-06-07T06:32:15.054+0000] {taskinstance.py:2582} INFO - 0 downstream tasks scheduled from follow-on schedule check
