[2023-05-30T12:32:41.800+0000] {taskinstance.py:1087} INFO - Dependencies all met for <TaskInstance: our_dag_with_python_operator_v07.get_name scheduled__2022-03-02T00:00:00+00:00 [queued]>
[2023-05-30T12:32:41.848+0000] {taskinstance.py:1087} INFO - Dependencies all met for <TaskInstance: our_dag_with_python_operator_v07.get_name scheduled__2022-03-02T00:00:00+00:00 [queued]>
[2023-05-30T12:32:41.853+0000] {taskinstance.py:1283} INFO - 
--------------------------------------------------------------------------------
[2023-05-30T12:32:41.854+0000] {taskinstance.py:1284} INFO - Starting attempt 1 of 6
[2023-05-30T12:32:41.855+0000] {taskinstance.py:1285} INFO - 
--------------------------------------------------------------------------------
[2023-05-30T12:32:42.017+0000] {taskinstance.py:1304} INFO - Executing <Task(PythonOperator): get_name> on 2022-03-02 00:00:00+00:00
[2023-05-30T12:32:42.056+0000] {standard_task_runner.py:55} INFO - Started process 10185 to run task
[2023-05-30T12:32:42.062+0000] {standard_task_runner.py:82} INFO - Running: ['***', 'tasks', 'run', 'our_dag_with_python_operator_v07', 'get_name', 'scheduled__2022-03-02T00:00:00+00:00', '--job-id', '1556', '--raw', '--subdir', 'DAGS_FOLDER/dag_python_opr.py', '--cfg-path', '/tmp/tmphf11naf6']
[2023-05-30T12:32:42.066+0000] {standard_task_runner.py:83} INFO - Job 1556: Subtask get_name
[2023-05-30T12:32:42.382+0000] {task_command.py:389} INFO - Running <TaskInstance: our_dag_with_python_operator_v07.get_name scheduled__2022-03-02T00:00:00+00:00 [running]> on host 49219f98c96e
[2023-05-30T12:32:42.623+0000] {taskinstance.py:1513} INFO - Exporting the following env vars:
AIRFLOW_CTX_DAG_OWNER=coder2j
AIRFLOW_CTX_DAG_ID=our_dag_with_python_operator_v07
AIRFLOW_CTX_TASK_ID=get_name
AIRFLOW_CTX_EXECUTION_DATE=2022-03-02T00:00:00+00:00
AIRFLOW_CTX_TRY_NUMBER=1
AIRFLOW_CTX_DAG_RUN_ID=scheduled__2022-03-02T00:00:00+00:00
[2023-05-30T12:32:42.744+0000] {python.py:177} INFO - Done. Returned value was: None
[2023-05-30T12:32:42.810+0000] {taskinstance.py:1327} INFO - Marking task as SUCCESS. dag_id=our_dag_with_python_operator_v07, task_id=get_name, execution_date=20220302T000000, start_date=20230530T123241, end_date=20230530T123242
[2023-05-30T12:32:42.973+0000] {local_task_job.py:159} INFO - Task exited with return code 0
[2023-05-30T12:32:43.155+0000] {taskinstance.py:2582} INFO - 0 downstream tasks scheduled from follow-on schedule check
[2023-06-07T06:36:24.582+0000] {taskinstance.py:1087} INFO - Dependencies all met for <TaskInstance: our_dag_with_python_operator_v07.get_name scheduled__2022-03-02T00:00:00+00:00 [queued]>
[2023-06-07T06:36:24.820+0000] {taskinstance.py:1087} INFO - Dependencies all met for <TaskInstance: our_dag_with_python_operator_v07.get_name scheduled__2022-03-02T00:00:00+00:00 [queued]>
[2023-06-07T06:36:24.866+0000] {taskinstance.py:1283} INFO - 
--------------------------------------------------------------------------------
[2023-06-07T06:36:24.884+0000] {taskinstance.py:1284} INFO - Starting attempt 1 of 6
[2023-06-07T06:36:24.900+0000] {taskinstance.py:1285} INFO - 
--------------------------------------------------------------------------------
[2023-06-07T06:36:25.793+0000] {taskinstance.py:1304} INFO - Executing <Task(PythonOperator): get_name> on 2022-03-02 00:00:00+00:00
[2023-06-07T06:36:25.890+0000] {standard_task_runner.py:55} INFO - Started process 2727 to run task
[2023-06-07T06:36:26.056+0000] {standard_task_runner.py:82} INFO - Running: ['***', 'tasks', 'run', 'our_dag_with_python_operator_v07', 'get_name', 'scheduled__2022-03-02T00:00:00+00:00', '--job-id', '1841', '--raw', '--subdir', 'DAGS_FOLDER/dag_python_opr.py', '--cfg-path', '/tmp/tmpo2vqszyd']
[2023-06-07T06:36:26.083+0000] {standard_task_runner.py:83} INFO - Job 1841: Subtask get_name
[2023-06-07T06:36:27.512+0000] {task_command.py:389} INFO - Running <TaskInstance: our_dag_with_python_operator_v07.get_name scheduled__2022-03-02T00:00:00+00:00 [running]> on host 026ed797f3b3
[2023-06-07T06:36:29.537+0000] {taskinstance.py:1513} INFO - Exporting the following env vars:
AIRFLOW_CTX_DAG_OWNER=coder2j
AIRFLOW_CTX_DAG_ID=our_dag_with_python_operator_v07
AIRFLOW_CTX_TASK_ID=get_name
AIRFLOW_CTX_EXECUTION_DATE=2022-03-02T00:00:00+00:00
AIRFLOW_CTX_TRY_NUMBER=1
AIRFLOW_CTX_DAG_RUN_ID=scheduled__2022-03-02T00:00:00+00:00
[2023-06-07T06:36:29.942+0000] {python.py:177} INFO - Done. Returned value was: None
[2023-06-07T06:36:30.086+0000] {taskinstance.py:1327} INFO - Marking task as SUCCESS. dag_id=our_dag_with_python_operator_v07, task_id=get_name, execution_date=20220302T000000, start_date=20230607T063624, end_date=20230607T063630
[2023-06-07T06:36:30.576+0000] {local_task_job.py:159} INFO - Task exited with return code 0
[2023-06-07T06:36:30.792+0000] {taskinstance.py:2582} INFO - 1 downstream tasks scheduled from follow-on schedule check
