[2023-05-30T11:29:26.399+0000] {taskinstance.py:1087} INFO - Dependencies all met for <TaskInstance: our_first_dag_v5.second_task scheduled__2021-10-26T00:00:00+00:00 [queued]>
[2023-05-30T11:29:26.420+0000] {taskinstance.py:1087} INFO - Dependencies all met for <TaskInstance: our_first_dag_v5.second_task scheduled__2021-10-26T00:00:00+00:00 [queued]>
[2023-05-30T11:29:26.422+0000] {taskinstance.py:1283} INFO - 
--------------------------------------------------------------------------------
[2023-05-30T11:29:26.423+0000] {taskinstance.py:1284} INFO - Starting attempt 1 of 6
[2023-05-30T11:29:26.426+0000] {taskinstance.py:1285} INFO - 
--------------------------------------------------------------------------------
[2023-05-30T11:29:26.454+0000] {taskinstance.py:1304} INFO - Executing <Task(BashOperator): second_task> on 2021-10-26 00:00:00+00:00
[2023-05-30T11:29:26.462+0000] {standard_task_runner.py:55} INFO - Started process 2549 to run task
[2023-05-30T11:29:26.477+0000] {standard_task_runner.py:82} INFO - Running: ['***', 'tasks', 'run', 'our_first_dag_v5', 'second_task', 'scheduled__2021-10-26T00:00:00+00:00', '--job-id', '274', '--raw', '--subdir', 'DAGS_FOLDER/first_Dag.py', '--cfg-path', '/tmp/tmpih6xflqp']
[2023-05-30T11:29:26.479+0000] {standard_task_runner.py:83} INFO - Job 274: Subtask second_task
[2023-05-30T11:29:26.635+0000] {task_command.py:389} INFO - Running <TaskInstance: our_first_dag_v5.second_task scheduled__2021-10-26T00:00:00+00:00 [running]> on host 49219f98c96e
[2023-05-30T11:29:26.752+0000] {taskinstance.py:1513} INFO - Exporting the following env vars:
AIRFLOW_CTX_DAG_OWNER=coder2j
AIRFLOW_CTX_DAG_ID=our_first_dag_v5
AIRFLOW_CTX_TASK_ID=second_task
AIRFLOW_CTX_EXECUTION_DATE=2021-10-26T00:00:00+00:00
AIRFLOW_CTX_TRY_NUMBER=1
AIRFLOW_CTX_DAG_RUN_ID=scheduled__2021-10-26T00:00:00+00:00
[2023-05-30T11:29:26.754+0000] {subprocess.py:63} INFO - Tmp dir root location: 
 /tmp
[2023-05-30T11:29:26.756+0000] {subprocess.py:75} INFO - Running command: ['/bin/bash', '-c', 'echo hey, I am task2 and will be running after task1!']
[2023-05-30T11:29:26.777+0000] {subprocess.py:86} INFO - Output:
[2023-05-30T11:29:26.782+0000] {subprocess.py:93} INFO - hey, I am task2 and will be running after task1!
[2023-05-30T11:29:26.785+0000] {subprocess.py:97} INFO - Command exited with return code 0
[2023-05-30T11:29:26.828+0000] {taskinstance.py:1327} INFO - Marking task as SUCCESS. dag_id=our_first_dag_v5, task_id=second_task, execution_date=20211026T000000, start_date=20230530T112926, end_date=20230530T112926
[2023-05-30T11:29:26.927+0000] {local_task_job.py:159} INFO - Task exited with return code 0
[2023-05-30T11:29:26.977+0000] {taskinstance.py:2582} INFO - 0 downstream tasks scheduled from follow-on schedule check
[2023-06-07T06:34:06.647+0000] {taskinstance.py:1087} INFO - Dependencies all met for <TaskInstance: our_first_dag_v5.second_task scheduled__2021-10-26T00:00:00+00:00 [queued]>
[2023-06-07T06:34:06.703+0000] {taskinstance.py:1087} INFO - Dependencies all met for <TaskInstance: our_first_dag_v5.second_task scheduled__2021-10-26T00:00:00+00:00 [queued]>
[2023-06-07T06:34:06.714+0000] {taskinstance.py:1283} INFO - 
--------------------------------------------------------------------------------
[2023-06-07T06:34:06.715+0000] {taskinstance.py:1284} INFO - Starting attempt 1 of 6
[2023-06-07T06:34:06.718+0000] {taskinstance.py:1285} INFO - 
--------------------------------------------------------------------------------
[2023-06-07T06:34:06.899+0000] {taskinstance.py:1304} INFO - Executing <Task(BashOperator): second_task> on 2021-10-26 00:00:00+00:00
[2023-06-07T06:34:06.984+0000] {standard_task_runner.py:55} INFO - Started process 1868 to run task
[2023-06-07T06:34:07.119+0000] {standard_task_runner.py:82} INFO - Running: ['***', 'tasks', 'run', 'our_first_dag_v5', 'second_task', 'scheduled__2021-10-26T00:00:00+00:00', '--job-id', '1529', '--raw', '--subdir', 'DAGS_FOLDER/first_Dag.py', '--cfg-path', '/tmp/tmp47lqlqgm']
[2023-06-07T06:34:07.135+0000] {standard_task_runner.py:83} INFO - Job 1529: Subtask second_task
[2023-06-07T06:34:07.605+0000] {task_command.py:389} INFO - Running <TaskInstance: our_first_dag_v5.second_task scheduled__2021-10-26T00:00:00+00:00 [running]> on host 026ed797f3b3
[2023-06-07T06:34:08.584+0000] {taskinstance.py:1513} INFO - Exporting the following env vars:
AIRFLOW_CTX_DAG_OWNER=coder2j
AIRFLOW_CTX_DAG_ID=our_first_dag_v5
AIRFLOW_CTX_TASK_ID=second_task
AIRFLOW_CTX_EXECUTION_DATE=2021-10-26T00:00:00+00:00
AIRFLOW_CTX_TRY_NUMBER=1
AIRFLOW_CTX_DAG_RUN_ID=scheduled__2021-10-26T00:00:00+00:00
[2023-06-07T06:34:08.593+0000] {subprocess.py:63} INFO - Tmp dir root location: 
 /tmp
[2023-06-07T06:34:08.604+0000] {subprocess.py:75} INFO - Running command: ['/bin/bash', '-c', 'echo hey, I am task2 and will be running after task1!']
[2023-06-07T06:34:08.736+0000] {subprocess.py:86} INFO - Output:
[2023-06-07T06:34:08.747+0000] {subprocess.py:93} INFO - hey, I am task2 and will be running after task1!
[2023-06-07T06:34:08.750+0000] {subprocess.py:97} INFO - Command exited with return code 0
[2023-06-07T06:34:08.976+0000] {taskinstance.py:1327} INFO - Marking task as SUCCESS. dag_id=our_first_dag_v5, task_id=second_task, execution_date=20211026T000000, start_date=20230607T063406, end_date=20230607T063408
[2023-06-07T06:34:09.410+0000] {local_task_job.py:159} INFO - Task exited with return code 0
[2023-06-07T06:34:09.533+0000] {taskinstance.py:2582} INFO - 0 downstream tasks scheduled from follow-on schedule check
