[2023-05-30T12:38:47.262+0000] {taskinstance.py:1087} INFO - Dependencies all met for <TaskInstance: our_dag_with_python_operator_v07.get_age scheduled__2023-01-31T00:00:00+00:00 [queued]>
[2023-05-30T12:38:47.304+0000] {taskinstance.py:1087} INFO - Dependencies all met for <TaskInstance: our_dag_with_python_operator_v07.get_age scheduled__2023-01-31T00:00:00+00:00 [queued]>
[2023-05-30T12:38:47.305+0000] {taskinstance.py:1283} INFO - 
--------------------------------------------------------------------------------
[2023-05-30T12:38:47.306+0000] {taskinstance.py:1284} INFO - Starting attempt 1 of 6
[2023-05-30T12:38:47.307+0000] {taskinstance.py:1285} INFO - 
--------------------------------------------------------------------------------
[2023-05-30T12:38:47.366+0000] {taskinstance.py:1304} INFO - Executing <Task(PythonOperator): get_age> on 2023-01-31 00:00:00+00:00
[2023-05-30T12:38:47.385+0000] {standard_task_runner.py:55} INFO - Started process 12537 to run task
[2023-05-30T12:38:47.410+0000] {standard_task_runner.py:82} INFO - Running: ['***', 'tasks', 'run', 'our_dag_with_python_operator_v07', 'get_age', 'scheduled__2023-01-31T00:00:00+00:00', '--job-id', '2563', '--raw', '--subdir', 'DAGS_FOLDER/dag_python_opr.py', '--cfg-path', '/tmp/tmpg3j0_bvz']
[2023-05-30T12:38:47.412+0000] {standard_task_runner.py:83} INFO - Job 2563: Subtask get_age
[2023-05-30T12:38:47.639+0000] {task_command.py:389} INFO - Running <TaskInstance: our_dag_with_python_operator_v07.get_age scheduled__2023-01-31T00:00:00+00:00 [running]> on host 49219f98c96e
[2023-05-30T12:38:47.846+0000] {taskinstance.py:1513} INFO - Exporting the following env vars:
AIRFLOW_CTX_DAG_OWNER=coder2j
AIRFLOW_CTX_DAG_ID=our_dag_with_python_operator_v07
AIRFLOW_CTX_TASK_ID=get_age
AIRFLOW_CTX_EXECUTION_DATE=2023-01-31T00:00:00+00:00
AIRFLOW_CTX_TRY_NUMBER=1
AIRFLOW_CTX_DAG_RUN_ID=scheduled__2023-01-31T00:00:00+00:00
[2023-05-30T12:38:47.882+0000] {python.py:177} INFO - Done. Returned value was: None
[2023-05-30T12:38:47.911+0000] {taskinstance.py:1327} INFO - Marking task as SUCCESS. dag_id=our_dag_with_python_operator_v07, task_id=get_age, execution_date=20230131T000000, start_date=20230530T123847, end_date=20230530T123847
[2023-05-30T12:38:47.978+0000] {local_task_job.py:159} INFO - Task exited with return code 0
[2023-05-30T12:38:48.121+0000] {taskinstance.py:2582} INFO - 0 downstream tasks scheduled from follow-on schedule check
