[2023-05-30T12:39:49.505+0000] {taskinstance.py:1087} INFO - Dependencies all met for <TaskInstance: our_dag_with_python_operator_v07.greet scheduled__2023-03-31T00:00:00+00:00 [queued]>
[2023-05-30T12:39:49.556+0000] {taskinstance.py:1087} INFO - Dependencies all met for <TaskInstance: our_dag_with_python_operator_v07.greet scheduled__2023-03-31T00:00:00+00:00 [queued]>
[2023-05-30T12:39:49.558+0000] {taskinstance.py:1283} INFO - 
--------------------------------------------------------------------------------
[2023-05-30T12:39:49.559+0000] {taskinstance.py:1284} INFO - Starting attempt 1 of 6
[2023-05-30T12:39:49.560+0000] {taskinstance.py:1285} INFO - 
--------------------------------------------------------------------------------
[2023-05-30T12:39:49.602+0000] {taskinstance.py:1304} INFO - Executing <Task(PythonOperator): greet> on 2023-03-31 00:00:00+00:00
[2023-05-30T12:39:49.628+0000] {standard_task_runner.py:55} INFO - Started process 12964 to run task
[2023-05-30T12:39:49.639+0000] {standard_task_runner.py:82} INFO - Running: ['***', 'tasks', 'run', 'our_dag_with_python_operator_v07', 'greet', 'scheduled__2023-03-31T00:00:00+00:00', '--job-id', '2750', '--raw', '--subdir', 'DAGS_FOLDER/dag_python_opr.py', '--cfg-path', '/tmp/tmpq7m6assp']
[2023-05-30T12:39:49.656+0000] {standard_task_runner.py:83} INFO - Job 2750: Subtask greet
[2023-05-30T12:39:49.932+0000] {task_command.py:389} INFO - Running <TaskInstance: our_dag_with_python_operator_v07.greet scheduled__2023-03-31T00:00:00+00:00 [running]> on host 49219f98c96e
[2023-05-30T12:39:50.197+0000] {taskinstance.py:1513} INFO - Exporting the following env vars:
AIRFLOW_CTX_DAG_OWNER=coder2j
AIRFLOW_CTX_DAG_ID=our_dag_with_python_operator_v07
AIRFLOW_CTX_TASK_ID=greet
AIRFLOW_CTX_EXECUTION_DATE=2023-03-31T00:00:00+00:00
AIRFLOW_CTX_TRY_NUMBER=1
AIRFLOW_CTX_DAG_RUN_ID=scheduled__2023-03-31T00:00:00+00:00
[2023-05-30T12:39:50.203+0000] {logging_mixin.py:137} INFO - some dict:  {'a': 1, 'b': 2}
[2023-05-30T12:39:50.304+0000] {logging_mixin.py:137} INFO - Hello World! My name is Jerry Fridman, and I am 19 years old!
[2023-05-30T12:39:50.316+0000] {python.py:177} INFO - Done. Returned value was: None
[2023-05-30T12:39:50.382+0000] {taskinstance.py:1327} INFO - Marking task as SUCCESS. dag_id=our_dag_with_python_operator_v07, task_id=greet, execution_date=20230331T000000, start_date=20230530T123949, end_date=20230530T123950
[2023-05-30T12:39:50.505+0000] {local_task_job.py:159} INFO - Task exited with return code 0
[2023-05-30T12:39:50.544+0000] {taskinstance.py:2582} INFO - 0 downstream tasks scheduled from follow-on schedule check
