[2023-05-30T11:31:19.116+0000] {taskinstance.py:1087} INFO - Dependencies all met for <TaskInstance: our_first_dag_v5.second_task scheduled__2022-02-05T00:00:00+00:00 [queued]>
[2023-05-30T11:31:19.155+0000] {taskinstance.py:1087} INFO - Dependencies all met for <TaskInstance: our_first_dag_v5.second_task scheduled__2022-02-05T00:00:00+00:00 [queued]>
[2023-05-30T11:31:19.156+0000] {taskinstance.py:1283} INFO - 
--------------------------------------------------------------------------------
[2023-05-30T11:31:19.158+0000] {taskinstance.py:1284} INFO - Starting attempt 1 of 6
[2023-05-30T11:31:19.159+0000] {taskinstance.py:1285} INFO - 
--------------------------------------------------------------------------------
[2023-05-30T11:31:19.217+0000] {taskinstance.py:1304} INFO - Executing <Task(BashOperator): second_task> on 2022-02-05 00:00:00+00:00
[2023-05-30T11:31:19.229+0000] {standard_task_runner.py:55} INFO - Started process 3575 to run task
[2023-05-30T11:31:19.253+0000] {standard_task_runner.py:82} INFO - Running: ['***', 'tasks', 'run', 'our_first_dag_v5', 'second_task', 'scheduled__2022-02-05T00:00:00+00:00', '--job-id', '577', '--raw', '--subdir', 'DAGS_FOLDER/first_Dag.py', '--cfg-path', '/tmp/tmpdh2dvmvx']
[2023-05-30T11:31:19.255+0000] {standard_task_runner.py:83} INFO - Job 577: Subtask second_task
[2023-05-30T11:31:19.483+0000] {task_command.py:389} INFO - Running <TaskInstance: our_first_dag_v5.second_task scheduled__2022-02-05T00:00:00+00:00 [running]> on host 49219f98c96e
[2023-05-30T11:31:19.686+0000] {taskinstance.py:1513} INFO - Exporting the following env vars:
AIRFLOW_CTX_DAG_OWNER=coder2j
AIRFLOW_CTX_DAG_ID=our_first_dag_v5
AIRFLOW_CTX_TASK_ID=second_task
AIRFLOW_CTX_EXECUTION_DATE=2022-02-05T00:00:00+00:00
AIRFLOW_CTX_TRY_NUMBER=1
AIRFLOW_CTX_DAG_RUN_ID=scheduled__2022-02-05T00:00:00+00:00
[2023-05-30T11:31:19.692+0000] {subprocess.py:63} INFO - Tmp dir root location: 
 /tmp
[2023-05-30T11:31:19.697+0000] {subprocess.py:75} INFO - Running command: ['/bin/bash', '-c', 'echo hey, I am task2 and will be running after task1!']
[2023-05-30T11:31:19.748+0000] {subprocess.py:86} INFO - Output:
[2023-05-30T11:31:19.751+0000] {subprocess.py:93} INFO - hey, I am task2 and will be running after task1!
[2023-05-30T11:31:19.753+0000] {subprocess.py:97} INFO - Command exited with return code 0
[2023-05-30T11:31:19.829+0000] {taskinstance.py:1327} INFO - Marking task as SUCCESS. dag_id=our_first_dag_v5, task_id=second_task, execution_date=20220205T000000, start_date=20230530T113119, end_date=20230530T113119
[2023-05-30T11:31:19.909+0000] {local_task_job.py:159} INFO - Task exited with return code 0
[2023-05-30T11:31:20.142+0000] {taskinstance.py:2582} INFO - 0 downstream tasks scheduled from follow-on schedule check
[2023-06-07T06:38:40.268+0000] {taskinstance.py:1087} INFO - Dependencies all met for <TaskInstance: our_first_dag_v5.second_task scheduled__2022-02-05T00:00:00+00:00 [queued]>
[2023-06-07T06:38:40.292+0000] {taskinstance.py:1087} INFO - Dependencies all met for <TaskInstance: our_first_dag_v5.second_task scheduled__2022-02-05T00:00:00+00:00 [queued]>
[2023-06-07T06:38:40.311+0000] {taskinstance.py:1283} INFO - 
--------------------------------------------------------------------------------
[2023-06-07T06:38:40.317+0000] {taskinstance.py:1284} INFO - Starting attempt 1 of 6
[2023-06-07T06:38:40.318+0000] {taskinstance.py:1285} INFO - 
--------------------------------------------------------------------------------
[2023-06-07T06:38:40.406+0000] {taskinstance.py:1304} INFO - Executing <Task(BashOperator): second_task> on 2022-02-05 00:00:00+00:00
[2023-06-07T06:38:40.431+0000] {standard_task_runner.py:55} INFO - Started process 3630 to run task
[2023-06-07T06:38:40.458+0000] {standard_task_runner.py:82} INFO - Running: ['***', 'tasks', 'run', 'our_first_dag_v5', 'second_task', 'scheduled__2022-02-05T00:00:00+00:00', '--job-id', '2163', '--raw', '--subdir', 'DAGS_FOLDER/first_Dag.py', '--cfg-path', '/tmp/tmprho8te6b']
[2023-06-07T06:38:40.465+0000] {standard_task_runner.py:83} INFO - Job 2163: Subtask second_task
[2023-06-07T06:38:40.836+0000] {task_command.py:389} INFO - Running <TaskInstance: our_first_dag_v5.second_task scheduled__2022-02-05T00:00:00+00:00 [running]> on host 026ed797f3b3
[2023-06-07T06:38:41.375+0000] {taskinstance.py:1513} INFO - Exporting the following env vars:
AIRFLOW_CTX_DAG_OWNER=coder2j
AIRFLOW_CTX_DAG_ID=our_first_dag_v5
AIRFLOW_CTX_TASK_ID=second_task
AIRFLOW_CTX_EXECUTION_DATE=2022-02-05T00:00:00+00:00
AIRFLOW_CTX_TRY_NUMBER=1
AIRFLOW_CTX_DAG_RUN_ID=scheduled__2022-02-05T00:00:00+00:00
[2023-06-07T06:38:41.382+0000] {subprocess.py:63} INFO - Tmp dir root location: 
 /tmp
[2023-06-07T06:38:41.387+0000] {subprocess.py:75} INFO - Running command: ['/bin/bash', '-c', 'echo hey, I am task2 and will be running after task1!']
[2023-06-07T06:38:41.450+0000] {subprocess.py:86} INFO - Output:
[2023-06-07T06:38:41.457+0000] {subprocess.py:93} INFO - hey, I am task2 and will be running after task1!
[2023-06-07T06:38:41.459+0000] {subprocess.py:97} INFO - Command exited with return code 0
[2023-06-07T06:38:41.627+0000] {taskinstance.py:1327} INFO - Marking task as SUCCESS. dag_id=our_first_dag_v5, task_id=second_task, execution_date=20220205T000000, start_date=20230607T063840, end_date=20230607T063841
[2023-06-07T06:38:41.809+0000] {local_task_job.py:159} INFO - Task exited with return code 0
[2023-06-07T06:38:41.862+0000] {taskinstance.py:2582} INFO - 0 downstream tasks scheduled from follow-on schedule check
