[2023-05-30T11:37:23.522+0000] {taskinstance.py:1087} INFO - Dependencies all met for <TaskInstance: our_dag_with_python_operator_v07.get_age scheduled__2021-12-05T00:00:00+00:00 [queued]>
[2023-05-30T11:37:23.547+0000] {taskinstance.py:1087} INFO - Dependencies all met for <TaskInstance: our_dag_with_python_operator_v07.get_age scheduled__2021-12-05T00:00:00+00:00 [queued]>
[2023-05-30T11:37:23.549+0000] {taskinstance.py:1283} INFO - 
--------------------------------------------------------------------------------
[2023-05-30T11:37:23.550+0000] {taskinstance.py:1284} INFO - Starting attempt 1 of 6
[2023-05-30T11:37:23.551+0000] {taskinstance.py:1285} INFO - 
--------------------------------------------------------------------------------
[2023-05-30T11:37:23.642+0000] {taskinstance.py:1304} INFO - Executing <Task(PythonOperator): get_age> on 2021-12-05 00:00:00+00:00
[2023-05-30T11:37:23.653+0000] {standard_task_runner.py:55} INFO - Started process 5912 to run task
[2023-05-30T11:37:23.674+0000] {standard_task_runner.py:82} INFO - Running: ['***', 'tasks', 'run', 'our_dag_with_python_operator_v07', 'get_age', 'scheduled__2021-12-05T00:00:00+00:00', '--job-id', '1295', '--raw', '--subdir', 'DAGS_FOLDER/dag_python_opr.py', '--cfg-path', '/tmp/tmplraovpwu']
[2023-05-30T11:37:23.682+0000] {standard_task_runner.py:83} INFO - Job 1295: Subtask get_age
[2023-05-30T11:37:23.930+0000] {task_command.py:389} INFO - Running <TaskInstance: our_dag_with_python_operator_v07.get_age scheduled__2021-12-05T00:00:00+00:00 [running]> on host 49219f98c96e
[2023-05-30T11:37:24.268+0000] {taskinstance.py:1513} INFO - Exporting the following env vars:
AIRFLOW_CTX_DAG_OWNER=coder2j
AIRFLOW_CTX_DAG_ID=our_dag_with_python_operator_v07
AIRFLOW_CTX_TASK_ID=get_age
AIRFLOW_CTX_EXECUTION_DATE=2021-12-05T00:00:00+00:00
AIRFLOW_CTX_TRY_NUMBER=1
AIRFLOW_CTX_DAG_RUN_ID=scheduled__2021-12-05T00:00:00+00:00
[2023-05-30T11:37:24.375+0000] {python.py:177} INFO - Done. Returned value was: None
[2023-05-30T11:37:24.454+0000] {taskinstance.py:1327} INFO - Marking task as SUCCESS. dag_id=our_dag_with_python_operator_v07, task_id=get_age, execution_date=20211205T000000, start_date=20230530T113723, end_date=20230530T113724
[2023-05-30T11:37:24.582+0000] {local_task_job.py:159} INFO - Task exited with return code 0
[2023-05-30T11:37:24.693+0000] {taskinstance.py:2582} INFO - 1 downstream tasks scheduled from follow-on schedule check
[2023-06-07T06:32:52.854+0000] {taskinstance.py:1087} INFO - Dependencies all met for <TaskInstance: our_dag_with_python_operator_v07.get_age scheduled__2021-12-05T00:00:00+00:00 [queued]>
[2023-06-07T06:32:52.895+0000] {taskinstance.py:1087} INFO - Dependencies all met for <TaskInstance: our_dag_with_python_operator_v07.get_age scheduled__2021-12-05T00:00:00+00:00 [queued]>
[2023-06-07T06:32:52.900+0000] {taskinstance.py:1283} INFO - 
--------------------------------------------------------------------------------
[2023-06-07T06:32:52.902+0000] {taskinstance.py:1284} INFO - Starting attempt 1 of 6
[2023-06-07T06:32:52.904+0000] {taskinstance.py:1285} INFO - 
--------------------------------------------------------------------------------
[2023-06-07T06:32:53.021+0000] {taskinstance.py:1304} INFO - Executing <Task(PythonOperator): get_age> on 2021-12-05 00:00:00+00:00
[2023-06-07T06:32:53.053+0000] {standard_task_runner.py:55} INFO - Started process 1312 to run task
[2023-06-07T06:32:53.119+0000] {standard_task_runner.py:82} INFO - Running: ['***', 'tasks', 'run', 'our_dag_with_python_operator_v07', 'get_age', 'scheduled__2021-12-05T00:00:00+00:00', '--job-id', '1325', '--raw', '--subdir', 'DAGS_FOLDER/dag_python_opr.py', '--cfg-path', '/tmp/tmp0birnakz']
[2023-06-07T06:32:53.123+0000] {standard_task_runner.py:83} INFO - Job 1325: Subtask get_age
[2023-06-07T06:32:53.509+0000] {task_command.py:389} INFO - Running <TaskInstance: our_dag_with_python_operator_v07.get_age scheduled__2021-12-05T00:00:00+00:00 [running]> on host 026ed797f3b3
[2023-06-07T06:32:53.898+0000] {taskinstance.py:1513} INFO - Exporting the following env vars:
AIRFLOW_CTX_DAG_OWNER=coder2j
AIRFLOW_CTX_DAG_ID=our_dag_with_python_operator_v07
AIRFLOW_CTX_TASK_ID=get_age
AIRFLOW_CTX_EXECUTION_DATE=2021-12-05T00:00:00+00:00
AIRFLOW_CTX_TRY_NUMBER=1
AIRFLOW_CTX_DAG_RUN_ID=scheduled__2021-12-05T00:00:00+00:00
[2023-06-07T06:32:53.983+0000] {python.py:177} INFO - Done. Returned value was: None
[2023-06-07T06:32:54.061+0000] {taskinstance.py:1327} INFO - Marking task as SUCCESS. dag_id=our_dag_with_python_operator_v07, task_id=get_age, execution_date=20211205T000000, start_date=20230607T063252, end_date=20230607T063254
[2023-06-07T06:32:54.275+0000] {local_task_job.py:159} INFO - Task exited with return code 0
[2023-06-07T06:32:54.417+0000] {taskinstance.py:2582} INFO - 0 downstream tasks scheduled from follow-on schedule check
