[2023-05-30T11:32:01.225+0000] {taskinstance.py:1087} INFO - Dependencies all met for <TaskInstance: our_first_dag_v5.second_task scheduled__2022-03-15T00:00:00+00:00 [queued]>
[2023-05-30T11:32:01.247+0000] {taskinstance.py:1087} INFO - Dependencies all met for <TaskInstance: our_first_dag_v5.second_task scheduled__2022-03-15T00:00:00+00:00 [queued]>
[2023-05-30T11:32:01.250+0000] {taskinstance.py:1283} INFO - 
--------------------------------------------------------------------------------
[2023-05-30T11:32:01.253+0000] {taskinstance.py:1284} INFO - Starting attempt 1 of 6
[2023-05-30T11:32:01.261+0000] {taskinstance.py:1285} INFO - 
--------------------------------------------------------------------------------
[2023-05-30T11:32:01.297+0000] {taskinstance.py:1304} INFO - Executing <Task(BashOperator): second_task> on 2022-03-15 00:00:00+00:00
[2023-05-30T11:32:01.309+0000] {standard_task_runner.py:55} INFO - Started process 3961 to run task
[2023-05-30T11:32:01.335+0000] {standard_task_runner.py:82} INFO - Running: ['***', 'tasks', 'run', 'our_first_dag_v5', 'second_task', 'scheduled__2022-03-15T00:00:00+00:00', '--job-id', '694', '--raw', '--subdir', 'DAGS_FOLDER/first_Dag.py', '--cfg-path', '/tmp/tmp7cgtrg7a']
[2023-05-30T11:32:01.338+0000] {standard_task_runner.py:83} INFO - Job 694: Subtask second_task
[2023-05-30T11:32:01.460+0000] {task_command.py:389} INFO - Running <TaskInstance: our_first_dag_v5.second_task scheduled__2022-03-15T00:00:00+00:00 [running]> on host 49219f98c96e
[2023-05-30T11:32:01.653+0000] {taskinstance.py:1513} INFO - Exporting the following env vars:
AIRFLOW_CTX_DAG_OWNER=coder2j
AIRFLOW_CTX_DAG_ID=our_first_dag_v5
AIRFLOW_CTX_TASK_ID=second_task
AIRFLOW_CTX_EXECUTION_DATE=2022-03-15T00:00:00+00:00
AIRFLOW_CTX_TRY_NUMBER=1
AIRFLOW_CTX_DAG_RUN_ID=scheduled__2022-03-15T00:00:00+00:00
[2023-05-30T11:32:01.658+0000] {subprocess.py:63} INFO - Tmp dir root location: 
 /tmp
[2023-05-30T11:32:01.667+0000] {subprocess.py:75} INFO - Running command: ['/bin/bash', '-c', 'echo hey, I am task2 and will be running after task1!']
[2023-05-30T11:32:01.731+0000] {subprocess.py:86} INFO - Output:
[2023-05-30T11:32:01.733+0000] {subprocess.py:93} INFO - hey, I am task2 and will be running after task1!
[2023-05-30T11:32:01.735+0000] {subprocess.py:97} INFO - Command exited with return code 0
[2023-05-30T11:32:01.798+0000] {taskinstance.py:1327} INFO - Marking task as SUCCESS. dag_id=our_first_dag_v5, task_id=second_task, execution_date=20220315T000000, start_date=20230530T113201, end_date=20230530T113201
[2023-05-30T11:32:01.899+0000] {local_task_job.py:159} INFO - Task exited with return code 0
[2023-05-30T11:32:01.934+0000] {taskinstance.py:2582} INFO - 0 downstream tasks scheduled from follow-on schedule check
[2023-06-07T06:40:27.817+0000] {taskinstance.py:1087} INFO - Dependencies all met for <TaskInstance: our_first_dag_v5.second_task scheduled__2022-03-15T00:00:00+00:00 [queued]>
[2023-06-07T06:40:27.919+0000] {taskinstance.py:1087} INFO - Dependencies all met for <TaskInstance: our_first_dag_v5.second_task scheduled__2022-03-15T00:00:00+00:00 [queued]>
[2023-06-07T06:40:27.924+0000] {taskinstance.py:1283} INFO - 
--------------------------------------------------------------------------------
[2023-06-07T06:40:27.926+0000] {taskinstance.py:1284} INFO - Starting attempt 1 of 6
[2023-06-07T06:40:27.931+0000] {taskinstance.py:1285} INFO - 
--------------------------------------------------------------------------------
[2023-06-07T06:40:28.141+0000] {taskinstance.py:1304} INFO - Executing <Task(BashOperator): second_task> on 2022-03-15 00:00:00+00:00
[2023-06-07T06:40:28.149+0000] {standard_task_runner.py:55} INFO - Started process 4285 to run task
[2023-06-07T06:40:28.190+0000] {standard_task_runner.py:82} INFO - Running: ['***', 'tasks', 'run', 'our_first_dag_v5', 'second_task', 'scheduled__2022-03-15T00:00:00+00:00', '--job-id', '2402', '--raw', '--subdir', 'DAGS_FOLDER/first_Dag.py', '--cfg-path', '/tmp/tmptjd2tz5a']
[2023-06-07T06:40:28.194+0000] {standard_task_runner.py:83} INFO - Job 2402: Subtask second_task
[2023-06-07T06:40:28.763+0000] {task_command.py:389} INFO - Running <TaskInstance: our_first_dag_v5.second_task scheduled__2022-03-15T00:00:00+00:00 [running]> on host 026ed797f3b3
[2023-06-07T06:40:29.320+0000] {taskinstance.py:1513} INFO - Exporting the following env vars:
AIRFLOW_CTX_DAG_OWNER=coder2j
AIRFLOW_CTX_DAG_ID=our_first_dag_v5
AIRFLOW_CTX_TASK_ID=second_task
AIRFLOW_CTX_EXECUTION_DATE=2022-03-15T00:00:00+00:00
AIRFLOW_CTX_TRY_NUMBER=1
AIRFLOW_CTX_DAG_RUN_ID=scheduled__2022-03-15T00:00:00+00:00
[2023-06-07T06:40:29.325+0000] {subprocess.py:63} INFO - Tmp dir root location: 
 /tmp
[2023-06-07T06:40:29.328+0000] {subprocess.py:75} INFO - Running command: ['/bin/bash', '-c', 'echo hey, I am task2 and will be running after task1!']
[2023-06-07T06:40:29.389+0000] {subprocess.py:86} INFO - Output:
[2023-06-07T06:40:29.413+0000] {subprocess.py:93} INFO - hey, I am task2 and will be running after task1!
[2023-06-07T06:40:29.421+0000] {subprocess.py:97} INFO - Command exited with return code 0
[2023-06-07T06:40:29.523+0000] {taskinstance.py:1327} INFO - Marking task as SUCCESS. dag_id=our_first_dag_v5, task_id=second_task, execution_date=20220315T000000, start_date=20230607T064027, end_date=20230607T064029
[2023-06-07T06:40:29.654+0000] {local_task_job.py:159} INFO - Task exited with return code 0
[2023-06-07T06:40:29.749+0000] {taskinstance.py:2582} INFO - 0 downstream tasks scheduled from follow-on schedule check
