[2023-05-30T11:30:51.580+0000] {taskinstance.py:1087} INFO - Dependencies all met for <TaskInstance: our_first_dag_v5.thrid_task scheduled__2022-01-10T00:00:00+00:00 [queued]>
[2023-05-30T11:30:51.596+0000] {taskinstance.py:1087} INFO - Dependencies all met for <TaskInstance: our_first_dag_v5.thrid_task scheduled__2022-01-10T00:00:00+00:00 [queued]>
[2023-05-30T11:30:51.600+0000] {taskinstance.py:1283} INFO - 
--------------------------------------------------------------------------------
[2023-05-30T11:30:51.601+0000] {taskinstance.py:1284} INFO - Starting attempt 1 of 6
[2023-05-30T11:30:51.602+0000] {taskinstance.py:1285} INFO - 
--------------------------------------------------------------------------------
[2023-05-30T11:30:51.684+0000] {taskinstance.py:1304} INFO - Executing <Task(BashOperator): thrid_task> on 2022-01-10 00:00:00+00:00
[2023-05-30T11:30:51.692+0000] {standard_task_runner.py:55} INFO - Started process 3323 to run task
[2023-05-30T11:30:51.706+0000] {standard_task_runner.py:82} INFO - Running: ['***', 'tasks', 'run', 'our_first_dag_v5', 'thrid_task', 'scheduled__2022-01-10T00:00:00+00:00', '--job-id', '501', '--raw', '--subdir', 'DAGS_FOLDER/first_Dag.py', '--cfg-path', '/tmp/tmpk4j4vt5x']
[2023-05-30T11:30:51.708+0000] {standard_task_runner.py:83} INFO - Job 501: Subtask thrid_task
[2023-05-30T11:30:51.910+0000] {task_command.py:389} INFO - Running <TaskInstance: our_first_dag_v5.thrid_task scheduled__2022-01-10T00:00:00+00:00 [running]> on host 49219f98c96e
[2023-05-30T11:30:52.143+0000] {taskinstance.py:1513} INFO - Exporting the following env vars:
AIRFLOW_CTX_DAG_OWNER=coder2j
AIRFLOW_CTX_DAG_ID=our_first_dag_v5
AIRFLOW_CTX_TASK_ID=thrid_task
AIRFLOW_CTX_EXECUTION_DATE=2022-01-10T00:00:00+00:00
AIRFLOW_CTX_TRY_NUMBER=1
AIRFLOW_CTX_DAG_RUN_ID=scheduled__2022-01-10T00:00:00+00:00
[2023-05-30T11:30:52.155+0000] {subprocess.py:63} INFO - Tmp dir root location: 
 /tmp
[2023-05-30T11:30:52.157+0000] {subprocess.py:75} INFO - Running command: ['/bin/bash', '-c', 'echo hey, I am task3 and will be running after task1 at the same time as task2!']
[2023-05-30T11:30:52.186+0000] {subprocess.py:86} INFO - Output:
[2023-05-30T11:30:52.193+0000] {subprocess.py:93} INFO - hey, I am task3 and will be running after task1 at the same time as task2!
[2023-05-30T11:30:52.195+0000] {subprocess.py:97} INFO - Command exited with return code 0
[2023-05-30T11:30:52.279+0000] {taskinstance.py:1327} INFO - Marking task as SUCCESS. dag_id=our_first_dag_v5, task_id=thrid_task, execution_date=20220110T000000, start_date=20230530T113051, end_date=20230530T113052
[2023-05-30T11:30:52.443+0000] {local_task_job.py:159} INFO - Task exited with return code 0
[2023-05-30T11:30:52.488+0000] {taskinstance.py:2582} INFO - 0 downstream tasks scheduled from follow-on schedule check
[2023-06-07T06:37:45.648+0000] {taskinstance.py:1087} INFO - Dependencies all met for <TaskInstance: our_first_dag_v5.thrid_task scheduled__2022-01-10T00:00:00+00:00 [queued]>
[2023-06-07T06:37:45.705+0000] {taskinstance.py:1087} INFO - Dependencies all met for <TaskInstance: our_first_dag_v5.thrid_task scheduled__2022-01-10T00:00:00+00:00 [queued]>
[2023-06-07T06:37:45.707+0000] {taskinstance.py:1283} INFO - 
--------------------------------------------------------------------------------
[2023-06-07T06:37:45.709+0000] {taskinstance.py:1284} INFO - Starting attempt 1 of 6
[2023-06-07T06:37:45.711+0000] {taskinstance.py:1285} INFO - 
--------------------------------------------------------------------------------
[2023-06-07T06:37:45.788+0000] {taskinstance.py:1304} INFO - Executing <Task(BashOperator): thrid_task> on 2022-01-10 00:00:00+00:00
[2023-06-07T06:37:45.820+0000] {standard_task_runner.py:55} INFO - Started process 3228 to run task
[2023-06-07T06:37:45.863+0000] {standard_task_runner.py:82} INFO - Running: ['***', 'tasks', 'run', 'our_first_dag_v5', 'thrid_task', 'scheduled__2022-01-10T00:00:00+00:00', '--job-id', '2020', '--raw', '--subdir', 'DAGS_FOLDER/first_Dag.py', '--cfg-path', '/tmp/tmp_r_wjqv2']
[2023-06-07T06:37:45.866+0000] {standard_task_runner.py:83} INFO - Job 2020: Subtask thrid_task
[2023-06-07T06:37:46.160+0000] {task_command.py:389} INFO - Running <TaskInstance: our_first_dag_v5.thrid_task scheduled__2022-01-10T00:00:00+00:00 [running]> on host 026ed797f3b3
[2023-06-07T06:37:46.493+0000] {taskinstance.py:1513} INFO - Exporting the following env vars:
AIRFLOW_CTX_DAG_OWNER=coder2j
AIRFLOW_CTX_DAG_ID=our_first_dag_v5
AIRFLOW_CTX_TASK_ID=thrid_task
AIRFLOW_CTX_EXECUTION_DATE=2022-01-10T00:00:00+00:00
AIRFLOW_CTX_TRY_NUMBER=1
AIRFLOW_CTX_DAG_RUN_ID=scheduled__2022-01-10T00:00:00+00:00
[2023-06-07T06:37:46.497+0000] {subprocess.py:63} INFO - Tmp dir root location: 
 /tmp
[2023-06-07T06:37:46.500+0000] {subprocess.py:75} INFO - Running command: ['/bin/bash', '-c', 'echo hey, I am task3 and will be running after task1 at the same time as task2!']
[2023-06-07T06:37:46.636+0000] {subprocess.py:86} INFO - Output:
[2023-06-07T06:37:46.650+0000] {subprocess.py:93} INFO - hey, I am task3 and will be running after task1 at the same time as task2!
[2023-06-07T06:37:46.658+0000] {subprocess.py:97} INFO - Command exited with return code 0
[2023-06-07T06:37:46.763+0000] {taskinstance.py:1327} INFO - Marking task as SUCCESS. dag_id=our_first_dag_v5, task_id=thrid_task, execution_date=20220110T000000, start_date=20230607T063745, end_date=20230607T063746
[2023-06-07T06:37:46.941+0000] {local_task_job.py:159} INFO - Task exited with return code 0
[2023-06-07T06:37:47.078+0000] {taskinstance.py:2582} INFO - 0 downstream tasks scheduled from follow-on schedule check
