[2023-05-30T12:31:39.134+0000] {taskinstance.py:1087} INFO - Dependencies all met for <TaskInstance: our_dag_with_python_operator_v07.get_name scheduled__2022-01-09T00:00:00+00:00 [queued]>
[2023-05-30T12:31:39.248+0000] {taskinstance.py:1087} INFO - Dependencies all met for <TaskInstance: our_dag_with_python_operator_v07.get_name scheduled__2022-01-09T00:00:00+00:00 [queued]>
[2023-05-30T12:31:39.251+0000] {taskinstance.py:1283} INFO - 
--------------------------------------------------------------------------------
[2023-05-30T12:31:39.255+0000] {taskinstance.py:1284} INFO - Starting attempt 1 of 6
[2023-05-30T12:31:39.259+0000] {taskinstance.py:1285} INFO - 
--------------------------------------------------------------------------------
[2023-05-30T12:31:39.455+0000] {taskinstance.py:1304} INFO - Executing <Task(PythonOperator): get_name> on 2022-01-09 00:00:00+00:00
[2023-05-30T12:31:39.512+0000] {standard_task_runner.py:55} INFO - Started process 9816 to run task
[2023-05-30T12:31:39.561+0000] {standard_task_runner.py:82} INFO - Running: ['***', 'tasks', 'run', 'our_dag_with_python_operator_v07', 'get_name', 'scheduled__2022-01-09T00:00:00+00:00', '--job-id', '1397', '--raw', '--subdir', 'DAGS_FOLDER/dag_python_opr.py', '--cfg-path', '/tmp/tmpj28f00pe']
[2023-05-30T12:31:39.582+0000] {standard_task_runner.py:83} INFO - Job 1397: Subtask get_name
[2023-05-30T12:31:40.437+0000] {task_command.py:389} INFO - Running <TaskInstance: our_dag_with_python_operator_v07.get_name scheduled__2022-01-09T00:00:00+00:00 [running]> on host 49219f98c96e
[2023-05-30T12:31:40.925+0000] {taskinstance.py:1513} INFO - Exporting the following env vars:
AIRFLOW_CTX_DAG_OWNER=coder2j
AIRFLOW_CTX_DAG_ID=our_dag_with_python_operator_v07
AIRFLOW_CTX_TASK_ID=get_name
AIRFLOW_CTX_EXECUTION_DATE=2022-01-09T00:00:00+00:00
AIRFLOW_CTX_TRY_NUMBER=1
AIRFLOW_CTX_DAG_RUN_ID=scheduled__2022-01-09T00:00:00+00:00
[2023-05-30T12:31:41.049+0000] {python.py:177} INFO - Done. Returned value was: None
[2023-05-30T12:31:41.091+0000] {taskinstance.py:1327} INFO - Marking task as SUCCESS. dag_id=our_dag_with_python_operator_v07, task_id=get_name, execution_date=20220109T000000, start_date=20230530T123139, end_date=20230530T123141
[2023-05-30T12:31:41.546+0000] {local_task_job.py:159} INFO - Task exited with return code 0
[2023-05-30T12:31:41.882+0000] {taskinstance.py:2582} INFO - 0 downstream tasks scheduled from follow-on schedule check
[2023-06-07T06:34:10.832+0000] {taskinstance.py:1087} INFO - Dependencies all met for <TaskInstance: our_dag_with_python_operator_v07.get_name scheduled__2022-01-09T00:00:00+00:00 [queued]>
[2023-06-07T06:34:10.963+0000] {taskinstance.py:1087} INFO - Dependencies all met for <TaskInstance: our_dag_with_python_operator_v07.get_name scheduled__2022-01-09T00:00:00+00:00 [queued]>
[2023-06-07T06:34:10.969+0000] {taskinstance.py:1283} INFO - 
--------------------------------------------------------------------------------
[2023-06-07T06:34:10.972+0000] {taskinstance.py:1284} INFO - Starting attempt 1 of 6
[2023-06-07T06:34:10.977+0000] {taskinstance.py:1285} INFO - 
--------------------------------------------------------------------------------
[2023-06-07T06:34:11.121+0000] {taskinstance.py:1304} INFO - Executing <Task(PythonOperator): get_name> on 2022-01-09 00:00:00+00:00
[2023-06-07T06:34:11.140+0000] {standard_task_runner.py:55} INFO - Started process 1892 to run task
[2023-06-07T06:34:11.210+0000] {standard_task_runner.py:82} INFO - Running: ['***', 'tasks', 'run', 'our_dag_with_python_operator_v07', 'get_name', 'scheduled__2022-01-09T00:00:00+00:00', '--job-id', '1536', '--raw', '--subdir', 'DAGS_FOLDER/dag_python_opr.py', '--cfg-path', '/tmp/tmpmuvc85ed']
[2023-06-07T06:34:11.229+0000] {standard_task_runner.py:83} INFO - Job 1536: Subtask get_name
[2023-06-07T06:34:11.951+0000] {task_command.py:389} INFO - Running <TaskInstance: our_dag_with_python_operator_v07.get_name scheduled__2022-01-09T00:00:00+00:00 [running]> on host 026ed797f3b3
[2023-06-07T06:34:12.882+0000] {taskinstance.py:1513} INFO - Exporting the following env vars:
AIRFLOW_CTX_DAG_OWNER=coder2j
AIRFLOW_CTX_DAG_ID=our_dag_with_python_operator_v07
AIRFLOW_CTX_TASK_ID=get_name
AIRFLOW_CTX_EXECUTION_DATE=2022-01-09T00:00:00+00:00
AIRFLOW_CTX_TRY_NUMBER=1
AIRFLOW_CTX_DAG_RUN_ID=scheduled__2022-01-09T00:00:00+00:00
[2023-06-07T06:34:13.058+0000] {python.py:177} INFO - Done. Returned value was: None
[2023-06-07T06:34:13.145+0000] {taskinstance.py:1327} INFO - Marking task as SUCCESS. dag_id=our_dag_with_python_operator_v07, task_id=get_name, execution_date=20220109T000000, start_date=20230607T063410, end_date=20230607T063413
[2023-06-07T06:34:13.396+0000] {local_task_job.py:159} INFO - Task exited with return code 0
[2023-06-07T06:34:13.474+0000] {taskinstance.py:2582} INFO - 1 downstream tasks scheduled from follow-on schedule check
