[2023-06-01T11:19:15.876+0000] {taskinstance.py:1087} INFO - Dependencies all met for <TaskInstance: dag_with_postgres_operator_v03.create_postgres_table scheduled__2021-12-20T00:00:00+00:00 [queued]>
[2023-06-01T11:19:15.899+0000] {taskinstance.py:1087} INFO - Dependencies all met for <TaskInstance: dag_with_postgres_operator_v03.create_postgres_table scheduled__2021-12-20T00:00:00+00:00 [queued]>
[2023-06-01T11:19:15.907+0000] {taskinstance.py:1283} INFO - 
--------------------------------------------------------------------------------
[2023-06-01T11:19:15.908+0000] {taskinstance.py:1284} INFO - Starting attempt 2 of 6
[2023-06-01T11:19:15.909+0000] {taskinstance.py:1285} INFO - 
--------------------------------------------------------------------------------
[2023-06-01T11:19:15.951+0000] {taskinstance.py:1304} INFO - Executing <Task(PostgresOperator): create_postgres_table> on 2021-12-20 00:00:00+00:00
[2023-06-01T11:19:15.960+0000] {standard_task_runner.py:55} INFO - Started process 477 to run task
[2023-06-01T11:19:15.969+0000] {standard_task_runner.py:82} INFO - Running: ['***', 'tasks', 'run', 'dag_with_postgres_operator_v03', 'create_postgres_table', 'scheduled__2021-12-20T00:00:00+00:00', '--job-id', '25', '--raw', '--subdir', 'DAGS_FOLDER/postgres.py', '--cfg-path', '/tmp/tmpweoxitdy']
[2023-06-01T11:19:15.970+0000] {standard_task_runner.py:83} INFO - Job 25: Subtask create_postgres_table
[2023-06-01T11:19:16.125+0000] {task_command.py:389} INFO - Running <TaskInstance: dag_with_postgres_operator_v03.create_postgres_table scheduled__2021-12-20T00:00:00+00:00 [running]> on host 687ba427e841
[2023-06-01T11:19:16.367+0000] {taskinstance.py:1513} INFO - Exporting the following env vars:
AIRFLOW_CTX_DAG_OWNER=coder2j
AIRFLOW_CTX_DAG_ID=dag_with_postgres_operator_v03
AIRFLOW_CTX_TASK_ID=create_postgres_table
AIRFLOW_CTX_EXECUTION_DATE=2021-12-20T00:00:00+00:00
AIRFLOW_CTX_TRY_NUMBER=2
AIRFLOW_CTX_DAG_RUN_ID=scheduled__2021-12-20T00:00:00+00:00
[2023-06-01T11:19:16.370+0000] {sql.py:253} INFO - Executing: 
            create table if not exists dag_runs (
                dt date,
                dag_id character varying,
                primary key (dt, dag_id)
            )
        
[2023-06-01T11:19:16.408+0000] {base.py:73} INFO - Using connection ID 'postgres_localhost' for task execution.
[2023-06-01T11:19:17.532+0000] {base.py:73} INFO - Using connection ID 'postgres_localhost' for task execution.
[2023-06-01T11:19:17.559+0000] {sql.py:364} INFO - Running statement: 
            create table if not exists dag_runs (
                dt date,
                dag_id character varying,
                primary key (dt, dag_id)
            )
        , parameters: None
[2023-06-01T11:19:17.594+0000] {taskinstance.py:1327} INFO - Marking task as SUCCESS. dag_id=dag_with_postgres_operator_v03, task_id=create_postgres_table, execution_date=20211220T000000, start_date=20230601T111915, end_date=20230601T111917
[2023-06-01T11:19:17.728+0000] {local_task_job.py:159} INFO - Task exited with return code 0
[2023-06-01T11:19:18.057+0000] {taskinstance.py:2582} INFO - 0 downstream tasks scheduled from follow-on schedule check
