[2023-05-30T11:29:07.995+0000] {taskinstance.py:1087} INFO - Dependencies all met for <TaskInstance: our_first_dag_v5.first_task scheduled__2021-10-06T00:00:00+00:00 [queued]>
[2023-05-30T11:29:08.014+0000] {taskinstance.py:1087} INFO - Dependencies all met for <TaskInstance: our_first_dag_v5.first_task scheduled__2021-10-06T00:00:00+00:00 [queued]>
[2023-05-30T11:29:08.015+0000] {taskinstance.py:1283} INFO - 
--------------------------------------------------------------------------------
[2023-05-30T11:29:08.018+0000] {taskinstance.py:1284} INFO - Starting attempt 1 of 6
[2023-05-30T11:29:08.020+0000] {taskinstance.py:1285} INFO - 
--------------------------------------------------------------------------------
[2023-05-30T11:29:08.102+0000] {taskinstance.py:1304} INFO - Executing <Task(BashOperator): first_task> on 2021-10-06 00:00:00+00:00
[2023-05-30T11:29:08.110+0000] {standard_task_runner.py:55} INFO - Started process 2333 to run task
[2023-05-30T11:29:08.121+0000] {standard_task_runner.py:82} INFO - Running: ['***', 'tasks', 'run', 'our_first_dag_v5', 'first_task', 'scheduled__2021-10-06T00:00:00+00:00', '--job-id', '206', '--raw', '--subdir', 'DAGS_FOLDER/first_Dag.py', '--cfg-path', '/tmp/tmpmt3widd9']
[2023-05-30T11:29:08.122+0000] {standard_task_runner.py:83} INFO - Job 206: Subtask first_task
[2023-05-30T11:29:08.283+0000] {task_command.py:389} INFO - Running <TaskInstance: our_first_dag_v5.first_task scheduled__2021-10-06T00:00:00+00:00 [running]> on host 49219f98c96e
[2023-05-30T11:29:08.410+0000] {taskinstance.py:1513} INFO - Exporting the following env vars:
AIRFLOW_CTX_DAG_OWNER=coder2j
AIRFLOW_CTX_DAG_ID=our_first_dag_v5
AIRFLOW_CTX_TASK_ID=first_task
AIRFLOW_CTX_EXECUTION_DATE=2021-10-06T00:00:00+00:00
AIRFLOW_CTX_TRY_NUMBER=1
AIRFLOW_CTX_DAG_RUN_ID=scheduled__2021-10-06T00:00:00+00:00
[2023-05-30T11:29:08.414+0000] {subprocess.py:63} INFO - Tmp dir root location: 
 /tmp
[2023-05-30T11:29:08.425+0000] {subprocess.py:75} INFO - Running command: ['/bin/bash', '-c', 'echo hello world, this is the first task!']
[2023-05-30T11:29:08.444+0000] {subprocess.py:86} INFO - Output:
[2023-05-30T11:29:08.448+0000] {subprocess.py:93} INFO - hello world, this is the first task!
[2023-05-30T11:29:08.452+0000] {subprocess.py:97} INFO - Command exited with return code 0
[2023-05-30T11:29:08.508+0000] {taskinstance.py:1327} INFO - Marking task as SUCCESS. dag_id=our_first_dag_v5, task_id=first_task, execution_date=20211006T000000, start_date=20230530T112907, end_date=20230530T112908
[2023-05-30T11:29:08.579+0000] {local_task_job.py:159} INFO - Task exited with return code 0
[2023-05-30T11:29:08.627+0000] {taskinstance.py:2582} INFO - 2 downstream tasks scheduled from follow-on schedule check
[2023-06-07T06:33:17.823+0000] {taskinstance.py:1087} INFO - Dependencies all met for <TaskInstance: our_first_dag_v5.first_task scheduled__2021-10-06T00:00:00+00:00 [queued]>
[2023-06-07T06:33:17.955+0000] {taskinstance.py:1087} INFO - Dependencies all met for <TaskInstance: our_first_dag_v5.first_task scheduled__2021-10-06T00:00:00+00:00 [queued]>
[2023-06-07T06:33:17.958+0000] {taskinstance.py:1283} INFO - 
--------------------------------------------------------------------------------
[2023-06-07T06:33:17.965+0000] {taskinstance.py:1284} INFO - Starting attempt 1 of 6
[2023-06-07T06:33:17.966+0000] {taskinstance.py:1285} INFO - 
--------------------------------------------------------------------------------
[2023-06-07T06:33:18.091+0000] {taskinstance.py:1304} INFO - Executing <Task(BashOperator): first_task> on 2021-10-06 00:00:00+00:00
[2023-06-07T06:33:18.103+0000] {standard_task_runner.py:55} INFO - Started process 1518 to run task
[2023-06-07T06:33:18.131+0000] {standard_task_runner.py:82} INFO - Running: ['***', 'tasks', 'run', 'our_first_dag_v5', 'first_task', 'scheduled__2021-10-06T00:00:00+00:00', '--job-id', '1404', '--raw', '--subdir', 'DAGS_FOLDER/first_Dag.py', '--cfg-path', '/tmp/tmpy460qey_']
[2023-06-07T06:33:18.133+0000] {standard_task_runner.py:83} INFO - Job 1404: Subtask first_task
[2023-06-07T06:33:18.495+0000] {task_command.py:389} INFO - Running <TaskInstance: our_first_dag_v5.first_task scheduled__2021-10-06T00:00:00+00:00 [running]> on host 026ed797f3b3
[2023-06-07T06:33:19.046+0000] {taskinstance.py:1513} INFO - Exporting the following env vars:
AIRFLOW_CTX_DAG_OWNER=coder2j
AIRFLOW_CTX_DAG_ID=our_first_dag_v5
AIRFLOW_CTX_TASK_ID=first_task
AIRFLOW_CTX_EXECUTION_DATE=2021-10-06T00:00:00+00:00
AIRFLOW_CTX_TRY_NUMBER=1
AIRFLOW_CTX_DAG_RUN_ID=scheduled__2021-10-06T00:00:00+00:00
[2023-06-07T06:33:19.052+0000] {subprocess.py:63} INFO - Tmp dir root location: 
 /tmp
[2023-06-07T06:33:19.055+0000] {subprocess.py:75} INFO - Running command: ['/bin/bash', '-c', 'echo hello world, this is the first task!']
[2023-06-07T06:33:19.135+0000] {subprocess.py:86} INFO - Output:
[2023-06-07T06:33:19.155+0000] {subprocess.py:93} INFO - hello world, this is the first task!
[2023-06-07T06:33:19.163+0000] {subprocess.py:97} INFO - Command exited with return code 0
[2023-06-07T06:33:19.364+0000] {taskinstance.py:1327} INFO - Marking task as SUCCESS. dag_id=our_first_dag_v5, task_id=first_task, execution_date=20211006T000000, start_date=20230607T063317, end_date=20230607T063319
[2023-06-07T06:33:19.524+0000] {local_task_job.py:159} INFO - Task exited with return code 0
[2023-06-07T06:33:19.933+0000] {taskinstance.py:2582} INFO - 0 downstream tasks scheduled from follow-on schedule check
