[2023-05-30T11:30:00.651+0000] {taskinstance.py:1087} INFO - Dependencies all met for <TaskInstance: our_first_dag_v5.second_task scheduled__2021-11-23T00:00:00+00:00 [queued]>
[2023-05-30T11:30:00.792+0000] {taskinstance.py:1087} INFO - Dependencies all met for <TaskInstance: our_first_dag_v5.second_task scheduled__2021-11-23T00:00:00+00:00 [queued]>
[2023-05-30T11:30:00.793+0000] {taskinstance.py:1283} INFO - 
--------------------------------------------------------------------------------
[2023-05-30T11:30:00.795+0000] {taskinstance.py:1284} INFO - Starting attempt 1 of 6
[2023-05-30T11:30:00.801+0000] {taskinstance.py:1285} INFO - 
--------------------------------------------------------------------------------
[2023-05-30T11:30:00.930+0000] {taskinstance.py:1304} INFO - Executing <Task(BashOperator): second_task> on 2021-11-23 00:00:00+00:00
[2023-05-30T11:30:00.952+0000] {standard_task_runner.py:55} INFO - Started process 2857 to run task
[2023-05-30T11:30:00.977+0000] {standard_task_runner.py:82} INFO - Running: ['***', 'tasks', 'run', 'our_first_dag_v5', 'second_task', 'scheduled__2021-11-23T00:00:00+00:00', '--job-id', '360', '--raw', '--subdir', 'DAGS_FOLDER/first_Dag.py', '--cfg-path', '/tmp/tmp89wkj2uk']
[2023-05-30T11:30:00.991+0000] {standard_task_runner.py:83} INFO - Job 360: Subtask second_task
[2023-05-30T11:30:01.336+0000] {task_command.py:389} INFO - Running <TaskInstance: our_first_dag_v5.second_task scheduled__2021-11-23T00:00:00+00:00 [running]> on host 49219f98c96e
[2023-05-30T11:30:01.719+0000] {taskinstance.py:1513} INFO - Exporting the following env vars:
AIRFLOW_CTX_DAG_OWNER=coder2j
AIRFLOW_CTX_DAG_ID=our_first_dag_v5
AIRFLOW_CTX_TASK_ID=second_task
AIRFLOW_CTX_EXECUTION_DATE=2021-11-23T00:00:00+00:00
AIRFLOW_CTX_TRY_NUMBER=1
AIRFLOW_CTX_DAG_RUN_ID=scheduled__2021-11-23T00:00:00+00:00
[2023-05-30T11:30:01.725+0000] {subprocess.py:63} INFO - Tmp dir root location: 
 /tmp
[2023-05-30T11:30:01.727+0000] {subprocess.py:75} INFO - Running command: ['/bin/bash', '-c', 'echo hey, I am task2 and will be running after task1!']
[2023-05-30T11:30:01.823+0000] {subprocess.py:86} INFO - Output:
[2023-05-30T11:30:01.836+0000] {subprocess.py:93} INFO - hey, I am task2 and will be running after task1!
[2023-05-30T11:30:01.839+0000] {subprocess.py:97} INFO - Command exited with return code 0
[2023-05-30T11:30:01.932+0000] {taskinstance.py:1327} INFO - Marking task as SUCCESS. dag_id=our_first_dag_v5, task_id=second_task, execution_date=20211123T000000, start_date=20230530T113000, end_date=20230530T113001
[2023-05-30T11:30:02.010+0000] {local_task_job.py:159} INFO - Task exited with return code 0
[2023-05-30T11:30:02.064+0000] {taskinstance.py:2582} INFO - 0 downstream tasks scheduled from follow-on schedule check
