[2023-05-30T11:28:41.420+0000] {taskinstance.py:1087} INFO - Dependencies all met for <TaskInstance: our_first_dag_v5.second_task scheduled__2021-09-10T00:00:00+00:00 [queued]>
[2023-05-30T11:28:41.455+0000] {taskinstance.py:1087} INFO - Dependencies all met for <TaskInstance: our_first_dag_v5.second_task scheduled__2021-09-10T00:00:00+00:00 [queued]>
[2023-05-30T11:28:41.457+0000] {taskinstance.py:1283} INFO - 
--------------------------------------------------------------------------------
[2023-05-30T11:28:41.459+0000] {taskinstance.py:1284} INFO - Starting attempt 1 of 6
[2023-05-30T11:28:41.460+0000] {taskinstance.py:1285} INFO - 
--------------------------------------------------------------------------------
[2023-05-30T11:28:41.506+0000] {taskinstance.py:1304} INFO - Executing <Task(BashOperator): second_task> on 2021-09-10 00:00:00+00:00
[2023-05-30T11:28:41.514+0000] {standard_task_runner.py:55} INFO - Started process 2100 to run task
[2023-05-30T11:28:41.526+0000] {standard_task_runner.py:82} INFO - Running: ['***', 'tasks', 'run', 'our_first_dag_v5', 'second_task', 'scheduled__2021-09-10T00:00:00+00:00', '--job-id', '134', '--raw', '--subdir', 'DAGS_FOLDER/first_Dag.py', '--cfg-path', '/tmp/tmpwdf661lc']
[2023-05-30T11:28:41.529+0000] {standard_task_runner.py:83} INFO - Job 134: Subtask second_task
[2023-05-30T11:28:41.690+0000] {task_command.py:389} INFO - Running <TaskInstance: our_first_dag_v5.second_task scheduled__2021-09-10T00:00:00+00:00 [running]> on host 49219f98c96e
[2023-05-30T11:28:41.957+0000] {taskinstance.py:1513} INFO - Exporting the following env vars:
AIRFLOW_CTX_DAG_OWNER=coder2j
AIRFLOW_CTX_DAG_ID=our_first_dag_v5
AIRFLOW_CTX_TASK_ID=second_task
AIRFLOW_CTX_EXECUTION_DATE=2021-09-10T00:00:00+00:00
AIRFLOW_CTX_TRY_NUMBER=1
AIRFLOW_CTX_DAG_RUN_ID=scheduled__2021-09-10T00:00:00+00:00
[2023-05-30T11:28:41.961+0000] {subprocess.py:63} INFO - Tmp dir root location: 
 /tmp
[2023-05-30T11:28:41.965+0000] {subprocess.py:75} INFO - Running command: ['/bin/bash', '-c', 'echo hey, I am task2 and will be running after task1!']
[2023-05-30T11:28:42.017+0000] {subprocess.py:86} INFO - Output:
[2023-05-30T11:28:42.025+0000] {subprocess.py:93} INFO - hey, I am task2 and will be running after task1!
[2023-05-30T11:28:42.027+0000] {subprocess.py:97} INFO - Command exited with return code 0
[2023-05-30T11:28:42.101+0000] {taskinstance.py:1327} INFO - Marking task as SUCCESS. dag_id=our_first_dag_v5, task_id=second_task, execution_date=20210910T000000, start_date=20230530T112841, end_date=20230530T112842
[2023-05-30T11:28:42.190+0000] {local_task_job.py:159} INFO - Task exited with return code 0
[2023-05-30T11:28:42.239+0000] {taskinstance.py:2582} INFO - 0 downstream tasks scheduled from follow-on schedule check
[2023-06-07T06:32:22.412+0000] {taskinstance.py:1087} INFO - Dependencies all met for <TaskInstance: our_first_dag_v5.second_task scheduled__2021-09-10T00:00:00+00:00 [queued]>
[2023-06-07T06:32:22.480+0000] {taskinstance.py:1087} INFO - Dependencies all met for <TaskInstance: our_first_dag_v5.second_task scheduled__2021-09-10T00:00:00+00:00 [queued]>
[2023-06-07T06:32:22.487+0000] {taskinstance.py:1283} INFO - 
--------------------------------------------------------------------------------
[2023-06-07T06:32:22.489+0000] {taskinstance.py:1284} INFO - Starting attempt 1 of 6
[2023-06-07T06:32:22.491+0000] {taskinstance.py:1285} INFO - 
--------------------------------------------------------------------------------
[2023-06-07T06:32:22.558+0000] {taskinstance.py:1304} INFO - Executing <Task(BashOperator): second_task> on 2021-09-10 00:00:00+00:00
[2023-06-07T06:32:22.605+0000] {standard_task_runner.py:55} INFO - Started process 1086 to run task
[2023-06-07T06:32:22.646+0000] {standard_task_runner.py:82} INFO - Running: ['***', 'tasks', 'run', 'our_first_dag_v5', 'second_task', 'scheduled__2021-09-10T00:00:00+00:00', '--job-id', '1243', '--raw', '--subdir', 'DAGS_FOLDER/first_Dag.py', '--cfg-path', '/tmp/tmpa59hcq9o']
[2023-06-07T06:32:22.686+0000] {standard_task_runner.py:83} INFO - Job 1243: Subtask second_task
[2023-06-07T06:32:23.126+0000] {task_command.py:389} INFO - Running <TaskInstance: our_first_dag_v5.second_task scheduled__2021-09-10T00:00:00+00:00 [running]> on host 026ed797f3b3
[2023-06-07T06:32:23.758+0000] {taskinstance.py:1513} INFO - Exporting the following env vars:
AIRFLOW_CTX_DAG_OWNER=coder2j
AIRFLOW_CTX_DAG_ID=our_first_dag_v5
AIRFLOW_CTX_TASK_ID=second_task
AIRFLOW_CTX_EXECUTION_DATE=2021-09-10T00:00:00+00:00
AIRFLOW_CTX_TRY_NUMBER=1
AIRFLOW_CTX_DAG_RUN_ID=scheduled__2021-09-10T00:00:00+00:00
[2023-06-07T06:32:23.764+0000] {subprocess.py:63} INFO - Tmp dir root location: 
 /tmp
[2023-06-07T06:32:23.768+0000] {subprocess.py:75} INFO - Running command: ['/bin/bash', '-c', 'echo hey, I am task2 and will be running after task1!']
[2023-06-07T06:32:23.841+0000] {subprocess.py:86} INFO - Output:
[2023-06-07T06:32:23.867+0000] {subprocess.py:93} INFO - hey, I am task2 and will be running after task1!
[2023-06-07T06:32:23.882+0000] {subprocess.py:97} INFO - Command exited with return code 0
[2023-06-07T06:32:24.022+0000] {taskinstance.py:1327} INFO - Marking task as SUCCESS. dag_id=our_first_dag_v5, task_id=second_task, execution_date=20210910T000000, start_date=20230607T063222, end_date=20230607T063224
[2023-06-07T06:32:24.194+0000] {local_task_job.py:159} INFO - Task exited with return code 0
[2023-06-07T06:32:24.312+0000] {taskinstance.py:2582} INFO - 0 downstream tasks scheduled from follow-on schedule check
