[2023-05-30T11:29:56.970+0000] {taskinstance.py:1087} INFO - Dependencies all met for <TaskInstance: our_first_dag_v5.first_task scheduled__2021-11-23T00:00:00+00:00 [queued]>
[2023-05-30T11:29:56.996+0000] {taskinstance.py:1087} INFO - Dependencies all met for <TaskInstance: our_first_dag_v5.first_task scheduled__2021-11-23T00:00:00+00:00 [queued]>
[2023-05-30T11:29:56.997+0000] {taskinstance.py:1283} INFO - 
--------------------------------------------------------------------------------
[2023-05-30T11:29:56.999+0000] {taskinstance.py:1284} INFO - Starting attempt 1 of 6
[2023-05-30T11:29:57.000+0000] {taskinstance.py:1285} INFO - 
--------------------------------------------------------------------------------
[2023-05-30T11:29:57.153+0000] {taskinstance.py:1304} INFO - Executing <Task(BashOperator): first_task> on 2021-11-23 00:00:00+00:00
[2023-05-30T11:29:57.161+0000] {standard_task_runner.py:55} INFO - Started process 2816 to run task
[2023-05-30T11:29:57.176+0000] {standard_task_runner.py:82} INFO - Running: ['***', 'tasks', 'run', 'our_first_dag_v5', 'first_task', 'scheduled__2021-11-23T00:00:00+00:00', '--job-id', '348', '--raw', '--subdir', 'DAGS_FOLDER/first_Dag.py', '--cfg-path', '/tmp/tmpp1oaox6z']
[2023-05-30T11:29:57.179+0000] {standard_task_runner.py:83} INFO - Job 348: Subtask first_task
[2023-05-30T11:29:57.400+0000] {task_command.py:389} INFO - Running <TaskInstance: our_first_dag_v5.first_task scheduled__2021-11-23T00:00:00+00:00 [running]> on host 49219f98c96e
[2023-05-30T11:29:57.566+0000] {taskinstance.py:1513} INFO - Exporting the following env vars:
AIRFLOW_CTX_DAG_OWNER=coder2j
AIRFLOW_CTX_DAG_ID=our_first_dag_v5
AIRFLOW_CTX_TASK_ID=first_task
AIRFLOW_CTX_EXECUTION_DATE=2021-11-23T00:00:00+00:00
AIRFLOW_CTX_TRY_NUMBER=1
AIRFLOW_CTX_DAG_RUN_ID=scheduled__2021-11-23T00:00:00+00:00
[2023-05-30T11:29:57.573+0000] {subprocess.py:63} INFO - Tmp dir root location: 
 /tmp
[2023-05-30T11:29:57.575+0000] {subprocess.py:75} INFO - Running command: ['/bin/bash', '-c', 'echo hello world, this is the first task!']
[2023-05-30T11:29:57.596+0000] {subprocess.py:86} INFO - Output:
[2023-05-30T11:29:57.600+0000] {subprocess.py:93} INFO - hello world, this is the first task!
[2023-05-30T11:29:57.603+0000] {subprocess.py:97} INFO - Command exited with return code 0
[2023-05-30T11:29:57.650+0000] {taskinstance.py:1327} INFO - Marking task as SUCCESS. dag_id=our_first_dag_v5, task_id=first_task, execution_date=20211123T000000, start_date=20230530T112956, end_date=20230530T112957
[2023-05-30T11:29:57.733+0000] {local_task_job.py:159} INFO - Task exited with return code 0
[2023-05-30T11:29:57.812+0000] {taskinstance.py:2582} INFO - 2 downstream tasks scheduled from follow-on schedule check
[2023-06-07T06:35:14.443+0000] {taskinstance.py:1087} INFO - Dependencies all met for <TaskInstance: our_first_dag_v5.first_task scheduled__2021-11-23T00:00:00+00:00 [queued]>
[2023-06-07T06:35:14.497+0000] {taskinstance.py:1087} INFO - Dependencies all met for <TaskInstance: our_first_dag_v5.first_task scheduled__2021-11-23T00:00:00+00:00 [queued]>
[2023-06-07T06:35:14.500+0000] {taskinstance.py:1283} INFO - 
--------------------------------------------------------------------------------
[2023-06-07T06:35:14.505+0000] {taskinstance.py:1284} INFO - Starting attempt 1 of 6
[2023-06-07T06:35:14.506+0000] {taskinstance.py:1285} INFO - 
--------------------------------------------------------------------------------
[2023-06-07T06:35:14.618+0000] {taskinstance.py:1304} INFO - Executing <Task(BashOperator): first_task> on 2021-11-23 00:00:00+00:00
[2023-06-07T06:35:14.663+0000] {standard_task_runner.py:55} INFO - Started process 2307 to run task
[2023-06-07T06:35:14.702+0000] {standard_task_runner.py:82} INFO - Running: ['***', 'tasks', 'run', 'our_first_dag_v5', 'first_task', 'scheduled__2021-11-23T00:00:00+00:00', '--job-id', '1688', '--raw', '--subdir', 'DAGS_FOLDER/first_Dag.py', '--cfg-path', '/tmp/tmp61vxiecd']
[2023-06-07T06:35:14.719+0000] {standard_task_runner.py:83} INFO - Job 1688: Subtask first_task
[2023-06-07T06:35:15.225+0000] {task_command.py:389} INFO - Running <TaskInstance: our_first_dag_v5.first_task scheduled__2021-11-23T00:00:00+00:00 [running]> on host 026ed797f3b3
[2023-06-07T06:35:15.814+0000] {taskinstance.py:1513} INFO - Exporting the following env vars:
AIRFLOW_CTX_DAG_OWNER=coder2j
AIRFLOW_CTX_DAG_ID=our_first_dag_v5
AIRFLOW_CTX_TASK_ID=first_task
AIRFLOW_CTX_EXECUTION_DATE=2021-11-23T00:00:00+00:00
AIRFLOW_CTX_TRY_NUMBER=1
AIRFLOW_CTX_DAG_RUN_ID=scheduled__2021-11-23T00:00:00+00:00
[2023-06-07T06:35:15.824+0000] {subprocess.py:63} INFO - Tmp dir root location: 
 /tmp
[2023-06-07T06:35:15.834+0000] {subprocess.py:75} INFO - Running command: ['/bin/bash', '-c', 'echo hello world, this is the first task!']
[2023-06-07T06:35:15.884+0000] {subprocess.py:86} INFO - Output:
[2023-06-07T06:35:15.887+0000] {subprocess.py:93} INFO - hello world, this is the first task!
[2023-06-07T06:35:15.891+0000] {subprocess.py:97} INFO - Command exited with return code 0
[2023-06-07T06:35:16.038+0000] {taskinstance.py:1327} INFO - Marking task as SUCCESS. dag_id=our_first_dag_v5, task_id=first_task, execution_date=20211123T000000, start_date=20230607T063514, end_date=20230607T063516
[2023-06-07T06:35:16.224+0000] {local_task_job.py:159} INFO - Task exited with return code 0
[2023-06-07T06:35:16.406+0000] {taskinstance.py:2582} INFO - 0 downstream tasks scheduled from follow-on schedule check
