[2023-05-30T11:29:53.949+0000] {taskinstance.py:1087} INFO - Dependencies all met for <TaskInstance: our_first_dag_v5.thrid_task scheduled__2021-11-19T00:00:00+00:00 [queued]>
[2023-05-30T11:29:53.973+0000] {taskinstance.py:1087} INFO - Dependencies all met for <TaskInstance: our_first_dag_v5.thrid_task scheduled__2021-11-19T00:00:00+00:00 [queued]>
[2023-05-30T11:29:53.975+0000] {taskinstance.py:1283} INFO - 
--------------------------------------------------------------------------------
[2023-05-30T11:29:53.976+0000] {taskinstance.py:1284} INFO - Starting attempt 1 of 6
[2023-05-30T11:29:53.977+0000] {taskinstance.py:1285} INFO - 
--------------------------------------------------------------------------------
[2023-05-30T11:29:54.007+0000] {taskinstance.py:1304} INFO - Executing <Task(BashOperator): thrid_task> on 2021-11-19 00:00:00+00:00
[2023-05-30T11:29:54.018+0000] {standard_task_runner.py:55} INFO - Started process 2787 to run task
[2023-05-30T11:29:54.027+0000] {standard_task_runner.py:82} INFO - Running: ['***', 'tasks', 'run', 'our_first_dag_v5', 'thrid_task', 'scheduled__2021-11-19T00:00:00+00:00', '--job-id', '344', '--raw', '--subdir', 'DAGS_FOLDER/first_Dag.py', '--cfg-path', '/tmp/tmp6eaptzrz']
[2023-05-30T11:29:54.032+0000] {standard_task_runner.py:83} INFO - Job 344: Subtask thrid_task
[2023-05-30T11:29:54.178+0000] {task_command.py:389} INFO - Running <TaskInstance: our_first_dag_v5.thrid_task scheduled__2021-11-19T00:00:00+00:00 [running]> on host 49219f98c96e
[2023-05-30T11:29:54.299+0000] {taskinstance.py:1513} INFO - Exporting the following env vars:
AIRFLOW_CTX_DAG_OWNER=coder2j
AIRFLOW_CTX_DAG_ID=our_first_dag_v5
AIRFLOW_CTX_TASK_ID=thrid_task
AIRFLOW_CTX_EXECUTION_DATE=2021-11-19T00:00:00+00:00
AIRFLOW_CTX_TRY_NUMBER=1
AIRFLOW_CTX_DAG_RUN_ID=scheduled__2021-11-19T00:00:00+00:00
[2023-05-30T11:29:54.302+0000] {subprocess.py:63} INFO - Tmp dir root location: 
 /tmp
[2023-05-30T11:29:54.304+0000] {subprocess.py:75} INFO - Running command: ['/bin/bash', '-c', 'echo hey, I am task3 and will be running after task1 at the same time as task2!']
[2023-05-30T11:29:54.325+0000] {subprocess.py:86} INFO - Output:
[2023-05-30T11:29:54.329+0000] {subprocess.py:93} INFO - hey, I am task3 and will be running after task1 at the same time as task2!
[2023-05-30T11:29:54.331+0000] {subprocess.py:97} INFO - Command exited with return code 0
[2023-05-30T11:29:54.376+0000] {taskinstance.py:1327} INFO - Marking task as SUCCESS. dag_id=our_first_dag_v5, task_id=thrid_task, execution_date=20211119T000000, start_date=20230530T112953, end_date=20230530T112954
[2023-05-30T11:29:54.445+0000] {local_task_job.py:159} INFO - Task exited with return code 0
[2023-05-30T11:29:54.476+0000] {taskinstance.py:2582} INFO - 0 downstream tasks scheduled from follow-on schedule check
