[2023-05-30T12:33:04.862+0000] {taskinstance.py:1087} INFO - Dependencies all met for <TaskInstance: our_dag_with_python_operator_v07.get_name scheduled__2022-03-23T00:00:00+00:00 [queued]>
[2023-05-30T12:33:04.891+0000] {taskinstance.py:1087} INFO - Dependencies all met for <TaskInstance: our_dag_with_python_operator_v07.get_name scheduled__2022-03-23T00:00:00+00:00 [queued]>
[2023-05-30T12:33:04.893+0000] {taskinstance.py:1283} INFO - 
--------------------------------------------------------------------------------
[2023-05-30T12:33:04.894+0000] {taskinstance.py:1284} INFO - Starting attempt 1 of 6
[2023-05-30T12:33:04.896+0000] {taskinstance.py:1285} INFO - 
--------------------------------------------------------------------------------
[2023-05-30T12:33:04.938+0000] {taskinstance.py:1304} INFO - Executing <Task(PythonOperator): get_name> on 2022-03-23 00:00:00+00:00
[2023-05-30T12:33:04.949+0000] {standard_task_runner.py:55} INFO - Started process 10334 to run task
[2023-05-30T12:33:04.966+0000] {standard_task_runner.py:82} INFO - Running: ['***', 'tasks', 'run', 'our_dag_with_python_operator_v07', 'get_name', 'scheduled__2022-03-23T00:00:00+00:00', '--job-id', '1620', '--raw', '--subdir', 'DAGS_FOLDER/dag_python_opr.py', '--cfg-path', '/tmp/tmpl56wrw8c']
[2023-05-30T12:33:04.973+0000] {standard_task_runner.py:83} INFO - Job 1620: Subtask get_name
[2023-05-30T12:33:05.148+0000] {task_command.py:389} INFO - Running <TaskInstance: our_dag_with_python_operator_v07.get_name scheduled__2022-03-23T00:00:00+00:00 [running]> on host 49219f98c96e
[2023-05-30T12:33:05.288+0000] {taskinstance.py:1513} INFO - Exporting the following env vars:
AIRFLOW_CTX_DAG_OWNER=coder2j
AIRFLOW_CTX_DAG_ID=our_dag_with_python_operator_v07
AIRFLOW_CTX_TASK_ID=get_name
AIRFLOW_CTX_EXECUTION_DATE=2022-03-23T00:00:00+00:00
AIRFLOW_CTX_TRY_NUMBER=1
AIRFLOW_CTX_DAG_RUN_ID=scheduled__2022-03-23T00:00:00+00:00
[2023-05-30T12:33:05.359+0000] {python.py:177} INFO - Done. Returned value was: None
[2023-05-30T12:33:05.385+0000] {taskinstance.py:1327} INFO - Marking task as SUCCESS. dag_id=our_dag_with_python_operator_v07, task_id=get_name, execution_date=20220323T000000, start_date=20230530T123304, end_date=20230530T123305
[2023-05-30T12:33:05.430+0000] {local_task_job.py:159} INFO - Task exited with return code 0
[2023-05-30T12:33:05.475+0000] {taskinstance.py:2582} INFO - 1 downstream tasks scheduled from follow-on schedule check
[2023-06-07T06:37:26.609+0000] {taskinstance.py:1087} INFO - Dependencies all met for <TaskInstance: our_dag_with_python_operator_v07.get_name scheduled__2022-03-23T00:00:00+00:00 [queued]>
[2023-06-07T06:37:26.646+0000] {taskinstance.py:1087} INFO - Dependencies all met for <TaskInstance: our_dag_with_python_operator_v07.get_name scheduled__2022-03-23T00:00:00+00:00 [queued]>
[2023-06-07T06:37:26.649+0000] {taskinstance.py:1283} INFO - 
--------------------------------------------------------------------------------
[2023-06-07T06:37:26.658+0000] {taskinstance.py:1284} INFO - Starting attempt 1 of 6
[2023-06-07T06:37:26.664+0000] {taskinstance.py:1285} INFO - 
--------------------------------------------------------------------------------
[2023-06-07T06:37:26.768+0000] {taskinstance.py:1304} INFO - Executing <Task(PythonOperator): get_name> on 2022-03-23 00:00:00+00:00
[2023-06-07T06:37:26.843+0000] {standard_task_runner.py:55} INFO - Started process 3107 to run task
[2023-06-07T06:37:26.954+0000] {standard_task_runner.py:82} INFO - Running: ['***', 'tasks', 'run', 'our_dag_with_python_operator_v07', 'get_name', 'scheduled__2022-03-23T00:00:00+00:00', '--job-id', '1973', '--raw', '--subdir', 'DAGS_FOLDER/dag_python_opr.py', '--cfg-path', '/tmp/tmpvzjg7g7x']
[2023-06-07T06:37:26.995+0000] {standard_task_runner.py:83} INFO - Job 1973: Subtask get_name
[2023-06-07T06:37:27.625+0000] {task_command.py:389} INFO - Running <TaskInstance: our_dag_with_python_operator_v07.get_name scheduled__2022-03-23T00:00:00+00:00 [running]> on host 026ed797f3b3
[2023-06-07T06:37:29.023+0000] {taskinstance.py:1513} INFO - Exporting the following env vars:
AIRFLOW_CTX_DAG_OWNER=coder2j
AIRFLOW_CTX_DAG_ID=our_dag_with_python_operator_v07
AIRFLOW_CTX_TASK_ID=get_name
AIRFLOW_CTX_EXECUTION_DATE=2022-03-23T00:00:00+00:00
AIRFLOW_CTX_TRY_NUMBER=1
AIRFLOW_CTX_DAG_RUN_ID=scheduled__2022-03-23T00:00:00+00:00
[2023-06-07T06:37:29.304+0000] {python.py:177} INFO - Done. Returned value was: None
[2023-06-07T06:37:29.356+0000] {taskinstance.py:1327} INFO - Marking task as SUCCESS. dag_id=our_dag_with_python_operator_v07, task_id=get_name, execution_date=20220323T000000, start_date=20230607T063726, end_date=20230607T063729
[2023-06-07T06:37:29.454+0000] {local_task_job.py:159} INFO - Task exited with return code 0
[2023-06-07T06:37:29.960+0000] {taskinstance.py:2582} INFO - 0 downstream tasks scheduled from follow-on schedule check
