[2023-05-30T11:30:41.403+0000] {taskinstance.py:1087} INFO - Dependencies all met for <TaskInstance: our_first_dag_v5.thrid_task scheduled__2021-12-29T00:00:00+00:00 [queued]>
[2023-05-30T11:30:41.437+0000] {taskinstance.py:1087} INFO - Dependencies all met for <TaskInstance: our_first_dag_v5.thrid_task scheduled__2021-12-29T00:00:00+00:00 [queued]>
[2023-05-30T11:30:41.439+0000] {taskinstance.py:1283} INFO - 
--------------------------------------------------------------------------------
[2023-05-30T11:30:41.441+0000] {taskinstance.py:1284} INFO - Starting attempt 1 of 6
[2023-05-30T11:30:41.442+0000] {taskinstance.py:1285} INFO - 
--------------------------------------------------------------------------------
[2023-05-30T11:30:41.512+0000] {taskinstance.py:1304} INFO - Executing <Task(BashOperator): thrid_task> on 2021-12-29 00:00:00+00:00
[2023-05-30T11:30:41.520+0000] {standard_task_runner.py:55} INFO - Started process 3225 to run task
[2023-05-30T11:30:41.533+0000] {standard_task_runner.py:82} INFO - Running: ['***', 'tasks', 'run', 'our_first_dag_v5', 'thrid_task', 'scheduled__2021-12-29T00:00:00+00:00', '--job-id', '469', '--raw', '--subdir', 'DAGS_FOLDER/first_Dag.py', '--cfg-path', '/tmp/tmpyp7mr0b9']
[2023-05-30T11:30:41.541+0000] {standard_task_runner.py:83} INFO - Job 469: Subtask thrid_task
[2023-05-30T11:30:41.845+0000] {task_command.py:389} INFO - Running <TaskInstance: our_first_dag_v5.thrid_task scheduled__2021-12-29T00:00:00+00:00 [running]> on host 49219f98c96e
[2023-05-30T11:30:42.261+0000] {taskinstance.py:1513} INFO - Exporting the following env vars:
AIRFLOW_CTX_DAG_OWNER=coder2j
AIRFLOW_CTX_DAG_ID=our_first_dag_v5
AIRFLOW_CTX_TASK_ID=thrid_task
AIRFLOW_CTX_EXECUTION_DATE=2021-12-29T00:00:00+00:00
AIRFLOW_CTX_TRY_NUMBER=1
AIRFLOW_CTX_DAG_RUN_ID=scheduled__2021-12-29T00:00:00+00:00
[2023-05-30T11:30:42.265+0000] {subprocess.py:63} INFO - Tmp dir root location: 
 /tmp
[2023-05-30T11:30:42.269+0000] {subprocess.py:75} INFO - Running command: ['/bin/bash', '-c', 'echo hey, I am task3 and will be running after task1 at the same time as task2!']
[2023-05-30T11:30:42.313+0000] {subprocess.py:86} INFO - Output:
[2023-05-30T11:30:42.322+0000] {subprocess.py:93} INFO - hey, I am task3 and will be running after task1 at the same time as task2!
[2023-05-30T11:30:42.324+0000] {subprocess.py:97} INFO - Command exited with return code 0
[2023-05-30T11:30:42.409+0000] {taskinstance.py:1327} INFO - Marking task as SUCCESS. dag_id=our_first_dag_v5, task_id=thrid_task, execution_date=20211229T000000, start_date=20230530T113041, end_date=20230530T113042
[2023-05-30T11:30:42.564+0000] {local_task_job.py:159} INFO - Task exited with return code 0
[2023-05-30T11:30:42.609+0000] {taskinstance.py:2582} INFO - 0 downstream tasks scheduled from follow-on schedule check
[2023-06-07T06:37:05.160+0000] {taskinstance.py:1087} INFO - Dependencies all met for <TaskInstance: our_first_dag_v5.thrid_task scheduled__2021-12-29T00:00:00+00:00 [queued]>
[2023-06-07T06:37:05.248+0000] {taskinstance.py:1087} INFO - Dependencies all met for <TaskInstance: our_first_dag_v5.thrid_task scheduled__2021-12-29T00:00:00+00:00 [queued]>
[2023-06-07T06:37:05.250+0000] {taskinstance.py:1283} INFO - 
--------------------------------------------------------------------------------
[2023-06-07T06:37:05.251+0000] {taskinstance.py:1284} INFO - Starting attempt 1 of 6
[2023-06-07T06:37:05.252+0000] {taskinstance.py:1285} INFO - 
--------------------------------------------------------------------------------
[2023-06-07T06:37:05.458+0000] {taskinstance.py:1304} INFO - Executing <Task(BashOperator): thrid_task> on 2021-12-29 00:00:00+00:00
[2023-06-07T06:37:05.526+0000] {standard_task_runner.py:55} INFO - Started process 2950 to run task
[2023-06-07T06:37:05.620+0000] {standard_task_runner.py:82} INFO - Running: ['***', 'tasks', 'run', 'our_first_dag_v5', 'thrid_task', 'scheduled__2021-12-29T00:00:00+00:00', '--job-id', '1914', '--raw', '--subdir', 'DAGS_FOLDER/first_Dag.py', '--cfg-path', '/tmp/tmpwi60gs5o']
[2023-06-07T06:37:05.631+0000] {standard_task_runner.py:83} INFO - Job 1914: Subtask thrid_task
[2023-06-07T06:37:06.003+0000] {task_command.py:389} INFO - Running <TaskInstance: our_first_dag_v5.thrid_task scheduled__2021-12-29T00:00:00+00:00 [running]> on host 026ed797f3b3
[2023-06-07T06:37:06.606+0000] {taskinstance.py:1513} INFO - Exporting the following env vars:
AIRFLOW_CTX_DAG_OWNER=coder2j
AIRFLOW_CTX_DAG_ID=our_first_dag_v5
AIRFLOW_CTX_TASK_ID=thrid_task
AIRFLOW_CTX_EXECUTION_DATE=2021-12-29T00:00:00+00:00
AIRFLOW_CTX_TRY_NUMBER=1
AIRFLOW_CTX_DAG_RUN_ID=scheduled__2021-12-29T00:00:00+00:00
[2023-06-07T06:37:06.614+0000] {subprocess.py:63} INFO - Tmp dir root location: 
 /tmp
[2023-06-07T06:37:06.633+0000] {subprocess.py:75} INFO - Running command: ['/bin/bash', '-c', 'echo hey, I am task3 and will be running after task1 at the same time as task2!']
[2023-06-07T06:37:06.748+0000] {subprocess.py:86} INFO - Output:
[2023-06-07T06:37:06.770+0000] {subprocess.py:93} INFO - hey, I am task3 and will be running after task1 at the same time as task2!
[2023-06-07T06:37:06.772+0000] {subprocess.py:97} INFO - Command exited with return code 0
[2023-06-07T06:37:06.883+0000] {taskinstance.py:1327} INFO - Marking task as SUCCESS. dag_id=our_first_dag_v5, task_id=thrid_task, execution_date=20211229T000000, start_date=20230607T063705, end_date=20230607T063706
[2023-06-07T06:37:07.041+0000] {local_task_job.py:159} INFO - Task exited with return code 0
[2023-06-07T06:37:07.122+0000] {taskinstance.py:2582} INFO - 0 downstream tasks scheduled from follow-on schedule check
