[2023-05-30T11:32:19.852+0000] {taskinstance.py:1087} INFO - Dependencies all met for <TaskInstance: our_first_dag_v5.thrid_task scheduled__2022-04-02T00:00:00+00:00 [queued]>
[2023-05-30T11:32:19.872+0000] {taskinstance.py:1087} INFO - Dependencies all met for <TaskInstance: our_first_dag_v5.thrid_task scheduled__2022-04-02T00:00:00+00:00 [queued]>
[2023-05-30T11:32:19.874+0000] {taskinstance.py:1283} INFO - 
--------------------------------------------------------------------------------
[2023-05-30T11:32:19.883+0000] {taskinstance.py:1284} INFO - Starting attempt 1 of 6
[2023-05-30T11:32:19.886+0000] {taskinstance.py:1285} INFO - 
--------------------------------------------------------------------------------
[2023-05-30T11:32:19.929+0000] {taskinstance.py:1304} INFO - Executing <Task(BashOperator): thrid_task> on 2022-04-02 00:00:00+00:00
[2023-05-30T11:32:19.937+0000] {standard_task_runner.py:55} INFO - Started process 4146 to run task
[2023-05-30T11:32:19.960+0000] {standard_task_runner.py:82} INFO - Running: ['***', 'tasks', 'run', 'our_first_dag_v5', 'thrid_task', 'scheduled__2022-04-02T00:00:00+00:00', '--job-id', '749', '--raw', '--subdir', 'DAGS_FOLDER/first_Dag.py', '--cfg-path', '/tmp/tmpw67r5k89']
[2023-05-30T11:32:19.964+0000] {standard_task_runner.py:83} INFO - Job 749: Subtask thrid_task
[2023-05-30T11:32:20.148+0000] {task_command.py:389} INFO - Running <TaskInstance: our_first_dag_v5.thrid_task scheduled__2022-04-02T00:00:00+00:00 [running]> on host 49219f98c96e
[2023-05-30T11:32:20.424+0000] {taskinstance.py:1513} INFO - Exporting the following env vars:
AIRFLOW_CTX_DAG_OWNER=coder2j
AIRFLOW_CTX_DAG_ID=our_first_dag_v5
AIRFLOW_CTX_TASK_ID=thrid_task
AIRFLOW_CTX_EXECUTION_DATE=2022-04-02T00:00:00+00:00
AIRFLOW_CTX_TRY_NUMBER=1
AIRFLOW_CTX_DAG_RUN_ID=scheduled__2022-04-02T00:00:00+00:00
[2023-05-30T11:32:20.428+0000] {subprocess.py:63} INFO - Tmp dir root location: 
 /tmp
[2023-05-30T11:32:20.430+0000] {subprocess.py:75} INFO - Running command: ['/bin/bash', '-c', 'echo hey, I am task3 and will be running after task1 at the same time as task2!']
[2023-05-30T11:32:20.472+0000] {subprocess.py:86} INFO - Output:
[2023-05-30T11:32:20.478+0000] {subprocess.py:93} INFO - hey, I am task3 and will be running after task1 at the same time as task2!
[2023-05-30T11:32:20.480+0000] {subprocess.py:97} INFO - Command exited with return code 0
[2023-05-30T11:32:20.551+0000] {taskinstance.py:1327} INFO - Marking task as SUCCESS. dag_id=our_first_dag_v5, task_id=thrid_task, execution_date=20220402T000000, start_date=20230530T113219, end_date=20230530T113220
[2023-05-30T11:32:20.622+0000] {local_task_job.py:159} INFO - Task exited with return code 0
[2023-05-30T11:32:20.768+0000] {taskinstance.py:2582} INFO - 0 downstream tasks scheduled from follow-on schedule check
