[2023-05-30T11:31:16.042+0000] {taskinstance.py:1087} INFO - Dependencies all met for <TaskInstance: our_first_dag_v5.second_task scheduled__2022-02-04T00:00:00+00:00 [queued]>
[2023-05-30T11:31:16.094+0000] {taskinstance.py:1087} INFO - Dependencies all met for <TaskInstance: our_first_dag_v5.second_task scheduled__2022-02-04T00:00:00+00:00 [queued]>
[2023-05-30T11:31:16.097+0000] {taskinstance.py:1283} INFO - 
--------------------------------------------------------------------------------
[2023-05-30T11:31:16.099+0000] {taskinstance.py:1284} INFO - Starting attempt 1 of 6
[2023-05-30T11:31:16.100+0000] {taskinstance.py:1285} INFO - 
--------------------------------------------------------------------------------
[2023-05-30T11:31:16.177+0000] {taskinstance.py:1304} INFO - Executing <Task(BashOperator): second_task> on 2022-02-04 00:00:00+00:00
[2023-05-30T11:31:16.206+0000] {standard_task_runner.py:55} INFO - Started process 3559 to run task
[2023-05-30T11:31:16.230+0000] {standard_task_runner.py:82} INFO - Running: ['***', 'tasks', 'run', 'our_first_dag_v5', 'second_task', 'scheduled__2022-02-04T00:00:00+00:00', '--job-id', '574', '--raw', '--subdir', 'DAGS_FOLDER/first_Dag.py', '--cfg-path', '/tmp/tmpby90lekq']
[2023-05-30T11:31:16.233+0000] {standard_task_runner.py:83} INFO - Job 574: Subtask second_task
[2023-05-30T11:31:16.454+0000] {task_command.py:389} INFO - Running <TaskInstance: our_first_dag_v5.second_task scheduled__2022-02-04T00:00:00+00:00 [running]> on host 49219f98c96e
[2023-05-30T11:31:16.665+0000] {taskinstance.py:1513} INFO - Exporting the following env vars:
AIRFLOW_CTX_DAG_OWNER=coder2j
AIRFLOW_CTX_DAG_ID=our_first_dag_v5
AIRFLOW_CTX_TASK_ID=second_task
AIRFLOW_CTX_EXECUTION_DATE=2022-02-04T00:00:00+00:00
AIRFLOW_CTX_TRY_NUMBER=1
AIRFLOW_CTX_DAG_RUN_ID=scheduled__2022-02-04T00:00:00+00:00
[2023-05-30T11:31:16.670+0000] {subprocess.py:63} INFO - Tmp dir root location: 
 /tmp
[2023-05-30T11:31:16.672+0000] {subprocess.py:75} INFO - Running command: ['/bin/bash', '-c', 'echo hey, I am task2 and will be running after task1!']
[2023-05-30T11:31:16.707+0000] {subprocess.py:86} INFO - Output:
[2023-05-30T11:31:16.708+0000] {subprocess.py:93} INFO - hey, I am task2 and will be running after task1!
[2023-05-30T11:31:16.710+0000] {subprocess.py:97} INFO - Command exited with return code 0
[2023-05-30T11:31:16.760+0000] {taskinstance.py:1327} INFO - Marking task as SUCCESS. dag_id=our_first_dag_v5, task_id=second_task, execution_date=20220204T000000, start_date=20230530T113116, end_date=20230530T113116
[2023-05-30T11:31:16.806+0000] {local_task_job.py:159} INFO - Task exited with return code 0
[2023-05-30T11:31:16.840+0000] {taskinstance.py:2582} INFO - 0 downstream tasks scheduled from follow-on schedule check
[2023-06-07T06:38:35.897+0000] {taskinstance.py:1087} INFO - Dependencies all met for <TaskInstance: our_first_dag_v5.second_task scheduled__2022-02-04T00:00:00+00:00 [queued]>
[2023-06-07T06:38:35.975+0000] {taskinstance.py:1087} INFO - Dependencies all met for <TaskInstance: our_first_dag_v5.second_task scheduled__2022-02-04T00:00:00+00:00 [queued]>
[2023-06-07T06:38:35.977+0000] {taskinstance.py:1283} INFO - 
--------------------------------------------------------------------------------
[2023-06-07T06:38:35.982+0000] {taskinstance.py:1284} INFO - Starting attempt 1 of 6
[2023-06-07T06:38:35.983+0000] {taskinstance.py:1285} INFO - 
--------------------------------------------------------------------------------
[2023-06-07T06:38:36.090+0000] {taskinstance.py:1304} INFO - Executing <Task(BashOperator): second_task> on 2022-02-04 00:00:00+00:00
[2023-06-07T06:38:36.151+0000] {standard_task_runner.py:55} INFO - Started process 3607 to run task
[2023-06-07T06:38:36.266+0000] {standard_task_runner.py:82} INFO - Running: ['***', 'tasks', 'run', 'our_first_dag_v5', 'second_task', 'scheduled__2022-02-04T00:00:00+00:00', '--job-id', '2155', '--raw', '--subdir', 'DAGS_FOLDER/first_Dag.py', '--cfg-path', '/tmp/tmpm93ienpk']
[2023-06-07T06:38:36.280+0000] {standard_task_runner.py:83} INFO - Job 2155: Subtask second_task
[2023-06-07T06:38:36.971+0000] {task_command.py:389} INFO - Running <TaskInstance: our_first_dag_v5.second_task scheduled__2022-02-04T00:00:00+00:00 [running]> on host 026ed797f3b3
[2023-06-07T06:38:37.638+0000] {taskinstance.py:1513} INFO - Exporting the following env vars:
AIRFLOW_CTX_DAG_OWNER=coder2j
AIRFLOW_CTX_DAG_ID=our_first_dag_v5
AIRFLOW_CTX_TASK_ID=second_task
AIRFLOW_CTX_EXECUTION_DATE=2022-02-04T00:00:00+00:00
AIRFLOW_CTX_TRY_NUMBER=1
AIRFLOW_CTX_DAG_RUN_ID=scheduled__2022-02-04T00:00:00+00:00
[2023-06-07T06:38:37.647+0000] {subprocess.py:63} INFO - Tmp dir root location: 
 /tmp
[2023-06-07T06:38:37.649+0000] {subprocess.py:75} INFO - Running command: ['/bin/bash', '-c', 'echo hey, I am task2 and will be running after task1!']
[2023-06-07T06:38:37.750+0000] {subprocess.py:86} INFO - Output:
[2023-06-07T06:38:37.776+0000] {subprocess.py:93} INFO - hey, I am task2 and will be running after task1!
[2023-06-07T06:38:37.781+0000] {subprocess.py:97} INFO - Command exited with return code 0
[2023-06-07T06:38:37.857+0000] {taskinstance.py:1327} INFO - Marking task as SUCCESS. dag_id=our_first_dag_v5, task_id=second_task, execution_date=20220204T000000, start_date=20230607T063835, end_date=20230607T063837
[2023-06-07T06:38:38.176+0000] {local_task_job.py:159} INFO - Task exited with return code 0
[2023-06-07T06:38:38.375+0000] {taskinstance.py:2582} INFO - 0 downstream tasks scheduled from follow-on schedule check
