[2023-05-30T11:31:32.341+0000] {taskinstance.py:1087} INFO - Dependencies all met for <TaskInstance: our_first_dag_v5.first_task scheduled__2022-02-17T00:00:00+00:00 [queued]>
[2023-05-30T11:31:32.392+0000] {taskinstance.py:1087} INFO - Dependencies all met for <TaskInstance: our_first_dag_v5.first_task scheduled__2022-02-17T00:00:00+00:00 [queued]>
[2023-05-30T11:31:32.393+0000] {taskinstance.py:1283} INFO - 
--------------------------------------------------------------------------------
[2023-05-30T11:31:32.394+0000] {taskinstance.py:1284} INFO - Starting attempt 1 of 6
[2023-05-30T11:31:32.398+0000] {taskinstance.py:1285} INFO - 
--------------------------------------------------------------------------------
[2023-05-30T11:31:32.459+0000] {taskinstance.py:1304} INFO - Executing <Task(BashOperator): first_task> on 2022-02-17 00:00:00+00:00
[2023-05-30T11:31:32.487+0000] {standard_task_runner.py:55} INFO - Started process 3669 to run task
[2023-05-30T11:31:32.520+0000] {standard_task_runner.py:82} INFO - Running: ['***', 'tasks', 'run', 'our_first_dag_v5', 'first_task', 'scheduled__2022-02-17T00:00:00+00:00', '--job-id', '604', '--raw', '--subdir', 'DAGS_FOLDER/first_Dag.py', '--cfg-path', '/tmp/tmpz2w4ruby']
[2023-05-30T11:31:32.532+0000] {standard_task_runner.py:83} INFO - Job 604: Subtask first_task
[2023-05-30T11:31:32.873+0000] {task_command.py:389} INFO - Running <TaskInstance: our_first_dag_v5.first_task scheduled__2022-02-17T00:00:00+00:00 [running]> on host 49219f98c96e
[2023-05-30T11:31:33.240+0000] {taskinstance.py:1513} INFO - Exporting the following env vars:
AIRFLOW_CTX_DAG_OWNER=coder2j
AIRFLOW_CTX_DAG_ID=our_first_dag_v5
AIRFLOW_CTX_TASK_ID=first_task
AIRFLOW_CTX_EXECUTION_DATE=2022-02-17T00:00:00+00:00
AIRFLOW_CTX_TRY_NUMBER=1
AIRFLOW_CTX_DAG_RUN_ID=scheduled__2022-02-17T00:00:00+00:00
[2023-05-30T11:31:33.248+0000] {subprocess.py:63} INFO - Tmp dir root location: 
 /tmp
[2023-05-30T11:31:33.255+0000] {subprocess.py:75} INFO - Running command: ['/bin/bash', '-c', 'echo hello world, this is the first task!']
[2023-05-30T11:31:33.349+0000] {subprocess.py:86} INFO - Output:
[2023-05-30T11:31:33.364+0000] {subprocess.py:93} INFO - hello world, this is the first task!
[2023-05-30T11:31:33.366+0000] {subprocess.py:97} INFO - Command exited with return code 0
[2023-05-30T11:31:33.473+0000] {taskinstance.py:1327} INFO - Marking task as SUCCESS. dag_id=our_first_dag_v5, task_id=first_task, execution_date=20220217T000000, start_date=20230530T113132, end_date=20230530T113133
[2023-05-30T11:31:33.603+0000] {local_task_job.py:159} INFO - Task exited with return code 0
[2023-05-30T11:31:33.776+0000] {taskinstance.py:2582} INFO - 2 downstream tasks scheduled from follow-on schedule check
[2023-06-07T06:38:58.075+0000] {taskinstance.py:1087} INFO - Dependencies all met for <TaskInstance: our_first_dag_v5.first_task scheduled__2022-02-17T00:00:00+00:00 [queued]>
[2023-06-07T06:38:58.348+0000] {taskinstance.py:1087} INFO - Dependencies all met for <TaskInstance: our_first_dag_v5.first_task scheduled__2022-02-17T00:00:00+00:00 [queued]>
[2023-06-07T06:38:58.359+0000] {taskinstance.py:1283} INFO - 
--------------------------------------------------------------------------------
[2023-06-07T06:38:58.366+0000] {taskinstance.py:1284} INFO - Starting attempt 1 of 6
[2023-06-07T06:38:58.388+0000] {taskinstance.py:1285} INFO - 
--------------------------------------------------------------------------------
[2023-06-07T06:38:59.369+0000] {taskinstance.py:1304} INFO - Executing <Task(BashOperator): first_task> on 2022-02-17 00:00:00+00:00
[2023-06-07T06:38:59.434+0000] {standard_task_runner.py:55} INFO - Started process 3761 to run task
[2023-06-07T06:38:59.569+0000] {standard_task_runner.py:82} INFO - Running: ['***', 'tasks', 'run', 'our_first_dag_v5', 'first_task', 'scheduled__2022-02-17T00:00:00+00:00', '--job-id', '2206', '--raw', '--subdir', 'DAGS_FOLDER/first_Dag.py', '--cfg-path', '/tmp/tmp1f6bpsu0']
[2023-06-07T06:38:59.579+0000] {standard_task_runner.py:83} INFO - Job 2206: Subtask first_task
[2023-06-07T06:39:00.631+0000] {task_command.py:389} INFO - Running <TaskInstance: our_first_dag_v5.first_task scheduled__2022-02-17T00:00:00+00:00 [running]> on host 026ed797f3b3
[2023-06-07T06:39:01.451+0000] {taskinstance.py:1513} INFO - Exporting the following env vars:
AIRFLOW_CTX_DAG_OWNER=coder2j
AIRFLOW_CTX_DAG_ID=our_first_dag_v5
AIRFLOW_CTX_TASK_ID=first_task
AIRFLOW_CTX_EXECUTION_DATE=2022-02-17T00:00:00+00:00
AIRFLOW_CTX_TRY_NUMBER=1
AIRFLOW_CTX_DAG_RUN_ID=scheduled__2022-02-17T00:00:00+00:00
[2023-06-07T06:39:01.455+0000] {subprocess.py:63} INFO - Tmp dir root location: 
 /tmp
[2023-06-07T06:39:01.460+0000] {subprocess.py:75} INFO - Running command: ['/bin/bash', '-c', 'echo hello world, this is the first task!']
[2023-06-07T06:39:01.620+0000] {subprocess.py:86} INFO - Output:
[2023-06-07T06:39:01.635+0000] {subprocess.py:93} INFO - hello world, this is the first task!
[2023-06-07T06:39:01.640+0000] {subprocess.py:97} INFO - Command exited with return code 0
[2023-06-07T06:39:01.879+0000] {taskinstance.py:1327} INFO - Marking task as SUCCESS. dag_id=our_first_dag_v5, task_id=first_task, execution_date=20220217T000000, start_date=20230607T063858, end_date=20230607T063901
[2023-06-07T06:39:02.118+0000] {local_task_job.py:159} INFO - Task exited with return code 0
[2023-06-07T06:39:02.313+0000] {taskinstance.py:2582} INFO - 2 downstream tasks scheduled from follow-on schedule check
