[2023-05-30T11:32:50.057+0000] {taskinstance.py:1087} INFO - Dependencies all met for <TaskInstance: our_first_dag_v5.second_task scheduled__2022-05-02T00:00:00+00:00 [queued]>
[2023-05-30T11:32:50.081+0000] {taskinstance.py:1087} INFO - Dependencies all met for <TaskInstance: our_first_dag_v5.second_task scheduled__2022-05-02T00:00:00+00:00 [queued]>
[2023-05-30T11:32:50.083+0000] {taskinstance.py:1283} INFO - 
--------------------------------------------------------------------------------
[2023-05-30T11:32:50.093+0000] {taskinstance.py:1284} INFO - Starting attempt 1 of 6
[2023-05-30T11:32:50.105+0000] {taskinstance.py:1285} INFO - 
--------------------------------------------------------------------------------
[2023-05-30T11:32:50.150+0000] {taskinstance.py:1304} INFO - Executing <Task(BashOperator): second_task> on 2022-05-02 00:00:00+00:00
[2023-05-30T11:32:50.163+0000] {standard_task_runner.py:55} INFO - Started process 4450 to run task
[2023-05-30T11:32:50.213+0000] {standard_task_runner.py:82} INFO - Running: ['***', 'tasks', 'run', 'our_first_dag_v5', 'second_task', 'scheduled__2022-05-02T00:00:00+00:00', '--job-id', '837', '--raw', '--subdir', 'DAGS_FOLDER/first_Dag.py', '--cfg-path', '/tmp/tmpjuu4f1a4']
[2023-05-30T11:32:50.223+0000] {standard_task_runner.py:83} INFO - Job 837: Subtask second_task
[2023-05-30T11:32:50.583+0000] {task_command.py:389} INFO - Running <TaskInstance: our_first_dag_v5.second_task scheduled__2022-05-02T00:00:00+00:00 [running]> on host 49219f98c96e
[2023-05-30T11:32:51.108+0000] {taskinstance.py:1513} INFO - Exporting the following env vars:
AIRFLOW_CTX_DAG_OWNER=coder2j
AIRFLOW_CTX_DAG_ID=our_first_dag_v5
AIRFLOW_CTX_TASK_ID=second_task
AIRFLOW_CTX_EXECUTION_DATE=2022-05-02T00:00:00+00:00
AIRFLOW_CTX_TRY_NUMBER=1
AIRFLOW_CTX_DAG_RUN_ID=scheduled__2022-05-02T00:00:00+00:00
[2023-05-30T11:32:51.116+0000] {subprocess.py:63} INFO - Tmp dir root location: 
 /tmp
[2023-05-30T11:32:51.119+0000] {subprocess.py:75} INFO - Running command: ['/bin/bash', '-c', 'echo hey, I am task2 and will be running after task1!']
[2023-05-30T11:32:51.218+0000] {subprocess.py:86} INFO - Output:
[2023-05-30T11:32:51.230+0000] {subprocess.py:93} INFO - hey, I am task2 and will be running after task1!
[2023-05-30T11:32:51.236+0000] {subprocess.py:97} INFO - Command exited with return code 0
[2023-05-30T11:32:51.343+0000] {taskinstance.py:1327} INFO - Marking task as SUCCESS. dag_id=our_first_dag_v5, task_id=second_task, execution_date=20220502T000000, start_date=20230530T113250, end_date=20230530T113251
[2023-05-30T11:32:51.459+0000] {local_task_job.py:159} INFO - Task exited with return code 0
[2023-05-30T11:32:51.590+0000] {taskinstance.py:2582} INFO - 0 downstream tasks scheduled from follow-on schedule check
