[2023-06-07T10:33:28.503+0000] {processor.py:153} INFO - Started process (PID=3412) to work on /opt/airflow/dags/to_check.py
[2023-06-07T10:33:28.505+0000] {processor.py:743} INFO - Processing file /opt/airflow/dags/to_check.py for tasks to queue
[2023-06-07T10:33:28.506+0000] {logging_mixin.py:137} INFO - [2023-06-07T10:33:28.506+0000] {dagbag.py:538} INFO - Filling up the DagBag from /opt/airflow/dags/to_check.py
[2023-06-07T10:33:28.533+0000] {processor.py:753} INFO - DAG(s) dict_keys(['dag_migration_check']) retrieved from /opt/airflow/dags/to_check.py
[2023-06-07T10:33:28.795+0000] {logging_mixin.py:137} INFO - [2023-06-07T10:33:28.795+0000] {manager.py:504} INFO - Created Permission View: can delete on DAG:dag_migration_check
[2023-06-07T10:33:28.806+0000] {logging_mixin.py:137} INFO - [2023-06-07T10:33:28.806+0000] {manager.py:504} INFO - Created Permission View: can edit on DAG:dag_migration_check
[2023-06-07T10:33:28.815+0000] {logging_mixin.py:137} INFO - [2023-06-07T10:33:28.815+0000] {manager.py:504} INFO - Created Permission View: can read on DAG:dag_migration_check
[2023-06-07T10:33:28.816+0000] {logging_mixin.py:137} INFO - [2023-06-07T10:33:28.816+0000] {dag.py:2676} INFO - Sync 1 DAGs
[2023-06-07T10:33:28.831+0000] {logging_mixin.py:137} INFO - [2023-06-07T10:33:28.831+0000] {dag.py:2697} INFO - Creating ORM DAG for dag_migration_check
[2023-06-07T10:33:28.843+0000] {logging_mixin.py:137} INFO - [2023-06-07T10:33:28.843+0000] {dag.py:3427} INFO - Setting next_dagrun for dag_migration_check to None, run_after=None
[2023-06-07T10:33:28.862+0000] {processor.py:175} INFO - Processing /opt/airflow/dags/to_check.py took 0.362 seconds
[2023-06-07T10:33:59.848+0000] {processor.py:153} INFO - Started process (PID=3459) to work on /opt/airflow/dags/to_check.py
[2023-06-07T10:33:59.851+0000] {processor.py:743} INFO - Processing file /opt/airflow/dags/to_check.py for tasks to queue
[2023-06-07T10:33:59.853+0000] {logging_mixin.py:137} INFO - [2023-06-07T10:33:59.853+0000] {dagbag.py:538} INFO - Filling up the DagBag from /opt/airflow/dags/to_check.py
[2023-06-07T10:33:59.884+0000] {processor.py:753} INFO - DAG(s) dict_keys(['dag_migration_check']) retrieved from /opt/airflow/dags/to_check.py
[2023-06-07T10:33:59.939+0000] {logging_mixin.py:137} INFO - [2023-06-07T10:33:59.939+0000] {dag.py:2676} INFO - Sync 1 DAGs
[2023-06-07T10:33:59.976+0000] {logging_mixin.py:137} INFO - [2023-06-07T10:33:59.975+0000] {dag.py:3427} INFO - Setting next_dagrun for dag_migration_check to None, run_after=None
[2023-06-07T10:33:59.998+0000] {processor.py:175} INFO - Processing /opt/airflow/dags/to_check.py took 0.155 seconds
[2023-06-07T10:34:30.237+0000] {processor.py:153} INFO - Started process (PID=3491) to work on /opt/airflow/dags/to_check.py
[2023-06-07T10:34:30.239+0000] {processor.py:743} INFO - Processing file /opt/airflow/dags/to_check.py for tasks to queue
[2023-06-07T10:34:30.241+0000] {logging_mixin.py:137} INFO - [2023-06-07T10:34:30.240+0000] {dagbag.py:538} INFO - Filling up the DagBag from /opt/airflow/dags/to_check.py
[2023-06-07T10:34:30.260+0000] {processor.py:753} INFO - DAG(s) dict_keys(['dag_migration_check']) retrieved from /opt/airflow/dags/to_check.py
[2023-06-07T10:34:30.303+0000] {logging_mixin.py:137} INFO - [2023-06-07T10:34:30.303+0000] {dag.py:2676} INFO - Sync 1 DAGs
[2023-06-07T10:34:30.331+0000] {logging_mixin.py:137} INFO - [2023-06-07T10:34:30.331+0000] {dag.py:3427} INFO - Setting next_dagrun for dag_migration_check to None, run_after=None
[2023-06-07T10:34:30.349+0000] {processor.py:175} INFO - Processing /opt/airflow/dags/to_check.py took 0.117 seconds
[2023-06-07T10:35:00.685+0000] {processor.py:153} INFO - Started process (PID=3537) to work on /opt/airflow/dags/to_check.py
[2023-06-07T10:35:00.690+0000] {processor.py:743} INFO - Processing file /opt/airflow/dags/to_check.py for tasks to queue
[2023-06-07T10:35:00.691+0000] {logging_mixin.py:137} INFO - [2023-06-07T10:35:00.691+0000] {dagbag.py:538} INFO - Filling up the DagBag from /opt/airflow/dags/to_check.py
[2023-06-07T10:35:00.716+0000] {processor.py:753} INFO - DAG(s) dict_keys(['dag_migration_check']) retrieved from /opt/airflow/dags/to_check.py
[2023-06-07T10:35:00.763+0000] {logging_mixin.py:137} INFO - [2023-06-07T10:35:00.763+0000] {dag.py:2676} INFO - Sync 1 DAGs
[2023-06-07T10:35:00.796+0000] {logging_mixin.py:137} INFO - [2023-06-07T10:35:00.795+0000] {dag.py:3427} INFO - Setting next_dagrun for dag_migration_check to None, run_after=None
[2023-06-07T10:35:00.819+0000] {processor.py:175} INFO - Processing /opt/airflow/dags/to_check.py took 0.139 seconds
[2023-06-07T10:35:31.087+0000] {processor.py:153} INFO - Started process (PID=3569) to work on /opt/airflow/dags/to_check.py
[2023-06-07T10:35:31.090+0000] {processor.py:743} INFO - Processing file /opt/airflow/dags/to_check.py for tasks to queue
[2023-06-07T10:35:31.092+0000] {logging_mixin.py:137} INFO - [2023-06-07T10:35:31.091+0000] {dagbag.py:538} INFO - Filling up the DagBag from /opt/airflow/dags/to_check.py
[2023-06-07T10:35:31.115+0000] {processor.py:753} INFO - DAG(s) dict_keys(['dag_migration_check']) retrieved from /opt/airflow/dags/to_check.py
[2023-06-07T10:35:31.164+0000] {logging_mixin.py:137} INFO - [2023-06-07T10:35:31.164+0000] {dag.py:2676} INFO - Sync 1 DAGs
[2023-06-07T10:35:31.199+0000] {logging_mixin.py:137} INFO - [2023-06-07T10:35:31.199+0000] {dag.py:3427} INFO - Setting next_dagrun for dag_migration_check to None, run_after=None
[2023-06-07T10:35:31.222+0000] {processor.py:175} INFO - Processing /opt/airflow/dags/to_check.py took 0.140 seconds
[2023-06-07T10:36:01.406+0000] {processor.py:153} INFO - Started process (PID=3615) to work on /opt/airflow/dags/to_check.py
[2023-06-07T10:36:01.408+0000] {processor.py:743} INFO - Processing file /opt/airflow/dags/to_check.py for tasks to queue
[2023-06-07T10:36:01.410+0000] {logging_mixin.py:137} INFO - [2023-06-07T10:36:01.410+0000] {dagbag.py:538} INFO - Filling up the DagBag from /opt/airflow/dags/to_check.py
[2023-06-07T10:36:01.434+0000] {processor.py:753} INFO - DAG(s) dict_keys(['dag_migration_check']) retrieved from /opt/airflow/dags/to_check.py
[2023-06-07T10:36:01.481+0000] {logging_mixin.py:137} INFO - [2023-06-07T10:36:01.480+0000] {dag.py:2676} INFO - Sync 1 DAGs
[2023-06-07T10:36:01.513+0000] {logging_mixin.py:137} INFO - [2023-06-07T10:36:01.513+0000] {dag.py:3427} INFO - Setting next_dagrun for dag_migration_check to None, run_after=None
[2023-06-07T10:36:01.532+0000] {processor.py:175} INFO - Processing /opt/airflow/dags/to_check.py took 0.131 seconds
[2023-06-07T10:36:31.791+0000] {processor.py:153} INFO - Started process (PID=3647) to work on /opt/airflow/dags/to_check.py
[2023-06-07T10:36:31.793+0000] {processor.py:743} INFO - Processing file /opt/airflow/dags/to_check.py for tasks to queue
[2023-06-07T10:36:31.795+0000] {logging_mixin.py:137} INFO - [2023-06-07T10:36:31.795+0000] {dagbag.py:538} INFO - Filling up the DagBag from /opt/airflow/dags/to_check.py
[2023-06-07T10:36:31.820+0000] {processor.py:753} INFO - DAG(s) dict_keys(['dag_migration_check']) retrieved from /opt/airflow/dags/to_check.py
[2023-06-07T10:36:31.868+0000] {logging_mixin.py:137} INFO - [2023-06-07T10:36:31.868+0000] {dag.py:2676} INFO - Sync 1 DAGs
[2023-06-07T10:36:31.903+0000] {logging_mixin.py:137} INFO - [2023-06-07T10:36:31.903+0000] {dag.py:3427} INFO - Setting next_dagrun for dag_migration_check to None, run_after=None
[2023-06-07T10:36:31.930+0000] {processor.py:175} INFO - Processing /opt/airflow/dags/to_check.py took 0.143 seconds
[2023-06-07T10:37:02.191+0000] {processor.py:153} INFO - Started process (PID=3693) to work on /opt/airflow/dags/to_check.py
[2023-06-07T10:37:02.193+0000] {processor.py:743} INFO - Processing file /opt/airflow/dags/to_check.py for tasks to queue
[2023-06-07T10:37:02.195+0000] {logging_mixin.py:137} INFO - [2023-06-07T10:37:02.195+0000] {dagbag.py:538} INFO - Filling up the DagBag from /opt/airflow/dags/to_check.py
[2023-06-07T10:37:02.219+0000] {processor.py:753} INFO - DAG(s) dict_keys(['dag_migration_check']) retrieved from /opt/airflow/dags/to_check.py
[2023-06-07T10:37:02.272+0000] {logging_mixin.py:137} INFO - [2023-06-07T10:37:02.272+0000] {dag.py:2676} INFO - Sync 1 DAGs
[2023-06-07T10:37:02.312+0000] {logging_mixin.py:137} INFO - [2023-06-07T10:37:02.312+0000] {dag.py:3427} INFO - Setting next_dagrun for dag_migration_check to None, run_after=None
[2023-06-07T10:37:02.337+0000] {processor.py:175} INFO - Processing /opt/airflow/dags/to_check.py took 0.152 seconds
[2023-06-07T10:37:32.573+0000] {processor.py:153} INFO - Started process (PID=3726) to work on /opt/airflow/dags/to_check.py
[2023-06-07T10:37:32.575+0000] {processor.py:743} INFO - Processing file /opt/airflow/dags/to_check.py for tasks to queue
[2023-06-07T10:37:32.577+0000] {logging_mixin.py:137} INFO - [2023-06-07T10:37:32.577+0000] {dagbag.py:538} INFO - Filling up the DagBag from /opt/airflow/dags/to_check.py
[2023-06-07T10:37:32.602+0000] {processor.py:753} INFO - DAG(s) dict_keys(['dag_migration_check']) retrieved from /opt/airflow/dags/to_check.py
[2023-06-07T10:37:32.646+0000] {logging_mixin.py:137} INFO - [2023-06-07T10:37:32.646+0000] {dag.py:2676} INFO - Sync 1 DAGs
[2023-06-07T10:37:32.677+0000] {logging_mixin.py:137} INFO - [2023-06-07T10:37:32.677+0000] {dag.py:3427} INFO - Setting next_dagrun for dag_migration_check to None, run_after=None
[2023-06-07T10:37:32.696+0000] {processor.py:175} INFO - Processing /opt/airflow/dags/to_check.py took 0.128 seconds
[2023-06-07T10:38:02.948+0000] {processor.py:153} INFO - Started process (PID=3764) to work on /opt/airflow/dags/to_check.py
[2023-06-07T10:38:02.950+0000] {processor.py:743} INFO - Processing file /opt/airflow/dags/to_check.py for tasks to queue
[2023-06-07T10:38:02.952+0000] {logging_mixin.py:137} INFO - [2023-06-07T10:38:02.952+0000] {dagbag.py:538} INFO - Filling up the DagBag from /opt/airflow/dags/to_check.py
[2023-06-07T10:38:02.972+0000] {processor.py:753} INFO - DAG(s) dict_keys(['dag_migration_check']) retrieved from /opt/airflow/dags/to_check.py
[2023-06-07T10:38:03.018+0000] {logging_mixin.py:137} INFO - [2023-06-07T10:38:03.018+0000] {dag.py:2676} INFO - Sync 1 DAGs
[2023-06-07T10:38:03.046+0000] {logging_mixin.py:137} INFO - [2023-06-07T10:38:03.046+0000] {dag.py:3427} INFO - Setting next_dagrun for dag_migration_check to None, run_after=None
[2023-06-07T10:38:03.066+0000] {processor.py:175} INFO - Processing /opt/airflow/dags/to_check.py took 0.122 seconds
[2023-06-07T10:38:33.383+0000] {processor.py:153} INFO - Started process (PID=3803) to work on /opt/airflow/dags/to_check.py
[2023-06-07T10:38:33.386+0000] {processor.py:743} INFO - Processing file /opt/airflow/dags/to_check.py for tasks to queue
[2023-06-07T10:38:33.390+0000] {logging_mixin.py:137} INFO - [2023-06-07T10:38:33.390+0000] {dagbag.py:538} INFO - Filling up the DagBag from /opt/airflow/dags/to_check.py
[2023-06-07T10:38:33.417+0000] {processor.py:753} INFO - DAG(s) dict_keys(['dag_migration_check']) retrieved from /opt/airflow/dags/to_check.py
[2023-06-07T10:38:33.466+0000] {logging_mixin.py:137} INFO - [2023-06-07T10:38:33.466+0000] {dag.py:2676} INFO - Sync 1 DAGs
[2023-06-07T10:38:33.503+0000] {logging_mixin.py:137} INFO - [2023-06-07T10:38:33.503+0000] {dag.py:3427} INFO - Setting next_dagrun for dag_migration_check to None, run_after=None
[2023-06-07T10:38:33.533+0000] {processor.py:175} INFO - Processing /opt/airflow/dags/to_check.py took 0.154 seconds
[2023-06-07T10:39:03.822+0000] {processor.py:153} INFO - Started process (PID=3835) to work on /opt/airflow/dags/to_check.py
[2023-06-07T10:39:03.825+0000] {processor.py:743} INFO - Processing file /opt/airflow/dags/to_check.py for tasks to queue
[2023-06-07T10:39:03.827+0000] {logging_mixin.py:137} INFO - [2023-06-07T10:39:03.827+0000] {dagbag.py:538} INFO - Filling up the DagBag from /opt/airflow/dags/to_check.py
[2023-06-07T10:39:03.855+0000] {processor.py:753} INFO - DAG(s) dict_keys(['dag_migration_check']) retrieved from /opt/airflow/dags/to_check.py
[2023-06-07T10:39:03.911+0000] {logging_mixin.py:137} INFO - [2023-06-07T10:39:03.911+0000] {dag.py:2676} INFO - Sync 1 DAGs
[2023-06-07T10:39:03.950+0000] {logging_mixin.py:137} INFO - [2023-06-07T10:39:03.950+0000] {dag.py:3427} INFO - Setting next_dagrun for dag_migration_check to None, run_after=None
[2023-06-07T10:39:03.971+0000] {processor.py:175} INFO - Processing /opt/airflow/dags/to_check.py took 0.154 seconds
[2023-06-07T10:39:34.183+0000] {processor.py:153} INFO - Started process (PID=3881) to work on /opt/airflow/dags/to_check.py
[2023-06-07T10:39:34.186+0000] {processor.py:743} INFO - Processing file /opt/airflow/dags/to_check.py for tasks to queue
[2023-06-07T10:39:34.188+0000] {logging_mixin.py:137} INFO - [2023-06-07T10:39:34.188+0000] {dagbag.py:538} INFO - Filling up the DagBag from /opt/airflow/dags/to_check.py
[2023-06-07T10:39:34.212+0000] {processor.py:753} INFO - DAG(s) dict_keys(['dag_migration_check']) retrieved from /opt/airflow/dags/to_check.py
[2023-06-07T10:39:34.259+0000] {logging_mixin.py:137} INFO - [2023-06-07T10:39:34.258+0000] {dag.py:2676} INFO - Sync 1 DAGs
[2023-06-07T10:39:34.288+0000] {logging_mixin.py:137} INFO - [2023-06-07T10:39:34.288+0000] {dag.py:3427} INFO - Setting next_dagrun for dag_migration_check to None, run_after=None
[2023-06-07T10:39:34.305+0000] {processor.py:175} INFO - Processing /opt/airflow/dags/to_check.py took 0.127 seconds
[2023-06-07T10:39:43.485+0000] {processor.py:153} INFO - Started process (PID=3899) to work on /opt/airflow/dags/to_check.py
[2023-06-07T10:39:43.487+0000] {processor.py:743} INFO - Processing file /opt/airflow/dags/to_check.py for tasks to queue
[2023-06-07T10:39:43.490+0000] {logging_mixin.py:137} INFO - [2023-06-07T10:39:43.490+0000] {dagbag.py:538} INFO - Filling up the DagBag from /opt/airflow/dags/to_check.py
[2023-06-07T10:39:43.575+0000] {processor.py:753} INFO - DAG(s) dict_keys(['dag_run_check']) retrieved from /opt/airflow/dags/to_check.py
[2023-06-07T10:39:43.758+0000] {logging_mixin.py:137} INFO - [2023-06-07T10:39:43.758+0000] {manager.py:504} INFO - Created Permission View: can delete on DAG:dag_run_check
[2023-06-07T10:39:43.770+0000] {logging_mixin.py:137} INFO - [2023-06-07T10:39:43.770+0000] {manager.py:504} INFO - Created Permission View: can edit on DAG:dag_run_check
[2023-06-07T10:39:43.779+0000] {logging_mixin.py:137} INFO - [2023-06-07T10:39:43.779+0000] {manager.py:504} INFO - Created Permission View: can read on DAG:dag_run_check
[2023-06-07T10:39:43.781+0000] {logging_mixin.py:137} INFO - [2023-06-07T10:39:43.781+0000] {dag.py:2676} INFO - Sync 1 DAGs
[2023-06-07T10:39:43.799+0000] {logging_mixin.py:137} INFO - [2023-06-07T10:39:43.799+0000] {dag.py:2697} INFO - Creating ORM DAG for dag_run_check
[2023-06-07T10:39:43.814+0000] {logging_mixin.py:137} INFO - [2023-06-07T10:39:43.814+0000] {dag.py:3427} INFO - Setting next_dagrun for dag_run_check to None, run_after=None
[2023-06-07T10:39:43.835+0000] {processor.py:175} INFO - Processing /opt/airflow/dags/to_check.py took 0.354 seconds
[2023-06-07T10:40:13.950+0000] {processor.py:153} INFO - Started process (PID=3931) to work on /opt/airflow/dags/to_check.py
[2023-06-07T10:40:13.953+0000] {processor.py:743} INFO - Processing file /opt/airflow/dags/to_check.py for tasks to queue
[2023-06-07T10:40:13.955+0000] {logging_mixin.py:137} INFO - [2023-06-07T10:40:13.955+0000] {dagbag.py:538} INFO - Filling up the DagBag from /opt/airflow/dags/to_check.py
[2023-06-07T10:40:14.001+0000] {processor.py:753} INFO - DAG(s) dict_keys(['dag_run_check']) retrieved from /opt/airflow/dags/to_check.py
[2023-06-07T10:40:14.045+0000] {logging_mixin.py:137} INFO - [2023-06-07T10:40:14.045+0000] {dag.py:2676} INFO - Sync 1 DAGs
[2023-06-07T10:40:14.073+0000] {logging_mixin.py:137} INFO - [2023-06-07T10:40:14.073+0000] {dag.py:3427} INFO - Setting next_dagrun for dag_run_check to None, run_after=None
[2023-06-07T10:40:14.092+0000] {processor.py:175} INFO - Processing /opt/airflow/dags/to_check.py took 0.147 seconds
[2023-06-07T10:40:44.331+0000] {processor.py:153} INFO - Started process (PID=3963) to work on /opt/airflow/dags/to_check.py
[2023-06-07T10:40:44.333+0000] {processor.py:743} INFO - Processing file /opt/airflow/dags/to_check.py for tasks to queue
[2023-06-07T10:40:44.335+0000] {logging_mixin.py:137} INFO - [2023-06-07T10:40:44.335+0000] {dagbag.py:538} INFO - Filling up the DagBag from /opt/airflow/dags/to_check.py
[2023-06-07T10:40:44.380+0000] {processor.py:753} INFO - DAG(s) dict_keys(['dag_run_check']) retrieved from /opt/airflow/dags/to_check.py
[2023-06-07T10:40:44.429+0000] {logging_mixin.py:137} INFO - [2023-06-07T10:40:44.429+0000] {dag.py:2676} INFO - Sync 1 DAGs
[2023-06-07T10:40:44.467+0000] {logging_mixin.py:137} INFO - [2023-06-07T10:40:44.466+0000] {dag.py:3427} INFO - Setting next_dagrun for dag_run_check to None, run_after=None
[2023-06-07T10:40:44.493+0000] {processor.py:175} INFO - Processing /opt/airflow/dags/to_check.py took 0.167 seconds
[2023-06-07T10:41:14.807+0000] {processor.py:153} INFO - Started process (PID=4009) to work on /opt/airflow/dags/to_check.py
[2023-06-07T10:41:14.809+0000] {processor.py:743} INFO - Processing file /opt/airflow/dags/to_check.py for tasks to queue
[2023-06-07T10:41:14.811+0000] {logging_mixin.py:137} INFO - [2023-06-07T10:41:14.810+0000] {dagbag.py:538} INFO - Filling up the DagBag from /opt/airflow/dags/to_check.py
[2023-06-07T10:41:14.853+0000] {processor.py:753} INFO - DAG(s) dict_keys(['dag_run_check']) retrieved from /opt/airflow/dags/to_check.py
[2023-06-07T10:41:14.896+0000] {logging_mixin.py:137} INFO - [2023-06-07T10:41:14.896+0000] {dag.py:2676} INFO - Sync 1 DAGs
[2023-06-07T10:41:14.924+0000] {logging_mixin.py:137} INFO - [2023-06-07T10:41:14.924+0000] {dag.py:3427} INFO - Setting next_dagrun for dag_run_check to None, run_after=None
[2023-06-07T10:41:14.945+0000] {processor.py:175} INFO - Processing /opt/airflow/dags/to_check.py took 0.143 seconds
[2023-06-07T10:41:45.233+0000] {processor.py:153} INFO - Started process (PID=4041) to work on /opt/airflow/dags/to_check.py
[2023-06-07T10:41:45.236+0000] {processor.py:743} INFO - Processing file /opt/airflow/dags/to_check.py for tasks to queue
[2023-06-07T10:41:45.238+0000] {logging_mixin.py:137} INFO - [2023-06-07T10:41:45.238+0000] {dagbag.py:538} INFO - Filling up the DagBag from /opt/airflow/dags/to_check.py
[2023-06-07T10:41:45.284+0000] {processor.py:753} INFO - DAG(s) dict_keys(['dag_run_check']) retrieved from /opt/airflow/dags/to_check.py
[2023-06-07T10:41:45.334+0000] {logging_mixin.py:137} INFO - [2023-06-07T10:41:45.334+0000] {dag.py:2676} INFO - Sync 1 DAGs
[2023-06-07T10:41:45.370+0000] {logging_mixin.py:137} INFO - [2023-06-07T10:41:45.370+0000] {dag.py:3427} INFO - Setting next_dagrun for dag_run_check to None, run_after=None
[2023-06-07T10:41:45.397+0000] {processor.py:175} INFO - Processing /opt/airflow/dags/to_check.py took 0.169 seconds
[2023-06-07T10:42:15.702+0000] {processor.py:153} INFO - Started process (PID=4087) to work on /opt/airflow/dags/to_check.py
[2023-06-07T10:42:15.705+0000] {processor.py:743} INFO - Processing file /opt/airflow/dags/to_check.py for tasks to queue
[2023-06-07T10:42:15.707+0000] {logging_mixin.py:137} INFO - [2023-06-07T10:42:15.707+0000] {dagbag.py:538} INFO - Filling up the DagBag from /opt/airflow/dags/to_check.py
[2023-06-07T10:42:15.758+0000] {processor.py:753} INFO - DAG(s) dict_keys(['dag_run_check']) retrieved from /opt/airflow/dags/to_check.py
[2023-06-07T10:42:15.825+0000] {logging_mixin.py:137} INFO - [2023-06-07T10:42:15.825+0000] {dag.py:2676} INFO - Sync 1 DAGs
[2023-06-07T10:42:15.875+0000] {logging_mixin.py:137} INFO - [2023-06-07T10:42:15.874+0000] {dag.py:3427} INFO - Setting next_dagrun for dag_run_check to None, run_after=None
[2023-06-07T10:42:15.903+0000] {processor.py:175} INFO - Processing /opt/airflow/dags/to_check.py took 0.205 seconds
[2023-06-07T10:42:46.046+0000] {processor.py:153} INFO - Started process (PID=4119) to work on /opt/airflow/dags/to_check.py
[2023-06-07T10:42:46.047+0000] {processor.py:743} INFO - Processing file /opt/airflow/dags/to_check.py for tasks to queue
[2023-06-07T10:42:46.049+0000] {logging_mixin.py:137} INFO - [2023-06-07T10:42:46.049+0000] {dagbag.py:538} INFO - Filling up the DagBag from /opt/airflow/dags/to_check.py
[2023-06-07T10:42:46.084+0000] {processor.py:753} INFO - DAG(s) dict_keys(['dag_run_check']) retrieved from /opt/airflow/dags/to_check.py
[2023-06-07T10:42:46.129+0000] {logging_mixin.py:137} INFO - [2023-06-07T10:42:46.129+0000] {dag.py:2676} INFO - Sync 1 DAGs
[2023-06-07T10:42:46.163+0000] {logging_mixin.py:137} INFO - [2023-06-07T10:42:46.163+0000] {dag.py:3427} INFO - Setting next_dagrun for dag_run_check to None, run_after=None
[2023-06-07T10:42:46.186+0000] {processor.py:175} INFO - Processing /opt/airflow/dags/to_check.py took 0.144 seconds
[2023-06-07T10:43:16.467+0000] {processor.py:153} INFO - Started process (PID=4165) to work on /opt/airflow/dags/to_check.py
[2023-06-07T10:43:16.470+0000] {processor.py:743} INFO - Processing file /opt/airflow/dags/to_check.py for tasks to queue
[2023-06-07T10:43:16.472+0000] {logging_mixin.py:137} INFO - [2023-06-07T10:43:16.471+0000] {dagbag.py:538} INFO - Filling up the DagBag from /opt/airflow/dags/to_check.py
[2023-06-07T10:43:16.515+0000] {processor.py:753} INFO - DAG(s) dict_keys(['dag_run_check']) retrieved from /opt/airflow/dags/to_check.py
[2023-06-07T10:43:16.561+0000] {logging_mixin.py:137} INFO - [2023-06-07T10:43:16.560+0000] {dag.py:2676} INFO - Sync 1 DAGs
[2023-06-07T10:43:16.592+0000] {logging_mixin.py:137} INFO - [2023-06-07T10:43:16.592+0000] {dag.py:3427} INFO - Setting next_dagrun for dag_run_check to None, run_after=None
[2023-06-07T10:43:16.614+0000] {processor.py:175} INFO - Processing /opt/airflow/dags/to_check.py took 0.152 seconds
[2023-06-07T10:43:46.929+0000] {processor.py:153} INFO - Started process (PID=4197) to work on /opt/airflow/dags/to_check.py
[2023-06-07T10:43:46.932+0000] {processor.py:743} INFO - Processing file /opt/airflow/dags/to_check.py for tasks to queue
[2023-06-07T10:43:46.935+0000] {logging_mixin.py:137} INFO - [2023-06-07T10:43:46.935+0000] {dagbag.py:538} INFO - Filling up the DagBag from /opt/airflow/dags/to_check.py
[2023-06-07T10:43:46.989+0000] {processor.py:753} INFO - DAG(s) dict_keys(['dag_run_check']) retrieved from /opt/airflow/dags/to_check.py
[2023-06-07T10:43:47.044+0000] {logging_mixin.py:137} INFO - [2023-06-07T10:43:47.044+0000] {dag.py:2676} INFO - Sync 1 DAGs
[2023-06-07T10:43:47.084+0000] {logging_mixin.py:137} INFO - [2023-06-07T10:43:47.084+0000] {dag.py:3427} INFO - Setting next_dagrun for dag_run_check to None, run_after=None
[2023-06-07T10:43:47.111+0000] {processor.py:175} INFO - Processing /opt/airflow/dags/to_check.py took 0.186 seconds
[2023-06-07T10:44:17.349+0000] {processor.py:153} INFO - Started process (PID=4243) to work on /opt/airflow/dags/to_check.py
[2023-06-07T10:44:17.351+0000] {processor.py:743} INFO - Processing file /opt/airflow/dags/to_check.py for tasks to queue
[2023-06-07T10:44:17.353+0000] {logging_mixin.py:137} INFO - [2023-06-07T10:44:17.353+0000] {dagbag.py:538} INFO - Filling up the DagBag from /opt/airflow/dags/to_check.py
[2023-06-07T10:44:17.397+0000] {processor.py:753} INFO - DAG(s) dict_keys(['dag_run_check']) retrieved from /opt/airflow/dags/to_check.py
[2023-06-07T10:44:17.448+0000] {logging_mixin.py:137} INFO - [2023-06-07T10:44:17.448+0000] {dag.py:2676} INFO - Sync 1 DAGs
[2023-06-07T10:44:17.488+0000] {logging_mixin.py:137} INFO - [2023-06-07T10:44:17.488+0000] {dag.py:3427} INFO - Setting next_dagrun for dag_run_check to None, run_after=None
[2023-06-07T10:44:17.516+0000] {processor.py:175} INFO - Processing /opt/airflow/dags/to_check.py took 0.173 seconds
[2023-06-07T10:44:47.731+0000] {processor.py:153} INFO - Started process (PID=4275) to work on /opt/airflow/dags/to_check.py
[2023-06-07T10:44:47.734+0000] {processor.py:743} INFO - Processing file /opt/airflow/dags/to_check.py for tasks to queue
[2023-06-07T10:44:47.736+0000] {logging_mixin.py:137} INFO - [2023-06-07T10:44:47.736+0000] {dagbag.py:538} INFO - Filling up the DagBag from /opt/airflow/dags/to_check.py
[2023-06-07T10:44:47.779+0000] {processor.py:753} INFO - DAG(s) dict_keys(['dag_run_check']) retrieved from /opt/airflow/dags/to_check.py
[2023-06-07T10:44:47.820+0000] {logging_mixin.py:137} INFO - [2023-06-07T10:44:47.820+0000] {dag.py:2676} INFO - Sync 1 DAGs
[2023-06-07T10:44:47.850+0000] {logging_mixin.py:137} INFO - [2023-06-07T10:44:47.849+0000] {dag.py:3427} INFO - Setting next_dagrun for dag_run_check to None, run_after=None
[2023-06-07T10:44:47.868+0000] {processor.py:175} INFO - Processing /opt/airflow/dags/to_check.py took 0.142 seconds
[2023-06-07T10:45:18.125+0000] {processor.py:153} INFO - Started process (PID=4321) to work on /opt/airflow/dags/to_check.py
[2023-06-07T10:45:18.127+0000] {processor.py:743} INFO - Processing file /opt/airflow/dags/to_check.py for tasks to queue
[2023-06-07T10:45:18.129+0000] {logging_mixin.py:137} INFO - [2023-06-07T10:45:18.128+0000] {dagbag.py:538} INFO - Filling up the DagBag from /opt/airflow/dags/to_check.py
[2023-06-07T10:45:18.164+0000] {processor.py:753} INFO - DAG(s) dict_keys(['dag_run_check']) retrieved from /opt/airflow/dags/to_check.py
[2023-06-07T10:45:18.203+0000] {logging_mixin.py:137} INFO - [2023-06-07T10:45:18.203+0000] {dag.py:2676} INFO - Sync 1 DAGs
[2023-06-07T10:45:18.232+0000] {logging_mixin.py:137} INFO - [2023-06-07T10:45:18.232+0000] {dag.py:3427} INFO - Setting next_dagrun for dag_run_check to None, run_after=None
[2023-06-07T10:45:18.253+0000] {processor.py:175} INFO - Processing /opt/airflow/dags/to_check.py took 0.133 seconds
[2023-06-07T10:45:48.555+0000] {processor.py:153} INFO - Started process (PID=4353) to work on /opt/airflow/dags/to_check.py
[2023-06-07T10:45:48.557+0000] {processor.py:743} INFO - Processing file /opt/airflow/dags/to_check.py for tasks to queue
[2023-06-07T10:45:48.559+0000] {logging_mixin.py:137} INFO - [2023-06-07T10:45:48.559+0000] {dagbag.py:538} INFO - Filling up the DagBag from /opt/airflow/dags/to_check.py
[2023-06-07T10:45:48.603+0000] {processor.py:753} INFO - DAG(s) dict_keys(['dag_run_check']) retrieved from /opt/airflow/dags/to_check.py
[2023-06-07T10:45:48.648+0000] {logging_mixin.py:137} INFO - [2023-06-07T10:45:48.648+0000] {dag.py:2676} INFO - Sync 1 DAGs
[2023-06-07T10:45:48.675+0000] {logging_mixin.py:137} INFO - [2023-06-07T10:45:48.675+0000] {dag.py:3427} INFO - Setting next_dagrun for dag_run_check to None, run_after=None
[2023-06-07T10:45:48.694+0000] {processor.py:175} INFO - Processing /opt/airflow/dags/to_check.py took 0.143 seconds
[2023-06-07T10:46:18.892+0000] {processor.py:153} INFO - Started process (PID=4394) to work on /opt/airflow/dags/to_check.py
[2023-06-07T10:46:18.894+0000] {processor.py:743} INFO - Processing file /opt/airflow/dags/to_check.py for tasks to queue
[2023-06-07T10:46:18.896+0000] {logging_mixin.py:137} INFO - [2023-06-07T10:46:18.896+0000] {dagbag.py:538} INFO - Filling up the DagBag from /opt/airflow/dags/to_check.py
[2023-06-07T10:46:18.944+0000] {processor.py:753} INFO - DAG(s) dict_keys(['dag_run_check']) retrieved from /opt/airflow/dags/to_check.py
[2023-06-07T10:46:18.998+0000] {logging_mixin.py:137} INFO - [2023-06-07T10:46:18.998+0000] {dag.py:2676} INFO - Sync 1 DAGs
[2023-06-07T10:46:19.037+0000] {logging_mixin.py:137} INFO - [2023-06-07T10:46:19.037+0000] {dag.py:3427} INFO - Setting next_dagrun for dag_run_check to None, run_after=None
[2023-06-07T10:46:19.065+0000] {processor.py:175} INFO - Processing /opt/airflow/dags/to_check.py took 0.177 seconds
[2023-06-07T10:46:49.322+0000] {processor.py:153} INFO - Started process (PID=4431) to work on /opt/airflow/dags/to_check.py
[2023-06-07T10:46:49.324+0000] {processor.py:743} INFO - Processing file /opt/airflow/dags/to_check.py for tasks to queue
[2023-06-07T10:46:49.326+0000] {logging_mixin.py:137} INFO - [2023-06-07T10:46:49.326+0000] {dagbag.py:538} INFO - Filling up the DagBag from /opt/airflow/dags/to_check.py
[2023-06-07T10:46:49.370+0000] {processor.py:753} INFO - DAG(s) dict_keys(['dag_run_check']) retrieved from /opt/airflow/dags/to_check.py
[2023-06-07T10:46:49.413+0000] {logging_mixin.py:137} INFO - [2023-06-07T10:46:49.413+0000] {dag.py:2676} INFO - Sync 1 DAGs
[2023-06-07T10:46:49.442+0000] {logging_mixin.py:137} INFO - [2023-06-07T10:46:49.441+0000] {dag.py:3427} INFO - Setting next_dagrun for dag_run_check to None, run_after=None
[2023-06-07T10:46:49.461+0000] {processor.py:175} INFO - Processing /opt/airflow/dags/to_check.py took 0.144 seconds
[2023-06-07T10:47:19.739+0000] {processor.py:153} INFO - Started process (PID=4463) to work on /opt/airflow/dags/to_check.py
[2023-06-07T10:47:19.742+0000] {processor.py:743} INFO - Processing file /opt/airflow/dags/to_check.py for tasks to queue
[2023-06-07T10:47:19.744+0000] {logging_mixin.py:137} INFO - [2023-06-07T10:47:19.744+0000] {dagbag.py:538} INFO - Filling up the DagBag from /opt/airflow/dags/to_check.py
[2023-06-07T10:47:19.787+0000] {processor.py:753} INFO - DAG(s) dict_keys(['dag_run_check']) retrieved from /opt/airflow/dags/to_check.py
[2023-06-07T10:47:19.830+0000] {logging_mixin.py:137} INFO - [2023-06-07T10:47:19.830+0000] {dag.py:2676} INFO - Sync 1 DAGs
[2023-06-07T10:47:19.858+0000] {logging_mixin.py:137} INFO - [2023-06-07T10:47:19.858+0000] {dag.py:3427} INFO - Setting next_dagrun for dag_run_check to None, run_after=None
[2023-06-07T10:47:19.877+0000] {processor.py:175} INFO - Processing /opt/airflow/dags/to_check.py took 0.144 seconds
[2023-06-07T10:47:50.133+0000] {processor.py:153} INFO - Started process (PID=4509) to work on /opt/airflow/dags/to_check.py
[2023-06-07T10:47:50.136+0000] {processor.py:743} INFO - Processing file /opt/airflow/dags/to_check.py for tasks to queue
[2023-06-07T10:47:50.138+0000] {logging_mixin.py:137} INFO - [2023-06-07T10:47:50.138+0000] {dagbag.py:538} INFO - Filling up the DagBag from /opt/airflow/dags/to_check.py
[2023-06-07T10:47:50.181+0000] {processor.py:753} INFO - DAG(s) dict_keys(['dag_run_check']) retrieved from /opt/airflow/dags/to_check.py
[2023-06-07T10:47:50.224+0000] {logging_mixin.py:137} INFO - [2023-06-07T10:47:50.224+0000] {dag.py:2676} INFO - Sync 1 DAGs
[2023-06-07T10:47:50.253+0000] {logging_mixin.py:137} INFO - [2023-06-07T10:47:50.253+0000] {dag.py:3427} INFO - Setting next_dagrun for dag_run_check to None, run_after=None
[2023-06-07T10:47:50.271+0000] {processor.py:175} INFO - Processing /opt/airflow/dags/to_check.py took 0.143 seconds
[2023-06-07T10:48:20.543+0000] {processor.py:153} INFO - Started process (PID=4541) to work on /opt/airflow/dags/to_check.py
[2023-06-07T10:48:20.546+0000] {processor.py:743} INFO - Processing file /opt/airflow/dags/to_check.py for tasks to queue
[2023-06-07T10:48:20.548+0000] {logging_mixin.py:137} INFO - [2023-06-07T10:48:20.548+0000] {dagbag.py:538} INFO - Filling up the DagBag from /opt/airflow/dags/to_check.py
[2023-06-07T10:48:20.604+0000] {processor.py:753} INFO - DAG(s) dict_keys(['dag_run_check']) retrieved from /opt/airflow/dags/to_check.py
[2023-06-07T10:48:20.650+0000] {logging_mixin.py:137} INFO - [2023-06-07T10:48:20.649+0000] {dag.py:2676} INFO - Sync 1 DAGs
[2023-06-07T10:48:20.680+0000] {logging_mixin.py:137} INFO - [2023-06-07T10:48:20.680+0000] {dag.py:3427} INFO - Setting next_dagrun for dag_run_check to None, run_after=None
[2023-06-07T10:48:20.698+0000] {processor.py:175} INFO - Processing /opt/airflow/dags/to_check.py took 0.160 seconds
[2023-06-07T10:48:51.025+0000] {processor.py:153} INFO - Started process (PID=4587) to work on /opt/airflow/dags/to_check.py
[2023-06-07T10:48:51.028+0000] {processor.py:743} INFO - Processing file /opt/airflow/dags/to_check.py for tasks to queue
[2023-06-07T10:48:51.030+0000] {logging_mixin.py:137} INFO - [2023-06-07T10:48:51.030+0000] {dagbag.py:538} INFO - Filling up the DagBag from /opt/airflow/dags/to_check.py
[2023-06-07T10:48:51.074+0000] {processor.py:753} INFO - DAG(s) dict_keys(['dag_run_check']) retrieved from /opt/airflow/dags/to_check.py
[2023-06-07T10:48:51.118+0000] {logging_mixin.py:137} INFO - [2023-06-07T10:48:51.118+0000] {dag.py:2676} INFO - Sync 1 DAGs
[2023-06-07T10:48:51.149+0000] {logging_mixin.py:137} INFO - [2023-06-07T10:48:51.149+0000] {dag.py:3427} INFO - Setting next_dagrun for dag_run_check to None, run_after=None
[2023-06-07T10:48:51.168+0000] {processor.py:175} INFO - Processing /opt/airflow/dags/to_check.py took 0.148 seconds
[2023-06-07T10:49:13.196+0000] {processor.py:153} INFO - Started process (PID=4610) to work on /opt/airflow/dags/to_check.py
[2023-06-07T10:49:13.198+0000] {processor.py:743} INFO - Processing file /opt/airflow/dags/to_check.py for tasks to queue
[2023-06-07T10:49:13.200+0000] {logging_mixin.py:137} INFO - [2023-06-07T10:49:13.200+0000] {dagbag.py:538} INFO - Filling up the DagBag from /opt/airflow/dags/to_check.py
[2023-06-07T10:49:13.244+0000] {processor.py:753} INFO - DAG(s) dict_keys(['dag_run_check']) retrieved from /opt/airflow/dags/to_check.py
[2023-06-07T10:49:13.286+0000] {logging_mixin.py:137} INFO - [2023-06-07T10:49:13.286+0000] {dag.py:2676} INFO - Sync 1 DAGs
[2023-06-07T10:49:13.319+0000] {logging_mixin.py:137} INFO - [2023-06-07T10:49:13.319+0000] {dag.py:3427} INFO - Setting next_dagrun for dag_run_check to None, run_after=None
[2023-06-07T10:49:13.346+0000] {processor.py:175} INFO - Processing /opt/airflow/dags/to_check.py took 0.154 seconds
[2023-06-07T10:49:43.597+0000] {processor.py:153} INFO - Started process (PID=4647) to work on /opt/airflow/dags/to_check.py
[2023-06-07T10:49:43.600+0000] {processor.py:743} INFO - Processing file /opt/airflow/dags/to_check.py for tasks to queue
[2023-06-07T10:49:43.602+0000] {logging_mixin.py:137} INFO - [2023-06-07T10:49:43.602+0000] {dagbag.py:538} INFO - Filling up the DagBag from /opt/airflow/dags/to_check.py
[2023-06-07T10:49:43.647+0000] {processor.py:753} INFO - DAG(s) dict_keys(['dag_run_check']) retrieved from /opt/airflow/dags/to_check.py
[2023-06-07T10:49:43.692+0000] {logging_mixin.py:137} INFO - [2023-06-07T10:49:43.692+0000] {dag.py:2676} INFO - Sync 1 DAGs
[2023-06-07T10:49:43.725+0000] {logging_mixin.py:137} INFO - [2023-06-07T10:49:43.725+0000] {dag.py:3427} INFO - Setting next_dagrun for dag_run_check to None, run_after=None
[2023-06-07T10:49:43.749+0000] {processor.py:175} INFO - Processing /opt/airflow/dags/to_check.py took 0.156 seconds
[2023-06-07T10:50:13.996+0000] {processor.py:153} INFO - Started process (PID=4679) to work on /opt/airflow/dags/to_check.py
[2023-06-07T10:50:13.999+0000] {processor.py:743} INFO - Processing file /opt/airflow/dags/to_check.py for tasks to queue
[2023-06-07T10:50:14.001+0000] {logging_mixin.py:137} INFO - [2023-06-07T10:50:14.001+0000] {dagbag.py:538} INFO - Filling up the DagBag from /opt/airflow/dags/to_check.py
[2023-06-07T10:50:14.045+0000] {processor.py:753} INFO - DAG(s) dict_keys(['dag_run_check']) retrieved from /opt/airflow/dags/to_check.py
[2023-06-07T10:50:14.090+0000] {logging_mixin.py:137} INFO - [2023-06-07T10:50:14.090+0000] {dag.py:2676} INFO - Sync 1 DAGs
[2023-06-07T10:50:14.121+0000] {logging_mixin.py:137} INFO - [2023-06-07T10:50:14.121+0000] {dag.py:3427} INFO - Setting next_dagrun for dag_run_check to None, run_after=None
[2023-06-07T10:50:14.144+0000] {processor.py:175} INFO - Processing /opt/airflow/dags/to_check.py took 0.153 seconds
[2023-06-07T10:50:44.360+0000] {processor.py:153} INFO - Started process (PID=4725) to work on /opt/airflow/dags/to_check.py
[2023-06-07T10:50:44.362+0000] {processor.py:743} INFO - Processing file /opt/airflow/dags/to_check.py for tasks to queue
[2023-06-07T10:50:44.364+0000] {logging_mixin.py:137} INFO - [2023-06-07T10:50:44.364+0000] {dagbag.py:538} INFO - Filling up the DagBag from /opt/airflow/dags/to_check.py
[2023-06-07T10:50:44.412+0000] {processor.py:753} INFO - DAG(s) dict_keys(['dag_run_check']) retrieved from /opt/airflow/dags/to_check.py
[2023-06-07T10:50:44.457+0000] {logging_mixin.py:137} INFO - [2023-06-07T10:50:44.456+0000] {dag.py:2676} INFO - Sync 1 DAGs
[2023-06-07T10:50:44.490+0000] {logging_mixin.py:137} INFO - [2023-06-07T10:50:44.489+0000] {dag.py:3427} INFO - Setting next_dagrun for dag_run_check to None, run_after=None
[2023-06-07T10:50:44.510+0000] {processor.py:175} INFO - Processing /opt/airflow/dags/to_check.py took 0.156 seconds
[2023-06-07T10:51:14.801+0000] {processor.py:153} INFO - Started process (PID=4757) to work on /opt/airflow/dags/to_check.py
[2023-06-07T10:51:14.803+0000] {processor.py:743} INFO - Processing file /opt/airflow/dags/to_check.py for tasks to queue
[2023-06-07T10:51:14.805+0000] {logging_mixin.py:137} INFO - [2023-06-07T10:51:14.805+0000] {dagbag.py:538} INFO - Filling up the DagBag from /opt/airflow/dags/to_check.py
[2023-06-07T10:51:14.851+0000] {processor.py:753} INFO - DAG(s) dict_keys(['dag_run_check']) retrieved from /opt/airflow/dags/to_check.py
[2023-06-07T10:51:14.900+0000] {logging_mixin.py:137} INFO - [2023-06-07T10:51:14.900+0000] {dag.py:2676} INFO - Sync 1 DAGs
[2023-06-07T10:51:14.941+0000] {logging_mixin.py:137} INFO - [2023-06-07T10:51:14.940+0000] {dag.py:3427} INFO - Setting next_dagrun for dag_run_check to None, run_after=None
[2023-06-07T10:51:14.968+0000] {processor.py:175} INFO - Processing /opt/airflow/dags/to_check.py took 0.175 seconds
[2023-06-07T10:51:45.303+0000] {processor.py:153} INFO - Started process (PID=4803) to work on /opt/airflow/dags/to_check.py
[2023-06-07T10:51:45.306+0000] {processor.py:743} INFO - Processing file /opt/airflow/dags/to_check.py for tasks to queue
[2023-06-07T10:51:45.308+0000] {logging_mixin.py:137} INFO - [2023-06-07T10:51:45.308+0000] {dagbag.py:538} INFO - Filling up the DagBag from /opt/airflow/dags/to_check.py
[2023-06-07T10:51:45.356+0000] {processor.py:753} INFO - DAG(s) dict_keys(['dag_run_check']) retrieved from /opt/airflow/dags/to_check.py
[2023-06-07T10:51:45.412+0000] {logging_mixin.py:137} INFO - [2023-06-07T10:51:45.411+0000] {dag.py:2676} INFO - Sync 1 DAGs
[2023-06-07T10:51:45.451+0000] {logging_mixin.py:137} INFO - [2023-06-07T10:51:45.451+0000] {dag.py:3427} INFO - Setting next_dagrun for dag_run_check to None, run_after=None
[2023-06-07T10:51:45.479+0000] {processor.py:175} INFO - Processing /opt/airflow/dags/to_check.py took 0.181 seconds
[2023-06-07T10:52:15.687+0000] {processor.py:153} INFO - Started process (PID=4835) to work on /opt/airflow/dags/to_check.py
[2023-06-07T10:52:15.689+0000] {processor.py:743} INFO - Processing file /opt/airflow/dags/to_check.py for tasks to queue
[2023-06-07T10:52:15.690+0000] {logging_mixin.py:137} INFO - [2023-06-07T10:52:15.690+0000] {dagbag.py:538} INFO - Filling up the DagBag from /opt/airflow/dags/to_check.py
[2023-06-07T10:52:15.731+0000] {processor.py:753} INFO - DAG(s) dict_keys(['dag_run_check']) retrieved from /opt/airflow/dags/to_check.py
[2023-06-07T10:52:15.777+0000] {logging_mixin.py:137} INFO - [2023-06-07T10:52:15.777+0000] {dag.py:2676} INFO - Sync 1 DAGs
[2023-06-07T10:52:15.809+0000] {logging_mixin.py:137} INFO - [2023-06-07T10:52:15.809+0000] {dag.py:3427} INFO - Setting next_dagrun for dag_run_check to None, run_after=None
[2023-06-07T10:52:15.831+0000] {processor.py:175} INFO - Processing /opt/airflow/dags/to_check.py took 0.148 seconds
[2023-06-07T10:52:46.084+0000] {processor.py:153} INFO - Started process (PID=4876) to work on /opt/airflow/dags/to_check.py
[2023-06-07T10:52:46.086+0000] {processor.py:743} INFO - Processing file /opt/airflow/dags/to_check.py for tasks to queue
[2023-06-07T10:52:46.088+0000] {logging_mixin.py:137} INFO - [2023-06-07T10:52:46.088+0000] {dagbag.py:538} INFO - Filling up the DagBag from /opt/airflow/dags/to_check.py
[2023-06-07T10:52:46.127+0000] {processor.py:753} INFO - DAG(s) dict_keys(['dag_run_check']) retrieved from /opt/airflow/dags/to_check.py
[2023-06-07T10:52:46.177+0000] {logging_mixin.py:137} INFO - [2023-06-07T10:52:46.177+0000] {dag.py:2676} INFO - Sync 1 DAGs
[2023-06-07T10:52:46.209+0000] {logging_mixin.py:137} INFO - [2023-06-07T10:52:46.209+0000] {dag.py:3427} INFO - Setting next_dagrun for dag_run_check to None, run_after=None
[2023-06-07T10:52:46.235+0000] {processor.py:175} INFO - Processing /opt/airflow/dags/to_check.py took 0.155 seconds
[2023-06-07T10:53:16.536+0000] {processor.py:153} INFO - Started process (PID=4913) to work on /opt/airflow/dags/to_check.py
[2023-06-07T10:53:16.538+0000] {processor.py:743} INFO - Processing file /opt/airflow/dags/to_check.py for tasks to queue
[2023-06-07T10:53:16.541+0000] {logging_mixin.py:137} INFO - [2023-06-07T10:53:16.541+0000] {dagbag.py:538} INFO - Filling up the DagBag from /opt/airflow/dags/to_check.py
[2023-06-07T10:53:16.594+0000] {processor.py:753} INFO - DAG(s) dict_keys(['dag_run_check']) retrieved from /opt/airflow/dags/to_check.py
[2023-06-07T10:53:16.640+0000] {logging_mixin.py:137} INFO - [2023-06-07T10:53:16.640+0000] {dag.py:2676} INFO - Sync 1 DAGs
[2023-06-07T10:53:16.674+0000] {logging_mixin.py:137} INFO - [2023-06-07T10:53:16.673+0000] {dag.py:3427} INFO - Setting next_dagrun for dag_run_check to None, run_after=None
[2023-06-07T10:53:16.696+0000] {processor.py:175} INFO - Processing /opt/airflow/dags/to_check.py took 0.165 seconds
[2023-06-07T10:53:46.986+0000] {processor.py:153} INFO - Started process (PID=4946) to work on /opt/airflow/dags/to_check.py
[2023-06-07T10:53:46.988+0000] {processor.py:743} INFO - Processing file /opt/airflow/dags/to_check.py for tasks to queue
[2023-06-07T10:53:46.990+0000] {logging_mixin.py:137} INFO - [2023-06-07T10:53:46.990+0000] {dagbag.py:538} INFO - Filling up the DagBag from /opt/airflow/dags/to_check.py
[2023-06-07T10:53:47.032+0000] {processor.py:753} INFO - DAG(s) dict_keys(['dag_run_check']) retrieved from /opt/airflow/dags/to_check.py
[2023-06-07T10:53:47.075+0000] {logging_mixin.py:137} INFO - [2023-06-07T10:53:47.074+0000] {dag.py:2676} INFO - Sync 1 DAGs
[2023-06-07T10:53:47.103+0000] {logging_mixin.py:137} INFO - [2023-06-07T10:53:47.103+0000] {dag.py:3427} INFO - Setting next_dagrun for dag_run_check to None, run_after=None
[2023-06-07T10:53:47.121+0000] {processor.py:175} INFO - Processing /opt/airflow/dags/to_check.py took 0.140 seconds
[2023-06-07T10:54:17.346+0000] {processor.py:153} INFO - Started process (PID=4992) to work on /opt/airflow/dags/to_check.py
[2023-06-07T10:54:17.348+0000] {processor.py:743} INFO - Processing file /opt/airflow/dags/to_check.py for tasks to queue
[2023-06-07T10:54:17.350+0000] {logging_mixin.py:137} INFO - [2023-06-07T10:54:17.350+0000] {dagbag.py:538} INFO - Filling up the DagBag from /opt/airflow/dags/to_check.py
[2023-06-07T10:54:17.396+0000] {processor.py:753} INFO - DAG(s) dict_keys(['dag_run_check']) retrieved from /opt/airflow/dags/to_check.py
[2023-06-07T10:54:17.444+0000] {logging_mixin.py:137} INFO - [2023-06-07T10:54:17.444+0000] {dag.py:2676} INFO - Sync 1 DAGs
[2023-06-07T10:54:17.478+0000] {logging_mixin.py:137} INFO - [2023-06-07T10:54:17.478+0000] {dag.py:3427} INFO - Setting next_dagrun for dag_run_check to None, run_after=None
[2023-06-07T10:54:17.502+0000] {processor.py:175} INFO - Processing /opt/airflow/dags/to_check.py took 0.160 seconds
[2023-06-07T10:54:47.826+0000] {processor.py:153} INFO - Started process (PID=5024) to work on /opt/airflow/dags/to_check.py
[2023-06-07T10:54:47.828+0000] {processor.py:743} INFO - Processing file /opt/airflow/dags/to_check.py for tasks to queue
[2023-06-07T10:54:47.830+0000] {logging_mixin.py:137} INFO - [2023-06-07T10:54:47.829+0000] {dagbag.py:538} INFO - Filling up the DagBag from /opt/airflow/dags/to_check.py
[2023-06-07T10:54:47.871+0000] {processor.py:753} INFO - DAG(s) dict_keys(['dag_run_check']) retrieved from /opt/airflow/dags/to_check.py
[2023-06-07T10:54:47.915+0000] {logging_mixin.py:137} INFO - [2023-06-07T10:54:47.915+0000] {dag.py:2676} INFO - Sync 1 DAGs
[2023-06-07T10:54:47.943+0000] {logging_mixin.py:137} INFO - [2023-06-07T10:54:47.943+0000] {dag.py:3427} INFO - Setting next_dagrun for dag_run_check to None, run_after=None
[2023-06-07T10:54:47.961+0000] {processor.py:175} INFO - Processing /opt/airflow/dags/to_check.py took 0.139 seconds
[2023-06-07T10:55:18.170+0000] {processor.py:153} INFO - Started process (PID=5070) to work on /opt/airflow/dags/to_check.py
[2023-06-07T10:55:18.173+0000] {processor.py:743} INFO - Processing file /opt/airflow/dags/to_check.py for tasks to queue
[2023-06-07T10:55:18.175+0000] {logging_mixin.py:137} INFO - [2023-06-07T10:55:18.175+0000] {dagbag.py:538} INFO - Filling up the DagBag from /opt/airflow/dags/to_check.py
[2023-06-07T10:55:18.227+0000] {processor.py:753} INFO - DAG(s) dict_keys(['dag_run_check']) retrieved from /opt/airflow/dags/to_check.py
[2023-06-07T10:55:18.278+0000] {logging_mixin.py:137} INFO - [2023-06-07T10:55:18.278+0000] {dag.py:2676} INFO - Sync 1 DAGs
[2023-06-07T10:55:18.313+0000] {logging_mixin.py:137} INFO - [2023-06-07T10:55:18.312+0000] {dag.py:3427} INFO - Setting next_dagrun for dag_run_check to None, run_after=None
[2023-06-07T10:55:18.336+0000] {processor.py:175} INFO - Processing /opt/airflow/dags/to_check.py took 0.171 seconds
[2023-06-07T10:55:48.514+0000] {processor.py:153} INFO - Started process (PID=5102) to work on /opt/airflow/dags/to_check.py
[2023-06-07T10:55:48.517+0000] {processor.py:743} INFO - Processing file /opt/airflow/dags/to_check.py for tasks to queue
[2023-06-07T10:55:48.519+0000] {logging_mixin.py:137} INFO - [2023-06-07T10:55:48.519+0000] {dagbag.py:538} INFO - Filling up the DagBag from /opt/airflow/dags/to_check.py
[2023-06-07T10:55:48.571+0000] {processor.py:753} INFO - DAG(s) dict_keys(['dag_run_check']) retrieved from /opt/airflow/dags/to_check.py
[2023-06-07T10:55:48.624+0000] {logging_mixin.py:137} INFO - [2023-06-07T10:55:48.624+0000] {dag.py:2676} INFO - Sync 1 DAGs
[2023-06-07T10:55:48.665+0000] {logging_mixin.py:137} INFO - [2023-06-07T10:55:48.665+0000] {dag.py:3427} INFO - Setting next_dagrun for dag_run_check to None, run_after=None
[2023-06-07T10:55:48.691+0000] {processor.py:175} INFO - Processing /opt/airflow/dags/to_check.py took 0.182 seconds
[2023-06-07T10:56:18.886+0000] {processor.py:153} INFO - Started process (PID=5148) to work on /opt/airflow/dags/to_check.py
[2023-06-07T10:56:18.888+0000] {processor.py:743} INFO - Processing file /opt/airflow/dags/to_check.py for tasks to queue
[2023-06-07T10:56:18.890+0000] {logging_mixin.py:137} INFO - [2023-06-07T10:56:18.890+0000] {dagbag.py:538} INFO - Filling up the DagBag from /opt/airflow/dags/to_check.py
[2023-06-07T10:56:18.939+0000] {processor.py:753} INFO - DAG(s) dict_keys(['dag_run_check']) retrieved from /opt/airflow/dags/to_check.py
[2023-06-07T10:56:18.986+0000] {logging_mixin.py:137} INFO - [2023-06-07T10:56:18.986+0000] {dag.py:2676} INFO - Sync 1 DAGs
[2023-06-07T10:56:19.017+0000] {logging_mixin.py:137} INFO - [2023-06-07T10:56:19.017+0000] {dag.py:3427} INFO - Setting next_dagrun for dag_run_check to None, run_after=None
[2023-06-07T10:56:19.036+0000] {processor.py:175} INFO - Processing /opt/airflow/dags/to_check.py took 0.155 seconds
[2023-06-07T10:56:49.230+0000] {processor.py:153} INFO - Started process (PID=5180) to work on /opt/airflow/dags/to_check.py
[2023-06-07T10:56:49.232+0000] {processor.py:743} INFO - Processing file /opt/airflow/dags/to_check.py for tasks to queue
[2023-06-07T10:56:49.233+0000] {logging_mixin.py:137} INFO - [2023-06-07T10:56:49.233+0000] {dagbag.py:538} INFO - Filling up the DagBag from /opt/airflow/dags/to_check.py
[2023-06-07T10:56:49.271+0000] {processor.py:753} INFO - DAG(s) dict_keys(['dag_run_check']) retrieved from /opt/airflow/dags/to_check.py
[2023-06-07T10:56:49.309+0000] {logging_mixin.py:137} INFO - [2023-06-07T10:56:49.308+0000] {dag.py:2676} INFO - Sync 1 DAGs
[2023-06-07T10:56:49.337+0000] {logging_mixin.py:137} INFO - [2023-06-07T10:56:49.337+0000] {dag.py:3427} INFO - Setting next_dagrun for dag_run_check to None, run_after=None
[2023-06-07T10:56:49.362+0000] {processor.py:175} INFO - Processing /opt/airflow/dags/to_check.py took 0.137 seconds
[2023-06-07T10:57:19.620+0000] {processor.py:153} INFO - Started process (PID=5226) to work on /opt/airflow/dags/to_check.py
[2023-06-07T10:57:19.623+0000] {processor.py:743} INFO - Processing file /opt/airflow/dags/to_check.py for tasks to queue
[2023-06-07T10:57:19.625+0000] {logging_mixin.py:137} INFO - [2023-06-07T10:57:19.625+0000] {dagbag.py:538} INFO - Filling up the DagBag from /opt/airflow/dags/to_check.py
[2023-06-07T10:57:19.674+0000] {processor.py:753} INFO - DAG(s) dict_keys(['dag_run_check']) retrieved from /opt/airflow/dags/to_check.py
[2023-06-07T10:57:19.718+0000] {logging_mixin.py:137} INFO - [2023-06-07T10:57:19.718+0000] {dag.py:2676} INFO - Sync 1 DAGs
[2023-06-07T10:57:19.749+0000] {logging_mixin.py:137} INFO - [2023-06-07T10:57:19.749+0000] {dag.py:3427} INFO - Setting next_dagrun for dag_run_check to None, run_after=None
[2023-06-07T10:57:19.767+0000] {processor.py:175} INFO - Processing /opt/airflow/dags/to_check.py took 0.152 seconds
[2023-06-07T10:57:49.999+0000] {processor.py:153} INFO - Started process (PID=5258) to work on /opt/airflow/dags/to_check.py
[2023-06-07T10:57:50.001+0000] {processor.py:743} INFO - Processing file /opt/airflow/dags/to_check.py for tasks to queue
[2023-06-07T10:57:50.003+0000] {logging_mixin.py:137} INFO - [2023-06-07T10:57:50.003+0000] {dagbag.py:538} INFO - Filling up the DagBag from /opt/airflow/dags/to_check.py
[2023-06-07T10:57:50.047+0000] {processor.py:753} INFO - DAG(s) dict_keys(['dag_run_check']) retrieved from /opt/airflow/dags/to_check.py
[2023-06-07T10:57:50.087+0000] {logging_mixin.py:137} INFO - [2023-06-07T10:57:50.087+0000] {dag.py:2676} INFO - Sync 1 DAGs
[2023-06-07T10:57:50.113+0000] {logging_mixin.py:137} INFO - [2023-06-07T10:57:50.113+0000] {dag.py:3427} INFO - Setting next_dagrun for dag_run_check to None, run_after=None
[2023-06-07T10:57:50.132+0000] {processor.py:175} INFO - Processing /opt/airflow/dags/to_check.py took 0.139 seconds
[2023-06-07T10:58:20.369+0000] {processor.py:153} INFO - Started process (PID=5304) to work on /opt/airflow/dags/to_check.py
[2023-06-07T10:58:20.370+0000] {processor.py:743} INFO - Processing file /opt/airflow/dags/to_check.py for tasks to queue
[2023-06-07T10:58:20.372+0000] {logging_mixin.py:137} INFO - [2023-06-07T10:58:20.372+0000] {dagbag.py:538} INFO - Filling up the DagBag from /opt/airflow/dags/to_check.py
[2023-06-07T10:58:20.409+0000] {processor.py:753} INFO - DAG(s) dict_keys(['dag_run_check']) retrieved from /opt/airflow/dags/to_check.py
[2023-06-07T10:58:20.451+0000] {logging_mixin.py:137} INFO - [2023-06-07T10:58:20.451+0000] {dag.py:2676} INFO - Sync 1 DAGs
[2023-06-07T10:58:20.479+0000] {logging_mixin.py:137} INFO - [2023-06-07T10:58:20.479+0000] {dag.py:3427} INFO - Setting next_dagrun for dag_run_check to None, run_after=None
[2023-06-07T10:58:20.498+0000] {processor.py:175} INFO - Processing /opt/airflow/dags/to_check.py took 0.133 seconds
[2023-06-07T10:58:50.762+0000] {processor.py:153} INFO - Started process (PID=5336) to work on /opt/airflow/dags/to_check.py
[2023-06-07T10:58:50.764+0000] {processor.py:743} INFO - Processing file /opt/airflow/dags/to_check.py for tasks to queue
[2023-06-07T10:58:50.765+0000] {logging_mixin.py:137} INFO - [2023-06-07T10:58:50.765+0000] {dagbag.py:538} INFO - Filling up the DagBag from /opt/airflow/dags/to_check.py
[2023-06-07T10:58:50.799+0000] {processor.py:753} INFO - DAG(s) dict_keys(['dag_run_check']) retrieved from /opt/airflow/dags/to_check.py
[2023-06-07T10:58:50.838+0000] {logging_mixin.py:137} INFO - [2023-06-07T10:58:50.838+0000] {dag.py:2676} INFO - Sync 1 DAGs
[2023-06-07T10:58:50.867+0000] {logging_mixin.py:137} INFO - [2023-06-07T10:58:50.867+0000] {dag.py:3427} INFO - Setting next_dagrun for dag_run_check to None, run_after=None
[2023-06-07T10:58:50.887+0000] {processor.py:175} INFO - Processing /opt/airflow/dags/to_check.py took 0.129 seconds
[2023-06-07T10:59:21.094+0000] {processor.py:153} INFO - Started process (PID=5382) to work on /opt/airflow/dags/to_check.py
[2023-06-07T10:59:21.095+0000] {processor.py:743} INFO - Processing file /opt/airflow/dags/to_check.py for tasks to queue
[2023-06-07T10:59:21.097+0000] {logging_mixin.py:137} INFO - [2023-06-07T10:59:21.097+0000] {dagbag.py:538} INFO - Filling up the DagBag from /opt/airflow/dags/to_check.py
[2023-06-07T10:59:21.132+0000] {processor.py:753} INFO - DAG(s) dict_keys(['dag_run_check']) retrieved from /opt/airflow/dags/to_check.py
[2023-06-07T10:59:21.172+0000] {logging_mixin.py:137} INFO - [2023-06-07T10:59:21.172+0000] {dag.py:2676} INFO - Sync 1 DAGs
[2023-06-07T10:59:21.209+0000] {logging_mixin.py:137} INFO - [2023-06-07T10:59:21.209+0000] {dag.py:3427} INFO - Setting next_dagrun for dag_run_check to None, run_after=None
[2023-06-07T10:59:21.233+0000] {processor.py:175} INFO - Processing /opt/airflow/dags/to_check.py took 0.143 seconds
[2023-06-07T10:59:51.469+0000] {processor.py:153} INFO - Started process (PID=5414) to work on /opt/airflow/dags/to_check.py
[2023-06-07T10:59:51.472+0000] {processor.py:743} INFO - Processing file /opt/airflow/dags/to_check.py for tasks to queue
[2023-06-07T10:59:51.474+0000] {logging_mixin.py:137} INFO - [2023-06-07T10:59:51.474+0000] {dagbag.py:538} INFO - Filling up the DagBag from /opt/airflow/dags/to_check.py
[2023-06-07T10:59:51.514+0000] {processor.py:753} INFO - DAG(s) dict_keys(['dag_run_check']) retrieved from /opt/airflow/dags/to_check.py
[2023-06-07T10:59:51.561+0000] {logging_mixin.py:137} INFO - [2023-06-07T10:59:51.561+0000] {dag.py:2676} INFO - Sync 1 DAGs
[2023-06-07T10:59:51.590+0000] {logging_mixin.py:137} INFO - [2023-06-07T10:59:51.590+0000] {dag.py:3427} INFO - Setting next_dagrun for dag_run_check to None, run_after=None
[2023-06-07T10:59:51.608+0000] {processor.py:175} INFO - Processing /opt/airflow/dags/to_check.py took 0.143 seconds
[2023-06-07T11:00:21.832+0000] {processor.py:153} INFO - Started process (PID=5460) to work on /opt/airflow/dags/to_check.py
[2023-06-07T11:00:21.833+0000] {processor.py:743} INFO - Processing file /opt/airflow/dags/to_check.py for tasks to queue
[2023-06-07T11:00:21.835+0000] {logging_mixin.py:137} INFO - [2023-06-07T11:00:21.835+0000] {dagbag.py:538} INFO - Filling up the DagBag from /opt/airflow/dags/to_check.py
[2023-06-07T11:00:21.872+0000] {processor.py:753} INFO - DAG(s) dict_keys(['dag_run_check']) retrieved from /opt/airflow/dags/to_check.py
[2023-06-07T11:00:21.910+0000] {logging_mixin.py:137} INFO - [2023-06-07T11:00:21.909+0000] {dag.py:2676} INFO - Sync 1 DAGs
[2023-06-07T11:00:21.938+0000] {logging_mixin.py:137} INFO - [2023-06-07T11:00:21.938+0000] {dag.py:3427} INFO - Setting next_dagrun for dag_run_check to None, run_after=None
[2023-06-07T11:00:21.956+0000] {processor.py:175} INFO - Processing /opt/airflow/dags/to_check.py took 0.128 seconds
[2023-06-07T11:00:52.196+0000] {processor.py:153} INFO - Started process (PID=5493) to work on /opt/airflow/dags/to_check.py
[2023-06-07T11:00:52.198+0000] {processor.py:743} INFO - Processing file /opt/airflow/dags/to_check.py for tasks to queue
[2023-06-07T11:00:52.200+0000] {logging_mixin.py:137} INFO - [2023-06-07T11:00:52.200+0000] {dagbag.py:538} INFO - Filling up the DagBag from /opt/airflow/dags/to_check.py
[2023-06-07T11:00:52.237+0000] {processor.py:753} INFO - DAG(s) dict_keys(['dag_run_check']) retrieved from /opt/airflow/dags/to_check.py
[2023-06-07T11:00:52.280+0000] {logging_mixin.py:137} INFO - [2023-06-07T11:00:52.280+0000] {dag.py:2676} INFO - Sync 1 DAGs
[2023-06-07T11:00:52.308+0000] {logging_mixin.py:137} INFO - [2023-06-07T11:00:52.308+0000] {dag.py:3427} INFO - Setting next_dagrun for dag_run_check to None, run_after=None
[2023-06-07T11:00:52.327+0000] {processor.py:175} INFO - Processing /opt/airflow/dags/to_check.py took 0.135 seconds
[2023-06-07T11:01:22.601+0000] {processor.py:153} INFO - Started process (PID=5539) to work on /opt/airflow/dags/to_check.py
[2023-06-07T11:01:22.605+0000] {processor.py:743} INFO - Processing file /opt/airflow/dags/to_check.py for tasks to queue
[2023-06-07T11:01:22.606+0000] {logging_mixin.py:137} INFO - [2023-06-07T11:01:22.606+0000] {dagbag.py:538} INFO - Filling up the DagBag from /opt/airflow/dags/to_check.py
[2023-06-07T11:01:22.645+0000] {processor.py:753} INFO - DAG(s) dict_keys(['dag_run_check']) retrieved from /opt/airflow/dags/to_check.py
[2023-06-07T11:01:22.688+0000] {logging_mixin.py:137} INFO - [2023-06-07T11:01:22.687+0000] {dag.py:2676} INFO - Sync 1 DAGs
[2023-06-07T11:01:22.714+0000] {logging_mixin.py:137} INFO - [2023-06-07T11:01:22.714+0000] {dag.py:3427} INFO - Setting next_dagrun for dag_run_check to None, run_after=None
[2023-06-07T11:01:22.732+0000] {processor.py:175} INFO - Processing /opt/airflow/dags/to_check.py took 0.135 seconds
[2023-06-07T11:01:52.969+0000] {processor.py:153} INFO - Started process (PID=5571) to work on /opt/airflow/dags/to_check.py
[2023-06-07T11:01:52.971+0000] {processor.py:743} INFO - Processing file /opt/airflow/dags/to_check.py for tasks to queue
[2023-06-07T11:01:52.972+0000] {logging_mixin.py:137} INFO - [2023-06-07T11:01:52.972+0000] {dagbag.py:538} INFO - Filling up the DagBag from /opt/airflow/dags/to_check.py
[2023-06-07T11:01:53.009+0000] {processor.py:753} INFO - DAG(s) dict_keys(['dag_run_check']) retrieved from /opt/airflow/dags/to_check.py
[2023-06-07T11:01:53.052+0000] {logging_mixin.py:137} INFO - [2023-06-07T11:01:53.052+0000] {dag.py:2676} INFO - Sync 1 DAGs
[2023-06-07T11:01:53.080+0000] {logging_mixin.py:137} INFO - [2023-06-07T11:01:53.080+0000] {dag.py:3427} INFO - Setting next_dagrun for dag_run_check to None, run_after=None
[2023-06-07T11:01:53.100+0000] {processor.py:175} INFO - Processing /opt/airflow/dags/to_check.py took 0.136 seconds
[2023-06-07T11:02:23.325+0000] {processor.py:153} INFO - Started process (PID=5612) to work on /opt/airflow/dags/to_check.py
[2023-06-07T11:02:23.326+0000] {processor.py:743} INFO - Processing file /opt/airflow/dags/to_check.py for tasks to queue
[2023-06-07T11:02:23.328+0000] {logging_mixin.py:137} INFO - [2023-06-07T11:02:23.327+0000] {dagbag.py:538} INFO - Filling up the DagBag from /opt/airflow/dags/to_check.py
[2023-06-07T11:02:23.363+0000] {processor.py:753} INFO - DAG(s) dict_keys(['dag_run_check']) retrieved from /opt/airflow/dags/to_check.py
[2023-06-07T11:02:23.403+0000] {logging_mixin.py:137} INFO - [2023-06-07T11:02:23.403+0000] {dag.py:2676} INFO - Sync 1 DAGs
[2023-06-07T11:02:23.434+0000] {logging_mixin.py:137} INFO - [2023-06-07T11:02:23.434+0000] {dag.py:3427} INFO - Setting next_dagrun for dag_run_check to None, run_after=None
[2023-06-07T11:02:23.457+0000] {processor.py:175} INFO - Processing /opt/airflow/dags/to_check.py took 0.136 seconds
[2023-06-07T11:02:53.688+0000] {processor.py:153} INFO - Started process (PID=5649) to work on /opt/airflow/dags/to_check.py
[2023-06-07T11:02:53.690+0000] {processor.py:743} INFO - Processing file /opt/airflow/dags/to_check.py for tasks to queue
[2023-06-07T11:02:53.691+0000] {logging_mixin.py:137} INFO - [2023-06-07T11:02:53.691+0000] {dagbag.py:538} INFO - Filling up the DagBag from /opt/airflow/dags/to_check.py
[2023-06-07T11:02:53.728+0000] {processor.py:753} INFO - DAG(s) dict_keys(['dag_run_check']) retrieved from /opt/airflow/dags/to_check.py
[2023-06-07T11:02:53.765+0000] {logging_mixin.py:137} INFO - [2023-06-07T11:02:53.765+0000] {dag.py:2676} INFO - Sync 1 DAGs
[2023-06-07T11:02:53.794+0000] {logging_mixin.py:137} INFO - [2023-06-07T11:02:53.794+0000] {dag.py:3427} INFO - Setting next_dagrun for dag_run_check to None, run_after=None
[2023-06-07T11:02:53.814+0000] {processor.py:175} INFO - Processing /opt/airflow/dags/to_check.py took 0.130 seconds
[2023-06-07T11:03:24.051+0000] {processor.py:153} INFO - Started process (PID=5691) to work on /opt/airflow/dags/to_check.py
[2023-06-07T11:03:24.054+0000] {processor.py:743} INFO - Processing file /opt/airflow/dags/to_check.py for tasks to queue
[2023-06-07T11:03:24.056+0000] {logging_mixin.py:137} INFO - [2023-06-07T11:03:24.056+0000] {dagbag.py:538} INFO - Filling up the DagBag from /opt/airflow/dags/to_check.py
[2023-06-07T11:03:24.095+0000] {processor.py:753} INFO - DAG(s) dict_keys(['dag_run_check']) retrieved from /opt/airflow/dags/to_check.py
[2023-06-07T11:03:24.133+0000] {logging_mixin.py:137} INFO - [2023-06-07T11:03:24.133+0000] {dag.py:2676} INFO - Sync 1 DAGs
[2023-06-07T11:03:24.162+0000] {logging_mixin.py:137} INFO - [2023-06-07T11:03:24.162+0000] {dag.py:3427} INFO - Setting next_dagrun for dag_run_check to None, run_after=None
[2023-06-07T11:03:24.181+0000] {processor.py:175} INFO - Processing /opt/airflow/dags/to_check.py took 0.134 seconds
[2023-06-07T11:03:54.474+0000] {processor.py:153} INFO - Started process (PID=5726) to work on /opt/airflow/dags/to_check.py
[2023-06-07T11:03:54.476+0000] {processor.py:743} INFO - Processing file /opt/airflow/dags/to_check.py for tasks to queue
[2023-06-07T11:03:54.479+0000] {logging_mixin.py:137} INFO - [2023-06-07T11:03:54.478+0000] {dagbag.py:538} INFO - Filling up the DagBag from /opt/airflow/dags/to_check.py
[2023-06-07T11:03:54.520+0000] {processor.py:753} INFO - DAG(s) dict_keys(['dag_run_check']) retrieved from /opt/airflow/dags/to_check.py
[2023-06-07T11:03:54.560+0000] {logging_mixin.py:137} INFO - [2023-06-07T11:03:54.560+0000] {dag.py:2676} INFO - Sync 1 DAGs
[2023-06-07T11:03:54.587+0000] {logging_mixin.py:137} INFO - [2023-06-07T11:03:54.587+0000] {dag.py:3427} INFO - Setting next_dagrun for dag_run_check to None, run_after=None
[2023-06-07T11:03:54.605+0000] {processor.py:175} INFO - Processing /opt/airflow/dags/to_check.py took 0.136 seconds
[2023-06-07T11:04:24.943+0000] {processor.py:153} INFO - Started process (PID=5767) to work on /opt/airflow/dags/to_check.py
[2023-06-07T11:04:24.944+0000] {processor.py:743} INFO - Processing file /opt/airflow/dags/to_check.py for tasks to queue
[2023-06-07T11:04:24.946+0000] {logging_mixin.py:137} INFO - [2023-06-07T11:04:24.946+0000] {dagbag.py:538} INFO - Filling up the DagBag from /opt/airflow/dags/to_check.py
[2023-06-07T11:04:24.981+0000] {processor.py:753} INFO - DAG(s) dict_keys(['dag_run_check']) retrieved from /opt/airflow/dags/to_check.py
[2023-06-07T11:04:25.019+0000] {logging_mixin.py:137} INFO - [2023-06-07T11:04:25.019+0000] {dag.py:2676} INFO - Sync 1 DAGs
[2023-06-07T11:04:25.046+0000] {logging_mixin.py:137} INFO - [2023-06-07T11:04:25.046+0000] {dag.py:3427} INFO - Setting next_dagrun for dag_run_check to None, run_after=None
[2023-06-07T11:04:25.064+0000] {processor.py:175} INFO - Processing /opt/airflow/dags/to_check.py took 0.125 seconds
[2023-06-07T11:04:55.334+0000] {processor.py:153} INFO - Started process (PID=5804) to work on /opt/airflow/dags/to_check.py
[2023-06-07T11:04:55.336+0000] {processor.py:743} INFO - Processing file /opt/airflow/dags/to_check.py for tasks to queue
[2023-06-07T11:04:55.337+0000] {logging_mixin.py:137} INFO - [2023-06-07T11:04:55.337+0000] {dagbag.py:538} INFO - Filling up the DagBag from /opt/airflow/dags/to_check.py
[2023-06-07T11:04:55.374+0000] {processor.py:753} INFO - DAG(s) dict_keys(['dag_run_check']) retrieved from /opt/airflow/dags/to_check.py
[2023-06-07T11:04:55.413+0000] {logging_mixin.py:137} INFO - [2023-06-07T11:04:55.413+0000] {dag.py:2676} INFO - Sync 1 DAGs
[2023-06-07T11:04:55.443+0000] {logging_mixin.py:137} INFO - [2023-06-07T11:04:55.443+0000] {dag.py:3427} INFO - Setting next_dagrun for dag_run_check to None, run_after=None
[2023-06-07T11:04:55.461+0000] {processor.py:175} INFO - Processing /opt/airflow/dags/to_check.py took 0.131 seconds
[2023-06-07T11:05:25.705+0000] {processor.py:153} INFO - Started process (PID=5836) to work on /opt/airflow/dags/to_check.py
[2023-06-07T11:05:25.707+0000] {processor.py:743} INFO - Processing file /opt/airflow/dags/to_check.py for tasks to queue
[2023-06-07T11:05:25.709+0000] {logging_mixin.py:137} INFO - [2023-06-07T11:05:25.709+0000] {dagbag.py:538} INFO - Filling up the DagBag from /opt/airflow/dags/to_check.py
[2023-06-07T11:05:25.752+0000] {processor.py:753} INFO - DAG(s) dict_keys(['dag_run_check']) retrieved from /opt/airflow/dags/to_check.py
[2023-06-07T11:05:25.795+0000] {logging_mixin.py:137} INFO - [2023-06-07T11:05:25.795+0000] {dag.py:2676} INFO - Sync 1 DAGs
[2023-06-07T11:05:25.827+0000] {logging_mixin.py:137} INFO - [2023-06-07T11:05:25.826+0000] {dag.py:3427} INFO - Setting next_dagrun for dag_run_check to None, run_after=None
[2023-06-07T11:05:25.849+0000] {processor.py:175} INFO - Processing /opt/airflow/dags/to_check.py took 0.150 seconds
[2023-06-07T11:05:56.077+0000] {processor.py:153} INFO - Started process (PID=5882) to work on /opt/airflow/dags/to_check.py
[2023-06-07T11:05:56.079+0000] {processor.py:743} INFO - Processing file /opt/airflow/dags/to_check.py for tasks to queue
[2023-06-07T11:05:56.081+0000] {logging_mixin.py:137} INFO - [2023-06-07T11:05:56.081+0000] {dagbag.py:538} INFO - Filling up the DagBag from /opt/airflow/dags/to_check.py
[2023-06-07T11:05:56.127+0000] {processor.py:753} INFO - DAG(s) dict_keys(['dag_run_check']) retrieved from /opt/airflow/dags/to_check.py
[2023-06-07T11:05:56.169+0000] {logging_mixin.py:137} INFO - [2023-06-07T11:05:56.169+0000] {dag.py:2676} INFO - Sync 1 DAGs
[2023-06-07T11:05:56.198+0000] {logging_mixin.py:137} INFO - [2023-06-07T11:05:56.198+0000] {dag.py:3427} INFO - Setting next_dagrun for dag_run_check to None, run_after=None
[2023-06-07T11:05:56.216+0000] {processor.py:175} INFO - Processing /opt/airflow/dags/to_check.py took 0.144 seconds
[2023-06-07T11:06:26.435+0000] {processor.py:153} INFO - Started process (PID=5914) to work on /opt/airflow/dags/to_check.py
[2023-06-07T11:06:26.437+0000] {processor.py:743} INFO - Processing file /opt/airflow/dags/to_check.py for tasks to queue
[2023-06-07T11:06:26.439+0000] {logging_mixin.py:137} INFO - [2023-06-07T11:06:26.439+0000] {dagbag.py:538} INFO - Filling up the DagBag from /opt/airflow/dags/to_check.py
[2023-06-07T11:06:26.484+0000] {processor.py:753} INFO - DAG(s) dict_keys(['dag_run_check']) retrieved from /opt/airflow/dags/to_check.py
[2023-06-07T11:06:26.528+0000] {logging_mixin.py:137} INFO - [2023-06-07T11:06:26.528+0000] {dag.py:2676} INFO - Sync 1 DAGs
[2023-06-07T11:06:26.560+0000] {logging_mixin.py:137} INFO - [2023-06-07T11:06:26.559+0000] {dag.py:3427} INFO - Setting next_dagrun for dag_run_check to None, run_after=None
[2023-06-07T11:06:26.579+0000] {processor.py:175} INFO - Processing /opt/airflow/dags/to_check.py took 0.149 seconds
[2023-06-07T11:06:56.804+0000] {processor.py:153} INFO - Started process (PID=5960) to work on /opt/airflow/dags/to_check.py
[2023-06-07T11:06:56.806+0000] {processor.py:743} INFO - Processing file /opt/airflow/dags/to_check.py for tasks to queue
[2023-06-07T11:06:56.808+0000] {logging_mixin.py:137} INFO - [2023-06-07T11:06:56.808+0000] {dagbag.py:538} INFO - Filling up the DagBag from /opt/airflow/dags/to_check.py
[2023-06-07T11:06:56.851+0000] {processor.py:753} INFO - DAG(s) dict_keys(['dag_run_check']) retrieved from /opt/airflow/dags/to_check.py
[2023-06-07T11:06:56.895+0000] {logging_mixin.py:137} INFO - [2023-06-07T11:06:56.894+0000] {dag.py:2676} INFO - Sync 1 DAGs
[2023-06-07T11:06:56.925+0000] {logging_mixin.py:137} INFO - [2023-06-07T11:06:56.925+0000] {dag.py:3427} INFO - Setting next_dagrun for dag_run_check to None, run_after=None
[2023-06-07T11:06:56.943+0000] {processor.py:175} INFO - Processing /opt/airflow/dags/to_check.py took 0.144 seconds
[2023-06-07T11:07:27.165+0000] {processor.py:153} INFO - Started process (PID=5993) to work on /opt/airflow/dags/to_check.py
[2023-06-07T11:07:27.167+0000] {processor.py:743} INFO - Processing file /opt/airflow/dags/to_check.py for tasks to queue
[2023-06-07T11:07:27.169+0000] {logging_mixin.py:137} INFO - [2023-06-07T11:07:27.169+0000] {dagbag.py:538} INFO - Filling up the DagBag from /opt/airflow/dags/to_check.py
[2023-06-07T11:07:27.210+0000] {processor.py:753} INFO - DAG(s) dict_keys(['dag_run_check']) retrieved from /opt/airflow/dags/to_check.py
[2023-06-07T11:07:27.252+0000] {logging_mixin.py:137} INFO - [2023-06-07T11:07:27.252+0000] {dag.py:2676} INFO - Sync 1 DAGs
[2023-06-07T11:07:27.280+0000] {logging_mixin.py:137} INFO - [2023-06-07T11:07:27.280+0000] {dag.py:3427} INFO - Setting next_dagrun for dag_run_check to None, run_after=None
[2023-06-07T11:07:27.302+0000] {processor.py:175} INFO - Processing /opt/airflow/dags/to_check.py took 0.142 seconds
[2023-06-07T11:07:57.539+0000] {processor.py:153} INFO - Started process (PID=6039) to work on /opt/airflow/dags/to_check.py
[2023-06-07T11:07:57.541+0000] {processor.py:743} INFO - Processing file /opt/airflow/dags/to_check.py for tasks to queue
[2023-06-07T11:07:57.543+0000] {logging_mixin.py:137} INFO - [2023-06-07T11:07:57.543+0000] {dagbag.py:538} INFO - Filling up the DagBag from /opt/airflow/dags/to_check.py
[2023-06-07T11:07:57.585+0000] {processor.py:753} INFO - DAG(s) dict_keys(['dag_run_check']) retrieved from /opt/airflow/dags/to_check.py
[2023-06-07T11:07:57.628+0000] {logging_mixin.py:137} INFO - [2023-06-07T11:07:57.628+0000] {dag.py:2676} INFO - Sync 1 DAGs
[2023-06-07T11:07:57.657+0000] {logging_mixin.py:137} INFO - [2023-06-07T11:07:57.657+0000] {dag.py:3427} INFO - Setting next_dagrun for dag_run_check to None, run_after=None
[2023-06-07T11:07:57.675+0000] {processor.py:175} INFO - Processing /opt/airflow/dags/to_check.py took 0.141 seconds
[2023-06-07T11:08:27.903+0000] {processor.py:153} INFO - Started process (PID=6071) to work on /opt/airflow/dags/to_check.py
[2023-06-07T11:08:27.905+0000] {processor.py:743} INFO - Processing file /opt/airflow/dags/to_check.py for tasks to queue
[2023-06-07T11:08:27.907+0000] {logging_mixin.py:137} INFO - [2023-06-07T11:08:27.907+0000] {dagbag.py:538} INFO - Filling up the DagBag from /opt/airflow/dags/to_check.py
[2023-06-07T11:08:27.942+0000] {processor.py:753} INFO - DAG(s) dict_keys(['dag_run_check']) retrieved from /opt/airflow/dags/to_check.py
[2023-06-07T11:08:27.984+0000] {logging_mixin.py:137} INFO - [2023-06-07T11:08:27.984+0000] {dag.py:2676} INFO - Sync 1 DAGs
[2023-06-07T11:08:28.011+0000] {logging_mixin.py:137} INFO - [2023-06-07T11:08:28.011+0000] {dag.py:3427} INFO - Setting next_dagrun for dag_run_check to None, run_after=None
[2023-06-07T11:08:28.032+0000] {processor.py:175} INFO - Processing /opt/airflow/dags/to_check.py took 0.132 seconds
[2023-06-07T11:08:58.277+0000] {processor.py:153} INFO - Started process (PID=6117) to work on /opt/airflow/dags/to_check.py
[2023-06-07T11:08:58.280+0000] {processor.py:743} INFO - Processing file /opt/airflow/dags/to_check.py for tasks to queue
[2023-06-07T11:08:58.281+0000] {logging_mixin.py:137} INFO - [2023-06-07T11:08:58.281+0000] {dagbag.py:538} INFO - Filling up the DagBag from /opt/airflow/dags/to_check.py
[2023-06-07T11:08:58.324+0000] {processor.py:753} INFO - DAG(s) dict_keys(['dag_run_check']) retrieved from /opt/airflow/dags/to_check.py
[2023-06-07T11:08:58.367+0000] {logging_mixin.py:137} INFO - [2023-06-07T11:08:58.367+0000] {dag.py:2676} INFO - Sync 1 DAGs
[2023-06-07T11:08:58.395+0000] {logging_mixin.py:137} INFO - [2023-06-07T11:08:58.395+0000] {dag.py:3427} INFO - Setting next_dagrun for dag_run_check to None, run_after=None
[2023-06-07T11:08:58.413+0000] {processor.py:175} INFO - Processing /opt/airflow/dags/to_check.py took 0.140 seconds
[2023-06-07T11:09:28.679+0000] {processor.py:153} INFO - Started process (PID=6149) to work on /opt/airflow/dags/to_check.py
[2023-06-07T11:09:28.682+0000] {processor.py:743} INFO - Processing file /opt/airflow/dags/to_check.py for tasks to queue
[2023-06-07T11:09:28.684+0000] {logging_mixin.py:137} INFO - [2023-06-07T11:09:28.684+0000] {dagbag.py:538} INFO - Filling up the DagBag from /opt/airflow/dags/to_check.py
[2023-06-07T11:09:28.735+0000] {processor.py:753} INFO - DAG(s) dict_keys(['dag_run_check']) retrieved from /opt/airflow/dags/to_check.py
[2023-06-07T11:09:28.778+0000] {logging_mixin.py:137} INFO - [2023-06-07T11:09:28.778+0000] {dag.py:2676} INFO - Sync 1 DAGs
[2023-06-07T11:09:28.808+0000] {logging_mixin.py:137} INFO - [2023-06-07T11:09:28.808+0000] {dag.py:3427} INFO - Setting next_dagrun for dag_run_check to None, run_after=None
[2023-06-07T11:09:28.826+0000] {processor.py:175} INFO - Processing /opt/airflow/dags/to_check.py took 0.152 seconds
[2023-06-07T11:09:59.022+0000] {processor.py:153} INFO - Started process (PID=6195) to work on /opt/airflow/dags/to_check.py
[2023-06-07T11:09:59.024+0000] {processor.py:743} INFO - Processing file /opt/airflow/dags/to_check.py for tasks to queue
[2023-06-07T11:09:59.026+0000] {logging_mixin.py:137} INFO - [2023-06-07T11:09:59.026+0000] {dagbag.py:538} INFO - Filling up the DagBag from /opt/airflow/dags/to_check.py
[2023-06-07T11:09:59.069+0000] {processor.py:753} INFO - DAG(s) dict_keys(['dag_run_check']) retrieved from /opt/airflow/dags/to_check.py
[2023-06-07T11:09:59.112+0000] {logging_mixin.py:137} INFO - [2023-06-07T11:09:59.112+0000] {dag.py:2676} INFO - Sync 1 DAGs
[2023-06-07T11:09:59.140+0000] {logging_mixin.py:137} INFO - [2023-06-07T11:09:59.140+0000] {dag.py:3427} INFO - Setting next_dagrun for dag_run_check to None, run_after=None
[2023-06-07T11:09:59.160+0000] {processor.py:175} INFO - Processing /opt/airflow/dags/to_check.py took 0.143 seconds
[2023-06-07T11:10:29.385+0000] {processor.py:153} INFO - Started process (PID=6227) to work on /opt/airflow/dags/to_check.py
[2023-06-07T11:10:29.387+0000] {processor.py:743} INFO - Processing file /opt/airflow/dags/to_check.py for tasks to queue
[2023-06-07T11:10:29.390+0000] {logging_mixin.py:137} INFO - [2023-06-07T11:10:29.390+0000] {dagbag.py:538} INFO - Filling up the DagBag from /opt/airflow/dags/to_check.py
[2023-06-07T11:10:29.432+0000] {processor.py:753} INFO - DAG(s) dict_keys(['dag_run_check']) retrieved from /opt/airflow/dags/to_check.py
[2023-06-07T11:10:29.475+0000] {logging_mixin.py:137} INFO - [2023-06-07T11:10:29.475+0000] {dag.py:2676} INFO - Sync 1 DAGs
[2023-06-07T11:10:29.503+0000] {logging_mixin.py:137} INFO - [2023-06-07T11:10:29.502+0000] {dag.py:3427} INFO - Setting next_dagrun for dag_run_check to None, run_after=None
[2023-06-07T11:10:29.522+0000] {processor.py:175} INFO - Processing /opt/airflow/dags/to_check.py took 0.142 seconds
[2023-06-07T11:10:59.756+0000] {processor.py:153} INFO - Started process (PID=6274) to work on /opt/airflow/dags/to_check.py
[2023-06-07T11:10:59.758+0000] {processor.py:743} INFO - Processing file /opt/airflow/dags/to_check.py for tasks to queue
[2023-06-07T11:10:59.760+0000] {logging_mixin.py:137} INFO - [2023-06-07T11:10:59.760+0000] {dagbag.py:538} INFO - Filling up the DagBag from /opt/airflow/dags/to_check.py
[2023-06-07T11:10:59.802+0000] {processor.py:753} INFO - DAG(s) dict_keys(['dag_run_check']) retrieved from /opt/airflow/dags/to_check.py
[2023-06-07T11:10:59.845+0000] {logging_mixin.py:137} INFO - [2023-06-07T11:10:59.845+0000] {dag.py:2676} INFO - Sync 1 DAGs
[2023-06-07T11:10:59.872+0000] {logging_mixin.py:137} INFO - [2023-06-07T11:10:59.872+0000] {dag.py:3427} INFO - Setting next_dagrun for dag_run_check to None, run_after=None
[2023-06-07T11:10:59.891+0000] {processor.py:175} INFO - Processing /opt/airflow/dags/to_check.py took 0.140 seconds
[2023-06-07T11:11:30.116+0000] {processor.py:153} INFO - Started process (PID=6306) to work on /opt/airflow/dags/to_check.py
[2023-06-07T11:11:30.119+0000] {processor.py:743} INFO - Processing file /opt/airflow/dags/to_check.py for tasks to queue
[2023-06-07T11:11:30.121+0000] {logging_mixin.py:137} INFO - [2023-06-07T11:11:30.121+0000] {dagbag.py:538} INFO - Filling up the DagBag from /opt/airflow/dags/to_check.py
[2023-06-07T11:11:30.163+0000] {processor.py:753} INFO - DAG(s) dict_keys(['dag_run_check']) retrieved from /opt/airflow/dags/to_check.py
[2023-06-07T11:11:30.205+0000] {logging_mixin.py:137} INFO - [2023-06-07T11:11:30.205+0000] {dag.py:2676} INFO - Sync 1 DAGs
[2023-06-07T11:11:30.232+0000] {logging_mixin.py:137} INFO - [2023-06-07T11:11:30.232+0000] {dag.py:3427} INFO - Setting next_dagrun for dag_run_check to None, run_after=None
[2023-06-07T11:11:30.251+0000] {processor.py:175} INFO - Processing /opt/airflow/dags/to_check.py took 0.140 seconds
[2023-06-07T11:11:31.150+0000] {processor.py:153} INFO - Started process (PID=6307) to work on /opt/airflow/dags/to_check.py
[2023-06-07T11:11:31.153+0000] {processor.py:743} INFO - Processing file /opt/airflow/dags/to_check.py for tasks to queue
[2023-06-07T11:11:31.155+0000] {logging_mixin.py:137} INFO - [2023-06-07T11:11:31.154+0000] {dagbag.py:538} INFO - Filling up the DagBag from /opt/airflow/dags/to_check.py
[2023-06-07T11:11:31.205+0000] {processor.py:753} INFO - DAG(s) dict_keys(['dag_run_check']) retrieved from /opt/airflow/dags/to_check.py
[2023-06-07T11:11:31.246+0000] {logging_mixin.py:137} INFO - [2023-06-07T11:11:31.246+0000] {dag.py:2676} INFO - Sync 1 DAGs
[2023-06-07T11:11:31.274+0000] {logging_mixin.py:137} INFO - [2023-06-07T11:11:31.274+0000] {dag.py:3427} INFO - Setting next_dagrun for dag_run_check to None, run_after=None
[2023-06-07T11:11:31.296+0000] {processor.py:175} INFO - Processing /opt/airflow/dags/to_check.py took 0.151 seconds
