[2023-06-07T06:26:08.789+0000] {processor.py:153} INFO - Started process (PID=53) to work on /opt/airflow/dags/tocheckStime.py
[2023-06-07T06:26:08.798+0000] {processor.py:743} INFO - Processing file /opt/airflow/dags/tocheckStime.py for tasks to queue
[2023-06-07T06:26:08.802+0000] {logging_mixin.py:137} INFO - [2023-06-07T06:26:08.801+0000] {dagbag.py:538} INFO - Filling up the DagBag from /opt/airflow/dags/tocheckStime.py
[2023-06-07T06:26:08.970+0000] {processor.py:753} INFO - DAG(s) dict_keys(['check_all_dags_run']) retrieved from /opt/airflow/dags/tocheckStime.py
[2023-06-07T06:26:09.079+0000] {logging_mixin.py:137} INFO - [2023-06-07T06:26:09.079+0000] {dag.py:2676} INFO - Sync 1 DAGs
[2023-06-07T06:26:09.171+0000] {logging_mixin.py:137} INFO - [2023-06-07T06:26:09.170+0000] {dag.py:3427} INFO - Setting next_dagrun for check_all_dags_run to 2023-06-05T00:00:00+00:00, run_after=2023-06-06T00:00:00+00:00
[2023-06-07T06:26:09.249+0000] {processor.py:175} INFO - Processing /opt/airflow/dags/tocheckStime.py took 0.480 seconds
[2023-06-07T06:26:39.870+0000] {processor.py:153} INFO - Started process (PID=87) to work on /opt/airflow/dags/tocheckStime.py
[2023-06-07T06:26:39.879+0000] {processor.py:743} INFO - Processing file /opt/airflow/dags/tocheckStime.py for tasks to queue
[2023-06-07T06:26:39.883+0000] {logging_mixin.py:137} INFO - [2023-06-07T06:26:39.882+0000] {dagbag.py:538} INFO - Filling up the DagBag from /opt/airflow/dags/tocheckStime.py
[2023-06-07T06:26:39.928+0000] {processor.py:753} INFO - DAG(s) dict_keys(['check_all_dags_run']) retrieved from /opt/airflow/dags/tocheckStime.py
[2023-06-07T06:26:40.066+0000] {logging_mixin.py:137} INFO - [2023-06-07T06:26:40.066+0000] {dag.py:2676} INFO - Sync 1 DAGs
[2023-06-07T06:26:40.106+0000] {logging_mixin.py:137} INFO - [2023-06-07T06:26:40.106+0000] {dag.py:3427} INFO - Setting next_dagrun for check_all_dags_run to 2023-06-05T00:00:00+00:00, run_after=2023-06-06T00:00:00+00:00
[2023-06-07T06:26:40.133+0000] {processor.py:175} INFO - Processing /opt/airflow/dags/tocheckStime.py took 0.271 seconds
[2023-06-07T06:27:10.783+0000] {processor.py:153} INFO - Started process (PID=122) to work on /opt/airflow/dags/tocheckStime.py
[2023-06-07T06:27:10.785+0000] {processor.py:743} INFO - Processing file /opt/airflow/dags/tocheckStime.py for tasks to queue
[2023-06-07T06:27:10.790+0000] {logging_mixin.py:137} INFO - [2023-06-07T06:27:10.789+0000] {dagbag.py:538} INFO - Filling up the DagBag from /opt/airflow/dags/tocheckStime.py
[2023-06-07T06:27:10.824+0000] {processor.py:753} INFO - DAG(s) dict_keys(['check_all_dags_run']) retrieved from /opt/airflow/dags/tocheckStime.py
[2023-06-07T06:27:10.957+0000] {logging_mixin.py:137} INFO - [2023-06-07T06:27:10.957+0000] {dag.py:2676} INFO - Sync 1 DAGs
[2023-06-07T06:27:10.999+0000] {logging_mixin.py:137} INFO - [2023-06-07T06:27:10.999+0000] {dag.py:3427} INFO - Setting next_dagrun for check_all_dags_run to 2023-06-05T00:00:00+00:00, run_after=2023-06-06T00:00:00+00:00
[2023-06-07T06:27:11.032+0000] {processor.py:175} INFO - Processing /opt/airflow/dags/tocheckStime.py took 0.255 seconds
[2023-06-07T06:27:41.098+0000] {processor.py:153} INFO - Started process (PID=157) to work on /opt/airflow/dags/tocheckStime.py
[2023-06-07T06:27:41.103+0000] {processor.py:743} INFO - Processing file /opt/airflow/dags/tocheckStime.py for tasks to queue
[2023-06-07T06:27:41.106+0000] {logging_mixin.py:137} INFO - [2023-06-07T06:27:41.106+0000] {dagbag.py:538} INFO - Filling up the DagBag from /opt/airflow/dags/tocheckStime.py
[2023-06-07T06:27:41.143+0000] {processor.py:753} INFO - DAG(s) dict_keys(['check_all_dags_run']) retrieved from /opt/airflow/dags/tocheckStime.py
[2023-06-07T06:27:41.196+0000] {logging_mixin.py:137} INFO - [2023-06-07T06:27:41.196+0000] {dag.py:2676} INFO - Sync 1 DAGs
[2023-06-07T06:27:41.245+0000] {logging_mixin.py:137} INFO - [2023-06-07T06:27:41.245+0000] {dag.py:3427} INFO - Setting next_dagrun for check_all_dags_run to 2023-06-05T00:00:00+00:00, run_after=2023-06-06T00:00:00+00:00
[2023-06-07T06:27:41.275+0000] {processor.py:175} INFO - Processing /opt/airflow/dags/tocheckStime.py took 0.185 seconds
[2023-06-07T06:28:11.379+0000] {processor.py:153} INFO - Started process (PID=191) to work on /opt/airflow/dags/tocheckStime.py
[2023-06-07T06:28:11.381+0000] {processor.py:743} INFO - Processing file /opt/airflow/dags/tocheckStime.py for tasks to queue
[2023-06-07T06:28:11.383+0000] {logging_mixin.py:137} INFO - [2023-06-07T06:28:11.383+0000] {dagbag.py:538} INFO - Filling up the DagBag from /opt/airflow/dags/tocheckStime.py
[2023-06-07T06:28:11.414+0000] {processor.py:753} INFO - DAG(s) dict_keys(['check_all_dags_run']) retrieved from /opt/airflow/dags/tocheckStime.py
[2023-06-07T06:28:11.525+0000] {logging_mixin.py:137} INFO - [2023-06-07T06:28:11.525+0000] {dag.py:2676} INFO - Sync 1 DAGs
[2023-06-07T06:28:11.560+0000] {logging_mixin.py:137} INFO - [2023-06-07T06:28:11.560+0000] {dag.py:3427} INFO - Setting next_dagrun for check_all_dags_run to 2023-06-05T00:00:00+00:00, run_after=2023-06-06T00:00:00+00:00
[2023-06-07T06:28:11.586+0000] {processor.py:175} INFO - Processing /opt/airflow/dags/tocheckStime.py took 0.212 seconds
[2023-06-07T06:28:42.013+0000] {processor.py:153} INFO - Started process (PID=240) to work on /opt/airflow/dags/tocheckStime.py
[2023-06-07T06:28:42.018+0000] {processor.py:743} INFO - Processing file /opt/airflow/dags/tocheckStime.py for tasks to queue
[2023-06-07T06:28:42.023+0000] {logging_mixin.py:137} INFO - [2023-06-07T06:28:42.022+0000] {dagbag.py:538} INFO - Filling up the DagBag from /opt/airflow/dags/tocheckStime.py
[2023-06-07T06:28:42.077+0000] {processor.py:753} INFO - DAG(s) dict_keys(['check_all_dags_run']) retrieved from /opt/airflow/dags/tocheckStime.py
[2023-06-07T06:28:42.141+0000] {logging_mixin.py:137} INFO - [2023-06-07T06:28:42.140+0000] {dag.py:2676} INFO - Sync 1 DAGs
[2023-06-07T06:28:42.209+0000] {logging_mixin.py:137} INFO - [2023-06-07T06:28:42.209+0000] {dag.py:3427} INFO - Setting next_dagrun for check_all_dags_run to 2023-06-05T00:00:00+00:00, run_after=2023-06-06T00:00:00+00:00
[2023-06-07T06:28:42.273+0000] {processor.py:175} INFO - Processing /opt/airflow/dags/tocheckStime.py took 0.276 seconds
[2023-06-07T06:29:12.895+0000] {processor.py:153} INFO - Started process (PID=274) to work on /opt/airflow/dags/tocheckStime.py
[2023-06-07T06:29:12.897+0000] {processor.py:743} INFO - Processing file /opt/airflow/dags/tocheckStime.py for tasks to queue
[2023-06-07T06:29:12.899+0000] {logging_mixin.py:137} INFO - [2023-06-07T06:29:12.899+0000] {dagbag.py:538} INFO - Filling up the DagBag from /opt/airflow/dags/tocheckStime.py
[2023-06-07T06:29:12.924+0000] {processor.py:753} INFO - DAG(s) dict_keys(['check_all_dags_run']) retrieved from /opt/airflow/dags/tocheckStime.py
[2023-06-07T06:29:13.021+0000] {logging_mixin.py:137} INFO - [2023-06-07T06:29:13.021+0000] {dag.py:2676} INFO - Sync 1 DAGs
[2023-06-07T06:29:13.053+0000] {logging_mixin.py:137} INFO - [2023-06-07T06:29:13.053+0000] {dag.py:3427} INFO - Setting next_dagrun for check_all_dags_run to 2023-06-05T00:00:00+00:00, run_after=2023-06-06T00:00:00+00:00
[2023-06-07T06:29:13.078+0000] {processor.py:175} INFO - Processing /opt/airflow/dags/tocheckStime.py took 0.188 seconds
[2023-06-07T06:29:43.919+0000] {processor.py:153} INFO - Started process (PID=309) to work on /opt/airflow/dags/tocheckStime.py
[2023-06-07T06:29:43.922+0000] {processor.py:743} INFO - Processing file /opt/airflow/dags/tocheckStime.py for tasks to queue
[2023-06-07T06:29:43.925+0000] {logging_mixin.py:137} INFO - [2023-06-07T06:29:43.925+0000] {dagbag.py:538} INFO - Filling up the DagBag from /opt/airflow/dags/tocheckStime.py
[2023-06-07T06:29:43.957+0000] {processor.py:753} INFO - DAG(s) dict_keys(['check_all_dags_run']) retrieved from /opt/airflow/dags/tocheckStime.py
[2023-06-07T06:29:43.994+0000] {logging_mixin.py:137} INFO - [2023-06-07T06:29:43.994+0000] {dag.py:2676} INFO - Sync 1 DAGs
[2023-06-07T06:29:44.032+0000] {logging_mixin.py:137} INFO - [2023-06-07T06:29:44.032+0000] {dag.py:3427} INFO - Setting next_dagrun for check_all_dags_run to 2023-06-05T00:00:00+00:00, run_after=2023-06-06T00:00:00+00:00
[2023-06-07T06:29:44.056+0000] {processor.py:175} INFO - Processing /opt/airflow/dags/tocheckStime.py took 0.142 seconds
[2023-06-07T06:30:14.656+0000] {processor.py:153} INFO - Started process (PID=349) to work on /opt/airflow/dags/tocheckStime.py
[2023-06-07T06:30:14.659+0000] {processor.py:743} INFO - Processing file /opt/airflow/dags/tocheckStime.py for tasks to queue
[2023-06-07T06:30:14.661+0000] {logging_mixin.py:137} INFO - [2023-06-07T06:30:14.661+0000] {dagbag.py:538} INFO - Filling up the DagBag from /opt/airflow/dags/tocheckStime.py
[2023-06-07T06:30:14.688+0000] {processor.py:753} INFO - DAG(s) dict_keys(['check_all_dags_run']) retrieved from /opt/airflow/dags/tocheckStime.py
[2023-06-07T06:30:14.788+0000] {logging_mixin.py:137} INFO - [2023-06-07T06:30:14.788+0000] {dag.py:2676} INFO - Sync 1 DAGs
[2023-06-07T06:30:14.822+0000] {logging_mixin.py:137} INFO - [2023-06-07T06:30:14.822+0000] {dag.py:3427} INFO - Setting next_dagrun for check_all_dags_run to 2023-06-05T00:00:00+00:00, run_after=2023-06-06T00:00:00+00:00
[2023-06-07T06:30:14.850+0000] {processor.py:175} INFO - Processing /opt/airflow/dags/tocheckStime.py took 0.199 seconds
[2023-06-07T06:30:45.368+0000] {processor.py:153} INFO - Started process (PID=406) to work on /opt/airflow/dags/tocheckStime.py
[2023-06-07T06:30:45.373+0000] {processor.py:743} INFO - Processing file /opt/airflow/dags/tocheckStime.py for tasks to queue
[2023-06-07T06:30:45.380+0000] {logging_mixin.py:137} INFO - [2023-06-07T06:30:45.380+0000] {dagbag.py:538} INFO - Filling up the DagBag from /opt/airflow/dags/tocheckStime.py
[2023-06-07T06:30:45.434+0000] {processor.py:753} INFO - DAG(s) dict_keys(['check_all_dags_run']) retrieved from /opt/airflow/dags/tocheckStime.py
[2023-06-07T06:30:45.521+0000] {logging_mixin.py:137} INFO - [2023-06-07T06:30:45.520+0000] {dag.py:2676} INFO - Sync 1 DAGs
[2023-06-07T06:30:45.652+0000] {logging_mixin.py:137} INFO - [2023-06-07T06:30:45.651+0000] {dag.py:3427} INFO - Setting next_dagrun for check_all_dags_run to 2023-06-05T00:00:00+00:00, run_after=2023-06-06T00:00:00+00:00
[2023-06-07T06:30:45.695+0000] {processor.py:175} INFO - Processing /opt/airflow/dags/tocheckStime.py took 0.334 seconds
[2023-06-07T06:31:16.010+0000] {processor.py:153} INFO - Started process (PID=527) to work on /opt/airflow/dags/tocheckStime.py
[2023-06-07T06:31:16.015+0000] {processor.py:743} INFO - Processing file /opt/airflow/dags/tocheckStime.py for tasks to queue
[2023-06-07T06:31:16.018+0000] {logging_mixin.py:137} INFO - [2023-06-07T06:31:16.018+0000] {dagbag.py:538} INFO - Filling up the DagBag from /opt/airflow/dags/tocheckStime.py
[2023-06-07T06:31:16.090+0000] {processor.py:753} INFO - DAG(s) dict_keys(['check_all_dags_run']) retrieved from /opt/airflow/dags/tocheckStime.py
[2023-06-07T06:31:16.436+0000] {logging_mixin.py:137} INFO - [2023-06-07T06:31:16.436+0000] {dag.py:2676} INFO - Sync 1 DAGs
[2023-06-07T06:31:16.539+0000] {logging_mixin.py:137} INFO - [2023-06-07T06:31:16.538+0000] {dag.py:3427} INFO - Setting next_dagrun for check_all_dags_run to 2023-06-05T00:00:00+00:00, run_after=2023-06-06T00:00:00+00:00
[2023-06-07T06:31:16.644+0000] {processor.py:175} INFO - Processing /opt/airflow/dags/tocheckStime.py took 0.645 seconds
[2023-06-07T06:31:49.260+0000] {processor.py:153} INFO - Started process (PID=715) to work on /opt/airflow/dags/tocheckStime.py
[2023-06-07T06:31:49.264+0000] {processor.py:743} INFO - Processing file /opt/airflow/dags/tocheckStime.py for tasks to queue
[2023-06-07T06:31:49.269+0000] {logging_mixin.py:137} INFO - [2023-06-07T06:31:49.268+0000] {dagbag.py:538} INFO - Filling up the DagBag from /opt/airflow/dags/tocheckStime.py
[2023-06-07T06:31:49.363+0000] {processor.py:753} INFO - DAG(s) dict_keys(['check_all_dags_run']) retrieved from /opt/airflow/dags/tocheckStime.py
[2023-06-07T06:31:49.560+0000] {logging_mixin.py:137} INFO - [2023-06-07T06:31:49.559+0000] {dag.py:2676} INFO - Sync 1 DAGs
[2023-06-07T06:31:49.741+0000] {logging_mixin.py:137} INFO - [2023-06-07T06:31:49.741+0000] {dag.py:3427} INFO - Setting next_dagrun for check_all_dags_run to 2023-06-05T00:00:00+00:00, run_after=2023-06-06T00:00:00+00:00
[2023-06-07T06:31:49.872+0000] {processor.py:175} INFO - Processing /opt/airflow/dags/tocheckStime.py took 0.626 seconds
[2023-06-07T06:32:20.281+0000] {processor.py:153} INFO - Started process (PID=861) to work on /opt/airflow/dags/tocheckStime.py
[2023-06-07T06:32:20.293+0000] {processor.py:743} INFO - Processing file /opt/airflow/dags/tocheckStime.py for tasks to queue
[2023-06-07T06:32:20.300+0000] {logging_mixin.py:137} INFO - [2023-06-07T06:32:20.300+0000] {dagbag.py:538} INFO - Filling up the DagBag from /opt/airflow/dags/tocheckStime.py
[2023-06-07T06:32:20.391+0000] {processor.py:753} INFO - DAG(s) dict_keys(['check_all_dags_run']) retrieved from /opt/airflow/dags/tocheckStime.py
[2023-06-07T06:32:20.690+0000] {logging_mixin.py:137} INFO - [2023-06-07T06:32:20.689+0000] {dag.py:2676} INFO - Sync 1 DAGs
[2023-06-07T06:32:20.770+0000] {logging_mixin.py:137} INFO - [2023-06-07T06:32:20.769+0000] {dag.py:3427} INFO - Setting next_dagrun for check_all_dags_run to 2023-06-05T00:00:00+00:00, run_after=2023-06-06T00:00:00+00:00
[2023-06-07T06:32:20.827+0000] {processor.py:175} INFO - Processing /opt/airflow/dags/tocheckStime.py took 0.553 seconds
[2023-06-07T06:32:50.972+0000] {processor.py:153} INFO - Started process (PID=1005) to work on /opt/airflow/dags/tocheckStime.py
[2023-06-07T06:32:50.976+0000] {processor.py:743} INFO - Processing file /opt/airflow/dags/tocheckStime.py for tasks to queue
[2023-06-07T06:32:50.983+0000] {logging_mixin.py:137} INFO - [2023-06-07T06:32:50.982+0000] {dagbag.py:538} INFO - Filling up the DagBag from /opt/airflow/dags/tocheckStime.py
[2023-06-07T06:32:51.045+0000] {processor.py:753} INFO - DAG(s) dict_keys(['check_all_dags_run']) retrieved from /opt/airflow/dags/tocheckStime.py
[2023-06-07T06:32:51.131+0000] {logging_mixin.py:137} INFO - [2023-06-07T06:32:51.130+0000] {dag.py:2676} INFO - Sync 1 DAGs
[2023-06-07T06:32:51.202+0000] {logging_mixin.py:137} INFO - [2023-06-07T06:32:51.202+0000] {dag.py:3427} INFO - Setting next_dagrun for check_all_dags_run to 2023-06-05T00:00:00+00:00, run_after=2023-06-06T00:00:00+00:00
[2023-06-07T06:32:51.251+0000] {processor.py:175} INFO - Processing /opt/airflow/dags/tocheckStime.py took 0.286 seconds
[2023-06-07T06:33:21.527+0000] {processor.py:153} INFO - Started process (PID=1195) to work on /opt/airflow/dags/tocheckStime.py
[2023-06-07T06:33:21.530+0000] {processor.py:743} INFO - Processing file /opt/airflow/dags/tocheckStime.py for tasks to queue
[2023-06-07T06:33:21.534+0000] {logging_mixin.py:137} INFO - [2023-06-07T06:33:21.533+0000] {dagbag.py:538} INFO - Filling up the DagBag from /opt/airflow/dags/tocheckStime.py
[2023-06-07T06:33:21.642+0000] {processor.py:753} INFO - DAG(s) dict_keys(['check_all_dags_run']) retrieved from /opt/airflow/dags/tocheckStime.py
[2023-06-07T06:33:21.734+0000] {logging_mixin.py:137} INFO - [2023-06-07T06:33:21.734+0000] {dag.py:2676} INFO - Sync 1 DAGs
[2023-06-07T06:33:21.857+0000] {logging_mixin.py:137} INFO - [2023-06-07T06:33:21.857+0000] {dag.py:3427} INFO - Setting next_dagrun for check_all_dags_run to 2023-06-05T00:00:00+00:00, run_after=2023-06-06T00:00:00+00:00
[2023-06-07T06:33:21.917+0000] {processor.py:175} INFO - Processing /opt/airflow/dags/tocheckStime.py took 0.403 seconds
[2023-06-07T06:33:52.226+0000] {processor.py:153} INFO - Started process (PID=1340) to work on /opt/airflow/dags/tocheckStime.py
[2023-06-07T06:33:52.230+0000] {processor.py:743} INFO - Processing file /opt/airflow/dags/tocheckStime.py for tasks to queue
[2023-06-07T06:33:52.233+0000] {logging_mixin.py:137} INFO - [2023-06-07T06:33:52.232+0000] {dagbag.py:538} INFO - Filling up the DagBag from /opt/airflow/dags/tocheckStime.py
[2023-06-07T06:33:52.282+0000] {processor.py:753} INFO - DAG(s) dict_keys(['check_all_dags_run']) retrieved from /opt/airflow/dags/tocheckStime.py
[2023-06-07T06:33:52.360+0000] {logging_mixin.py:137} INFO - [2023-06-07T06:33:52.359+0000] {dag.py:2676} INFO - Sync 1 DAGs
[2023-06-07T06:33:52.423+0000] {logging_mixin.py:137} INFO - [2023-06-07T06:33:52.422+0000] {dag.py:3427} INFO - Setting next_dagrun for check_all_dags_run to 2023-06-05T00:00:00+00:00, run_after=2023-06-06T00:00:00+00:00
[2023-06-07T06:33:52.480+0000] {processor.py:175} INFO - Processing /opt/airflow/dags/tocheckStime.py took 0.267 seconds
[2023-06-07T06:34:22.608+0000] {processor.py:153} INFO - Started process (PID=1475) to work on /opt/airflow/dags/tocheckStime.py
[2023-06-07T06:34:22.615+0000] {processor.py:743} INFO - Processing file /opt/airflow/dags/tocheckStime.py for tasks to queue
[2023-06-07T06:34:22.627+0000] {logging_mixin.py:137} INFO - [2023-06-07T06:34:22.623+0000] {dagbag.py:538} INFO - Filling up the DagBag from /opt/airflow/dags/tocheckStime.py
[2023-06-07T06:34:22.816+0000] {processor.py:753} INFO - DAG(s) dict_keys(['check_all_dags_run']) retrieved from /opt/airflow/dags/tocheckStime.py
[2023-06-07T06:34:23.253+0000] {logging_mixin.py:137} INFO - [2023-06-07T06:34:23.251+0000] {dag.py:2676} INFO - Sync 1 DAGs
[2023-06-07T06:34:23.377+0000] {logging_mixin.py:137} INFO - [2023-06-07T06:34:23.376+0000] {dag.py:3427} INFO - Setting next_dagrun for check_all_dags_run to 2023-06-05T00:00:00+00:00, run_after=2023-06-06T00:00:00+00:00
[2023-06-07T06:34:23.447+0000] {processor.py:175} INFO - Processing /opt/airflow/dags/tocheckStime.py took 0.850 seconds
[2023-06-07T06:34:53.930+0000] {processor.py:153} INFO - Started process (PID=1598) to work on /opt/airflow/dags/tocheckStime.py
[2023-06-07T06:34:53.937+0000] {processor.py:743} INFO - Processing file /opt/airflow/dags/tocheckStime.py for tasks to queue
[2023-06-07T06:34:53.948+0000] {logging_mixin.py:137} INFO - [2023-06-07T06:34:53.947+0000] {dagbag.py:538} INFO - Filling up the DagBag from /opt/airflow/dags/tocheckStime.py
[2023-06-07T06:34:54.047+0000] {processor.py:753} INFO - DAG(s) dict_keys(['check_all_dags_run']) retrieved from /opt/airflow/dags/tocheckStime.py
[2023-06-07T06:34:54.256+0000] {logging_mixin.py:137} INFO - [2023-06-07T06:34:54.256+0000] {dag.py:2676} INFO - Sync 1 DAGs
[2023-06-07T06:34:54.378+0000] {logging_mixin.py:137} INFO - [2023-06-07T06:34:54.378+0000] {dag.py:3427} INFO - Setting next_dagrun for check_all_dags_run to 2023-06-05T00:00:00+00:00, run_after=2023-06-06T00:00:00+00:00
[2023-06-07T06:34:54.484+0000] {processor.py:175} INFO - Processing /opt/airflow/dags/tocheckStime.py took 0.582 seconds
[2023-06-07T06:35:24.807+0000] {processor.py:153} INFO - Started process (PID=1731) to work on /opt/airflow/dags/tocheckStime.py
[2023-06-07T06:35:24.814+0000] {processor.py:743} INFO - Processing file /opt/airflow/dags/tocheckStime.py for tasks to queue
[2023-06-07T06:35:24.817+0000] {logging_mixin.py:137} INFO - [2023-06-07T06:35:24.817+0000] {dagbag.py:538} INFO - Filling up the DagBag from /opt/airflow/dags/tocheckStime.py
[2023-06-07T06:35:24.873+0000] {processor.py:753} INFO - DAG(s) dict_keys(['check_all_dags_run']) retrieved from /opt/airflow/dags/tocheckStime.py
[2023-06-07T06:35:24.962+0000] {logging_mixin.py:137} INFO - [2023-06-07T06:35:24.961+0000] {dag.py:2676} INFO - Sync 1 DAGs
[2023-06-07T06:35:25.113+0000] {logging_mixin.py:137} INFO - [2023-06-07T06:35:25.113+0000] {dag.py:3427} INFO - Setting next_dagrun for check_all_dags_run to 2023-06-05T00:00:00+00:00, run_after=2023-06-06T00:00:00+00:00
[2023-06-07T06:35:25.161+0000] {processor.py:175} INFO - Processing /opt/airflow/dags/tocheckStime.py took 0.364 seconds
[2023-06-07T06:35:56.075+0000] {processor.py:153} INFO - Started process (PID=1836) to work on /opt/airflow/dags/tocheckStime.py
[2023-06-07T06:35:56.087+0000] {processor.py:743} INFO - Processing file /opt/airflow/dags/tocheckStime.py for tasks to queue
[2023-06-07T06:35:56.089+0000] {logging_mixin.py:137} INFO - [2023-06-07T06:35:56.089+0000] {dagbag.py:538} INFO - Filling up the DagBag from /opt/airflow/dags/tocheckStime.py
[2023-06-07T06:35:56.245+0000] {processor.py:753} INFO - DAG(s) dict_keys(['check_all_dags_run']) retrieved from /opt/airflow/dags/tocheckStime.py
[2023-06-07T06:35:56.393+0000] {logging_mixin.py:137} INFO - [2023-06-07T06:35:56.393+0000] {dag.py:2676} INFO - Sync 1 DAGs
[2023-06-07T06:35:56.548+0000] {logging_mixin.py:137} INFO - [2023-06-07T06:35:56.547+0000] {dag.py:3427} INFO - Setting next_dagrun for check_all_dags_run to 2023-06-05T00:00:00+00:00, run_after=2023-06-06T00:00:00+00:00
[2023-06-07T06:35:56.618+0000] {processor.py:175} INFO - Processing /opt/airflow/dags/tocheckStime.py took 0.569 seconds
[2023-06-07T06:36:27.244+0000] {processor.py:153} INFO - Started process (PID=1938) to work on /opt/airflow/dags/tocheckStime.py
[2023-06-07T06:36:27.249+0000] {processor.py:743} INFO - Processing file /opt/airflow/dags/tocheckStime.py for tasks to queue
[2023-06-07T06:36:27.256+0000] {logging_mixin.py:137} INFO - [2023-06-07T06:36:27.255+0000] {dagbag.py:538} INFO - Filling up the DagBag from /opt/airflow/dags/tocheckStime.py
[2023-06-07T06:36:27.356+0000] {processor.py:753} INFO - DAG(s) dict_keys(['check_all_dags_run']) retrieved from /opt/airflow/dags/tocheckStime.py
[2023-06-07T06:36:28.075+0000] {logging_mixin.py:137} INFO - [2023-06-07T06:36:28.075+0000] {dag.py:2676} INFO - Sync 1 DAGs
[2023-06-07T06:36:28.367+0000] {logging_mixin.py:137} INFO - [2023-06-07T06:36:28.367+0000] {dag.py:3427} INFO - Setting next_dagrun for check_all_dags_run to 2023-06-05T00:00:00+00:00, run_after=2023-06-06T00:00:00+00:00
[2023-06-07T06:36:28.519+0000] {processor.py:175} INFO - Processing /opt/airflow/dags/tocheckStime.py took 1.293 seconds
[2023-06-07T06:36:58.830+0000] {processor.py:153} INFO - Started process (PID=2048) to work on /opt/airflow/dags/tocheckStime.py
[2023-06-07T06:36:58.842+0000] {processor.py:743} INFO - Processing file /opt/airflow/dags/tocheckStime.py for tasks to queue
[2023-06-07T06:36:58.848+0000] {logging_mixin.py:137} INFO - [2023-06-07T06:36:58.847+0000] {dagbag.py:538} INFO - Filling up the DagBag from /opt/airflow/dags/tocheckStime.py
[2023-06-07T06:36:58.930+0000] {processor.py:753} INFO - DAG(s) dict_keys(['check_all_dags_run']) retrieved from /opt/airflow/dags/tocheckStime.py
[2023-06-07T06:36:59.028+0000] {logging_mixin.py:137} INFO - [2023-06-07T06:36:59.027+0000] {dag.py:2676} INFO - Sync 1 DAGs
[2023-06-07T06:36:59.145+0000] {logging_mixin.py:137} INFO - [2023-06-07T06:36:59.145+0000] {dag.py:3427} INFO - Setting next_dagrun for check_all_dags_run to 2023-06-05T00:00:00+00:00, run_after=2023-06-06T00:00:00+00:00
[2023-06-07T06:36:59.207+0000] {processor.py:175} INFO - Processing /opt/airflow/dags/tocheckStime.py took 0.389 seconds
[2023-06-07T06:37:29.702+0000] {processor.py:153} INFO - Started process (PID=2219) to work on /opt/airflow/dags/tocheckStime.py
[2023-06-07T06:37:29.710+0000] {processor.py:743} INFO - Processing file /opt/airflow/dags/tocheckStime.py for tasks to queue
[2023-06-07T06:37:29.713+0000] {logging_mixin.py:137} INFO - [2023-06-07T06:37:29.713+0000] {dagbag.py:538} INFO - Filling up the DagBag from /opt/airflow/dags/tocheckStime.py
[2023-06-07T06:37:29.828+0000] {processor.py:753} INFO - DAG(s) dict_keys(['check_all_dags_run']) retrieved from /opt/airflow/dags/tocheckStime.py
[2023-06-07T06:37:30.389+0000] {logging_mixin.py:137} INFO - [2023-06-07T06:37:30.388+0000] {dag.py:2676} INFO - Sync 1 DAGs
[2023-06-07T06:37:30.527+0000] {logging_mixin.py:137} INFO - [2023-06-07T06:37:30.526+0000] {dag.py:3427} INFO - Setting next_dagrun for check_all_dags_run to 2023-06-05T00:00:00+00:00, run_after=2023-06-06T00:00:00+00:00
[2023-06-07T06:37:30.662+0000] {processor.py:175} INFO - Processing /opt/airflow/dags/tocheckStime.py took 0.973 seconds
[2023-06-07T06:38:01.057+0000] {processor.py:153} INFO - Started process (PID=2380) to work on /opt/airflow/dags/tocheckStime.py
[2023-06-07T06:38:01.064+0000] {processor.py:743} INFO - Processing file /opt/airflow/dags/tocheckStime.py for tasks to queue
[2023-06-07T06:38:01.066+0000] {logging_mixin.py:137} INFO - [2023-06-07T06:38:01.066+0000] {dagbag.py:538} INFO - Filling up the DagBag from /opt/airflow/dags/tocheckStime.py
[2023-06-07T06:38:01.121+0000] {processor.py:753} INFO - DAG(s) dict_keys(['check_all_dags_run']) retrieved from /opt/airflow/dags/tocheckStime.py
[2023-06-07T06:38:01.296+0000] {logging_mixin.py:137} INFO - [2023-06-07T06:38:01.295+0000] {dag.py:2676} INFO - Sync 1 DAGs
[2023-06-07T06:38:01.413+0000] {logging_mixin.py:137} INFO - [2023-06-07T06:38:01.413+0000] {dag.py:3427} INFO - Setting next_dagrun for check_all_dags_run to 2023-06-05T00:00:00+00:00, run_after=2023-06-06T00:00:00+00:00
[2023-06-07T06:38:01.551+0000] {processor.py:175} INFO - Processing /opt/airflow/dags/tocheckStime.py took 0.501 seconds
[2023-06-07T06:38:32.151+0000] {processor.py:153} INFO - Started process (PID=2516) to work on /opt/airflow/dags/tocheckStime.py
[2023-06-07T06:38:32.160+0000] {processor.py:743} INFO - Processing file /opt/airflow/dags/tocheckStime.py for tasks to queue
[2023-06-07T06:38:32.164+0000] {logging_mixin.py:137} INFO - [2023-06-07T06:38:32.163+0000] {dagbag.py:538} INFO - Filling up the DagBag from /opt/airflow/dags/tocheckStime.py
[2023-06-07T06:38:32.234+0000] {processor.py:753} INFO - DAG(s) dict_keys(['check_all_dags_run']) retrieved from /opt/airflow/dags/tocheckStime.py
[2023-06-07T06:38:32.450+0000] {logging_mixin.py:137} INFO - [2023-06-07T06:38:32.450+0000] {dag.py:2676} INFO - Sync 1 DAGs
[2023-06-07T06:38:32.560+0000] {logging_mixin.py:137} INFO - [2023-06-07T06:38:32.560+0000] {dag.py:3427} INFO - Setting next_dagrun for check_all_dags_run to 2023-06-05T00:00:00+00:00, run_after=2023-06-06T00:00:00+00:00
[2023-06-07T06:38:32.663+0000] {processor.py:175} INFO - Processing /opt/airflow/dags/tocheckStime.py took 0.520 seconds
[2023-06-07T06:39:03.049+0000] {processor.py:153} INFO - Started process (PID=2659) to work on /opt/airflow/dags/tocheckStime.py
[2023-06-07T06:39:03.054+0000] {processor.py:743} INFO - Processing file /opt/airflow/dags/tocheckStime.py for tasks to queue
[2023-06-07T06:39:03.057+0000] {logging_mixin.py:137} INFO - [2023-06-07T06:39:03.057+0000] {dagbag.py:538} INFO - Filling up the DagBag from /opt/airflow/dags/tocheckStime.py
[2023-06-07T06:39:03.147+0000] {processor.py:753} INFO - DAG(s) dict_keys(['check_all_dags_run']) retrieved from /opt/airflow/dags/tocheckStime.py
[2023-06-07T06:39:03.303+0000] {logging_mixin.py:137} INFO - [2023-06-07T06:39:03.303+0000] {dag.py:2676} INFO - Sync 1 DAGs
[2023-06-07T06:39:03.420+0000] {logging_mixin.py:137} INFO - [2023-06-07T06:39:03.420+0000] {dag.py:3427} INFO - Setting next_dagrun for check_all_dags_run to 2023-06-05T00:00:00+00:00, run_after=2023-06-06T00:00:00+00:00
[2023-06-07T06:39:03.522+0000] {processor.py:175} INFO - Processing /opt/airflow/dags/tocheckStime.py took 0.484 seconds
[2023-06-07T06:39:33.817+0000] {processor.py:153} INFO - Started process (PID=2780) to work on /opt/airflow/dags/tocheckStime.py
[2023-06-07T06:39:33.822+0000] {processor.py:743} INFO - Processing file /opt/airflow/dags/tocheckStime.py for tasks to queue
[2023-06-07T06:39:33.839+0000] {logging_mixin.py:137} INFO - [2023-06-07T06:39:33.837+0000] {dagbag.py:538} INFO - Filling up the DagBag from /opt/airflow/dags/tocheckStime.py
[2023-06-07T06:39:33.938+0000] {processor.py:753} INFO - DAG(s) dict_keys(['check_all_dags_run']) retrieved from /opt/airflow/dags/tocheckStime.py
[2023-06-07T06:39:34.362+0000] {logging_mixin.py:137} INFO - [2023-06-07T06:39:34.361+0000] {dag.py:2676} INFO - Sync 1 DAGs
[2023-06-07T06:39:34.523+0000] {logging_mixin.py:137} INFO - [2023-06-07T06:39:34.522+0000] {dag.py:3427} INFO - Setting next_dagrun for check_all_dags_run to 2023-06-05T00:00:00+00:00, run_after=2023-06-06T00:00:00+00:00
[2023-06-07T06:39:34.718+0000] {processor.py:175} INFO - Processing /opt/airflow/dags/tocheckStime.py took 0.922 seconds
[2023-06-07T06:40:04.865+0000] {processor.py:153} INFO - Started process (PID=2896) to work on /opt/airflow/dags/tocheckStime.py
[2023-06-07T06:40:04.871+0000] {processor.py:743} INFO - Processing file /opt/airflow/dags/tocheckStime.py for tasks to queue
[2023-06-07T06:40:04.876+0000] {logging_mixin.py:137} INFO - [2023-06-07T06:40:04.875+0000] {dagbag.py:538} INFO - Filling up the DagBag from /opt/airflow/dags/tocheckStime.py
[2023-06-07T06:40:04.964+0000] {processor.py:753} INFO - DAG(s) dict_keys(['check_all_dags_run']) retrieved from /opt/airflow/dags/tocheckStime.py
[2023-06-07T06:40:05.140+0000] {logging_mixin.py:137} INFO - [2023-06-07T06:40:05.140+0000] {dag.py:2676} INFO - Sync 1 DAGs
[2023-06-07T06:40:05.255+0000] {logging_mixin.py:137} INFO - [2023-06-07T06:40:05.255+0000] {dag.py:3427} INFO - Setting next_dagrun for check_all_dags_run to 2023-06-05T00:00:00+00:00, run_after=2023-06-06T00:00:00+00:00
[2023-06-07T06:40:05.342+0000] {processor.py:175} INFO - Processing /opt/airflow/dags/tocheckStime.py took 0.496 seconds
[2023-06-07T06:40:35.413+0000] {processor.py:153} INFO - Started process (PID=2995) to work on /opt/airflow/dags/tocheckStime.py
[2023-06-07T06:40:35.416+0000] {processor.py:743} INFO - Processing file /opt/airflow/dags/tocheckStime.py for tasks to queue
[2023-06-07T06:40:35.419+0000] {logging_mixin.py:137} INFO - [2023-06-07T06:40:35.418+0000] {dagbag.py:538} INFO - Filling up the DagBag from /opt/airflow/dags/tocheckStime.py
[2023-06-07T06:40:35.465+0000] {processor.py:753} INFO - DAG(s) dict_keys(['check_all_dags_run']) retrieved from /opt/airflow/dags/tocheckStime.py
[2023-06-07T06:40:35.532+0000] {logging_mixin.py:137} INFO - [2023-06-07T06:40:35.532+0000] {dag.py:2676} INFO - Sync 1 DAGs
[2023-06-07T06:40:35.605+0000] {logging_mixin.py:137} INFO - [2023-06-07T06:40:35.605+0000] {dag.py:3427} INFO - Setting next_dagrun for check_all_dags_run to 2023-06-05T00:00:00+00:00, run_after=2023-06-06T00:00:00+00:00
[2023-06-07T06:40:35.638+0000] {processor.py:175} INFO - Processing /opt/airflow/dags/tocheckStime.py took 0.234 seconds
[2023-06-07T06:41:06.280+0000] {processor.py:153} INFO - Started process (PID=3038) to work on /opt/airflow/dags/tocheckStime.py
[2023-06-07T06:41:06.282+0000] {processor.py:743} INFO - Processing file /opt/airflow/dags/tocheckStime.py for tasks to queue
[2023-06-07T06:41:06.284+0000] {logging_mixin.py:137} INFO - [2023-06-07T06:41:06.284+0000] {dagbag.py:538} INFO - Filling up the DagBag from /opt/airflow/dags/tocheckStime.py
[2023-06-07T06:41:06.309+0000] {processor.py:753} INFO - DAG(s) dict_keys(['check_all_dags_run']) retrieved from /opt/airflow/dags/tocheckStime.py
[2023-06-07T06:41:06.342+0000] {logging_mixin.py:137} INFO - [2023-06-07T06:41:06.342+0000] {dag.py:2676} INFO - Sync 1 DAGs
[2023-06-07T06:41:06.377+0000] {logging_mixin.py:137} INFO - [2023-06-07T06:41:06.377+0000] {dag.py:3427} INFO - Setting next_dagrun for check_all_dags_run to 2023-06-05T00:00:00+00:00, run_after=2023-06-06T00:00:00+00:00
[2023-06-07T06:41:06.400+0000] {processor.py:175} INFO - Processing /opt/airflow/dags/tocheckStime.py took 0.125 seconds
[2023-06-07T06:41:36.954+0000] {processor.py:153} INFO - Started process (PID=3077) to work on /opt/airflow/dags/tocheckStime.py
[2023-06-07T06:41:36.956+0000] {processor.py:743} INFO - Processing file /opt/airflow/dags/tocheckStime.py for tasks to queue
[2023-06-07T06:41:36.958+0000] {logging_mixin.py:137} INFO - [2023-06-07T06:41:36.957+0000] {dagbag.py:538} INFO - Filling up the DagBag from /opt/airflow/dags/tocheckStime.py
[2023-06-07T06:41:36.984+0000] {processor.py:753} INFO - DAG(s) dict_keys(['check_all_dags_run']) retrieved from /opt/airflow/dags/tocheckStime.py
[2023-06-07T06:41:37.073+0000] {logging_mixin.py:137} INFO - [2023-06-07T06:41:37.073+0000] {dag.py:2676} INFO - Sync 1 DAGs
[2023-06-07T06:41:37.099+0000] {logging_mixin.py:137} INFO - [2023-06-07T06:41:37.099+0000] {dag.py:3427} INFO - Setting next_dagrun for check_all_dags_run to 2023-06-05T00:00:00+00:00, run_after=2023-06-06T00:00:00+00:00
[2023-06-07T06:41:37.119+0000] {processor.py:175} INFO - Processing /opt/airflow/dags/tocheckStime.py took 0.171 seconds
[2023-06-07T06:42:07.599+0000] {processor.py:153} INFO - Started process (PID=3112) to work on /opt/airflow/dags/tocheckStime.py
[2023-06-07T06:42:07.601+0000] {processor.py:743} INFO - Processing file /opt/airflow/dags/tocheckStime.py for tasks to queue
[2023-06-07T06:42:07.602+0000] {logging_mixin.py:137} INFO - [2023-06-07T06:42:07.602+0000] {dagbag.py:538} INFO - Filling up the DagBag from /opt/airflow/dags/tocheckStime.py
[2023-06-07T06:42:07.625+0000] {processor.py:753} INFO - DAG(s) dict_keys(['check_all_dags_run']) retrieved from /opt/airflow/dags/tocheckStime.py
[2023-06-07T06:42:07.677+0000] {logging_mixin.py:137} INFO - [2023-06-07T06:42:07.677+0000] {dag.py:2676} INFO - Sync 1 DAGs
[2023-06-07T06:42:07.714+0000] {logging_mixin.py:137} INFO - [2023-06-07T06:42:07.714+0000] {dag.py:3427} INFO - Setting next_dagrun for check_all_dags_run to 2023-06-05T00:00:00+00:00, run_after=2023-06-06T00:00:00+00:00
[2023-06-07T06:42:07.741+0000] {processor.py:175} INFO - Processing /opt/airflow/dags/tocheckStime.py took 0.146 seconds
[2023-06-07T06:42:38.192+0000] {processor.py:153} INFO - Started process (PID=3161) to work on /opt/airflow/dags/tocheckStime.py
[2023-06-07T06:42:38.194+0000] {processor.py:743} INFO - Processing file /opt/airflow/dags/tocheckStime.py for tasks to queue
[2023-06-07T06:42:38.196+0000] {logging_mixin.py:137} INFO - [2023-06-07T06:42:38.195+0000] {dagbag.py:538} INFO - Filling up the DagBag from /opt/airflow/dags/tocheckStime.py
[2023-06-07T06:42:38.222+0000] {processor.py:753} INFO - DAG(s) dict_keys(['check_all_dags_run']) retrieved from /opt/airflow/dags/tocheckStime.py
[2023-06-07T06:42:38.253+0000] {logging_mixin.py:137} INFO - [2023-06-07T06:42:38.252+0000] {dag.py:2676} INFO - Sync 1 DAGs
[2023-06-07T06:42:38.285+0000] {logging_mixin.py:137} INFO - [2023-06-07T06:42:38.285+0000] {dag.py:3427} INFO - Setting next_dagrun for check_all_dags_run to 2023-06-05T00:00:00+00:00, run_after=2023-06-06T00:00:00+00:00
[2023-06-07T06:42:38.304+0000] {processor.py:175} INFO - Processing /opt/airflow/dags/tocheckStime.py took 0.116 seconds
[2023-06-07T06:43:08.555+0000] {processor.py:153} INFO - Started process (PID=3196) to work on /opt/airflow/dags/tocheckStime.py
[2023-06-07T06:43:08.557+0000] {processor.py:743} INFO - Processing file /opt/airflow/dags/tocheckStime.py for tasks to queue
[2023-06-07T06:43:08.558+0000] {logging_mixin.py:137} INFO - [2023-06-07T06:43:08.558+0000] {dagbag.py:538} INFO - Filling up the DagBag from /opt/airflow/dags/tocheckStime.py
[2023-06-07T06:43:08.579+0000] {processor.py:753} INFO - DAG(s) dict_keys(['check_all_dags_run']) retrieved from /opt/airflow/dags/tocheckStime.py
[2023-06-07T06:43:08.607+0000] {logging_mixin.py:137} INFO - [2023-06-07T06:43:08.607+0000] {dag.py:2676} INFO - Sync 1 DAGs
[2023-06-07T06:43:08.639+0000] {logging_mixin.py:137} INFO - [2023-06-07T06:43:08.638+0000] {dag.py:3427} INFO - Setting next_dagrun for check_all_dags_run to 2023-06-05T00:00:00+00:00, run_after=2023-06-06T00:00:00+00:00
[2023-06-07T06:43:08.657+0000] {processor.py:175} INFO - Processing /opt/airflow/dags/tocheckStime.py took 0.106 seconds
[2023-06-07T06:43:39.104+0000] {processor.py:153} INFO - Started process (PID=3245) to work on /opt/airflow/dags/tocheckStime.py
[2023-06-07T06:43:39.107+0000] {processor.py:743} INFO - Processing file /opt/airflow/dags/tocheckStime.py for tasks to queue
[2023-06-07T06:43:39.109+0000] {logging_mixin.py:137} INFO - [2023-06-07T06:43:39.108+0000] {dagbag.py:538} INFO - Filling up the DagBag from /opt/airflow/dags/tocheckStime.py
[2023-06-07T06:43:39.148+0000] {processor.py:753} INFO - DAG(s) dict_keys(['check_all_dags_run']) retrieved from /opt/airflow/dags/tocheckStime.py
[2023-06-07T06:43:39.247+0000] {logging_mixin.py:137} INFO - [2023-06-07T06:43:39.247+0000] {dag.py:2676} INFO - Sync 1 DAGs
[2023-06-07T06:43:39.276+0000] {logging_mixin.py:137} INFO - [2023-06-07T06:43:39.276+0000] {dag.py:3427} INFO - Setting next_dagrun for check_all_dags_run to 2023-06-05T00:00:00+00:00, run_after=2023-06-06T00:00:00+00:00
[2023-06-07T06:43:39.298+0000] {processor.py:175} INFO - Processing /opt/airflow/dags/tocheckStime.py took 0.200 seconds
[2023-06-07T06:44:09.444+0000] {processor.py:153} INFO - Started process (PID=3279) to work on /opt/airflow/dags/tocheckStime.py
[2023-06-07T06:44:09.446+0000] {processor.py:743} INFO - Processing file /opt/airflow/dags/tocheckStime.py for tasks to queue
[2023-06-07T06:44:09.447+0000] {logging_mixin.py:137} INFO - [2023-06-07T06:44:09.447+0000] {dagbag.py:538} INFO - Filling up the DagBag from /opt/airflow/dags/tocheckStime.py
[2023-06-07T06:44:09.469+0000] {processor.py:753} INFO - DAG(s) dict_keys(['check_all_dags_run']) retrieved from /opt/airflow/dags/tocheckStime.py
[2023-06-07T06:44:09.512+0000] {logging_mixin.py:137} INFO - [2023-06-07T06:44:09.511+0000] {dag.py:2676} INFO - Sync 1 DAGs
[2023-06-07T06:44:09.542+0000] {logging_mixin.py:137} INFO - [2023-06-07T06:44:09.542+0000] {dag.py:3427} INFO - Setting next_dagrun for check_all_dags_run to 2023-06-05T00:00:00+00:00, run_after=2023-06-06T00:00:00+00:00
[2023-06-07T06:44:09.562+0000] {processor.py:175} INFO - Processing /opt/airflow/dags/tocheckStime.py took 0.122 seconds
[2023-06-07T06:44:39.966+0000] {processor.py:153} INFO - Started process (PID=3328) to work on /opt/airflow/dags/tocheckStime.py
[2023-06-07T06:44:39.969+0000] {processor.py:743} INFO - Processing file /opt/airflow/dags/tocheckStime.py for tasks to queue
[2023-06-07T06:44:39.971+0000] {logging_mixin.py:137} INFO - [2023-06-07T06:44:39.970+0000] {dagbag.py:538} INFO - Filling up the DagBag from /opt/airflow/dags/tocheckStime.py
[2023-06-07T06:44:39.998+0000] {processor.py:753} INFO - DAG(s) dict_keys(['check_all_dags_run']) retrieved from /opt/airflow/dags/tocheckStime.py
[2023-06-07T06:44:40.029+0000] {logging_mixin.py:137} INFO - [2023-06-07T06:44:40.029+0000] {dag.py:2676} INFO - Sync 1 DAGs
[2023-06-07T06:44:40.060+0000] {logging_mixin.py:137} INFO - [2023-06-07T06:44:40.060+0000] {dag.py:3427} INFO - Setting next_dagrun for check_all_dags_run to 2023-06-05T00:00:00+00:00, run_after=2023-06-06T00:00:00+00:00
[2023-06-07T06:44:40.082+0000] {processor.py:175} INFO - Processing /opt/airflow/dags/tocheckStime.py took 0.121 seconds
[2023-06-07T06:45:10.509+0000] {processor.py:153} INFO - Started process (PID=3363) to work on /opt/airflow/dags/tocheckStime.py
[2023-06-07T06:45:10.512+0000] {processor.py:743} INFO - Processing file /opt/airflow/dags/tocheckStime.py for tasks to queue
[2023-06-07T06:45:10.514+0000] {logging_mixin.py:137} INFO - [2023-06-07T06:45:10.514+0000] {dagbag.py:538} INFO - Filling up the DagBag from /opt/airflow/dags/tocheckStime.py
[2023-06-07T06:45:10.536+0000] {processor.py:753} INFO - DAG(s) dict_keys(['check_all_dags_run']) retrieved from /opt/airflow/dags/tocheckStime.py
[2023-06-07T06:45:10.563+0000] {logging_mixin.py:137} INFO - [2023-06-07T06:45:10.562+0000] {dag.py:2676} INFO - Sync 1 DAGs
[2023-06-07T06:45:10.593+0000] {logging_mixin.py:137} INFO - [2023-06-07T06:45:10.593+0000] {dag.py:3427} INFO - Setting next_dagrun for check_all_dags_run to 2023-06-05T00:00:00+00:00, run_after=2023-06-06T00:00:00+00:00
[2023-06-07T06:45:10.613+0000] {processor.py:175} INFO - Processing /opt/airflow/dags/tocheckStime.py took 0.107 seconds
[2023-06-07T06:45:41.099+0000] {processor.py:153} INFO - Started process (PID=3412) to work on /opt/airflow/dags/tocheckStime.py
[2023-06-07T06:45:41.101+0000] {processor.py:743} INFO - Processing file /opt/airflow/dags/tocheckStime.py for tasks to queue
[2023-06-07T06:45:41.103+0000] {logging_mixin.py:137} INFO - [2023-06-07T06:45:41.103+0000] {dagbag.py:538} INFO - Filling up the DagBag from /opt/airflow/dags/tocheckStime.py
[2023-06-07T06:45:41.129+0000] {processor.py:753} INFO - DAG(s) dict_keys(['check_all_dags_run']) retrieved from /opt/airflow/dags/tocheckStime.py
[2023-06-07T06:45:41.213+0000] {logging_mixin.py:137} INFO - [2023-06-07T06:45:41.213+0000] {dag.py:2676} INFO - Sync 1 DAGs
[2023-06-07T06:45:41.239+0000] {logging_mixin.py:137} INFO - [2023-06-07T06:45:41.239+0000] {dag.py:3427} INFO - Setting next_dagrun for check_all_dags_run to 2023-06-05T00:00:00+00:00, run_after=2023-06-06T00:00:00+00:00
[2023-06-07T06:45:41.261+0000] {processor.py:175} INFO - Processing /opt/airflow/dags/tocheckStime.py took 0.167 seconds
[2023-06-07T06:46:11.435+0000] {processor.py:153} INFO - Started process (PID=3447) to work on /opt/airflow/dags/tocheckStime.py
[2023-06-07T06:46:11.437+0000] {processor.py:743} INFO - Processing file /opt/airflow/dags/tocheckStime.py for tasks to queue
[2023-06-07T06:46:11.439+0000] {logging_mixin.py:137} INFO - [2023-06-07T06:46:11.439+0000] {dagbag.py:538} INFO - Filling up the DagBag from /opt/airflow/dags/tocheckStime.py
[2023-06-07T06:46:11.461+0000] {processor.py:753} INFO - DAG(s) dict_keys(['check_all_dags_run']) retrieved from /opt/airflow/dags/tocheckStime.py
[2023-06-07T06:46:11.502+0000] {logging_mixin.py:137} INFO - [2023-06-07T06:46:11.502+0000] {dag.py:2676} INFO - Sync 1 DAGs
[2023-06-07T06:46:11.533+0000] {logging_mixin.py:137} INFO - [2023-06-07T06:46:11.533+0000] {dag.py:3427} INFO - Setting next_dagrun for check_all_dags_run to 2023-06-05T00:00:00+00:00, run_after=2023-06-06T00:00:00+00:00
[2023-06-07T06:46:11.553+0000] {processor.py:175} INFO - Processing /opt/airflow/dags/tocheckStime.py took 0.122 seconds
[2023-06-07T06:46:42.007+0000] {processor.py:153} INFO - Started process (PID=3496) to work on /opt/airflow/dags/tocheckStime.py
[2023-06-07T06:46:42.009+0000] {processor.py:743} INFO - Processing file /opt/airflow/dags/tocheckStime.py for tasks to queue
[2023-06-07T06:46:42.011+0000] {logging_mixin.py:137} INFO - [2023-06-07T06:46:42.011+0000] {dagbag.py:538} INFO - Filling up the DagBag from /opt/airflow/dags/tocheckStime.py
[2023-06-07T06:46:42.039+0000] {processor.py:753} INFO - DAG(s) dict_keys(['check_all_dags_run']) retrieved from /opt/airflow/dags/tocheckStime.py
[2023-06-07T06:46:42.070+0000] {logging_mixin.py:137} INFO - [2023-06-07T06:46:42.070+0000] {dag.py:2676} INFO - Sync 1 DAGs
[2023-06-07T06:46:42.104+0000] {logging_mixin.py:137} INFO - [2023-06-07T06:46:42.104+0000] {dag.py:3427} INFO - Setting next_dagrun for check_all_dags_run to 2023-06-05T00:00:00+00:00, run_after=2023-06-06T00:00:00+00:00
[2023-06-07T06:46:42.124+0000] {processor.py:175} INFO - Processing /opt/airflow/dags/tocheckStime.py took 0.122 seconds
[2023-06-07T06:47:12.420+0000] {processor.py:153} INFO - Started process (PID=3530) to work on /opt/airflow/dags/tocheckStime.py
[2023-06-07T06:47:12.421+0000] {processor.py:743} INFO - Processing file /opt/airflow/dags/tocheckStime.py for tasks to queue
[2023-06-07T06:47:12.423+0000] {logging_mixin.py:137} INFO - [2023-06-07T06:47:12.423+0000] {dagbag.py:538} INFO - Filling up the DagBag from /opt/airflow/dags/tocheckStime.py
[2023-06-07T06:47:12.445+0000] {processor.py:753} INFO - DAG(s) dict_keys(['check_all_dags_run']) retrieved from /opt/airflow/dags/tocheckStime.py
[2023-06-07T06:47:12.479+0000] {logging_mixin.py:137} INFO - [2023-06-07T06:47:12.479+0000] {dag.py:2676} INFO - Sync 1 DAGs
[2023-06-07T06:47:12.517+0000] {logging_mixin.py:137} INFO - [2023-06-07T06:47:12.517+0000] {dag.py:3427} INFO - Setting next_dagrun for check_all_dags_run to 2023-06-05T00:00:00+00:00, run_after=2023-06-06T00:00:00+00:00
[2023-06-07T06:47:12.540+0000] {processor.py:175} INFO - Processing /opt/airflow/dags/tocheckStime.py took 0.124 seconds
[2023-06-07T06:47:43.185+0000] {processor.py:153} INFO - Started process (PID=3579) to work on /opt/airflow/dags/tocheckStime.py
[2023-06-07T06:47:43.187+0000] {processor.py:743} INFO - Processing file /opt/airflow/dags/tocheckStime.py for tasks to queue
[2023-06-07T06:47:43.190+0000] {logging_mixin.py:137} INFO - [2023-06-07T06:47:43.189+0000] {dagbag.py:538} INFO - Filling up the DagBag from /opt/airflow/dags/tocheckStime.py
[2023-06-07T06:47:43.216+0000] {processor.py:753} INFO - DAG(s) dict_keys(['check_all_dags_run']) retrieved from /opt/airflow/dags/tocheckStime.py
[2023-06-07T06:47:43.305+0000] {logging_mixin.py:137} INFO - [2023-06-07T06:47:43.305+0000] {dag.py:2676} INFO - Sync 1 DAGs
[2023-06-07T06:47:43.343+0000] {logging_mixin.py:137} INFO - [2023-06-07T06:47:43.343+0000] {dag.py:3427} INFO - Setting next_dagrun for check_all_dags_run to 2023-06-05T00:00:00+00:00, run_after=2023-06-06T00:00:00+00:00
[2023-06-07T06:47:43.374+0000] {processor.py:175} INFO - Processing /opt/airflow/dags/tocheckStime.py took 0.194 seconds
[2023-06-07T06:48:13.657+0000] {processor.py:153} INFO - Started process (PID=3614) to work on /opt/airflow/dags/tocheckStime.py
[2023-06-07T06:48:13.660+0000] {processor.py:743} INFO - Processing file /opt/airflow/dags/tocheckStime.py for tasks to queue
[2023-06-07T06:48:13.662+0000] {logging_mixin.py:137} INFO - [2023-06-07T06:48:13.662+0000] {dagbag.py:538} INFO - Filling up the DagBag from /opt/airflow/dags/tocheckStime.py
[2023-06-07T06:48:13.687+0000] {processor.py:753} INFO - DAG(s) dict_keys(['check_all_dags_run']) retrieved from /opt/airflow/dags/tocheckStime.py
[2023-06-07T06:48:13.733+0000] {logging_mixin.py:137} INFO - [2023-06-07T06:48:13.733+0000] {dag.py:2676} INFO - Sync 1 DAGs
[2023-06-07T06:48:13.764+0000] {logging_mixin.py:137} INFO - [2023-06-07T06:48:13.764+0000] {dag.py:3427} INFO - Setting next_dagrun for check_all_dags_run to 2023-06-05T00:00:00+00:00, run_after=2023-06-06T00:00:00+00:00
[2023-06-07T06:48:13.784+0000] {processor.py:175} INFO - Processing /opt/airflow/dags/tocheckStime.py took 0.131 seconds
[2023-06-07T06:48:44.198+0000] {processor.py:153} INFO - Started process (PID=3658) to work on /opt/airflow/dags/tocheckStime.py
[2023-06-07T06:48:44.200+0000] {processor.py:743} INFO - Processing file /opt/airflow/dags/tocheckStime.py for tasks to queue
[2023-06-07T06:48:44.203+0000] {logging_mixin.py:137} INFO - [2023-06-07T06:48:44.203+0000] {dagbag.py:538} INFO - Filling up the DagBag from /opt/airflow/dags/tocheckStime.py
[2023-06-07T06:48:44.237+0000] {processor.py:753} INFO - DAG(s) dict_keys(['check_all_dags_run']) retrieved from /opt/airflow/dags/tocheckStime.py
[2023-06-07T06:48:44.284+0000] {logging_mixin.py:137} INFO - [2023-06-07T06:48:44.283+0000] {dag.py:2676} INFO - Sync 1 DAGs
[2023-06-07T06:48:44.324+0000] {logging_mixin.py:137} INFO - [2023-06-07T06:48:44.324+0000] {dag.py:3427} INFO - Setting next_dagrun for check_all_dags_run to 2023-06-05T00:00:00+00:00, run_after=2023-06-06T00:00:00+00:00
[2023-06-07T06:48:44.345+0000] {processor.py:175} INFO - Processing /opt/airflow/dags/tocheckStime.py took 0.152 seconds
[2023-06-07T06:49:14.726+0000] {processor.py:153} INFO - Started process (PID=3698) to work on /opt/airflow/dags/tocheckStime.py
[2023-06-07T06:49:14.728+0000] {processor.py:743} INFO - Processing file /opt/airflow/dags/tocheckStime.py for tasks to queue
[2023-06-07T06:49:14.730+0000] {logging_mixin.py:137} INFO - [2023-06-07T06:49:14.730+0000] {dagbag.py:538} INFO - Filling up the DagBag from /opt/airflow/dags/tocheckStime.py
[2023-06-07T06:49:14.754+0000] {processor.py:753} INFO - DAG(s) dict_keys(['check_all_dags_run']) retrieved from /opt/airflow/dags/tocheckStime.py
[2023-06-07T06:49:14.795+0000] {logging_mixin.py:137} INFO - [2023-06-07T06:49:14.795+0000] {dag.py:2676} INFO - Sync 1 DAGs
[2023-06-07T06:49:14.830+0000] {logging_mixin.py:137} INFO - [2023-06-07T06:49:14.830+0000] {dag.py:3427} INFO - Setting next_dagrun for check_all_dags_run to 2023-06-05T00:00:00+00:00, run_after=2023-06-06T00:00:00+00:00
[2023-06-07T06:49:14.852+0000] {processor.py:175} INFO - Processing /opt/airflow/dags/tocheckStime.py took 0.131 seconds
[2023-06-07T07:08:21.994+0000] {processor.py:153} INFO - Started process (PID=3720) to work on /opt/airflow/dags/tocheckStime.py
[2023-06-07T07:08:21.997+0000] {processor.py:743} INFO - Processing file /opt/airflow/dags/tocheckStime.py for tasks to queue
[2023-06-07T07:08:22.002+0000] {logging_mixin.py:137} INFO - [2023-06-07T07:08:22.002+0000] {dagbag.py:538} INFO - Filling up the DagBag from /opt/airflow/dags/tocheckStime.py
[2023-06-07T07:08:22.037+0000] {processor.py:753} INFO - DAG(s) dict_keys(['check_all_dags_run']) retrieved from /opt/airflow/dags/tocheckStime.py
[2023-06-07T07:08:22.244+0000] {logging_mixin.py:137} INFO - [2023-06-07T07:08:22.244+0000] {dag.py:2676} INFO - Sync 1 DAGs
[2023-06-07T07:08:22.284+0000] {logging_mixin.py:137} INFO - [2023-06-07T07:08:22.283+0000] {dag.py:3427} INFO - Setting next_dagrun for check_all_dags_run to 2023-06-05T00:00:00+00:00, run_after=2023-06-06T00:00:00+00:00
[2023-06-07T07:08:22.314+0000] {processor.py:175} INFO - Processing /opt/airflow/dags/tocheckStime.py took 0.326 seconds
[2023-06-07T07:08:53.050+0000] {processor.py:153} INFO - Started process (PID=3754) to work on /opt/airflow/dags/tocheckStime.py
[2023-06-07T07:08:53.053+0000] {processor.py:743} INFO - Processing file /opt/airflow/dags/tocheckStime.py for tasks to queue
[2023-06-07T07:08:53.055+0000] {logging_mixin.py:137} INFO - [2023-06-07T07:08:53.055+0000] {dagbag.py:538} INFO - Filling up the DagBag from /opt/airflow/dags/tocheckStime.py
[2023-06-07T07:08:53.080+0000] {processor.py:753} INFO - DAG(s) dict_keys(['check_all_dags_run']) retrieved from /opt/airflow/dags/tocheckStime.py
[2023-06-07T07:08:53.124+0000] {logging_mixin.py:137} INFO - [2023-06-07T07:08:53.123+0000] {dag.py:2676} INFO - Sync 1 DAGs
[2023-06-07T07:08:53.157+0000] {logging_mixin.py:137} INFO - [2023-06-07T07:08:53.157+0000] {dag.py:3427} INFO - Setting next_dagrun for check_all_dags_run to 2023-06-05T00:00:00+00:00, run_after=2023-06-06T00:00:00+00:00
[2023-06-07T07:08:53.181+0000] {processor.py:175} INFO - Processing /opt/airflow/dags/tocheckStime.py took 0.135 seconds
[2023-06-07T08:51:23.043+0000] {processor.py:153} INFO - Started process (PID=3776) to work on /opt/airflow/dags/tocheckStime.py
[2023-06-07T08:51:23.045+0000] {processor.py:743} INFO - Processing file /opt/airflow/dags/tocheckStime.py for tasks to queue
[2023-06-07T08:51:23.046+0000] {logging_mixin.py:137} INFO - [2023-06-07T08:51:23.046+0000] {dagbag.py:538} INFO - Filling up the DagBag from /opt/airflow/dags/tocheckStime.py
[2023-06-07T08:51:23.072+0000] {processor.py:753} INFO - DAG(s) dict_keys(['check_all_dags_run']) retrieved from /opt/airflow/dags/tocheckStime.py
[2023-06-07T08:51:23.100+0000] {logging_mixin.py:137} INFO - [2023-06-07T08:51:23.099+0000] {dag.py:2676} INFO - Sync 1 DAGs
[2023-06-07T08:51:23.151+0000] {logging_mixin.py:137} INFO - [2023-06-07T08:51:23.151+0000] {dag.py:3427} INFO - Setting next_dagrun for check_all_dags_run to 2023-06-05T00:00:00+00:00, run_after=2023-06-06T00:00:00+00:00
[2023-06-07T08:51:23.187+0000] {processor.py:175} INFO - Processing /opt/airflow/dags/tocheckStime.py took 0.151 seconds
[2023-06-07T08:51:54.369+0000] {processor.py:153} INFO - Started process (PID=3805) to work on /opt/airflow/dags/tocheckStime.py
[2023-06-07T08:51:54.380+0000] {processor.py:743} INFO - Processing file /opt/airflow/dags/tocheckStime.py for tasks to queue
[2023-06-07T08:51:54.397+0000] {logging_mixin.py:137} INFO - [2023-06-07T08:51:54.396+0000] {dagbag.py:538} INFO - Filling up the DagBag from /opt/airflow/dags/tocheckStime.py
[2023-06-07T08:51:54.489+0000] {processor.py:753} INFO - DAG(s) dict_keys(['check_all_dags_run']) retrieved from /opt/airflow/dags/tocheckStime.py
[2023-06-07T08:51:54.986+0000] {logging_mixin.py:137} INFO - [2023-06-07T08:51:54.985+0000] {dag.py:2676} INFO - Sync 1 DAGs
[2023-06-07T08:51:55.141+0000] {logging_mixin.py:137} INFO - [2023-06-07T08:51:55.140+0000] {dag.py:3427} INFO - Setting next_dagrun for check_all_dags_run to 2023-06-05T00:00:00+00:00, run_after=2023-06-06T00:00:00+00:00
[2023-06-07T08:51:55.259+0000] {processor.py:175} INFO - Processing /opt/airflow/dags/tocheckStime.py took 0.914 seconds
[2023-06-07T08:56:00.403+0000] {processor.py:153} INFO - Started process (PID=3827) to work on /opt/airflow/dags/tocheckStime.py
[2023-06-07T08:56:00.407+0000] {processor.py:743} INFO - Processing file /opt/airflow/dags/tocheckStime.py for tasks to queue
[2023-06-07T08:56:00.409+0000] {logging_mixin.py:137} INFO - [2023-06-07T08:56:00.409+0000] {dagbag.py:538} INFO - Filling up the DagBag from /opt/airflow/dags/tocheckStime.py
[2023-06-07T08:56:00.429+0000] {processor.py:753} INFO - DAG(s) dict_keys(['check_all_dags_run']) retrieved from /opt/airflow/dags/tocheckStime.py
[2023-06-07T08:56:00.455+0000] {logging_mixin.py:137} INFO - [2023-06-07T08:56:00.455+0000] {dag.py:2676} INFO - Sync 1 DAGs
[2023-06-07T08:56:00.498+0000] {logging_mixin.py:137} INFO - [2023-06-07T08:56:00.498+0000] {dag.py:3427} INFO - Setting next_dagrun for check_all_dags_run to 2023-06-05T00:00:00+00:00, run_after=2023-06-06T00:00:00+00:00
[2023-06-07T08:56:00.530+0000] {processor.py:175} INFO - Processing /opt/airflow/dags/tocheckStime.py took 0.134 seconds
[2023-06-07T09:34:59.836+0000] {processor.py:153} INFO - Started process (PID=3860) to work on /opt/airflow/dags/tocheckStime.py
[2023-06-07T09:34:59.844+0000] {processor.py:743} INFO - Processing file /opt/airflow/dags/tocheckStime.py for tasks to queue
[2023-06-07T09:34:59.853+0000] {logging_mixin.py:137} INFO - [2023-06-07T09:34:59.852+0000] {dagbag.py:538} INFO - Filling up the DagBag from /opt/airflow/dags/tocheckStime.py
[2023-06-07T09:34:59.892+0000] {processor.py:753} INFO - DAG(s) dict_keys(['check_all_dags_run']) retrieved from /opt/airflow/dags/tocheckStime.py
[2023-06-07T09:35:00.089+0000] {logging_mixin.py:137} INFO - [2023-06-07T09:35:00.088+0000] {dag.py:2676} INFO - Sync 1 DAGs
[2023-06-07T09:35:00.258+0000] {logging_mixin.py:137} INFO - [2023-06-07T09:35:00.258+0000] {dag.py:3427} INFO - Setting next_dagrun for check_all_dags_run to 2023-06-05T00:00:00+00:00, run_after=2023-06-06T00:00:00+00:00
[2023-06-07T09:35:00.333+0000] {processor.py:175} INFO - Processing /opt/airflow/dags/tocheckStime.py took 0.507 seconds
[2023-06-07T09:35:31.099+0000] {processor.py:153} INFO - Started process (PID=3904) to work on /opt/airflow/dags/tocheckStime.py
[2023-06-07T09:35:31.103+0000] {processor.py:743} INFO - Processing file /opt/airflow/dags/tocheckStime.py for tasks to queue
[2023-06-07T09:35:31.107+0000] {logging_mixin.py:137} INFO - [2023-06-07T09:35:31.107+0000] {dagbag.py:538} INFO - Filling up the DagBag from /opt/airflow/dags/tocheckStime.py
[2023-06-07T09:35:31.132+0000] {processor.py:753} INFO - DAG(s) dict_keys(['check_all_dags_run']) retrieved from /opt/airflow/dags/tocheckStime.py
[2023-06-07T09:35:31.187+0000] {logging_mixin.py:137} INFO - [2023-06-07T09:35:31.187+0000] {dag.py:2676} INFO - Sync 1 DAGs
[2023-06-07T09:35:31.239+0000] {logging_mixin.py:137} INFO - [2023-06-07T09:35:31.239+0000] {dag.py:3427} INFO - Setting next_dagrun for check_all_dags_run to 2023-06-05T00:00:00+00:00, run_after=2023-06-06T00:00:00+00:00
[2023-06-07T09:35:31.312+0000] {processor.py:175} INFO - Processing /opt/airflow/dags/tocheckStime.py took 0.220 seconds
[2023-06-07T09:36:01.573+0000] {processor.py:153} INFO - Started process (PID=3938) to work on /opt/airflow/dags/tocheckStime.py
[2023-06-07T09:36:01.576+0000] {processor.py:743} INFO - Processing file /opt/airflow/dags/tocheckStime.py for tasks to queue
[2023-06-07T09:36:01.577+0000] {logging_mixin.py:137} INFO - [2023-06-07T09:36:01.577+0000] {dagbag.py:538} INFO - Filling up the DagBag from /opt/airflow/dags/tocheckStime.py
[2023-06-07T09:36:01.593+0000] {processor.py:753} INFO - DAG(s) dict_keys(['check_all_dags_run']) retrieved from /opt/airflow/dags/tocheckStime.py
[2023-06-07T09:36:01.685+0000] {logging_mixin.py:137} INFO - [2023-06-07T09:36:01.685+0000] {dag.py:2676} INFO - Sync 1 DAGs
[2023-06-07T09:36:01.717+0000] {logging_mixin.py:137} INFO - [2023-06-07T09:36:01.717+0000] {dag.py:3427} INFO - Setting next_dagrun for check_all_dags_run to 2023-06-05T00:00:00+00:00, run_after=2023-06-06T00:00:00+00:00
[2023-06-07T09:36:01.744+0000] {processor.py:175} INFO - Processing /opt/airflow/dags/tocheckStime.py took 0.176 seconds
[2023-06-07T09:36:32.142+0000] {processor.py:153} INFO - Started process (PID=3982) to work on /opt/airflow/dags/tocheckStime.py
[2023-06-07T09:36:32.144+0000] {processor.py:743} INFO - Processing file /opt/airflow/dags/tocheckStime.py for tasks to queue
[2023-06-07T09:36:32.146+0000] {logging_mixin.py:137} INFO - [2023-06-07T09:36:32.146+0000] {dagbag.py:538} INFO - Filling up the DagBag from /opt/airflow/dags/tocheckStime.py
[2023-06-07T09:36:32.163+0000] {processor.py:753} INFO - DAG(s) dict_keys(['check_all_dags_run']) retrieved from /opt/airflow/dags/tocheckStime.py
[2023-06-07T09:36:32.254+0000] {logging_mixin.py:137} INFO - [2023-06-07T09:36:32.254+0000] {dag.py:2676} INFO - Sync 1 DAGs
[2023-06-07T09:36:32.286+0000] {logging_mixin.py:137} INFO - [2023-06-07T09:36:32.286+0000] {dag.py:3427} INFO - Setting next_dagrun for check_all_dags_run to 2023-06-05T00:00:00+00:00, run_after=2023-06-06T00:00:00+00:00
[2023-06-07T09:36:32.317+0000] {processor.py:175} INFO - Processing /opt/airflow/dags/tocheckStime.py took 0.180 seconds
[2023-06-07T09:37:02.468+0000] {processor.py:153} INFO - Started process (PID=4024) to work on /opt/airflow/dags/tocheckStime.py
[2023-06-07T09:37:02.471+0000] {processor.py:743} INFO - Processing file /opt/airflow/dags/tocheckStime.py for tasks to queue
[2023-06-07T09:37:02.472+0000] {logging_mixin.py:137} INFO - [2023-06-07T09:37:02.472+0000] {dagbag.py:538} INFO - Filling up the DagBag from /opt/airflow/dags/tocheckStime.py
[2023-06-07T09:37:02.487+0000] {processor.py:753} INFO - DAG(s) dict_keys(['check_all_dags_run']) retrieved from /opt/airflow/dags/tocheckStime.py
[2023-06-07T09:37:02.506+0000] {logging_mixin.py:137} INFO - [2023-06-07T09:37:02.506+0000] {dag.py:2676} INFO - Sync 1 DAGs
[2023-06-07T09:37:02.537+0000] {logging_mixin.py:137} INFO - [2023-06-07T09:37:02.536+0000] {dag.py:3427} INFO - Setting next_dagrun for check_all_dags_run to 2023-06-05T00:00:00+00:00, run_after=2023-06-06T00:00:00+00:00
[2023-06-07T09:37:02.556+0000] {processor.py:175} INFO - Processing /opt/airflow/dags/tocheckStime.py took 0.092 seconds
[2023-06-07T09:37:32.598+0000] {processor.py:153} INFO - Started process (PID=4059) to work on /opt/airflow/dags/tocheckStime.py
[2023-06-07T09:37:32.600+0000] {processor.py:743} INFO - Processing file /opt/airflow/dags/tocheckStime.py for tasks to queue
[2023-06-07T09:37:32.602+0000] {logging_mixin.py:137} INFO - [2023-06-07T09:37:32.602+0000] {dagbag.py:538} INFO - Filling up the DagBag from /opt/airflow/dags/tocheckStime.py
[2023-06-07T09:37:32.617+0000] {processor.py:753} INFO - DAG(s) dict_keys(['check_all_dags_run']) retrieved from /opt/airflow/dags/tocheckStime.py
[2023-06-07T09:37:32.692+0000] {logging_mixin.py:137} INFO - [2023-06-07T09:37:32.692+0000] {dag.py:2676} INFO - Sync 1 DAGs
[2023-06-07T09:37:32.719+0000] {logging_mixin.py:137} INFO - [2023-06-07T09:37:32.719+0000] {dag.py:3427} INFO - Setting next_dagrun for check_all_dags_run to 2023-06-05T00:00:00+00:00, run_after=2023-06-06T00:00:00+00:00
[2023-06-07T09:37:32.742+0000] {processor.py:175} INFO - Processing /opt/airflow/dags/tocheckStime.py took 0.149 seconds
[2023-06-07T09:38:03.467+0000] {processor.py:153} INFO - Started process (PID=4108) to work on /opt/airflow/dags/tocheckStime.py
[2023-06-07T09:38:03.469+0000] {processor.py:743} INFO - Processing file /opt/airflow/dags/tocheckStime.py for tasks to queue
[2023-06-07T09:38:03.471+0000] {logging_mixin.py:137} INFO - [2023-06-07T09:38:03.471+0000] {dagbag.py:538} INFO - Filling up the DagBag from /opt/airflow/dags/tocheckStime.py
[2023-06-07T09:38:03.484+0000] {processor.py:753} INFO - DAG(s) dict_keys(['check_all_dags_run']) retrieved from /opt/airflow/dags/tocheckStime.py
[2023-06-07T09:38:03.501+0000] {logging_mixin.py:137} INFO - [2023-06-07T09:38:03.501+0000] {dag.py:2676} INFO - Sync 1 DAGs
[2023-06-07T09:38:03.532+0000] {logging_mixin.py:137} INFO - [2023-06-07T09:38:03.532+0000] {dag.py:3427} INFO - Setting next_dagrun for check_all_dags_run to 2023-06-05T00:00:00+00:00, run_after=2023-06-06T00:00:00+00:00
[2023-06-07T09:38:03.553+0000] {processor.py:175} INFO - Processing /opt/airflow/dags/tocheckStime.py took 0.092 seconds
[2023-06-07T09:38:34.061+0000] {processor.py:153} INFO - Started process (PID=4142) to work on /opt/airflow/dags/tocheckStime.py
[2023-06-07T09:38:34.064+0000] {processor.py:743} INFO - Processing file /opt/airflow/dags/tocheckStime.py for tasks to queue
[2023-06-07T09:38:34.066+0000] {logging_mixin.py:137} INFO - [2023-06-07T09:38:34.066+0000] {dagbag.py:538} INFO - Filling up the DagBag from /opt/airflow/dags/tocheckStime.py
[2023-06-07T09:38:34.085+0000] {processor.py:753} INFO - DAG(s) dict_keys(['check_all_dags_run']) retrieved from /opt/airflow/dags/tocheckStime.py
[2023-06-07T09:38:34.196+0000] {logging_mixin.py:137} INFO - [2023-06-07T09:38:34.196+0000] {dag.py:2676} INFO - Sync 1 DAGs
[2023-06-07T09:38:34.231+0000] {logging_mixin.py:137} INFO - [2023-06-07T09:38:34.231+0000] {dag.py:3427} INFO - Setting next_dagrun for check_all_dags_run to 2023-06-05T00:00:00+00:00, run_after=2023-06-06T00:00:00+00:00
[2023-06-07T09:38:34.270+0000] {processor.py:175} INFO - Processing /opt/airflow/dags/tocheckStime.py took 0.213 seconds
[2023-06-07T09:39:04.728+0000] {processor.py:153} INFO - Started process (PID=4191) to work on /opt/airflow/dags/tocheckStime.py
[2023-06-07T09:39:04.731+0000] {processor.py:743} INFO - Processing file /opt/airflow/dags/tocheckStime.py for tasks to queue
[2023-06-07T09:39:04.732+0000] {logging_mixin.py:137} INFO - [2023-06-07T09:39:04.732+0000] {dagbag.py:538} INFO - Filling up the DagBag from /opt/airflow/dags/tocheckStime.py
[2023-06-07T09:39:04.748+0000] {processor.py:753} INFO - DAG(s) dict_keys(['check_all_dags_run']) retrieved from /opt/airflow/dags/tocheckStime.py
[2023-06-07T09:39:04.834+0000] {logging_mixin.py:137} INFO - [2023-06-07T09:39:04.833+0000] {dag.py:2676} INFO - Sync 1 DAGs
[2023-06-07T09:39:04.867+0000] {logging_mixin.py:137} INFO - [2023-06-07T09:39:04.867+0000] {dag.py:3427} INFO - Setting next_dagrun for check_all_dags_run to 2023-06-05T00:00:00+00:00, run_after=2023-06-06T00:00:00+00:00
[2023-06-07T09:39:04.893+0000] {processor.py:175} INFO - Processing /opt/airflow/dags/tocheckStime.py took 0.170 seconds
[2023-06-07T09:48:26.508+0000] {processor.py:153} INFO - Started process (PID=48) to work on /opt/airflow/dags/tocheckStime.py
[2023-06-07T09:48:26.513+0000] {processor.py:743} INFO - Processing file /opt/airflow/dags/tocheckStime.py for tasks to queue
[2023-06-07T09:48:26.517+0000] {logging_mixin.py:137} INFO - [2023-06-07T09:48:26.517+0000] {dagbag.py:538} INFO - Filling up the DagBag from /opt/airflow/dags/tocheckStime.py
[2023-06-07T09:48:26.643+0000] {processor.py:753} INFO - DAG(s) dict_keys(['check_all_dags_run']) retrieved from /opt/airflow/dags/tocheckStime.py
[2023-06-07T09:48:26.695+0000] {logging_mixin.py:137} INFO - [2023-06-07T09:48:26.694+0000] {dag.py:2676} INFO - Sync 1 DAGs
[2023-06-07T09:48:26.751+0000] {logging_mixin.py:137} INFO - [2023-06-07T09:48:26.751+0000] {dag.py:3427} INFO - Setting next_dagrun for check_all_dags_run to 2023-06-05T00:00:00+00:00, run_after=2023-06-06T00:00:00+00:00
[2023-06-07T09:48:26.825+0000] {processor.py:175} INFO - Processing /opt/airflow/dags/tocheckStime.py took 0.328 seconds
[2023-06-07T09:48:56.910+0000] {processor.py:153} INFO - Started process (PID=87) to work on /opt/airflow/dags/tocheckStime.py
[2023-06-07T09:48:56.913+0000] {processor.py:743} INFO - Processing file /opt/airflow/dags/tocheckStime.py for tasks to queue
[2023-06-07T09:48:56.916+0000] {logging_mixin.py:137} INFO - [2023-06-07T09:48:56.915+0000] {dagbag.py:538} INFO - Filling up the DagBag from /opt/airflow/dags/tocheckStime.py
[2023-06-07T09:48:56.942+0000] {processor.py:753} INFO - DAG(s) dict_keys(['check_all_dags_run']) retrieved from /opt/airflow/dags/tocheckStime.py
[2023-06-07T09:48:57.027+0000] {logging_mixin.py:137} INFO - [2023-06-07T09:48:57.027+0000] {dag.py:2676} INFO - Sync 1 DAGs
[2023-06-07T09:48:57.056+0000] {logging_mixin.py:137} INFO - [2023-06-07T09:48:57.056+0000] {dag.py:3427} INFO - Setting next_dagrun for check_all_dags_run to 2023-06-05T00:00:00+00:00, run_after=2023-06-06T00:00:00+00:00
[2023-06-07T09:48:57.078+0000] {processor.py:175} INFO - Processing /opt/airflow/dags/tocheckStime.py took 0.173 seconds
[2023-06-07T09:49:27.461+0000] {processor.py:153} INFO - Started process (PID=122) to work on /opt/airflow/dags/tocheckStime.py
[2023-06-07T09:49:27.464+0000] {processor.py:743} INFO - Processing file /opt/airflow/dags/tocheckStime.py for tasks to queue
[2023-06-07T09:49:27.466+0000] {logging_mixin.py:137} INFO - [2023-06-07T09:49:27.466+0000] {dagbag.py:538} INFO - Filling up the DagBag from /opt/airflow/dags/tocheckStime.py
[2023-06-07T09:49:27.493+0000] {processor.py:753} INFO - DAG(s) dict_keys(['check_all_dags_run']) retrieved from /opt/airflow/dags/tocheckStime.py
[2023-06-07T09:49:27.539+0000] {logging_mixin.py:137} INFO - [2023-06-07T09:49:27.539+0000] {dag.py:2676} INFO - Sync 1 DAGs
[2023-06-07T09:49:27.574+0000] {logging_mixin.py:137} INFO - [2023-06-07T09:49:27.574+0000] {dag.py:3427} INFO - Setting next_dagrun for check_all_dags_run to 2023-06-05T00:00:00+00:00, run_after=2023-06-06T00:00:00+00:00
[2023-06-07T09:49:27.598+0000] {processor.py:175} INFO - Processing /opt/airflow/dags/tocheckStime.py took 0.141 seconds
[2023-06-07T09:49:57.837+0000] {processor.py:153} INFO - Started process (PID=165) to work on /opt/airflow/dags/tocheckStime.py
[2023-06-07T09:49:57.839+0000] {processor.py:743} INFO - Processing file /opt/airflow/dags/tocheckStime.py for tasks to queue
[2023-06-07T09:49:57.841+0000] {logging_mixin.py:137} INFO - [2023-06-07T09:49:57.841+0000] {dagbag.py:538} INFO - Filling up the DagBag from /opt/airflow/dags/tocheckStime.py
[2023-06-07T09:49:57.867+0000] {processor.py:753} INFO - DAG(s) dict_keys(['check_all_dags_run']) retrieved from /opt/airflow/dags/tocheckStime.py
[2023-06-07T09:49:57.966+0000] {logging_mixin.py:137} INFO - [2023-06-07T09:49:57.966+0000] {dag.py:2676} INFO - Sync 1 DAGs
[2023-06-07T09:49:58.003+0000] {logging_mixin.py:137} INFO - [2023-06-07T09:49:58.003+0000] {dag.py:3427} INFO - Setting next_dagrun for check_all_dags_run to 2023-06-05T00:00:00+00:00, run_after=2023-06-06T00:00:00+00:00
[2023-06-07T09:49:58.028+0000] {processor.py:175} INFO - Processing /opt/airflow/dags/tocheckStime.py took 0.197 seconds
[2023-06-07T09:50:29.110+0000] {processor.py:153} INFO - Started process (PID=205) to work on /opt/airflow/dags/tocheckStime.py
[2023-06-07T09:50:29.113+0000] {processor.py:743} INFO - Processing file /opt/airflow/dags/tocheckStime.py for tasks to queue
[2023-06-07T09:50:29.115+0000] {logging_mixin.py:137} INFO - [2023-06-07T09:50:29.115+0000] {dagbag.py:538} INFO - Filling up the DagBag from /opt/airflow/dags/tocheckStime.py
[2023-06-07T09:50:29.138+0000] {processor.py:753} INFO - DAG(s) dict_keys(['check_all_dags_run']) retrieved from /opt/airflow/dags/tocheckStime.py
[2023-06-07T09:50:29.168+0000] {logging_mixin.py:137} INFO - [2023-06-07T09:50:29.168+0000] {dag.py:2676} INFO - Sync 1 DAGs
[2023-06-07T09:50:29.200+0000] {logging_mixin.py:137} INFO - [2023-06-07T09:50:29.200+0000] {dag.py:3427} INFO - Setting next_dagrun for check_all_dags_run to 2023-06-05T00:00:00+00:00, run_after=2023-06-06T00:00:00+00:00
[2023-06-07T09:50:29.223+0000] {processor.py:175} INFO - Processing /opt/airflow/dags/tocheckStime.py took 0.118 seconds
[2023-06-07T09:50:59.630+0000] {processor.py:153} INFO - Started process (PID=239) to work on /opt/airflow/dags/tocheckStime.py
[2023-06-07T09:50:59.633+0000] {processor.py:743} INFO - Processing file /opt/airflow/dags/tocheckStime.py for tasks to queue
[2023-06-07T09:50:59.636+0000] {logging_mixin.py:137} INFO - [2023-06-07T09:50:59.636+0000] {dagbag.py:538} INFO - Filling up the DagBag from /opt/airflow/dags/tocheckStime.py
[2023-06-07T09:50:59.692+0000] {processor.py:753} INFO - DAG(s) dict_keys(['check_all_dags_run']) retrieved from /opt/airflow/dags/tocheckStime.py
[2023-06-07T09:50:59.908+0000] {logging_mixin.py:137} INFO - [2023-06-07T09:50:59.907+0000] {dag.py:2676} INFO - Sync 1 DAGs
[2023-06-07T09:50:59.995+0000] {logging_mixin.py:137} INFO - [2023-06-07T09:50:59.995+0000] {dag.py:3427} INFO - Setting next_dagrun for check_all_dags_run to 2023-06-05T00:00:00+00:00, run_after=2023-06-06T00:00:00+00:00
[2023-06-07T09:51:00.058+0000] {processor.py:175} INFO - Processing /opt/airflow/dags/tocheckStime.py took 0.434 seconds
[2023-06-07T09:51:30.241+0000] {processor.py:153} INFO - Started process (PID=287) to work on /opt/airflow/dags/tocheckStime.py
[2023-06-07T09:51:30.243+0000] {processor.py:743} INFO - Processing file /opt/airflow/dags/tocheckStime.py for tasks to queue
[2023-06-07T09:51:30.245+0000] {logging_mixin.py:137} INFO - [2023-06-07T09:51:30.244+0000] {dagbag.py:538} INFO - Filling up the DagBag from /opt/airflow/dags/tocheckStime.py
[2023-06-07T09:51:30.266+0000] {processor.py:753} INFO - DAG(s) dict_keys(['check_all_dags_run']) retrieved from /opt/airflow/dags/tocheckStime.py
[2023-06-07T09:51:30.306+0000] {logging_mixin.py:137} INFO - [2023-06-07T09:51:30.306+0000] {dag.py:2676} INFO - Sync 1 DAGs
[2023-06-07T09:51:30.354+0000] {logging_mixin.py:137} INFO - [2023-06-07T09:51:30.353+0000] {dag.py:3427} INFO - Setting next_dagrun for check_all_dags_run to 2023-06-05T00:00:00+00:00, run_after=2023-06-06T00:00:00+00:00
[2023-06-07T09:51:30.382+0000] {processor.py:175} INFO - Processing /opt/airflow/dags/tocheckStime.py took 0.145 seconds
[2023-06-07T09:52:01.277+0000] {processor.py:153} INFO - Started process (PID=322) to work on /opt/airflow/dags/tocheckStime.py
[2023-06-07T09:52:01.280+0000] {processor.py:743} INFO - Processing file /opt/airflow/dags/tocheckStime.py for tasks to queue
[2023-06-07T09:52:01.282+0000] {logging_mixin.py:137} INFO - [2023-06-07T09:52:01.282+0000] {dagbag.py:538} INFO - Filling up the DagBag from /opt/airflow/dags/tocheckStime.py
[2023-06-07T09:52:01.310+0000] {processor.py:753} INFO - DAG(s) dict_keys(['check_all_dags_run']) retrieved from /opt/airflow/dags/tocheckStime.py
[2023-06-07T09:52:01.398+0000] {logging_mixin.py:137} INFO - [2023-06-07T09:52:01.398+0000] {dag.py:2676} INFO - Sync 1 DAGs
[2023-06-07T09:52:01.425+0000] {logging_mixin.py:137} INFO - [2023-06-07T09:52:01.424+0000] {dag.py:3427} INFO - Setting next_dagrun for check_all_dags_run to 2023-06-05T00:00:00+00:00, run_after=2023-06-06T00:00:00+00:00
[2023-06-07T09:52:01.444+0000] {processor.py:175} INFO - Processing /opt/airflow/dags/tocheckStime.py took 0.172 seconds
[2023-06-07T09:52:31.534+0000] {processor.py:153} INFO - Started process (PID=366) to work on /opt/airflow/dags/tocheckStime.py
[2023-06-07T09:52:31.536+0000] {processor.py:743} INFO - Processing file /opt/airflow/dags/tocheckStime.py for tasks to queue
[2023-06-07T09:52:31.538+0000] {logging_mixin.py:137} INFO - [2023-06-07T09:52:31.537+0000] {dagbag.py:538} INFO - Filling up the DagBag from /opt/airflow/dags/tocheckStime.py
[2023-06-07T09:52:31.560+0000] {processor.py:753} INFO - DAG(s) dict_keys(['check_all_dags_run']) retrieved from /opt/airflow/dags/tocheckStime.py
[2023-06-07T09:52:31.660+0000] {logging_mixin.py:137} INFO - [2023-06-07T09:52:31.660+0000] {dag.py:2676} INFO - Sync 1 DAGs
[2023-06-07T09:52:31.697+0000] {logging_mixin.py:137} INFO - [2023-06-07T09:52:31.696+0000] {dag.py:3427} INFO - Setting next_dagrun for check_all_dags_run to 2023-06-05T00:00:00+00:00, run_after=2023-06-06T00:00:00+00:00
[2023-06-07T09:52:31.723+0000] {processor.py:175} INFO - Processing /opt/airflow/dags/tocheckStime.py took 0.194 seconds
[2023-06-07T09:53:02.197+0000] {processor.py:153} INFO - Started process (PID=406) to work on /opt/airflow/dags/tocheckStime.py
[2023-06-07T09:53:02.199+0000] {processor.py:743} INFO - Processing file /opt/airflow/dags/tocheckStime.py for tasks to queue
[2023-06-07T09:53:02.201+0000] {logging_mixin.py:137} INFO - [2023-06-07T09:53:02.201+0000] {dagbag.py:538} INFO - Filling up the DagBag from /opt/airflow/dags/tocheckStime.py
[2023-06-07T09:53:02.223+0000] {processor.py:753} INFO - DAG(s) dict_keys(['check_all_dags_run']) retrieved from /opt/airflow/dags/tocheckStime.py
[2023-06-07T09:53:02.264+0000] {logging_mixin.py:137} INFO - [2023-06-07T09:53:02.264+0000] {dag.py:2676} INFO - Sync 1 DAGs
[2023-06-07T09:53:02.296+0000] {logging_mixin.py:137} INFO - [2023-06-07T09:53:02.296+0000] {dag.py:3427} INFO - Setting next_dagrun for check_all_dags_run to 2023-06-05T00:00:00+00:00, run_after=2023-06-06T00:00:00+00:00
[2023-06-07T09:53:02.316+0000] {processor.py:175} INFO - Processing /opt/airflow/dags/tocheckStime.py took 0.123 seconds
[2023-06-07T09:53:32.937+0000] {processor.py:153} INFO - Started process (PID=441) to work on /opt/airflow/dags/tocheckStime.py
[2023-06-07T09:53:32.939+0000] {processor.py:743} INFO - Processing file /opt/airflow/dags/tocheckStime.py for tasks to queue
[2023-06-07T09:53:32.941+0000] {logging_mixin.py:137} INFO - [2023-06-07T09:53:32.941+0000] {dagbag.py:538} INFO - Filling up the DagBag from /opt/airflow/dags/tocheckStime.py
[2023-06-07T09:53:32.967+0000] {processor.py:753} INFO - DAG(s) dict_keys(['check_all_dags_run']) retrieved from /opt/airflow/dags/tocheckStime.py
[2023-06-07T09:53:33.058+0000] {logging_mixin.py:137} INFO - [2023-06-07T09:53:33.057+0000] {dag.py:2676} INFO - Sync 1 DAGs
[2023-06-07T09:53:33.096+0000] {logging_mixin.py:137} INFO - [2023-06-07T09:53:33.096+0000] {dag.py:3427} INFO - Setting next_dagrun for check_all_dags_run to 2023-06-05T00:00:00+00:00, run_after=2023-06-06T00:00:00+00:00
[2023-06-07T09:53:33.126+0000] {processor.py:175} INFO - Processing /opt/airflow/dags/tocheckStime.py took 0.193 seconds
[2023-06-07T09:54:03.713+0000] {processor.py:153} INFO - Started process (PID=490) to work on /opt/airflow/dags/tocheckStime.py
[2023-06-07T09:54:03.716+0000] {processor.py:743} INFO - Processing file /opt/airflow/dags/tocheckStime.py for tasks to queue
[2023-06-07T09:54:03.718+0000] {logging_mixin.py:137} INFO - [2023-06-07T09:54:03.717+0000] {dagbag.py:538} INFO - Filling up the DagBag from /opt/airflow/dags/tocheckStime.py
[2023-06-07T09:54:03.748+0000] {processor.py:753} INFO - DAG(s) dict_keys(['check_all_dags_run']) retrieved from /opt/airflow/dags/tocheckStime.py
[2023-06-07T09:54:03.795+0000] {logging_mixin.py:137} INFO - [2023-06-07T09:54:03.794+0000] {dag.py:2676} INFO - Sync 1 DAGs
[2023-06-07T09:54:03.826+0000] {logging_mixin.py:137} INFO - [2023-06-07T09:54:03.826+0000] {dag.py:3427} INFO - Setting next_dagrun for check_all_dags_run to 2023-06-05T00:00:00+00:00, run_after=2023-06-06T00:00:00+00:00
[2023-06-07T09:54:03.849+0000] {processor.py:175} INFO - Processing /opt/airflow/dags/tocheckStime.py took 0.142 seconds
[2023-06-07T09:54:34.385+0000] {processor.py:153} INFO - Started process (PID=525) to work on /opt/airflow/dags/tocheckStime.py
[2023-06-07T09:54:34.387+0000] {processor.py:743} INFO - Processing file /opt/airflow/dags/tocheckStime.py for tasks to queue
[2023-06-07T09:54:34.389+0000] {logging_mixin.py:137} INFO - [2023-06-07T09:54:34.389+0000] {dagbag.py:538} INFO - Filling up the DagBag from /opt/airflow/dags/tocheckStime.py
[2023-06-07T09:54:34.419+0000] {processor.py:753} INFO - DAG(s) dict_keys(['check_all_dags_run']) retrieved from /opt/airflow/dags/tocheckStime.py
[2023-06-07T09:54:34.537+0000] {logging_mixin.py:137} INFO - [2023-06-07T09:54:34.537+0000] {dag.py:2676} INFO - Sync 1 DAGs
[2023-06-07T09:54:34.585+0000] {logging_mixin.py:137} INFO - [2023-06-07T09:54:34.585+0000] {dag.py:3427} INFO - Setting next_dagrun for check_all_dags_run to 2023-06-05T00:00:00+00:00, run_after=2023-06-06T00:00:00+00:00
[2023-06-07T09:54:34.611+0000] {processor.py:175} INFO - Processing /opt/airflow/dags/tocheckStime.py took 0.232 seconds
[2023-06-07T09:55:05.156+0000] {processor.py:153} INFO - Started process (PID=574) to work on /opt/airflow/dags/tocheckStime.py
[2023-06-07T09:55:05.159+0000] {processor.py:743} INFO - Processing file /opt/airflow/dags/tocheckStime.py for tasks to queue
[2023-06-07T09:55:05.161+0000] {logging_mixin.py:137} INFO - [2023-06-07T09:55:05.161+0000] {dagbag.py:538} INFO - Filling up the DagBag from /opt/airflow/dags/tocheckStime.py
[2023-06-07T09:55:05.189+0000] {processor.py:753} INFO - DAG(s) dict_keys(['check_all_dags_run']) retrieved from /opt/airflow/dags/tocheckStime.py
[2023-06-07T09:55:05.235+0000] {logging_mixin.py:137} INFO - [2023-06-07T09:55:05.235+0000] {dag.py:2676} INFO - Sync 1 DAGs
[2023-06-07T09:55:05.268+0000] {logging_mixin.py:137} INFO - [2023-06-07T09:55:05.268+0000] {dag.py:3427} INFO - Setting next_dagrun for check_all_dags_run to 2023-06-05T00:00:00+00:00, run_after=2023-06-06T00:00:00+00:00
[2023-06-07T09:55:05.287+0000] {processor.py:175} INFO - Processing /opt/airflow/dags/tocheckStime.py took 0.137 seconds
[2023-06-07T09:55:35.761+0000] {processor.py:153} INFO - Started process (PID=610) to work on /opt/airflow/dags/tocheckStime.py
[2023-06-07T09:55:35.765+0000] {processor.py:743} INFO - Processing file /opt/airflow/dags/tocheckStime.py for tasks to queue
[2023-06-07T09:55:35.766+0000] {logging_mixin.py:137} INFO - [2023-06-07T09:55:35.766+0000] {dagbag.py:538} INFO - Filling up the DagBag from /opt/airflow/dags/tocheckStime.py
[2023-06-07T09:55:35.791+0000] {processor.py:753} INFO - DAG(s) dict_keys(['check_all_dags_run']) retrieved from /opt/airflow/dags/tocheckStime.py
[2023-06-07T09:55:35.906+0000] {logging_mixin.py:137} INFO - [2023-06-07T09:55:35.905+0000] {dag.py:2676} INFO - Sync 1 DAGs
[2023-06-07T09:55:35.945+0000] {logging_mixin.py:137} INFO - [2023-06-07T09:55:35.945+0000] {dag.py:3427} INFO - Setting next_dagrun for check_all_dags_run to 2023-06-05T00:00:00+00:00, run_after=2023-06-06T00:00:00+00:00
[2023-06-07T09:55:35.976+0000] {processor.py:175} INFO - Processing /opt/airflow/dags/tocheckStime.py took 0.220 seconds
[2023-06-07T09:56:06.428+0000] {processor.py:153} INFO - Started process (PID=659) to work on /opt/airflow/dags/tocheckStime.py
[2023-06-07T09:56:06.430+0000] {processor.py:743} INFO - Processing file /opt/airflow/dags/tocheckStime.py for tasks to queue
[2023-06-07T09:56:06.431+0000] {logging_mixin.py:137} INFO - [2023-06-07T09:56:06.431+0000] {dagbag.py:538} INFO - Filling up the DagBag from /opt/airflow/dags/tocheckStime.py
[2023-06-07T09:56:06.460+0000] {processor.py:753} INFO - DAG(s) dict_keys(['check_all_dags_run']) retrieved from /opt/airflow/dags/tocheckStime.py
[2023-06-07T09:56:06.510+0000] {logging_mixin.py:137} INFO - [2023-06-07T09:56:06.510+0000] {dag.py:2676} INFO - Sync 1 DAGs
[2023-06-07T09:56:06.541+0000] {logging_mixin.py:137} INFO - [2023-06-07T09:56:06.541+0000] {dag.py:3427} INFO - Setting next_dagrun for check_all_dags_run to 2023-06-05T00:00:00+00:00, run_after=2023-06-06T00:00:00+00:00
[2023-06-07T09:56:06.562+0000] {processor.py:175} INFO - Processing /opt/airflow/dags/tocheckStime.py took 0.138 seconds
[2023-06-07T09:56:36.933+0000] {processor.py:153} INFO - Started process (PID=693) to work on /opt/airflow/dags/tocheckStime.py
[2023-06-07T09:56:36.935+0000] {processor.py:743} INFO - Processing file /opt/airflow/dags/tocheckStime.py for tasks to queue
[2023-06-07T09:56:36.937+0000] {logging_mixin.py:137} INFO - [2023-06-07T09:56:36.937+0000] {dagbag.py:538} INFO - Filling up the DagBag from /opt/airflow/dags/tocheckStime.py
[2023-06-07T09:56:36.964+0000] {processor.py:753} INFO - DAG(s) dict_keys(['check_all_dags_run']) retrieved from /opt/airflow/dags/tocheckStime.py
[2023-06-07T09:56:37.075+0000] {logging_mixin.py:137} INFO - [2023-06-07T09:56:37.075+0000] {dag.py:2676} INFO - Sync 1 DAGs
[2023-06-07T09:56:37.119+0000] {logging_mixin.py:137} INFO - [2023-06-07T09:56:37.119+0000] {dag.py:3427} INFO - Setting next_dagrun for check_all_dags_run to 2023-06-05T00:00:00+00:00, run_after=2023-06-06T00:00:00+00:00
[2023-06-07T09:56:37.150+0000] {processor.py:175} INFO - Processing /opt/airflow/dags/tocheckStime.py took 0.223 seconds
[2023-06-07T09:57:07.666+0000] {processor.py:153} INFO - Started process (PID=742) to work on /opt/airflow/dags/tocheckStime.py
[2023-06-07T09:57:07.669+0000] {processor.py:743} INFO - Processing file /opt/airflow/dags/tocheckStime.py for tasks to queue
[2023-06-07T09:57:07.671+0000] {logging_mixin.py:137} INFO - [2023-06-07T09:57:07.670+0000] {dagbag.py:538} INFO - Filling up the DagBag from /opt/airflow/dags/tocheckStime.py
[2023-06-07T09:57:07.698+0000] {processor.py:753} INFO - DAG(s) dict_keys(['check_all_dags_run']) retrieved from /opt/airflow/dags/tocheckStime.py
[2023-06-07T09:57:07.746+0000] {logging_mixin.py:137} INFO - [2023-06-07T09:57:07.745+0000] {dag.py:2676} INFO - Sync 1 DAGs
[2023-06-07T09:57:07.777+0000] {logging_mixin.py:137} INFO - [2023-06-07T09:57:07.777+0000] {dag.py:3427} INFO - Setting next_dagrun for check_all_dags_run to 2023-06-05T00:00:00+00:00, run_after=2023-06-06T00:00:00+00:00
[2023-06-07T09:57:07.797+0000] {processor.py:175} INFO - Processing /opt/airflow/dags/tocheckStime.py took 0.135 seconds
