[2023-06-07T06:26:09.358+0000] {processor.py:153} INFO - Started process (PID=54) to work on /opt/airflow/dags/tocheckrun.py
[2023-06-07T06:26:09.366+0000] {processor.py:743} INFO - Processing file /opt/airflow/dags/tocheckrun.py for tasks to queue
[2023-06-07T06:26:09.377+0000] {logging_mixin.py:137} INFO - [2023-06-07T06:26:09.373+0000] {dagbag.py:538} INFO - Filling up the DagBag from /opt/airflow/dags/tocheckrun.py
[2023-06-07T06:26:09.474+0000] {processor.py:753} INFO - DAG(s) dict_keys(['check_all_dags_run']) retrieved from /opt/airflow/dags/tocheckrun.py
[2023-06-07T06:26:09.552+0000] {logging_mixin.py:137} INFO - [2023-06-07T06:26:09.551+0000] {dag.py:2676} INFO - Sync 1 DAGs
[2023-06-07T06:26:09.629+0000] {logging_mixin.py:137} INFO - [2023-06-07T06:26:09.629+0000] {dag.py:3427} INFO - Setting next_dagrun for check_all_dags_run to 2023-06-05T00:00:00+00:00, run_after=2023-06-06T00:00:00+00:00
[2023-06-07T06:26:09.676+0000] {processor.py:175} INFO - Processing /opt/airflow/dags/tocheckrun.py took 0.340 seconds
[2023-06-07T06:26:39.890+0000] {processor.py:153} INFO - Started process (PID=88) to work on /opt/airflow/dags/tocheckrun.py
[2023-06-07T06:26:39.895+0000] {processor.py:743} INFO - Processing file /opt/airflow/dags/tocheckrun.py for tasks to queue
[2023-06-07T06:26:39.898+0000] {logging_mixin.py:137} INFO - [2023-06-07T06:26:39.898+0000] {dagbag.py:538} INFO - Filling up the DagBag from /opt/airflow/dags/tocheckrun.py
[2023-06-07T06:26:39.938+0000] {processor.py:753} INFO - DAG(s) dict_keys(['check_all_dags_run']) retrieved from /opt/airflow/dags/tocheckrun.py
[2023-06-07T06:26:40.069+0000] {logging_mixin.py:137} INFO - [2023-06-07T06:26:40.069+0000] {dag.py:2676} INFO - Sync 1 DAGs
[2023-06-07T06:26:40.144+0000] {logging_mixin.py:137} INFO - [2023-06-07T06:26:40.144+0000] {dag.py:3427} INFO - Setting next_dagrun for check_all_dags_run to 2023-06-05T00:00:00+00:00, run_after=2023-06-06T00:00:00+00:00
[2023-06-07T06:26:40.175+0000] {processor.py:175} INFO - Processing /opt/airflow/dags/tocheckrun.py took 0.294 seconds
[2023-06-07T06:27:10.793+0000] {processor.py:153} INFO - Started process (PID=123) to work on /opt/airflow/dags/tocheckrun.py
[2023-06-07T06:27:10.796+0000] {processor.py:743} INFO - Processing file /opt/airflow/dags/tocheckrun.py for tasks to queue
[2023-06-07T06:27:10.798+0000] {logging_mixin.py:137} INFO - [2023-06-07T06:27:10.798+0000] {dagbag.py:538} INFO - Filling up the DagBag from /opt/airflow/dags/tocheckrun.py
[2023-06-07T06:27:10.829+0000] {processor.py:753} INFO - DAG(s) dict_keys(['check_all_dags_run']) retrieved from /opt/airflow/dags/tocheckrun.py
[2023-06-07T06:27:10.899+0000] {logging_mixin.py:137} INFO - [2023-06-07T06:27:10.899+0000] {dag.py:2676} INFO - Sync 1 DAGs
[2023-06-07T06:27:10.950+0000] {logging_mixin.py:137} INFO - [2023-06-07T06:27:10.950+0000] {dag.py:3427} INFO - Setting next_dagrun for check_all_dags_run to 2023-06-05T00:00:00+00:00, run_after=2023-06-06T00:00:00+00:00
[2023-06-07T06:27:10.978+0000] {processor.py:175} INFO - Processing /opt/airflow/dags/tocheckrun.py took 0.192 seconds
[2023-06-07T06:27:41.319+0000] {processor.py:153} INFO - Started process (PID=158) to work on /opt/airflow/dags/tocheckrun.py
[2023-06-07T06:27:41.321+0000] {processor.py:743} INFO - Processing file /opt/airflow/dags/tocheckrun.py for tasks to queue
[2023-06-07T06:27:41.323+0000] {logging_mixin.py:137} INFO - [2023-06-07T06:27:41.322+0000] {dagbag.py:538} INFO - Filling up the DagBag from /opt/airflow/dags/tocheckrun.py
[2023-06-07T06:27:41.355+0000] {processor.py:753} INFO - DAG(s) dict_keys(['check_all_dags_run']) retrieved from /opt/airflow/dags/tocheckrun.py
[2023-06-07T06:27:41.400+0000] {logging_mixin.py:137} INFO - [2023-06-07T06:27:41.400+0000] {dag.py:2676} INFO - Sync 1 DAGs
[2023-06-07T06:27:41.454+0000] {logging_mixin.py:137} INFO - [2023-06-07T06:27:41.453+0000] {dag.py:3427} INFO - Setting next_dagrun for check_all_dags_run to 2023-06-05T00:00:00+00:00, run_after=2023-06-06T00:00:00+00:00
[2023-06-07T06:27:41.483+0000] {processor.py:175} INFO - Processing /opt/airflow/dags/tocheckrun.py took 0.169 seconds
[2023-06-07T06:28:11.624+0000] {processor.py:153} INFO - Started process (PID=192) to work on /opt/airflow/dags/tocheckrun.py
[2023-06-07T06:28:11.626+0000] {processor.py:743} INFO - Processing file /opt/airflow/dags/tocheckrun.py for tasks to queue
[2023-06-07T06:28:11.628+0000] {logging_mixin.py:137} INFO - [2023-06-07T06:28:11.628+0000] {dagbag.py:538} INFO - Filling up the DagBag from /opt/airflow/dags/tocheckrun.py
[2023-06-07T06:28:11.663+0000] {processor.py:753} INFO - DAG(s) dict_keys(['check_all_dags_run']) retrieved from /opt/airflow/dags/tocheckrun.py
[2023-06-07T06:28:11.704+0000] {logging_mixin.py:137} INFO - [2023-06-07T06:28:11.704+0000] {dag.py:2676} INFO - Sync 1 DAGs
[2023-06-07T06:28:11.746+0000] {logging_mixin.py:137} INFO - [2023-06-07T06:28:11.746+0000] {dag.py:3427} INFO - Setting next_dagrun for check_all_dags_run to 2023-06-05T00:00:00+00:00, run_after=2023-06-06T00:00:00+00:00
[2023-06-07T06:28:11.771+0000] {processor.py:175} INFO - Processing /opt/airflow/dags/tocheckrun.py took 0.152 seconds
[2023-06-07T06:28:42.126+0000] {processor.py:153} INFO - Started process (PID=241) to work on /opt/airflow/dags/tocheckrun.py
[2023-06-07T06:28:42.133+0000] {processor.py:743} INFO - Processing file /opt/airflow/dags/tocheckrun.py for tasks to queue
[2023-06-07T06:28:42.137+0000] {logging_mixin.py:137} INFO - [2023-06-07T06:28:42.137+0000] {dagbag.py:538} INFO - Filling up the DagBag from /opt/airflow/dags/tocheckrun.py
[2023-06-07T06:28:42.177+0000] {processor.py:753} INFO - DAG(s) dict_keys(['check_all_dags_run']) retrieved from /opt/airflow/dags/tocheckrun.py
[2023-06-07T06:28:42.247+0000] {logging_mixin.py:137} INFO - [2023-06-07T06:28:42.246+0000] {dag.py:2676} INFO - Sync 1 DAGs
[2023-06-07T06:28:42.323+0000] {logging_mixin.py:137} INFO - [2023-06-07T06:28:42.323+0000] {dag.py:3427} INFO - Setting next_dagrun for check_all_dags_run to 2023-06-05T00:00:00+00:00, run_after=2023-06-06T00:00:00+00:00
[2023-06-07T06:28:42.365+0000] {processor.py:175} INFO - Processing /opt/airflow/dags/tocheckrun.py took 0.244 seconds
[2023-06-07T06:29:12.902+0000] {processor.py:153} INFO - Started process (PID=275) to work on /opt/airflow/dags/tocheckrun.py
[2023-06-07T06:29:12.904+0000] {processor.py:743} INFO - Processing file /opt/airflow/dags/tocheckrun.py for tasks to queue
[2023-06-07T06:29:12.906+0000] {logging_mixin.py:137} INFO - [2023-06-07T06:29:12.906+0000] {dagbag.py:538} INFO - Filling up the DagBag from /opt/airflow/dags/tocheckrun.py
[2023-06-07T06:29:12.932+0000] {processor.py:753} INFO - DAG(s) dict_keys(['check_all_dags_run']) retrieved from /opt/airflow/dags/tocheckrun.py
[2023-06-07T06:29:13.030+0000] {logging_mixin.py:137} INFO - [2023-06-07T06:29:13.029+0000] {dag.py:2676} INFO - Sync 1 DAGs
[2023-06-07T06:29:13.084+0000] {logging_mixin.py:137} INFO - [2023-06-07T06:29:13.084+0000] {dag.py:3427} INFO - Setting next_dagrun for check_all_dags_run to 2023-06-05T00:00:00+00:00, run_after=2023-06-06T00:00:00+00:00
[2023-06-07T06:29:13.109+0000] {processor.py:175} INFO - Processing /opt/airflow/dags/tocheckrun.py took 0.213 seconds
[2023-06-07T06:29:44.089+0000] {processor.py:153} INFO - Started process (PID=310) to work on /opt/airflow/dags/tocheckrun.py
[2023-06-07T06:29:44.091+0000] {processor.py:743} INFO - Processing file /opt/airflow/dags/tocheckrun.py for tasks to queue
[2023-06-07T06:29:44.093+0000] {logging_mixin.py:137} INFO - [2023-06-07T06:29:44.093+0000] {dagbag.py:538} INFO - Filling up the DagBag from /opt/airflow/dags/tocheckrun.py
[2023-06-07T06:29:44.117+0000] {processor.py:753} INFO - DAG(s) dict_keys(['check_all_dags_run']) retrieved from /opt/airflow/dags/tocheckrun.py
[2023-06-07T06:29:44.148+0000] {logging_mixin.py:137} INFO - [2023-06-07T06:29:44.148+0000] {dag.py:2676} INFO - Sync 1 DAGs
[2023-06-07T06:29:44.182+0000] {logging_mixin.py:137} INFO - [2023-06-07T06:29:44.182+0000] {dag.py:3427} INFO - Setting next_dagrun for check_all_dags_run to 2023-06-05T00:00:00+00:00, run_after=2023-06-06T00:00:00+00:00
[2023-06-07T06:29:44.203+0000] {processor.py:175} INFO - Processing /opt/airflow/dags/tocheckrun.py took 0.119 seconds
[2023-06-07T06:30:14.888+0000] {processor.py:153} INFO - Started process (PID=352) to work on /opt/airflow/dags/tocheckrun.py
[2023-06-07T06:30:14.891+0000] {processor.py:743} INFO - Processing file /opt/airflow/dags/tocheckrun.py for tasks to queue
[2023-06-07T06:30:14.893+0000] {logging_mixin.py:137} INFO - [2023-06-07T06:30:14.893+0000] {dagbag.py:538} INFO - Filling up the DagBag from /opt/airflow/dags/tocheckrun.py
[2023-06-07T06:30:14.921+0000] {processor.py:753} INFO - DAG(s) dict_keys(['check_all_dags_run']) retrieved from /opt/airflow/dags/tocheckrun.py
[2023-06-07T06:30:14.959+0000] {logging_mixin.py:137} INFO - [2023-06-07T06:30:14.958+0000] {dag.py:2676} INFO - Sync 1 DAGs
[2023-06-07T06:30:15.000+0000] {logging_mixin.py:137} INFO - [2023-06-07T06:30:15.000+0000] {dag.py:3427} INFO - Setting next_dagrun for check_all_dags_run to 2023-06-05T00:00:00+00:00, run_after=2023-06-06T00:00:00+00:00
[2023-06-07T06:30:15.030+0000] {processor.py:175} INFO - Processing /opt/airflow/dags/tocheckrun.py took 0.147 seconds
[2023-06-07T06:30:45.506+0000] {processor.py:153} INFO - Started process (PID=407) to work on /opt/airflow/dags/tocheckrun.py
[2023-06-07T06:30:45.517+0000] {processor.py:743} INFO - Processing file /opt/airflow/dags/tocheckrun.py for tasks to queue
[2023-06-07T06:30:45.519+0000] {logging_mixin.py:137} INFO - [2023-06-07T06:30:45.519+0000] {dagbag.py:538} INFO - Filling up the DagBag from /opt/airflow/dags/tocheckrun.py
[2023-06-07T06:30:45.593+0000] {processor.py:753} INFO - DAG(s) dict_keys(['check_all_dags_run']) retrieved from /opt/airflow/dags/tocheckrun.py
[2023-06-07T06:30:45.679+0000] {logging_mixin.py:137} INFO - [2023-06-07T06:30:45.679+0000] {dag.py:2676} INFO - Sync 1 DAGs
[2023-06-07T06:30:45.744+0000] {logging_mixin.py:137} INFO - [2023-06-07T06:30:45.744+0000] {dag.py:3427} INFO - Setting next_dagrun for check_all_dags_run to 2023-06-05T00:00:00+00:00, run_after=2023-06-06T00:00:00+00:00
[2023-06-07T06:30:45.829+0000] {processor.py:175} INFO - Processing /opt/airflow/dags/tocheckrun.py took 0.331 seconds
[2023-06-07T06:31:16.118+0000] {processor.py:153} INFO - Started process (PID=528) to work on /opt/airflow/dags/tocheckrun.py
[2023-06-07T06:31:16.127+0000] {processor.py:743} INFO - Processing file /opt/airflow/dags/tocheckrun.py for tasks to queue
[2023-06-07T06:31:16.134+0000] {logging_mixin.py:137} INFO - [2023-06-07T06:31:16.134+0000] {dagbag.py:538} INFO - Filling up the DagBag from /opt/airflow/dags/tocheckrun.py
[2023-06-07T06:31:16.232+0000] {processor.py:753} INFO - DAG(s) dict_keys(['check_all_dags_run']) retrieved from /opt/airflow/dags/tocheckrun.py
[2023-06-07T06:31:16.571+0000] {logging_mixin.py:137} INFO - [2023-06-07T06:31:16.570+0000] {dag.py:2676} INFO - Sync 1 DAGs
[2023-06-07T06:31:16.716+0000] {logging_mixin.py:137} INFO - [2023-06-07T06:31:16.715+0000] {dag.py:3427} INFO - Setting next_dagrun for check_all_dags_run to 2023-06-05T00:00:00+00:00, run_after=2023-06-06T00:00:00+00:00
[2023-06-07T06:31:16.781+0000] {processor.py:175} INFO - Processing /opt/airflow/dags/tocheckrun.py took 0.687 seconds
[2023-06-07T06:31:49.994+0000] {processor.py:153} INFO - Started process (PID=716) to work on /opt/airflow/dags/tocheckrun.py
[2023-06-07T06:31:49.998+0000] {processor.py:743} INFO - Processing file /opt/airflow/dags/tocheckrun.py for tasks to queue
[2023-06-07T06:31:50.002+0000] {logging_mixin.py:137} INFO - [2023-06-07T06:31:50.002+0000] {dagbag.py:538} INFO - Filling up the DagBag from /opt/airflow/dags/tocheckrun.py
[2023-06-07T06:31:50.133+0000] {processor.py:753} INFO - DAG(s) dict_keys(['check_all_dags_run']) retrieved from /opt/airflow/dags/tocheckrun.py
[2023-06-07T06:31:50.314+0000] {logging_mixin.py:137} INFO - [2023-06-07T06:31:50.314+0000] {dag.py:2676} INFO - Sync 1 DAGs
[2023-06-07T06:31:50.614+0000] {logging_mixin.py:137} INFO - [2023-06-07T06:31:50.606+0000] {dag.py:3427} INFO - Setting next_dagrun for check_all_dags_run to 2023-06-05T00:00:00+00:00, run_after=2023-06-06T00:00:00+00:00
[2023-06-07T06:31:50.878+0000] {processor.py:175} INFO - Processing /opt/airflow/dags/tocheckrun.py took 0.902 seconds
[2023-06-07T06:32:21.542+0000] {processor.py:153} INFO - Started process (PID=880) to work on /opt/airflow/dags/tocheckrun.py
[2023-06-07T06:32:21.546+0000] {processor.py:743} INFO - Processing file /opt/airflow/dags/tocheckrun.py for tasks to queue
[2023-06-07T06:32:21.549+0000] {logging_mixin.py:137} INFO - [2023-06-07T06:32:21.549+0000] {dagbag.py:538} INFO - Filling up the DagBag from /opt/airflow/dags/tocheckrun.py
[2023-06-07T06:32:21.664+0000] {processor.py:753} INFO - DAG(s) dict_keys(['check_all_dags_run']) retrieved from /opt/airflow/dags/tocheckrun.py
[2023-06-07T06:32:21.786+0000] {logging_mixin.py:137} INFO - [2023-06-07T06:32:21.786+0000] {dag.py:2676} INFO - Sync 1 DAGs
[2023-06-07T06:32:21.872+0000] {logging_mixin.py:137} INFO - [2023-06-07T06:32:21.871+0000] {dag.py:3427} INFO - Setting next_dagrun for check_all_dags_run to 2023-06-05T00:00:00+00:00, run_after=2023-06-06T00:00:00+00:00
[2023-06-07T06:32:21.930+0000] {processor.py:175} INFO - Processing /opt/airflow/dags/tocheckrun.py took 0.396 seconds
[2023-06-07T06:32:52.231+0000] {processor.py:153} INFO - Started process (PID=1016) to work on /opt/airflow/dags/tocheckrun.py
[2023-06-07T06:32:52.235+0000] {processor.py:743} INFO - Processing file /opt/airflow/dags/tocheckrun.py for tasks to queue
[2023-06-07T06:32:52.238+0000] {logging_mixin.py:137} INFO - [2023-06-07T06:32:52.238+0000] {dagbag.py:538} INFO - Filling up the DagBag from /opt/airflow/dags/tocheckrun.py
[2023-06-07T06:32:52.308+0000] {processor.py:753} INFO - DAG(s) dict_keys(['check_all_dags_run']) retrieved from /opt/airflow/dags/tocheckrun.py
[2023-06-07T06:32:52.623+0000] {logging_mixin.py:137} INFO - [2023-06-07T06:32:52.623+0000] {dag.py:2676} INFO - Sync 1 DAGs
[2023-06-07T06:32:52.726+0000] {logging_mixin.py:137} INFO - [2023-06-07T06:32:52.726+0000] {dag.py:3427} INFO - Setting next_dagrun for check_all_dags_run to 2023-06-05T00:00:00+00:00, run_after=2023-06-06T00:00:00+00:00
[2023-06-07T06:32:52.782+0000] {processor.py:175} INFO - Processing /opt/airflow/dags/tocheckrun.py took 0.557 seconds
[2023-06-07T06:33:22.857+0000] {processor.py:153} INFO - Started process (PID=1196) to work on /opt/airflow/dags/tocheckrun.py
[2023-06-07T06:33:22.864+0000] {processor.py:743} INFO - Processing file /opt/airflow/dags/tocheckrun.py for tasks to queue
[2023-06-07T06:33:22.867+0000] {logging_mixin.py:137} INFO - [2023-06-07T06:33:22.866+0000] {dagbag.py:538} INFO - Filling up the DagBag from /opt/airflow/dags/tocheckrun.py
[2023-06-07T06:33:22.933+0000] {processor.py:753} INFO - DAG(s) dict_keys(['check_all_dags_run']) retrieved from /opt/airflow/dags/tocheckrun.py
[2023-06-07T06:33:23.064+0000] {logging_mixin.py:137} INFO - [2023-06-07T06:33:23.064+0000] {dag.py:2676} INFO - Sync 1 DAGs
[2023-06-07T06:33:23.175+0000] {logging_mixin.py:137} INFO - [2023-06-07T06:33:23.174+0000] {dag.py:3427} INFO - Setting next_dagrun for check_all_dags_run to 2023-06-05T00:00:00+00:00, run_after=2023-06-06T00:00:00+00:00
[2023-06-07T06:33:23.245+0000] {processor.py:175} INFO - Processing /opt/airflow/dags/tocheckrun.py took 0.404 seconds
[2023-06-07T06:33:53.569+0000] {processor.py:153} INFO - Started process (PID=1345) to work on /opt/airflow/dags/tocheckrun.py
[2023-06-07T06:33:53.573+0000] {processor.py:743} INFO - Processing file /opt/airflow/dags/tocheckrun.py for tasks to queue
[2023-06-07T06:33:53.580+0000] {logging_mixin.py:137} INFO - [2023-06-07T06:33:53.580+0000] {dagbag.py:538} INFO - Filling up the DagBag from /opt/airflow/dags/tocheckrun.py
[2023-06-07T06:33:53.635+0000] {processor.py:753} INFO - DAG(s) dict_keys(['check_all_dags_run']) retrieved from /opt/airflow/dags/tocheckrun.py
[2023-06-07T06:33:53.718+0000] {logging_mixin.py:137} INFO - [2023-06-07T06:33:53.718+0000] {dag.py:2676} INFO - Sync 1 DAGs
[2023-06-07T06:33:53.815+0000] {logging_mixin.py:137} INFO - [2023-06-07T06:33:53.815+0000] {dag.py:3427} INFO - Setting next_dagrun for check_all_dags_run to 2023-06-05T00:00:00+00:00, run_after=2023-06-06T00:00:00+00:00
[2023-06-07T06:33:53.906+0000] {processor.py:175} INFO - Processing /opt/airflow/dags/tocheckrun.py took 0.344 seconds
[2023-06-07T06:34:24.183+0000] {processor.py:153} INFO - Started process (PID=1481) to work on /opt/airflow/dags/tocheckrun.py
[2023-06-07T06:34:24.190+0000] {processor.py:743} INFO - Processing file /opt/airflow/dags/tocheckrun.py for tasks to queue
[2023-06-07T06:34:24.196+0000] {logging_mixin.py:137} INFO - [2023-06-07T06:34:24.196+0000] {dagbag.py:538} INFO - Filling up the DagBag from /opt/airflow/dags/tocheckrun.py
[2023-06-07T06:34:24.305+0000] {processor.py:753} INFO - DAG(s) dict_keys(['check_all_dags_run']) retrieved from /opt/airflow/dags/tocheckrun.py
[2023-06-07T06:34:24.461+0000] {logging_mixin.py:137} INFO - [2023-06-07T06:34:24.460+0000] {dag.py:2676} INFO - Sync 1 DAGs
[2023-06-07T06:34:24.607+0000] {logging_mixin.py:137} INFO - [2023-06-07T06:34:24.607+0000] {dag.py:3427} INFO - Setting next_dagrun for check_all_dags_run to 2023-06-05T00:00:00+00:00, run_after=2023-06-06T00:00:00+00:00
[2023-06-07T06:34:24.699+0000] {processor.py:175} INFO - Processing /opt/airflow/dags/tocheckrun.py took 0.541 seconds
[2023-06-07T06:34:55.187+0000] {processor.py:153} INFO - Started process (PID=1605) to work on /opt/airflow/dags/tocheckrun.py
[2023-06-07T06:34:55.193+0000] {processor.py:743} INFO - Processing file /opt/airflow/dags/tocheckrun.py for tasks to queue
[2023-06-07T06:34:55.196+0000] {logging_mixin.py:137} INFO - [2023-06-07T06:34:55.196+0000] {dagbag.py:538} INFO - Filling up the DagBag from /opt/airflow/dags/tocheckrun.py
[2023-06-07T06:34:55.376+0000] {processor.py:753} INFO - DAG(s) dict_keys(['check_all_dags_run']) retrieved from /opt/airflow/dags/tocheckrun.py
[2023-06-07T06:34:56.040+0000] {logging_mixin.py:137} INFO - [2023-06-07T06:34:56.039+0000] {dag.py:2676} INFO - Sync 1 DAGs
[2023-06-07T06:34:56.221+0000] {logging_mixin.py:137} INFO - [2023-06-07T06:34:56.219+0000] {dag.py:3427} INFO - Setting next_dagrun for check_all_dags_run to 2023-06-05T00:00:00+00:00, run_after=2023-06-06T00:00:00+00:00
[2023-06-07T06:34:56.434+0000] {processor.py:175} INFO - Processing /opt/airflow/dags/tocheckrun.py took 1.264 seconds
[2023-06-07T06:35:26.808+0000] {processor.py:153} INFO - Started process (PID=1737) to work on /opt/airflow/dags/tocheckrun.py
[2023-06-07T06:35:26.815+0000] {processor.py:743} INFO - Processing file /opt/airflow/dags/tocheckrun.py for tasks to queue
[2023-06-07T06:35:26.818+0000] {logging_mixin.py:137} INFO - [2023-06-07T06:35:26.818+0000] {dagbag.py:538} INFO - Filling up the DagBag from /opt/airflow/dags/tocheckrun.py
[2023-06-07T06:35:26.864+0000] {processor.py:753} INFO - DAG(s) dict_keys(['check_all_dags_run']) retrieved from /opt/airflow/dags/tocheckrun.py
[2023-06-07T06:35:26.967+0000] {logging_mixin.py:137} INFO - [2023-06-07T06:35:26.966+0000] {dag.py:2676} INFO - Sync 1 DAGs
[2023-06-07T06:35:27.027+0000] {logging_mixin.py:137} INFO - [2023-06-07T06:35:27.027+0000] {dag.py:3427} INFO - Setting next_dagrun for check_all_dags_run to 2023-06-05T00:00:00+00:00, run_after=2023-06-06T00:00:00+00:00
[2023-06-07T06:35:27.073+0000] {processor.py:175} INFO - Processing /opt/airflow/dags/tocheckrun.py took 0.273 seconds
[2023-06-07T06:35:57.692+0000] {processor.py:153} INFO - Started process (PID=1847) to work on /opt/airflow/dags/tocheckrun.py
[2023-06-07T06:35:57.696+0000] {processor.py:743} INFO - Processing file /opt/airflow/dags/tocheckrun.py for tasks to queue
[2023-06-07T06:35:57.700+0000] {logging_mixin.py:137} INFO - [2023-06-07T06:35:57.699+0000] {dagbag.py:538} INFO - Filling up the DagBag from /opt/airflow/dags/tocheckrun.py
[2023-06-07T06:35:57.777+0000] {processor.py:753} INFO - DAG(s) dict_keys(['check_all_dags_run']) retrieved from /opt/airflow/dags/tocheckrun.py
[2023-06-07T06:35:57.915+0000] {logging_mixin.py:137} INFO - [2023-06-07T06:35:57.915+0000] {dag.py:2676} INFO - Sync 1 DAGs
[2023-06-07T06:35:58.061+0000] {logging_mixin.py:137} INFO - [2023-06-07T06:35:58.061+0000] {dag.py:3427} INFO - Setting next_dagrun for check_all_dags_run to 2023-06-05T00:00:00+00:00, run_after=2023-06-06T00:00:00+00:00
[2023-06-07T06:35:58.129+0000] {processor.py:175} INFO - Processing /opt/airflow/dags/tocheckrun.py took 0.447 seconds
[2023-06-07T06:36:28.711+0000] {processor.py:153} INFO - Started process (PID=1939) to work on /opt/airflow/dags/tocheckrun.py
[2023-06-07T06:36:28.733+0000] {processor.py:743} INFO - Processing file /opt/airflow/dags/tocheckrun.py for tasks to queue
[2023-06-07T06:36:28.739+0000] {logging_mixin.py:137} INFO - [2023-06-07T06:36:28.737+0000] {dagbag.py:538} INFO - Filling up the DagBag from /opt/airflow/dags/tocheckrun.py
[2023-06-07T06:36:29.078+0000] {processor.py:753} INFO - DAG(s) dict_keys(['check_all_dags_run']) retrieved from /opt/airflow/dags/tocheckrun.py
[2023-06-07T06:36:29.407+0000] {logging_mixin.py:137} INFO - [2023-06-07T06:36:29.407+0000] {dag.py:2676} INFO - Sync 1 DAGs
[2023-06-07T06:36:29.848+0000] {logging_mixin.py:137} INFO - [2023-06-07T06:36:29.848+0000] {dag.py:3427} INFO - Setting next_dagrun for check_all_dags_run to 2023-06-05T00:00:00+00:00, run_after=2023-06-06T00:00:00+00:00
[2023-06-07T06:36:29.952+0000] {processor.py:175} INFO - Processing /opt/airflow/dags/tocheckrun.py took 1.281 seconds
[2023-06-07T06:37:00.240+0000] {processor.py:153} INFO - Started process (PID=2057) to work on /opt/airflow/dags/tocheckrun.py
[2023-06-07T06:37:00.244+0000] {processor.py:743} INFO - Processing file /opt/airflow/dags/tocheckrun.py for tasks to queue
[2023-06-07T06:37:00.247+0000] {logging_mixin.py:137} INFO - [2023-06-07T06:37:00.246+0000] {dagbag.py:538} INFO - Filling up the DagBag from /opt/airflow/dags/tocheckrun.py
[2023-06-07T06:37:00.294+0000] {processor.py:753} INFO - DAG(s) dict_keys(['check_all_dags_run']) retrieved from /opt/airflow/dags/tocheckrun.py
[2023-06-07T06:37:00.362+0000] {logging_mixin.py:137} INFO - [2023-06-07T06:37:00.361+0000] {dag.py:2676} INFO - Sync 1 DAGs
[2023-06-07T06:37:00.456+0000] {logging_mixin.py:137} INFO - [2023-06-07T06:37:00.455+0000] {dag.py:3427} INFO - Setting next_dagrun for check_all_dags_run to 2023-06-05T00:00:00+00:00, run_after=2023-06-06T00:00:00+00:00
[2023-06-07T06:37:00.532+0000] {processor.py:175} INFO - Processing /opt/airflow/dags/tocheckrun.py took 0.300 seconds
[2023-06-07T06:37:30.768+0000] {processor.py:153} INFO - Started process (PID=2225) to work on /opt/airflow/dags/tocheckrun.py
[2023-06-07T06:37:30.772+0000] {processor.py:743} INFO - Processing file /opt/airflow/dags/tocheckrun.py for tasks to queue
[2023-06-07T06:37:30.784+0000] {logging_mixin.py:137} INFO - [2023-06-07T06:37:30.782+0000] {dagbag.py:538} INFO - Filling up the DagBag from /opt/airflow/dags/tocheckrun.py
[2023-06-07T06:37:30.862+0000] {processor.py:753} INFO - DAG(s) dict_keys(['check_all_dags_run']) retrieved from /opt/airflow/dags/tocheckrun.py
[2023-06-07T06:37:30.968+0000] {logging_mixin.py:137} INFO - [2023-06-07T06:37:30.967+0000] {dag.py:2676} INFO - Sync 1 DAGs
[2023-06-07T06:37:31.085+0000] {logging_mixin.py:137} INFO - [2023-06-07T06:37:31.083+0000] {dag.py:3427} INFO - Setting next_dagrun for check_all_dags_run to 2023-06-05T00:00:00+00:00, run_after=2023-06-06T00:00:00+00:00
[2023-06-07T06:37:31.157+0000] {processor.py:175} INFO - Processing /opt/airflow/dags/tocheckrun.py took 0.410 seconds
[2023-06-07T06:38:01.650+0000] {processor.py:153} INFO - Started process (PID=2383) to work on /opt/airflow/dags/tocheckrun.py
[2023-06-07T06:38:01.657+0000] {processor.py:743} INFO - Processing file /opt/airflow/dags/tocheckrun.py for tasks to queue
[2023-06-07T06:38:01.661+0000] {logging_mixin.py:137} INFO - [2023-06-07T06:38:01.661+0000] {dagbag.py:538} INFO - Filling up the DagBag from /opt/airflow/dags/tocheckrun.py
[2023-06-07T06:38:01.732+0000] {processor.py:753} INFO - DAG(s) dict_keys(['check_all_dags_run']) retrieved from /opt/airflow/dags/tocheckrun.py
[2023-06-07T06:38:02.039+0000] {logging_mixin.py:137} INFO - [2023-06-07T06:38:02.039+0000] {dag.py:2676} INFO - Sync 1 DAGs
[2023-06-07T06:38:02.107+0000] {logging_mixin.py:137} INFO - [2023-06-07T06:38:02.107+0000] {dag.py:3427} INFO - Setting next_dagrun for check_all_dags_run to 2023-06-05T00:00:00+00:00, run_after=2023-06-06T00:00:00+00:00
[2023-06-07T06:38:02.170+0000] {processor.py:175} INFO - Processing /opt/airflow/dags/tocheckrun.py took 0.533 seconds
[2023-06-07T06:38:32.530+0000] {processor.py:153} INFO - Started process (PID=2517) to work on /opt/airflow/dags/tocheckrun.py
[2023-06-07T06:38:32.545+0000] {processor.py:743} INFO - Processing file /opt/airflow/dags/tocheckrun.py for tasks to queue
[2023-06-07T06:38:32.548+0000] {logging_mixin.py:137} INFO - [2023-06-07T06:38:32.548+0000] {dagbag.py:538} INFO - Filling up the DagBag from /opt/airflow/dags/tocheckrun.py
[2023-06-07T06:38:32.649+0000] {processor.py:753} INFO - DAG(s) dict_keys(['check_all_dags_run']) retrieved from /opt/airflow/dags/tocheckrun.py
[2023-06-07T06:38:32.811+0000] {logging_mixin.py:137} INFO - [2023-06-07T06:38:32.810+0000] {dag.py:2676} INFO - Sync 1 DAGs
[2023-06-07T06:38:32.916+0000] {logging_mixin.py:137} INFO - [2023-06-07T06:38:32.916+0000] {dag.py:3427} INFO - Setting next_dagrun for check_all_dags_run to 2023-06-05T00:00:00+00:00, run_after=2023-06-06T00:00:00+00:00
[2023-06-07T06:38:33.005+0000] {processor.py:175} INFO - Processing /opt/airflow/dags/tocheckrun.py took 0.494 seconds
[2023-06-07T06:39:03.633+0000] {processor.py:153} INFO - Started process (PID=2665) to work on /opt/airflow/dags/tocheckrun.py
[2023-06-07T06:39:03.638+0000] {processor.py:743} INFO - Processing file /opt/airflow/dags/tocheckrun.py for tasks to queue
[2023-06-07T06:39:03.642+0000] {logging_mixin.py:137} INFO - [2023-06-07T06:39:03.642+0000] {dagbag.py:538} INFO - Filling up the DagBag from /opt/airflow/dags/tocheckrun.py
[2023-06-07T06:39:03.732+0000] {processor.py:753} INFO - DAG(s) dict_keys(['check_all_dags_run']) retrieved from /opt/airflow/dags/tocheckrun.py
[2023-06-07T06:39:04.129+0000] {logging_mixin.py:137} INFO - [2023-06-07T06:39:04.129+0000] {dag.py:2676} INFO - Sync 1 DAGs
[2023-06-07T06:39:04.281+0000] {logging_mixin.py:137} INFO - [2023-06-07T06:39:04.281+0000] {dag.py:3427} INFO - Setting next_dagrun for check_all_dags_run to 2023-06-05T00:00:00+00:00, run_after=2023-06-06T00:00:00+00:00
[2023-06-07T06:39:04.436+0000] {processor.py:175} INFO - Processing /opt/airflow/dags/tocheckrun.py took 0.814 seconds
[2023-06-07T06:39:34.807+0000] {processor.py:153} INFO - Started process (PID=2788) to work on /opt/airflow/dags/tocheckrun.py
[2023-06-07T06:39:34.811+0000] {processor.py:743} INFO - Processing file /opt/airflow/dags/tocheckrun.py for tasks to queue
[2023-06-07T06:39:34.816+0000] {logging_mixin.py:137} INFO - [2023-06-07T06:39:34.815+0000] {dagbag.py:538} INFO - Filling up the DagBag from /opt/airflow/dags/tocheckrun.py
[2023-06-07T06:39:34.892+0000] {processor.py:753} INFO - DAG(s) dict_keys(['check_all_dags_run']) retrieved from /opt/airflow/dags/tocheckrun.py
[2023-06-07T06:39:35.002+0000] {logging_mixin.py:137} INFO - [2023-06-07T06:39:35.001+0000] {dag.py:2676} INFO - Sync 1 DAGs
[2023-06-07T06:39:35.102+0000] {logging_mixin.py:137} INFO - [2023-06-07T06:39:35.102+0000] {dag.py:3427} INFO - Setting next_dagrun for check_all_dags_run to 2023-06-05T00:00:00+00:00, run_after=2023-06-06T00:00:00+00:00
[2023-06-07T06:39:35.171+0000] {processor.py:175} INFO - Processing /opt/airflow/dags/tocheckrun.py took 0.374 seconds
[2023-06-07T06:40:05.440+0000] {processor.py:153} INFO - Started process (PID=2899) to work on /opt/airflow/dags/tocheckrun.py
[2023-06-07T06:40:05.446+0000] {processor.py:743} INFO - Processing file /opt/airflow/dags/tocheckrun.py for tasks to queue
[2023-06-07T06:40:05.451+0000] {logging_mixin.py:137} INFO - [2023-06-07T06:40:05.450+0000] {dagbag.py:538} INFO - Filling up the DagBag from /opt/airflow/dags/tocheckrun.py
[2023-06-07T06:40:05.534+0000] {processor.py:753} INFO - DAG(s) dict_keys(['check_all_dags_run']) retrieved from /opt/airflow/dags/tocheckrun.py
[2023-06-07T06:40:06.003+0000] {logging_mixin.py:137} INFO - [2023-06-07T06:40:06.003+0000] {dag.py:2676} INFO - Sync 1 DAGs
[2023-06-07T06:40:06.107+0000] {logging_mixin.py:137} INFO - [2023-06-07T06:40:06.107+0000] {dag.py:3427} INFO - Setting next_dagrun for check_all_dags_run to 2023-06-05T00:00:00+00:00, run_after=2023-06-06T00:00:00+00:00
[2023-06-07T06:40:06.346+0000] {processor.py:175} INFO - Processing /opt/airflow/dags/tocheckrun.py took 0.919 seconds
[2023-06-07T06:40:36.689+0000] {processor.py:153} INFO - Started process (PID=2996) to work on /opt/airflow/dags/tocheckrun.py
[2023-06-07T06:40:36.692+0000] {processor.py:743} INFO - Processing file /opt/airflow/dags/tocheckrun.py for tasks to queue
[2023-06-07T06:40:36.695+0000] {logging_mixin.py:137} INFO - [2023-06-07T06:40:36.694+0000] {dagbag.py:538} INFO - Filling up the DagBag from /opt/airflow/dags/tocheckrun.py
[2023-06-07T06:40:36.743+0000] {processor.py:753} INFO - DAG(s) dict_keys(['check_all_dags_run']) retrieved from /opt/airflow/dags/tocheckrun.py
[2023-06-07T06:40:36.819+0000] {logging_mixin.py:137} INFO - [2023-06-07T06:40:36.819+0000] {dag.py:2676} INFO - Sync 1 DAGs
[2023-06-07T06:40:36.871+0000] {logging_mixin.py:137} INFO - [2023-06-07T06:40:36.871+0000] {dag.py:3427} INFO - Setting next_dagrun for check_all_dags_run to 2023-06-05T00:00:00+00:00, run_after=2023-06-06T00:00:00+00:00
[2023-06-07T06:40:36.908+0000] {processor.py:175} INFO - Processing /opt/airflow/dags/tocheckrun.py took 0.225 seconds
[2023-06-07T06:41:07.406+0000] {processor.py:153} INFO - Started process (PID=3044) to work on /opt/airflow/dags/tocheckrun.py
[2023-06-07T06:41:07.407+0000] {processor.py:743} INFO - Processing file /opt/airflow/dags/tocheckrun.py for tasks to queue
[2023-06-07T06:41:07.409+0000] {logging_mixin.py:137} INFO - [2023-06-07T06:41:07.409+0000] {dagbag.py:538} INFO - Filling up the DagBag from /opt/airflow/dags/tocheckrun.py
[2023-06-07T06:41:07.433+0000] {processor.py:753} INFO - DAG(s) dict_keys(['check_all_dags_run']) retrieved from /opt/airflow/dags/tocheckrun.py
[2023-06-07T06:41:07.464+0000] {logging_mixin.py:137} INFO - [2023-06-07T06:41:07.464+0000] {dag.py:2676} INFO - Sync 1 DAGs
[2023-06-07T06:41:07.498+0000] {logging_mixin.py:137} INFO - [2023-06-07T06:41:07.498+0000] {dag.py:3427} INFO - Setting next_dagrun for check_all_dags_run to 2023-06-05T00:00:00+00:00, run_after=2023-06-06T00:00:00+00:00
[2023-06-07T06:41:07.520+0000] {processor.py:175} INFO - Processing /opt/airflow/dags/tocheckrun.py took 0.118 seconds
[2023-06-07T06:41:38.044+0000] {processor.py:153} INFO - Started process (PID=3078) to work on /opt/airflow/dags/tocheckrun.py
[2023-06-07T06:41:38.046+0000] {processor.py:743} INFO - Processing file /opt/airflow/dags/tocheckrun.py for tasks to queue
[2023-06-07T06:41:38.048+0000] {logging_mixin.py:137} INFO - [2023-06-07T06:41:38.048+0000] {dagbag.py:538} INFO - Filling up the DagBag from /opt/airflow/dags/tocheckrun.py
[2023-06-07T06:41:38.075+0000] {processor.py:753} INFO - DAG(s) dict_keys(['check_all_dags_run']) retrieved from /opt/airflow/dags/tocheckrun.py
[2023-06-07T06:41:38.113+0000] {logging_mixin.py:137} INFO - [2023-06-07T06:41:38.113+0000] {dag.py:2676} INFO - Sync 1 DAGs
[2023-06-07T06:41:38.145+0000] {logging_mixin.py:137} INFO - [2023-06-07T06:41:38.144+0000] {dag.py:3427} INFO - Setting next_dagrun for check_all_dags_run to 2023-06-05T00:00:00+00:00, run_after=2023-06-06T00:00:00+00:00
[2023-06-07T06:41:38.164+0000] {processor.py:175} INFO - Processing /opt/airflow/dags/tocheckrun.py took 0.126 seconds
[2023-06-07T06:42:08.677+0000] {processor.py:153} INFO - Started process (PID=3122) to work on /opt/airflow/dags/tocheckrun.py
[2023-06-07T06:42:08.679+0000] {processor.py:743} INFO - Processing file /opt/airflow/dags/tocheckrun.py for tasks to queue
[2023-06-07T06:42:08.681+0000] {logging_mixin.py:137} INFO - [2023-06-07T06:42:08.680+0000] {dagbag.py:538} INFO - Filling up the DagBag from /opt/airflow/dags/tocheckrun.py
[2023-06-07T06:42:08.702+0000] {processor.py:753} INFO - DAG(s) dict_keys(['check_all_dags_run']) retrieved from /opt/airflow/dags/tocheckrun.py
[2023-06-07T06:42:08.793+0000] {logging_mixin.py:137} INFO - [2023-06-07T06:42:08.792+0000] {dag.py:2676} INFO - Sync 1 DAGs
[2023-06-07T06:42:08.821+0000] {logging_mixin.py:137} INFO - [2023-06-07T06:42:08.821+0000] {dag.py:3427} INFO - Setting next_dagrun for check_all_dags_run to 2023-06-05T00:00:00+00:00, run_after=2023-06-06T00:00:00+00:00
[2023-06-07T06:42:08.842+0000] {processor.py:175} INFO - Processing /opt/airflow/dags/tocheckrun.py took 0.170 seconds
[2023-06-07T06:42:39.219+0000] {processor.py:153} INFO - Started process (PID=3162) to work on /opt/airflow/dags/tocheckrun.py
[2023-06-07T06:42:39.221+0000] {processor.py:743} INFO - Processing file /opt/airflow/dags/tocheckrun.py for tasks to queue
[2023-06-07T06:42:39.224+0000] {logging_mixin.py:137} INFO - [2023-06-07T06:42:39.224+0000] {dagbag.py:538} INFO - Filling up the DagBag from /opt/airflow/dags/tocheckrun.py
[2023-06-07T06:42:39.253+0000] {processor.py:753} INFO - DAG(s) dict_keys(['check_all_dags_run']) retrieved from /opt/airflow/dags/tocheckrun.py
[2023-06-07T06:42:39.299+0000] {logging_mixin.py:137} INFO - [2023-06-07T06:42:39.299+0000] {dag.py:2676} INFO - Sync 1 DAGs
[2023-06-07T06:42:39.332+0000] {logging_mixin.py:137} INFO - [2023-06-07T06:42:39.332+0000] {dag.py:3427} INFO - Setting next_dagrun for check_all_dags_run to 2023-06-05T00:00:00+00:00, run_after=2023-06-06T00:00:00+00:00
[2023-06-07T06:42:39.352+0000] {processor.py:175} INFO - Processing /opt/airflow/dags/tocheckrun.py took 0.138 seconds
[2023-06-07T06:43:09.568+0000] {processor.py:153} INFO - Started process (PID=3197) to work on /opt/airflow/dags/tocheckrun.py
[2023-06-07T06:43:09.569+0000] {processor.py:743} INFO - Processing file /opt/airflow/dags/tocheckrun.py for tasks to queue
[2023-06-07T06:43:09.571+0000] {logging_mixin.py:137} INFO - [2023-06-07T06:43:09.571+0000] {dagbag.py:538} INFO - Filling up the DagBag from /opt/airflow/dags/tocheckrun.py
[2023-06-07T06:43:09.596+0000] {processor.py:753} INFO - DAG(s) dict_keys(['check_all_dags_run']) retrieved from /opt/airflow/dags/tocheckrun.py
[2023-06-07T06:43:09.644+0000] {logging_mixin.py:137} INFO - [2023-06-07T06:43:09.644+0000] {dag.py:2676} INFO - Sync 1 DAGs
[2023-06-07T06:43:09.684+0000] {logging_mixin.py:137} INFO - [2023-06-07T06:43:09.684+0000] {dag.py:3427} INFO - Setting next_dagrun for check_all_dags_run to 2023-06-05T00:00:00+00:00, run_after=2023-06-06T00:00:00+00:00
[2023-06-07T06:43:09.707+0000] {processor.py:175} INFO - Processing /opt/airflow/dags/tocheckrun.py took 0.144 seconds
[2023-06-07T06:43:40.194+0000] {processor.py:153} INFO - Started process (PID=3246) to work on /opt/airflow/dags/tocheckrun.py
[2023-06-07T06:43:40.195+0000] {processor.py:743} INFO - Processing file /opt/airflow/dags/tocheckrun.py for tasks to queue
[2023-06-07T06:43:40.197+0000] {logging_mixin.py:137} INFO - [2023-06-07T06:43:40.197+0000] {dagbag.py:538} INFO - Filling up the DagBag from /opt/airflow/dags/tocheckrun.py
[2023-06-07T06:43:40.218+0000] {processor.py:753} INFO - DAG(s) dict_keys(['check_all_dags_run']) retrieved from /opt/airflow/dags/tocheckrun.py
[2023-06-07T06:43:40.249+0000] {logging_mixin.py:137} INFO - [2023-06-07T06:43:40.249+0000] {dag.py:2676} INFO - Sync 1 DAGs
[2023-06-07T06:43:40.286+0000] {logging_mixin.py:137} INFO - [2023-06-07T06:43:40.286+0000] {dag.py:3427} INFO - Setting next_dagrun for check_all_dags_run to 2023-06-05T00:00:00+00:00, run_after=2023-06-06T00:00:00+00:00
[2023-06-07T06:43:40.306+0000] {processor.py:175} INFO - Processing /opt/airflow/dags/tocheckrun.py took 0.116 seconds
[2023-06-07T06:44:10.488+0000] {processor.py:153} INFO - Started process (PID=3280) to work on /opt/airflow/dags/tocheckrun.py
[2023-06-07T06:44:10.490+0000] {processor.py:743} INFO - Processing file /opt/airflow/dags/tocheckrun.py for tasks to queue
[2023-06-07T06:44:10.492+0000] {logging_mixin.py:137} INFO - [2023-06-07T06:44:10.492+0000] {dagbag.py:538} INFO - Filling up the DagBag from /opt/airflow/dags/tocheckrun.py
[2023-06-07T06:44:10.515+0000] {processor.py:753} INFO - DAG(s) dict_keys(['check_all_dags_run']) retrieved from /opt/airflow/dags/tocheckrun.py
[2023-06-07T06:44:10.595+0000] {logging_mixin.py:137} INFO - [2023-06-07T06:44:10.595+0000] {dag.py:2676} INFO - Sync 1 DAGs
[2023-06-07T06:44:10.626+0000] {logging_mixin.py:137} INFO - [2023-06-07T06:44:10.626+0000] {dag.py:3427} INFO - Setting next_dagrun for check_all_dags_run to 2023-06-05T00:00:00+00:00, run_after=2023-06-06T00:00:00+00:00
[2023-06-07T06:44:10.647+0000] {processor.py:175} INFO - Processing /opt/airflow/dags/tocheckrun.py took 0.163 seconds
[2023-06-07T06:44:41.001+0000] {processor.py:153} INFO - Started process (PID=3329) to work on /opt/airflow/dags/tocheckrun.py
[2023-06-07T06:44:41.004+0000] {processor.py:743} INFO - Processing file /opt/airflow/dags/tocheckrun.py for tasks to queue
[2023-06-07T06:44:41.006+0000] {logging_mixin.py:137} INFO - [2023-06-07T06:44:41.006+0000] {dagbag.py:538} INFO - Filling up the DagBag from /opt/airflow/dags/tocheckrun.py
[2023-06-07T06:44:41.032+0000] {processor.py:753} INFO - DAG(s) dict_keys(['check_all_dags_run']) retrieved from /opt/airflow/dags/tocheckrun.py
[2023-06-07T06:44:41.078+0000] {logging_mixin.py:137} INFO - [2023-06-07T06:44:41.078+0000] {dag.py:2676} INFO - Sync 1 DAGs
[2023-06-07T06:44:41.108+0000] {logging_mixin.py:137} INFO - [2023-06-07T06:44:41.108+0000] {dag.py:3427} INFO - Setting next_dagrun for check_all_dags_run to 2023-06-05T00:00:00+00:00, run_after=2023-06-06T00:00:00+00:00
[2023-06-07T06:44:41.126+0000] {processor.py:175} INFO - Processing /opt/airflow/dags/tocheckrun.py took 0.131 seconds
[2023-06-07T06:45:11.576+0000] {processor.py:153} INFO - Started process (PID=3364) to work on /opt/airflow/dags/tocheckrun.py
[2023-06-07T06:45:11.579+0000] {processor.py:743} INFO - Processing file /opt/airflow/dags/tocheckrun.py for tasks to queue
[2023-06-07T06:45:11.581+0000] {logging_mixin.py:137} INFO - [2023-06-07T06:45:11.581+0000] {dagbag.py:538} INFO - Filling up the DagBag from /opt/airflow/dags/tocheckrun.py
[2023-06-07T06:45:11.606+0000] {processor.py:753} INFO - DAG(s) dict_keys(['check_all_dags_run']) retrieved from /opt/airflow/dags/tocheckrun.py
[2023-06-07T06:45:11.637+0000] {logging_mixin.py:137} INFO - [2023-06-07T06:45:11.636+0000] {dag.py:2676} INFO - Sync 1 DAGs
[2023-06-07T06:45:11.669+0000] {logging_mixin.py:137} INFO - [2023-06-07T06:45:11.668+0000] {dag.py:3427} INFO - Setting next_dagrun for check_all_dags_run to 2023-06-05T00:00:00+00:00, run_after=2023-06-06T00:00:00+00:00
[2023-06-07T06:45:11.691+0000] {processor.py:175} INFO - Processing /opt/airflow/dags/tocheckrun.py took 0.119 seconds
[2023-06-07T06:45:42.134+0000] {processor.py:153} INFO - Started process (PID=3413) to work on /opt/airflow/dags/tocheckrun.py
[2023-06-07T06:45:42.137+0000] {processor.py:743} INFO - Processing file /opt/airflow/dags/tocheckrun.py for tasks to queue
[2023-06-07T06:45:42.139+0000] {logging_mixin.py:137} INFO - [2023-06-07T06:45:42.139+0000] {dagbag.py:538} INFO - Filling up the DagBag from /opt/airflow/dags/tocheckrun.py
[2023-06-07T06:45:42.165+0000] {processor.py:753} INFO - DAG(s) dict_keys(['check_all_dags_run']) retrieved from /opt/airflow/dags/tocheckrun.py
[2023-06-07T06:45:42.198+0000] {logging_mixin.py:137} INFO - [2023-06-07T06:45:42.197+0000] {dag.py:2676} INFO - Sync 1 DAGs
[2023-06-07T06:45:42.229+0000] {logging_mixin.py:137} INFO - [2023-06-07T06:45:42.229+0000] {dag.py:3427} INFO - Setting next_dagrun for check_all_dags_run to 2023-06-05T00:00:00+00:00, run_after=2023-06-06T00:00:00+00:00
[2023-06-07T06:45:42.248+0000] {processor.py:175} INFO - Processing /opt/airflow/dags/tocheckrun.py took 0.119 seconds
[2023-06-07T06:46:12.445+0000] {processor.py:153} INFO - Started process (PID=3448) to work on /opt/airflow/dags/tocheckrun.py
[2023-06-07T06:46:12.447+0000] {processor.py:743} INFO - Processing file /opt/airflow/dags/tocheckrun.py for tasks to queue
[2023-06-07T06:46:12.449+0000] {logging_mixin.py:137} INFO - [2023-06-07T06:46:12.449+0000] {dagbag.py:538} INFO - Filling up the DagBag from /opt/airflow/dags/tocheckrun.py
[2023-06-07T06:46:12.474+0000] {processor.py:753} INFO - DAG(s) dict_keys(['check_all_dags_run']) retrieved from /opt/airflow/dags/tocheckrun.py
[2023-06-07T06:46:12.561+0000] {logging_mixin.py:137} INFO - [2023-06-07T06:46:12.561+0000] {dag.py:2676} INFO - Sync 1 DAGs
[2023-06-07T06:46:12.590+0000] {logging_mixin.py:137} INFO - [2023-06-07T06:46:12.590+0000] {dag.py:3427} INFO - Setting next_dagrun for check_all_dags_run to 2023-06-05T00:00:00+00:00, run_after=2023-06-06T00:00:00+00:00
[2023-06-07T06:46:12.611+0000] {processor.py:175} INFO - Processing /opt/airflow/dags/tocheckrun.py took 0.170 seconds
[2023-06-07T06:46:43.022+0000] {processor.py:153} INFO - Started process (PID=3497) to work on /opt/airflow/dags/tocheckrun.py
[2023-06-07T06:46:43.024+0000] {processor.py:743} INFO - Processing file /opt/airflow/dags/tocheckrun.py for tasks to queue
[2023-06-07T06:46:43.026+0000] {logging_mixin.py:137} INFO - [2023-06-07T06:46:43.025+0000] {dagbag.py:538} INFO - Filling up the DagBag from /opt/airflow/dags/tocheckrun.py
[2023-06-07T06:46:43.052+0000] {processor.py:753} INFO - DAG(s) dict_keys(['check_all_dags_run']) retrieved from /opt/airflow/dags/tocheckrun.py
[2023-06-07T06:46:43.094+0000] {logging_mixin.py:137} INFO - [2023-06-07T06:46:43.094+0000] {dag.py:2676} INFO - Sync 1 DAGs
[2023-06-07T06:46:43.132+0000] {logging_mixin.py:137} INFO - [2023-06-07T06:46:43.132+0000] {dag.py:3427} INFO - Setting next_dagrun for check_all_dags_run to 2023-06-05T00:00:00+00:00, run_after=2023-06-06T00:00:00+00:00
[2023-06-07T06:46:43.154+0000] {processor.py:175} INFO - Processing /opt/airflow/dags/tocheckrun.py took 0.136 seconds
[2023-06-07T06:47:13.529+0000] {processor.py:153} INFO - Started process (PID=3531) to work on /opt/airflow/dags/tocheckrun.py
[2023-06-07T06:47:13.532+0000] {processor.py:743} INFO - Processing file /opt/airflow/dags/tocheckrun.py for tasks to queue
[2023-06-07T06:47:13.534+0000] {logging_mixin.py:137} INFO - [2023-06-07T06:47:13.533+0000] {dagbag.py:538} INFO - Filling up the DagBag from /opt/airflow/dags/tocheckrun.py
[2023-06-07T06:47:13.560+0000] {processor.py:753} INFO - DAG(s) dict_keys(['check_all_dags_run']) retrieved from /opt/airflow/dags/tocheckrun.py
[2023-06-07T06:47:13.592+0000] {logging_mixin.py:137} INFO - [2023-06-07T06:47:13.592+0000] {dag.py:2676} INFO - Sync 1 DAGs
[2023-06-07T06:47:13.627+0000] {logging_mixin.py:137} INFO - [2023-06-07T06:47:13.627+0000] {dag.py:3427} INFO - Setting next_dagrun for check_all_dags_run to 2023-06-05T00:00:00+00:00, run_after=2023-06-06T00:00:00+00:00
[2023-06-07T06:47:13.645+0000] {processor.py:175} INFO - Processing /opt/airflow/dags/tocheckrun.py took 0.121 seconds
[2023-06-07T06:47:44.267+0000] {processor.py:153} INFO - Started process (PID=3580) to work on /opt/airflow/dags/tocheckrun.py
[2023-06-07T06:47:44.270+0000] {processor.py:743} INFO - Processing file /opt/airflow/dags/tocheckrun.py for tasks to queue
[2023-06-07T06:47:44.272+0000] {logging_mixin.py:137} INFO - [2023-06-07T06:47:44.272+0000] {dagbag.py:538} INFO - Filling up the DagBag from /opt/airflow/dags/tocheckrun.py
[2023-06-07T06:47:44.299+0000] {processor.py:753} INFO - DAG(s) dict_keys(['check_all_dags_run']) retrieved from /opt/airflow/dags/tocheckrun.py
[2023-06-07T06:47:44.332+0000] {logging_mixin.py:137} INFO - [2023-06-07T06:47:44.332+0000] {dag.py:2676} INFO - Sync 1 DAGs
[2023-06-07T06:47:44.367+0000] {logging_mixin.py:137} INFO - [2023-06-07T06:47:44.367+0000] {dag.py:3427} INFO - Setting next_dagrun for check_all_dags_run to 2023-06-05T00:00:00+00:00, run_after=2023-06-06T00:00:00+00:00
[2023-06-07T06:47:44.388+0000] {processor.py:175} INFO - Processing /opt/airflow/dags/tocheckrun.py took 0.125 seconds
[2023-06-07T06:48:14.801+0000] {processor.py:153} INFO - Started process (PID=3615) to work on /opt/airflow/dags/tocheckrun.py
[2023-06-07T06:48:14.803+0000] {processor.py:743} INFO - Processing file /opt/airflow/dags/tocheckrun.py for tasks to queue
[2023-06-07T06:48:14.804+0000] {logging_mixin.py:137} INFO - [2023-06-07T06:48:14.804+0000] {dagbag.py:538} INFO - Filling up the DagBag from /opt/airflow/dags/tocheckrun.py
[2023-06-07T06:48:14.825+0000] {processor.py:753} INFO - DAG(s) dict_keys(['check_all_dags_run']) retrieved from /opt/airflow/dags/tocheckrun.py
[2023-06-07T06:48:14.905+0000] {logging_mixin.py:137} INFO - [2023-06-07T06:48:14.905+0000] {dag.py:2676} INFO - Sync 1 DAGs
[2023-06-07T06:48:14.932+0000] {logging_mixin.py:137} INFO - [2023-06-07T06:48:14.932+0000] {dag.py:3427} INFO - Setting next_dagrun for check_all_dags_run to 2023-06-05T00:00:00+00:00, run_after=2023-06-06T00:00:00+00:00
[2023-06-07T06:48:14.952+0000] {processor.py:175} INFO - Processing /opt/airflow/dags/tocheckrun.py took 0.155 seconds
[2023-06-07T06:48:45.219+0000] {processor.py:153} INFO - Started process (PID=3664) to work on /opt/airflow/dags/tocheckrun.py
[2023-06-07T06:48:45.221+0000] {processor.py:743} INFO - Processing file /opt/airflow/dags/tocheckrun.py for tasks to queue
[2023-06-07T06:48:45.223+0000] {logging_mixin.py:137} INFO - [2023-06-07T06:48:45.223+0000] {dagbag.py:538} INFO - Filling up the DagBag from /opt/airflow/dags/tocheckrun.py
[2023-06-07T06:48:45.244+0000] {processor.py:753} INFO - DAG(s) dict_keys(['check_all_dags_run']) retrieved from /opt/airflow/dags/tocheckrun.py
[2023-06-07T06:48:45.296+0000] {logging_mixin.py:137} INFO - [2023-06-07T06:48:45.296+0000] {dag.py:2676} INFO - Sync 1 DAGs
[2023-06-07T06:48:45.338+0000] {logging_mixin.py:137} INFO - [2023-06-07T06:48:45.338+0000] {dag.py:3427} INFO - Setting next_dagrun for check_all_dags_run to 2023-06-05T00:00:00+00:00, run_after=2023-06-06T00:00:00+00:00
[2023-06-07T06:48:45.368+0000] {processor.py:175} INFO - Processing /opt/airflow/dags/tocheckrun.py took 0.152 seconds
[2023-06-07T06:49:15.850+0000] {processor.py:153} INFO - Started process (PID=3699) to work on /opt/airflow/dags/tocheckrun.py
[2023-06-07T06:49:15.852+0000] {processor.py:743} INFO - Processing file /opt/airflow/dags/tocheckrun.py for tasks to queue
[2023-06-07T06:49:15.854+0000] {logging_mixin.py:137} INFO - [2023-06-07T06:49:15.854+0000] {dagbag.py:538} INFO - Filling up the DagBag from /opt/airflow/dags/tocheckrun.py
[2023-06-07T06:49:15.880+0000] {processor.py:753} INFO - DAG(s) dict_keys(['check_all_dags_run']) retrieved from /opt/airflow/dags/tocheckrun.py
[2023-06-07T06:49:15.914+0000] {logging_mixin.py:137} INFO - [2023-06-07T06:49:15.914+0000] {dag.py:2676} INFO - Sync 1 DAGs
[2023-06-07T06:49:15.968+0000] {logging_mixin.py:137} INFO - [2023-06-07T06:49:15.967+0000] {dag.py:3427} INFO - Setting next_dagrun for check_all_dags_run to 2023-06-05T00:00:00+00:00, run_after=2023-06-06T00:00:00+00:00
[2023-06-07T06:49:15.997+0000] {processor.py:175} INFO - Processing /opt/airflow/dags/tocheckrun.py took 0.151 seconds
[2023-06-07T07:08:22.357+0000] {processor.py:153} INFO - Started process (PID=3721) to work on /opt/airflow/dags/tocheckrun.py
[2023-06-07T07:08:22.360+0000] {processor.py:743} INFO - Processing file /opt/airflow/dags/tocheckrun.py for tasks to queue
[2023-06-07T07:08:22.362+0000] {logging_mixin.py:137} INFO - [2023-06-07T07:08:22.362+0000] {dagbag.py:538} INFO - Filling up the DagBag from /opt/airflow/dags/tocheckrun.py
[2023-06-07T07:08:22.389+0000] {processor.py:753} INFO - DAG(s) dict_keys(['check_all_dags_run']) retrieved from /opt/airflow/dags/tocheckrun.py
[2023-06-07T07:08:22.435+0000] {logging_mixin.py:137} INFO - [2023-06-07T07:08:22.435+0000] {dag.py:2676} INFO - Sync 1 DAGs
[2023-06-07T07:08:22.485+0000] {logging_mixin.py:137} INFO - [2023-06-07T07:08:22.485+0000] {dag.py:3427} INFO - Setting next_dagrun for check_all_dags_run to 2023-06-05T00:00:00+00:00, run_after=2023-06-06T00:00:00+00:00
[2023-06-07T07:08:22.514+0000] {processor.py:175} INFO - Processing /opt/airflow/dags/tocheckrun.py took 0.163 seconds
[2023-06-07T07:08:53.056+0000] {processor.py:153} INFO - Started process (PID=3755) to work on /opt/airflow/dags/tocheckrun.py
[2023-06-07T07:08:53.058+0000] {processor.py:743} INFO - Processing file /opt/airflow/dags/tocheckrun.py for tasks to queue
[2023-06-07T07:08:53.060+0000] {logging_mixin.py:137} INFO - [2023-06-07T07:08:53.060+0000] {dagbag.py:538} INFO - Filling up the DagBag from /opt/airflow/dags/tocheckrun.py
[2023-06-07T07:08:53.085+0000] {processor.py:753} INFO - DAG(s) dict_keys(['check_all_dags_run']) retrieved from /opt/airflow/dags/tocheckrun.py
[2023-06-07T07:08:53.174+0000] {logging_mixin.py:137} INFO - [2023-06-07T07:08:53.173+0000] {dag.py:2676} INFO - Sync 1 DAGs
[2023-06-07T07:08:53.211+0000] {logging_mixin.py:137} INFO - [2023-06-07T07:08:53.211+0000] {dag.py:3427} INFO - Setting next_dagrun for check_all_dags_run to 2023-06-05T00:00:00+00:00, run_after=2023-06-06T00:00:00+00:00
[2023-06-07T07:08:53.237+0000] {processor.py:175} INFO - Processing /opt/airflow/dags/tocheckrun.py took 0.185 seconds
[2023-06-07T08:51:23.238+0000] {processor.py:153} INFO - Started process (PID=3777) to work on /opt/airflow/dags/tocheckrun.py
[2023-06-07T08:51:23.240+0000] {processor.py:743} INFO - Processing file /opt/airflow/dags/tocheckrun.py for tasks to queue
[2023-06-07T08:51:23.241+0000] {logging_mixin.py:137} INFO - [2023-06-07T08:51:23.241+0000] {dagbag.py:538} INFO - Filling up the DagBag from /opt/airflow/dags/tocheckrun.py
[2023-06-07T08:51:23.267+0000] {processor.py:753} INFO - DAG(s) dict_keys(['check_all_dags_run']) retrieved from /opt/airflow/dags/tocheckrun.py
[2023-06-07T08:51:23.301+0000] {logging_mixin.py:137} INFO - [2023-06-07T08:51:23.300+0000] {dag.py:2676} INFO - Sync 1 DAGs
[2023-06-07T08:51:23.361+0000] {logging_mixin.py:137} INFO - [2023-06-07T08:51:23.361+0000] {dag.py:3427} INFO - Setting next_dagrun for check_all_dags_run to 2023-06-05T00:00:00+00:00, run_after=2023-06-06T00:00:00+00:00
[2023-06-07T08:51:23.413+0000] {processor.py:175} INFO - Processing /opt/airflow/dags/tocheckrun.py took 0.182 seconds
[2023-06-07T08:51:54.783+0000] {processor.py:153} INFO - Started process (PID=3806) to work on /opt/airflow/dags/tocheckrun.py
[2023-06-07T08:51:54.793+0000] {processor.py:743} INFO - Processing file /opt/airflow/dags/tocheckrun.py for tasks to queue
[2023-06-07T08:51:54.802+0000] {logging_mixin.py:137} INFO - [2023-06-07T08:51:54.801+0000] {dagbag.py:538} INFO - Filling up the DagBag from /opt/airflow/dags/tocheckrun.py
[2023-06-07T08:51:54.892+0000] {processor.py:753} INFO - DAG(s) dict_keys(['check_all_dags_run']) retrieved from /opt/airflow/dags/tocheckrun.py
[2023-06-07T08:51:55.398+0000] {logging_mixin.py:137} INFO - [2023-06-07T08:51:55.397+0000] {dag.py:2676} INFO - Sync 1 DAGs
[2023-06-07T08:51:55.606+0000] {logging_mixin.py:137} INFO - [2023-06-07T08:51:55.604+0000] {dag.py:3427} INFO - Setting next_dagrun for check_all_dags_run to 2023-06-05T00:00:00+00:00, run_after=2023-06-06T00:00:00+00:00
[2023-06-07T08:51:55.759+0000] {processor.py:175} INFO - Processing /opt/airflow/dags/tocheckrun.py took 0.999 seconds
[2023-06-07T08:56:00.583+0000] {processor.py:153} INFO - Started process (PID=3828) to work on /opt/airflow/dags/tocheckrun.py
[2023-06-07T08:56:00.586+0000] {processor.py:743} INFO - Processing file /opt/airflow/dags/tocheckrun.py for tasks to queue
[2023-06-07T08:56:00.590+0000] {logging_mixin.py:137} INFO - [2023-06-07T08:56:00.590+0000] {dagbag.py:538} INFO - Filling up the DagBag from /opt/airflow/dags/tocheckrun.py
[2023-06-07T08:56:00.615+0000] {processor.py:753} INFO - DAG(s) dict_keys(['check_all_dags_run']) retrieved from /opt/airflow/dags/tocheckrun.py
[2023-06-07T08:56:00.649+0000] {logging_mixin.py:137} INFO - [2023-06-07T08:56:00.649+0000] {dag.py:2676} INFO - Sync 1 DAGs
[2023-06-07T08:56:00.709+0000] {logging_mixin.py:137} INFO - [2023-06-07T08:56:00.709+0000] {dag.py:3427} INFO - Setting next_dagrun for check_all_dags_run to 2023-06-05T00:00:00+00:00, run_after=2023-06-06T00:00:00+00:00
[2023-06-07T08:56:00.746+0000] {processor.py:175} INFO - Processing /opt/airflow/dags/tocheckrun.py took 0.169 seconds
[2023-06-07T09:35:00.958+0000] {processor.py:153} INFO - Started process (PID=3867) to work on /opt/airflow/dags/tocheckrun.py
[2023-06-07T09:35:00.966+0000] {processor.py:743} INFO - Processing file /opt/airflow/dags/tocheckrun.py for tasks to queue
[2023-06-07T09:35:00.977+0000] {logging_mixin.py:137} INFO - [2023-06-07T09:35:00.977+0000] {dagbag.py:538} INFO - Filling up the DagBag from /opt/airflow/dags/tocheckrun.py
[2023-06-07T09:35:01.034+0000] {processor.py:753} INFO - DAG(s) dict_keys(['check_all_dags_run']) retrieved from /opt/airflow/dags/tocheckrun.py
[2023-06-07T09:35:01.080+0000] {logging_mixin.py:137} INFO - [2023-06-07T09:35:01.080+0000] {dag.py:2676} INFO - Sync 1 DAGs
[2023-06-07T09:35:01.177+0000] {logging_mixin.py:137} INFO - [2023-06-07T09:35:01.177+0000] {dag.py:3427} INFO - Setting next_dagrun for check_all_dags_run to 2023-06-05T00:00:00+00:00, run_after=2023-06-06T00:00:00+00:00
[2023-06-07T09:35:01.236+0000] {processor.py:175} INFO - Processing /opt/airflow/dags/tocheckrun.py took 0.294 seconds
[2023-06-07T09:35:31.363+0000] {processor.py:153} INFO - Started process (PID=3906) to work on /opt/airflow/dags/tocheckrun.py
[2023-06-07T09:35:31.366+0000] {processor.py:743} INFO - Processing file /opt/airflow/dags/tocheckrun.py for tasks to queue
[2023-06-07T09:35:31.368+0000] {logging_mixin.py:137} INFO - [2023-06-07T09:35:31.368+0000] {dagbag.py:538} INFO - Filling up the DagBag from /opt/airflow/dags/tocheckrun.py
[2023-06-07T09:35:31.388+0000] {processor.py:753} INFO - DAG(s) dict_keys(['check_all_dags_run']) retrieved from /opt/airflow/dags/tocheckrun.py
[2023-06-07T09:35:31.481+0000] {logging_mixin.py:137} INFO - [2023-06-07T09:35:31.481+0000] {dag.py:2676} INFO - Sync 1 DAGs
[2023-06-07T09:35:31.517+0000] {logging_mixin.py:137} INFO - [2023-06-07T09:35:31.517+0000] {dag.py:3427} INFO - Setting next_dagrun for check_all_dags_run to 2023-06-05T00:00:00+00:00, run_after=2023-06-06T00:00:00+00:00
[2023-06-07T09:35:31.542+0000] {processor.py:175} INFO - Processing /opt/airflow/dags/tocheckrun.py took 0.185 seconds
[2023-06-07T09:36:01.793+0000] {processor.py:153} INFO - Started process (PID=3940) to work on /opt/airflow/dags/tocheckrun.py
[2023-06-07T09:36:01.795+0000] {processor.py:743} INFO - Processing file /opt/airflow/dags/tocheckrun.py for tasks to queue
[2023-06-07T09:36:01.797+0000] {logging_mixin.py:137} INFO - [2023-06-07T09:36:01.797+0000] {dagbag.py:538} INFO - Filling up the DagBag from /opt/airflow/dags/tocheckrun.py
[2023-06-07T09:36:01.814+0000] {processor.py:753} INFO - DAG(s) dict_keys(['check_all_dags_run']) retrieved from /opt/airflow/dags/tocheckrun.py
[2023-06-07T09:36:01.834+0000] {logging_mixin.py:137} INFO - [2023-06-07T09:36:01.834+0000] {dag.py:2676} INFO - Sync 1 DAGs
[2023-06-07T09:36:01.867+0000] {logging_mixin.py:137} INFO - [2023-06-07T09:36:01.867+0000] {dag.py:3427} INFO - Setting next_dagrun for check_all_dags_run to 2023-06-05T00:00:00+00:00, run_after=2023-06-06T00:00:00+00:00
[2023-06-07T09:36:01.888+0000] {processor.py:175} INFO - Processing /opt/airflow/dags/tocheckrun.py took 0.101 seconds
[2023-06-07T09:36:32.243+0000] {processor.py:153} INFO - Started process (PID=3983) to work on /opt/airflow/dags/tocheckrun.py
[2023-06-07T09:36:32.245+0000] {processor.py:743} INFO - Processing file /opt/airflow/dags/tocheckrun.py for tasks to queue
[2023-06-07T09:36:32.247+0000] {logging_mixin.py:137} INFO - [2023-06-07T09:36:32.247+0000] {dagbag.py:538} INFO - Filling up the DagBag from /opt/airflow/dags/tocheckrun.py
[2023-06-07T09:36:32.264+0000] {processor.py:753} INFO - DAG(s) dict_keys(['check_all_dags_run']) retrieved from /opt/airflow/dags/tocheckrun.py
[2023-06-07T09:36:32.364+0000] {logging_mixin.py:137} INFO - [2023-06-07T09:36:32.364+0000] {dag.py:2676} INFO - Sync 1 DAGs
[2023-06-07T09:36:32.404+0000] {logging_mixin.py:137} INFO - [2023-06-07T09:36:32.403+0000] {dag.py:3427} INFO - Setting next_dagrun for check_all_dags_run to 2023-06-05T00:00:00+00:00, run_after=2023-06-06T00:00:00+00:00
[2023-06-07T09:36:32.430+0000] {processor.py:175} INFO - Processing /opt/airflow/dags/tocheckrun.py took 0.192 seconds
[2023-06-07T09:37:02.475+0000] {processor.py:153} INFO - Started process (PID=4025) to work on /opt/airflow/dags/tocheckrun.py
[2023-06-07T09:37:02.477+0000] {processor.py:743} INFO - Processing file /opt/airflow/dags/tocheckrun.py for tasks to queue
[2023-06-07T09:37:02.479+0000] {logging_mixin.py:137} INFO - [2023-06-07T09:37:02.479+0000] {dagbag.py:538} INFO - Filling up the DagBag from /opt/airflow/dags/tocheckrun.py
[2023-06-07T09:37:02.494+0000] {processor.py:753} INFO - DAG(s) dict_keys(['check_all_dags_run']) retrieved from /opt/airflow/dags/tocheckrun.py
[2023-06-07T09:37:02.513+0000] {logging_mixin.py:137} INFO - [2023-06-07T09:37:02.513+0000] {dag.py:2676} INFO - Sync 1 DAGs
[2023-06-07T09:37:02.561+0000] {logging_mixin.py:137} INFO - [2023-06-07T09:37:02.561+0000] {dag.py:3427} INFO - Setting next_dagrun for check_all_dags_run to 2023-06-05T00:00:00+00:00, run_after=2023-06-06T00:00:00+00:00
[2023-06-07T09:37:02.583+0000] {processor.py:175} INFO - Processing /opt/airflow/dags/tocheckrun.py took 0.113 seconds
[2023-06-07T09:37:32.781+0000] {processor.py:153} INFO - Started process (PID=4060) to work on /opt/airflow/dags/tocheckrun.py
[2023-06-07T09:37:32.783+0000] {processor.py:743} INFO - Processing file /opt/airflow/dags/tocheckrun.py for tasks to queue
[2023-06-07T09:37:32.785+0000] {logging_mixin.py:137} INFO - [2023-06-07T09:37:32.784+0000] {dagbag.py:538} INFO - Filling up the DagBag from /opt/airflow/dags/tocheckrun.py
[2023-06-07T09:37:32.798+0000] {processor.py:753} INFO - DAG(s) dict_keys(['check_all_dags_run']) retrieved from /opt/airflow/dags/tocheckrun.py
[2023-06-07T09:37:32.814+0000] {logging_mixin.py:137} INFO - [2023-06-07T09:37:32.814+0000] {dag.py:2676} INFO - Sync 1 DAGs
[2023-06-07T09:37:32.844+0000] {logging_mixin.py:137} INFO - [2023-06-07T09:37:32.844+0000] {dag.py:3427} INFO - Setting next_dagrun for check_all_dags_run to 2023-06-05T00:00:00+00:00, run_after=2023-06-06T00:00:00+00:00
[2023-06-07T09:37:32.865+0000] {processor.py:175} INFO - Processing /opt/airflow/dags/tocheckrun.py took 0.088 seconds
[2023-06-07T09:38:03.586+0000] {processor.py:153} INFO - Started process (PID=4109) to work on /opt/airflow/dags/tocheckrun.py
[2023-06-07T09:38:03.588+0000] {processor.py:743} INFO - Processing file /opt/airflow/dags/tocheckrun.py for tasks to queue
[2023-06-07T09:38:03.590+0000] {logging_mixin.py:137} INFO - [2023-06-07T09:38:03.590+0000] {dagbag.py:538} INFO - Filling up the DagBag from /opt/airflow/dags/tocheckrun.py
[2023-06-07T09:38:03.603+0000] {processor.py:753} INFO - DAG(s) dict_keys(['check_all_dags_run']) retrieved from /opt/airflow/dags/tocheckrun.py
[2023-06-07T09:38:03.621+0000] {logging_mixin.py:137} INFO - [2023-06-07T09:38:03.621+0000] {dag.py:2676} INFO - Sync 1 DAGs
[2023-06-07T09:38:03.652+0000] {logging_mixin.py:137} INFO - [2023-06-07T09:38:03.651+0000] {dag.py:3427} INFO - Setting next_dagrun for check_all_dags_run to 2023-06-05T00:00:00+00:00, run_after=2023-06-06T00:00:00+00:00
[2023-06-07T09:38:03.672+0000] {processor.py:175} INFO - Processing /opt/airflow/dags/tocheckrun.py took 0.090 seconds
[2023-06-07T09:38:34.163+0000] {processor.py:153} INFO - Started process (PID=4143) to work on /opt/airflow/dags/tocheckrun.py
[2023-06-07T09:38:34.166+0000] {processor.py:743} INFO - Processing file /opt/airflow/dags/tocheckrun.py for tasks to queue
[2023-06-07T09:38:34.169+0000] {logging_mixin.py:137} INFO - [2023-06-07T09:38:34.169+0000] {dagbag.py:538} INFO - Filling up the DagBag from /opt/airflow/dags/tocheckrun.py
[2023-06-07T09:38:34.189+0000] {processor.py:753} INFO - DAG(s) dict_keys(['check_all_dags_run']) retrieved from /opt/airflow/dags/tocheckrun.py
[2023-06-07T09:38:34.297+0000] {logging_mixin.py:137} INFO - [2023-06-07T09:38:34.297+0000] {dag.py:2676} INFO - Sync 1 DAGs
[2023-06-07T09:38:34.336+0000] {logging_mixin.py:137} INFO - [2023-06-07T09:38:34.336+0000] {dag.py:3427} INFO - Setting next_dagrun for check_all_dags_run to 2023-06-05T00:00:00+00:00, run_after=2023-06-06T00:00:00+00:00
[2023-06-07T09:38:34.378+0000] {processor.py:175} INFO - Processing /opt/airflow/dags/tocheckrun.py took 0.220 seconds
[2023-06-07T09:39:04.866+0000] {processor.py:153} INFO - Started process (PID=4192) to work on /opt/airflow/dags/tocheckrun.py
[2023-06-07T09:39:04.868+0000] {processor.py:743} INFO - Processing file /opt/airflow/dags/tocheckrun.py for tasks to queue
[2023-06-07T09:39:04.870+0000] {logging_mixin.py:137} INFO - [2023-06-07T09:39:04.870+0000] {dagbag.py:538} INFO - Filling up the DagBag from /opt/airflow/dags/tocheckrun.py
[2023-06-07T09:39:04.887+0000] {processor.py:753} INFO - DAG(s) dict_keys(['check_all_dags_run']) retrieved from /opt/airflow/dags/tocheckrun.py
[2023-06-07T09:39:04.907+0000] {logging_mixin.py:137} INFO - [2023-06-07T09:39:04.907+0000] {dag.py:2676} INFO - Sync 1 DAGs
[2023-06-07T09:39:04.941+0000] {logging_mixin.py:137} INFO - [2023-06-07T09:39:04.941+0000] {dag.py:3427} INFO - Setting next_dagrun for check_all_dags_run to 2023-06-05T00:00:00+00:00, run_after=2023-06-06T00:00:00+00:00
[2023-06-07T09:39:04.964+0000] {processor.py:175} INFO - Processing /opt/airflow/dags/tocheckrun.py took 0.103 seconds
[2023-06-07T09:48:26.926+0000] {processor.py:153} INFO - Started process (PID=49) to work on /opt/airflow/dags/tocheckrun.py
[2023-06-07T09:48:26.929+0000] {processor.py:743} INFO - Processing file /opt/airflow/dags/tocheckrun.py for tasks to queue
[2023-06-07T09:48:26.933+0000] {logging_mixin.py:137} INFO - [2023-06-07T09:48:26.932+0000] {dagbag.py:538} INFO - Filling up the DagBag from /opt/airflow/dags/tocheckrun.py
[2023-06-07T09:48:27.018+0000] {processor.py:753} INFO - DAG(s) dict_keys(['check_all_dags_run']) retrieved from /opt/airflow/dags/tocheckrun.py
[2023-06-07T09:48:27.078+0000] {logging_mixin.py:137} INFO - [2023-06-07T09:48:27.077+0000] {dag.py:2676} INFO - Sync 1 DAGs
[2023-06-07T09:48:27.138+0000] {logging_mixin.py:137} INFO - [2023-06-07T09:48:27.138+0000] {dag.py:3427} INFO - Setting next_dagrun for check_all_dags_run to 2023-06-05T00:00:00+00:00, run_after=2023-06-06T00:00:00+00:00
[2023-06-07T09:48:27.182+0000] {processor.py:175} INFO - Processing /opt/airflow/dags/tocheckrun.py took 0.264 seconds
[2023-06-07T09:48:58.076+0000] {processor.py:153} INFO - Started process (PID=88) to work on /opt/airflow/dags/tocheckrun.py
[2023-06-07T09:48:58.079+0000] {processor.py:743} INFO - Processing file /opt/airflow/dags/tocheckrun.py for tasks to queue
[2023-06-07T09:48:58.081+0000] {logging_mixin.py:137} INFO - [2023-06-07T09:48:58.081+0000] {dagbag.py:538} INFO - Filling up the DagBag from /opt/airflow/dags/tocheckrun.py
[2023-06-07T09:48:58.107+0000] {processor.py:753} INFO - DAG(s) dict_keys(['check_all_dags_run']) retrieved from /opt/airflow/dags/tocheckrun.py
[2023-06-07T09:48:58.139+0000] {logging_mixin.py:137} INFO - [2023-06-07T09:48:58.139+0000] {dag.py:2676} INFO - Sync 1 DAGs
[2023-06-07T09:48:58.174+0000] {logging_mixin.py:137} INFO - [2023-06-07T09:48:58.174+0000] {dag.py:3427} INFO - Setting next_dagrun for check_all_dags_run to 2023-06-05T00:00:00+00:00, run_after=2023-06-06T00:00:00+00:00
[2023-06-07T09:48:58.197+0000] {processor.py:175} INFO - Processing /opt/airflow/dags/tocheckrun.py took 0.125 seconds
[2023-06-07T09:49:28.638+0000] {processor.py:153} INFO - Started process (PID=123) to work on /opt/airflow/dags/tocheckrun.py
[2023-06-07T09:49:28.641+0000] {processor.py:743} INFO - Processing file /opt/airflow/dags/tocheckrun.py for tasks to queue
[2023-06-07T09:49:28.643+0000] {logging_mixin.py:137} INFO - [2023-06-07T09:49:28.643+0000] {dagbag.py:538} INFO - Filling up the DagBag from /opt/airflow/dags/tocheckrun.py
[2023-06-07T09:49:28.670+0000] {processor.py:753} INFO - DAG(s) dict_keys(['check_all_dags_run']) retrieved from /opt/airflow/dags/tocheckrun.py
[2023-06-07T09:49:28.704+0000] {logging_mixin.py:137} INFO - [2023-06-07T09:49:28.704+0000] {dag.py:2676} INFO - Sync 1 DAGs
[2023-06-07T09:49:28.740+0000] {logging_mixin.py:137} INFO - [2023-06-07T09:49:28.740+0000] {dag.py:3427} INFO - Setting next_dagrun for check_all_dags_run to 2023-06-05T00:00:00+00:00, run_after=2023-06-06T00:00:00+00:00
[2023-06-07T09:49:28.767+0000] {processor.py:175} INFO - Processing /opt/airflow/dags/tocheckrun.py took 0.135 seconds
[2023-06-07T09:49:59.021+0000] {processor.py:153} INFO - Started process (PID=171) to work on /opt/airflow/dags/tocheckrun.py
[2023-06-07T09:49:59.024+0000] {processor.py:743} INFO - Processing file /opt/airflow/dags/tocheckrun.py for tasks to queue
[2023-06-07T09:49:59.026+0000] {logging_mixin.py:137} INFO - [2023-06-07T09:49:59.025+0000] {dagbag.py:538} INFO - Filling up the DagBag from /opt/airflow/dags/tocheckrun.py
[2023-06-07T09:49:59.057+0000] {processor.py:753} INFO - DAG(s) dict_keys(['check_all_dags_run']) retrieved from /opt/airflow/dags/tocheckrun.py
[2023-06-07T09:49:59.099+0000] {logging_mixin.py:137} INFO - [2023-06-07T09:49:59.098+0000] {dag.py:2676} INFO - Sync 1 DAGs
[2023-06-07T09:49:59.140+0000] {logging_mixin.py:137} INFO - [2023-06-07T09:49:59.140+0000] {dag.py:3427} INFO - Setting next_dagrun for check_all_dags_run to 2023-06-05T00:00:00+00:00, run_after=2023-06-06T00:00:00+00:00
[2023-06-07T09:49:59.166+0000] {processor.py:175} INFO - Processing /opt/airflow/dags/tocheckrun.py took 0.150 seconds
[2023-06-07T09:50:29.252+0000] {processor.py:153} INFO - Started process (PID=206) to work on /opt/airflow/dags/tocheckrun.py
[2023-06-07T09:50:29.254+0000] {processor.py:743} INFO - Processing file /opt/airflow/dags/tocheckrun.py for tasks to queue
[2023-06-07T09:50:29.256+0000] {logging_mixin.py:137} INFO - [2023-06-07T09:50:29.256+0000] {dagbag.py:538} INFO - Filling up the DagBag from /opt/airflow/dags/tocheckrun.py
[2023-06-07T09:50:29.277+0000] {processor.py:753} INFO - DAG(s) dict_keys(['check_all_dags_run']) retrieved from /opt/airflow/dags/tocheckrun.py
[2023-06-07T09:50:29.307+0000] {logging_mixin.py:137} INFO - [2023-06-07T09:50:29.307+0000] {dag.py:2676} INFO - Sync 1 DAGs
[2023-06-07T09:50:29.342+0000] {logging_mixin.py:137} INFO - [2023-06-07T09:50:29.342+0000] {dag.py:3427} INFO - Setting next_dagrun for check_all_dags_run to 2023-06-05T00:00:00+00:00, run_after=2023-06-06T00:00:00+00:00
[2023-06-07T09:50:29.363+0000] {processor.py:175} INFO - Processing /opt/airflow/dags/tocheckrun.py took 0.115 seconds
[2023-06-07T09:50:59.936+0000] {processor.py:153} INFO - Started process (PID=240) to work on /opt/airflow/dags/tocheckrun.py
[2023-06-07T09:50:59.940+0000] {processor.py:743} INFO - Processing file /opt/airflow/dags/tocheckrun.py for tasks to queue
[2023-06-07T09:50:59.945+0000] {logging_mixin.py:137} INFO - [2023-06-07T09:50:59.944+0000] {dagbag.py:538} INFO - Filling up the DagBag from /opt/airflow/dags/tocheckrun.py
[2023-06-07T09:51:00.027+0000] {processor.py:753} INFO - DAG(s) dict_keys(['check_all_dags_run']) retrieved from /opt/airflow/dags/tocheckrun.py
[2023-06-07T09:51:00.112+0000] {logging_mixin.py:137} INFO - [2023-06-07T09:51:00.111+0000] {dag.py:2676} INFO - Sync 1 DAGs
[2023-06-07T09:51:00.235+0000] {logging_mixin.py:137} INFO - [2023-06-07T09:51:00.235+0000] {dag.py:3427} INFO - Setting next_dagrun for check_all_dags_run to 2023-06-05T00:00:00+00:00, run_after=2023-06-06T00:00:00+00:00
[2023-06-07T09:51:00.298+0000] {processor.py:175} INFO - Processing /opt/airflow/dags/tocheckrun.py took 0.370 seconds
[2023-06-07T09:51:30.425+0000] {processor.py:153} INFO - Started process (PID=288) to work on /opt/airflow/dags/tocheckrun.py
[2023-06-07T09:51:30.428+0000] {processor.py:743} INFO - Processing file /opt/airflow/dags/tocheckrun.py for tasks to queue
[2023-06-07T09:51:30.431+0000] {logging_mixin.py:137} INFO - [2023-06-07T09:51:30.430+0000] {dagbag.py:538} INFO - Filling up the DagBag from /opt/airflow/dags/tocheckrun.py
[2023-06-07T09:51:30.463+0000] {processor.py:753} INFO - DAG(s) dict_keys(['check_all_dags_run']) retrieved from /opt/airflow/dags/tocheckrun.py
[2023-06-07T09:51:30.506+0000] {logging_mixin.py:137} INFO - [2023-06-07T09:51:30.505+0000] {dag.py:2676} INFO - Sync 1 DAGs
[2023-06-07T09:51:30.559+0000] {logging_mixin.py:137} INFO - [2023-06-07T09:51:30.559+0000] {dag.py:3427} INFO - Setting next_dagrun for check_all_dags_run to 2023-06-05T00:00:00+00:00, run_after=2023-06-06T00:00:00+00:00
[2023-06-07T09:51:30.594+0000] {processor.py:175} INFO - Processing /opt/airflow/dags/tocheckrun.py took 0.175 seconds
[2023-06-07T09:52:01.282+0000] {processor.py:153} INFO - Started process (PID=323) to work on /opt/airflow/dags/tocheckrun.py
[2023-06-07T09:52:01.285+0000] {processor.py:743} INFO - Processing file /opt/airflow/dags/tocheckrun.py for tasks to queue
[2023-06-07T09:52:01.288+0000] {logging_mixin.py:137} INFO - [2023-06-07T09:52:01.288+0000] {dagbag.py:538} INFO - Filling up the DagBag from /opt/airflow/dags/tocheckrun.py
[2023-06-07T09:52:01.314+0000] {processor.py:753} INFO - DAG(s) dict_keys(['check_all_dags_run']) retrieved from /opt/airflow/dags/tocheckrun.py
[2023-06-07T09:52:01.401+0000] {logging_mixin.py:137} INFO - [2023-06-07T09:52:01.401+0000] {dag.py:2676} INFO - Sync 1 DAGs
[2023-06-07T09:52:01.450+0000] {logging_mixin.py:137} INFO - [2023-06-07T09:52:01.450+0000] {dag.py:3427} INFO - Setting next_dagrun for check_all_dags_run to 2023-06-05T00:00:00+00:00, run_after=2023-06-06T00:00:00+00:00
[2023-06-07T09:52:01.472+0000] {processor.py:175} INFO - Processing /opt/airflow/dags/tocheckrun.py took 0.195 seconds
[2023-06-07T09:52:31.540+0000] {processor.py:153} INFO - Started process (PID=367) to work on /opt/airflow/dags/tocheckrun.py
[2023-06-07T09:52:31.542+0000] {processor.py:743} INFO - Processing file /opt/airflow/dags/tocheckrun.py for tasks to queue
[2023-06-07T09:52:31.544+0000] {logging_mixin.py:137} INFO - [2023-06-07T09:52:31.544+0000] {dagbag.py:538} INFO - Filling up the DagBag from /opt/airflow/dags/tocheckrun.py
[2023-06-07T09:52:31.567+0000] {processor.py:753} INFO - DAG(s) dict_keys(['check_all_dags_run']) retrieved from /opt/airflow/dags/tocheckrun.py
[2023-06-07T09:52:31.616+0000] {logging_mixin.py:137} INFO - [2023-06-07T09:52:31.616+0000] {dag.py:2676} INFO - Sync 1 DAGs
[2023-06-07T09:52:31.652+0000] {logging_mixin.py:137} INFO - [2023-06-07T09:52:31.651+0000] {dag.py:3427} INFO - Setting next_dagrun for check_all_dags_run to 2023-06-05T00:00:00+00:00, run_after=2023-06-06T00:00:00+00:00
[2023-06-07T09:52:31.676+0000] {processor.py:175} INFO - Processing /opt/airflow/dags/tocheckrun.py took 0.141 seconds
[2023-06-07T09:53:02.345+0000] {processor.py:153} INFO - Started process (PID=407) to work on /opt/airflow/dags/tocheckrun.py
[2023-06-07T09:53:02.347+0000] {processor.py:743} INFO - Processing file /opt/airflow/dags/tocheckrun.py for tasks to queue
[2023-06-07T09:53:02.349+0000] {logging_mixin.py:137} INFO - [2023-06-07T09:53:02.349+0000] {dagbag.py:538} INFO - Filling up the DagBag from /opt/airflow/dags/tocheckrun.py
[2023-06-07T09:53:02.371+0000] {processor.py:753} INFO - DAG(s) dict_keys(['check_all_dags_run']) retrieved from /opt/airflow/dags/tocheckrun.py
[2023-06-07T09:53:02.467+0000] {logging_mixin.py:137} INFO - [2023-06-07T09:53:02.467+0000] {dag.py:2676} INFO - Sync 1 DAGs
[2023-06-07T09:53:02.498+0000] {logging_mixin.py:137} INFO - [2023-06-07T09:53:02.498+0000] {dag.py:3427} INFO - Setting next_dagrun for check_all_dags_run to 2023-06-05T00:00:00+00:00, run_after=2023-06-06T00:00:00+00:00
[2023-06-07T09:53:02.518+0000] {processor.py:175} INFO - Processing /opt/airflow/dags/tocheckrun.py took 0.178 seconds
[2023-06-07T09:53:33.162+0000] {processor.py:153} INFO - Started process (PID=450) to work on /opt/airflow/dags/tocheckrun.py
[2023-06-07T09:53:33.164+0000] {processor.py:743} INFO - Processing file /opt/airflow/dags/tocheckrun.py for tasks to queue
[2023-06-07T09:53:33.166+0000] {logging_mixin.py:137} INFO - [2023-06-07T09:53:33.166+0000] {dagbag.py:538} INFO - Filling up the DagBag from /opt/airflow/dags/tocheckrun.py
[2023-06-07T09:53:33.192+0000] {processor.py:753} INFO - DAG(s) dict_keys(['check_all_dags_run']) retrieved from /opt/airflow/dags/tocheckrun.py
[2023-06-07T09:53:33.225+0000] {logging_mixin.py:137} INFO - [2023-06-07T09:53:33.225+0000] {dag.py:2676} INFO - Sync 1 DAGs
[2023-06-07T09:53:33.261+0000] {logging_mixin.py:137} INFO - [2023-06-07T09:53:33.261+0000] {dag.py:3427} INFO - Setting next_dagrun for check_all_dags_run to 2023-06-05T00:00:00+00:00, run_after=2023-06-06T00:00:00+00:00
[2023-06-07T09:53:33.287+0000] {processor.py:175} INFO - Processing /opt/airflow/dags/tocheckrun.py took 0.129 seconds
[2023-06-07T09:54:03.717+0000] {processor.py:153} INFO - Started process (PID=491) to work on /opt/airflow/dags/tocheckrun.py
[2023-06-07T09:54:03.719+0000] {processor.py:743} INFO - Processing file /opt/airflow/dags/tocheckrun.py for tasks to queue
[2023-06-07T09:54:03.723+0000] {logging_mixin.py:137} INFO - [2023-06-07T09:54:03.722+0000] {dagbag.py:538} INFO - Filling up the DagBag from /opt/airflow/dags/tocheckrun.py
[2023-06-07T09:54:03.750+0000] {processor.py:753} INFO - DAG(s) dict_keys(['check_all_dags_run']) retrieved from /opt/airflow/dags/tocheckrun.py
[2023-06-07T09:54:03.839+0000] {logging_mixin.py:137} INFO - [2023-06-07T09:54:03.839+0000] {dag.py:2676} INFO - Sync 1 DAGs
[2023-06-07T09:54:03.871+0000] {logging_mixin.py:137} INFO - [2023-06-07T09:54:03.871+0000] {dag.py:3427} INFO - Setting next_dagrun for check_all_dags_run to 2023-06-05T00:00:00+00:00, run_after=2023-06-06T00:00:00+00:00
[2023-06-07T09:54:03.897+0000] {processor.py:175} INFO - Processing /opt/airflow/dags/tocheckrun.py took 0.185 seconds
[2023-06-07T09:54:34.391+0000] {processor.py:153} INFO - Started process (PID=526) to work on /opt/airflow/dags/tocheckrun.py
[2023-06-07T09:54:34.394+0000] {processor.py:743} INFO - Processing file /opt/airflow/dags/tocheckrun.py for tasks to queue
[2023-06-07T09:54:34.396+0000] {logging_mixin.py:137} INFO - [2023-06-07T09:54:34.396+0000] {dagbag.py:538} INFO - Filling up the DagBag from /opt/airflow/dags/tocheckrun.py
[2023-06-07T09:54:34.428+0000] {processor.py:753} INFO - DAG(s) dict_keys(['check_all_dags_run']) retrieved from /opt/airflow/dags/tocheckrun.py
[2023-06-07T09:54:34.484+0000] {logging_mixin.py:137} INFO - [2023-06-07T09:54:34.483+0000] {dag.py:2676} INFO - Sync 1 DAGs
[2023-06-07T09:54:34.527+0000] {logging_mixin.py:137} INFO - [2023-06-07T09:54:34.526+0000] {dag.py:3427} INFO - Setting next_dagrun for check_all_dags_run to 2023-06-05T00:00:00+00:00, run_after=2023-06-06T00:00:00+00:00
[2023-06-07T09:54:34.559+0000] {processor.py:175} INFO - Processing /opt/airflow/dags/tocheckrun.py took 0.173 seconds
[2023-06-07T09:55:05.159+0000] {processor.py:153} INFO - Started process (PID=575) to work on /opt/airflow/dags/tocheckrun.py
[2023-06-07T09:55:05.161+0000] {processor.py:743} INFO - Processing file /opt/airflow/dags/tocheckrun.py for tasks to queue
[2023-06-07T09:55:05.164+0000] {logging_mixin.py:137} INFO - [2023-06-07T09:55:05.163+0000] {dagbag.py:538} INFO - Filling up the DagBag from /opt/airflow/dags/tocheckrun.py
[2023-06-07T09:55:05.189+0000] {processor.py:753} INFO - DAG(s) dict_keys(['check_all_dags_run']) retrieved from /opt/airflow/dags/tocheckrun.py
[2023-06-07T09:55:05.279+0000] {logging_mixin.py:137} INFO - [2023-06-07T09:55:05.279+0000] {dag.py:2676} INFO - Sync 1 DAGs
[2023-06-07T09:55:05.308+0000] {logging_mixin.py:137} INFO - [2023-06-07T09:55:05.308+0000] {dag.py:3427} INFO - Setting next_dagrun for check_all_dags_run to 2023-06-05T00:00:00+00:00, run_after=2023-06-06T00:00:00+00:00
[2023-06-07T09:55:05.332+0000] {processor.py:175} INFO - Processing /opt/airflow/dags/tocheckrun.py took 0.178 seconds
[2023-06-07T09:55:35.768+0000] {processor.py:153} INFO - Started process (PID=611) to work on /opt/airflow/dags/tocheckrun.py
[2023-06-07T09:55:35.771+0000] {processor.py:743} INFO - Processing file /opt/airflow/dags/tocheckrun.py for tasks to queue
[2023-06-07T09:55:35.772+0000] {logging_mixin.py:137} INFO - [2023-06-07T09:55:35.772+0000] {dagbag.py:538} INFO - Filling up the DagBag from /opt/airflow/dags/tocheckrun.py
[2023-06-07T09:55:35.797+0000] {processor.py:753} INFO - DAG(s) dict_keys(['check_all_dags_run']) retrieved from /opt/airflow/dags/tocheckrun.py
[2023-06-07T09:55:35.856+0000] {logging_mixin.py:137} INFO - [2023-06-07T09:55:35.855+0000] {dag.py:2676} INFO - Sync 1 DAGs
[2023-06-07T09:55:35.897+0000] {logging_mixin.py:137} INFO - [2023-06-07T09:55:35.897+0000] {dag.py:3427} INFO - Setting next_dagrun for check_all_dags_run to 2023-06-05T00:00:00+00:00, run_after=2023-06-06T00:00:00+00:00
[2023-06-07T09:55:35.931+0000] {processor.py:175} INFO - Processing /opt/airflow/dags/tocheckrun.py took 0.167 seconds
[2023-06-07T09:56:06.596+0000] {processor.py:153} INFO - Started process (PID=660) to work on /opt/airflow/dags/tocheckrun.py
[2023-06-07T09:56:06.599+0000] {processor.py:743} INFO - Processing file /opt/airflow/dags/tocheckrun.py for tasks to queue
[2023-06-07T09:56:06.601+0000] {logging_mixin.py:137} INFO - [2023-06-07T09:56:06.601+0000] {dagbag.py:538} INFO - Filling up the DagBag from /opt/airflow/dags/tocheckrun.py
[2023-06-07T09:56:06.623+0000] {processor.py:753} INFO - DAG(s) dict_keys(['check_all_dags_run']) retrieved from /opt/airflow/dags/tocheckrun.py
[2023-06-07T09:56:06.722+0000] {logging_mixin.py:137} INFO - [2023-06-07T09:56:06.722+0000] {dag.py:2676} INFO - Sync 1 DAGs
[2023-06-07T09:56:06.753+0000] {logging_mixin.py:137} INFO - [2023-06-07T09:56:06.753+0000] {dag.py:3427} INFO - Setting next_dagrun for check_all_dags_run to 2023-06-05T00:00:00+00:00, run_after=2023-06-06T00:00:00+00:00
[2023-06-07T09:56:06.775+0000] {processor.py:175} INFO - Processing /opt/airflow/dags/tocheckrun.py took 0.184 seconds
[2023-06-07T09:56:36.938+0000] {processor.py:153} INFO - Started process (PID=694) to work on /opt/airflow/dags/tocheckrun.py
[2023-06-07T09:56:36.940+0000] {processor.py:743} INFO - Processing file /opt/airflow/dags/tocheckrun.py for tasks to queue
[2023-06-07T09:56:36.942+0000] {logging_mixin.py:137} INFO - [2023-06-07T09:56:36.942+0000] {dagbag.py:538} INFO - Filling up the DagBag from /opt/airflow/dags/tocheckrun.py
[2023-06-07T09:56:36.969+0000] {processor.py:753} INFO - DAG(s) dict_keys(['check_all_dags_run']) retrieved from /opt/airflow/dags/tocheckrun.py
[2023-06-07T09:56:37.019+0000] {logging_mixin.py:137} INFO - [2023-06-07T09:56:37.019+0000] {dag.py:2676} INFO - Sync 1 DAGs
[2023-06-07T09:56:37.062+0000] {logging_mixin.py:137} INFO - [2023-06-07T09:56:37.061+0000] {dag.py:3427} INFO - Setting next_dagrun for check_all_dags_run to 2023-06-05T00:00:00+00:00, run_after=2023-06-06T00:00:00+00:00
[2023-06-07T09:56:37.094+0000] {processor.py:175} INFO - Processing /opt/airflow/dags/tocheckrun.py took 0.161 seconds
[2023-06-07T09:57:07.671+0000] {processor.py:153} INFO - Started process (PID=743) to work on /opt/airflow/dags/tocheckrun.py
[2023-06-07T09:57:07.674+0000] {processor.py:743} INFO - Processing file /opt/airflow/dags/tocheckrun.py for tasks to queue
[2023-06-07T09:57:07.676+0000] {logging_mixin.py:137} INFO - [2023-06-07T09:57:07.676+0000] {dagbag.py:538} INFO - Filling up the DagBag from /opt/airflow/dags/tocheckrun.py
[2023-06-07T09:57:07.703+0000] {processor.py:753} INFO - DAG(s) dict_keys(['check_all_dags_run']) retrieved from /opt/airflow/dags/tocheckrun.py
[2023-06-07T09:57:07.791+0000] {logging_mixin.py:137} INFO - [2023-06-07T09:57:07.791+0000] {dag.py:2676} INFO - Sync 1 DAGs
[2023-06-07T09:57:07.821+0000] {logging_mixin.py:137} INFO - [2023-06-07T09:57:07.821+0000] {dag.py:3427} INFO - Setting next_dagrun for check_all_dags_run to 2023-06-05T00:00:00+00:00, run_after=2023-06-06T00:00:00+00:00
[2023-06-07T09:57:07.846+0000] {processor.py:175} INFO - Processing /opt/airflow/dags/tocheckrun.py took 0.180 seconds
[2023-06-07T09:57:38.342+0000] {processor.py:153} INFO - Started process (PID=775) to work on /opt/airflow/dags/tocheckrun.py
[2023-06-07T09:57:38.346+0000] {processor.py:743} INFO - Processing file /opt/airflow/dags/tocheckrun.py for tasks to queue
[2023-06-07T09:57:38.348+0000] {logging_mixin.py:137} INFO - [2023-06-07T09:57:38.348+0000] {dagbag.py:538} INFO - Filling up the DagBag from /opt/airflow/dags/tocheckrun.py
[2023-06-07T09:57:38.381+0000] {processor.py:753} INFO - DAG(s) dict_keys(['check_all_dags_run']) retrieved from /opt/airflow/dags/tocheckrun.py
[2023-06-07T09:57:38.448+0000] {logging_mixin.py:137} INFO - [2023-06-07T09:57:38.448+0000] {dag.py:2676} INFO - Sync 1 DAGs
[2023-06-07T09:57:38.524+0000] {logging_mixin.py:137} INFO - [2023-06-07T09:57:38.523+0000] {dag.py:3427} INFO - Setting next_dagrun for check_all_dags_run to 2023-06-05T00:00:00+00:00, run_after=2023-06-06T00:00:00+00:00
[2023-06-07T09:57:38.552+0000] {processor.py:175} INFO - Processing /opt/airflow/dags/tocheckrun.py took 0.214 seconds
