[2023-05-30T11:29:14.461+0000] {taskinstance.py:1087} INFO - Dependencies all met for <TaskInstance: our_first_dag_v5.thrid_task scheduled__2021-10-11T00:00:00+00:00 [queued]>
[2023-05-30T11:29:14.499+0000] {taskinstance.py:1087} INFO - Dependencies all met for <TaskInstance: our_first_dag_v5.thrid_task scheduled__2021-10-11T00:00:00+00:00 [queued]>
[2023-05-30T11:29:14.500+0000] {taskinstance.py:1283} INFO - 
--------------------------------------------------------------------------------
[2023-05-30T11:29:14.501+0000] {taskinstance.py:1284} INFO - Starting attempt 1 of 6
[2023-05-30T11:29:14.502+0000] {taskinstance.py:1285} INFO - 
--------------------------------------------------------------------------------
[2023-05-30T11:29:14.555+0000] {taskinstance.py:1304} INFO - Executing <Task(BashOperator): thrid_task> on 2021-10-11 00:00:00+00:00
[2023-05-30T11:29:14.564+0000] {standard_task_runner.py:55} INFO - Started process 2418 to run task
[2023-05-30T11:29:14.589+0000] {standard_task_runner.py:82} INFO - Running: ['***', 'tasks', 'run', 'our_first_dag_v5', 'thrid_task', 'scheduled__2021-10-11T00:00:00+00:00', '--job-id', '230', '--raw', '--subdir', 'DAGS_FOLDER/first_Dag.py', '--cfg-path', '/tmp/tmpozu49cqz']
[2023-05-30T11:29:14.599+0000] {standard_task_runner.py:83} INFO - Job 230: Subtask thrid_task
[2023-05-30T11:29:14.816+0000] {task_command.py:389} INFO - Running <TaskInstance: our_first_dag_v5.thrid_task scheduled__2021-10-11T00:00:00+00:00 [running]> on host 49219f98c96e
[2023-05-30T11:29:15.025+0000] {taskinstance.py:1513} INFO - Exporting the following env vars:
AIRFLOW_CTX_DAG_OWNER=coder2j
AIRFLOW_CTX_DAG_ID=our_first_dag_v5
AIRFLOW_CTX_TASK_ID=thrid_task
AIRFLOW_CTX_EXECUTION_DATE=2021-10-11T00:00:00+00:00
AIRFLOW_CTX_TRY_NUMBER=1
AIRFLOW_CTX_DAG_RUN_ID=scheduled__2021-10-11T00:00:00+00:00
[2023-05-30T11:29:15.029+0000] {subprocess.py:63} INFO - Tmp dir root location: 
 /tmp
[2023-05-30T11:29:15.032+0000] {subprocess.py:75} INFO - Running command: ['/bin/bash', '-c', 'echo hey, I am task3 and will be running after task1 at the same time as task2!']
[2023-05-30T11:29:15.111+0000] {subprocess.py:86} INFO - Output:
[2023-05-30T11:29:15.116+0000] {subprocess.py:93} INFO - hey, I am task3 and will be running after task1 at the same time as task2!
[2023-05-30T11:29:15.117+0000] {subprocess.py:97} INFO - Command exited with return code 0
[2023-05-30T11:29:15.194+0000] {taskinstance.py:1327} INFO - Marking task as SUCCESS. dag_id=our_first_dag_v5, task_id=thrid_task, execution_date=20211011T000000, start_date=20230530T112914, end_date=20230530T112915
[2023-05-30T11:29:15.374+0000] {local_task_job.py:159} INFO - Task exited with return code 0
[2023-05-30T11:29:15.423+0000] {taskinstance.py:2582} INFO - 0 downstream tasks scheduled from follow-on schedule check
[2023-06-07T06:33:32.878+0000] {taskinstance.py:1087} INFO - Dependencies all met for <TaskInstance: our_first_dag_v5.thrid_task scheduled__2021-10-11T00:00:00+00:00 [queued]>
[2023-06-07T06:33:33.005+0000] {taskinstance.py:1087} INFO - Dependencies all met for <TaskInstance: our_first_dag_v5.thrid_task scheduled__2021-10-11T00:00:00+00:00 [queued]>
[2023-06-07T06:33:33.010+0000] {taskinstance.py:1283} INFO - 
--------------------------------------------------------------------------------
[2023-06-07T06:33:33.017+0000] {taskinstance.py:1284} INFO - Starting attempt 1 of 6
[2023-06-07T06:33:33.021+0000] {taskinstance.py:1285} INFO - 
--------------------------------------------------------------------------------
[2023-06-07T06:33:33.237+0000] {taskinstance.py:1304} INFO - Executing <Task(BashOperator): thrid_task> on 2021-10-11 00:00:00+00:00
[2023-06-07T06:33:33.254+0000] {standard_task_runner.py:55} INFO - Started process 1624 to run task
[2023-06-07T06:33:33.276+0000] {standard_task_runner.py:82} INFO - Running: ['***', 'tasks', 'run', 'our_first_dag_v5', 'thrid_task', 'scheduled__2021-10-11T00:00:00+00:00', '--job-id', '1440', '--raw', '--subdir', 'DAGS_FOLDER/first_Dag.py', '--cfg-path', '/tmp/tmp9wd574rm']
[2023-06-07T06:33:33.306+0000] {standard_task_runner.py:83} INFO - Job 1440: Subtask thrid_task
[2023-06-07T06:33:33.618+0000] {task_command.py:389} INFO - Running <TaskInstance: our_first_dag_v5.thrid_task scheduled__2021-10-11T00:00:00+00:00 [running]> on host 026ed797f3b3
[2023-06-07T06:33:33.940+0000] {taskinstance.py:1513} INFO - Exporting the following env vars:
AIRFLOW_CTX_DAG_OWNER=coder2j
AIRFLOW_CTX_DAG_ID=our_first_dag_v5
AIRFLOW_CTX_TASK_ID=thrid_task
AIRFLOW_CTX_EXECUTION_DATE=2021-10-11T00:00:00+00:00
AIRFLOW_CTX_TRY_NUMBER=1
AIRFLOW_CTX_DAG_RUN_ID=scheduled__2021-10-11T00:00:00+00:00
[2023-06-07T06:33:33.948+0000] {subprocess.py:63} INFO - Tmp dir root location: 
 /tmp
[2023-06-07T06:33:33.953+0000] {subprocess.py:75} INFO - Running command: ['/bin/bash', '-c', 'echo hey, I am task3 and will be running after task1 at the same time as task2!']
[2023-06-07T06:33:34.005+0000] {subprocess.py:86} INFO - Output:
[2023-06-07T06:33:34.007+0000] {subprocess.py:93} INFO - hey, I am task3 and will be running after task1 at the same time as task2!
[2023-06-07T06:33:34.009+0000] {subprocess.py:97} INFO - Command exited with return code 0
[2023-06-07T06:33:34.098+0000] {taskinstance.py:1327} INFO - Marking task as SUCCESS. dag_id=our_first_dag_v5, task_id=thrid_task, execution_date=20211011T000000, start_date=20230607T063332, end_date=20230607T063334
[2023-06-07T06:33:34.221+0000] {local_task_job.py:159} INFO - Task exited with return code 0
[2023-06-07T06:33:34.498+0000] {taskinstance.py:2582} INFO - 0 downstream tasks scheduled from follow-on schedule check
