[2023-05-30T12:37:32.692+0000] {taskinstance.py:1087} INFO - Dependencies all met for <TaskInstance: our_dag_with_python_operator_v07.get_age scheduled__2022-11-19T00:00:00+00:00 [queued]>
[2023-05-30T12:37:32.771+0000] {taskinstance.py:1087} INFO - Dependencies all met for <TaskInstance: our_dag_with_python_operator_v07.get_age scheduled__2022-11-19T00:00:00+00:00 [queued]>
[2023-05-30T12:37:32.773+0000] {taskinstance.py:1283} INFO - 
--------------------------------------------------------------------------------
[2023-05-30T12:37:32.775+0000] {taskinstance.py:1284} INFO - Starting attempt 1 of 6
[2023-05-30T12:37:32.777+0000] {taskinstance.py:1285} INFO - 
--------------------------------------------------------------------------------
[2023-05-30T12:37:33.020+0000] {taskinstance.py:1304} INFO - Executing <Task(PythonOperator): get_age> on 2022-11-19 00:00:00+00:00
[2023-05-30T12:37:33.041+0000] {standard_task_runner.py:55} INFO - Started process 12028 to run task
[2023-05-30T12:37:33.086+0000] {standard_task_runner.py:82} INFO - Running: ['***', 'tasks', 'run', 'our_dag_with_python_operator_v07', 'get_age', 'scheduled__2022-11-19T00:00:00+00:00', '--job-id', '2343', '--raw', '--subdir', 'DAGS_FOLDER/dag_python_opr.py', '--cfg-path', '/tmp/tmpfrc_trj7']
[2023-05-30T12:37:33.097+0000] {standard_task_runner.py:83} INFO - Job 2343: Subtask get_age
[2023-05-30T12:37:33.477+0000] {task_command.py:389} INFO - Running <TaskInstance: our_dag_with_python_operator_v07.get_age scheduled__2022-11-19T00:00:00+00:00 [running]> on host 49219f98c96e
[2023-05-30T12:37:33.873+0000] {taskinstance.py:1513} INFO - Exporting the following env vars:
AIRFLOW_CTX_DAG_OWNER=coder2j
AIRFLOW_CTX_DAG_ID=our_dag_with_python_operator_v07
AIRFLOW_CTX_TASK_ID=get_age
AIRFLOW_CTX_EXECUTION_DATE=2022-11-19T00:00:00+00:00
AIRFLOW_CTX_TRY_NUMBER=1
AIRFLOW_CTX_DAG_RUN_ID=scheduled__2022-11-19T00:00:00+00:00
[2023-05-30T12:37:33.987+0000] {python.py:177} INFO - Done. Returned value was: None
[2023-05-30T12:37:34.063+0000] {taskinstance.py:1327} INFO - Marking task as SUCCESS. dag_id=our_dag_with_python_operator_v07, task_id=get_age, execution_date=20221119T000000, start_date=20230530T123732, end_date=20230530T123734
[2023-05-30T12:37:34.246+0000] {local_task_job.py:159} INFO - Task exited with return code 0
[2023-05-30T12:37:34.374+0000] {taskinstance.py:2582} INFO - 1 downstream tasks scheduled from follow-on schedule check
