[2023-05-30T11:37:27.329+0000] {taskinstance.py:1087} INFO - Dependencies all met for <TaskInstance: our_dag_with_python_operator_v07.get_name scheduled__2021-12-10T00:00:00+00:00 [queued]>
[2023-05-30T11:37:27.403+0000] {taskinstance.py:1087} INFO - Dependencies all met for <TaskInstance: our_dag_with_python_operator_v07.get_name scheduled__2021-12-10T00:00:00+00:00 [queued]>
[2023-05-30T11:37:27.407+0000] {taskinstance.py:1283} INFO - 
--------------------------------------------------------------------------------
[2023-05-30T11:37:27.409+0000] {taskinstance.py:1284} INFO - Starting attempt 1 of 6
[2023-05-30T11:37:27.412+0000] {taskinstance.py:1285} INFO - 
--------------------------------------------------------------------------------
[2023-05-30T11:37:27.503+0000] {taskinstance.py:1304} INFO - Executing <Task(PythonOperator): get_name> on 2021-12-10 00:00:00+00:00
[2023-05-30T11:37:27.521+0000] {standard_task_runner.py:55} INFO - Started process 5940 to run task
[2023-05-30T11:37:27.556+0000] {standard_task_runner.py:82} INFO - Running: ['***', 'tasks', 'run', 'our_dag_with_python_operator_v07', 'get_name', 'scheduled__2021-12-10T00:00:00+00:00', '--job-id', '1308', '--raw', '--subdir', 'DAGS_FOLDER/dag_python_opr.py', '--cfg-path', '/tmp/tmpz4y45x70']
[2023-05-30T11:37:27.582+0000] {standard_task_runner.py:83} INFO - Job 1308: Subtask get_name
[2023-05-30T11:37:27.923+0000] {task_command.py:389} INFO - Running <TaskInstance: our_dag_with_python_operator_v07.get_name scheduled__2021-12-10T00:00:00+00:00 [running]> on host 49219f98c96e
[2023-05-30T11:37:28.510+0000] {taskinstance.py:1513} INFO - Exporting the following env vars:
AIRFLOW_CTX_DAG_OWNER=coder2j
AIRFLOW_CTX_DAG_ID=our_dag_with_python_operator_v07
AIRFLOW_CTX_TASK_ID=get_name
AIRFLOW_CTX_EXECUTION_DATE=2021-12-10T00:00:00+00:00
AIRFLOW_CTX_TRY_NUMBER=1
AIRFLOW_CTX_DAG_RUN_ID=scheduled__2021-12-10T00:00:00+00:00
[2023-05-30T11:37:28.660+0000] {python.py:177} INFO - Done. Returned value was: None
[2023-05-30T11:37:28.696+0000] {taskinstance.py:1327} INFO - Marking task as SUCCESS. dag_id=our_dag_with_python_operator_v07, task_id=get_name, execution_date=20211210T000000, start_date=20230530T113727, end_date=20230530T113728
[2023-05-30T11:37:28.807+0000] {local_task_job.py:159} INFO - Task exited with return code 0
[2023-05-30T11:37:28.894+0000] {taskinstance.py:2582} INFO - 1 downstream tasks scheduled from follow-on schedule check
[2023-06-07T06:32:58.375+0000] {taskinstance.py:1087} INFO - Dependencies all met for <TaskInstance: our_dag_with_python_operator_v07.get_name scheduled__2021-12-10T00:00:00+00:00 [queued]>
[2023-06-07T06:32:58.469+0000] {taskinstance.py:1087} INFO - Dependencies all met for <TaskInstance: our_dag_with_python_operator_v07.get_name scheduled__2021-12-10T00:00:00+00:00 [queued]>
[2023-06-07T06:32:58.483+0000] {taskinstance.py:1283} INFO - 
--------------------------------------------------------------------------------
[2023-06-07T06:32:58.486+0000] {taskinstance.py:1284} INFO - Starting attempt 1 of 6
[2023-06-07T06:32:58.491+0000] {taskinstance.py:1285} INFO - 
--------------------------------------------------------------------------------
[2023-06-07T06:32:58.746+0000] {taskinstance.py:1304} INFO - Executing <Task(PythonOperator): get_name> on 2021-12-10 00:00:00+00:00
[2023-06-07T06:32:58.774+0000] {standard_task_runner.py:55} INFO - Started process 1351 to run task
[2023-06-07T06:32:58.857+0000] {standard_task_runner.py:82} INFO - Running: ['***', 'tasks', 'run', 'our_dag_with_python_operator_v07', 'get_name', 'scheduled__2021-12-10T00:00:00+00:00', '--job-id', '1343', '--raw', '--subdir', 'DAGS_FOLDER/dag_python_opr.py', '--cfg-path', '/tmp/tmprrsjmh_l']
[2023-06-07T06:32:58.877+0000] {standard_task_runner.py:83} INFO - Job 1343: Subtask get_name
[2023-06-07T06:32:59.382+0000] {task_command.py:389} INFO - Running <TaskInstance: our_dag_with_python_operator_v07.get_name scheduled__2021-12-10T00:00:00+00:00 [running]> on host 026ed797f3b3
[2023-06-07T06:33:00.145+0000] {taskinstance.py:1513} INFO - Exporting the following env vars:
AIRFLOW_CTX_DAG_OWNER=coder2j
AIRFLOW_CTX_DAG_ID=our_dag_with_python_operator_v07
AIRFLOW_CTX_TASK_ID=get_name
AIRFLOW_CTX_EXECUTION_DATE=2021-12-10T00:00:00+00:00
AIRFLOW_CTX_TRY_NUMBER=1
AIRFLOW_CTX_DAG_RUN_ID=scheduled__2021-12-10T00:00:00+00:00
[2023-06-07T06:33:00.249+0000] {python.py:177} INFO - Done. Returned value was: None
[2023-06-07T06:33:00.290+0000] {taskinstance.py:1327} INFO - Marking task as SUCCESS. dag_id=our_dag_with_python_operator_v07, task_id=get_name, execution_date=20211210T000000, start_date=20230607T063258, end_date=20230607T063300
[2023-06-07T06:33:00.386+0000] {local_task_job.py:159} INFO - Task exited with return code 0
[2023-06-07T06:33:00.586+0000] {taskinstance.py:2582} INFO - 0 downstream tasks scheduled from follow-on schedule check
