[2023-05-30T12:34:00.537+0000] {taskinstance.py:1087} INFO - Dependencies all met for <TaskInstance: our_dag_with_python_operator_v07.greet scheduled__2022-05-08T00:00:00+00:00 [queued]>
[2023-05-30T12:34:00.594+0000] {taskinstance.py:1087} INFO - Dependencies all met for <TaskInstance: our_dag_with_python_operator_v07.greet scheduled__2022-05-08T00:00:00+00:00 [queued]>
[2023-05-30T12:34:00.601+0000] {taskinstance.py:1283} INFO - 
--------------------------------------------------------------------------------
[2023-05-30T12:34:00.604+0000] {taskinstance.py:1284} INFO - Starting attempt 1 of 6
[2023-05-30T12:34:00.608+0000] {taskinstance.py:1285} INFO - 
--------------------------------------------------------------------------------
[2023-05-30T12:34:00.708+0000] {taskinstance.py:1304} INFO - Executing <Task(PythonOperator): greet> on 2022-05-08 00:00:00+00:00
[2023-05-30T12:34:00.741+0000] {standard_task_runner.py:55} INFO - Started process 10690 to run task
[2023-05-30T12:34:00.792+0000] {standard_task_runner.py:82} INFO - Running: ['***', 'tasks', 'run', 'our_dag_with_python_operator_v07', 'greet', 'scheduled__2022-05-08T00:00:00+00:00', '--job-id', '1771', '--raw', '--subdir', 'DAGS_FOLDER/dag_python_opr.py', '--cfg-path', '/tmp/tmpk7dp2i4x']
[2023-05-30T12:34:00.794+0000] {standard_task_runner.py:83} INFO - Job 1771: Subtask greet
[2023-05-30T12:34:01.063+0000] {task_command.py:389} INFO - Running <TaskInstance: our_dag_with_python_operator_v07.greet scheduled__2022-05-08T00:00:00+00:00 [running]> on host 49219f98c96e
[2023-05-30T12:34:01.368+0000] {taskinstance.py:1513} INFO - Exporting the following env vars:
AIRFLOW_CTX_DAG_OWNER=coder2j
AIRFLOW_CTX_DAG_ID=our_dag_with_python_operator_v07
AIRFLOW_CTX_TASK_ID=greet
AIRFLOW_CTX_EXECUTION_DATE=2022-05-08T00:00:00+00:00
AIRFLOW_CTX_TRY_NUMBER=1
AIRFLOW_CTX_DAG_RUN_ID=scheduled__2022-05-08T00:00:00+00:00
[2023-05-30T12:34:01.374+0000] {logging_mixin.py:137} INFO - some dict:  {'a': 1, 'b': 2}
[2023-05-30T12:34:01.441+0000] {logging_mixin.py:137} INFO - Hello World! My name is Jerry Fridman, and I am 19 years old!
[2023-05-30T12:34:01.445+0000] {python.py:177} INFO - Done. Returned value was: None
[2023-05-30T12:34:01.492+0000] {taskinstance.py:1327} INFO - Marking task as SUCCESS. dag_id=our_dag_with_python_operator_v07, task_id=greet, execution_date=20220508T000000, start_date=20230530T123400, end_date=20230530T123401
[2023-05-30T12:34:01.554+0000] {local_task_job.py:159} INFO - Task exited with return code 0
[2023-05-30T12:34:01.617+0000] {taskinstance.py:2582} INFO - 0 downstream tasks scheduled from follow-on schedule check
[2023-06-07T06:39:18.526+0000] {taskinstance.py:1087} INFO - Dependencies all met for <TaskInstance: our_dag_with_python_operator_v07.greet scheduled__2022-05-08T00:00:00+00:00 [queued]>
[2023-06-07T06:39:18.552+0000] {taskinstance.py:1087} INFO - Dependencies all met for <TaskInstance: our_dag_with_python_operator_v07.greet scheduled__2022-05-08T00:00:00+00:00 [queued]>
[2023-06-07T06:39:18.554+0000] {taskinstance.py:1283} INFO - 
--------------------------------------------------------------------------------
[2023-06-07T06:39:18.555+0000] {taskinstance.py:1284} INFO - Starting attempt 1 of 6
[2023-06-07T06:39:18.557+0000] {taskinstance.py:1285} INFO - 
--------------------------------------------------------------------------------
[2023-06-07T06:39:18.590+0000] {taskinstance.py:1304} INFO - Executing <Task(PythonOperator): greet> on 2022-05-08 00:00:00+00:00
[2023-06-07T06:39:18.602+0000] {standard_task_runner.py:55} INFO - Started process 3877 to run task
[2023-06-07T06:39:18.615+0000] {standard_task_runner.py:82} INFO - Running: ['***', 'tasks', 'run', 'our_dag_with_python_operator_v07', 'greet', 'scheduled__2022-05-08T00:00:00+00:00', '--job-id', '2252', '--raw', '--subdir', 'DAGS_FOLDER/dag_python_opr.py', '--cfg-path', '/tmp/tmp2ebfrzt2']
[2023-06-07T06:39:18.619+0000] {standard_task_runner.py:83} INFO - Job 2252: Subtask greet
[2023-06-07T06:39:18.779+0000] {task_command.py:389} INFO - Running <TaskInstance: our_dag_with_python_operator_v07.greet scheduled__2022-05-08T00:00:00+00:00 [running]> on host 026ed797f3b3
[2023-06-07T06:39:18.933+0000] {taskinstance.py:1513} INFO - Exporting the following env vars:
AIRFLOW_CTX_DAG_OWNER=coder2j
AIRFLOW_CTX_DAG_ID=our_dag_with_python_operator_v07
AIRFLOW_CTX_TASK_ID=greet
AIRFLOW_CTX_EXECUTION_DATE=2022-05-08T00:00:00+00:00
AIRFLOW_CTX_TRY_NUMBER=1
AIRFLOW_CTX_DAG_RUN_ID=scheduled__2022-05-08T00:00:00+00:00
[2023-06-07T06:39:18.936+0000] {logging_mixin.py:137} INFO - some dict:  {'a': 1, 'b': 2}
[2023-06-07T06:39:18.990+0000] {logging_mixin.py:137} INFO - Hello World! My name is Jerry Fridman, and I am 19 years old!
[2023-06-07T06:39:18.992+0000] {python.py:177} INFO - Done. Returned value was: None
[2023-06-07T06:39:19.012+0000] {taskinstance.py:1327} INFO - Marking task as SUCCESS. dag_id=our_dag_with_python_operator_v07, task_id=greet, execution_date=20220508T000000, start_date=20230607T063918, end_date=20230607T063919
[2023-06-07T06:39:19.069+0000] {local_task_job.py:159} INFO - Task exited with return code 0
[2023-06-07T06:39:19.107+0000] {taskinstance.py:2582} INFO - 0 downstream tasks scheduled from follow-on schedule check
