[2023-05-30T12:32:12.995+0000] {taskinstance.py:1087} INFO - Dependencies all met for <TaskInstance: our_dag_with_python_operator_v07.get_name scheduled__2022-02-05T00:00:00+00:00 [queued]>
[2023-05-30T12:32:13.025+0000] {taskinstance.py:1087} INFO - Dependencies all met for <TaskInstance: our_dag_with_python_operator_v07.get_name scheduled__2022-02-05T00:00:00+00:00 [queued]>
[2023-05-30T12:32:13.031+0000] {taskinstance.py:1283} INFO - 
--------------------------------------------------------------------------------
[2023-05-30T12:32:13.036+0000] {taskinstance.py:1284} INFO - Starting attempt 1 of 6
[2023-05-30T12:32:13.039+0000] {taskinstance.py:1285} INFO - 
--------------------------------------------------------------------------------
[2023-05-30T12:32:13.073+0000] {taskinstance.py:1304} INFO - Executing <Task(PythonOperator): get_name> on 2022-02-05 00:00:00+00:00
[2023-05-30T12:32:13.096+0000] {standard_task_runner.py:55} INFO - Started process 10002 to run task
[2023-05-30T12:32:13.120+0000] {standard_task_runner.py:82} INFO - Running: ['***', 'tasks', 'run', 'our_dag_with_python_operator_v07', 'get_name', 'scheduled__2022-02-05T00:00:00+00:00', '--job-id', '1482', '--raw', '--subdir', 'DAGS_FOLDER/dag_python_opr.py', '--cfg-path', '/tmp/tmpt3fv7zl8']
[2023-05-30T12:32:13.125+0000] {standard_task_runner.py:83} INFO - Job 1482: Subtask get_name
[2023-05-30T12:32:13.272+0000] {task_command.py:389} INFO - Running <TaskInstance: our_dag_with_python_operator_v07.get_name scheduled__2022-02-05T00:00:00+00:00 [running]> on host 49219f98c96e
[2023-05-30T12:32:13.409+0000] {taskinstance.py:1513} INFO - Exporting the following env vars:
AIRFLOW_CTX_DAG_OWNER=coder2j
AIRFLOW_CTX_DAG_ID=our_dag_with_python_operator_v07
AIRFLOW_CTX_TASK_ID=get_name
AIRFLOW_CTX_EXECUTION_DATE=2022-02-05T00:00:00+00:00
AIRFLOW_CTX_TRY_NUMBER=1
AIRFLOW_CTX_DAG_RUN_ID=scheduled__2022-02-05T00:00:00+00:00
[2023-05-30T12:32:13.451+0000] {python.py:177} INFO - Done. Returned value was: None
[2023-05-30T12:32:13.471+0000] {taskinstance.py:1327} INFO - Marking task as SUCCESS. dag_id=our_dag_with_python_operator_v07, task_id=get_name, execution_date=20220205T000000, start_date=20230530T123212, end_date=20230530T123213
[2023-05-30T12:32:13.519+0000] {local_task_job.py:159} INFO - Task exited with return code 0
[2023-05-30T12:32:13.576+0000] {taskinstance.py:2582} INFO - 1 downstream tasks scheduled from follow-on schedule check
[2023-06-07T06:35:15.359+0000] {taskinstance.py:1087} INFO - Dependencies all met for <TaskInstance: our_dag_with_python_operator_v07.get_name scheduled__2022-02-05T00:00:00+00:00 [queued]>
[2023-06-07T06:35:15.422+0000] {taskinstance.py:1087} INFO - Dependencies all met for <TaskInstance: our_dag_with_python_operator_v07.get_name scheduled__2022-02-05T00:00:00+00:00 [queued]>
[2023-06-07T06:35:15.424+0000] {taskinstance.py:1283} INFO - 
--------------------------------------------------------------------------------
[2023-06-07T06:35:15.436+0000] {taskinstance.py:1284} INFO - Starting attempt 1 of 6
[2023-06-07T06:35:15.440+0000] {taskinstance.py:1285} INFO - 
--------------------------------------------------------------------------------
[2023-06-07T06:35:15.597+0000] {taskinstance.py:1304} INFO - Executing <Task(PythonOperator): get_name> on 2022-02-05 00:00:00+00:00
[2023-06-07T06:35:15.656+0000] {standard_task_runner.py:55} INFO - Started process 2315 to run task
[2023-06-07T06:35:15.707+0000] {standard_task_runner.py:82} INFO - Running: ['***', 'tasks', 'run', 'our_dag_with_python_operator_v07', 'get_name', 'scheduled__2022-02-05T00:00:00+00:00', '--job-id', '1690', '--raw', '--subdir', 'DAGS_FOLDER/dag_python_opr.py', '--cfg-path', '/tmp/tmpmnc530iy']
[2023-06-07T06:35:15.724+0000] {standard_task_runner.py:83} INFO - Job 1690: Subtask get_name
[2023-06-07T06:35:16.113+0000] {task_command.py:389} INFO - Running <TaskInstance: our_dag_with_python_operator_v07.get_name scheduled__2022-02-05T00:00:00+00:00 [running]> on host 026ed797f3b3
[2023-06-07T06:35:16.718+0000] {taskinstance.py:1513} INFO - Exporting the following env vars:
AIRFLOW_CTX_DAG_OWNER=coder2j
AIRFLOW_CTX_DAG_ID=our_dag_with_python_operator_v07
AIRFLOW_CTX_TASK_ID=get_name
AIRFLOW_CTX_EXECUTION_DATE=2022-02-05T00:00:00+00:00
AIRFLOW_CTX_TRY_NUMBER=1
AIRFLOW_CTX_DAG_RUN_ID=scheduled__2022-02-05T00:00:00+00:00
[2023-06-07T06:35:16.817+0000] {python.py:177} INFO - Done. Returned value was: None
[2023-06-07T06:35:16.856+0000] {taskinstance.py:1327} INFO - Marking task as SUCCESS. dag_id=our_dag_with_python_operator_v07, task_id=get_name, execution_date=20220205T000000, start_date=20230607T063515, end_date=20230607T063516
[2023-06-07T06:35:17.039+0000] {local_task_job.py:159} INFO - Task exited with return code 0
[2023-06-07T06:35:17.204+0000] {taskinstance.py:2582} INFO - 0 downstream tasks scheduled from follow-on schedule check
