[2023-05-30T12:32:08.238+0000] {taskinstance.py:1087} INFO - Dependencies all met for <TaskInstance: our_dag_with_python_operator_v07.get_name scheduled__2022-01-29T00:00:00+00:00 [queued]>
[2023-05-30T12:32:08.284+0000] {taskinstance.py:1087} INFO - Dependencies all met for <TaskInstance: our_dag_with_python_operator_v07.get_name scheduled__2022-01-29T00:00:00+00:00 [queued]>
[2023-05-30T12:32:08.286+0000] {taskinstance.py:1283} INFO - 
--------------------------------------------------------------------------------
[2023-05-30T12:32:08.289+0000] {taskinstance.py:1284} INFO - Starting attempt 1 of 6
[2023-05-30T12:32:08.290+0000] {taskinstance.py:1285} INFO - 
--------------------------------------------------------------------------------
[2023-05-30T12:32:08.364+0000] {taskinstance.py:1304} INFO - Executing <Task(PythonOperator): get_name> on 2022-01-29 00:00:00+00:00
[2023-05-30T12:32:08.380+0000] {standard_task_runner.py:55} INFO - Started process 9966 to run task
[2023-05-30T12:32:08.396+0000] {standard_task_runner.py:82} INFO - Running: ['***', 'tasks', 'run', 'our_dag_with_python_operator_v07', 'get_name', 'scheduled__2022-01-29T00:00:00+00:00', '--job-id', '1463', '--raw', '--subdir', 'DAGS_FOLDER/dag_python_opr.py', '--cfg-path', '/tmp/tmpbqrxcbn1']
[2023-05-30T12:32:08.409+0000] {standard_task_runner.py:83} INFO - Job 1463: Subtask get_name
[2023-05-30T12:32:08.589+0000] {task_command.py:389} INFO - Running <TaskInstance: our_dag_with_python_operator_v07.get_name scheduled__2022-01-29T00:00:00+00:00 [running]> on host 49219f98c96e
[2023-05-30T12:32:08.846+0000] {taskinstance.py:1513} INFO - Exporting the following env vars:
AIRFLOW_CTX_DAG_OWNER=coder2j
AIRFLOW_CTX_DAG_ID=our_dag_with_python_operator_v07
AIRFLOW_CTX_TASK_ID=get_name
AIRFLOW_CTX_EXECUTION_DATE=2022-01-29T00:00:00+00:00
AIRFLOW_CTX_TRY_NUMBER=1
AIRFLOW_CTX_DAG_RUN_ID=scheduled__2022-01-29T00:00:00+00:00
[2023-05-30T12:32:08.925+0000] {python.py:177} INFO - Done. Returned value was: None
[2023-05-30T12:32:08.960+0000] {taskinstance.py:1327} INFO - Marking task as SUCCESS. dag_id=our_dag_with_python_operator_v07, task_id=get_name, execution_date=20220129T000000, start_date=20230530T123208, end_date=20230530T123208
[2023-05-30T12:32:09.022+0000] {local_task_job.py:159} INFO - Task exited with return code 0
[2023-05-30T12:32:09.192+0000] {taskinstance.py:2582} INFO - 0 downstream tasks scheduled from follow-on schedule check
[2023-06-07T06:34:56.234+0000] {taskinstance.py:1087} INFO - Dependencies all met for <TaskInstance: our_dag_with_python_operator_v07.get_name scheduled__2022-01-29T00:00:00+00:00 [queued]>
[2023-06-07T06:34:56.415+0000] {taskinstance.py:1087} INFO - Dependencies all met for <TaskInstance: our_dag_with_python_operator_v07.get_name scheduled__2022-01-29T00:00:00+00:00 [queued]>
[2023-06-07T06:34:56.448+0000] {taskinstance.py:1283} INFO - 
--------------------------------------------------------------------------------
[2023-06-07T06:34:56.458+0000] {taskinstance.py:1284} INFO - Starting attempt 1 of 6
[2023-06-07T06:34:56.469+0000] {taskinstance.py:1285} INFO - 
--------------------------------------------------------------------------------
[2023-06-07T06:34:56.758+0000] {taskinstance.py:1304} INFO - Executing <Task(PythonOperator): get_name> on 2022-01-29 00:00:00+00:00
[2023-06-07T06:34:56.835+0000] {standard_task_runner.py:55} INFO - Started process 2184 to run task
[2023-06-07T06:34:56.893+0000] {standard_task_runner.py:82} INFO - Running: ['***', 'tasks', 'run', 'our_dag_with_python_operator_v07', 'get_name', 'scheduled__2022-01-29T00:00:00+00:00', '--job-id', '1643', '--raw', '--subdir', 'DAGS_FOLDER/dag_python_opr.py', '--cfg-path', '/tmp/tmp6cc7e_1c']
[2023-06-07T06:34:56.906+0000] {standard_task_runner.py:83} INFO - Job 1643: Subtask get_name
[2023-06-07T06:34:57.734+0000] {task_command.py:389} INFO - Running <TaskInstance: our_dag_with_python_operator_v07.get_name scheduled__2022-01-29T00:00:00+00:00 [running]> on host 026ed797f3b3
[2023-06-07T06:34:58.499+0000] {taskinstance.py:1513} INFO - Exporting the following env vars:
AIRFLOW_CTX_DAG_OWNER=coder2j
AIRFLOW_CTX_DAG_ID=our_dag_with_python_operator_v07
AIRFLOW_CTX_TASK_ID=get_name
AIRFLOW_CTX_EXECUTION_DATE=2022-01-29T00:00:00+00:00
AIRFLOW_CTX_TRY_NUMBER=1
AIRFLOW_CTX_DAG_RUN_ID=scheduled__2022-01-29T00:00:00+00:00
[2023-06-07T06:34:58.819+0000] {python.py:177} INFO - Done. Returned value was: None
[2023-06-07T06:34:59.020+0000] {taskinstance.py:1327} INFO - Marking task as SUCCESS. dag_id=our_dag_with_python_operator_v07, task_id=get_name, execution_date=20220129T000000, start_date=20230607T063456, end_date=20230607T063459
[2023-06-07T06:34:59.253+0000] {local_task_job.py:159} INFO - Task exited with return code 0
[2023-06-07T06:34:59.423+0000] {taskinstance.py:2582} INFO - 0 downstream tasks scheduled from follow-on schedule check
