[2023-05-30T12:33:55.211+0000] {taskinstance.py:1087} INFO - Dependencies all met for <TaskInstance: our_dag_with_python_operator_v07.greet scheduled__2022-05-04T00:00:00+00:00 [queued]>
[2023-05-30T12:33:55.317+0000] {taskinstance.py:1087} INFO - Dependencies all met for <TaskInstance: our_dag_with_python_operator_v07.greet scheduled__2022-05-04T00:00:00+00:00 [queued]>
[2023-05-30T12:33:55.319+0000] {taskinstance.py:1283} INFO - 
--------------------------------------------------------------------------------
[2023-05-30T12:33:55.325+0000] {taskinstance.py:1284} INFO - Starting attempt 1 of 6
[2023-05-30T12:33:55.332+0000] {taskinstance.py:1285} INFO - 
--------------------------------------------------------------------------------
[2023-05-30T12:33:55.413+0000] {taskinstance.py:1304} INFO - Executing <Task(PythonOperator): greet> on 2022-05-04 00:00:00+00:00
[2023-05-30T12:33:55.431+0000] {standard_task_runner.py:55} INFO - Started process 10655 to run task
[2023-05-30T12:33:55.479+0000] {standard_task_runner.py:82} INFO - Running: ['***', 'tasks', 'run', 'our_dag_with_python_operator_v07', 'greet', 'scheduled__2022-05-04T00:00:00+00:00', '--job-id', '1757', '--raw', '--subdir', 'DAGS_FOLDER/dag_python_opr.py', '--cfg-path', '/tmp/tmp_vj58zzh']
[2023-05-30T12:33:55.490+0000] {standard_task_runner.py:83} INFO - Job 1757: Subtask greet
[2023-05-30T12:33:55.938+0000] {task_command.py:389} INFO - Running <TaskInstance: our_dag_with_python_operator_v07.greet scheduled__2022-05-04T00:00:00+00:00 [running]> on host 49219f98c96e
[2023-05-30T12:33:56.610+0000] {taskinstance.py:1513} INFO - Exporting the following env vars:
AIRFLOW_CTX_DAG_OWNER=coder2j
AIRFLOW_CTX_DAG_ID=our_dag_with_python_operator_v07
AIRFLOW_CTX_TASK_ID=greet
AIRFLOW_CTX_EXECUTION_DATE=2022-05-04T00:00:00+00:00
AIRFLOW_CTX_TRY_NUMBER=1
AIRFLOW_CTX_DAG_RUN_ID=scheduled__2022-05-04T00:00:00+00:00
[2023-05-30T12:33:56.616+0000] {logging_mixin.py:137} INFO - some dict:  {'a': 1, 'b': 2}
[2023-05-30T12:33:56.781+0000] {logging_mixin.py:137} INFO - Hello World! My name is Jerry Fridman, and I am 19 years old!
[2023-05-30T12:33:56.787+0000] {python.py:177} INFO - Done. Returned value was: None
[2023-05-30T12:33:56.815+0000] {taskinstance.py:1327} INFO - Marking task as SUCCESS. dag_id=our_dag_with_python_operator_v07, task_id=greet, execution_date=20220504T000000, start_date=20230530T123355, end_date=20230530T123356
[2023-05-30T12:33:56.901+0000] {local_task_job.py:159} INFO - Task exited with return code 0
[2023-05-30T12:33:56.969+0000] {taskinstance.py:2582} INFO - 0 downstream tasks scheduled from follow-on schedule check
[2023-06-07T06:39:16.520+0000] {taskinstance.py:1087} INFO - Dependencies all met for <TaskInstance: our_dag_with_python_operator_v07.greet scheduled__2022-05-04T00:00:00+00:00 [queued]>
[2023-06-07T06:39:16.594+0000] {taskinstance.py:1087} INFO - Dependencies all met for <TaskInstance: our_dag_with_python_operator_v07.greet scheduled__2022-05-04T00:00:00+00:00 [queued]>
[2023-06-07T06:39:16.597+0000] {taskinstance.py:1283} INFO - 
--------------------------------------------------------------------------------
[2023-06-07T06:39:16.599+0000] {taskinstance.py:1284} INFO - Starting attempt 1 of 6
[2023-06-07T06:39:16.603+0000] {taskinstance.py:1285} INFO - 
--------------------------------------------------------------------------------
[2023-06-07T06:39:16.717+0000] {taskinstance.py:1304} INFO - Executing <Task(PythonOperator): greet> on 2022-05-04 00:00:00+00:00
[2023-06-07T06:39:16.761+0000] {standard_task_runner.py:55} INFO - Started process 3859 to run task
[2023-06-07T06:39:16.782+0000] {standard_task_runner.py:82} INFO - Running: ['***', 'tasks', 'run', 'our_dag_with_python_operator_v07', 'greet', 'scheduled__2022-05-04T00:00:00+00:00', '--job-id', '2245', '--raw', '--subdir', 'DAGS_FOLDER/dag_python_opr.py', '--cfg-path', '/tmp/tmppecvnh5d']
[2023-06-07T06:39:16.796+0000] {standard_task_runner.py:83} INFO - Job 2245: Subtask greet
[2023-06-07T06:39:17.135+0000] {task_command.py:389} INFO - Running <TaskInstance: our_dag_with_python_operator_v07.greet scheduled__2022-05-04T00:00:00+00:00 [running]> on host 026ed797f3b3
[2023-06-07T06:39:17.544+0000] {taskinstance.py:1513} INFO - Exporting the following env vars:
AIRFLOW_CTX_DAG_OWNER=coder2j
AIRFLOW_CTX_DAG_ID=our_dag_with_python_operator_v07
AIRFLOW_CTX_TASK_ID=greet
AIRFLOW_CTX_EXECUTION_DATE=2022-05-04T00:00:00+00:00
AIRFLOW_CTX_TRY_NUMBER=1
AIRFLOW_CTX_DAG_RUN_ID=scheduled__2022-05-04T00:00:00+00:00
[2023-06-07T06:39:17.550+0000] {logging_mixin.py:137} INFO - some dict:  {'a': 1, 'b': 2}
[2023-06-07T06:39:17.667+0000] {logging_mixin.py:137} INFO - Hello World! My name is Jerry Fridman, and I am 19 years old!
[2023-06-07T06:39:17.671+0000] {python.py:177} INFO - Done. Returned value was: None
[2023-06-07T06:39:17.705+0000] {taskinstance.py:1327} INFO - Marking task as SUCCESS. dag_id=our_dag_with_python_operator_v07, task_id=greet, execution_date=20220504T000000, start_date=20230607T063916, end_date=20230607T063917
[2023-06-07T06:39:17.760+0000] {local_task_job.py:159} INFO - Task exited with return code 0
[2023-06-07T06:39:17.876+0000] {taskinstance.py:2582} INFO - 0 downstream tasks scheduled from follow-on schedule check
