[2023-05-30T11:28:41.335+0000] {taskinstance.py:1087} INFO - Dependencies all met for <TaskInstance: our_first_dag_v5.second_task scheduled__2021-09-09T00:00:00+00:00 [queued]>
[2023-05-30T11:28:41.352+0000] {taskinstance.py:1087} INFO - Dependencies all met for <TaskInstance: our_first_dag_v5.second_task scheduled__2021-09-09T00:00:00+00:00 [queued]>
[2023-05-30T11:28:41.356+0000] {taskinstance.py:1283} INFO - 
--------------------------------------------------------------------------------
[2023-05-30T11:28:41.360+0000] {taskinstance.py:1284} INFO - Starting attempt 1 of 6
[2023-05-30T11:28:41.361+0000] {taskinstance.py:1285} INFO - 
--------------------------------------------------------------------------------
[2023-05-30T11:28:41.425+0000] {taskinstance.py:1304} INFO - Executing <Task(BashOperator): second_task> on 2021-09-09 00:00:00+00:00
[2023-05-30T11:28:41.433+0000] {standard_task_runner.py:55} INFO - Started process 2099 to run task
[2023-05-30T11:28:41.453+0000] {standard_task_runner.py:82} INFO - Running: ['***', 'tasks', 'run', 'our_first_dag_v5', 'second_task', 'scheduled__2021-09-09T00:00:00+00:00', '--job-id', '133', '--raw', '--subdir', 'DAGS_FOLDER/first_Dag.py', '--cfg-path', '/tmp/tmp571iyrz9']
[2023-05-30T11:28:41.457+0000] {standard_task_runner.py:83} INFO - Job 133: Subtask second_task
[2023-05-30T11:28:41.651+0000] {task_command.py:389} INFO - Running <TaskInstance: our_first_dag_v5.second_task scheduled__2021-09-09T00:00:00+00:00 [running]> on host 49219f98c96e
[2023-05-30T11:28:41.886+0000] {taskinstance.py:1513} INFO - Exporting the following env vars:
AIRFLOW_CTX_DAG_OWNER=coder2j
AIRFLOW_CTX_DAG_ID=our_first_dag_v5
AIRFLOW_CTX_TASK_ID=second_task
AIRFLOW_CTX_EXECUTION_DATE=2021-09-09T00:00:00+00:00
AIRFLOW_CTX_TRY_NUMBER=1
AIRFLOW_CTX_DAG_RUN_ID=scheduled__2021-09-09T00:00:00+00:00
[2023-05-30T11:28:41.889+0000] {subprocess.py:63} INFO - Tmp dir root location: 
 /tmp
[2023-05-30T11:28:41.891+0000] {subprocess.py:75} INFO - Running command: ['/bin/bash', '-c', 'echo hey, I am task2 and will be running after task1!']
[2023-05-30T11:28:41.926+0000] {subprocess.py:86} INFO - Output:
[2023-05-30T11:28:41.938+0000] {subprocess.py:93} INFO - hey, I am task2 and will be running after task1!
[2023-05-30T11:28:41.939+0000] {subprocess.py:97} INFO - Command exited with return code 0
[2023-05-30T11:28:42.013+0000] {taskinstance.py:1327} INFO - Marking task as SUCCESS. dag_id=our_first_dag_v5, task_id=second_task, execution_date=20210909T000000, start_date=20230530T112841, end_date=20230530T112842
[2023-05-30T11:28:42.099+0000] {local_task_job.py:159} INFO - Task exited with return code 0
[2023-05-30T11:28:42.140+0000] {taskinstance.py:2582} INFO - 0 downstream tasks scheduled from follow-on schedule check
