[2023-05-30T12:32:12.152+0000] {taskinstance.py:1087} INFO - Dependencies all met for <TaskInstance: our_dag_with_python_operator_v07.get_age scheduled__2022-02-04T00:00:00+00:00 [queued]>
[2023-05-30T12:32:12.189+0000] {taskinstance.py:1087} INFO - Dependencies all met for <TaskInstance: our_dag_with_python_operator_v07.get_age scheduled__2022-02-04T00:00:00+00:00 [queued]>
[2023-05-30T12:32:12.191+0000] {taskinstance.py:1283} INFO - 
--------------------------------------------------------------------------------
[2023-05-30T12:32:12.192+0000] {taskinstance.py:1284} INFO - Starting attempt 1 of 6
[2023-05-30T12:32:12.197+0000] {taskinstance.py:1285} INFO - 
--------------------------------------------------------------------------------
[2023-05-30T12:32:12.318+0000] {taskinstance.py:1304} INFO - Executing <Task(PythonOperator): get_age> on 2022-02-04 00:00:00+00:00
[2023-05-30T12:32:12.326+0000] {standard_task_runner.py:55} INFO - Started process 10000 to run task
[2023-05-30T12:32:12.338+0000] {standard_task_runner.py:82} INFO - Running: ['***', 'tasks', 'run', 'our_dag_with_python_operator_v07', 'get_age', 'scheduled__2022-02-04T00:00:00+00:00', '--job-id', '1479', '--raw', '--subdir', 'DAGS_FOLDER/dag_python_opr.py', '--cfg-path', '/tmp/tmpyp076bvc']
[2023-05-30T12:32:12.341+0000] {standard_task_runner.py:83} INFO - Job 1479: Subtask get_age
[2023-05-30T12:32:12.579+0000] {task_command.py:389} INFO - Running <TaskInstance: our_dag_with_python_operator_v07.get_age scheduled__2022-02-04T00:00:00+00:00 [running]> on host 49219f98c96e
[2023-05-30T12:32:12.836+0000] {taskinstance.py:1513} INFO - Exporting the following env vars:
AIRFLOW_CTX_DAG_OWNER=coder2j
AIRFLOW_CTX_DAG_ID=our_dag_with_python_operator_v07
AIRFLOW_CTX_TASK_ID=get_age
AIRFLOW_CTX_EXECUTION_DATE=2022-02-04T00:00:00+00:00
AIRFLOW_CTX_TRY_NUMBER=1
AIRFLOW_CTX_DAG_RUN_ID=scheduled__2022-02-04T00:00:00+00:00
[2023-05-30T12:32:12.887+0000] {python.py:177} INFO - Done. Returned value was: None
[2023-05-30T12:32:12.914+0000] {taskinstance.py:1327} INFO - Marking task as SUCCESS. dag_id=our_dag_with_python_operator_v07, task_id=get_age, execution_date=20220204T000000, start_date=20230530T123212, end_date=20230530T123212
[2023-05-30T12:32:13.002+0000] {local_task_job.py:159} INFO - Task exited with return code 0
[2023-05-30T12:32:13.056+0000] {taskinstance.py:2582} INFO - 1 downstream tasks scheduled from follow-on schedule check
[2023-06-07T06:35:14.034+0000] {taskinstance.py:1087} INFO - Dependencies all met for <TaskInstance: our_dag_with_python_operator_v07.get_age scheduled__2022-02-04T00:00:00+00:00 [queued]>
[2023-06-07T06:35:14.113+0000] {taskinstance.py:1087} INFO - Dependencies all met for <TaskInstance: our_dag_with_python_operator_v07.get_age scheduled__2022-02-04T00:00:00+00:00 [queued]>
[2023-06-07T06:35:14.118+0000] {taskinstance.py:1283} INFO - 
--------------------------------------------------------------------------------
[2023-06-07T06:35:14.120+0000] {taskinstance.py:1284} INFO - Starting attempt 1 of 6
[2023-06-07T06:35:14.122+0000] {taskinstance.py:1285} INFO - 
--------------------------------------------------------------------------------
[2023-06-07T06:35:14.222+0000] {taskinstance.py:1304} INFO - Executing <Task(PythonOperator): get_age> on 2022-02-04 00:00:00+00:00
[2023-06-07T06:35:14.232+0000] {standard_task_runner.py:55} INFO - Started process 2305 to run task
[2023-06-07T06:35:14.287+0000] {standard_task_runner.py:82} INFO - Running: ['***', 'tasks', 'run', 'our_dag_with_python_operator_v07', 'get_age', 'scheduled__2022-02-04T00:00:00+00:00', '--job-id', '1687', '--raw', '--subdir', 'DAGS_FOLDER/dag_python_opr.py', '--cfg-path', '/tmp/tmp95tropp5']
[2023-06-07T06:35:14.292+0000] {standard_task_runner.py:83} INFO - Job 1687: Subtask get_age
[2023-06-07T06:35:14.718+0000] {task_command.py:389} INFO - Running <TaskInstance: our_dag_with_python_operator_v07.get_age scheduled__2022-02-04T00:00:00+00:00 [running]> on host 026ed797f3b3
[2023-06-07T06:35:15.202+0000] {taskinstance.py:1513} INFO - Exporting the following env vars:
AIRFLOW_CTX_DAG_OWNER=coder2j
AIRFLOW_CTX_DAG_ID=our_dag_with_python_operator_v07
AIRFLOW_CTX_TASK_ID=get_age
AIRFLOW_CTX_EXECUTION_DATE=2022-02-04T00:00:00+00:00
AIRFLOW_CTX_TRY_NUMBER=1
AIRFLOW_CTX_DAG_RUN_ID=scheduled__2022-02-04T00:00:00+00:00
[2023-06-07T06:35:15.280+0000] {python.py:177} INFO - Done. Returned value was: None
[2023-06-07T06:35:15.325+0000] {taskinstance.py:1327} INFO - Marking task as SUCCESS. dag_id=our_dag_with_python_operator_v07, task_id=get_age, execution_date=20220204T000000, start_date=20230607T063514, end_date=20230607T063515
[2023-06-07T06:35:15.439+0000] {local_task_job.py:159} INFO - Task exited with return code 0
[2023-06-07T06:35:15.627+0000] {taskinstance.py:2582} INFO - 0 downstream tasks scheduled from follow-on schedule check
