[2023-05-30T10:58:23.042+0000] {taskinstance.py:1087} INFO - Dependencies all met for <TaskInstance: example_bash_operator.runme_0 manual__2023-05-30T10:58:20.984122+00:00 [queued]>
[2023-05-30T10:58:23.064+0000] {taskinstance.py:1087} INFO - Dependencies all met for <TaskInstance: example_bash_operator.runme_0 manual__2023-05-30T10:58:20.984122+00:00 [queued]>
[2023-05-30T10:58:23.066+0000] {taskinstance.py:1283} INFO - 
--------------------------------------------------------------------------------
[2023-05-30T10:58:23.068+0000] {taskinstance.py:1284} INFO - Starting attempt 1 of 1
[2023-05-30T10:58:23.070+0000] {taskinstance.py:1285} INFO - 
--------------------------------------------------------------------------------
[2023-05-30T10:58:23.121+0000] {taskinstance.py:1304} INFO - Executing <Task(BashOperator): runme_0> on 2023-05-30 10:58:20.984122+00:00
[2023-05-30T10:58:23.136+0000] {standard_task_runner.py:55} INFO - Started process 705 to run task
[2023-05-30T10:58:23.145+0000] {standard_task_runner.py:82} INFO - Running: ['***', 'tasks', 'run', 'example_bash_operator', 'runme_0', 'manual__2023-05-30T10:58:20.984122+00:00', '--job-id', '11', '--raw', '--subdir', '/home/***/.local/lib/python3.7/site-packages/***/example_dags/example_bash_operator.py', '--cfg-path', '/tmp/tmpf58nw6uv']
[2023-05-30T10:58:23.150+0000] {standard_task_runner.py:83} INFO - Job 11: Subtask runme_0
[2023-05-30T10:58:23.384+0000] {task_command.py:389} INFO - Running <TaskInstance: example_bash_operator.runme_0 manual__2023-05-30T10:58:20.984122+00:00 [running]> on host b9221d6006d0
[2023-05-30T10:58:23.616+0000] {taskinstance.py:1513} INFO - Exporting the following env vars:
AIRFLOW_CTX_DAG_OWNER=***
AIRFLOW_CTX_DAG_ID=example_bash_operator
AIRFLOW_CTX_TASK_ID=runme_0
AIRFLOW_CTX_EXECUTION_DATE=2023-05-30T10:58:20.984122+00:00
AIRFLOW_CTX_TRY_NUMBER=1
AIRFLOW_CTX_DAG_RUN_ID=manual__2023-05-30T10:58:20.984122+00:00
[2023-05-30T10:58:23.621+0000] {subprocess.py:63} INFO - Tmp dir root location: 
 /tmp
[2023-05-30T10:58:23.624+0000] {subprocess.py:75} INFO - Running command: ['/bin/bash', '-c', 'echo "example_bash_operator__runme_0__20230530" && sleep 1']
[2023-05-30T10:58:23.698+0000] {subprocess.py:86} INFO - Output:
[2023-05-30T10:58:23.711+0000] {subprocess.py:93} INFO - example_bash_operator__runme_0__20230530
[2023-05-30T10:58:24.714+0000] {subprocess.py:97} INFO - Command exited with return code 0
[2023-05-30T10:58:24.762+0000] {taskinstance.py:1327} INFO - Marking task as SUCCESS. dag_id=example_bash_operator, task_id=runme_0, execution_date=20230530T105820, start_date=20230530T105823, end_date=20230530T105824
[2023-05-30T10:58:24.815+0000] {local_task_job.py:159} INFO - Task exited with return code 0
[2023-05-30T10:58:24.848+0000] {taskinstance.py:2582} INFO - 0 downstream tasks scheduled from follow-on schedule check
