[2023-05-30T11:37:18.570+0000] {taskinstance.py:1087} INFO - Dependencies all met for <TaskInstance: our_dag_with_python_operator_v07.greet scheduled__2021-11-29T00:00:00+00:00 [queued]>
[2023-05-30T11:37:18.596+0000] {taskinstance.py:1087} INFO - Dependencies all met for <TaskInstance: our_dag_with_python_operator_v07.greet scheduled__2021-11-29T00:00:00+00:00 [queued]>
[2023-05-30T11:37:18.598+0000] {taskinstance.py:1283} INFO - 
--------------------------------------------------------------------------------
[2023-05-30T11:37:18.600+0000] {taskinstance.py:1284} INFO - Starting attempt 1 of 6
[2023-05-30T11:37:18.603+0000] {taskinstance.py:1285} INFO - 
--------------------------------------------------------------------------------
[2023-05-30T11:37:18.637+0000] {taskinstance.py:1304} INFO - Executing <Task(PythonOperator): greet> on 2021-11-29 00:00:00+00:00
[2023-05-30T11:37:18.649+0000] {standard_task_runner.py:55} INFO - Started process 5884 to run task
[2023-05-30T11:37:18.666+0000] {standard_task_runner.py:82} INFO - Running: ['***', 'tasks', 'run', 'our_dag_with_python_operator_v07', 'greet', 'scheduled__2021-11-29T00:00:00+00:00', '--job-id', '1286', '--raw', '--subdir', 'DAGS_FOLDER/dag_python_opr.py', '--cfg-path', '/tmp/tmpiunsu1px']
[2023-05-30T11:37:18.671+0000] {standard_task_runner.py:83} INFO - Job 1286: Subtask greet
[2023-05-30T11:37:18.839+0000] {task_command.py:389} INFO - Running <TaskInstance: our_dag_with_python_operator_v07.greet scheduled__2021-11-29T00:00:00+00:00 [running]> on host 49219f98c96e
[2023-05-30T11:37:19.008+0000] {taskinstance.py:1513} INFO - Exporting the following env vars:
AIRFLOW_CTX_DAG_OWNER=coder2j
AIRFLOW_CTX_DAG_ID=our_dag_with_python_operator_v07
AIRFLOW_CTX_TASK_ID=greet
AIRFLOW_CTX_EXECUTION_DATE=2021-11-29T00:00:00+00:00
AIRFLOW_CTX_TRY_NUMBER=1
AIRFLOW_CTX_DAG_RUN_ID=scheduled__2021-11-29T00:00:00+00:00
[2023-05-30T11:37:19.011+0000] {logging_mixin.py:137} INFO - some dict:  {'a': 1, 'b': 2}
[2023-05-30T11:37:19.093+0000] {logging_mixin.py:137} INFO - Hello World! My name is Jerry Fridman, and I am 19 years old!
[2023-05-30T11:37:19.096+0000] {python.py:177} INFO - Done. Returned value was: None
[2023-05-30T11:37:19.129+0000] {taskinstance.py:1327} INFO - Marking task as SUCCESS. dag_id=our_dag_with_python_operator_v07, task_id=greet, execution_date=20211129T000000, start_date=20230530T113718, end_date=20230530T113719
[2023-05-30T11:37:19.189+0000] {local_task_job.py:159} INFO - Task exited with return code 0
[2023-05-30T11:37:19.236+0000] {taskinstance.py:2582} INFO - 0 downstream tasks scheduled from follow-on schedule check
[2023-06-07T06:32:53.666+0000] {taskinstance.py:1087} INFO - Dependencies all met for <TaskInstance: our_dag_with_python_operator_v07.greet scheduled__2021-11-29T00:00:00+00:00 [queued]>
[2023-06-07T06:32:53.732+0000] {taskinstance.py:1087} INFO - Dependencies all met for <TaskInstance: our_dag_with_python_operator_v07.greet scheduled__2021-11-29T00:00:00+00:00 [queued]>
[2023-06-07T06:32:53.735+0000] {taskinstance.py:1283} INFO - 
--------------------------------------------------------------------------------
[2023-06-07T06:32:53.737+0000] {taskinstance.py:1284} INFO - Starting attempt 1 of 6
[2023-06-07T06:32:53.742+0000] {taskinstance.py:1285} INFO - 
--------------------------------------------------------------------------------
[2023-06-07T06:32:53.917+0000] {taskinstance.py:1304} INFO - Executing <Task(PythonOperator): greet> on 2021-11-29 00:00:00+00:00
[2023-06-07T06:32:53.945+0000] {standard_task_runner.py:55} INFO - Started process 1317 to run task
[2023-06-07T06:32:54.004+0000] {standard_task_runner.py:82} INFO - Running: ['***', 'tasks', 'run', 'our_dag_with_python_operator_v07', 'greet', 'scheduled__2021-11-29T00:00:00+00:00', '--job-id', '1327', '--raw', '--subdir', 'DAGS_FOLDER/dag_python_opr.py', '--cfg-path', '/tmp/tmptl0rupee']
[2023-06-07T06:32:54.008+0000] {standard_task_runner.py:83} INFO - Job 1327: Subtask greet
[2023-06-07T06:32:54.466+0000] {task_command.py:389} INFO - Running <TaskInstance: our_dag_with_python_operator_v07.greet scheduled__2021-11-29T00:00:00+00:00 [running]> on host 026ed797f3b3
[2023-06-07T06:32:54.955+0000] {taskinstance.py:1513} INFO - Exporting the following env vars:
AIRFLOW_CTX_DAG_OWNER=coder2j
AIRFLOW_CTX_DAG_ID=our_dag_with_python_operator_v07
AIRFLOW_CTX_TASK_ID=greet
AIRFLOW_CTX_EXECUTION_DATE=2021-11-29T00:00:00+00:00
AIRFLOW_CTX_TRY_NUMBER=1
AIRFLOW_CTX_DAG_RUN_ID=scheduled__2021-11-29T00:00:00+00:00
[2023-06-07T06:32:54.959+0000] {logging_mixin.py:137} INFO - some dict:  {'a': 1, 'b': 2}
[2023-06-07T06:32:55.107+0000] {logging_mixin.py:137} INFO - Hello World! My name is Jerry Fridman, and I am 19 years old!
[2023-06-07T06:32:55.111+0000] {python.py:177} INFO - Done. Returned value was: None
[2023-06-07T06:32:55.146+0000] {taskinstance.py:1327} INFO - Marking task as SUCCESS. dag_id=our_dag_with_python_operator_v07, task_id=greet, execution_date=20211129T000000, start_date=20230607T063253, end_date=20230607T063255
[2023-06-07T06:32:55.354+0000] {local_task_job.py:159} INFO - Task exited with return code 0
[2023-06-07T06:32:55.430+0000] {taskinstance.py:2582} INFO - 0 downstream tasks scheduled from follow-on schedule check
