[2023-05-30T11:30:00.652+0000] {taskinstance.py:1087} INFO - Dependencies all met for <TaskInstance: our_first_dag_v5.thrid_task scheduled__2021-11-23T00:00:00+00:00 [queued]>
[2023-05-30T11:30:00.748+0000] {taskinstance.py:1087} INFO - Dependencies all met for <TaskInstance: our_first_dag_v5.thrid_task scheduled__2021-11-23T00:00:00+00:00 [queued]>
[2023-05-30T11:30:00.772+0000] {taskinstance.py:1283} INFO - 
--------------------------------------------------------------------------------
[2023-05-30T11:30:00.774+0000] {taskinstance.py:1284} INFO - Starting attempt 1 of 6
[2023-05-30T11:30:00.775+0000] {taskinstance.py:1285} INFO - 
--------------------------------------------------------------------------------
[2023-05-30T11:30:00.874+0000] {taskinstance.py:1304} INFO - Executing <Task(BashOperator): thrid_task> on 2021-11-23 00:00:00+00:00
[2023-05-30T11:30:00.892+0000] {standard_task_runner.py:55} INFO - Started process 2855 to run task
[2023-05-30T11:30:00.900+0000] {standard_task_runner.py:82} INFO - Running: ['***', 'tasks', 'run', 'our_first_dag_v5', 'thrid_task', 'scheduled__2021-11-23T00:00:00+00:00', '--job-id', '361', '--raw', '--subdir', 'DAGS_FOLDER/first_Dag.py', '--cfg-path', '/tmp/tmpl3b560hx']
[2023-05-30T11:30:00.906+0000] {standard_task_runner.py:83} INFO - Job 361: Subtask thrid_task
[2023-05-30T11:30:01.186+0000] {task_command.py:389} INFO - Running <TaskInstance: our_first_dag_v5.thrid_task scheduled__2021-11-23T00:00:00+00:00 [running]> on host 49219f98c96e
[2023-05-30T11:30:01.535+0000] {taskinstance.py:1513} INFO - Exporting the following env vars:
AIRFLOW_CTX_DAG_OWNER=coder2j
AIRFLOW_CTX_DAG_ID=our_first_dag_v5
AIRFLOW_CTX_TASK_ID=thrid_task
AIRFLOW_CTX_EXECUTION_DATE=2021-11-23T00:00:00+00:00
AIRFLOW_CTX_TRY_NUMBER=1
AIRFLOW_CTX_DAG_RUN_ID=scheduled__2021-11-23T00:00:00+00:00
[2023-05-30T11:30:01.544+0000] {subprocess.py:63} INFO - Tmp dir root location: 
 /tmp
[2023-05-30T11:30:01.547+0000] {subprocess.py:75} INFO - Running command: ['/bin/bash', '-c', 'echo hey, I am task3 and will be running after task1 at the same time as task2!']
[2023-05-30T11:30:01.602+0000] {subprocess.py:86} INFO - Output:
[2023-05-30T11:30:01.607+0000] {subprocess.py:93} INFO - hey, I am task3 and will be running after task1 at the same time as task2!
[2023-05-30T11:30:01.611+0000] {subprocess.py:97} INFO - Command exited with return code 0
[2023-05-30T11:30:01.727+0000] {taskinstance.py:1327} INFO - Marking task as SUCCESS. dag_id=our_first_dag_v5, task_id=thrid_task, execution_date=20211123T000000, start_date=20230530T113000, end_date=20230530T113001
[2023-05-30T11:30:01.863+0000] {local_task_job.py:159} INFO - Task exited with return code 0
[2023-05-30T11:30:01.916+0000] {taskinstance.py:2582} INFO - 0 downstream tasks scheduled from follow-on schedule check
[2023-06-07T06:35:21.659+0000] {taskinstance.py:1087} INFO - Dependencies all met for <TaskInstance: our_first_dag_v5.thrid_task scheduled__2021-11-23T00:00:00+00:00 [queued]>
[2023-06-07T06:35:21.741+0000] {taskinstance.py:1087} INFO - Dependencies all met for <TaskInstance: our_first_dag_v5.thrid_task scheduled__2021-11-23T00:00:00+00:00 [queued]>
[2023-06-07T06:35:21.746+0000] {taskinstance.py:1283} INFO - 
--------------------------------------------------------------------------------
[2023-06-07T06:35:21.749+0000] {taskinstance.py:1284} INFO - Starting attempt 1 of 6
[2023-06-07T06:35:21.752+0000] {taskinstance.py:1285} INFO - 
--------------------------------------------------------------------------------
[2023-06-07T06:35:22.041+0000] {taskinstance.py:1304} INFO - Executing <Task(BashOperator): thrid_task> on 2021-11-23 00:00:00+00:00
[2023-06-07T06:35:22.069+0000] {standard_task_runner.py:55} INFO - Started process 2360 to run task
[2023-06-07T06:35:22.133+0000] {standard_task_runner.py:82} INFO - Running: ['***', 'tasks', 'run', 'our_first_dag_v5', 'thrid_task', 'scheduled__2021-11-23T00:00:00+00:00', '--job-id', '1707', '--raw', '--subdir', 'DAGS_FOLDER/first_Dag.py', '--cfg-path', '/tmp/tmpfqb_ow97']
[2023-06-07T06:35:22.149+0000] {standard_task_runner.py:83} INFO - Job 1707: Subtask thrid_task
[2023-06-07T06:35:22.748+0000] {task_command.py:389} INFO - Running <TaskInstance: our_first_dag_v5.thrid_task scheduled__2021-11-23T00:00:00+00:00 [running]> on host 026ed797f3b3
[2023-06-07T06:35:23.311+0000] {taskinstance.py:1513} INFO - Exporting the following env vars:
AIRFLOW_CTX_DAG_OWNER=coder2j
AIRFLOW_CTX_DAG_ID=our_first_dag_v5
AIRFLOW_CTX_TASK_ID=thrid_task
AIRFLOW_CTX_EXECUTION_DATE=2021-11-23T00:00:00+00:00
AIRFLOW_CTX_TRY_NUMBER=1
AIRFLOW_CTX_DAG_RUN_ID=scheduled__2021-11-23T00:00:00+00:00
[2023-06-07T06:35:23.335+0000] {subprocess.py:63} INFO - Tmp dir root location: 
 /tmp
[2023-06-07T06:35:23.348+0000] {subprocess.py:75} INFO - Running command: ['/bin/bash', '-c', 'echo hey, I am task3 and will be running after task1 at the same time as task2!']
[2023-06-07T06:35:23.421+0000] {subprocess.py:86} INFO - Output:
[2023-06-07T06:35:23.430+0000] {subprocess.py:93} INFO - hey, I am task3 and will be running after task1 at the same time as task2!
[2023-06-07T06:35:23.444+0000] {subprocess.py:97} INFO - Command exited with return code 0
[2023-06-07T06:35:23.617+0000] {taskinstance.py:1327} INFO - Marking task as SUCCESS. dag_id=our_first_dag_v5, task_id=thrid_task, execution_date=20211123T000000, start_date=20230607T063521, end_date=20230607T063523
[2023-06-07T06:35:23.806+0000] {local_task_job.py:159} INFO - Task exited with return code 0
[2023-06-07T06:35:24.067+0000] {taskinstance.py:2582} INFO - 0 downstream tasks scheduled from follow-on schedule check
