[2023-05-30T12:33:59.082+0000] {taskinstance.py:1087} INFO - Dependencies all met for <TaskInstance: our_dag_with_python_operator_v07.greet scheduled__2022-05-07T00:00:00+00:00 [queued]>
[2023-05-30T12:33:59.203+0000] {taskinstance.py:1087} INFO - Dependencies all met for <TaskInstance: our_dag_with_python_operator_v07.greet scheduled__2022-05-07T00:00:00+00:00 [queued]>
[2023-05-30T12:33:59.211+0000] {taskinstance.py:1283} INFO - 
--------------------------------------------------------------------------------
[2023-05-30T12:33:59.214+0000] {taskinstance.py:1284} INFO - Starting attempt 1 of 6
[2023-05-30T12:33:59.218+0000] {taskinstance.py:1285} INFO - 
--------------------------------------------------------------------------------
[2023-05-30T12:33:59.411+0000] {taskinstance.py:1304} INFO - Executing <Task(PythonOperator): greet> on 2022-05-07 00:00:00+00:00
[2023-05-30T12:33:59.452+0000] {standard_task_runner.py:55} INFO - Started process 10682 to run task
[2023-05-30T12:33:59.501+0000] {standard_task_runner.py:82} INFO - Running: ['***', 'tasks', 'run', 'our_dag_with_python_operator_v07', 'greet', 'scheduled__2022-05-07T00:00:00+00:00', '--job-id', '1767', '--raw', '--subdir', 'DAGS_FOLDER/dag_python_opr.py', '--cfg-path', '/tmp/tmphfbi5tyv']
[2023-05-30T12:33:59.505+0000] {standard_task_runner.py:83} INFO - Job 1767: Subtask greet
[2023-05-30T12:33:59.837+0000] {task_command.py:389} INFO - Running <TaskInstance: our_dag_with_python_operator_v07.greet scheduled__2022-05-07T00:00:00+00:00 [running]> on host 49219f98c96e
[2023-05-30T12:34:00.185+0000] {taskinstance.py:1513} INFO - Exporting the following env vars:
AIRFLOW_CTX_DAG_OWNER=coder2j
AIRFLOW_CTX_DAG_ID=our_dag_with_python_operator_v07
AIRFLOW_CTX_TASK_ID=greet
AIRFLOW_CTX_EXECUTION_DATE=2022-05-07T00:00:00+00:00
AIRFLOW_CTX_TRY_NUMBER=1
AIRFLOW_CTX_DAG_RUN_ID=scheduled__2022-05-07T00:00:00+00:00
[2023-05-30T12:34:00.204+0000] {logging_mixin.py:137} INFO - some dict:  {'a': 1, 'b': 2}
[2023-05-30T12:34:00.350+0000] {logging_mixin.py:137} INFO - Hello World! My name is Jerry Fridman, and I am 19 years old!
[2023-05-30T12:34:00.353+0000] {python.py:177} INFO - Done. Returned value was: None
[2023-05-30T12:34:00.380+0000] {taskinstance.py:1327} INFO - Marking task as SUCCESS. dag_id=our_dag_with_python_operator_v07, task_id=greet, execution_date=20220507T000000, start_date=20230530T123359, end_date=20230530T123400
[2023-05-30T12:34:00.519+0000] {local_task_job.py:159} INFO - Task exited with return code 0
[2023-05-30T12:34:00.587+0000] {taskinstance.py:2582} INFO - 0 downstream tasks scheduled from follow-on schedule check
[2023-06-07T06:39:17.967+0000] {taskinstance.py:1087} INFO - Dependencies all met for <TaskInstance: our_dag_with_python_operator_v07.greet scheduled__2022-05-07T00:00:00+00:00 [queued]>
[2023-06-07T06:39:18.017+0000] {taskinstance.py:1087} INFO - Dependencies all met for <TaskInstance: our_dag_with_python_operator_v07.greet scheduled__2022-05-07T00:00:00+00:00 [queued]>
[2023-06-07T06:39:18.020+0000] {taskinstance.py:1283} INFO - 
--------------------------------------------------------------------------------
[2023-06-07T06:39:18.021+0000] {taskinstance.py:1284} INFO - Starting attempt 1 of 6
[2023-06-07T06:39:18.022+0000] {taskinstance.py:1285} INFO - 
--------------------------------------------------------------------------------
[2023-06-07T06:39:18.096+0000] {taskinstance.py:1304} INFO - Executing <Task(PythonOperator): greet> on 2022-05-07 00:00:00+00:00
[2023-06-07T06:39:18.123+0000] {standard_task_runner.py:82} INFO - Running: ['***', 'tasks', 'run', 'our_dag_with_python_operator_v07', 'greet', 'scheduled__2022-05-07T00:00:00+00:00', '--job-id', '2251', '--raw', '--subdir', 'DAGS_FOLDER/dag_python_opr.py', '--cfg-path', '/tmp/tmpann6x5c8']
[2023-06-07T06:39:18.127+0000] {standard_task_runner.py:83} INFO - Job 2251: Subtask greet
[2023-06-07T06:39:18.112+0000] {standard_task_runner.py:55} INFO - Started process 3875 to run task
[2023-06-07T06:39:18.384+0000] {task_command.py:389} INFO - Running <TaskInstance: our_dag_with_python_operator_v07.greet scheduled__2022-05-07T00:00:00+00:00 [running]> on host 026ed797f3b3
[2023-06-07T06:39:18.603+0000] {taskinstance.py:1513} INFO - Exporting the following env vars:
AIRFLOW_CTX_DAG_OWNER=coder2j
AIRFLOW_CTX_DAG_ID=our_dag_with_python_operator_v07
AIRFLOW_CTX_TASK_ID=greet
AIRFLOW_CTX_EXECUTION_DATE=2022-05-07T00:00:00+00:00
AIRFLOW_CTX_TRY_NUMBER=1
AIRFLOW_CTX_DAG_RUN_ID=scheduled__2022-05-07T00:00:00+00:00
[2023-06-07T06:39:18.608+0000] {logging_mixin.py:137} INFO - some dict:  {'a': 1, 'b': 2}
[2023-06-07T06:39:18.677+0000] {logging_mixin.py:137} INFO - Hello World! My name is Jerry Fridman, and I am 19 years old!
[2023-06-07T06:39:18.680+0000] {python.py:177} INFO - Done. Returned value was: None
[2023-06-07T06:39:18.706+0000] {taskinstance.py:1327} INFO - Marking task as SUCCESS. dag_id=our_dag_with_python_operator_v07, task_id=greet, execution_date=20220507T000000, start_date=20230607T063917, end_date=20230607T063918
[2023-06-07T06:39:18.763+0000] {local_task_job.py:159} INFO - Task exited with return code 0
[2023-06-07T06:39:18.804+0000] {taskinstance.py:2582} INFO - 0 downstream tasks scheduled from follow-on schedule check
