[2023-05-30T11:31:33.593+0000] {taskinstance.py:1087} INFO - Dependencies all met for <TaskInstance: our_first_dag_v5.thrid_task scheduled__2022-02-13T00:00:00+00:00 [queued]>
[2023-05-30T11:31:33.753+0000] {taskinstance.py:1087} INFO - Dependencies all met for <TaskInstance: our_first_dag_v5.thrid_task scheduled__2022-02-13T00:00:00+00:00 [queued]>
[2023-05-30T11:31:33.756+0000] {taskinstance.py:1283} INFO - 
--------------------------------------------------------------------------------
[2023-05-30T11:31:33.758+0000] {taskinstance.py:1284} INFO - Starting attempt 1 of 6
[2023-05-30T11:31:33.759+0000] {taskinstance.py:1285} INFO - 
--------------------------------------------------------------------------------
[2023-05-30T11:31:33.918+0000] {taskinstance.py:1304} INFO - Executing <Task(BashOperator): thrid_task> on 2022-02-13 00:00:00+00:00
[2023-05-30T11:31:33.951+0000] {standard_task_runner.py:55} INFO - Started process 3683 to run task
[2023-05-30T11:31:33.984+0000] {standard_task_runner.py:82} INFO - Running: ['***', 'tasks', 'run', 'our_first_dag_v5', 'thrid_task', 'scheduled__2022-02-13T00:00:00+00:00', '--job-id', '606', '--raw', '--subdir', 'DAGS_FOLDER/first_Dag.py', '--cfg-path', '/tmp/tmp0ht4omrr']
[2023-05-30T11:31:33.989+0000] {standard_task_runner.py:83} INFO - Job 606: Subtask thrid_task
[2023-05-30T11:31:34.514+0000] {task_command.py:389} INFO - Running <TaskInstance: our_first_dag_v5.thrid_task scheduled__2022-02-13T00:00:00+00:00 [running]> on host 49219f98c96e
[2023-05-30T11:31:35.011+0000] {taskinstance.py:1513} INFO - Exporting the following env vars:
AIRFLOW_CTX_DAG_OWNER=coder2j
AIRFLOW_CTX_DAG_ID=our_first_dag_v5
AIRFLOW_CTX_TASK_ID=thrid_task
AIRFLOW_CTX_EXECUTION_DATE=2022-02-13T00:00:00+00:00
AIRFLOW_CTX_TRY_NUMBER=1
AIRFLOW_CTX_DAG_RUN_ID=scheduled__2022-02-13T00:00:00+00:00
[2023-05-30T11:31:35.014+0000] {subprocess.py:63} INFO - Tmp dir root location: 
 /tmp
[2023-05-30T11:31:35.020+0000] {subprocess.py:75} INFO - Running command: ['/bin/bash', '-c', 'echo hey, I am task3 and will be running after task1 at the same time as task2!']
[2023-05-30T11:31:35.230+0000] {subprocess.py:86} INFO - Output:
[2023-05-30T11:31:35.296+0000] {subprocess.py:93} INFO - hey, I am task3 and will be running after task1 at the same time as task2!
[2023-05-30T11:31:35.298+0000] {subprocess.py:97} INFO - Command exited with return code 0
[2023-05-30T11:31:35.413+0000] {taskinstance.py:1327} INFO - Marking task as SUCCESS. dag_id=our_first_dag_v5, task_id=thrid_task, execution_date=20220213T000000, start_date=20230530T113133, end_date=20230530T113135
[2023-05-30T11:31:35.676+0000] {local_task_job.py:159} INFO - Task exited with return code 0
[2023-05-30T11:31:36.281+0000] {taskinstance.py:2582} INFO - 0 downstream tasks scheduled from follow-on schedule check
[2023-06-07T06:38:57.411+0000] {taskinstance.py:1087} INFO - Dependencies all met for <TaskInstance: our_first_dag_v5.thrid_task scheduled__2022-02-13T00:00:00+00:00 [queued]>
[2023-06-07T06:38:57.483+0000] {taskinstance.py:1087} INFO - Dependencies all met for <TaskInstance: our_first_dag_v5.thrid_task scheduled__2022-02-13T00:00:00+00:00 [queued]>
[2023-06-07T06:38:57.485+0000] {taskinstance.py:1283} INFO - 
--------------------------------------------------------------------------------
[2023-06-07T06:38:57.495+0000] {taskinstance.py:1284} INFO - Starting attempt 1 of 6
[2023-06-07T06:38:57.497+0000] {taskinstance.py:1285} INFO - 
--------------------------------------------------------------------------------
[2023-06-07T06:38:57.564+0000] {taskinstance.py:1304} INFO - Executing <Task(BashOperator): thrid_task> on 2022-02-13 00:00:00+00:00
[2023-06-07T06:38:57.632+0000] {standard_task_runner.py:55} INFO - Started process 3751 to run task
[2023-06-07T06:38:57.721+0000] {standard_task_runner.py:82} INFO - Running: ['***', 'tasks', 'run', 'our_first_dag_v5', 'thrid_task', 'scheduled__2022-02-13T00:00:00+00:00', '--job-id', '2203', '--raw', '--subdir', 'DAGS_FOLDER/first_Dag.py', '--cfg-path', '/tmp/tmpqb30cn1m']
[2023-06-07T06:38:57.762+0000] {standard_task_runner.py:83} INFO - Job 2203: Subtask thrid_task
[2023-06-07T06:38:58.496+0000] {task_command.py:389} INFO - Running <TaskInstance: our_first_dag_v5.thrid_task scheduled__2022-02-13T00:00:00+00:00 [running]> on host 026ed797f3b3
[2023-06-07T06:38:59.339+0000] {taskinstance.py:1513} INFO - Exporting the following env vars:
AIRFLOW_CTX_DAG_OWNER=coder2j
AIRFLOW_CTX_DAG_ID=our_first_dag_v5
AIRFLOW_CTX_TASK_ID=thrid_task
AIRFLOW_CTX_EXECUTION_DATE=2022-02-13T00:00:00+00:00
AIRFLOW_CTX_TRY_NUMBER=1
AIRFLOW_CTX_DAG_RUN_ID=scheduled__2022-02-13T00:00:00+00:00
[2023-06-07T06:38:59.341+0000] {subprocess.py:63} INFO - Tmp dir root location: 
 /tmp
[2023-06-07T06:38:59.354+0000] {subprocess.py:75} INFO - Running command: ['/bin/bash', '-c', 'echo hey, I am task3 and will be running after task1 at the same time as task2!']
[2023-06-07T06:38:59.471+0000] {subprocess.py:86} INFO - Output:
[2023-06-07T06:38:59.485+0000] {subprocess.py:93} INFO - hey, I am task3 and will be running after task1 at the same time as task2!
[2023-06-07T06:38:59.492+0000] {subprocess.py:97} INFO - Command exited with return code 0
[2023-06-07T06:38:59.690+0000] {taskinstance.py:1327} INFO - Marking task as SUCCESS. dag_id=our_first_dag_v5, task_id=thrid_task, execution_date=20220213T000000, start_date=20230607T063857, end_date=20230607T063859
[2023-06-07T06:38:59.978+0000] {local_task_job.py:159} INFO - Task exited with return code 0
[2023-06-07T06:39:00.141+0000] {taskinstance.py:2582} INFO - 0 downstream tasks scheduled from follow-on schedule check
