[2023-05-30T11:30:02.641+0000] {taskinstance.py:1087} INFO - Dependencies all met for <TaskInstance: our_first_dag_v5.second_task scheduled__2021-11-27T00:00:00+00:00 [queued]>
[2023-05-30T11:30:02.688+0000] {taskinstance.py:1087} INFO - Dependencies all met for <TaskInstance: our_first_dag_v5.second_task scheduled__2021-11-27T00:00:00+00:00 [queued]>
[2023-05-30T11:30:02.689+0000] {taskinstance.py:1283} INFO - 
--------------------------------------------------------------------------------
[2023-05-30T11:30:02.696+0000] {taskinstance.py:1284} INFO - Starting attempt 1 of 6
[2023-05-30T11:30:02.699+0000] {taskinstance.py:1285} INFO - 
--------------------------------------------------------------------------------
[2023-05-30T11:30:02.740+0000] {taskinstance.py:1304} INFO - Executing <Task(BashOperator): second_task> on 2021-11-27 00:00:00+00:00
[2023-05-30T11:30:02.762+0000] {standard_task_runner.py:55} INFO - Started process 2884 to run task
[2023-05-30T11:30:02.778+0000] {standard_task_runner.py:82} INFO - Running: ['***', 'tasks', 'run', 'our_first_dag_v5', 'second_task', 'scheduled__2021-11-27T00:00:00+00:00', '--job-id', '371', '--raw', '--subdir', 'DAGS_FOLDER/first_Dag.py', '--cfg-path', '/tmp/tmpv6klqqx0']
[2023-05-30T11:30:02.781+0000] {standard_task_runner.py:83} INFO - Job 371: Subtask second_task
[2023-05-30T11:30:02.991+0000] {task_command.py:389} INFO - Running <TaskInstance: our_first_dag_v5.second_task scheduled__2021-11-27T00:00:00+00:00 [running]> on host 49219f98c96e
[2023-05-30T11:30:03.147+0000] {taskinstance.py:1513} INFO - Exporting the following env vars:
AIRFLOW_CTX_DAG_OWNER=coder2j
AIRFLOW_CTX_DAG_ID=our_first_dag_v5
AIRFLOW_CTX_TASK_ID=second_task
AIRFLOW_CTX_EXECUTION_DATE=2021-11-27T00:00:00+00:00
AIRFLOW_CTX_TRY_NUMBER=1
AIRFLOW_CTX_DAG_RUN_ID=scheduled__2021-11-27T00:00:00+00:00
[2023-05-30T11:30:03.150+0000] {subprocess.py:63} INFO - Tmp dir root location: 
 /tmp
[2023-05-30T11:30:03.152+0000] {subprocess.py:75} INFO - Running command: ['/bin/bash', '-c', 'echo hey, I am task2 and will be running after task1!']
[2023-05-30T11:30:03.195+0000] {subprocess.py:86} INFO - Output:
[2023-05-30T11:30:03.207+0000] {subprocess.py:93} INFO - hey, I am task2 and will be running after task1!
[2023-05-30T11:30:03.209+0000] {subprocess.py:97} INFO - Command exited with return code 0
[2023-05-30T11:30:03.276+0000] {taskinstance.py:1327} INFO - Marking task as SUCCESS. dag_id=our_first_dag_v5, task_id=second_task, execution_date=20211127T000000, start_date=20230530T113002, end_date=20230530T113003
[2023-05-30T11:30:03.396+0000] {local_task_job.py:159} INFO - Task exited with return code 0
[2023-05-30T11:30:03.450+0000] {taskinstance.py:2582} INFO - 0 downstream tasks scheduled from follow-on schedule check
[2023-06-07T06:35:34.776+0000] {taskinstance.py:1087} INFO - Dependencies all met for <TaskInstance: our_first_dag_v5.second_task scheduled__2021-11-27T00:00:00+00:00 [queued]>
[2023-06-07T06:35:34.921+0000] {taskinstance.py:1087} INFO - Dependencies all met for <TaskInstance: our_first_dag_v5.second_task scheduled__2021-11-27T00:00:00+00:00 [queued]>
[2023-06-07T06:35:34.936+0000] {taskinstance.py:1283} INFO - 
--------------------------------------------------------------------------------
[2023-06-07T06:35:34.938+0000] {taskinstance.py:1284} INFO - Starting attempt 1 of 6
[2023-06-07T06:35:34.941+0000] {taskinstance.py:1285} INFO - 
--------------------------------------------------------------------------------
[2023-06-07T06:35:35.049+0000] {taskinstance.py:1304} INFO - Executing <Task(BashOperator): second_task> on 2021-11-27 00:00:00+00:00
[2023-06-07T06:35:35.101+0000] {standard_task_runner.py:55} INFO - Started process 2466 to run task
[2023-06-07T06:35:35.136+0000] {standard_task_runner.py:82} INFO - Running: ['***', 'tasks', 'run', 'our_first_dag_v5', 'second_task', 'scheduled__2021-11-27T00:00:00+00:00', '--job-id', '1752', '--raw', '--subdir', 'DAGS_FOLDER/first_Dag.py', '--cfg-path', '/tmp/tmpeatrws_8']
[2023-06-07T06:35:35.145+0000] {standard_task_runner.py:83} INFO - Job 1752: Subtask second_task
[2023-06-07T06:35:35.819+0000] {task_command.py:389} INFO - Running <TaskInstance: our_first_dag_v5.second_task scheduled__2021-11-27T00:00:00+00:00 [running]> on host 026ed797f3b3
[2023-06-07T06:35:36.713+0000] {taskinstance.py:1513} INFO - Exporting the following env vars:
AIRFLOW_CTX_DAG_OWNER=coder2j
AIRFLOW_CTX_DAG_ID=our_first_dag_v5
AIRFLOW_CTX_TASK_ID=second_task
AIRFLOW_CTX_EXECUTION_DATE=2021-11-27T00:00:00+00:00
AIRFLOW_CTX_TRY_NUMBER=1
AIRFLOW_CTX_DAG_RUN_ID=scheduled__2021-11-27T00:00:00+00:00
[2023-06-07T06:35:36.716+0000] {subprocess.py:63} INFO - Tmp dir root location: 
 /tmp
[2023-06-07T06:35:36.719+0000] {subprocess.py:75} INFO - Running command: ['/bin/bash', '-c', 'echo hey, I am task2 and will be running after task1!']
[2023-06-07T06:35:36.859+0000] {subprocess.py:86} INFO - Output:
[2023-06-07T06:35:36.871+0000] {subprocess.py:93} INFO - hey, I am task2 and will be running after task1!
[2023-06-07T06:35:36.874+0000] {subprocess.py:97} INFO - Command exited with return code 0
[2023-06-07T06:35:37.066+0000] {taskinstance.py:1327} INFO - Marking task as SUCCESS. dag_id=our_first_dag_v5, task_id=second_task, execution_date=20211127T000000, start_date=20230607T063534, end_date=20230607T063537
[2023-06-07T06:35:37.252+0000] {local_task_job.py:159} INFO - Task exited with return code 0
[2023-06-07T06:35:37.645+0000] {taskinstance.py:2582} INFO - 0 downstream tasks scheduled from follow-on schedule check
