[2023-05-30T11:29:42.334+0000] {taskinstance.py:1087} INFO - Dependencies all met for <TaskInstance: our_first_dag_v5.second_task scheduled__2021-11-08T00:00:00+00:00 [queued]>
[2023-05-30T11:29:42.353+0000] {taskinstance.py:1087} INFO - Dependencies all met for <TaskInstance: our_first_dag_v5.second_task scheduled__2021-11-08T00:00:00+00:00 [queued]>
[2023-05-30T11:29:42.354+0000] {taskinstance.py:1283} INFO - 
--------------------------------------------------------------------------------
[2023-05-30T11:29:42.357+0000] {taskinstance.py:1284} INFO - Starting attempt 1 of 6
[2023-05-30T11:29:42.358+0000] {taskinstance.py:1285} INFO - 
--------------------------------------------------------------------------------
[2023-05-30T11:29:42.382+0000] {taskinstance.py:1304} INFO - Executing <Task(BashOperator): second_task> on 2021-11-08 00:00:00+00:00
[2023-05-30T11:29:42.392+0000] {standard_task_runner.py:55} INFO - Started process 2682 to run task
[2023-05-30T11:29:42.403+0000] {standard_task_runner.py:82} INFO - Running: ['***', 'tasks', 'run', 'our_first_dag_v5', 'second_task', 'scheduled__2021-11-08T00:00:00+00:00', '--job-id', '310', '--raw', '--subdir', 'DAGS_FOLDER/first_Dag.py', '--cfg-path', '/tmp/tmpuyuwrd45']
[2023-05-30T11:29:42.407+0000] {standard_task_runner.py:83} INFO - Job 310: Subtask second_task
[2023-05-30T11:29:42.548+0000] {task_command.py:389} INFO - Running <TaskInstance: our_first_dag_v5.second_task scheduled__2021-11-08T00:00:00+00:00 [running]> on host 49219f98c96e
[2023-05-30T11:29:42.691+0000] {taskinstance.py:1513} INFO - Exporting the following env vars:
AIRFLOW_CTX_DAG_OWNER=coder2j
AIRFLOW_CTX_DAG_ID=our_first_dag_v5
AIRFLOW_CTX_TASK_ID=second_task
AIRFLOW_CTX_EXECUTION_DATE=2021-11-08T00:00:00+00:00
AIRFLOW_CTX_TRY_NUMBER=1
AIRFLOW_CTX_DAG_RUN_ID=scheduled__2021-11-08T00:00:00+00:00
[2023-05-30T11:29:42.695+0000] {subprocess.py:63} INFO - Tmp dir root location: 
 /tmp
[2023-05-30T11:29:42.697+0000] {subprocess.py:75} INFO - Running command: ['/bin/bash', '-c', 'echo hey, I am task2 and will be running after task1!']
[2023-05-30T11:29:42.719+0000] {subprocess.py:86} INFO - Output:
[2023-05-30T11:29:42.723+0000] {subprocess.py:93} INFO - hey, I am task2 and will be running after task1!
[2023-05-30T11:29:42.725+0000] {subprocess.py:97} INFO - Command exited with return code 0
[2023-05-30T11:29:42.767+0000] {taskinstance.py:1327} INFO - Marking task as SUCCESS. dag_id=our_first_dag_v5, task_id=second_task, execution_date=20211108T000000, start_date=20230530T112942, end_date=20230530T112942
[2023-05-30T11:29:42.822+0000] {local_task_job.py:159} INFO - Task exited with return code 0
[2023-05-30T11:29:42.856+0000] {taskinstance.py:2582} INFO - 0 downstream tasks scheduled from follow-on schedule check
[2023-06-07T06:34:43.477+0000] {taskinstance.py:1087} INFO - Dependencies all met for <TaskInstance: our_first_dag_v5.second_task scheduled__2021-11-08T00:00:00+00:00 [queued]>
[2023-06-07T06:34:43.587+0000] {taskinstance.py:1087} INFO - Dependencies all met for <TaskInstance: our_first_dag_v5.second_task scheduled__2021-11-08T00:00:00+00:00 [queued]>
[2023-06-07T06:34:43.592+0000] {taskinstance.py:1283} INFO - 
--------------------------------------------------------------------------------
[2023-06-07T06:34:43.596+0000] {taskinstance.py:1284} INFO - Starting attempt 1 of 6
[2023-06-07T06:34:43.600+0000] {taskinstance.py:1285} INFO - 
--------------------------------------------------------------------------------
[2023-06-07T06:34:43.781+0000] {taskinstance.py:1304} INFO - Executing <Task(BashOperator): second_task> on 2021-11-08 00:00:00+00:00
[2023-06-07T06:34:43.849+0000] {standard_task_runner.py:55} INFO - Started process 2111 to run task
[2023-06-07T06:34:43.913+0000] {standard_task_runner.py:82} INFO - Running: ['***', 'tasks', 'run', 'our_first_dag_v5', 'second_task', 'scheduled__2021-11-08T00:00:00+00:00', '--job-id', '1619', '--raw', '--subdir', 'DAGS_FOLDER/first_Dag.py', '--cfg-path', '/tmp/tmpkqokgw8m']
[2023-06-07T06:34:43.926+0000] {standard_task_runner.py:83} INFO - Job 1619: Subtask second_task
[2023-06-07T06:34:44.365+0000] {task_command.py:389} INFO - Running <TaskInstance: our_first_dag_v5.second_task scheduled__2021-11-08T00:00:00+00:00 [running]> on host 026ed797f3b3
[2023-06-07T06:34:45.090+0000] {taskinstance.py:1513} INFO - Exporting the following env vars:
AIRFLOW_CTX_DAG_OWNER=coder2j
AIRFLOW_CTX_DAG_ID=our_first_dag_v5
AIRFLOW_CTX_TASK_ID=second_task
AIRFLOW_CTX_EXECUTION_DATE=2021-11-08T00:00:00+00:00
AIRFLOW_CTX_TRY_NUMBER=1
AIRFLOW_CTX_DAG_RUN_ID=scheduled__2021-11-08T00:00:00+00:00
[2023-06-07T06:34:45.104+0000] {subprocess.py:63} INFO - Tmp dir root location: 
 /tmp
[2023-06-07T06:34:45.106+0000] {subprocess.py:75} INFO - Running command: ['/bin/bash', '-c', 'echo hey, I am task2 and will be running after task1!']
[2023-06-07T06:34:45.257+0000] {subprocess.py:86} INFO - Output:
[2023-06-07T06:34:45.259+0000] {subprocess.py:93} INFO - hey, I am task2 and will be running after task1!
[2023-06-07T06:34:45.261+0000] {subprocess.py:97} INFO - Command exited with return code 0
[2023-06-07T06:34:45.457+0000] {taskinstance.py:1327} INFO - Marking task as SUCCESS. dag_id=our_first_dag_v5, task_id=second_task, execution_date=20211108T000000, start_date=20230607T063443, end_date=20230607T063445
[2023-06-07T06:34:46.021+0000] {local_task_job.py:159} INFO - Task exited with return code 0
[2023-06-07T06:34:46.124+0000] {taskinstance.py:2582} INFO - 0 downstream tasks scheduled from follow-on schedule check
