[2023-05-30T11:37:24.795+0000] {taskinstance.py:1087} INFO - Dependencies all met for <TaskInstance: our_dag_with_python_operator_v07.get_name scheduled__2021-12-07T00:00:00+00:00 [queued]>
[2023-05-30T11:37:24.844+0000] {taskinstance.py:1087} INFO - Dependencies all met for <TaskInstance: our_dag_with_python_operator_v07.get_name scheduled__2021-12-07T00:00:00+00:00 [queued]>
[2023-05-30T11:37:24.846+0000] {taskinstance.py:1283} INFO - 
--------------------------------------------------------------------------------
[2023-05-30T11:37:24.851+0000] {taskinstance.py:1284} INFO - Starting attempt 1 of 6
[2023-05-30T11:37:24.853+0000] {taskinstance.py:1285} INFO - 
--------------------------------------------------------------------------------
[2023-05-30T11:37:24.907+0000] {taskinstance.py:1304} INFO - Executing <Task(PythonOperator): get_name> on 2021-12-07 00:00:00+00:00
[2023-05-30T11:37:24.923+0000] {standard_task_runner.py:55} INFO - Started process 5921 to run task
[2023-05-30T11:37:24.936+0000] {standard_task_runner.py:82} INFO - Running: ['***', 'tasks', 'run', 'our_dag_with_python_operator_v07', 'get_name', 'scheduled__2021-12-07T00:00:00+00:00', '--job-id', '1299', '--raw', '--subdir', 'DAGS_FOLDER/dag_python_opr.py', '--cfg-path', '/tmp/tmpconigt3q']
[2023-05-30T11:37:24.939+0000] {standard_task_runner.py:83} INFO - Job 1299: Subtask get_name
[2023-05-30T11:37:25.285+0000] {task_command.py:389} INFO - Running <TaskInstance: our_dag_with_python_operator_v07.get_name scheduled__2021-12-07T00:00:00+00:00 [running]> on host 49219f98c96e
[2023-05-30T11:37:25.602+0000] {taskinstance.py:1513} INFO - Exporting the following env vars:
AIRFLOW_CTX_DAG_OWNER=coder2j
AIRFLOW_CTX_DAG_ID=our_dag_with_python_operator_v07
AIRFLOW_CTX_TASK_ID=get_name
AIRFLOW_CTX_EXECUTION_DATE=2021-12-07T00:00:00+00:00
AIRFLOW_CTX_TRY_NUMBER=1
AIRFLOW_CTX_DAG_RUN_ID=scheduled__2021-12-07T00:00:00+00:00
[2023-05-30T11:37:25.698+0000] {python.py:177} INFO - Done. Returned value was: None
[2023-05-30T11:37:25.742+0000] {taskinstance.py:1327} INFO - Marking task as SUCCESS. dag_id=our_dag_with_python_operator_v07, task_id=get_name, execution_date=20211207T000000, start_date=20230530T113724, end_date=20230530T113725
[2023-05-30T11:37:25.880+0000] {local_task_job.py:159} INFO - Task exited with return code 0
[2023-05-30T11:37:25.964+0000] {taskinstance.py:2582} INFO - 1 downstream tasks scheduled from follow-on schedule check
[2023-06-07T06:32:54.500+0000] {taskinstance.py:1087} INFO - Dependencies all met for <TaskInstance: our_dag_with_python_operator_v07.get_name scheduled__2021-12-07T00:00:00+00:00 [queued]>
[2023-06-07T06:32:54.635+0000] {taskinstance.py:1087} INFO - Dependencies all met for <TaskInstance: our_dag_with_python_operator_v07.get_name scheduled__2021-12-07T00:00:00+00:00 [queued]>
[2023-06-07T06:32:54.637+0000] {taskinstance.py:1283} INFO - 
--------------------------------------------------------------------------------
[2023-06-07T06:32:54.641+0000] {taskinstance.py:1284} INFO - Starting attempt 1 of 6
[2023-06-07T06:32:54.643+0000] {taskinstance.py:1285} INFO - 
--------------------------------------------------------------------------------
[2023-06-07T06:32:54.797+0000] {taskinstance.py:1304} INFO - Executing <Task(PythonOperator): get_name> on 2021-12-07 00:00:00+00:00
[2023-06-07T06:32:54.820+0000] {standard_task_runner.py:55} INFO - Started process 1324 to run task
[2023-06-07T06:32:54.841+0000] {standard_task_runner.py:82} INFO - Running: ['***', 'tasks', 'run', 'our_dag_with_python_operator_v07', 'get_name', 'scheduled__2021-12-07T00:00:00+00:00', '--job-id', '1330', '--raw', '--subdir', 'DAGS_FOLDER/dag_python_opr.py', '--cfg-path', '/tmp/tmpf2pcn3ta']
[2023-06-07T06:32:54.851+0000] {standard_task_runner.py:83} INFO - Job 1330: Subtask get_name
[2023-06-07T06:32:55.240+0000] {task_command.py:389} INFO - Running <TaskInstance: our_dag_with_python_operator_v07.get_name scheduled__2021-12-07T00:00:00+00:00 [running]> on host 026ed797f3b3
[2023-06-07T06:32:55.646+0000] {taskinstance.py:1513} INFO - Exporting the following env vars:
AIRFLOW_CTX_DAG_OWNER=coder2j
AIRFLOW_CTX_DAG_ID=our_dag_with_python_operator_v07
AIRFLOW_CTX_TASK_ID=get_name
AIRFLOW_CTX_EXECUTION_DATE=2021-12-07T00:00:00+00:00
AIRFLOW_CTX_TRY_NUMBER=1
AIRFLOW_CTX_DAG_RUN_ID=scheduled__2021-12-07T00:00:00+00:00
[2023-06-07T06:32:55.772+0000] {python.py:177} INFO - Done. Returned value was: None
[2023-06-07T06:32:55.835+0000] {taskinstance.py:1327} INFO - Marking task as SUCCESS. dag_id=our_dag_with_python_operator_v07, task_id=get_name, execution_date=20211207T000000, start_date=20230607T063254, end_date=20230607T063255
[2023-06-07T06:32:56.037+0000] {local_task_job.py:159} INFO - Task exited with return code 0
[2023-06-07T06:32:56.154+0000] {taskinstance.py:2582} INFO - 0 downstream tasks scheduled from follow-on schedule check
