[2023-05-30T12:33:24.489+0000] {taskinstance.py:1087} INFO - Dependencies all met for <TaskInstance: our_dag_with_python_operator_v07.greet scheduled__2022-04-08T00:00:00+00:00 [queued]>
[2023-05-30T12:33:24.505+0000] {taskinstance.py:1087} INFO - Dependencies all met for <TaskInstance: our_dag_with_python_operator_v07.greet scheduled__2022-04-08T00:00:00+00:00 [queued]>
[2023-05-30T12:33:24.508+0000] {taskinstance.py:1283} INFO - 
--------------------------------------------------------------------------------
[2023-05-30T12:33:24.510+0000] {taskinstance.py:1284} INFO - Starting attempt 1 of 6
[2023-05-30T12:33:24.511+0000] {taskinstance.py:1285} INFO - 
--------------------------------------------------------------------------------
[2023-05-30T12:33:24.531+0000] {taskinstance.py:1304} INFO - Executing <Task(PythonOperator): greet> on 2022-04-08 00:00:00+00:00
[2023-05-30T12:33:24.538+0000] {standard_task_runner.py:55} INFO - Started process 10450 to run task
[2023-05-30T12:33:24.544+0000] {standard_task_runner.py:82} INFO - Running: ['***', 'tasks', 'run', 'our_dag_with_python_operator_v07', 'greet', 'scheduled__2022-04-08T00:00:00+00:00', '--job-id', '1671', '--raw', '--subdir', 'DAGS_FOLDER/dag_python_opr.py', '--cfg-path', '/tmp/tmpwdwoql32']
[2023-05-30T12:33:24.545+0000] {standard_task_runner.py:83} INFO - Job 1671: Subtask greet
[2023-05-30T12:33:24.652+0000] {task_command.py:389} INFO - Running <TaskInstance: our_dag_with_python_operator_v07.greet scheduled__2022-04-08T00:00:00+00:00 [running]> on host 49219f98c96e
[2023-05-30T12:33:24.776+0000] {taskinstance.py:1513} INFO - Exporting the following env vars:
AIRFLOW_CTX_DAG_OWNER=coder2j
AIRFLOW_CTX_DAG_ID=our_dag_with_python_operator_v07
AIRFLOW_CTX_TASK_ID=greet
AIRFLOW_CTX_EXECUTION_DATE=2022-04-08T00:00:00+00:00
AIRFLOW_CTX_TRY_NUMBER=1
AIRFLOW_CTX_DAG_RUN_ID=scheduled__2022-04-08T00:00:00+00:00
[2023-05-30T12:33:24.779+0000] {logging_mixin.py:137} INFO - some dict:  {'a': 1, 'b': 2}
[2023-05-30T12:33:24.823+0000] {logging_mixin.py:137} INFO - Hello World! My name is Jerry Fridman, and I am 19 years old!
[2023-05-30T12:33:24.825+0000] {python.py:177} INFO - Done. Returned value was: None
[2023-05-30T12:33:24.841+0000] {taskinstance.py:1327} INFO - Marking task as SUCCESS. dag_id=our_dag_with_python_operator_v07, task_id=greet, execution_date=20220408T000000, start_date=20230530T123324, end_date=20230530T123324
[2023-05-30T12:33:24.881+0000] {local_task_job.py:159} INFO - Task exited with return code 0
[2023-05-30T12:33:24.912+0000] {taskinstance.py:2582} INFO - 0 downstream tasks scheduled from follow-on schedule check
[2023-06-07T06:38:06.675+0000] {taskinstance.py:1087} INFO - Dependencies all met for <TaskInstance: our_dag_with_python_operator_v07.greet scheduled__2022-04-08T00:00:00+00:00 [queued]>
[2023-06-07T06:38:06.841+0000] {taskinstance.py:1087} INFO - Dependencies all met for <TaskInstance: our_dag_with_python_operator_v07.greet scheduled__2022-04-08T00:00:00+00:00 [queued]>
[2023-06-07T06:38:06.848+0000] {taskinstance.py:1283} INFO - 
--------------------------------------------------------------------------------
[2023-06-07T06:38:06.854+0000] {taskinstance.py:1284} INFO - Starting attempt 1 of 6
[2023-06-07T06:38:06.856+0000] {taskinstance.py:1285} INFO - 
--------------------------------------------------------------------------------
[2023-06-07T06:38:07.134+0000] {taskinstance.py:1304} INFO - Executing <Task(PythonOperator): greet> on 2022-04-08 00:00:00+00:00
[2023-06-07T06:38:07.181+0000] {standard_task_runner.py:55} INFO - Started process 3395 to run task
[2023-06-07T06:38:07.208+0000] {standard_task_runner.py:82} INFO - Running: ['***', 'tasks', 'run', 'our_dag_with_python_operator_v07', 'greet', 'scheduled__2022-04-08T00:00:00+00:00', '--job-id', '2080', '--raw', '--subdir', 'DAGS_FOLDER/dag_python_opr.py', '--cfg-path', '/tmp/tmpf_vqw3qx']
[2023-06-07T06:38:07.227+0000] {standard_task_runner.py:83} INFO - Job 2080: Subtask greet
[2023-06-07T06:38:07.677+0000] {task_command.py:389} INFO - Running <TaskInstance: our_dag_with_python_operator_v07.greet scheduled__2022-04-08T00:00:00+00:00 [running]> on host 026ed797f3b3
[2023-06-07T06:38:08.325+0000] {taskinstance.py:1513} INFO - Exporting the following env vars:
AIRFLOW_CTX_DAG_OWNER=coder2j
AIRFLOW_CTX_DAG_ID=our_dag_with_python_operator_v07
AIRFLOW_CTX_TASK_ID=greet
AIRFLOW_CTX_EXECUTION_DATE=2022-04-08T00:00:00+00:00
AIRFLOW_CTX_TRY_NUMBER=1
AIRFLOW_CTX_DAG_RUN_ID=scheduled__2022-04-08T00:00:00+00:00
[2023-06-07T06:38:08.328+0000] {logging_mixin.py:137} INFO - some dict:  {'a': 1, 'b': 2}
[2023-06-07T06:38:08.551+0000] {logging_mixin.py:137} INFO - Hello World! My name is Jerry Fridman, and I am 19 years old!
[2023-06-07T06:38:08.552+0000] {python.py:177} INFO - Done. Returned value was: None
[2023-06-07T06:38:08.639+0000] {taskinstance.py:1327} INFO - Marking task as SUCCESS. dag_id=our_dag_with_python_operator_v07, task_id=greet, execution_date=20220408T000000, start_date=20230607T063806, end_date=20230607T063808
[2023-06-07T06:38:09.078+0000] {local_task_job.py:159} INFO - Task exited with return code 0
[2023-06-07T06:38:09.181+0000] {taskinstance.py:2582} INFO - 0 downstream tasks scheduled from follow-on schedule check
