[2023-05-30T11:37:18.444+0000] {taskinstance.py:1087} INFO - Dependencies all met for <TaskInstance: our_dag_with_python_operator_v07.greet scheduled__2021-11-28T00:00:00+00:00 [queued]>
[2023-05-30T11:37:18.483+0000] {taskinstance.py:1087} INFO - Dependencies all met for <TaskInstance: our_dag_with_python_operator_v07.greet scheduled__2021-11-28T00:00:00+00:00 [queued]>
[2023-05-30T11:37:18.484+0000] {taskinstance.py:1283} INFO - 
--------------------------------------------------------------------------------
[2023-05-30T11:37:18.485+0000] {taskinstance.py:1284} INFO - Starting attempt 1 of 6
[2023-05-30T11:37:18.487+0000] {taskinstance.py:1285} INFO - 
--------------------------------------------------------------------------------
[2023-05-30T11:37:18.521+0000] {taskinstance.py:1304} INFO - Executing <Task(PythonOperator): greet> on 2021-11-28 00:00:00+00:00
[2023-05-30T11:37:18.529+0000] {standard_task_runner.py:55} INFO - Started process 5881 to run task
[2023-05-30T11:37:18.545+0000] {standard_task_runner.py:82} INFO - Running: ['***', 'tasks', 'run', 'our_dag_with_python_operator_v07', 'greet', 'scheduled__2021-11-28T00:00:00+00:00', '--job-id', '1285', '--raw', '--subdir', 'DAGS_FOLDER/dag_python_opr.py', '--cfg-path', '/tmp/tmpuepdgj72']
[2023-05-30T11:37:18.558+0000] {standard_task_runner.py:83} INFO - Job 1285: Subtask greet
[2023-05-30T11:37:18.756+0000] {task_command.py:389} INFO - Running <TaskInstance: our_dag_with_python_operator_v07.greet scheduled__2021-11-28T00:00:00+00:00 [running]> on host 49219f98c96e
[2023-05-30T11:37:18.995+0000] {taskinstance.py:1513} INFO - Exporting the following env vars:
AIRFLOW_CTX_DAG_OWNER=coder2j
AIRFLOW_CTX_DAG_ID=our_dag_with_python_operator_v07
AIRFLOW_CTX_TASK_ID=greet
AIRFLOW_CTX_EXECUTION_DATE=2021-11-28T00:00:00+00:00
AIRFLOW_CTX_TRY_NUMBER=1
AIRFLOW_CTX_DAG_RUN_ID=scheduled__2021-11-28T00:00:00+00:00
[2023-05-30T11:37:18.999+0000] {logging_mixin.py:137} INFO - some dict:  {'a': 1, 'b': 2}
[2023-05-30T11:37:19.080+0000] {logging_mixin.py:137} INFO - Hello World! My name is Jerry Fridman, and I am 19 years old!
[2023-05-30T11:37:19.082+0000] {python.py:177} INFO - Done. Returned value was: None
[2023-05-30T11:37:19.114+0000] {taskinstance.py:1327} INFO - Marking task as SUCCESS. dag_id=our_dag_with_python_operator_v07, task_id=greet, execution_date=20211128T000000, start_date=20230530T113718, end_date=20230530T113719
[2023-05-30T11:37:19.222+0000] {local_task_job.py:159} INFO - Task exited with return code 0
[2023-05-30T11:37:19.262+0000] {taskinstance.py:2582} INFO - 0 downstream tasks scheduled from follow-on schedule check
[2023-06-07T06:32:52.566+0000] {taskinstance.py:1087} INFO - Dependencies all met for <TaskInstance: our_dag_with_python_operator_v07.greet scheduled__2021-11-28T00:00:00+00:00 [queued]>
[2023-06-07T06:32:52.711+0000] {taskinstance.py:1087} INFO - Dependencies all met for <TaskInstance: our_dag_with_python_operator_v07.greet scheduled__2021-11-28T00:00:00+00:00 [queued]>
[2023-06-07T06:32:52.720+0000] {taskinstance.py:1283} INFO - 
--------------------------------------------------------------------------------
[2023-06-07T06:32:52.732+0000] {taskinstance.py:1284} INFO - Starting attempt 1 of 6
[2023-06-07T06:32:52.739+0000] {taskinstance.py:1285} INFO - 
--------------------------------------------------------------------------------
[2023-06-07T06:32:52.903+0000] {taskinstance.py:1304} INFO - Executing <Task(PythonOperator): greet> on 2021-11-28 00:00:00+00:00
[2023-06-07T06:32:52.924+0000] {standard_task_runner.py:55} INFO - Started process 1311 to run task
[2023-06-07T06:32:52.975+0000] {standard_task_runner.py:82} INFO - Running: ['***', 'tasks', 'run', 'our_dag_with_python_operator_v07', 'greet', 'scheduled__2021-11-28T00:00:00+00:00', '--job-id', '1324', '--raw', '--subdir', 'DAGS_FOLDER/dag_python_opr.py', '--cfg-path', '/tmp/tmpmmy7lm3q']
[2023-06-07T06:32:52.991+0000] {standard_task_runner.py:83} INFO - Job 1324: Subtask greet
[2023-06-07T06:32:53.471+0000] {task_command.py:389} INFO - Running <TaskInstance: our_dag_with_python_operator_v07.greet scheduled__2021-11-28T00:00:00+00:00 [running]> on host 026ed797f3b3
[2023-06-07T06:32:53.951+0000] {taskinstance.py:1513} INFO - Exporting the following env vars:
AIRFLOW_CTX_DAG_OWNER=coder2j
AIRFLOW_CTX_DAG_ID=our_dag_with_python_operator_v07
AIRFLOW_CTX_TASK_ID=greet
AIRFLOW_CTX_EXECUTION_DATE=2021-11-28T00:00:00+00:00
AIRFLOW_CTX_TRY_NUMBER=1
AIRFLOW_CTX_DAG_RUN_ID=scheduled__2021-11-28T00:00:00+00:00
[2023-06-07T06:32:53.963+0000] {logging_mixin.py:137} INFO - some dict:  {'a': 1, 'b': 2}
[2023-06-07T06:32:54.128+0000] {logging_mixin.py:137} INFO - Hello World! My name is Jerry Fridman, and I am 19 years old!
[2023-06-07T06:32:54.136+0000] {python.py:177} INFO - Done. Returned value was: None
[2023-06-07T06:32:54.181+0000] {taskinstance.py:1327} INFO - Marking task as SUCCESS. dag_id=our_dag_with_python_operator_v07, task_id=greet, execution_date=20211128T000000, start_date=20230607T063252, end_date=20230607T063254
[2023-06-07T06:32:54.359+0000] {local_task_job.py:159} INFO - Task exited with return code 0
[2023-06-07T06:32:54.715+0000] {taskinstance.py:2582} INFO - 0 downstream tasks scheduled from follow-on schedule check
