[2023-05-30T11:31:46.437+0000] {taskinstance.py:1087} INFO - Dependencies all met for <TaskInstance: our_first_dag_v5.first_task scheduled__2022-03-03T00:00:00+00:00 [queued]>
[2023-05-30T11:31:46.486+0000] {taskinstance.py:1087} INFO - Dependencies all met for <TaskInstance: our_first_dag_v5.first_task scheduled__2022-03-03T00:00:00+00:00 [queued]>
[2023-05-30T11:31:46.488+0000] {taskinstance.py:1283} INFO - 
--------------------------------------------------------------------------------
[2023-05-30T11:31:46.489+0000] {taskinstance.py:1284} INFO - Starting attempt 1 of 6
[2023-05-30T11:31:46.490+0000] {taskinstance.py:1285} INFO - 
--------------------------------------------------------------------------------
[2023-05-30T11:31:46.540+0000] {taskinstance.py:1304} INFO - Executing <Task(BashOperator): first_task> on 2022-03-03 00:00:00+00:00
[2023-05-30T11:31:46.596+0000] {standard_task_runner.py:55} INFO - Started process 3801 to run task
[2023-05-30T11:31:46.620+0000] {standard_task_runner.py:82} INFO - Running: ['***', 'tasks', 'run', 'our_first_dag_v5', 'first_task', 'scheduled__2022-03-03T00:00:00+00:00', '--job-id', '642', '--raw', '--subdir', 'DAGS_FOLDER/first_Dag.py', '--cfg-path', '/tmp/tmp5g052zrn']
[2023-05-30T11:31:46.623+0000] {standard_task_runner.py:83} INFO - Job 642: Subtask first_task
[2023-05-30T11:31:46.854+0000] {task_command.py:389} INFO - Running <TaskInstance: our_first_dag_v5.first_task scheduled__2022-03-03T00:00:00+00:00 [running]> on host 49219f98c96e
[2023-05-30T11:31:47.160+0000] {taskinstance.py:1513} INFO - Exporting the following env vars:
AIRFLOW_CTX_DAG_OWNER=coder2j
AIRFLOW_CTX_DAG_ID=our_first_dag_v5
AIRFLOW_CTX_TASK_ID=first_task
AIRFLOW_CTX_EXECUTION_DATE=2022-03-03T00:00:00+00:00
AIRFLOW_CTX_TRY_NUMBER=1
AIRFLOW_CTX_DAG_RUN_ID=scheduled__2022-03-03T00:00:00+00:00
[2023-05-30T11:31:47.165+0000] {subprocess.py:63} INFO - Tmp dir root location: 
 /tmp
[2023-05-30T11:31:47.174+0000] {subprocess.py:75} INFO - Running command: ['/bin/bash', '-c', 'echo hello world, this is the first task!']
[2023-05-30T11:31:47.236+0000] {subprocess.py:86} INFO - Output:
[2023-05-30T11:31:47.255+0000] {subprocess.py:93} INFO - hello world, this is the first task!
[2023-05-30T11:31:47.257+0000] {subprocess.py:97} INFO - Command exited with return code 0
[2023-05-30T11:31:47.373+0000] {taskinstance.py:1327} INFO - Marking task as SUCCESS. dag_id=our_first_dag_v5, task_id=first_task, execution_date=20220303T000000, start_date=20230530T113146, end_date=20230530T113147
[2023-05-30T11:31:47.509+0000] {local_task_job.py:159} INFO - Task exited with return code 0
[2023-05-30T11:31:47.630+0000] {taskinstance.py:2582} INFO - 2 downstream tasks scheduled from follow-on schedule check
[2023-06-07T06:39:41.002+0000] {taskinstance.py:1087} INFO - Dependencies all met for <TaskInstance: our_first_dag_v5.first_task scheduled__2022-03-03T00:00:00+00:00 [queued]>
[2023-06-07T06:39:41.049+0000] {taskinstance.py:1087} INFO - Dependencies all met for <TaskInstance: our_first_dag_v5.first_task scheduled__2022-03-03T00:00:00+00:00 [queued]>
[2023-06-07T06:39:41.053+0000] {taskinstance.py:1283} INFO - 
--------------------------------------------------------------------------------
[2023-06-07T06:39:41.063+0000] {taskinstance.py:1284} INFO - Starting attempt 1 of 6
[2023-06-07T06:39:41.066+0000] {taskinstance.py:1285} INFO - 
--------------------------------------------------------------------------------
[2023-06-07T06:39:41.177+0000] {taskinstance.py:1304} INFO - Executing <Task(BashOperator): first_task> on 2022-03-03 00:00:00+00:00
[2023-06-07T06:39:41.222+0000] {standard_task_runner.py:55} INFO - Started process 4000 to run task
[2023-06-07T06:39:41.259+0000] {standard_task_runner.py:82} INFO - Running: ['***', 'tasks', 'run', 'our_first_dag_v5', 'first_task', 'scheduled__2022-03-03T00:00:00+00:00', '--job-id', '2295', '--raw', '--subdir', 'DAGS_FOLDER/first_Dag.py', '--cfg-path', '/tmp/tmpm3mk8yy6']
[2023-06-07T06:39:41.262+0000] {standard_task_runner.py:83} INFO - Job 2295: Subtask first_task
[2023-06-07T06:39:41.814+0000] {task_command.py:389} INFO - Running <TaskInstance: our_first_dag_v5.first_task scheduled__2022-03-03T00:00:00+00:00 [running]> on host 026ed797f3b3
[2023-06-07T06:39:42.332+0000] {taskinstance.py:1513} INFO - Exporting the following env vars:
AIRFLOW_CTX_DAG_OWNER=coder2j
AIRFLOW_CTX_DAG_ID=our_first_dag_v5
AIRFLOW_CTX_TASK_ID=first_task
AIRFLOW_CTX_EXECUTION_DATE=2022-03-03T00:00:00+00:00
AIRFLOW_CTX_TRY_NUMBER=1
AIRFLOW_CTX_DAG_RUN_ID=scheduled__2022-03-03T00:00:00+00:00
[2023-06-07T06:39:42.340+0000] {subprocess.py:63} INFO - Tmp dir root location: 
 /tmp
[2023-06-07T06:39:42.343+0000] {subprocess.py:75} INFO - Running command: ['/bin/bash', '-c', 'echo hello world, this is the first task!']
[2023-06-07T06:39:42.453+0000] {subprocess.py:86} INFO - Output:
[2023-06-07T06:39:42.473+0000] {subprocess.py:93} INFO - hello world, this is the first task!
[2023-06-07T06:39:42.481+0000] {subprocess.py:97} INFO - Command exited with return code 0
[2023-06-07T06:39:42.608+0000] {taskinstance.py:1327} INFO - Marking task as SUCCESS. dag_id=our_first_dag_v5, task_id=first_task, execution_date=20220303T000000, start_date=20230607T063941, end_date=20230607T063942
[2023-06-07T06:39:42.817+0000] {local_task_job.py:159} INFO - Task exited with return code 0
[2023-06-07T06:39:43.159+0000] {taskinstance.py:2582} INFO - 0 downstream tasks scheduled from follow-on schedule check
