[2023-05-30T11:29:22.076+0000] {taskinstance.py:1087} INFO - Dependencies all met for <TaskInstance: our_first_dag_v5.first_task scheduled__2021-10-24T00:00:00+00:00 [queued]>
[2023-05-30T11:29:22.116+0000] {taskinstance.py:1087} INFO - Dependencies all met for <TaskInstance: our_first_dag_v5.first_task scheduled__2021-10-24T00:00:00+00:00 [queued]>
[2023-05-30T11:29:22.118+0000] {taskinstance.py:1283} INFO - 
--------------------------------------------------------------------------------
[2023-05-30T11:29:22.120+0000] {taskinstance.py:1284} INFO - Starting attempt 1 of 6
[2023-05-30T11:29:22.121+0000] {taskinstance.py:1285} INFO - 
--------------------------------------------------------------------------------
[2023-05-30T11:29:22.156+0000] {taskinstance.py:1304} INFO - Executing <Task(BashOperator): first_task> on 2021-10-24 00:00:00+00:00
[2023-05-30T11:29:22.169+0000] {standard_task_runner.py:55} INFO - Started process 2493 to run task
[2023-05-30T11:29:22.181+0000] {standard_task_runner.py:82} INFO - Running: ['***', 'tasks', 'run', 'our_first_dag_v5', 'first_task', 'scheduled__2021-10-24T00:00:00+00:00', '--job-id', '254', '--raw', '--subdir', 'DAGS_FOLDER/first_Dag.py', '--cfg-path', '/tmp/tmptegs_k0i']
[2023-05-30T11:29:22.183+0000] {standard_task_runner.py:83} INFO - Job 254: Subtask first_task
[2023-05-30T11:29:22.375+0000] {task_command.py:389} INFO - Running <TaskInstance: our_first_dag_v5.first_task scheduled__2021-10-24T00:00:00+00:00 [running]> on host 49219f98c96e
[2023-05-30T11:29:22.595+0000] {taskinstance.py:1513} INFO - Exporting the following env vars:
AIRFLOW_CTX_DAG_OWNER=coder2j
AIRFLOW_CTX_DAG_ID=our_first_dag_v5
AIRFLOW_CTX_TASK_ID=first_task
AIRFLOW_CTX_EXECUTION_DATE=2021-10-24T00:00:00+00:00
AIRFLOW_CTX_TRY_NUMBER=1
AIRFLOW_CTX_DAG_RUN_ID=scheduled__2021-10-24T00:00:00+00:00
[2023-05-30T11:29:22.599+0000] {subprocess.py:63} INFO - Tmp dir root location: 
 /tmp
[2023-05-30T11:29:22.601+0000] {subprocess.py:75} INFO - Running command: ['/bin/bash', '-c', 'echo hello world, this is the first task!']
[2023-05-30T11:29:22.632+0000] {subprocess.py:86} INFO - Output:
[2023-05-30T11:29:22.638+0000] {subprocess.py:93} INFO - hello world, this is the first task!
[2023-05-30T11:29:22.640+0000] {subprocess.py:97} INFO - Command exited with return code 0
[2023-05-30T11:29:22.724+0000] {taskinstance.py:1327} INFO - Marking task as SUCCESS. dag_id=our_first_dag_v5, task_id=first_task, execution_date=20211024T000000, start_date=20230530T112922, end_date=20230530T112922
[2023-05-30T11:29:22.802+0000] {local_task_job.py:159} INFO - Task exited with return code 0
[2023-05-30T11:29:22.890+0000] {taskinstance.py:2582} INFO - 2 downstream tasks scheduled from follow-on schedule check
[2023-06-07T06:33:54.862+0000] {taskinstance.py:1087} INFO - Dependencies all met for <TaskInstance: our_first_dag_v5.first_task scheduled__2021-10-24T00:00:00+00:00 [queued]>
[2023-06-07T06:33:55.009+0000] {taskinstance.py:1087} INFO - Dependencies all met for <TaskInstance: our_first_dag_v5.first_task scheduled__2021-10-24T00:00:00+00:00 [queued]>
[2023-06-07T06:33:55.026+0000] {taskinstance.py:1283} INFO - 
--------------------------------------------------------------------------------
[2023-06-07T06:33:55.031+0000] {taskinstance.py:1284} INFO - Starting attempt 1 of 6
[2023-06-07T06:33:55.035+0000] {taskinstance.py:1285} INFO - 
--------------------------------------------------------------------------------
[2023-06-07T06:33:55.147+0000] {taskinstance.py:1304} INFO - Executing <Task(BashOperator): first_task> on 2021-10-24 00:00:00+00:00
[2023-06-07T06:33:55.230+0000] {standard_task_runner.py:55} INFO - Started process 1778 to run task
[2023-06-07T06:33:55.270+0000] {standard_task_runner.py:82} INFO - Running: ['***', 'tasks', 'run', 'our_first_dag_v5', 'first_task', 'scheduled__2021-10-24T00:00:00+00:00', '--job-id', '1500', '--raw', '--subdir', 'DAGS_FOLDER/first_Dag.py', '--cfg-path', '/tmp/tmpkxx90ffd']
[2023-06-07T06:33:55.275+0000] {standard_task_runner.py:83} INFO - Job 1500: Subtask first_task
[2023-06-07T06:33:55.817+0000] {task_command.py:389} INFO - Running <TaskInstance: our_first_dag_v5.first_task scheduled__2021-10-24T00:00:00+00:00 [running]> on host 026ed797f3b3
[2023-06-07T06:33:56.313+0000] {taskinstance.py:1513} INFO - Exporting the following env vars:
AIRFLOW_CTX_DAG_OWNER=coder2j
AIRFLOW_CTX_DAG_ID=our_first_dag_v5
AIRFLOW_CTX_TASK_ID=first_task
AIRFLOW_CTX_EXECUTION_DATE=2021-10-24T00:00:00+00:00
AIRFLOW_CTX_TRY_NUMBER=1
AIRFLOW_CTX_DAG_RUN_ID=scheduled__2021-10-24T00:00:00+00:00
[2023-06-07T06:33:56.321+0000] {subprocess.py:63} INFO - Tmp dir root location: 
 /tmp
[2023-06-07T06:33:56.324+0000] {subprocess.py:75} INFO - Running command: ['/bin/bash', '-c', 'echo hello world, this is the first task!']
[2023-06-07T06:33:56.377+0000] {subprocess.py:86} INFO - Output:
[2023-06-07T06:33:56.388+0000] {subprocess.py:93} INFO - hello world, this is the first task!
[2023-06-07T06:33:56.394+0000] {subprocess.py:97} INFO - Command exited with return code 0
[2023-06-07T06:33:56.507+0000] {taskinstance.py:1327} INFO - Marking task as SUCCESS. dag_id=our_first_dag_v5, task_id=first_task, execution_date=20211024T000000, start_date=20230607T063354, end_date=20230607T063356
[2023-06-07T06:33:56.670+0000] {local_task_job.py:159} INFO - Task exited with return code 0
[2023-06-07T06:33:56.750+0000] {taskinstance.py:2582} INFO - 0 downstream tasks scheduled from follow-on schedule check
