[2023-05-30T11:31:44.467+0000] {taskinstance.py:1087} INFO - Dependencies all met for <TaskInstance: our_first_dag_v5.first_task scheduled__2022-02-25T00:00:00+00:00 [queued]>
[2023-05-30T11:31:44.484+0000] {taskinstance.py:1087} INFO - Dependencies all met for <TaskInstance: our_first_dag_v5.first_task scheduled__2022-02-25T00:00:00+00:00 [queued]>
[2023-05-30T11:31:44.485+0000] {taskinstance.py:1283} INFO - 
--------------------------------------------------------------------------------
[2023-05-30T11:31:44.487+0000] {taskinstance.py:1284} INFO - Starting attempt 1 of 6
[2023-05-30T11:31:44.488+0000] {taskinstance.py:1285} INFO - 
--------------------------------------------------------------------------------
[2023-05-30T11:31:44.519+0000] {taskinstance.py:1304} INFO - Executing <Task(BashOperator): first_task> on 2022-02-25 00:00:00+00:00
[2023-05-30T11:31:44.528+0000] {standard_task_runner.py:55} INFO - Started process 3779 to run task
[2023-05-30T11:31:44.548+0000] {standard_task_runner.py:82} INFO - Running: ['***', 'tasks', 'run', 'our_first_dag_v5', 'first_task', 'scheduled__2022-02-25T00:00:00+00:00', '--job-id', '636', '--raw', '--subdir', 'DAGS_FOLDER/first_Dag.py', '--cfg-path', '/tmp/tmp61xy28jn']
[2023-05-30T11:31:44.551+0000] {standard_task_runner.py:83} INFO - Job 636: Subtask first_task
[2023-05-30T11:31:44.737+0000] {task_command.py:389} INFO - Running <TaskInstance: our_first_dag_v5.first_task scheduled__2022-02-25T00:00:00+00:00 [running]> on host 49219f98c96e
[2023-05-30T11:31:44.974+0000] {taskinstance.py:1513} INFO - Exporting the following env vars:
AIRFLOW_CTX_DAG_OWNER=coder2j
AIRFLOW_CTX_DAG_ID=our_first_dag_v5
AIRFLOW_CTX_TASK_ID=first_task
AIRFLOW_CTX_EXECUTION_DATE=2022-02-25T00:00:00+00:00
AIRFLOW_CTX_TRY_NUMBER=1
AIRFLOW_CTX_DAG_RUN_ID=scheduled__2022-02-25T00:00:00+00:00
[2023-05-30T11:31:44.977+0000] {subprocess.py:63} INFO - Tmp dir root location: 
 /tmp
[2023-05-30T11:31:44.980+0000] {subprocess.py:75} INFO - Running command: ['/bin/bash', '-c', 'echo hello world, this is the first task!']
[2023-05-30T11:31:45.012+0000] {subprocess.py:86} INFO - Output:
[2023-05-30T11:31:45.018+0000] {subprocess.py:93} INFO - hello world, this is the first task!
[2023-05-30T11:31:45.023+0000] {subprocess.py:97} INFO - Command exited with return code 0
[2023-05-30T11:31:45.083+0000] {taskinstance.py:1327} INFO - Marking task as SUCCESS. dag_id=our_first_dag_v5, task_id=first_task, execution_date=20220225T000000, start_date=20230530T113144, end_date=20230530T113145
[2023-05-30T11:31:45.152+0000] {local_task_job.py:159} INFO - Task exited with return code 0
[2023-05-30T11:31:45.208+0000] {taskinstance.py:2582} INFO - 2 downstream tasks scheduled from follow-on schedule check
[2023-06-07T06:39:25.347+0000] {taskinstance.py:1087} INFO - Dependencies all met for <TaskInstance: our_first_dag_v5.first_task scheduled__2022-02-25T00:00:00+00:00 [queued]>
[2023-06-07T06:39:25.447+0000] {taskinstance.py:1087} INFO - Dependencies all met for <TaskInstance: our_first_dag_v5.first_task scheduled__2022-02-25T00:00:00+00:00 [queued]>
[2023-06-07T06:39:25.453+0000] {taskinstance.py:1283} INFO - 
--------------------------------------------------------------------------------
[2023-06-07T06:39:25.459+0000] {taskinstance.py:1284} INFO - Starting attempt 1 of 6
[2023-06-07T06:39:25.463+0000] {taskinstance.py:1285} INFO - 
--------------------------------------------------------------------------------
[2023-06-07T06:39:25.613+0000] {taskinstance.py:1304} INFO - Executing <Task(BashOperator): first_task> on 2022-02-25 00:00:00+00:00
[2023-06-07T06:39:25.647+0000] {standard_task_runner.py:55} INFO - Started process 3917 to run task
[2023-06-07T06:39:25.727+0000] {standard_task_runner.py:82} INFO - Running: ['***', 'tasks', 'run', 'our_first_dag_v5', 'first_task', 'scheduled__2022-02-25T00:00:00+00:00', '--job-id', '2262', '--raw', '--subdir', 'DAGS_FOLDER/first_Dag.py', '--cfg-path', '/tmp/tmpeo8dwfln']
[2023-06-07T06:39:25.734+0000] {standard_task_runner.py:83} INFO - Job 2262: Subtask first_task
[2023-06-07T06:39:26.305+0000] {task_command.py:389} INFO - Running <TaskInstance: our_first_dag_v5.first_task scheduled__2022-02-25T00:00:00+00:00 [running]> on host 026ed797f3b3
[2023-06-07T06:39:27.488+0000] {taskinstance.py:1513} INFO - Exporting the following env vars:
AIRFLOW_CTX_DAG_OWNER=coder2j
AIRFLOW_CTX_DAG_ID=our_first_dag_v5
AIRFLOW_CTX_TASK_ID=first_task
AIRFLOW_CTX_EXECUTION_DATE=2022-02-25T00:00:00+00:00
AIRFLOW_CTX_TRY_NUMBER=1
AIRFLOW_CTX_DAG_RUN_ID=scheduled__2022-02-25T00:00:00+00:00
[2023-06-07T06:39:27.493+0000] {subprocess.py:63} INFO - Tmp dir root location: 
 /tmp
[2023-06-07T06:39:27.496+0000] {subprocess.py:75} INFO - Running command: ['/bin/bash', '-c', 'echo hello world, this is the first task!']
[2023-06-07T06:39:27.637+0000] {subprocess.py:86} INFO - Output:
[2023-06-07T06:39:27.661+0000] {subprocess.py:93} INFO - hello world, this is the first task!
[2023-06-07T06:39:27.683+0000] {subprocess.py:97} INFO - Command exited with return code 0
[2023-06-07T06:39:28.280+0000] {taskinstance.py:1327} INFO - Marking task as SUCCESS. dag_id=our_first_dag_v5, task_id=first_task, execution_date=20220225T000000, start_date=20230607T063925, end_date=20230607T063928
[2023-06-07T06:39:28.606+0000] {local_task_job.py:159} INFO - Task exited with return code 0
[2023-06-07T06:39:28.767+0000] {taskinstance.py:2582} INFO - 2 downstream tasks scheduled from follow-on schedule check
