[2023-05-30T12:32:46.676+0000] {taskinstance.py:1087} INFO - Dependencies all met for <TaskInstance: our_dag_with_python_operator_v07.greet scheduled__2022-03-06T00:00:00+00:00 [queued]>
[2023-05-30T12:32:46.696+0000] {taskinstance.py:1087} INFO - Dependencies all met for <TaskInstance: our_dag_with_python_operator_v07.greet scheduled__2022-03-06T00:00:00+00:00 [queued]>
[2023-05-30T12:32:46.699+0000] {taskinstance.py:1283} INFO - 
--------------------------------------------------------------------------------
[2023-05-30T12:32:46.700+0000] {taskinstance.py:1284} INFO - Starting attempt 1 of 6
[2023-05-30T12:32:46.705+0000] {taskinstance.py:1285} INFO - 
--------------------------------------------------------------------------------
[2023-05-30T12:32:46.730+0000] {taskinstance.py:1304} INFO - Executing <Task(PythonOperator): greet> on 2022-03-06 00:00:00+00:00
[2023-05-30T12:32:46.740+0000] {standard_task_runner.py:55} INFO - Started process 10220 to run task
[2023-05-30T12:32:46.752+0000] {standard_task_runner.py:82} INFO - Running: ['***', 'tasks', 'run', 'our_dag_with_python_operator_v07', 'greet', 'scheduled__2022-03-06T00:00:00+00:00', '--job-id', '1573', '--raw', '--subdir', 'DAGS_FOLDER/dag_python_opr.py', '--cfg-path', '/tmp/tmppaddu95q']
[2023-05-30T12:32:46.755+0000] {standard_task_runner.py:83} INFO - Job 1573: Subtask greet
[2023-05-30T12:32:46.898+0000] {task_command.py:389} INFO - Running <TaskInstance: our_dag_with_python_operator_v07.greet scheduled__2022-03-06T00:00:00+00:00 [running]> on host 49219f98c96e
[2023-05-30T12:32:47.019+0000] {taskinstance.py:1513} INFO - Exporting the following env vars:
AIRFLOW_CTX_DAG_OWNER=coder2j
AIRFLOW_CTX_DAG_ID=our_dag_with_python_operator_v07
AIRFLOW_CTX_TASK_ID=greet
AIRFLOW_CTX_EXECUTION_DATE=2022-03-06T00:00:00+00:00
AIRFLOW_CTX_TRY_NUMBER=1
AIRFLOW_CTX_DAG_RUN_ID=scheduled__2022-03-06T00:00:00+00:00
[2023-05-30T12:32:47.022+0000] {logging_mixin.py:137} INFO - some dict:  {'a': 1, 'b': 2}
[2023-05-30T12:32:47.065+0000] {logging_mixin.py:137} INFO - Hello World! My name is Jerry Fridman, and I am 19 years old!
[2023-05-30T12:32:47.067+0000] {python.py:177} INFO - Done. Returned value was: None
[2023-05-30T12:32:47.086+0000] {taskinstance.py:1327} INFO - Marking task as SUCCESS. dag_id=our_dag_with_python_operator_v07, task_id=greet, execution_date=20220306T000000, start_date=20230530T123246, end_date=20230530T123247
[2023-05-30T12:32:47.123+0000] {local_task_job.py:159} INFO - Task exited with return code 0
[2023-05-30T12:32:47.154+0000] {taskinstance.py:2582} INFO - 0 downstream tasks scheduled from follow-on schedule check
[2023-06-07T06:36:49.704+0000] {taskinstance.py:1087} INFO - Dependencies all met for <TaskInstance: our_dag_with_python_operator_v07.greet scheduled__2022-03-06T00:00:00+00:00 [queued]>
[2023-06-07T06:36:49.776+0000] {taskinstance.py:1087} INFO - Dependencies all met for <TaskInstance: our_dag_with_python_operator_v07.greet scheduled__2022-03-06T00:00:00+00:00 [queued]>
[2023-06-07T06:36:49.780+0000] {taskinstance.py:1283} INFO - 
--------------------------------------------------------------------------------
[2023-06-07T06:36:49.782+0000] {taskinstance.py:1284} INFO - Starting attempt 1 of 6
[2023-06-07T06:36:49.783+0000] {taskinstance.py:1285} INFO - 
--------------------------------------------------------------------------------
[2023-06-07T06:36:49.941+0000] {taskinstance.py:1304} INFO - Executing <Task(PythonOperator): greet> on 2022-03-06 00:00:00+00:00
[2023-06-07T06:36:49.974+0000] {standard_task_runner.py:55} INFO - Started process 2829 to run task
[2023-06-07T06:36:50.004+0000] {standard_task_runner.py:82} INFO - Running: ['***', 'tasks', 'run', 'our_dag_with_python_operator_v07', 'greet', 'scheduled__2022-03-06T00:00:00+00:00', '--job-id', '1874', '--raw', '--subdir', 'DAGS_FOLDER/dag_python_opr.py', '--cfg-path', '/tmp/tmpkn4eaenq']
[2023-06-07T06:36:50.007+0000] {standard_task_runner.py:83} INFO - Job 1874: Subtask greet
[2023-06-07T06:36:50.443+0000] {task_command.py:389} INFO - Running <TaskInstance: our_dag_with_python_operator_v07.greet scheduled__2022-03-06T00:00:00+00:00 [running]> on host 026ed797f3b3
[2023-06-07T06:36:51.316+0000] {taskinstance.py:1513} INFO - Exporting the following env vars:
AIRFLOW_CTX_DAG_OWNER=coder2j
AIRFLOW_CTX_DAG_ID=our_dag_with_python_operator_v07
AIRFLOW_CTX_TASK_ID=greet
AIRFLOW_CTX_EXECUTION_DATE=2022-03-06T00:00:00+00:00
AIRFLOW_CTX_TRY_NUMBER=1
AIRFLOW_CTX_DAG_RUN_ID=scheduled__2022-03-06T00:00:00+00:00
[2023-06-07T06:36:51.319+0000] {logging_mixin.py:137} INFO - some dict:  {'a': 1, 'b': 2}
[2023-06-07T06:36:51.521+0000] {logging_mixin.py:137} INFO - Hello World! My name is Jerry Fridman, and I am 19 years old!
[2023-06-07T06:36:51.523+0000] {python.py:177} INFO - Done. Returned value was: None
[2023-06-07T06:36:51.560+0000] {taskinstance.py:1327} INFO - Marking task as SUCCESS. dag_id=our_dag_with_python_operator_v07, task_id=greet, execution_date=20220306T000000, start_date=20230607T063649, end_date=20230607T063651
[2023-06-07T06:36:51.727+0000] {local_task_job.py:159} INFO - Task exited with return code 0
[2023-06-07T06:36:51.893+0000] {taskinstance.py:2582} INFO - 0 downstream tasks scheduled from follow-on schedule check
