[2023-05-30T12:33:37.593+0000] {taskinstance.py:1087} INFO - Dependencies all met for <TaskInstance: our_dag_with_python_operator_v07.get_age scheduled__2022-04-21T00:00:00+00:00 [queued]>
[2023-05-30T12:33:37.625+0000] {taskinstance.py:1087} INFO - Dependencies all met for <TaskInstance: our_dag_with_python_operator_v07.get_age scheduled__2022-04-21T00:00:00+00:00 [queued]>
[2023-05-30T12:33:37.627+0000] {taskinstance.py:1283} INFO - 
--------------------------------------------------------------------------------
[2023-05-30T12:33:37.630+0000] {taskinstance.py:1284} INFO - Starting attempt 1 of 6
[2023-05-30T12:33:37.632+0000] {taskinstance.py:1285} INFO - 
--------------------------------------------------------------------------------
[2023-05-30T12:33:37.671+0000] {taskinstance.py:1304} INFO - Executing <Task(PythonOperator): get_age> on 2022-04-21 00:00:00+00:00
[2023-05-30T12:33:37.703+0000] {standard_task_runner.py:55} INFO - Started process 10541 to run task
[2023-05-30T12:33:37.703+0000] {standard_task_runner.py:82} INFO - Running: ['***', 'tasks', 'run', 'our_dag_with_python_operator_v07', 'get_age', 'scheduled__2022-04-21T00:00:00+00:00', '--job-id', '1708', '--raw', '--subdir', 'DAGS_FOLDER/dag_python_opr.py', '--cfg-path', '/tmp/tmpmofr7qvh']
[2023-05-30T12:33:37.714+0000] {standard_task_runner.py:83} INFO - Job 1708: Subtask get_age
[2023-05-30T12:33:37.992+0000] {task_command.py:389} INFO - Running <TaskInstance: our_dag_with_python_operator_v07.get_age scheduled__2022-04-21T00:00:00+00:00 [running]> on host 49219f98c96e
[2023-05-30T12:33:38.367+0000] {taskinstance.py:1513} INFO - Exporting the following env vars:
AIRFLOW_CTX_DAG_OWNER=coder2j
AIRFLOW_CTX_DAG_ID=our_dag_with_python_operator_v07
AIRFLOW_CTX_TASK_ID=get_age
AIRFLOW_CTX_EXECUTION_DATE=2022-04-21T00:00:00+00:00
AIRFLOW_CTX_TRY_NUMBER=1
AIRFLOW_CTX_DAG_RUN_ID=scheduled__2022-04-21T00:00:00+00:00
[2023-05-30T12:33:38.398+0000] {python.py:177} INFO - Done. Returned value was: None
[2023-05-30T12:33:38.455+0000] {taskinstance.py:1327} INFO - Marking task as SUCCESS. dag_id=our_dag_with_python_operator_v07, task_id=get_age, execution_date=20220421T000000, start_date=20230530T123337, end_date=20230530T123338
[2023-05-30T12:33:38.591+0000] {local_task_job.py:159} INFO - Task exited with return code 0
[2023-05-30T12:33:38.642+0000] {taskinstance.py:2582} INFO - 0 downstream tasks scheduled from follow-on schedule check
[2023-06-07T06:38:31.619+0000] {taskinstance.py:1087} INFO - Dependencies all met for <TaskInstance: our_dag_with_python_operator_v07.get_age scheduled__2022-04-21T00:00:00+00:00 [queued]>
[2023-06-07T06:38:31.648+0000] {taskinstance.py:1087} INFO - Dependencies all met for <TaskInstance: our_dag_with_python_operator_v07.get_age scheduled__2022-04-21T00:00:00+00:00 [queued]>
[2023-06-07T06:38:31.650+0000] {taskinstance.py:1283} INFO - 
--------------------------------------------------------------------------------
[2023-06-07T06:38:31.651+0000] {taskinstance.py:1284} INFO - Starting attempt 1 of 6
[2023-06-07T06:38:31.653+0000] {taskinstance.py:1285} INFO - 
--------------------------------------------------------------------------------
[2023-06-07T06:38:31.726+0000] {taskinstance.py:1304} INFO - Executing <Task(PythonOperator): get_age> on 2022-04-21 00:00:00+00:00
[2023-06-07T06:38:31.744+0000] {standard_task_runner.py:55} INFO - Started process 3573 to run task
[2023-06-07T06:38:31.768+0000] {standard_task_runner.py:82} INFO - Running: ['***', 'tasks', 'run', 'our_dag_with_python_operator_v07', 'get_age', 'scheduled__2022-04-21T00:00:00+00:00', '--job-id', '2142', '--raw', '--subdir', 'DAGS_FOLDER/dag_python_opr.py', '--cfg-path', '/tmp/tmpoqz8upfk']
[2023-06-07T06:38:31.772+0000] {standard_task_runner.py:83} INFO - Job 2142: Subtask get_age
[2023-06-07T06:38:32.060+0000] {task_command.py:389} INFO - Running <TaskInstance: our_dag_with_python_operator_v07.get_age scheduled__2022-04-21T00:00:00+00:00 [running]> on host 026ed797f3b3
[2023-06-07T06:38:32.673+0000] {taskinstance.py:1513} INFO - Exporting the following env vars:
AIRFLOW_CTX_DAG_OWNER=coder2j
AIRFLOW_CTX_DAG_ID=our_dag_with_python_operator_v07
AIRFLOW_CTX_TASK_ID=get_age
AIRFLOW_CTX_EXECUTION_DATE=2022-04-21T00:00:00+00:00
AIRFLOW_CTX_TRY_NUMBER=1
AIRFLOW_CTX_DAG_RUN_ID=scheduled__2022-04-21T00:00:00+00:00
[2023-06-07T06:38:32.762+0000] {python.py:177} INFO - Done. Returned value was: None
[2023-06-07T06:38:32.904+0000] {taskinstance.py:1327} INFO - Marking task as SUCCESS. dag_id=our_dag_with_python_operator_v07, task_id=get_age, execution_date=20220421T000000, start_date=20230607T063831, end_date=20230607T063832
[2023-06-07T06:38:33.019+0000] {local_task_job.py:159} INFO - Task exited with return code 0
[2023-06-07T06:38:33.127+0000] {taskinstance.py:2582} INFO - 1 downstream tasks scheduled from follow-on schedule check
