[2023-05-30T11:29:27.730+0000] {taskinstance.py:1087} INFO - Dependencies all met for <TaskInstance: our_first_dag_v5.thrid_task scheduled__2021-10-28T00:00:00+00:00 [queued]>
[2023-05-30T11:29:27.747+0000] {taskinstance.py:1087} INFO - Dependencies all met for <TaskInstance: our_first_dag_v5.thrid_task scheduled__2021-10-28T00:00:00+00:00 [queued]>
[2023-05-30T11:29:27.749+0000] {taskinstance.py:1283} INFO - 
--------------------------------------------------------------------------------
[2023-05-30T11:29:27.750+0000] {taskinstance.py:1284} INFO - Starting attempt 1 of 6
[2023-05-30T11:29:27.752+0000] {taskinstance.py:1285} INFO - 
--------------------------------------------------------------------------------
[2023-05-30T11:29:27.782+0000] {taskinstance.py:1304} INFO - Executing <Task(BashOperator): thrid_task> on 2021-10-28 00:00:00+00:00
[2023-05-30T11:29:27.796+0000] {standard_task_runner.py:55} INFO - Started process 2567 to run task
[2023-05-30T11:29:27.803+0000] {standard_task_runner.py:82} INFO - Running: ['***', 'tasks', 'run', 'our_first_dag_v5', 'thrid_task', 'scheduled__2021-10-28T00:00:00+00:00', '--job-id', '278', '--raw', '--subdir', 'DAGS_FOLDER/first_Dag.py', '--cfg-path', '/tmp/tmpkm5cbqh3']
[2023-05-30T11:29:27.808+0000] {standard_task_runner.py:83} INFO - Job 278: Subtask thrid_task
[2023-05-30T11:29:28.023+0000] {task_command.py:389} INFO - Running <TaskInstance: our_first_dag_v5.thrid_task scheduled__2021-10-28T00:00:00+00:00 [running]> on host 49219f98c96e
[2023-05-30T11:29:28.158+0000] {taskinstance.py:1513} INFO - Exporting the following env vars:
AIRFLOW_CTX_DAG_OWNER=coder2j
AIRFLOW_CTX_DAG_ID=our_first_dag_v5
AIRFLOW_CTX_TASK_ID=thrid_task
AIRFLOW_CTX_EXECUTION_DATE=2021-10-28T00:00:00+00:00
AIRFLOW_CTX_TRY_NUMBER=1
AIRFLOW_CTX_DAG_RUN_ID=scheduled__2021-10-28T00:00:00+00:00
[2023-05-30T11:29:28.161+0000] {subprocess.py:63} INFO - Tmp dir root location: 
 /tmp
[2023-05-30T11:29:28.166+0000] {subprocess.py:75} INFO - Running command: ['/bin/bash', '-c', 'echo hey, I am task3 and will be running after task1 at the same time as task2!']
[2023-05-30T11:29:28.184+0000] {subprocess.py:86} INFO - Output:
[2023-05-30T11:29:28.187+0000] {subprocess.py:93} INFO - hey, I am task3 and will be running after task1 at the same time as task2!
[2023-05-30T11:29:28.189+0000] {subprocess.py:97} INFO - Command exited with return code 0
[2023-05-30T11:29:28.228+0000] {taskinstance.py:1327} INFO - Marking task as SUCCESS. dag_id=our_first_dag_v5, task_id=thrid_task, execution_date=20211028T000000, start_date=20230530T112927, end_date=20230530T112928
[2023-05-30T11:29:28.269+0000] {local_task_job.py:159} INFO - Task exited with return code 0
[2023-05-30T11:29:28.296+0000] {taskinstance.py:2582} INFO - 0 downstream tasks scheduled from follow-on schedule check
[2023-06-07T06:34:11.271+0000] {taskinstance.py:1087} INFO - Dependencies all met for <TaskInstance: our_first_dag_v5.thrid_task scheduled__2021-10-28T00:00:00+00:00 [queued]>
[2023-06-07T06:34:11.340+0000] {taskinstance.py:1087} INFO - Dependencies all met for <TaskInstance: our_first_dag_v5.thrid_task scheduled__2021-10-28T00:00:00+00:00 [queued]>
[2023-06-07T06:34:11.345+0000] {taskinstance.py:1283} INFO - 
--------------------------------------------------------------------------------
[2023-06-07T06:34:11.349+0000] {taskinstance.py:1284} INFO - Starting attempt 1 of 6
[2023-06-07T06:34:11.353+0000] {taskinstance.py:1285} INFO - 
--------------------------------------------------------------------------------
[2023-06-07T06:34:11.606+0000] {taskinstance.py:1304} INFO - Executing <Task(BashOperator): thrid_task> on 2021-10-28 00:00:00+00:00
[2023-06-07T06:34:11.653+0000] {standard_task_runner.py:55} INFO - Started process 1896 to run task
[2023-06-07T06:34:11.737+0000] {standard_task_runner.py:82} INFO - Running: ['***', 'tasks', 'run', 'our_first_dag_v5', 'thrid_task', 'scheduled__2021-10-28T00:00:00+00:00', '--job-id', '1540', '--raw', '--subdir', 'DAGS_FOLDER/first_Dag.py', '--cfg-path', '/tmp/tmp2j_ma4ow']
[2023-06-07T06:34:11.748+0000] {standard_task_runner.py:83} INFO - Job 1540: Subtask thrid_task
[2023-06-07T06:34:12.462+0000] {task_command.py:389} INFO - Running <TaskInstance: our_first_dag_v5.thrid_task scheduled__2021-10-28T00:00:00+00:00 [running]> on host 026ed797f3b3
[2023-06-07T06:34:12.919+0000] {taskinstance.py:1513} INFO - Exporting the following env vars:
AIRFLOW_CTX_DAG_OWNER=coder2j
AIRFLOW_CTX_DAG_ID=our_first_dag_v5
AIRFLOW_CTX_TASK_ID=thrid_task
AIRFLOW_CTX_EXECUTION_DATE=2021-10-28T00:00:00+00:00
AIRFLOW_CTX_TRY_NUMBER=1
AIRFLOW_CTX_DAG_RUN_ID=scheduled__2021-10-28T00:00:00+00:00
[2023-06-07T06:34:12.927+0000] {subprocess.py:63} INFO - Tmp dir root location: 
 /tmp
[2023-06-07T06:34:12.931+0000] {subprocess.py:75} INFO - Running command: ['/bin/bash', '-c', 'echo hey, I am task3 and will be running after task1 at the same time as task2!']
[2023-06-07T06:34:12.996+0000] {subprocess.py:86} INFO - Output:
[2023-06-07T06:34:13.005+0000] {subprocess.py:93} INFO - hey, I am task3 and will be running after task1 at the same time as task2!
[2023-06-07T06:34:13.007+0000] {subprocess.py:97} INFO - Command exited with return code 0
[2023-06-07T06:34:13.117+0000] {taskinstance.py:1327} INFO - Marking task as SUCCESS. dag_id=our_first_dag_v5, task_id=thrid_task, execution_date=20211028T000000, start_date=20230607T063411, end_date=20230607T063413
[2023-06-07T06:34:13.227+0000] {local_task_job.py:159} INFO - Task exited with return code 0
[2023-06-07T06:34:13.288+0000] {taskinstance.py:2582} INFO - 0 downstream tasks scheduled from follow-on schedule check
