[2023-05-30T11:37:36.382+0000] {taskinstance.py:1087} INFO - Dependencies all met for <TaskInstance: our_dag_with_python_operator_v07.get_name scheduled__2021-12-19T00:00:00+00:00 [queued]>
[2023-05-30T11:37:36.429+0000] {taskinstance.py:1087} INFO - Dependencies all met for <TaskInstance: our_dag_with_python_operator_v07.get_name scheduled__2021-12-19T00:00:00+00:00 [queued]>
[2023-05-30T11:37:36.459+0000] {taskinstance.py:1283} INFO - 
--------------------------------------------------------------------------------
[2023-05-30T11:37:36.462+0000] {taskinstance.py:1284} INFO - Starting attempt 1 of 6
[2023-05-30T11:37:36.464+0000] {taskinstance.py:1285} INFO - 
--------------------------------------------------------------------------------
[2023-05-30T11:37:36.536+0000] {taskinstance.py:1304} INFO - Executing <Task(PythonOperator): get_name> on 2021-12-19 00:00:00+00:00
[2023-05-30T11:37:36.564+0000] {standard_task_runner.py:82} INFO - Running: ['***', 'tasks', 'run', 'our_dag_with_python_operator_v07', 'get_name', 'scheduled__2021-12-19T00:00:00+00:00', '--job-id', '1333', '--raw', '--subdir', 'DAGS_FOLDER/dag_python_opr.py', '--cfg-path', '/tmp/tmplaq7bomn']
[2023-05-30T11:37:36.560+0000] {standard_task_runner.py:55} INFO - Started process 6005 to run task
[2023-05-30T11:37:36.612+0000] {standard_task_runner.py:83} INFO - Job 1333: Subtask get_name
[2023-05-30T11:37:36.999+0000] {task_command.py:389} INFO - Running <TaskInstance: our_dag_with_python_operator_v07.get_name scheduled__2021-12-19T00:00:00+00:00 [running]> on host 49219f98c96e
[2023-05-30T11:37:37.345+0000] {taskinstance.py:1513} INFO - Exporting the following env vars:
AIRFLOW_CTX_DAG_OWNER=coder2j
AIRFLOW_CTX_DAG_ID=our_dag_with_python_operator_v07
AIRFLOW_CTX_TASK_ID=get_name
AIRFLOW_CTX_EXECUTION_DATE=2021-12-19T00:00:00+00:00
AIRFLOW_CTX_TRY_NUMBER=1
AIRFLOW_CTX_DAG_RUN_ID=scheduled__2021-12-19T00:00:00+00:00
[2023-05-30T11:37:37.423+0000] {python.py:177} INFO - Done. Returned value was: None
[2023-05-30T11:37:37.445+0000] {taskinstance.py:1327} INFO - Marking task as SUCCESS. dag_id=our_dag_with_python_operator_v07, task_id=get_name, execution_date=20211219T000000, start_date=20230530T113736, end_date=20230530T113737
[2023-05-30T11:37:37.524+0000] {local_task_job.py:159} INFO - Task exited with return code 0
[2023-05-30T11:37:37.672+0000] {taskinstance.py:2582} INFO - 0 downstream tasks scheduled from follow-on schedule check
