[2023-05-30T12:34:30.080+0000] {taskinstance.py:1087} INFO - Dependencies all met for <TaskInstance: our_dag_with_python_operator_v07.get_age scheduled__2022-06-09T00:00:00+00:00 [queued]>
[2023-05-30T12:34:30.175+0000] {taskinstance.py:1087} INFO - Dependencies all met for <TaskInstance: our_dag_with_python_operator_v07.get_age scheduled__2022-06-09T00:00:00+00:00 [queued]>
[2023-05-30T12:34:30.183+0000] {taskinstance.py:1283} INFO - 
--------------------------------------------------------------------------------
[2023-05-30T12:34:30.186+0000] {taskinstance.py:1284} INFO - Starting attempt 1 of 6
[2023-05-30T12:34:30.187+0000] {taskinstance.py:1285} INFO - 
--------------------------------------------------------------------------------
[2023-05-30T12:34:30.298+0000] {taskinstance.py:1304} INFO - Executing <Task(PythonOperator): get_age> on 2022-06-09 00:00:00+00:00
[2023-05-30T12:34:30.332+0000] {standard_task_runner.py:82} INFO - Running: ['***', 'tasks', 'run', 'our_dag_with_python_operator_v07', 'get_age', 'scheduled__2022-06-09T00:00:00+00:00', '--job-id', '1852', '--raw', '--subdir', 'DAGS_FOLDER/dag_python_opr.py', '--cfg-path', '/tmp/tmpjjg0ef74']
[2023-05-30T12:34:30.335+0000] {standard_task_runner.py:83} INFO - Job 1852: Subtask get_age
[2023-05-30T12:34:30.335+0000] {standard_task_runner.py:55} INFO - Started process 10881 to run task
[2023-05-30T12:34:30.788+0000] {task_command.py:389} INFO - Running <TaskInstance: our_dag_with_python_operator_v07.get_age scheduled__2022-06-09T00:00:00+00:00 [running]> on host 49219f98c96e
[2023-05-30T12:34:31.387+0000] {taskinstance.py:1513} INFO - Exporting the following env vars:
AIRFLOW_CTX_DAG_OWNER=coder2j
AIRFLOW_CTX_DAG_ID=our_dag_with_python_operator_v07
AIRFLOW_CTX_TASK_ID=get_age
AIRFLOW_CTX_EXECUTION_DATE=2022-06-09T00:00:00+00:00
AIRFLOW_CTX_TRY_NUMBER=1
AIRFLOW_CTX_DAG_RUN_ID=scheduled__2022-06-09T00:00:00+00:00
[2023-05-30T12:34:31.455+0000] {python.py:177} INFO - Done. Returned value was: None
[2023-05-30T12:34:31.529+0000] {taskinstance.py:1327} INFO - Marking task as SUCCESS. dag_id=our_dag_with_python_operator_v07, task_id=get_age, execution_date=20220609T000000, start_date=20230530T123430, end_date=20230530T123431
[2023-05-30T12:34:31.756+0000] {local_task_job.py:159} INFO - Task exited with return code 0
[2023-05-30T12:34:31.879+0000] {taskinstance.py:2582} INFO - 1 downstream tasks scheduled from follow-on schedule check
