[2023-05-30T11:30:29.126+0000] {taskinstance.py:1087} INFO - Dependencies all met for <TaskInstance: our_first_dag_v5.first_task scheduled__2021-12-23T00:00:00+00:00 [queued]>
[2023-05-30T11:30:29.152+0000] {taskinstance.py:1087} INFO - Dependencies all met for <TaskInstance: our_first_dag_v5.first_task scheduled__2021-12-23T00:00:00+00:00 [queued]>
[2023-05-30T11:30:29.156+0000] {taskinstance.py:1283} INFO - 
--------------------------------------------------------------------------------
[2023-05-30T11:30:29.166+0000] {taskinstance.py:1284} INFO - Starting attempt 1 of 6
[2023-05-30T11:30:29.167+0000] {taskinstance.py:1285} INFO - 
--------------------------------------------------------------------------------
[2023-05-30T11:30:29.209+0000] {taskinstance.py:1304} INFO - Executing <Task(BashOperator): first_task> on 2021-12-23 00:00:00+00:00
[2023-05-30T11:30:29.220+0000] {standard_task_runner.py:55} INFO - Started process 3102 to run task
[2023-05-30T11:30:29.242+0000] {standard_task_runner.py:82} INFO - Running: ['***', 'tasks', 'run', 'our_first_dag_v5', 'first_task', 'scheduled__2021-12-23T00:00:00+00:00', '--job-id', '434', '--raw', '--subdir', 'DAGS_FOLDER/first_Dag.py', '--cfg-path', '/tmp/tmpy00nsxzc']
[2023-05-30T11:30:29.247+0000] {standard_task_runner.py:83} INFO - Job 434: Subtask first_task
[2023-05-30T11:30:29.424+0000] {task_command.py:389} INFO - Running <TaskInstance: our_first_dag_v5.first_task scheduled__2021-12-23T00:00:00+00:00 [running]> on host 49219f98c96e
[2023-05-30T11:30:29.691+0000] {taskinstance.py:1513} INFO - Exporting the following env vars:
AIRFLOW_CTX_DAG_OWNER=coder2j
AIRFLOW_CTX_DAG_ID=our_first_dag_v5
AIRFLOW_CTX_TASK_ID=first_task
AIRFLOW_CTX_EXECUTION_DATE=2021-12-23T00:00:00+00:00
AIRFLOW_CTX_TRY_NUMBER=1
AIRFLOW_CTX_DAG_RUN_ID=scheduled__2021-12-23T00:00:00+00:00
[2023-05-30T11:30:29.694+0000] {subprocess.py:63} INFO - Tmp dir root location: 
 /tmp
[2023-05-30T11:30:29.698+0000] {subprocess.py:75} INFO - Running command: ['/bin/bash', '-c', 'echo hello world, this is the first task!']
[2023-05-30T11:30:29.749+0000] {subprocess.py:86} INFO - Output:
[2023-05-30T11:30:29.758+0000] {subprocess.py:93} INFO - hello world, this is the first task!
[2023-05-30T11:30:29.760+0000] {subprocess.py:97} INFO - Command exited with return code 0
[2023-05-30T11:30:29.835+0000] {taskinstance.py:1327} INFO - Marking task as SUCCESS. dag_id=our_first_dag_v5, task_id=first_task, execution_date=20211223T000000, start_date=20230530T113029, end_date=20230530T113029
[2023-05-30T11:30:29.920+0000] {local_task_job.py:159} INFO - Task exited with return code 0
[2023-05-30T11:30:30.041+0000] {taskinstance.py:2582} INFO - 0 downstream tasks scheduled from follow-on schedule check
[2023-06-07T06:36:48.200+0000] {taskinstance.py:1087} INFO - Dependencies all met for <TaskInstance: our_first_dag_v5.first_task scheduled__2021-12-23T00:00:00+00:00 [queued]>
[2023-06-07T06:36:48.337+0000] {taskinstance.py:1087} INFO - Dependencies all met for <TaskInstance: our_first_dag_v5.first_task scheduled__2021-12-23T00:00:00+00:00 [queued]>
[2023-06-07T06:36:48.340+0000] {taskinstance.py:1283} INFO - 
--------------------------------------------------------------------------------
[2023-06-07T06:36:48.342+0000] {taskinstance.py:1284} INFO - Starting attempt 1 of 6
[2023-06-07T06:36:48.344+0000] {taskinstance.py:1285} INFO - 
--------------------------------------------------------------------------------
[2023-06-07T06:36:48.469+0000] {taskinstance.py:1304} INFO - Executing <Task(BashOperator): first_task> on 2021-12-23 00:00:00+00:00
[2023-06-07T06:36:48.510+0000] {standard_task_runner.py:55} INFO - Started process 2824 to run task
[2023-06-07T06:36:48.564+0000] {standard_task_runner.py:82} INFO - Running: ['***', 'tasks', 'run', 'our_first_dag_v5', 'first_task', 'scheduled__2021-12-23T00:00:00+00:00', '--job-id', '1870', '--raw', '--subdir', 'DAGS_FOLDER/first_Dag.py', '--cfg-path', '/tmp/tmp74_4hpfg']
[2023-06-07T06:36:48.568+0000] {standard_task_runner.py:83} INFO - Job 1870: Subtask first_task
[2023-06-07T06:36:49.588+0000] {task_command.py:389} INFO - Running <TaskInstance: our_first_dag_v5.first_task scheduled__2021-12-23T00:00:00+00:00 [running]> on host 026ed797f3b3
[2023-06-07T06:36:50.957+0000] {taskinstance.py:1513} INFO - Exporting the following env vars:
AIRFLOW_CTX_DAG_OWNER=coder2j
AIRFLOW_CTX_DAG_ID=our_first_dag_v5
AIRFLOW_CTX_TASK_ID=first_task
AIRFLOW_CTX_EXECUTION_DATE=2021-12-23T00:00:00+00:00
AIRFLOW_CTX_TRY_NUMBER=1
AIRFLOW_CTX_DAG_RUN_ID=scheduled__2021-12-23T00:00:00+00:00
[2023-06-07T06:36:50.961+0000] {subprocess.py:63} INFO - Tmp dir root location: 
 /tmp
[2023-06-07T06:36:50.968+0000] {subprocess.py:75} INFO - Running command: ['/bin/bash', '-c', 'echo hello world, this is the first task!']
[2023-06-07T06:36:51.033+0000] {subprocess.py:86} INFO - Output:
[2023-06-07T06:36:51.043+0000] {subprocess.py:93} INFO - hello world, this is the first task!
[2023-06-07T06:36:51.046+0000] {subprocess.py:97} INFO - Command exited with return code 0
[2023-06-07T06:36:51.184+0000] {taskinstance.py:1327} INFO - Marking task as SUCCESS. dag_id=our_first_dag_v5, task_id=first_task, execution_date=20211223T000000, start_date=20230607T063648, end_date=20230607T063651
[2023-06-07T06:36:51.408+0000] {local_task_job.py:159} INFO - Task exited with return code 0
[2023-06-07T06:36:51.664+0000] {taskinstance.py:2582} INFO - 2 downstream tasks scheduled from follow-on schedule check
