[2023-05-30T11:31:41.554+0000] {taskinstance.py:1087} INFO - Dependencies all met for <TaskInstance: our_first_dag_v5.second_task scheduled__2022-02-24T00:00:00+00:00 [queued]>
[2023-05-30T11:31:41.574+0000] {taskinstance.py:1087} INFO - Dependencies all met for <TaskInstance: our_first_dag_v5.second_task scheduled__2022-02-24T00:00:00+00:00 [queued]>
[2023-05-30T11:31:41.576+0000] {taskinstance.py:1283} INFO - 
--------------------------------------------------------------------------------
[2023-05-30T11:31:41.578+0000] {taskinstance.py:1284} INFO - Starting attempt 1 of 6
[2023-05-30T11:31:41.580+0000] {taskinstance.py:1285} INFO - 
--------------------------------------------------------------------------------
[2023-05-30T11:31:41.615+0000] {taskinstance.py:1304} INFO - Executing <Task(BashOperator): second_task> on 2022-02-24 00:00:00+00:00
[2023-05-30T11:31:41.629+0000] {standard_task_runner.py:55} INFO - Started process 3762 to run task
[2023-05-30T11:31:41.638+0000] {standard_task_runner.py:82} INFO - Running: ['***', 'tasks', 'run', 'our_first_dag_v5', 'second_task', 'scheduled__2022-02-24T00:00:00+00:00', '--job-id', '633', '--raw', '--subdir', 'DAGS_FOLDER/first_Dag.py', '--cfg-path', '/tmp/tmpf0s2p5m4']
[2023-05-30T11:31:41.646+0000] {standard_task_runner.py:83} INFO - Job 633: Subtask second_task
[2023-05-30T11:31:41.818+0000] {task_command.py:389} INFO - Running <TaskInstance: our_first_dag_v5.second_task scheduled__2022-02-24T00:00:00+00:00 [running]> on host 49219f98c96e
[2023-05-30T11:31:42.089+0000] {taskinstance.py:1513} INFO - Exporting the following env vars:
AIRFLOW_CTX_DAG_OWNER=coder2j
AIRFLOW_CTX_DAG_ID=our_first_dag_v5
AIRFLOW_CTX_TASK_ID=second_task
AIRFLOW_CTX_EXECUTION_DATE=2022-02-24T00:00:00+00:00
AIRFLOW_CTX_TRY_NUMBER=1
AIRFLOW_CTX_DAG_RUN_ID=scheduled__2022-02-24T00:00:00+00:00
[2023-05-30T11:31:42.092+0000] {subprocess.py:63} INFO - Tmp dir root location: 
 /tmp
[2023-05-30T11:31:42.094+0000] {subprocess.py:75} INFO - Running command: ['/bin/bash', '-c', 'echo hey, I am task2 and will be running after task1!']
[2023-05-30T11:31:42.116+0000] {subprocess.py:86} INFO - Output:
[2023-05-30T11:31:42.121+0000] {subprocess.py:93} INFO - hey, I am task2 and will be running after task1!
[2023-05-30T11:31:42.123+0000] {subprocess.py:97} INFO - Command exited with return code 0
[2023-05-30T11:31:42.172+0000] {taskinstance.py:1327} INFO - Marking task as SUCCESS. dag_id=our_first_dag_v5, task_id=second_task, execution_date=20220224T000000, start_date=20230530T113141, end_date=20230530T113142
[2023-05-30T11:31:42.224+0000] {local_task_job.py:159} INFO - Task exited with return code 0
[2023-05-30T11:31:42.259+0000] {taskinstance.py:2582} INFO - 0 downstream tasks scheduled from follow-on schedule check
[2023-06-07T06:39:31.809+0000] {taskinstance.py:1087} INFO - Dependencies all met for <TaskInstance: our_first_dag_v5.second_task scheduled__2022-02-24T00:00:00+00:00 [queued]>
[2023-06-07T06:39:31.918+0000] {taskinstance.py:1087} INFO - Dependencies all met for <TaskInstance: our_first_dag_v5.second_task scheduled__2022-02-24T00:00:00+00:00 [queued]>
[2023-06-07T06:39:31.922+0000] {taskinstance.py:1283} INFO - 
--------------------------------------------------------------------------------
[2023-06-07T06:39:31.928+0000] {taskinstance.py:1284} INFO - Starting attempt 1 of 6
[2023-06-07T06:39:31.932+0000] {taskinstance.py:1285} INFO - 
--------------------------------------------------------------------------------
[2023-06-07T06:39:32.290+0000] {taskinstance.py:1304} INFO - Executing <Task(BashOperator): second_task> on 2022-02-24 00:00:00+00:00
[2023-06-07T06:39:32.392+0000] {standard_task_runner.py:55} INFO - Started process 3949 to run task
[2023-06-07T06:39:32.484+0000] {standard_task_runner.py:82} INFO - Running: ['***', 'tasks', 'run', 'our_first_dag_v5', 'second_task', 'scheduled__2022-02-24T00:00:00+00:00', '--job-id', '2276', '--raw', '--subdir', 'DAGS_FOLDER/first_Dag.py', '--cfg-path', '/tmp/tmp6c_u8z4y']
[2023-06-07T06:39:32.515+0000] {standard_task_runner.py:83} INFO - Job 2276: Subtask second_task
[2023-06-07T06:39:33.169+0000] {task_command.py:389} INFO - Running <TaskInstance: our_first_dag_v5.second_task scheduled__2022-02-24T00:00:00+00:00 [running]> on host 026ed797f3b3
[2023-06-07T06:39:33.614+0000] {taskinstance.py:1513} INFO - Exporting the following env vars:
AIRFLOW_CTX_DAG_OWNER=coder2j
AIRFLOW_CTX_DAG_ID=our_first_dag_v5
AIRFLOW_CTX_TASK_ID=second_task
AIRFLOW_CTX_EXECUTION_DATE=2022-02-24T00:00:00+00:00
AIRFLOW_CTX_TRY_NUMBER=1
AIRFLOW_CTX_DAG_RUN_ID=scheduled__2022-02-24T00:00:00+00:00
[2023-06-07T06:39:33.624+0000] {subprocess.py:63} INFO - Tmp dir root location: 
 /tmp
[2023-06-07T06:39:33.632+0000] {subprocess.py:75} INFO - Running command: ['/bin/bash', '-c', 'echo hey, I am task2 and will be running after task1!']
[2023-06-07T06:39:33.722+0000] {subprocess.py:86} INFO - Output:
[2023-06-07T06:39:33.729+0000] {subprocess.py:93} INFO - hey, I am task2 and will be running after task1!
[2023-06-07T06:39:33.737+0000] {subprocess.py:97} INFO - Command exited with return code 0
[2023-06-07T06:39:33.978+0000] {taskinstance.py:1327} INFO - Marking task as SUCCESS. dag_id=our_first_dag_v5, task_id=second_task, execution_date=20220224T000000, start_date=20230607T063931, end_date=20230607T063933
[2023-06-07T06:39:34.251+0000] {local_task_job.py:159} INFO - Task exited with return code 0
[2023-06-07T06:39:34.486+0000] {taskinstance.py:2582} INFO - 0 downstream tasks scheduled from follow-on schedule check
