[2023-05-30T12:33:18.582+0000] {taskinstance.py:1087} INFO - Dependencies all met for <TaskInstance: our_dag_with_python_operator_v07.get_age scheduled__2022-04-01T00:00:00+00:00 [queued]>
[2023-05-30T12:33:18.622+0000] {taskinstance.py:1087} INFO - Dependencies all met for <TaskInstance: our_dag_with_python_operator_v07.get_age scheduled__2022-04-01T00:00:00+00:00 [queued]>
[2023-05-30T12:33:18.623+0000] {taskinstance.py:1283} INFO - 
--------------------------------------------------------------------------------
[2023-05-30T12:33:18.625+0000] {taskinstance.py:1284} INFO - Starting attempt 1 of 6
[2023-05-30T12:33:18.627+0000] {taskinstance.py:1285} INFO - 
--------------------------------------------------------------------------------
[2023-05-30T12:33:18.667+0000] {taskinstance.py:1304} INFO - Executing <Task(PythonOperator): get_age> on 2022-04-01 00:00:00+00:00
[2023-05-30T12:33:18.678+0000] {standard_task_runner.py:55} INFO - Started process 10409 to run task
[2023-05-30T12:33:18.699+0000] {standard_task_runner.py:82} INFO - Running: ['***', 'tasks', 'run', 'our_dag_with_python_operator_v07', 'get_age', 'scheduled__2022-04-01T00:00:00+00:00', '--job-id', '1649', '--raw', '--subdir', 'DAGS_FOLDER/dag_python_opr.py', '--cfg-path', '/tmp/tmpj8i3ehax']
[2023-05-30T12:33:18.701+0000] {standard_task_runner.py:83} INFO - Job 1649: Subtask get_age
[2023-05-30T12:33:18.950+0000] {task_command.py:389} INFO - Running <TaskInstance: our_dag_with_python_operator_v07.get_age scheduled__2022-04-01T00:00:00+00:00 [running]> on host 49219f98c96e
[2023-05-30T12:33:19.258+0000] {taskinstance.py:1513} INFO - Exporting the following env vars:
AIRFLOW_CTX_DAG_OWNER=coder2j
AIRFLOW_CTX_DAG_ID=our_dag_with_python_operator_v07
AIRFLOW_CTX_TASK_ID=get_age
AIRFLOW_CTX_EXECUTION_DATE=2022-04-01T00:00:00+00:00
AIRFLOW_CTX_TRY_NUMBER=1
AIRFLOW_CTX_DAG_RUN_ID=scheduled__2022-04-01T00:00:00+00:00
[2023-05-30T12:33:19.297+0000] {python.py:177} INFO - Done. Returned value was: None
[2023-05-30T12:33:19.326+0000] {taskinstance.py:1327} INFO - Marking task as SUCCESS. dag_id=our_dag_with_python_operator_v07, task_id=get_age, execution_date=20220401T000000, start_date=20230530T123318, end_date=20230530T123319
[2023-05-30T12:33:19.396+0000] {local_task_job.py:159} INFO - Task exited with return code 0
[2023-05-30T12:33:19.468+0000] {taskinstance.py:2582} INFO - 1 downstream tasks scheduled from follow-on schedule check
[2023-06-07T06:37:52.930+0000] {taskinstance.py:1087} INFO - Dependencies all met for <TaskInstance: our_dag_with_python_operator_v07.get_age scheduled__2022-04-01T00:00:00+00:00 [queued]>
[2023-06-07T06:37:53.037+0000] {taskinstance.py:1087} INFO - Dependencies all met for <TaskInstance: our_dag_with_python_operator_v07.get_age scheduled__2022-04-01T00:00:00+00:00 [queued]>
[2023-06-07T06:37:53.043+0000] {taskinstance.py:1283} INFO - 
--------------------------------------------------------------------------------
[2023-06-07T06:37:53.046+0000] {taskinstance.py:1284} INFO - Starting attempt 1 of 6
[2023-06-07T06:37:53.048+0000] {taskinstance.py:1285} INFO - 
--------------------------------------------------------------------------------
[2023-06-07T06:37:53.196+0000] {taskinstance.py:1304} INFO - Executing <Task(PythonOperator): get_age> on 2022-04-01 00:00:00+00:00
[2023-06-07T06:37:53.252+0000] {standard_task_runner.py:55} INFO - Started process 3297 to run task
[2023-06-07T06:37:53.282+0000] {standard_task_runner.py:82} INFO - Running: ['***', 'tasks', 'run', 'our_dag_with_python_operator_v07', 'get_age', 'scheduled__2022-04-01T00:00:00+00:00', '--job-id', '2038', '--raw', '--subdir', 'DAGS_FOLDER/dag_python_opr.py', '--cfg-path', '/tmp/tmpxa03iew1']
[2023-06-07T06:37:53.313+0000] {standard_task_runner.py:83} INFO - Job 2038: Subtask get_age
[2023-06-07T06:37:53.692+0000] {task_command.py:389} INFO - Running <TaskInstance: our_dag_with_python_operator_v07.get_age scheduled__2022-04-01T00:00:00+00:00 [running]> on host 026ed797f3b3
[2023-06-07T06:37:54.224+0000] {taskinstance.py:1513} INFO - Exporting the following env vars:
AIRFLOW_CTX_DAG_OWNER=coder2j
AIRFLOW_CTX_DAG_ID=our_dag_with_python_operator_v07
AIRFLOW_CTX_TASK_ID=get_age
AIRFLOW_CTX_EXECUTION_DATE=2022-04-01T00:00:00+00:00
AIRFLOW_CTX_TRY_NUMBER=1
AIRFLOW_CTX_DAG_RUN_ID=scheduled__2022-04-01T00:00:00+00:00
[2023-06-07T06:37:54.303+0000] {python.py:177} INFO - Done. Returned value was: None
[2023-06-07T06:37:54.373+0000] {taskinstance.py:1327} INFO - Marking task as SUCCESS. dag_id=our_dag_with_python_operator_v07, task_id=get_age, execution_date=20220401T000000, start_date=20230607T063752, end_date=20230607T063754
[2023-06-07T06:37:54.543+0000] {local_task_job.py:159} INFO - Task exited with return code 0
[2023-06-07T06:37:54.743+0000] {taskinstance.py:2582} INFO - 0 downstream tasks scheduled from follow-on schedule check
