[2023-05-30T11:28:23.429+0000] {taskinstance.py:1087} INFO - Dependencies all met for <TaskInstance: our_first_dag_v5.first_task scheduled__2021-08-27T00:00:00+00:00 [queued]>
[2023-05-30T11:28:23.464+0000] {taskinstance.py:1087} INFO - Dependencies all met for <TaskInstance: our_first_dag_v5.first_task scheduled__2021-08-27T00:00:00+00:00 [queued]>
[2023-05-30T11:28:23.467+0000] {taskinstance.py:1283} INFO - 
--------------------------------------------------------------------------------
[2023-05-30T11:28:23.475+0000] {taskinstance.py:1284} INFO - Starting attempt 1 of 6
[2023-05-30T11:28:23.478+0000] {taskinstance.py:1285} INFO - 
--------------------------------------------------------------------------------
[2023-05-30T11:28:23.536+0000] {taskinstance.py:1304} INFO - Executing <Task(BashOperator): first_task> on 2021-08-27 00:00:00+00:00
[2023-05-30T11:28:23.551+0000] {standard_task_runner.py:55} INFO - Started process 1916 to run task
[2023-05-30T11:28:23.568+0000] {standard_task_runner.py:82} INFO - Running: ['***', 'tasks', 'run', 'our_first_dag_v5', 'first_task', 'scheduled__2021-08-27T00:00:00+00:00', '--job-id', '80', '--raw', '--subdir', 'DAGS_FOLDER/first_Dag.py', '--cfg-path', '/tmp/tmpdf6ig6jl']
[2023-05-30T11:28:23.583+0000] {standard_task_runner.py:83} INFO - Job 80: Subtask first_task
[2023-05-30T11:28:23.832+0000] {task_command.py:389} INFO - Running <TaskInstance: our_first_dag_v5.first_task scheduled__2021-08-27T00:00:00+00:00 [running]> on host 49219f98c96e
[2023-05-30T11:28:24.208+0000] {taskinstance.py:1513} INFO - Exporting the following env vars:
AIRFLOW_CTX_DAG_OWNER=coder2j
AIRFLOW_CTX_DAG_ID=our_first_dag_v5
AIRFLOW_CTX_TASK_ID=first_task
AIRFLOW_CTX_EXECUTION_DATE=2021-08-27T00:00:00+00:00
AIRFLOW_CTX_TRY_NUMBER=1
AIRFLOW_CTX_DAG_RUN_ID=scheduled__2021-08-27T00:00:00+00:00
[2023-05-30T11:28:24.214+0000] {subprocess.py:63} INFO - Tmp dir root location: 
 /tmp
[2023-05-30T11:28:24.216+0000] {subprocess.py:75} INFO - Running command: ['/bin/bash', '-c', 'echo hello world, this is the first task!']
[2023-05-30T11:28:24.337+0000] {subprocess.py:86} INFO - Output:
[2023-05-30T11:28:24.349+0000] {subprocess.py:93} INFO - hello world, this is the first task!
[2023-05-30T11:28:24.352+0000] {subprocess.py:97} INFO - Command exited with return code 0
[2023-05-30T11:28:24.436+0000] {taskinstance.py:1327} INFO - Marking task as SUCCESS. dag_id=our_first_dag_v5, task_id=first_task, execution_date=20210827T000000, start_date=20230530T112823, end_date=20230530T112824
[2023-05-30T11:28:24.722+0000] {local_task_job.py:159} INFO - Task exited with return code 0
[2023-05-30T11:28:24.818+0000] {taskinstance.py:2582} INFO - 2 downstream tasks scheduled from follow-on schedule check
[2023-06-07T06:31:48.797+0000] {taskinstance.py:1087} INFO - Dependencies all met for <TaskInstance: our_first_dag_v5.first_task scheduled__2021-08-27T00:00:00+00:00 [queued]>
[2023-06-07T06:31:48.950+0000] {taskinstance.py:1087} INFO - Dependencies all met for <TaskInstance: our_first_dag_v5.first_task scheduled__2021-08-27T00:00:00+00:00 [queued]>
[2023-06-07T06:31:48.964+0000] {taskinstance.py:1283} INFO - 
--------------------------------------------------------------------------------
[2023-06-07T06:31:48.967+0000] {taskinstance.py:1284} INFO - Starting attempt 1 of 6
[2023-06-07T06:31:48.971+0000] {taskinstance.py:1285} INFO - 
--------------------------------------------------------------------------------
[2023-06-07T06:31:49.240+0000] {taskinstance.py:1304} INFO - Executing <Task(BashOperator): first_task> on 2021-08-27 00:00:00+00:00
[2023-06-07T06:31:49.287+0000] {standard_task_runner.py:55} INFO - Started process 826 to run task
[2023-06-07T06:31:49.330+0000] {standard_task_runner.py:82} INFO - Running: ['***', 'tasks', 'run', 'our_first_dag_v5', 'first_task', 'scheduled__2021-08-27T00:00:00+00:00', '--job-id', '1151', '--raw', '--subdir', 'DAGS_FOLDER/first_Dag.py', '--cfg-path', '/tmp/tmpekv6rzl4']
[2023-06-07T06:31:49.363+0000] {standard_task_runner.py:83} INFO - Job 1151: Subtask first_task
[2023-06-07T06:31:50.075+0000] {task_command.py:389} INFO - Running <TaskInstance: our_first_dag_v5.first_task scheduled__2021-08-27T00:00:00+00:00 [running]> on host 026ed797f3b3
[2023-06-07T06:31:50.700+0000] {taskinstance.py:1513} INFO - Exporting the following env vars:
AIRFLOW_CTX_DAG_OWNER=coder2j
AIRFLOW_CTX_DAG_ID=our_first_dag_v5
AIRFLOW_CTX_TASK_ID=first_task
AIRFLOW_CTX_EXECUTION_DATE=2021-08-27T00:00:00+00:00
AIRFLOW_CTX_TRY_NUMBER=1
AIRFLOW_CTX_DAG_RUN_ID=scheduled__2021-08-27T00:00:00+00:00
[2023-06-07T06:31:50.720+0000] {subprocess.py:63} INFO - Tmp dir root location: 
 /tmp
[2023-06-07T06:31:50.730+0000] {subprocess.py:75} INFO - Running command: ['/bin/bash', '-c', 'echo hello world, this is the first task!']
[2023-06-07T06:31:50.871+0000] {subprocess.py:86} INFO - Output:
[2023-06-07T06:31:50.895+0000] {subprocess.py:93} INFO - hello world, this is the first task!
[2023-06-07T06:31:50.904+0000] {subprocess.py:97} INFO - Command exited with return code 0
[2023-06-07T06:31:51.199+0000] {taskinstance.py:1327} INFO - Marking task as SUCCESS. dag_id=our_first_dag_v5, task_id=first_task, execution_date=20210827T000000, start_date=20230607T063148, end_date=20230607T063151
[2023-06-07T06:31:51.355+0000] {local_task_job.py:159} INFO - Task exited with return code 0
[2023-06-07T06:31:51.647+0000] {taskinstance.py:2582} INFO - 2 downstream tasks scheduled from follow-on schedule check
