[2023-05-30T11:30:10.421+0000] {taskinstance.py:1087} INFO - Dependencies all met for <TaskInstance: our_first_dag_v5.thrid_task scheduled__2021-12-02T00:00:00+00:00 [queued]>
[2023-05-30T11:30:10.454+0000] {taskinstance.py:1087} INFO - Dependencies all met for <TaskInstance: our_first_dag_v5.thrid_task scheduled__2021-12-02T00:00:00+00:00 [queued]>
[2023-05-30T11:30:10.463+0000] {taskinstance.py:1283} INFO - 
--------------------------------------------------------------------------------
[2023-05-30T11:30:10.465+0000] {taskinstance.py:1284} INFO - Starting attempt 1 of 6
[2023-05-30T11:30:10.467+0000] {taskinstance.py:1285} INFO - 
--------------------------------------------------------------------------------
[2023-05-30T11:30:10.502+0000] {taskinstance.py:1304} INFO - Executing <Task(BashOperator): thrid_task> on 2021-12-02 00:00:00+00:00
[2023-05-30T11:30:10.510+0000] {standard_task_runner.py:55} INFO - Started process 2943 to run task
[2023-05-30T11:30:10.518+0000] {standard_task_runner.py:82} INFO - Running: ['***', 'tasks', 'run', 'our_first_dag_v5', 'thrid_task', 'scheduled__2021-12-02T00:00:00+00:00', '--job-id', '387', '--raw', '--subdir', 'DAGS_FOLDER/first_Dag.py', '--cfg-path', '/tmp/tmpuu1wlm8_']
[2023-05-30T11:30:10.520+0000] {standard_task_runner.py:83} INFO - Job 387: Subtask thrid_task
[2023-05-30T11:30:10.672+0000] {task_command.py:389} INFO - Running <TaskInstance: our_first_dag_v5.thrid_task scheduled__2021-12-02T00:00:00+00:00 [running]> on host 49219f98c96e
[2023-05-30T11:30:10.857+0000] {taskinstance.py:1513} INFO - Exporting the following env vars:
AIRFLOW_CTX_DAG_OWNER=coder2j
AIRFLOW_CTX_DAG_ID=our_first_dag_v5
AIRFLOW_CTX_TASK_ID=thrid_task
AIRFLOW_CTX_EXECUTION_DATE=2021-12-02T00:00:00+00:00
AIRFLOW_CTX_TRY_NUMBER=1
AIRFLOW_CTX_DAG_RUN_ID=scheduled__2021-12-02T00:00:00+00:00
[2023-05-30T11:30:10.859+0000] {subprocess.py:63} INFO - Tmp dir root location: 
 /tmp
[2023-05-30T11:30:10.861+0000] {subprocess.py:75} INFO - Running command: ['/bin/bash', '-c', 'echo hey, I am task3 and will be running after task1 at the same time as task2!']
[2023-05-30T11:30:10.892+0000] {subprocess.py:86} INFO - Output:
[2023-05-30T11:30:10.898+0000] {subprocess.py:93} INFO - hey, I am task3 and will be running after task1 at the same time as task2!
[2023-05-30T11:30:10.900+0000] {subprocess.py:97} INFO - Command exited with return code 0
[2023-05-30T11:30:10.948+0000] {taskinstance.py:1327} INFO - Marking task as SUCCESS. dag_id=our_first_dag_v5, task_id=thrid_task, execution_date=20211202T000000, start_date=20230530T113010, end_date=20230530T113010
[2023-05-30T11:30:11.018+0000] {local_task_job.py:159} INFO - Task exited with return code 0
[2023-05-30T11:30:11.052+0000] {taskinstance.py:2582} INFO - 0 downstream tasks scheduled from follow-on schedule check
[2023-06-07T06:35:42.658+0000] {taskinstance.py:1087} INFO - Dependencies all met for <TaskInstance: our_first_dag_v5.thrid_task scheduled__2021-12-02T00:00:00+00:00 [queued]>
[2023-06-07T06:35:42.758+0000] {taskinstance.py:1087} INFO - Dependencies all met for <TaskInstance: our_first_dag_v5.thrid_task scheduled__2021-12-02T00:00:00+00:00 [queued]>
[2023-06-07T06:35:42.768+0000] {taskinstance.py:1283} INFO - 
--------------------------------------------------------------------------------
[2023-06-07T06:35:42.772+0000] {taskinstance.py:1284} INFO - Starting attempt 1 of 6
[2023-06-07T06:35:42.775+0000] {taskinstance.py:1285} INFO - 
--------------------------------------------------------------------------------
[2023-06-07T06:35:42.927+0000] {taskinstance.py:1304} INFO - Executing <Task(BashOperator): thrid_task> on 2021-12-02 00:00:00+00:00
[2023-06-07T06:35:42.996+0000] {standard_task_runner.py:55} INFO - Started process 2513 to run task
[2023-06-07T06:35:43.037+0000] {standard_task_runner.py:82} INFO - Running: ['***', 'tasks', 'run', 'our_first_dag_v5', 'thrid_task', 'scheduled__2021-12-02T00:00:00+00:00', '--job-id', '1766', '--raw', '--subdir', 'DAGS_FOLDER/first_Dag.py', '--cfg-path', '/tmp/tmpb20tjlf4']
[2023-06-07T06:35:43.048+0000] {standard_task_runner.py:83} INFO - Job 1766: Subtask thrid_task
[2023-06-07T06:35:43.933+0000] {task_command.py:389} INFO - Running <TaskInstance: our_first_dag_v5.thrid_task scheduled__2021-12-02T00:00:00+00:00 [running]> on host 026ed797f3b3
[2023-06-07T06:35:44.391+0000] {taskinstance.py:1513} INFO - Exporting the following env vars:
AIRFLOW_CTX_DAG_OWNER=coder2j
AIRFLOW_CTX_DAG_ID=our_first_dag_v5
AIRFLOW_CTX_TASK_ID=thrid_task
AIRFLOW_CTX_EXECUTION_DATE=2021-12-02T00:00:00+00:00
AIRFLOW_CTX_TRY_NUMBER=1
AIRFLOW_CTX_DAG_RUN_ID=scheduled__2021-12-02T00:00:00+00:00
[2023-06-07T06:35:44.397+0000] {subprocess.py:63} INFO - Tmp dir root location: 
 /tmp
[2023-06-07T06:35:44.402+0000] {subprocess.py:75} INFO - Running command: ['/bin/bash', '-c', 'echo hey, I am task3 and will be running after task1 at the same time as task2!']
[2023-06-07T06:35:44.435+0000] {subprocess.py:86} INFO - Output:
[2023-06-07T06:35:44.443+0000] {subprocess.py:93} INFO - hey, I am task3 and will be running after task1 at the same time as task2!
[2023-06-07T06:35:44.445+0000] {subprocess.py:97} INFO - Command exited with return code 0
[2023-06-07T06:35:44.620+0000] {taskinstance.py:1327} INFO - Marking task as SUCCESS. dag_id=our_first_dag_v5, task_id=thrid_task, execution_date=20211202T000000, start_date=20230607T063542, end_date=20230607T063544
[2023-06-07T06:35:44.841+0000] {local_task_job.py:159} INFO - Task exited with return code 0
[2023-06-07T06:35:44.942+0000] {taskinstance.py:2582} INFO - 0 downstream tasks scheduled from follow-on schedule check
