[2023-05-30T12:35:52.552+0000] {taskinstance.py:1087} INFO - Dependencies all met for <TaskInstance: our_dag_with_python_operator_v07.get_age scheduled__2022-08-23T00:00:00+00:00 [queued]>
[2023-05-30T12:35:52.582+0000] {taskinstance.py:1087} INFO - Dependencies all met for <TaskInstance: our_dag_with_python_operator_v07.get_age scheduled__2022-08-23T00:00:00+00:00 [queued]>
[2023-05-30T12:35:52.585+0000] {taskinstance.py:1283} INFO - 
--------------------------------------------------------------------------------
[2023-05-30T12:35:52.591+0000] {taskinstance.py:1284} INFO - Starting attempt 1 of 6
[2023-05-30T12:35:52.592+0000] {taskinstance.py:1285} INFO - 
--------------------------------------------------------------------------------
[2023-05-30T12:35:52.618+0000] {taskinstance.py:1304} INFO - Executing <Task(PythonOperator): get_age> on 2022-08-23 00:00:00+00:00
[2023-05-30T12:35:52.626+0000] {standard_task_runner.py:55} INFO - Started process 11414 to run task
[2023-05-30T12:35:52.645+0000] {standard_task_runner.py:82} INFO - Running: ['***', 'tasks', 'run', 'our_dag_with_python_operator_v07', 'get_age', 'scheduled__2022-08-23T00:00:00+00:00', '--job-id', '2083', '--raw', '--subdir', 'DAGS_FOLDER/dag_python_opr.py', '--cfg-path', '/tmp/tmpvk_2ehnw']
[2023-05-30T12:35:52.647+0000] {standard_task_runner.py:83} INFO - Job 2083: Subtask get_age
[2023-05-30T12:35:52.856+0000] {task_command.py:389} INFO - Running <TaskInstance: our_dag_with_python_operator_v07.get_age scheduled__2022-08-23T00:00:00+00:00 [running]> on host 49219f98c96e
[2023-05-30T12:35:53.118+0000] {taskinstance.py:1513} INFO - Exporting the following env vars:
AIRFLOW_CTX_DAG_OWNER=coder2j
AIRFLOW_CTX_DAG_ID=our_dag_with_python_operator_v07
AIRFLOW_CTX_TASK_ID=get_age
AIRFLOW_CTX_EXECUTION_DATE=2022-08-23T00:00:00+00:00
AIRFLOW_CTX_TRY_NUMBER=1
AIRFLOW_CTX_DAG_RUN_ID=scheduled__2022-08-23T00:00:00+00:00
[2023-05-30T12:35:53.151+0000] {python.py:177} INFO - Done. Returned value was: None
[2023-05-30T12:35:53.190+0000] {taskinstance.py:1327} INFO - Marking task as SUCCESS. dag_id=our_dag_with_python_operator_v07, task_id=get_age, execution_date=20220823T000000, start_date=20230530T123552, end_date=20230530T123553
[2023-05-30T12:35:53.267+0000] {local_task_job.py:159} INFO - Task exited with return code 0
[2023-05-30T12:35:53.399+0000] {taskinstance.py:2582} INFO - 1 downstream tasks scheduled from follow-on schedule check
