[2023-05-30T11:29:17.785+0000] {taskinstance.py:1087} INFO - Dependencies all met for <TaskInstance: our_first_dag_v5.thrid_task scheduled__2021-10-15T00:00:00+00:00 [queued]>
[2023-05-30T11:29:17.837+0000] {taskinstance.py:1087} INFO - Dependencies all met for <TaskInstance: our_first_dag_v5.thrid_task scheduled__2021-10-15T00:00:00+00:00 [queued]>
[2023-05-30T11:29:17.842+0000] {taskinstance.py:1283} INFO - 
--------------------------------------------------------------------------------
[2023-05-30T11:29:17.843+0000] {taskinstance.py:1284} INFO - Starting attempt 1 of 6
[2023-05-30T11:29:17.845+0000] {taskinstance.py:1285} INFO - 
--------------------------------------------------------------------------------
[2023-05-30T11:29:17.914+0000] {taskinstance.py:1304} INFO - Executing <Task(BashOperator): thrid_task> on 2021-10-15 00:00:00+00:00
[2023-05-30T11:29:17.924+0000] {standard_task_runner.py:55} INFO - Started process 2459 to run task
[2023-05-30T11:29:17.934+0000] {standard_task_runner.py:82} INFO - Running: ['***', 'tasks', 'run', 'our_first_dag_v5', 'thrid_task', 'scheduled__2021-10-15T00:00:00+00:00', '--job-id', '241', '--raw', '--subdir', 'DAGS_FOLDER/first_Dag.py', '--cfg-path', '/tmp/tmpy43u25te']
[2023-05-30T11:29:17.936+0000] {standard_task_runner.py:83} INFO - Job 241: Subtask thrid_task
[2023-05-30T11:29:18.189+0000] {task_command.py:389} INFO - Running <TaskInstance: our_first_dag_v5.thrid_task scheduled__2021-10-15T00:00:00+00:00 [running]> on host 49219f98c96e
[2023-05-30T11:29:18.388+0000] {taskinstance.py:1513} INFO - Exporting the following env vars:
AIRFLOW_CTX_DAG_OWNER=coder2j
AIRFLOW_CTX_DAG_ID=our_first_dag_v5
AIRFLOW_CTX_TASK_ID=thrid_task
AIRFLOW_CTX_EXECUTION_DATE=2021-10-15T00:00:00+00:00
AIRFLOW_CTX_TRY_NUMBER=1
AIRFLOW_CTX_DAG_RUN_ID=scheduled__2021-10-15T00:00:00+00:00
[2023-05-30T11:29:18.392+0000] {subprocess.py:63} INFO - Tmp dir root location: 
 /tmp
[2023-05-30T11:29:18.396+0000] {subprocess.py:75} INFO - Running command: ['/bin/bash', '-c', 'echo hey, I am task3 and will be running after task1 at the same time as task2!']
[2023-05-30T11:29:18.442+0000] {subprocess.py:86} INFO - Output:
[2023-05-30T11:29:18.492+0000] {subprocess.py:93} INFO - hey, I am task3 and will be running after task1 at the same time as task2!
[2023-05-30T11:29:18.508+0000] {subprocess.py:97} INFO - Command exited with return code 0
[2023-05-30T11:29:18.591+0000] {taskinstance.py:1327} INFO - Marking task as SUCCESS. dag_id=our_first_dag_v5, task_id=thrid_task, execution_date=20211015T000000, start_date=20230530T112917, end_date=20230530T112918
[2023-05-30T11:29:18.652+0000] {local_task_job.py:159} INFO - Task exited with return code 0
[2023-05-30T11:29:18.688+0000] {taskinstance.py:2582} INFO - 0 downstream tasks scheduled from follow-on schedule check
[2023-06-07T06:33:52.047+0000] {taskinstance.py:1087} INFO - Dependencies all met for <TaskInstance: our_first_dag_v5.thrid_task scheduled__2021-10-15T00:00:00+00:00 [queued]>
[2023-06-07T06:33:52.190+0000] {taskinstance.py:1087} INFO - Dependencies all met for <TaskInstance: our_first_dag_v5.thrid_task scheduled__2021-10-15T00:00:00+00:00 [queued]>
[2023-06-07T06:33:52.196+0000] {taskinstance.py:1283} INFO - 
--------------------------------------------------------------------------------
[2023-06-07T06:33:52.197+0000] {taskinstance.py:1284} INFO - Starting attempt 1 of 6
[2023-06-07T06:33:52.219+0000] {taskinstance.py:1285} INFO - 
--------------------------------------------------------------------------------
[2023-06-07T06:33:52.384+0000] {taskinstance.py:1304} INFO - Executing <Task(BashOperator): thrid_task> on 2021-10-15 00:00:00+00:00
[2023-06-07T06:33:52.403+0000] {standard_task_runner.py:55} INFO - Started process 1754 to run task
[2023-06-07T06:33:52.423+0000] {standard_task_runner.py:82} INFO - Running: ['***', 'tasks', 'run', 'our_first_dag_v5', 'thrid_task', 'scheduled__2021-10-15T00:00:00+00:00', '--job-id', '1490', '--raw', '--subdir', 'DAGS_FOLDER/first_Dag.py', '--cfg-path', '/tmp/tmp8au8v9ax']
[2023-06-07T06:33:52.429+0000] {standard_task_runner.py:83} INFO - Job 1490: Subtask thrid_task
[2023-06-07T06:33:52.874+0000] {task_command.py:389} INFO - Running <TaskInstance: our_first_dag_v5.thrid_task scheduled__2021-10-15T00:00:00+00:00 [running]> on host 026ed797f3b3
[2023-06-07T06:33:53.353+0000] {taskinstance.py:1513} INFO - Exporting the following env vars:
AIRFLOW_CTX_DAG_OWNER=coder2j
AIRFLOW_CTX_DAG_ID=our_first_dag_v5
AIRFLOW_CTX_TASK_ID=thrid_task
AIRFLOW_CTX_EXECUTION_DATE=2021-10-15T00:00:00+00:00
AIRFLOW_CTX_TRY_NUMBER=1
AIRFLOW_CTX_DAG_RUN_ID=scheduled__2021-10-15T00:00:00+00:00
[2023-06-07T06:33:53.362+0000] {subprocess.py:63} INFO - Tmp dir root location: 
 /tmp
[2023-06-07T06:33:53.366+0000] {subprocess.py:75} INFO - Running command: ['/bin/bash', '-c', 'echo hey, I am task3 and will be running after task1 at the same time as task2!']
[2023-06-07T06:33:53.461+0000] {subprocess.py:86} INFO - Output:
[2023-06-07T06:33:53.488+0000] {subprocess.py:93} INFO - hey, I am task3 and will be running after task1 at the same time as task2!
[2023-06-07T06:33:53.490+0000] {subprocess.py:97} INFO - Command exited with return code 0
[2023-06-07T06:33:53.628+0000] {taskinstance.py:1327} INFO - Marking task as SUCCESS. dag_id=our_first_dag_v5, task_id=thrid_task, execution_date=20211015T000000, start_date=20230607T063352, end_date=20230607T063353
[2023-06-07T06:33:53.978+0000] {local_task_job.py:159} INFO - Task exited with return code 0
[2023-06-07T06:33:54.173+0000] {taskinstance.py:2582} INFO - 0 downstream tasks scheduled from follow-on schedule check
