[2023-05-30T11:29:50.759+0000] {taskinstance.py:1087} INFO - Dependencies all met for <TaskInstance: our_first_dag_v5.first_task scheduled__2021-11-18T00:00:00+00:00 [queued]>
[2023-05-30T11:29:50.795+0000] {taskinstance.py:1087} INFO - Dependencies all met for <TaskInstance: our_first_dag_v5.first_task scheduled__2021-11-18T00:00:00+00:00 [queued]>
[2023-05-30T11:29:50.798+0000] {taskinstance.py:1283} INFO - 
--------------------------------------------------------------------------------
[2023-05-30T11:29:50.799+0000] {taskinstance.py:1284} INFO - Starting attempt 1 of 6
[2023-05-30T11:29:50.800+0000] {taskinstance.py:1285} INFO - 
--------------------------------------------------------------------------------
[2023-05-30T11:29:50.893+0000] {taskinstance.py:1304} INFO - Executing <Task(BashOperator): first_task> on 2021-11-18 00:00:00+00:00
[2023-05-30T11:29:50.909+0000] {standard_task_runner.py:55} INFO - Started process 2753 to run task
[2023-05-30T11:29:50.933+0000] {standard_task_runner.py:82} INFO - Running: ['***', 'tasks', 'run', 'our_first_dag_v5', 'first_task', 'scheduled__2021-11-18T00:00:00+00:00', '--job-id', '333', '--raw', '--subdir', 'DAGS_FOLDER/first_Dag.py', '--cfg-path', '/tmp/tmpy23_eiu7']
[2023-05-30T11:29:50.941+0000] {standard_task_runner.py:83} INFO - Job 333: Subtask first_task
[2023-05-30T11:29:51.234+0000] {task_command.py:389} INFO - Running <TaskInstance: our_first_dag_v5.first_task scheduled__2021-11-18T00:00:00+00:00 [running]> on host 49219f98c96e
[2023-05-30T11:29:51.485+0000] {taskinstance.py:1513} INFO - Exporting the following env vars:
AIRFLOW_CTX_DAG_OWNER=coder2j
AIRFLOW_CTX_DAG_ID=our_first_dag_v5
AIRFLOW_CTX_TASK_ID=first_task
AIRFLOW_CTX_EXECUTION_DATE=2021-11-18T00:00:00+00:00
AIRFLOW_CTX_TRY_NUMBER=1
AIRFLOW_CTX_DAG_RUN_ID=scheduled__2021-11-18T00:00:00+00:00
[2023-05-30T11:29:51.488+0000] {subprocess.py:63} INFO - Tmp dir root location: 
 /tmp
[2023-05-30T11:29:51.494+0000] {subprocess.py:75} INFO - Running command: ['/bin/bash', '-c', 'echo hello world, this is the first task!']
[2023-05-30T11:29:51.520+0000] {subprocess.py:86} INFO - Output:
[2023-05-30T11:29:51.522+0000] {subprocess.py:93} INFO - hello world, this is the first task!
[2023-05-30T11:29:51.524+0000] {subprocess.py:97} INFO - Command exited with return code 0
[2023-05-30T11:29:51.617+0000] {taskinstance.py:1327} INFO - Marking task as SUCCESS. dag_id=our_first_dag_v5, task_id=first_task, execution_date=20211118T000000, start_date=20230530T112950, end_date=20230530T112951
[2023-05-30T11:29:51.664+0000] {local_task_job.py:159} INFO - Task exited with return code 0
[2023-05-30T11:29:51.783+0000] {taskinstance.py:2582} INFO - 0 downstream tasks scheduled from follow-on schedule check
[2023-06-07T06:35:11.596+0000] {taskinstance.py:1087} INFO - Dependencies all met for <TaskInstance: our_first_dag_v5.first_task scheduled__2021-11-18T00:00:00+00:00 [queued]>
[2023-06-07T06:35:11.667+0000] {taskinstance.py:1087} INFO - Dependencies all met for <TaskInstance: our_first_dag_v5.first_task scheduled__2021-11-18T00:00:00+00:00 [queued]>
[2023-06-07T06:35:11.670+0000] {taskinstance.py:1283} INFO - 
--------------------------------------------------------------------------------
[2023-06-07T06:35:11.672+0000] {taskinstance.py:1284} INFO - Starting attempt 1 of 6
[2023-06-07T06:35:11.674+0000] {taskinstance.py:1285} INFO - 
--------------------------------------------------------------------------------
[2023-06-07T06:35:11.781+0000] {taskinstance.py:1304} INFO - Executing <Task(BashOperator): first_task> on 2021-11-18 00:00:00+00:00
[2023-06-07T06:35:11.803+0000] {standard_task_runner.py:55} INFO - Started process 2275 to run task
[2023-06-07T06:35:11.835+0000] {standard_task_runner.py:82} INFO - Running: ['***', 'tasks', 'run', 'our_first_dag_v5', 'first_task', 'scheduled__2021-11-18T00:00:00+00:00', '--job-id', '1681', '--raw', '--subdir', 'DAGS_FOLDER/first_Dag.py', '--cfg-path', '/tmp/tmp5h77jzns']
[2023-06-07T06:35:11.843+0000] {standard_task_runner.py:83} INFO - Job 1681: Subtask first_task
[2023-06-07T06:35:12.318+0000] {task_command.py:389} INFO - Running <TaskInstance: our_first_dag_v5.first_task scheduled__2021-11-18T00:00:00+00:00 [running]> on host 026ed797f3b3
[2023-06-07T06:35:13.048+0000] {taskinstance.py:1513} INFO - Exporting the following env vars:
AIRFLOW_CTX_DAG_OWNER=coder2j
AIRFLOW_CTX_DAG_ID=our_first_dag_v5
AIRFLOW_CTX_TASK_ID=first_task
AIRFLOW_CTX_EXECUTION_DATE=2021-11-18T00:00:00+00:00
AIRFLOW_CTX_TRY_NUMBER=1
AIRFLOW_CTX_DAG_RUN_ID=scheduled__2021-11-18T00:00:00+00:00
[2023-06-07T06:35:13.054+0000] {subprocess.py:63} INFO - Tmp dir root location: 
 /tmp
[2023-06-07T06:35:13.062+0000] {subprocess.py:75} INFO - Running command: ['/bin/bash', '-c', 'echo hello world, this is the first task!']
[2023-06-07T06:35:13.203+0000] {subprocess.py:86} INFO - Output:
[2023-06-07T06:35:13.216+0000] {subprocess.py:93} INFO - hello world, this is the first task!
[2023-06-07T06:35:13.225+0000] {subprocess.py:97} INFO - Command exited with return code 0
[2023-06-07T06:35:13.347+0000] {taskinstance.py:1327} INFO - Marking task as SUCCESS. dag_id=our_first_dag_v5, task_id=first_task, execution_date=20211118T000000, start_date=20230607T063511, end_date=20230607T063513
[2023-06-07T06:35:13.463+0000] {local_task_job.py:159} INFO - Task exited with return code 0
[2023-06-07T06:35:13.723+0000] {taskinstance.py:2582} INFO - 0 downstream tasks scheduled from follow-on schedule check
