[2023-05-30T11:28:59.503+0000] {taskinstance.py:1087} INFO - Dependencies all met for <TaskInstance: our_first_dag_v5.first_task scheduled__2021-09-30T00:00:00+00:00 [queued]>
[2023-05-30T11:28:59.572+0000] {taskinstance.py:1087} INFO - Dependencies all met for <TaskInstance: our_first_dag_v5.first_task scheduled__2021-09-30T00:00:00+00:00 [queued]>
[2023-05-30T11:28:59.600+0000] {taskinstance.py:1283} INFO - 
--------------------------------------------------------------------------------
[2023-05-30T11:28:59.611+0000] {taskinstance.py:1284} INFO - Starting attempt 1 of 6
[2023-05-30T11:28:59.616+0000] {taskinstance.py:1285} INFO - 
--------------------------------------------------------------------------------
[2023-05-30T11:28:59.779+0000] {taskinstance.py:1304} INFO - Executing <Task(BashOperator): first_task> on 2021-09-30 00:00:00+00:00
[2023-05-30T11:28:59.805+0000] {standard_task_runner.py:55} INFO - Started process 2269 to run task
[2023-05-30T11:28:59.842+0000] {standard_task_runner.py:82} INFO - Running: ['***', 'tasks', 'run', 'our_first_dag_v5', 'first_task', 'scheduled__2021-09-30T00:00:00+00:00', '--job-id', '182', '--raw', '--subdir', 'DAGS_FOLDER/first_Dag.py', '--cfg-path', '/tmp/tmposjae079']
[2023-05-30T11:28:59.845+0000] {standard_task_runner.py:83} INFO - Job 182: Subtask first_task
[2023-05-30T11:29:00.254+0000] {task_command.py:389} INFO - Running <TaskInstance: our_first_dag_v5.first_task scheduled__2021-09-30T00:00:00+00:00 [running]> on host 49219f98c96e
[2023-05-30T11:29:00.721+0000] {taskinstance.py:1513} INFO - Exporting the following env vars:
AIRFLOW_CTX_DAG_OWNER=coder2j
AIRFLOW_CTX_DAG_ID=our_first_dag_v5
AIRFLOW_CTX_TASK_ID=first_task
AIRFLOW_CTX_EXECUTION_DATE=2021-09-30T00:00:00+00:00
AIRFLOW_CTX_TRY_NUMBER=1
AIRFLOW_CTX_DAG_RUN_ID=scheduled__2021-09-30T00:00:00+00:00
[2023-05-30T11:29:00.727+0000] {subprocess.py:63} INFO - Tmp dir root location: 
 /tmp
[2023-05-30T11:29:00.728+0000] {subprocess.py:75} INFO - Running command: ['/bin/bash', '-c', 'echo hello world, this is the first task!']
[2023-05-30T11:29:00.816+0000] {subprocess.py:86} INFO - Output:
[2023-05-30T11:29:00.826+0000] {subprocess.py:93} INFO - hello world, this is the first task!
[2023-05-30T11:29:00.830+0000] {subprocess.py:97} INFO - Command exited with return code 0
[2023-05-30T11:29:00.923+0000] {taskinstance.py:1327} INFO - Marking task as SUCCESS. dag_id=our_first_dag_v5, task_id=first_task, execution_date=20210930T000000, start_date=20230530T112859, end_date=20230530T112900
[2023-05-30T11:29:01.019+0000] {local_task_job.py:159} INFO - Task exited with return code 0
[2023-05-30T11:29:01.081+0000] {taskinstance.py:2582} INFO - 2 downstream tasks scheduled from follow-on schedule check
[2023-06-07T06:33:02.678+0000] {taskinstance.py:1087} INFO - Dependencies all met for <TaskInstance: our_first_dag_v5.first_task scheduled__2021-09-30T00:00:00+00:00 [queued]>
[2023-06-07T06:33:02.741+0000] {taskinstance.py:1087} INFO - Dependencies all met for <TaskInstance: our_first_dag_v5.first_task scheduled__2021-09-30T00:00:00+00:00 [queued]>
[2023-06-07T06:33:02.743+0000] {taskinstance.py:1283} INFO - 
--------------------------------------------------------------------------------
[2023-06-07T06:33:02.748+0000] {taskinstance.py:1284} INFO - Starting attempt 1 of 6
[2023-06-07T06:33:02.752+0000] {taskinstance.py:1285} INFO - 
--------------------------------------------------------------------------------
[2023-06-07T06:33:02.876+0000] {taskinstance.py:1304} INFO - Executing <Task(BashOperator): first_task> on 2021-09-30 00:00:00+00:00
[2023-06-07T06:33:02.904+0000] {standard_task_runner.py:55} INFO - Started process 1377 to run task
[2023-06-07T06:33:02.941+0000] {standard_task_runner.py:82} INFO - Running: ['***', 'tasks', 'run', 'our_first_dag_v5', 'first_task', 'scheduled__2021-09-30T00:00:00+00:00', '--job-id', '1354', '--raw', '--subdir', 'DAGS_FOLDER/first_Dag.py', '--cfg-path', '/tmp/tmp9isqqpsr']
[2023-06-07T06:33:02.942+0000] {standard_task_runner.py:83} INFO - Job 1354: Subtask first_task
[2023-06-07T06:33:03.238+0000] {task_command.py:389} INFO - Running <TaskInstance: our_first_dag_v5.first_task scheduled__2021-09-30T00:00:00+00:00 [running]> on host 026ed797f3b3
[2023-06-07T06:33:03.480+0000] {taskinstance.py:1513} INFO - Exporting the following env vars:
AIRFLOW_CTX_DAG_OWNER=coder2j
AIRFLOW_CTX_DAG_ID=our_first_dag_v5
AIRFLOW_CTX_TASK_ID=first_task
AIRFLOW_CTX_EXECUTION_DATE=2021-09-30T00:00:00+00:00
AIRFLOW_CTX_TRY_NUMBER=1
AIRFLOW_CTX_DAG_RUN_ID=scheduled__2021-09-30T00:00:00+00:00
[2023-06-07T06:33:03.485+0000] {subprocess.py:63} INFO - Tmp dir root location: 
 /tmp
[2023-06-07T06:33:03.490+0000] {subprocess.py:75} INFO - Running command: ['/bin/bash', '-c', 'echo hello world, this is the first task!']
[2023-06-07T06:33:03.528+0000] {subprocess.py:86} INFO - Output:
[2023-06-07T06:33:03.532+0000] {subprocess.py:93} INFO - hello world, this is the first task!
[2023-06-07T06:33:03.534+0000] {subprocess.py:97} INFO - Command exited with return code 0
[2023-06-07T06:33:03.608+0000] {taskinstance.py:1327} INFO - Marking task as SUCCESS. dag_id=our_first_dag_v5, task_id=first_task, execution_date=20210930T000000, start_date=20230607T063302, end_date=20230607T063303
[2023-06-07T06:33:03.716+0000] {local_task_job.py:159} INFO - Task exited with return code 0
[2023-06-07T06:33:03.806+0000] {taskinstance.py:2582} INFO - 2 downstream tasks scheduled from follow-on schedule check
