[2023-05-30T12:32:40.860+0000] {taskinstance.py:1087} INFO - Dependencies all met for <TaskInstance: our_dag_with_python_operator_v07.get_name scheduled__2022-03-01T00:00:00+00:00 [queued]>
[2023-05-30T12:32:40.901+0000] {taskinstance.py:1087} INFO - Dependencies all met for <TaskInstance: our_dag_with_python_operator_v07.get_name scheduled__2022-03-01T00:00:00+00:00 [queued]>
[2023-05-30T12:32:40.902+0000] {taskinstance.py:1283} INFO - 
--------------------------------------------------------------------------------
[2023-05-30T12:32:40.903+0000] {taskinstance.py:1284} INFO - Starting attempt 1 of 6
[2023-05-30T12:32:40.904+0000] {taskinstance.py:1285} INFO - 
--------------------------------------------------------------------------------
[2023-05-30T12:32:40.963+0000] {taskinstance.py:1304} INFO - Executing <Task(PythonOperator): get_name> on 2022-03-01 00:00:00+00:00
[2023-05-30T12:32:40.976+0000] {standard_task_runner.py:55} INFO - Started process 10176 to run task
[2023-05-30T12:32:41.018+0000] {standard_task_runner.py:82} INFO - Running: ['***', 'tasks', 'run', 'our_dag_with_python_operator_v07', 'get_name', 'scheduled__2022-03-01T00:00:00+00:00', '--job-id', '1553', '--raw', '--subdir', 'DAGS_FOLDER/dag_python_opr.py', '--cfg-path', '/tmp/tmpzflk9_1s']
[2023-05-30T12:32:41.022+0000] {standard_task_runner.py:83} INFO - Job 1553: Subtask get_name
[2023-05-30T12:32:41.391+0000] {task_command.py:389} INFO - Running <TaskInstance: our_dag_with_python_operator_v07.get_name scheduled__2022-03-01T00:00:00+00:00 [running]> on host 49219f98c96e
[2023-05-30T12:32:41.752+0000] {taskinstance.py:1513} INFO - Exporting the following env vars:
AIRFLOW_CTX_DAG_OWNER=coder2j
AIRFLOW_CTX_DAG_ID=our_dag_with_python_operator_v07
AIRFLOW_CTX_TASK_ID=get_name
AIRFLOW_CTX_EXECUTION_DATE=2022-03-01T00:00:00+00:00
AIRFLOW_CTX_TRY_NUMBER=1
AIRFLOW_CTX_DAG_RUN_ID=scheduled__2022-03-01T00:00:00+00:00
[2023-05-30T12:32:41.844+0000] {python.py:177} INFO - Done. Returned value was: None
[2023-05-30T12:32:41.875+0000] {taskinstance.py:1327} INFO - Marking task as SUCCESS. dag_id=our_dag_with_python_operator_v07, task_id=get_name, execution_date=20220301T000000, start_date=20230530T123240, end_date=20230530T123241
[2023-05-30T12:32:42.078+0000] {local_task_job.py:159} INFO - Task exited with return code 0
[2023-05-30T12:32:42.145+0000] {taskinstance.py:2582} INFO - 1 downstream tasks scheduled from follow-on schedule check
[2023-06-07T06:36:21.560+0000] {taskinstance.py:1087} INFO - Dependencies all met for <TaskInstance: our_dag_with_python_operator_v07.get_name scheduled__2022-03-01T00:00:00+00:00 [queued]>
[2023-06-07T06:36:21.703+0000] {taskinstance.py:1087} INFO - Dependencies all met for <TaskInstance: our_dag_with_python_operator_v07.get_name scheduled__2022-03-01T00:00:00+00:00 [queued]>
[2023-06-07T06:36:21.708+0000] {taskinstance.py:1283} INFO - 
--------------------------------------------------------------------------------
[2023-06-07T06:36:21.714+0000] {taskinstance.py:1284} INFO - Starting attempt 1 of 6
[2023-06-07T06:36:21.719+0000] {taskinstance.py:1285} INFO - 
--------------------------------------------------------------------------------
[2023-06-07T06:36:22.024+0000] {taskinstance.py:1304} INFO - Executing <Task(PythonOperator): get_name> on 2022-03-01 00:00:00+00:00
[2023-06-07T06:36:22.109+0000] {standard_task_runner.py:55} INFO - Started process 2716 to run task
[2023-06-07T06:36:22.192+0000] {standard_task_runner.py:82} INFO - Running: ['***', 'tasks', 'run', 'our_dag_with_python_operator_v07', 'get_name', 'scheduled__2022-03-01T00:00:00+00:00', '--job-id', '1835', '--raw', '--subdir', 'DAGS_FOLDER/dag_python_opr.py', '--cfg-path', '/tmp/tmpxqjs_v9t']
[2023-06-07T06:36:22.199+0000] {standard_task_runner.py:83} INFO - Job 1835: Subtask get_name
[2023-06-07T06:36:22.994+0000] {task_command.py:389} INFO - Running <TaskInstance: our_dag_with_python_operator_v07.get_name scheduled__2022-03-01T00:00:00+00:00 [running]> on host 026ed797f3b3
[2023-06-07T06:36:23.931+0000] {taskinstance.py:1513} INFO - Exporting the following env vars:
AIRFLOW_CTX_DAG_OWNER=coder2j
AIRFLOW_CTX_DAG_ID=our_dag_with_python_operator_v07
AIRFLOW_CTX_TASK_ID=get_name
AIRFLOW_CTX_EXECUTION_DATE=2022-03-01T00:00:00+00:00
AIRFLOW_CTX_TRY_NUMBER=1
AIRFLOW_CTX_DAG_RUN_ID=scheduled__2022-03-01T00:00:00+00:00
[2023-06-07T06:36:24.068+0000] {python.py:177} INFO - Done. Returned value was: None
[2023-06-07T06:36:24.132+0000] {taskinstance.py:1327} INFO - Marking task as SUCCESS. dag_id=our_dag_with_python_operator_v07, task_id=get_name, execution_date=20220301T000000, start_date=20230607T063621, end_date=20230607T063624
[2023-06-07T06:36:24.391+0000] {local_task_job.py:159} INFO - Task exited with return code 0
[2023-06-07T06:36:24.842+0000] {taskinstance.py:2582} INFO - 0 downstream tasks scheduled from follow-on schedule check
