[2023-06-01T11:25:00.386+0000] {taskinstance.py:1087} INFO - Dependencies all met for <TaskInstance: dag_with_postgres_operator_v03.create_postgres_table scheduled__2022-10-13T00:00:00+00:00 [queued]>
[2023-06-01T11:25:00.432+0000] {taskinstance.py:1087} INFO - Dependencies all met for <TaskInstance: dag_with_postgres_operator_v03.create_postgres_table scheduled__2022-10-13T00:00:00+00:00 [queued]>
[2023-06-01T11:25:00.433+0000] {taskinstance.py:1283} INFO - 
--------------------------------------------------------------------------------
[2023-06-01T11:25:00.435+0000] {taskinstance.py:1284} INFO - Starting attempt 1 of 6
[2023-06-01T11:25:00.437+0000] {taskinstance.py:1285} INFO - 
--------------------------------------------------------------------------------
[2023-06-01T11:25:00.501+0000] {taskinstance.py:1304} INFO - Executing <Task(PostgresOperator): create_postgres_table> on 2022-10-13 00:00:00+00:00
[2023-06-01T11:25:00.516+0000] {standard_task_runner.py:55} INFO - Started process 2121 to run task
[2023-06-01T11:25:00.533+0000] {standard_task_runner.py:82} INFO - Running: ['***', 'tasks', 'run', 'dag_with_postgres_operator_v03', 'create_postgres_table', 'scheduled__2022-10-13T00:00:00+00:00', '--job-id', '705', '--raw', '--subdir', 'DAGS_FOLDER/postgres.py', '--cfg-path', '/tmp/tmpq4c_jlvf']
[2023-06-01T11:25:00.535+0000] {standard_task_runner.py:83} INFO - Job 705: Subtask create_postgres_table
[2023-06-01T11:25:00.672+0000] {task_command.py:389} INFO - Running <TaskInstance: dag_with_postgres_operator_v03.create_postgres_table scheduled__2022-10-13T00:00:00+00:00 [running]> on host 687ba427e841
[2023-06-01T11:25:00.891+0000] {taskinstance.py:1513} INFO - Exporting the following env vars:
AIRFLOW_CTX_DAG_OWNER=coder2j
AIRFLOW_CTX_DAG_ID=dag_with_postgres_operator_v03
AIRFLOW_CTX_TASK_ID=create_postgres_table
AIRFLOW_CTX_EXECUTION_DATE=2022-10-13T00:00:00+00:00
AIRFLOW_CTX_TRY_NUMBER=1
AIRFLOW_CTX_DAG_RUN_ID=scheduled__2022-10-13T00:00:00+00:00
[2023-06-01T11:25:00.895+0000] {sql.py:253} INFO - Executing: 
            create table if not exists dag_runs (
                dt date,
                dag_id character varying,
                primary key (dt, dag_id)
            )
        
[2023-06-01T11:25:00.925+0000] {base.py:73} INFO - Using connection ID 'postgres_localhost' for task execution.
[2023-06-01T11:25:01.402+0000] {base.py:73} INFO - Using connection ID 'postgres_localhost' for task execution.
[2023-06-01T11:25:01.419+0000] {sql.py:364} INFO - Running statement: 
            create table if not exists dag_runs (
                dt date,
                dag_id character varying,
                primary key (dt, dag_id)
            )
        , parameters: None
[2023-06-01T11:25:01.448+0000] {taskinstance.py:1327} INFO - Marking task as SUCCESS. dag_id=dag_with_postgres_operator_v03, task_id=create_postgres_table, execution_date=20221013T000000, start_date=20230601T112500, end_date=20230601T112501
[2023-06-01T11:25:01.520+0000] {local_task_job.py:159} INFO - Task exited with return code 0
[2023-06-01T11:25:01.551+0000] {taskinstance.py:2582} INFO - 0 downstream tasks scheduled from follow-on schedule check
