[2023-05-30T11:29:56.236+0000] {taskinstance.py:1087} INFO - Dependencies all met for <TaskInstance: our_first_dag_v5.first_task scheduled__2021-11-20T00:00:00+00:00 [queued]>
[2023-05-30T11:29:56.258+0000] {taskinstance.py:1087} INFO - Dependencies all met for <TaskInstance: our_first_dag_v5.first_task scheduled__2021-11-20T00:00:00+00:00 [queued]>
[2023-05-30T11:29:56.260+0000] {taskinstance.py:1283} INFO - 
--------------------------------------------------------------------------------
[2023-05-30T11:29:56.261+0000] {taskinstance.py:1284} INFO - Starting attempt 1 of 6
[2023-05-30T11:29:56.262+0000] {taskinstance.py:1285} INFO - 
--------------------------------------------------------------------------------
[2023-05-30T11:29:56.290+0000] {taskinstance.py:1304} INFO - Executing <Task(BashOperator): first_task> on 2021-11-20 00:00:00+00:00
[2023-05-30T11:29:56.304+0000] {standard_task_runner.py:55} INFO - Started process 2808 to run task
[2023-05-30T11:29:56.322+0000] {standard_task_runner.py:82} INFO - Running: ['***', 'tasks', 'run', 'our_first_dag_v5', 'first_task', 'scheduled__2021-11-20T00:00:00+00:00', '--job-id', '345', '--raw', '--subdir', 'DAGS_FOLDER/first_Dag.py', '--cfg-path', '/tmp/tmpa4cduo7j']
[2023-05-30T11:29:56.324+0000] {standard_task_runner.py:83} INFO - Job 345: Subtask first_task
[2023-05-30T11:29:56.500+0000] {task_command.py:389} INFO - Running <TaskInstance: our_first_dag_v5.first_task scheduled__2021-11-20T00:00:00+00:00 [running]> on host 49219f98c96e
[2023-05-30T11:29:56.702+0000] {taskinstance.py:1513} INFO - Exporting the following env vars:
AIRFLOW_CTX_DAG_OWNER=coder2j
AIRFLOW_CTX_DAG_ID=our_first_dag_v5
AIRFLOW_CTX_TASK_ID=first_task
AIRFLOW_CTX_EXECUTION_DATE=2021-11-20T00:00:00+00:00
AIRFLOW_CTX_TRY_NUMBER=1
AIRFLOW_CTX_DAG_RUN_ID=scheduled__2021-11-20T00:00:00+00:00
[2023-05-30T11:29:56.706+0000] {subprocess.py:63} INFO - Tmp dir root location: 
 /tmp
[2023-05-30T11:29:56.709+0000] {subprocess.py:75} INFO - Running command: ['/bin/bash', '-c', 'echo hello world, this is the first task!']
[2023-05-30T11:29:56.732+0000] {subprocess.py:86} INFO - Output:
[2023-05-30T11:29:56.735+0000] {subprocess.py:93} INFO - hello world, this is the first task!
[2023-05-30T11:29:56.738+0000] {subprocess.py:97} INFO - Command exited with return code 0
[2023-05-30T11:29:56.812+0000] {taskinstance.py:1327} INFO - Marking task as SUCCESS. dag_id=our_first_dag_v5, task_id=first_task, execution_date=20211120T000000, start_date=20230530T112956, end_date=20230530T112956
[2023-05-30T11:29:56.886+0000] {local_task_job.py:159} INFO - Task exited with return code 0
[2023-05-30T11:29:56.963+0000] {taskinstance.py:2582} INFO - 2 downstream tasks scheduled from follow-on schedule check
[2023-06-07T06:35:12.582+0000] {taskinstance.py:1087} INFO - Dependencies all met for <TaskInstance: our_first_dag_v5.first_task scheduled__2021-11-20T00:00:00+00:00 [queued]>
[2023-06-07T06:35:12.640+0000] {taskinstance.py:1087} INFO - Dependencies all met for <TaskInstance: our_first_dag_v5.first_task scheduled__2021-11-20T00:00:00+00:00 [queued]>
[2023-06-07T06:35:12.642+0000] {taskinstance.py:1283} INFO - 
--------------------------------------------------------------------------------
[2023-06-07T06:35:12.652+0000] {taskinstance.py:1284} INFO - Starting attempt 1 of 6
[2023-06-07T06:35:12.653+0000] {taskinstance.py:1285} INFO - 
--------------------------------------------------------------------------------
[2023-06-07T06:35:12.765+0000] {taskinstance.py:1304} INFO - Executing <Task(BashOperator): first_task> on 2021-11-20 00:00:00+00:00
[2023-06-07T06:35:12.795+0000] {standard_task_runner.py:55} INFO - Started process 2285 to run task
[2023-06-07T06:35:12.852+0000] {standard_task_runner.py:82} INFO - Running: ['***', 'tasks', 'run', 'our_first_dag_v5', 'first_task', 'scheduled__2021-11-20T00:00:00+00:00', '--job-id', '1683', '--raw', '--subdir', 'DAGS_FOLDER/first_Dag.py', '--cfg-path', '/tmp/tmpps4lsn9m']
[2023-06-07T06:35:12.860+0000] {standard_task_runner.py:83} INFO - Job 1683: Subtask first_task
[2023-06-07T06:35:13.251+0000] {task_command.py:389} INFO - Running <TaskInstance: our_first_dag_v5.first_task scheduled__2021-11-20T00:00:00+00:00 [running]> on host 026ed797f3b3
[2023-06-07T06:35:13.690+0000] {taskinstance.py:1513} INFO - Exporting the following env vars:
AIRFLOW_CTX_DAG_OWNER=coder2j
AIRFLOW_CTX_DAG_ID=our_first_dag_v5
AIRFLOW_CTX_TASK_ID=first_task
AIRFLOW_CTX_EXECUTION_DATE=2021-11-20T00:00:00+00:00
AIRFLOW_CTX_TRY_NUMBER=1
AIRFLOW_CTX_DAG_RUN_ID=scheduled__2021-11-20T00:00:00+00:00
[2023-06-07T06:35:13.694+0000] {subprocess.py:63} INFO - Tmp dir root location: 
 /tmp
[2023-06-07T06:35:13.696+0000] {subprocess.py:75} INFO - Running command: ['/bin/bash', '-c', 'echo hello world, this is the first task!']
[2023-06-07T06:35:13.763+0000] {subprocess.py:86} INFO - Output:
[2023-06-07T06:35:13.784+0000] {subprocess.py:93} INFO - hello world, this is the first task!
[2023-06-07T06:35:13.789+0000] {subprocess.py:97} INFO - Command exited with return code 0
[2023-06-07T06:35:13.905+0000] {taskinstance.py:1327} INFO - Marking task as SUCCESS. dag_id=our_first_dag_v5, task_id=first_task, execution_date=20211120T000000, start_date=20230607T063512, end_date=20230607T063513
[2023-06-07T06:35:14.071+0000] {local_task_job.py:159} INFO - Task exited with return code 0
[2023-06-07T06:35:14.166+0000] {taskinstance.py:2582} INFO - 2 downstream tasks scheduled from follow-on schedule check
