[2023-05-30T11:36:50.378+0000] {taskinstance.py:1087} INFO - Dependencies all met for <TaskInstance: our_dag_with_python_operator_v07.greet scheduled__2021-11-02T00:00:00+00:00 [queued]>
[2023-05-30T11:36:50.393+0000] {taskinstance.py:1087} INFO - Dependencies all met for <TaskInstance: our_dag_with_python_operator_v07.greet scheduled__2021-11-02T00:00:00+00:00 [queued]>
[2023-05-30T11:36:50.394+0000] {taskinstance.py:1283} INFO - 
--------------------------------------------------------------------------------
[2023-05-30T11:36:50.396+0000] {taskinstance.py:1284} INFO - Starting attempt 1 of 6
[2023-05-30T11:36:50.403+0000] {taskinstance.py:1285} INFO - 
--------------------------------------------------------------------------------
[2023-05-30T11:36:50.429+0000] {taskinstance.py:1304} INFO - Executing <Task(PythonOperator): greet> on 2021-11-02 00:00:00+00:00
[2023-05-30T11:36:50.436+0000] {standard_task_runner.py:55} INFO - Started process 5698 to run task
[2023-05-30T11:36:50.445+0000] {standard_task_runner.py:82} INFO - Running: ['***', 'tasks', 'run', 'our_dag_with_python_operator_v07', 'greet', 'scheduled__2021-11-02T00:00:00+00:00', '--job-id', '1204', '--raw', '--subdir', 'DAGS_FOLDER/dag_python_opr.py', '--cfg-path', '/tmp/tmp7bluk7oy']
[2023-05-30T11:36:50.447+0000] {standard_task_runner.py:83} INFO - Job 1204: Subtask greet
[2023-05-30T11:36:50.577+0000] {task_command.py:389} INFO - Running <TaskInstance: our_dag_with_python_operator_v07.greet scheduled__2021-11-02T00:00:00+00:00 [running]> on host 49219f98c96e
[2023-05-30T11:36:50.707+0000] {taskinstance.py:1513} INFO - Exporting the following env vars:
AIRFLOW_CTX_DAG_OWNER=coder2j
AIRFLOW_CTX_DAG_ID=our_dag_with_python_operator_v07
AIRFLOW_CTX_TASK_ID=greet
AIRFLOW_CTX_EXECUTION_DATE=2021-11-02T00:00:00+00:00
AIRFLOW_CTX_TRY_NUMBER=1
AIRFLOW_CTX_DAG_RUN_ID=scheduled__2021-11-02T00:00:00+00:00
[2023-05-30T11:36:50.712+0000] {logging_mixin.py:137} INFO - some dict:  {'a': 1, 'b': 2}
[2023-05-30T11:36:50.761+0000] {logging_mixin.py:137} INFO - Hello World! My name is Jerry Fridman, and I am 19 years old!
[2023-05-30T11:36:50.765+0000] {python.py:177} INFO - Done. Returned value was: None
[2023-05-30T11:36:50.783+0000] {taskinstance.py:1327} INFO - Marking task as SUCCESS. dag_id=our_dag_with_python_operator_v07, task_id=greet, execution_date=20211102T000000, start_date=20230530T113650, end_date=20230530T113650
[2023-05-30T11:36:50.823+0000] {local_task_job.py:159} INFO - Task exited with return code 0
[2023-05-30T11:36:50.850+0000] {taskinstance.py:2582} INFO - 0 downstream tasks scheduled from follow-on schedule check
[2023-06-07T06:31:50.408+0000] {taskinstance.py:1087} INFO - Dependencies all met for <TaskInstance: our_dag_with_python_operator_v07.greet scheduled__2021-11-02T00:00:00+00:00 [queued]>
[2023-06-07T06:31:50.560+0000] {taskinstance.py:1087} INFO - Dependencies all met for <TaskInstance: our_dag_with_python_operator_v07.greet scheduled__2021-11-02T00:00:00+00:00 [queued]>
[2023-06-07T06:31:50.568+0000] {taskinstance.py:1283} INFO - 
--------------------------------------------------------------------------------
[2023-06-07T06:31:50.577+0000] {taskinstance.py:1284} INFO - Starting attempt 1 of 6
[2023-06-07T06:31:50.580+0000] {taskinstance.py:1285} INFO - 
--------------------------------------------------------------------------------
[2023-06-07T06:31:50.702+0000] {taskinstance.py:1304} INFO - Executing <Task(PythonOperator): greet> on 2021-11-02 00:00:00+00:00
[2023-06-07T06:31:50.787+0000] {standard_task_runner.py:55} INFO - Started process 832 to run task
[2023-06-07T06:31:50.815+0000] {standard_task_runner.py:82} INFO - Running: ['***', 'tasks', 'run', 'our_dag_with_python_operator_v07', 'greet', 'scheduled__2021-11-02T00:00:00+00:00', '--job-id', '1154', '--raw', '--subdir', 'DAGS_FOLDER/dag_python_opr.py', '--cfg-path', '/tmp/tmp46jk0sk3']
[2023-06-07T06:31:50.848+0000] {standard_task_runner.py:83} INFO - Job 1154: Subtask greet
[2023-06-07T06:31:51.716+0000] {task_command.py:389} INFO - Running <TaskInstance: our_dag_with_python_operator_v07.greet scheduled__2021-11-02T00:00:00+00:00 [running]> on host 026ed797f3b3
[2023-06-07T06:31:52.492+0000] {taskinstance.py:1513} INFO - Exporting the following env vars:
AIRFLOW_CTX_DAG_OWNER=coder2j
AIRFLOW_CTX_DAG_ID=our_dag_with_python_operator_v07
AIRFLOW_CTX_TASK_ID=greet
AIRFLOW_CTX_EXECUTION_DATE=2021-11-02T00:00:00+00:00
AIRFLOW_CTX_TRY_NUMBER=1
AIRFLOW_CTX_DAG_RUN_ID=scheduled__2021-11-02T00:00:00+00:00
[2023-06-07T06:31:52.499+0000] {logging_mixin.py:137} INFO - some dict:  {'a': 1, 'b': 2}
[2023-06-07T06:31:52.694+0000] {logging_mixin.py:137} INFO - Hello World! My name is Jerry Fridman, and I am 19 years old!
[2023-06-07T06:31:52.710+0000] {python.py:177} INFO - Done. Returned value was: None
[2023-06-07T06:31:52.821+0000] {taskinstance.py:1327} INFO - Marking task as SUCCESS. dag_id=our_dag_with_python_operator_v07, task_id=greet, execution_date=20211102T000000, start_date=20230607T063150, end_date=20230607T063152
[2023-06-07T06:31:53.123+0000] {local_task_job.py:159} INFO - Task exited with return code 0
[2023-06-07T06:31:53.208+0000] {taskinstance.py:2582} INFO - 0 downstream tasks scheduled from follow-on schedule check
