[2023-05-30T11:36:45.846+0000] {taskinstance.py:1087} INFO - Dependencies all met for <TaskInstance: our_dag_with_python_operator_v07.get_name scheduled__2021-10-30T00:00:00+00:00 [queued]>
[2023-05-30T11:36:45.878+0000] {taskinstance.py:1087} INFO - Dependencies all met for <TaskInstance: our_dag_with_python_operator_v07.get_name scheduled__2021-10-30T00:00:00+00:00 [queued]>
[2023-05-30T11:36:45.879+0000] {taskinstance.py:1283} INFO - 
--------------------------------------------------------------------------------
[2023-05-30T11:36:45.881+0000] {taskinstance.py:1284} INFO - Starting attempt 1 of 6
[2023-05-30T11:36:45.882+0000] {taskinstance.py:1285} INFO - 
--------------------------------------------------------------------------------
[2023-05-30T11:36:45.945+0000] {taskinstance.py:1304} INFO - Executing <Task(PythonOperator): get_name> on 2021-10-30 00:00:00+00:00
[2023-05-30T11:36:45.960+0000] {standard_task_runner.py:55} INFO - Started process 5659 to run task
[2023-05-30T11:36:45.974+0000] {standard_task_runner.py:82} INFO - Running: ['***', 'tasks', 'run', 'our_dag_with_python_operator_v07', 'get_name', 'scheduled__2021-10-30T00:00:00+00:00', '--job-id', '1185', '--raw', '--subdir', 'DAGS_FOLDER/dag_python_opr.py', '--cfg-path', '/tmp/tmpv0en2blc']
[2023-05-30T11:36:45.980+0000] {standard_task_runner.py:83} INFO - Job 1185: Subtask get_name
[2023-05-30T11:36:46.355+0000] {task_command.py:389} INFO - Running <TaskInstance: our_dag_with_python_operator_v07.get_name scheduled__2021-10-30T00:00:00+00:00 [running]> on host 49219f98c96e
[2023-05-30T11:36:46.652+0000] {taskinstance.py:1513} INFO - Exporting the following env vars:
AIRFLOW_CTX_DAG_OWNER=coder2j
AIRFLOW_CTX_DAG_ID=our_dag_with_python_operator_v07
AIRFLOW_CTX_TASK_ID=get_name
AIRFLOW_CTX_EXECUTION_DATE=2021-10-30T00:00:00+00:00
AIRFLOW_CTX_TRY_NUMBER=1
AIRFLOW_CTX_DAG_RUN_ID=scheduled__2021-10-30T00:00:00+00:00
[2023-05-30T11:36:46.716+0000] {python.py:177} INFO - Done. Returned value was: None
[2023-05-30T11:36:46.778+0000] {taskinstance.py:1327} INFO - Marking task as SUCCESS. dag_id=our_dag_with_python_operator_v07, task_id=get_name, execution_date=20211030T000000, start_date=20230530T113645, end_date=20230530T113646
[2023-05-30T11:36:46.915+0000] {local_task_job.py:159} INFO - Task exited with return code 0
[2023-05-30T11:36:46.996+0000] {taskinstance.py:2582} INFO - 1 downstream tasks scheduled from follow-on schedule check
[2023-06-07T06:31:39.991+0000] {taskinstance.py:1087} INFO - Dependencies all met for <TaskInstance: our_dag_with_python_operator_v07.get_name scheduled__2021-10-30T00:00:00+00:00 [queued]>
[2023-06-07T06:31:40.074+0000] {taskinstance.py:1087} INFO - Dependencies all met for <TaskInstance: our_dag_with_python_operator_v07.get_name scheduled__2021-10-30T00:00:00+00:00 [queued]>
[2023-06-07T06:31:40.077+0000] {taskinstance.py:1283} INFO - 
--------------------------------------------------------------------------------
[2023-06-07T06:31:40.078+0000] {taskinstance.py:1284} INFO - Starting attempt 1 of 6
[2023-06-07T06:31:40.087+0000] {taskinstance.py:1285} INFO - 
--------------------------------------------------------------------------------
[2023-06-07T06:31:40.157+0000] {taskinstance.py:1304} INFO - Executing <Task(PythonOperator): get_name> on 2021-10-30 00:00:00+00:00
[2023-06-07T06:31:40.198+0000] {standard_task_runner.py:55} INFO - Started process 777 to run task
[2023-06-07T06:31:40.220+0000] {standard_task_runner.py:82} INFO - Running: ['***', 'tasks', 'run', 'our_dag_with_python_operator_v07', 'get_name', 'scheduled__2021-10-30T00:00:00+00:00', '--job-id', '1129', '--raw', '--subdir', 'DAGS_FOLDER/dag_python_opr.py', '--cfg-path', '/tmp/tmptayewqr3']
[2023-06-07T06:31:40.227+0000] {standard_task_runner.py:83} INFO - Job 1129: Subtask get_name
[2023-06-07T06:31:40.686+0000] {task_command.py:389} INFO - Running <TaskInstance: our_dag_with_python_operator_v07.get_name scheduled__2021-10-30T00:00:00+00:00 [running]> on host 026ed797f3b3
[2023-06-07T06:31:41.363+0000] {taskinstance.py:1513} INFO - Exporting the following env vars:
AIRFLOW_CTX_DAG_OWNER=coder2j
AIRFLOW_CTX_DAG_ID=our_dag_with_python_operator_v07
AIRFLOW_CTX_TASK_ID=get_name
AIRFLOW_CTX_EXECUTION_DATE=2021-10-30T00:00:00+00:00
AIRFLOW_CTX_TRY_NUMBER=1
AIRFLOW_CTX_DAG_RUN_ID=scheduled__2021-10-30T00:00:00+00:00
[2023-06-07T06:31:41.485+0000] {python.py:177} INFO - Done. Returned value was: None
[2023-06-07T06:31:41.546+0000] {taskinstance.py:1327} INFO - Marking task as SUCCESS. dag_id=our_dag_with_python_operator_v07, task_id=get_name, execution_date=20211030T000000, start_date=20230607T063140, end_date=20230607T063141
[2023-06-07T06:31:41.726+0000] {local_task_job.py:159} INFO - Task exited with return code 0
[2023-06-07T06:31:42.029+0000] {taskinstance.py:2582} INFO - 0 downstream tasks scheduled from follow-on schedule check
