[2023-05-30T12:33:29.156+0000] {taskinstance.py:1087} INFO - Dependencies all met for <TaskInstance: our_dag_with_python_operator_v07.get_name scheduled__2022-04-13T00:00:00+00:00 [queued]>
[2023-05-30T12:33:29.227+0000] {taskinstance.py:1087} INFO - Dependencies all met for <TaskInstance: our_dag_with_python_operator_v07.get_name scheduled__2022-04-13T00:00:00+00:00 [queued]>
[2023-05-30T12:33:29.229+0000] {taskinstance.py:1283} INFO - 
--------------------------------------------------------------------------------
[2023-05-30T12:33:29.230+0000] {taskinstance.py:1284} INFO - Starting attempt 1 of 6
[2023-05-30T12:33:29.232+0000] {taskinstance.py:1285} INFO - 
--------------------------------------------------------------------------------
[2023-05-30T12:33:29.298+0000] {taskinstance.py:1304} INFO - Executing <Task(PythonOperator): get_name> on 2022-04-13 00:00:00+00:00
[2023-05-30T12:33:29.311+0000] {standard_task_runner.py:55} INFO - Started process 10487 to run task
[2023-05-30T12:33:29.331+0000] {standard_task_runner.py:82} INFO - Running: ['***', 'tasks', 'run', 'our_dag_with_python_operator_v07', 'get_name', 'scheduled__2022-04-13T00:00:00+00:00', '--job-id', '1683', '--raw', '--subdir', 'DAGS_FOLDER/dag_python_opr.py', '--cfg-path', '/tmp/tmpckkd05bm']
[2023-05-30T12:33:29.337+0000] {standard_task_runner.py:83} INFO - Job 1683: Subtask get_name
[2023-05-30T12:33:29.751+0000] {task_command.py:389} INFO - Running <TaskInstance: our_dag_with_python_operator_v07.get_name scheduled__2022-04-13T00:00:00+00:00 [running]> on host 49219f98c96e
[2023-05-30T12:33:30.112+0000] {taskinstance.py:1513} INFO - Exporting the following env vars:
AIRFLOW_CTX_DAG_OWNER=coder2j
AIRFLOW_CTX_DAG_ID=our_dag_with_python_operator_v07
AIRFLOW_CTX_TASK_ID=get_name
AIRFLOW_CTX_EXECUTION_DATE=2022-04-13T00:00:00+00:00
AIRFLOW_CTX_TRY_NUMBER=1
AIRFLOW_CTX_DAG_RUN_ID=scheduled__2022-04-13T00:00:00+00:00
[2023-05-30T12:33:30.198+0000] {python.py:177} INFO - Done. Returned value was: None
[2023-05-30T12:33:30.239+0000] {taskinstance.py:1327} INFO - Marking task as SUCCESS. dag_id=our_dag_with_python_operator_v07, task_id=get_name, execution_date=20220413T000000, start_date=20230530T123329, end_date=20230530T123330
[2023-05-30T12:33:30.450+0000] {local_task_job.py:159} INFO - Task exited with return code 0
[2023-05-30T12:33:30.518+0000] {taskinstance.py:2582} INFO - 1 downstream tasks scheduled from follow-on schedule check
[2023-06-07T06:38:08.609+0000] {taskinstance.py:1087} INFO - Dependencies all met for <TaskInstance: our_dag_with_python_operator_v07.get_name scheduled__2022-04-13T00:00:00+00:00 [queued]>
[2023-06-07T06:38:08.721+0000] {taskinstance.py:1087} INFO - Dependencies all met for <TaskInstance: our_dag_with_python_operator_v07.get_name scheduled__2022-04-13T00:00:00+00:00 [queued]>
[2023-06-07T06:38:08.723+0000] {taskinstance.py:1283} INFO - 
--------------------------------------------------------------------------------
[2023-06-07T06:38:08.725+0000] {taskinstance.py:1284} INFO - Starting attempt 1 of 6
[2023-06-07T06:38:08.727+0000] {taskinstance.py:1285} INFO - 
--------------------------------------------------------------------------------
[2023-06-07T06:38:08.938+0000] {taskinstance.py:1304} INFO - Executing <Task(PythonOperator): get_name> on 2022-04-13 00:00:00+00:00
[2023-06-07T06:38:08.996+0000] {standard_task_runner.py:55} INFO - Started process 3414 to run task
[2023-06-07T06:38:09.063+0000] {standard_task_runner.py:82} INFO - Running: ['***', 'tasks', 'run', 'our_dag_with_python_operator_v07', 'get_name', 'scheduled__2022-04-13T00:00:00+00:00', '--job-id', '2084', '--raw', '--subdir', 'DAGS_FOLDER/dag_python_opr.py', '--cfg-path', '/tmp/tmpi4z_f65s']
[2023-06-07T06:38:09.068+0000] {standard_task_runner.py:83} INFO - Job 2084: Subtask get_name
[2023-06-07T06:38:09.788+0000] {task_command.py:389} INFO - Running <TaskInstance: our_dag_with_python_operator_v07.get_name scheduled__2022-04-13T00:00:00+00:00 [running]> on host 026ed797f3b3
[2023-06-07T06:38:10.248+0000] {taskinstance.py:1513} INFO - Exporting the following env vars:
AIRFLOW_CTX_DAG_OWNER=coder2j
AIRFLOW_CTX_DAG_ID=our_dag_with_python_operator_v07
AIRFLOW_CTX_TASK_ID=get_name
AIRFLOW_CTX_EXECUTION_DATE=2022-04-13T00:00:00+00:00
AIRFLOW_CTX_TRY_NUMBER=1
AIRFLOW_CTX_DAG_RUN_ID=scheduled__2022-04-13T00:00:00+00:00
[2023-06-07T06:38:10.351+0000] {python.py:177} INFO - Done. Returned value was: None
[2023-06-07T06:38:10.406+0000] {taskinstance.py:1327} INFO - Marking task as SUCCESS. dag_id=our_dag_with_python_operator_v07, task_id=get_name, execution_date=20220413T000000, start_date=20230607T063808, end_date=20230607T063810
[2023-06-07T06:38:10.756+0000] {local_task_job.py:159} INFO - Task exited with return code 0
[2023-06-07T06:38:10.936+0000] {taskinstance.py:2582} INFO - 0 downstream tasks scheduled from follow-on schedule check
