[2023-05-30T11:29:17.784+0000] {taskinstance.py:1087} INFO - Dependencies all met for <TaskInstance: our_first_dag_v5.thrid_task scheduled__2021-10-16T00:00:00+00:00 [queued]>
[2023-05-30T11:29:17.810+0000] {taskinstance.py:1087} INFO - Dependencies all met for <TaskInstance: our_first_dag_v5.thrid_task scheduled__2021-10-16T00:00:00+00:00 [queued]>
[2023-05-30T11:29:17.813+0000] {taskinstance.py:1283} INFO - 
--------------------------------------------------------------------------------
[2023-05-30T11:29:17.815+0000] {taskinstance.py:1284} INFO - Starting attempt 1 of 6
[2023-05-30T11:29:17.822+0000] {taskinstance.py:1285} INFO - 
--------------------------------------------------------------------------------
[2023-05-30T11:29:17.876+0000] {taskinstance.py:1304} INFO - Executing <Task(BashOperator): thrid_task> on 2021-10-16 00:00:00+00:00
[2023-05-30T11:29:17.895+0000] {standard_task_runner.py:55} INFO - Started process 2458 to run task
[2023-05-30T11:29:17.921+0000] {standard_task_runner.py:82} INFO - Running: ['***', 'tasks', 'run', 'our_first_dag_v5', 'thrid_task', 'scheduled__2021-10-16T00:00:00+00:00', '--job-id', '242', '--raw', '--subdir', 'DAGS_FOLDER/first_Dag.py', '--cfg-path', '/tmp/tmphmnd7smn']
[2023-05-30T11:29:17.923+0000] {standard_task_runner.py:83} INFO - Job 242: Subtask thrid_task
[2023-05-30T11:29:18.128+0000] {task_command.py:389} INFO - Running <TaskInstance: our_first_dag_v5.thrid_task scheduled__2021-10-16T00:00:00+00:00 [running]> on host 49219f98c96e
[2023-05-30T11:29:18.327+0000] {taskinstance.py:1513} INFO - Exporting the following env vars:
AIRFLOW_CTX_DAG_OWNER=coder2j
AIRFLOW_CTX_DAG_ID=our_first_dag_v5
AIRFLOW_CTX_TASK_ID=thrid_task
AIRFLOW_CTX_EXECUTION_DATE=2021-10-16T00:00:00+00:00
AIRFLOW_CTX_TRY_NUMBER=1
AIRFLOW_CTX_DAG_RUN_ID=scheduled__2021-10-16T00:00:00+00:00
[2023-05-30T11:29:18.333+0000] {subprocess.py:63} INFO - Tmp dir root location: 
 /tmp
[2023-05-30T11:29:18.336+0000] {subprocess.py:75} INFO - Running command: ['/bin/bash', '-c', 'echo hey, I am task3 and will be running after task1 at the same time as task2!']
[2023-05-30T11:29:18.370+0000] {subprocess.py:86} INFO - Output:
[2023-05-30T11:29:18.382+0000] {subprocess.py:93} INFO - hey, I am task3 and will be running after task1 at the same time as task2!
[2023-05-30T11:29:18.384+0000] {subprocess.py:97} INFO - Command exited with return code 0
[2023-05-30T11:29:18.528+0000] {taskinstance.py:1327} INFO - Marking task as SUCCESS. dag_id=our_first_dag_v5, task_id=thrid_task, execution_date=20211016T000000, start_date=20230530T112917, end_date=20230530T112918
[2023-05-30T11:29:18.652+0000] {local_task_job.py:159} INFO - Task exited with return code 0
[2023-05-30T11:29:18.690+0000] {taskinstance.py:2582} INFO - 0 downstream tasks scheduled from follow-on schedule check
[2023-06-07T06:33:52.138+0000] {taskinstance.py:1087} INFO - Dependencies all met for <TaskInstance: our_first_dag_v5.thrid_task scheduled__2021-10-16T00:00:00+00:00 [queued]>
[2023-06-07T06:33:52.331+0000] {taskinstance.py:1087} INFO - Dependencies all met for <TaskInstance: our_first_dag_v5.thrid_task scheduled__2021-10-16T00:00:00+00:00 [queued]>
[2023-06-07T06:33:52.334+0000] {taskinstance.py:1283} INFO - 
--------------------------------------------------------------------------------
[2023-06-07T06:33:52.336+0000] {taskinstance.py:1284} INFO - Starting attempt 1 of 6
[2023-06-07T06:33:52.338+0000] {taskinstance.py:1285} INFO - 
--------------------------------------------------------------------------------
[2023-06-07T06:33:52.512+0000] {taskinstance.py:1304} INFO - Executing <Task(BashOperator): thrid_task> on 2021-10-16 00:00:00+00:00
[2023-06-07T06:33:52.532+0000] {standard_task_runner.py:55} INFO - Started process 1755 to run task
[2023-06-07T06:33:52.606+0000] {standard_task_runner.py:82} INFO - Running: ['***', 'tasks', 'run', 'our_first_dag_v5', 'thrid_task', 'scheduled__2021-10-16T00:00:00+00:00', '--job-id', '1491', '--raw', '--subdir', 'DAGS_FOLDER/first_Dag.py', '--cfg-path', '/tmp/tmpiou4guup']
[2023-06-07T06:33:52.615+0000] {standard_task_runner.py:83} INFO - Job 1491: Subtask thrid_task
[2023-06-07T06:33:53.137+0000] {task_command.py:389} INFO - Running <TaskInstance: our_first_dag_v5.thrid_task scheduled__2021-10-16T00:00:00+00:00 [running]> on host 026ed797f3b3
[2023-06-07T06:33:53.523+0000] {taskinstance.py:1513} INFO - Exporting the following env vars:
AIRFLOW_CTX_DAG_OWNER=coder2j
AIRFLOW_CTX_DAG_ID=our_first_dag_v5
AIRFLOW_CTX_TASK_ID=thrid_task
AIRFLOW_CTX_EXECUTION_DATE=2021-10-16T00:00:00+00:00
AIRFLOW_CTX_TRY_NUMBER=1
AIRFLOW_CTX_DAG_RUN_ID=scheduled__2021-10-16T00:00:00+00:00
[2023-06-07T06:33:53.528+0000] {subprocess.py:63} INFO - Tmp dir root location: 
 /tmp
[2023-06-07T06:33:53.531+0000] {subprocess.py:75} INFO - Running command: ['/bin/bash', '-c', 'echo hey, I am task3 and will be running after task1 at the same time as task2!']
[2023-06-07T06:33:53.674+0000] {subprocess.py:86} INFO - Output:
[2023-06-07T06:33:53.685+0000] {subprocess.py:93} INFO - hey, I am task3 and will be running after task1 at the same time as task2!
[2023-06-07T06:33:53.686+0000] {subprocess.py:97} INFO - Command exited with return code 0
[2023-06-07T06:33:53.951+0000] {taskinstance.py:1327} INFO - Marking task as SUCCESS. dag_id=our_first_dag_v5, task_id=thrid_task, execution_date=20211016T000000, start_date=20230607T063352, end_date=20230607T063353
[2023-06-07T06:33:54.264+0000] {local_task_job.py:159} INFO - Task exited with return code 0
[2023-06-07T06:33:54.362+0000] {taskinstance.py:2582} INFO - 0 downstream tasks scheduled from follow-on schedule check
