[2023-05-30T12:32:40.243+0000] {taskinstance.py:1087} INFO - Dependencies all met for <TaskInstance: our_dag_with_python_operator_v07.get_name scheduled__2022-02-28T00:00:00+00:00 [queued]>
[2023-05-30T12:32:40.289+0000] {taskinstance.py:1087} INFO - Dependencies all met for <TaskInstance: our_dag_with_python_operator_v07.get_name scheduled__2022-02-28T00:00:00+00:00 [queued]>
[2023-05-30T12:32:40.292+0000] {taskinstance.py:1283} INFO - 
--------------------------------------------------------------------------------
[2023-05-30T12:32:40.294+0000] {taskinstance.py:1284} INFO - Starting attempt 1 of 6
[2023-05-30T12:32:40.295+0000] {taskinstance.py:1285} INFO - 
--------------------------------------------------------------------------------
[2023-05-30T12:32:40.376+0000] {taskinstance.py:1304} INFO - Executing <Task(PythonOperator): get_name> on 2022-02-28 00:00:00+00:00
[2023-05-30T12:32:40.390+0000] {standard_task_runner.py:55} INFO - Started process 10175 to run task
[2023-05-30T12:32:40.407+0000] {standard_task_runner.py:82} INFO - Running: ['***', 'tasks', 'run', 'our_dag_with_python_operator_v07', 'get_name', 'scheduled__2022-02-28T00:00:00+00:00', '--job-id', '1552', '--raw', '--subdir', 'DAGS_FOLDER/dag_python_opr.py', '--cfg-path', '/tmp/tmpakrmy1gq']
[2023-05-30T12:32:40.409+0000] {standard_task_runner.py:83} INFO - Job 1552: Subtask get_name
[2023-05-30T12:32:40.651+0000] {task_command.py:389} INFO - Running <TaskInstance: our_dag_with_python_operator_v07.get_name scheduled__2022-02-28T00:00:00+00:00 [running]> on host 49219f98c96e
[2023-05-30T12:32:40.931+0000] {taskinstance.py:1513} INFO - Exporting the following env vars:
AIRFLOW_CTX_DAG_OWNER=coder2j
AIRFLOW_CTX_DAG_ID=our_dag_with_python_operator_v07
AIRFLOW_CTX_TASK_ID=get_name
AIRFLOW_CTX_EXECUTION_DATE=2022-02-28T00:00:00+00:00
AIRFLOW_CTX_TRY_NUMBER=1
AIRFLOW_CTX_DAG_RUN_ID=scheduled__2022-02-28T00:00:00+00:00
[2023-05-30T12:32:41.001+0000] {python.py:177} INFO - Done. Returned value was: None
[2023-05-30T12:32:41.037+0000] {taskinstance.py:1327} INFO - Marking task as SUCCESS. dag_id=our_dag_with_python_operator_v07, task_id=get_name, execution_date=20220228T000000, start_date=20230530T123240, end_date=20230530T123241
[2023-05-30T12:32:41.191+0000] {local_task_job.py:159} INFO - Task exited with return code 0
[2023-05-30T12:32:41.282+0000] {taskinstance.py:2582} INFO - 0 downstream tasks scheduled from follow-on schedule check
[2023-06-07T06:36:21.642+0000] {taskinstance.py:1087} INFO - Dependencies all met for <TaskInstance: our_dag_with_python_operator_v07.get_name scheduled__2022-02-28T00:00:00+00:00 [queued]>
[2023-06-07T06:36:21.789+0000] {taskinstance.py:1087} INFO - Dependencies all met for <TaskInstance: our_dag_with_python_operator_v07.get_name scheduled__2022-02-28T00:00:00+00:00 [queued]>
[2023-06-07T06:36:21.818+0000] {taskinstance.py:1283} INFO - 
--------------------------------------------------------------------------------
[2023-06-07T06:36:21.825+0000] {taskinstance.py:1284} INFO - Starting attempt 1 of 6
[2023-06-07T06:36:21.827+0000] {taskinstance.py:1285} INFO - 
--------------------------------------------------------------------------------
[2023-06-07T06:36:21.949+0000] {taskinstance.py:1304} INFO - Executing <Task(PythonOperator): get_name> on 2022-02-28 00:00:00+00:00
[2023-06-07T06:36:21.962+0000] {standard_task_runner.py:55} INFO - Started process 2714 to run task
[2023-06-07T06:36:22.008+0000] {standard_task_runner.py:82} INFO - Running: ['***', 'tasks', 'run', 'our_dag_with_python_operator_v07', 'get_name', 'scheduled__2022-02-28T00:00:00+00:00', '--job-id', '1836', '--raw', '--subdir', 'DAGS_FOLDER/dag_python_opr.py', '--cfg-path', '/tmp/tmp6zvht_jl']
[2023-06-07T06:36:22.022+0000] {standard_task_runner.py:83} INFO - Job 1836: Subtask get_name
[2023-06-07T06:36:22.793+0000] {task_command.py:389} INFO - Running <TaskInstance: our_dag_with_python_operator_v07.get_name scheduled__2022-02-28T00:00:00+00:00 [running]> on host 026ed797f3b3
[2023-06-07T06:36:23.532+0000] {taskinstance.py:1513} INFO - Exporting the following env vars:
AIRFLOW_CTX_DAG_OWNER=coder2j
AIRFLOW_CTX_DAG_ID=our_dag_with_python_operator_v07
AIRFLOW_CTX_TASK_ID=get_name
AIRFLOW_CTX_EXECUTION_DATE=2022-02-28T00:00:00+00:00
AIRFLOW_CTX_TRY_NUMBER=1
AIRFLOW_CTX_DAG_RUN_ID=scheduled__2022-02-28T00:00:00+00:00
[2023-06-07T06:36:23.790+0000] {python.py:177} INFO - Done. Returned value was: None
[2023-06-07T06:36:23.894+0000] {taskinstance.py:1327} INFO - Marking task as SUCCESS. dag_id=our_dag_with_python_operator_v07, task_id=get_name, execution_date=20220228T000000, start_date=20230607T063621, end_date=20230607T063623
[2023-06-07T06:36:24.189+0000] {local_task_job.py:159} INFO - Task exited with return code 0
[2023-06-07T06:36:24.423+0000] {taskinstance.py:2582} INFO - 1 downstream tasks scheduled from follow-on schedule check
