[2023-05-30T12:34:01.582+0000] {taskinstance.py:1087} INFO - Dependencies all met for <TaskInstance: our_dag_with_python_operator_v07.get_name scheduled__2022-05-14T00:00:00+00:00 [queued]>
[2023-05-30T12:34:01.619+0000] {taskinstance.py:1087} INFO - Dependencies all met for <TaskInstance: our_dag_with_python_operator_v07.get_name scheduled__2022-05-14T00:00:00+00:00 [queued]>
[2023-05-30T12:34:01.620+0000] {taskinstance.py:1283} INFO - 
--------------------------------------------------------------------------------
[2023-05-30T12:34:01.622+0000] {taskinstance.py:1284} INFO - Starting attempt 1 of 6
[2023-05-30T12:34:01.624+0000] {taskinstance.py:1285} INFO - 
--------------------------------------------------------------------------------
[2023-05-30T12:34:01.675+0000] {taskinstance.py:1304} INFO - Executing <Task(PythonOperator): get_name> on 2022-05-14 00:00:00+00:00
[2023-05-30T12:34:01.686+0000] {standard_task_runner.py:55} INFO - Started process 10694 to run task
[2023-05-30T12:34:01.698+0000] {standard_task_runner.py:82} INFO - Running: ['***', 'tasks', 'run', 'our_dag_with_python_operator_v07', 'get_name', 'scheduled__2022-05-14T00:00:00+00:00', '--job-id', '1774', '--raw', '--subdir', 'DAGS_FOLDER/dag_python_opr.py', '--cfg-path', '/tmp/tmpehaqo5wv']
[2023-05-30T12:34:01.702+0000] {standard_task_runner.py:83} INFO - Job 1774: Subtask get_name
[2023-05-30T12:34:01.920+0000] {task_command.py:389} INFO - Running <TaskInstance: our_dag_with_python_operator_v07.get_name scheduled__2022-05-14T00:00:00+00:00 [running]> on host 49219f98c96e
[2023-05-30T12:34:02.118+0000] {taskinstance.py:1513} INFO - Exporting the following env vars:
AIRFLOW_CTX_DAG_OWNER=coder2j
AIRFLOW_CTX_DAG_ID=our_dag_with_python_operator_v07
AIRFLOW_CTX_TASK_ID=get_name
AIRFLOW_CTX_EXECUTION_DATE=2022-05-14T00:00:00+00:00
AIRFLOW_CTX_TRY_NUMBER=1
AIRFLOW_CTX_DAG_RUN_ID=scheduled__2022-05-14T00:00:00+00:00
[2023-05-30T12:34:02.183+0000] {python.py:177} INFO - Done. Returned value was: None
[2023-05-30T12:34:02.243+0000] {taskinstance.py:1327} INFO - Marking task as SUCCESS. dag_id=our_dag_with_python_operator_v07, task_id=get_name, execution_date=20220514T000000, start_date=20230530T123401, end_date=20230530T123402
[2023-05-30T12:34:02.336+0000] {local_task_job.py:159} INFO - Task exited with return code 0
[2023-05-30T12:34:02.394+0000] {taskinstance.py:2582} INFO - 0 downstream tasks scheduled from follow-on schedule check
[2023-06-07T06:39:30.470+0000] {taskinstance.py:1087} INFO - Dependencies all met for <TaskInstance: our_dag_with_python_operator_v07.get_name scheduled__2022-05-14T00:00:00+00:00 [queued]>
[2023-06-07T06:39:30.631+0000] {taskinstance.py:1087} INFO - Dependencies all met for <TaskInstance: our_dag_with_python_operator_v07.get_name scheduled__2022-05-14T00:00:00+00:00 [queued]>
[2023-06-07T06:39:30.639+0000] {taskinstance.py:1283} INFO - 
--------------------------------------------------------------------------------
[2023-06-07T06:39:30.644+0000] {taskinstance.py:1284} INFO - Starting attempt 1 of 6
[2023-06-07T06:39:30.648+0000] {taskinstance.py:1285} INFO - 
--------------------------------------------------------------------------------
[2023-06-07T06:39:31.066+0000] {taskinstance.py:1304} INFO - Executing <Task(PythonOperator): get_name> on 2022-05-14 00:00:00+00:00
[2023-06-07T06:39:31.221+0000] {standard_task_runner.py:55} INFO - Started process 3943 to run task
[2023-06-07T06:39:31.351+0000] {standard_task_runner.py:82} INFO - Running: ['***', 'tasks', 'run', 'our_dag_with_python_operator_v07', 'get_name', 'scheduled__2022-05-14T00:00:00+00:00', '--job-id', '2274', '--raw', '--subdir', 'DAGS_FOLDER/dag_python_opr.py', '--cfg-path', '/tmp/tmpueci537o']
[2023-06-07T06:39:31.364+0000] {standard_task_runner.py:83} INFO - Job 2274: Subtask get_name
[2023-06-07T06:39:32.366+0000] {task_command.py:389} INFO - Running <TaskInstance: our_dag_with_python_operator_v07.get_name scheduled__2022-05-14T00:00:00+00:00 [running]> on host 026ed797f3b3
[2023-06-07T06:39:33.262+0000] {taskinstance.py:1513} INFO - Exporting the following env vars:
AIRFLOW_CTX_DAG_OWNER=coder2j
AIRFLOW_CTX_DAG_ID=our_dag_with_python_operator_v07
AIRFLOW_CTX_TASK_ID=get_name
AIRFLOW_CTX_EXECUTION_DATE=2022-05-14T00:00:00+00:00
AIRFLOW_CTX_TRY_NUMBER=1
AIRFLOW_CTX_DAG_RUN_ID=scheduled__2022-05-14T00:00:00+00:00
[2023-06-07T06:39:33.384+0000] {python.py:177} INFO - Done. Returned value was: None
[2023-06-07T06:39:33.465+0000] {taskinstance.py:1327} INFO - Marking task as SUCCESS. dag_id=our_dag_with_python_operator_v07, task_id=get_name, execution_date=20220514T000000, start_date=20230607T063930, end_date=20230607T063933
[2023-06-07T06:39:33.609+0000] {local_task_job.py:159} INFO - Task exited with return code 0
[2023-06-07T06:39:34.390+0000] {taskinstance.py:2582} INFO - 0 downstream tasks scheduled from follow-on schedule check
