[2023-05-30T12:32:02.901+0000] {taskinstance.py:1087} INFO - Dependencies all met for <TaskInstance: our_dag_with_python_operator_v07.greet scheduled__2022-01-25T00:00:00+00:00 [queued]>
[2023-05-30T12:32:02.931+0000] {taskinstance.py:1087} INFO - Dependencies all met for <TaskInstance: our_dag_with_python_operator_v07.greet scheduled__2022-01-25T00:00:00+00:00 [queued]>
[2023-05-30T12:32:02.933+0000] {taskinstance.py:1283} INFO - 
--------------------------------------------------------------------------------
[2023-05-30T12:32:02.940+0000] {taskinstance.py:1284} INFO - Starting attempt 1 of 6
[2023-05-30T12:32:02.943+0000] {taskinstance.py:1285} INFO - 
--------------------------------------------------------------------------------
[2023-05-30T12:32:02.975+0000] {taskinstance.py:1304} INFO - Executing <Task(PythonOperator): greet> on 2022-01-25 00:00:00+00:00
[2023-05-30T12:32:02.984+0000] {standard_task_runner.py:55} INFO - Started process 9944 to run task
[2023-05-30T12:32:02.993+0000] {standard_task_runner.py:82} INFO - Running: ['***', 'tasks', 'run', 'our_dag_with_python_operator_v07', 'greet', 'scheduled__2022-01-25T00:00:00+00:00', '--job-id', '1456', '--raw', '--subdir', 'DAGS_FOLDER/dag_python_opr.py', '--cfg-path', '/tmp/tmpix3707u2']
[2023-05-30T12:32:02.995+0000] {standard_task_runner.py:83} INFO - Job 1456: Subtask greet
[2023-05-30T12:32:03.177+0000] {task_command.py:389} INFO - Running <TaskInstance: our_dag_with_python_operator_v07.greet scheduled__2022-01-25T00:00:00+00:00 [running]> on host 49219f98c96e
[2023-05-30T12:32:03.375+0000] {taskinstance.py:1513} INFO - Exporting the following env vars:
AIRFLOW_CTX_DAG_OWNER=coder2j
AIRFLOW_CTX_DAG_ID=our_dag_with_python_operator_v07
AIRFLOW_CTX_TASK_ID=greet
AIRFLOW_CTX_EXECUTION_DATE=2022-01-25T00:00:00+00:00
AIRFLOW_CTX_TRY_NUMBER=1
AIRFLOW_CTX_DAG_RUN_ID=scheduled__2022-01-25T00:00:00+00:00
[2023-05-30T12:32:03.379+0000] {logging_mixin.py:137} INFO - some dict:  {'a': 1, 'b': 2}
[2023-05-30T12:32:03.421+0000] {logging_mixin.py:137} INFO - Hello World! My name is Jerry Fridman, and I am 19 years old!
[2023-05-30T12:32:03.428+0000] {python.py:177} INFO - Done. Returned value was: None
[2023-05-30T12:32:03.444+0000] {taskinstance.py:1327} INFO - Marking task as SUCCESS. dag_id=our_dag_with_python_operator_v07, task_id=greet, execution_date=20220125T000000, start_date=20230530T123202, end_date=20230530T123203
[2023-05-30T12:32:03.495+0000] {local_task_job.py:159} INFO - Task exited with return code 0
[2023-05-30T12:32:03.523+0000] {taskinstance.py:2582} INFO - 0 downstream tasks scheduled from follow-on schedule check
[2023-06-07T06:35:05.233+0000] {taskinstance.py:1087} INFO - Dependencies all met for <TaskInstance: our_dag_with_python_operator_v07.greet scheduled__2022-01-25T00:00:00+00:00 [queued]>
[2023-06-07T06:35:05.451+0000] {taskinstance.py:1087} INFO - Dependencies all met for <TaskInstance: our_dag_with_python_operator_v07.greet scheduled__2022-01-25T00:00:00+00:00 [queued]>
[2023-06-07T06:35:05.456+0000] {taskinstance.py:1283} INFO - 
--------------------------------------------------------------------------------
[2023-06-07T06:35:05.458+0000] {taskinstance.py:1284} INFO - Starting attempt 1 of 6
[2023-06-07T06:35:05.461+0000] {taskinstance.py:1285} INFO - 
--------------------------------------------------------------------------------
[2023-06-07T06:35:05.709+0000] {taskinstance.py:1304} INFO - Executing <Task(PythonOperator): greet> on 2022-01-25 00:00:00+00:00
[2023-06-07T06:35:05.773+0000] {standard_task_runner.py:55} INFO - Started process 2224 to run task
[2023-06-07T06:35:05.889+0000] {standard_task_runner.py:82} INFO - Running: ['***', 'tasks', 'run', 'our_dag_with_python_operator_v07', 'greet', 'scheduled__2022-01-25T00:00:00+00:00', '--job-id', '1662', '--raw', '--subdir', 'DAGS_FOLDER/dag_python_opr.py', '--cfg-path', '/tmp/tmpfuazq4kx']
[2023-06-07T06:35:05.921+0000] {standard_task_runner.py:83} INFO - Job 1662: Subtask greet
[2023-06-07T06:35:06.620+0000] {task_command.py:389} INFO - Running <TaskInstance: our_dag_with_python_operator_v07.greet scheduled__2022-01-25T00:00:00+00:00 [running]> on host 026ed797f3b3
[2023-06-07T06:35:07.215+0000] {taskinstance.py:1513} INFO - Exporting the following env vars:
AIRFLOW_CTX_DAG_OWNER=coder2j
AIRFLOW_CTX_DAG_ID=our_dag_with_python_operator_v07
AIRFLOW_CTX_TASK_ID=greet
AIRFLOW_CTX_EXECUTION_DATE=2022-01-25T00:00:00+00:00
AIRFLOW_CTX_TRY_NUMBER=1
AIRFLOW_CTX_DAG_RUN_ID=scheduled__2022-01-25T00:00:00+00:00
[2023-06-07T06:35:07.230+0000] {logging_mixin.py:137} INFO - some dict:  {'a': 1, 'b': 2}
[2023-06-07T06:35:07.449+0000] {logging_mixin.py:137} INFO - Hello World! My name is Jerry Fridman, and I am 19 years old!
[2023-06-07T06:35:07.450+0000] {python.py:177} INFO - Done. Returned value was: None
[2023-06-07T06:35:07.495+0000] {taskinstance.py:1327} INFO - Marking task as SUCCESS. dag_id=our_dag_with_python_operator_v07, task_id=greet, execution_date=20220125T000000, start_date=20230607T063505, end_date=20230607T063507
[2023-06-07T06:35:07.666+0000] {local_task_job.py:159} INFO - Task exited with return code 0
[2023-06-07T06:35:07.835+0000] {taskinstance.py:2582} INFO - 0 downstream tasks scheduled from follow-on schedule check
