[2023-05-30T11:27:57.448+0000] {taskinstance.py:1087} INFO - Dependencies all met for <TaskInstance: our_first_dag_v5.first_task scheduled__2021-08-01T00:00:00+00:00 [queued]>
[2023-05-30T11:27:57.478+0000] {taskinstance.py:1087} INFO - Dependencies all met for <TaskInstance: our_first_dag_v5.first_task scheduled__2021-08-01T00:00:00+00:00 [queued]>
[2023-05-30T11:27:57.484+0000] {taskinstance.py:1283} INFO - 
--------------------------------------------------------------------------------
[2023-05-30T11:27:57.486+0000] {taskinstance.py:1284} INFO - Starting attempt 1 of 6
[2023-05-30T11:27:57.487+0000] {taskinstance.py:1285} INFO - 
--------------------------------------------------------------------------------
[2023-05-30T11:27:57.550+0000] {taskinstance.py:1304} INFO - Executing <Task(BashOperator): first_task> on 2021-08-01 00:00:00+00:00
[2023-05-30T11:27:57.562+0000] {standard_task_runner.py:55} INFO - Started process 1674 to run task
[2023-05-30T11:27:57.590+0000] {standard_task_runner.py:82} INFO - Running: ['***', 'tasks', 'run', 'our_first_dag_v5', 'first_task', 'scheduled__2021-08-01T00:00:00+00:00', '--job-id', '6', '--raw', '--subdir', 'DAGS_FOLDER/first_Dag.py', '--cfg-path', '/tmp/tmpx4h_tak6']
[2023-05-30T11:27:57.596+0000] {standard_task_runner.py:83} INFO - Job 6: Subtask first_task
[2023-05-30T11:27:57.790+0000] {task_command.py:389} INFO - Running <TaskInstance: our_first_dag_v5.first_task scheduled__2021-08-01T00:00:00+00:00 [running]> on host 49219f98c96e
[2023-05-30T11:27:58.092+0000] {taskinstance.py:1513} INFO - Exporting the following env vars:
AIRFLOW_CTX_DAG_OWNER=coder2j
AIRFLOW_CTX_DAG_ID=our_first_dag_v5
AIRFLOW_CTX_TASK_ID=first_task
AIRFLOW_CTX_EXECUTION_DATE=2021-08-01T00:00:00+00:00
AIRFLOW_CTX_TRY_NUMBER=1
AIRFLOW_CTX_DAG_RUN_ID=scheduled__2021-08-01T00:00:00+00:00
[2023-05-30T11:27:58.109+0000] {subprocess.py:63} INFO - Tmp dir root location: 
 /tmp
[2023-05-30T11:27:58.112+0000] {subprocess.py:75} INFO - Running command: ['/bin/bash', '-c', 'echo hello world, this is the first task!']
[2023-05-30T11:27:58.200+0000] {subprocess.py:86} INFO - Output:
[2023-05-30T11:27:58.206+0000] {subprocess.py:93} INFO - hello world, this is the first task!
[2023-05-30T11:27:58.209+0000] {subprocess.py:97} INFO - Command exited with return code 0
[2023-05-30T11:27:58.337+0000] {taskinstance.py:1327} INFO - Marking task as SUCCESS. dag_id=our_first_dag_v5, task_id=first_task, execution_date=20210801T000000, start_date=20230530T112757, end_date=20230530T112758
[2023-05-30T11:27:58.417+0000] {local_task_job.py:159} INFO - Task exited with return code 0
[2023-05-30T11:27:58.469+0000] {taskinstance.py:2582} INFO - 2 downstream tasks scheduled from follow-on schedule check
[2023-06-07T06:30:44.931+0000] {taskinstance.py:1087} INFO - Dependencies all met for <TaskInstance: our_first_dag_v5.first_task scheduled__2021-08-01T00:00:00+00:00 [queued]>
[2023-06-07T06:30:45.077+0000] {taskinstance.py:1087} INFO - Dependencies all met for <TaskInstance: our_first_dag_v5.first_task scheduled__2021-08-01T00:00:00+00:00 [queued]>
[2023-06-07T06:30:45.086+0000] {taskinstance.py:1283} INFO - 
--------------------------------------------------------------------------------
[2023-06-07T06:30:45.089+0000] {taskinstance.py:1284} INFO - Starting attempt 1 of 6
[2023-06-07T06:30:45.090+0000] {taskinstance.py:1285} INFO - 
--------------------------------------------------------------------------------
[2023-06-07T06:30:45.281+0000] {taskinstance.py:1304} INFO - Executing <Task(BashOperator): first_task> on 2021-08-01 00:00:00+00:00
[2023-06-07T06:30:45.326+0000] {standard_task_runner.py:55} INFO - Started process 371 to run task
[2023-06-07T06:30:45.351+0000] {standard_task_runner.py:82} INFO - Running: ['***', 'tasks', 'run', 'our_first_dag_v5', 'first_task', 'scheduled__2021-08-01T00:00:00+00:00', '--job-id', '982', '--raw', '--subdir', 'DAGS_FOLDER/first_Dag.py', '--cfg-path', '/tmp/tmpf71ru0c0']
[2023-06-07T06:30:45.357+0000] {standard_task_runner.py:83} INFO - Job 982: Subtask first_task
[2023-06-07T06:30:45.652+0000] {task_command.py:389} INFO - Running <TaskInstance: our_first_dag_v5.first_task scheduled__2021-08-01T00:00:00+00:00 [running]> on host 026ed797f3b3
[2023-06-07T06:30:46.211+0000] {taskinstance.py:1513} INFO - Exporting the following env vars:
AIRFLOW_CTX_DAG_OWNER=coder2j
AIRFLOW_CTX_DAG_ID=our_first_dag_v5
AIRFLOW_CTX_TASK_ID=first_task
AIRFLOW_CTX_EXECUTION_DATE=2021-08-01T00:00:00+00:00
AIRFLOW_CTX_TRY_NUMBER=1
AIRFLOW_CTX_DAG_RUN_ID=scheduled__2021-08-01T00:00:00+00:00
[2023-06-07T06:30:46.230+0000] {subprocess.py:63} INFO - Tmp dir root location: 
 /tmp
[2023-06-07T06:30:46.237+0000] {subprocess.py:75} INFO - Running command: ['/bin/bash', '-c', 'echo hello world, this is the first task!']
[2023-06-07T06:30:46.302+0000] {subprocess.py:86} INFO - Output:
[2023-06-07T06:30:46.317+0000] {subprocess.py:93} INFO - hello world, this is the first task!
[2023-06-07T06:30:46.324+0000] {subprocess.py:97} INFO - Command exited with return code 0
[2023-06-07T06:30:46.429+0000] {taskinstance.py:1327} INFO - Marking task as SUCCESS. dag_id=our_first_dag_v5, task_id=first_task, execution_date=20210801T000000, start_date=20230607T063044, end_date=20230607T063046
[2023-06-07T06:30:46.665+0000] {local_task_job.py:159} INFO - Task exited with return code 0
[2023-06-07T06:30:46.821+0000] {taskinstance.py:2582} INFO - 2 downstream tasks scheduled from follow-on schedule check
