[2023-05-30T11:28:01.760+0000] {taskinstance.py:1087} INFO - Dependencies all met for <TaskInstance: our_first_dag_v5.thrid_task scheduled__2021-08-02T00:00:00+00:00 [queued]>
[2023-05-30T11:28:01.850+0000] {taskinstance.py:1087} INFO - Dependencies all met for <TaskInstance: our_first_dag_v5.thrid_task scheduled__2021-08-02T00:00:00+00:00 [queued]>
[2023-05-30T11:28:01.852+0000] {taskinstance.py:1283} INFO - 
--------------------------------------------------------------------------------
[2023-05-30T11:28:01.855+0000] {taskinstance.py:1284} INFO - Starting attempt 1 of 6
[2023-05-30T11:28:01.857+0000] {taskinstance.py:1285} INFO - 
--------------------------------------------------------------------------------
[2023-05-30T11:28:01.951+0000] {taskinstance.py:1304} INFO - Executing <Task(BashOperator): thrid_task> on 2021-08-02 00:00:00+00:00
[2023-05-30T11:28:01.975+0000] {standard_task_runner.py:55} INFO - Started process 1721 to run task
[2023-05-30T11:28:02.068+0000] {standard_task_runner.py:82} INFO - Running: ['***', 'tasks', 'run', 'our_first_dag_v5', 'thrid_task', 'scheduled__2021-08-02T00:00:00+00:00', '--job-id', '21', '--raw', '--subdir', 'DAGS_FOLDER/first_Dag.py', '--cfg-path', '/tmp/tmp1wfd0__1']
[2023-05-30T11:28:02.073+0000] {standard_task_runner.py:83} INFO - Job 21: Subtask thrid_task
[2023-05-30T11:28:02.547+0000] {task_command.py:389} INFO - Running <TaskInstance: our_first_dag_v5.thrid_task scheduled__2021-08-02T00:00:00+00:00 [running]> on host 49219f98c96e
[2023-05-30T11:28:02.949+0000] {taskinstance.py:1513} INFO - Exporting the following env vars:
AIRFLOW_CTX_DAG_OWNER=coder2j
AIRFLOW_CTX_DAG_ID=our_first_dag_v5
AIRFLOW_CTX_TASK_ID=thrid_task
AIRFLOW_CTX_EXECUTION_DATE=2021-08-02T00:00:00+00:00
AIRFLOW_CTX_TRY_NUMBER=1
AIRFLOW_CTX_DAG_RUN_ID=scheduled__2021-08-02T00:00:00+00:00
[2023-05-30T11:28:02.959+0000] {subprocess.py:63} INFO - Tmp dir root location: 
 /tmp
[2023-05-30T11:28:02.961+0000] {subprocess.py:75} INFO - Running command: ['/bin/bash', '-c', 'echo hey, I am task3 and will be running after task1 at the same time as task2!']
[2023-05-30T11:28:03.066+0000] {subprocess.py:86} INFO - Output:
[2023-05-30T11:28:03.089+0000] {subprocess.py:93} INFO - hey, I am task3 and will be running after task1 at the same time as task2!
[2023-05-30T11:28:03.090+0000] {subprocess.py:97} INFO - Command exited with return code 0
[2023-05-30T11:28:03.177+0000] {taskinstance.py:1327} INFO - Marking task as SUCCESS. dag_id=our_first_dag_v5, task_id=thrid_task, execution_date=20210802T000000, start_date=20230530T112801, end_date=20230530T112803
[2023-05-30T11:28:03.273+0000] {local_task_job.py:159} INFO - Task exited with return code 0
[2023-05-30T11:28:03.321+0000] {taskinstance.py:2582} INFO - 0 downstream tasks scheduled from follow-on schedule check
[2023-06-07T06:30:54.109+0000] {taskinstance.py:1087} INFO - Dependencies all met for <TaskInstance: our_first_dag_v5.thrid_task scheduled__2021-08-02T00:00:00+00:00 [queued]>
[2023-06-07T06:30:54.162+0000] {taskinstance.py:1087} INFO - Dependencies all met for <TaskInstance: our_first_dag_v5.thrid_task scheduled__2021-08-02T00:00:00+00:00 [queued]>
[2023-06-07T06:30:54.165+0000] {taskinstance.py:1283} INFO - 
--------------------------------------------------------------------------------
[2023-06-07T06:30:54.166+0000] {taskinstance.py:1284} INFO - Starting attempt 1 of 6
[2023-06-07T06:30:54.169+0000] {taskinstance.py:1285} INFO - 
--------------------------------------------------------------------------------
[2023-06-07T06:30:54.256+0000] {taskinstance.py:1304} INFO - Executing <Task(BashOperator): thrid_task> on 2021-08-02 00:00:00+00:00
[2023-06-07T06:30:54.273+0000] {standard_task_runner.py:55} INFO - Started process 435 to run task
[2023-06-07T06:30:54.322+0000] {standard_task_runner.py:82} INFO - Running: ['***', 'tasks', 'run', 'our_first_dag_v5', 'thrid_task', 'scheduled__2021-08-02T00:00:00+00:00', '--job-id', '1004', '--raw', '--subdir', 'DAGS_FOLDER/first_Dag.py', '--cfg-path', '/tmp/tmpgnilp_46']
[2023-06-07T06:30:54.325+0000] {standard_task_runner.py:83} INFO - Job 1004: Subtask thrid_task
[2023-06-07T06:30:54.782+0000] {task_command.py:389} INFO - Running <TaskInstance: our_first_dag_v5.thrid_task scheduled__2021-08-02T00:00:00+00:00 [running]> on host 026ed797f3b3
[2023-06-07T06:30:55.454+0000] {taskinstance.py:1513} INFO - Exporting the following env vars:
AIRFLOW_CTX_DAG_OWNER=coder2j
AIRFLOW_CTX_DAG_ID=our_first_dag_v5
AIRFLOW_CTX_TASK_ID=thrid_task
AIRFLOW_CTX_EXECUTION_DATE=2021-08-02T00:00:00+00:00
AIRFLOW_CTX_TRY_NUMBER=1
AIRFLOW_CTX_DAG_RUN_ID=scheduled__2021-08-02T00:00:00+00:00
[2023-06-07T06:30:55.458+0000] {subprocess.py:63} INFO - Tmp dir root location: 
 /tmp
[2023-06-07T06:30:55.463+0000] {subprocess.py:75} INFO - Running command: ['/bin/bash', '-c', 'echo hey, I am task3 and will be running after task1 at the same time as task2!']
[2023-06-07T06:30:55.578+0000] {subprocess.py:86} INFO - Output:
[2023-06-07T06:30:55.584+0000] {subprocess.py:93} INFO - hey, I am task3 and will be running after task1 at the same time as task2!
[2023-06-07T06:30:55.612+0000] {subprocess.py:97} INFO - Command exited with return code 0
[2023-06-07T06:30:55.965+0000] {taskinstance.py:1327} INFO - Marking task as SUCCESS. dag_id=our_first_dag_v5, task_id=thrid_task, execution_date=20210802T000000, start_date=20230607T063054, end_date=20230607T063055
[2023-06-07T06:30:56.162+0000] {local_task_job.py:159} INFO - Task exited with return code 0
[2023-06-07T06:30:56.386+0000] {taskinstance.py:2582} INFO - 0 downstream tasks scheduled from follow-on schedule check
