[2023-05-30T11:29:46.407+0000] {taskinstance.py:1087} INFO - Dependencies all met for <TaskInstance: our_first_dag_v5.first_task scheduled__2021-11-14T00:00:00+00:00 [queued]>
[2023-05-30T11:29:46.459+0000] {taskinstance.py:1087} INFO - Dependencies all met for <TaskInstance: our_first_dag_v5.first_task scheduled__2021-11-14T00:00:00+00:00 [queued]>
[2023-05-30T11:29:46.462+0000] {taskinstance.py:1283} INFO - 
--------------------------------------------------------------------------------
[2023-05-30T11:29:46.464+0000] {taskinstance.py:1284} INFO - Starting attempt 1 of 6
[2023-05-30T11:29:46.465+0000] {taskinstance.py:1285} INFO - 
--------------------------------------------------------------------------------
[2023-05-30T11:29:46.501+0000] {taskinstance.py:1304} INFO - Executing <Task(BashOperator): first_task> on 2021-11-14 00:00:00+00:00
[2023-05-30T11:29:46.521+0000] {standard_task_runner.py:55} INFO - Started process 2712 to run task
[2023-05-30T11:29:46.533+0000] {standard_task_runner.py:82} INFO - Running: ['***', 'tasks', 'run', 'our_first_dag_v5', 'first_task', 'scheduled__2021-11-14T00:00:00+00:00', '--job-id', '317', '--raw', '--subdir', 'DAGS_FOLDER/first_Dag.py', '--cfg-path', '/tmp/tmpvzd1jcyp']
[2023-05-30T11:29:46.535+0000] {standard_task_runner.py:83} INFO - Job 317: Subtask first_task
[2023-05-30T11:29:46.892+0000] {task_command.py:389} INFO - Running <TaskInstance: our_first_dag_v5.first_task scheduled__2021-11-14T00:00:00+00:00 [running]> on host 49219f98c96e
[2023-05-30T11:29:47.360+0000] {taskinstance.py:1513} INFO - Exporting the following env vars:
AIRFLOW_CTX_DAG_OWNER=coder2j
AIRFLOW_CTX_DAG_ID=our_first_dag_v5
AIRFLOW_CTX_TASK_ID=first_task
AIRFLOW_CTX_EXECUTION_DATE=2021-11-14T00:00:00+00:00
AIRFLOW_CTX_TRY_NUMBER=1
AIRFLOW_CTX_DAG_RUN_ID=scheduled__2021-11-14T00:00:00+00:00
[2023-05-30T11:29:47.366+0000] {subprocess.py:63} INFO - Tmp dir root location: 
 /tmp
[2023-05-30T11:29:47.368+0000] {subprocess.py:75} INFO - Running command: ['/bin/bash', '-c', 'echo hello world, this is the first task!']
[2023-05-30T11:29:47.422+0000] {subprocess.py:86} INFO - Output:
[2023-05-30T11:29:47.433+0000] {subprocess.py:93} INFO - hello world, this is the first task!
[2023-05-30T11:29:47.443+0000] {subprocess.py:97} INFO - Command exited with return code 0
[2023-05-30T11:29:47.536+0000] {taskinstance.py:1327} INFO - Marking task as SUCCESS. dag_id=our_first_dag_v5, task_id=first_task, execution_date=20211114T000000, start_date=20230530T112946, end_date=20230530T112947
[2023-05-30T11:29:47.693+0000] {local_task_job.py:159} INFO - Task exited with return code 0
[2023-05-30T11:29:47.768+0000] {taskinstance.py:2582} INFO - 2 downstream tasks scheduled from follow-on schedule check
