[2023-05-30T11:29:22.518+0000] {taskinstance.py:1087} INFO - Dependencies all met for <TaskInstance: our_first_dag_v5.thrid_task scheduled__2021-10-19T00:00:00+00:00 [queued]>
[2023-05-30T11:29:22.537+0000] {taskinstance.py:1087} INFO - Dependencies all met for <TaskInstance: our_first_dag_v5.thrid_task scheduled__2021-10-19T00:00:00+00:00 [queued]>
[2023-05-30T11:29:22.539+0000] {taskinstance.py:1283} INFO - 
--------------------------------------------------------------------------------
[2023-05-30T11:29:22.541+0000] {taskinstance.py:1284} INFO - Starting attempt 1 of 6
[2023-05-30T11:29:22.542+0000] {taskinstance.py:1285} INFO - 
--------------------------------------------------------------------------------
[2023-05-30T11:29:22.592+0000] {taskinstance.py:1304} INFO - Executing <Task(BashOperator): thrid_task> on 2021-10-19 00:00:00+00:00
[2023-05-30T11:29:22.603+0000] {standard_task_runner.py:55} INFO - Started process 2501 to run task
[2023-05-30T11:29:22.623+0000] {standard_task_runner.py:82} INFO - Running: ['***', 'tasks', 'run', 'our_first_dag_v5', 'thrid_task', 'scheduled__2021-10-19T00:00:00+00:00', '--job-id', '257', '--raw', '--subdir', 'DAGS_FOLDER/first_Dag.py', '--cfg-path', '/tmp/tmp_7ipc7_9']
[2023-05-30T11:29:22.631+0000] {standard_task_runner.py:83} INFO - Job 257: Subtask thrid_task
[2023-05-30T11:29:22.790+0000] {task_command.py:389} INFO - Running <TaskInstance: our_first_dag_v5.thrid_task scheduled__2021-10-19T00:00:00+00:00 [running]> on host 49219f98c96e
[2023-05-30T11:29:22.987+0000] {taskinstance.py:1513} INFO - Exporting the following env vars:
AIRFLOW_CTX_DAG_OWNER=coder2j
AIRFLOW_CTX_DAG_ID=our_first_dag_v5
AIRFLOW_CTX_TASK_ID=thrid_task
AIRFLOW_CTX_EXECUTION_DATE=2021-10-19T00:00:00+00:00
AIRFLOW_CTX_TRY_NUMBER=1
AIRFLOW_CTX_DAG_RUN_ID=scheduled__2021-10-19T00:00:00+00:00
[2023-05-30T11:29:22.989+0000] {subprocess.py:63} INFO - Tmp dir root location: 
 /tmp
[2023-05-30T11:29:22.991+0000] {subprocess.py:75} INFO - Running command: ['/bin/bash', '-c', 'echo hey, I am task3 and will be running after task1 at the same time as task2!']
[2023-05-30T11:29:23.035+0000] {subprocess.py:86} INFO - Output:
[2023-05-30T11:29:23.039+0000] {subprocess.py:93} INFO - hey, I am task3 and will be running after task1 at the same time as task2!
[2023-05-30T11:29:23.041+0000] {subprocess.py:97} INFO - Command exited with return code 0
[2023-05-30T11:29:23.126+0000] {taskinstance.py:1327} INFO - Marking task as SUCCESS. dag_id=our_first_dag_v5, task_id=thrid_task, execution_date=20211019T000000, start_date=20230530T112922, end_date=20230530T112923
[2023-05-30T11:29:23.222+0000] {local_task_job.py:159} INFO - Task exited with return code 0
[2023-05-30T11:29:23.299+0000] {taskinstance.py:2582} INFO - 0 downstream tasks scheduled from follow-on schedule check
[2023-06-07T06:33:54.076+0000] {taskinstance.py:1087} INFO - Dependencies all met for <TaskInstance: our_first_dag_v5.thrid_task scheduled__2021-10-19T00:00:00+00:00 [queued]>
[2023-06-07T06:33:54.252+0000] {taskinstance.py:1087} INFO - Dependencies all met for <TaskInstance: our_first_dag_v5.thrid_task scheduled__2021-10-19T00:00:00+00:00 [queued]>
[2023-06-07T06:33:54.258+0000] {taskinstance.py:1283} INFO - 
--------------------------------------------------------------------------------
[2023-06-07T06:33:54.262+0000] {taskinstance.py:1284} INFO - Starting attempt 1 of 6
[2023-06-07T06:33:54.264+0000] {taskinstance.py:1285} INFO - 
--------------------------------------------------------------------------------
[2023-06-07T06:33:54.343+0000] {taskinstance.py:1304} INFO - Executing <Task(BashOperator): thrid_task> on 2021-10-19 00:00:00+00:00
[2023-06-07T06:33:54.358+0000] {standard_task_runner.py:55} INFO - Started process 1771 to run task
[2023-06-07T06:33:54.417+0000] {standard_task_runner.py:82} INFO - Running: ['***', 'tasks', 'run', 'our_first_dag_v5', 'thrid_task', 'scheduled__2021-10-19T00:00:00+00:00', '--job-id', '1496', '--raw', '--subdir', 'DAGS_FOLDER/first_Dag.py', '--cfg-path', '/tmp/tmp9scmtytc']
[2023-06-07T06:33:54.421+0000] {standard_task_runner.py:83} INFO - Job 1496: Subtask thrid_task
[2023-06-07T06:33:55.024+0000] {task_command.py:389} INFO - Running <TaskInstance: our_first_dag_v5.thrid_task scheduled__2021-10-19T00:00:00+00:00 [running]> on host 026ed797f3b3
[2023-06-07T06:33:55.769+0000] {taskinstance.py:1513} INFO - Exporting the following env vars:
AIRFLOW_CTX_DAG_OWNER=coder2j
AIRFLOW_CTX_DAG_ID=our_first_dag_v5
AIRFLOW_CTX_TASK_ID=thrid_task
AIRFLOW_CTX_EXECUTION_DATE=2021-10-19T00:00:00+00:00
AIRFLOW_CTX_TRY_NUMBER=1
AIRFLOW_CTX_DAG_RUN_ID=scheduled__2021-10-19T00:00:00+00:00
[2023-06-07T06:33:55.773+0000] {subprocess.py:63} INFO - Tmp dir root location: 
 /tmp
[2023-06-07T06:33:55.777+0000] {subprocess.py:75} INFO - Running command: ['/bin/bash', '-c', 'echo hey, I am task3 and will be running after task1 at the same time as task2!']
[2023-06-07T06:33:55.858+0000] {subprocess.py:86} INFO - Output:
[2023-06-07T06:33:55.868+0000] {subprocess.py:93} INFO - hey, I am task3 and will be running after task1 at the same time as task2!
[2023-06-07T06:33:55.873+0000] {subprocess.py:97} INFO - Command exited with return code 0
[2023-06-07T06:33:55.982+0000] {taskinstance.py:1327} INFO - Marking task as SUCCESS. dag_id=our_first_dag_v5, task_id=thrid_task, execution_date=20211019T000000, start_date=20230607T063354, end_date=20230607T063355
[2023-06-07T06:33:56.141+0000] {local_task_job.py:159} INFO - Task exited with return code 0
[2023-06-07T06:33:56.210+0000] {taskinstance.py:2582} INFO - 0 downstream tasks scheduled from follow-on schedule check
