[2023-05-30T11:30:33.776+0000] {taskinstance.py:1087} INFO - Dependencies all met for <TaskInstance: our_first_dag_v5.second_task scheduled__2021-12-24T00:00:00+00:00 [queued]>
[2023-05-30T11:30:33.831+0000] {taskinstance.py:1087} INFO - Dependencies all met for <TaskInstance: our_first_dag_v5.second_task scheduled__2021-12-24T00:00:00+00:00 [queued]>
[2023-05-30T11:30:33.835+0000] {taskinstance.py:1283} INFO - 
--------------------------------------------------------------------------------
[2023-05-30T11:30:33.836+0000] {taskinstance.py:1284} INFO - Starting attempt 1 of 6
[2023-05-30T11:30:33.839+0000] {taskinstance.py:1285} INFO - 
--------------------------------------------------------------------------------
[2023-05-30T11:30:33.891+0000] {taskinstance.py:1304} INFO - Executing <Task(BashOperator): second_task> on 2021-12-24 00:00:00+00:00
[2023-05-30T11:30:33.926+0000] {standard_task_runner.py:55} INFO - Started process 3154 to run task
[2023-05-30T11:30:33.947+0000] {standard_task_runner.py:82} INFO - Running: ['***', 'tasks', 'run', 'our_first_dag_v5', 'second_task', 'scheduled__2021-12-24T00:00:00+00:00', '--job-id', '452', '--raw', '--subdir', 'DAGS_FOLDER/first_Dag.py', '--cfg-path', '/tmp/tmp886ithuw']
[2023-05-30T11:30:33.950+0000] {standard_task_runner.py:83} INFO - Job 452: Subtask second_task
[2023-05-30T11:30:34.110+0000] {task_command.py:389} INFO - Running <TaskInstance: our_first_dag_v5.second_task scheduled__2021-12-24T00:00:00+00:00 [running]> on host 49219f98c96e
[2023-05-30T11:30:34.423+0000] {taskinstance.py:1513} INFO - Exporting the following env vars:
AIRFLOW_CTX_DAG_OWNER=coder2j
AIRFLOW_CTX_DAG_ID=our_first_dag_v5
AIRFLOW_CTX_TASK_ID=second_task
AIRFLOW_CTX_EXECUTION_DATE=2021-12-24T00:00:00+00:00
AIRFLOW_CTX_TRY_NUMBER=1
AIRFLOW_CTX_DAG_RUN_ID=scheduled__2021-12-24T00:00:00+00:00
[2023-05-30T11:30:34.430+0000] {subprocess.py:63} INFO - Tmp dir root location: 
 /tmp
[2023-05-30T11:30:34.435+0000] {subprocess.py:75} INFO - Running command: ['/bin/bash', '-c', 'echo hey, I am task2 and will be running after task1!']
[2023-05-30T11:30:34.499+0000] {subprocess.py:86} INFO - Output:
[2023-05-30T11:30:34.507+0000] {subprocess.py:93} INFO - hey, I am task2 and will be running after task1!
[2023-05-30T11:30:34.509+0000] {subprocess.py:97} INFO - Command exited with return code 0
[2023-05-30T11:30:34.592+0000] {taskinstance.py:1327} INFO - Marking task as SUCCESS. dag_id=our_first_dag_v5, task_id=second_task, execution_date=20211224T000000, start_date=20230530T113033, end_date=20230530T113034
[2023-05-30T11:30:34.678+0000] {local_task_job.py:159} INFO - Task exited with return code 0
[2023-05-30T11:30:34.763+0000] {taskinstance.py:2582} INFO - 0 downstream tasks scheduled from follow-on schedule check
[2023-06-07T06:36:56.140+0000] {taskinstance.py:1087} INFO - Dependencies all met for <TaskInstance: our_first_dag_v5.second_task scheduled__2021-12-24T00:00:00+00:00 [queued]>
[2023-06-07T06:36:56.288+0000] {taskinstance.py:1087} INFO - Dependencies all met for <TaskInstance: our_first_dag_v5.second_task scheduled__2021-12-24T00:00:00+00:00 [queued]>
[2023-06-07T06:36:56.294+0000] {taskinstance.py:1283} INFO - 
--------------------------------------------------------------------------------
[2023-06-07T06:36:56.309+0000] {taskinstance.py:1284} INFO - Starting attempt 1 of 6
[2023-06-07T06:36:56.320+0000] {taskinstance.py:1285} INFO - 
--------------------------------------------------------------------------------
[2023-06-07T06:36:56.503+0000] {taskinstance.py:1304} INFO - Executing <Task(BashOperator): second_task> on 2021-12-24 00:00:00+00:00
[2023-06-07T06:36:56.576+0000] {standard_task_runner.py:55} INFO - Started process 2877 to run task
[2023-06-07T06:36:56.634+0000] {standard_task_runner.py:82} INFO - Running: ['***', 'tasks', 'run', 'our_first_dag_v5', 'second_task', 'scheduled__2021-12-24T00:00:00+00:00', '--job-id', '1888', '--raw', '--subdir', 'DAGS_FOLDER/first_Dag.py', '--cfg-path', '/tmp/tmpombtg8ln']
[2023-06-07T06:36:56.640+0000] {standard_task_runner.py:83} INFO - Job 1888: Subtask second_task
[2023-06-07T06:36:57.152+0000] {task_command.py:389} INFO - Running <TaskInstance: our_first_dag_v5.second_task scheduled__2021-12-24T00:00:00+00:00 [running]> on host 026ed797f3b3
[2023-06-07T06:36:57.874+0000] {taskinstance.py:1513} INFO - Exporting the following env vars:
AIRFLOW_CTX_DAG_OWNER=coder2j
AIRFLOW_CTX_DAG_ID=our_first_dag_v5
AIRFLOW_CTX_TASK_ID=second_task
AIRFLOW_CTX_EXECUTION_DATE=2021-12-24T00:00:00+00:00
AIRFLOW_CTX_TRY_NUMBER=1
AIRFLOW_CTX_DAG_RUN_ID=scheduled__2021-12-24T00:00:00+00:00
[2023-06-07T06:36:57.879+0000] {subprocess.py:63} INFO - Tmp dir root location: 
 /tmp
[2023-06-07T06:36:57.884+0000] {subprocess.py:75} INFO - Running command: ['/bin/bash', '-c', 'echo hey, I am task2 and will be running after task1!']
[2023-06-07T06:36:57.975+0000] {subprocess.py:86} INFO - Output:
[2023-06-07T06:36:57.977+0000] {subprocess.py:93} INFO - hey, I am task2 and will be running after task1!
[2023-06-07T06:36:57.979+0000] {subprocess.py:97} INFO - Command exited with return code 0
[2023-06-07T06:36:58.139+0000] {taskinstance.py:1327} INFO - Marking task as SUCCESS. dag_id=our_first_dag_v5, task_id=second_task, execution_date=20211224T000000, start_date=20230607T063656, end_date=20230607T063658
[2023-06-07T06:36:58.354+0000] {local_task_job.py:159} INFO - Task exited with return code 0
[2023-06-07T06:36:58.562+0000] {taskinstance.py:2582} INFO - 0 downstream tasks scheduled from follow-on schedule check
