[2023-05-30T12:31:46.199+0000] {taskinstance.py:1087} INFO - Dependencies all met for <TaskInstance: our_dag_with_python_operator_v07.greet scheduled__2022-01-10T00:00:00+00:00 [queued]>
[2023-05-30T12:31:46.305+0000] {taskinstance.py:1087} INFO - Dependencies all met for <TaskInstance: our_dag_with_python_operator_v07.greet scheduled__2022-01-10T00:00:00+00:00 [queued]>
[2023-05-30T12:31:46.308+0000] {taskinstance.py:1283} INFO - 
--------------------------------------------------------------------------------
[2023-05-30T12:31:46.309+0000] {taskinstance.py:1284} INFO - Starting attempt 1 of 6
[2023-05-30T12:31:46.311+0000] {taskinstance.py:1285} INFO - 
--------------------------------------------------------------------------------
[2023-05-30T12:31:46.440+0000] {taskinstance.py:1304} INFO - Executing <Task(PythonOperator): greet> on 2022-01-10 00:00:00+00:00
[2023-05-30T12:31:46.473+0000] {standard_task_runner.py:55} INFO - Started process 9861 to run task
[2023-05-30T12:31:46.493+0000] {standard_task_runner.py:82} INFO - Running: ['***', 'tasks', 'run', 'our_dag_with_python_operator_v07', 'greet', 'scheduled__2022-01-10T00:00:00+00:00', '--job-id', '1421', '--raw', '--subdir', 'DAGS_FOLDER/dag_python_opr.py', '--cfg-path', '/tmp/tmpe41k74qa']
[2023-05-30T12:31:46.495+0000] {standard_task_runner.py:83} INFO - Job 1421: Subtask greet
[2023-05-30T12:31:46.800+0000] {task_command.py:389} INFO - Running <TaskInstance: our_dag_with_python_operator_v07.greet scheduled__2022-01-10T00:00:00+00:00 [running]> on host 49219f98c96e
[2023-05-30T12:31:47.073+0000] {taskinstance.py:1513} INFO - Exporting the following env vars:
AIRFLOW_CTX_DAG_OWNER=coder2j
AIRFLOW_CTX_DAG_ID=our_dag_with_python_operator_v07
AIRFLOW_CTX_TASK_ID=greet
AIRFLOW_CTX_EXECUTION_DATE=2022-01-10T00:00:00+00:00
AIRFLOW_CTX_TRY_NUMBER=1
AIRFLOW_CTX_DAG_RUN_ID=scheduled__2022-01-10T00:00:00+00:00
[2023-05-30T12:31:47.076+0000] {logging_mixin.py:137} INFO - some dict:  {'a': 1, 'b': 2}
[2023-05-30T12:31:47.135+0000] {logging_mixin.py:137} INFO - Hello World! My name is Jerry Fridman, and I am 19 years old!
[2023-05-30T12:31:47.140+0000] {python.py:177} INFO - Done. Returned value was: None
[2023-05-30T12:31:47.176+0000] {taskinstance.py:1327} INFO - Marking task as SUCCESS. dag_id=our_dag_with_python_operator_v07, task_id=greet, execution_date=20220110T000000, start_date=20230530T123146, end_date=20230530T123147
[2023-05-30T12:31:47.226+0000] {local_task_job.py:159} INFO - Task exited with return code 0
[2023-05-30T12:31:47.259+0000] {taskinstance.py:2582} INFO - 0 downstream tasks scheduled from follow-on schedule check
[2023-06-07T06:34:21.142+0000] {taskinstance.py:1087} INFO - Dependencies all met for <TaskInstance: our_dag_with_python_operator_v07.greet scheduled__2022-01-10T00:00:00+00:00 [queued]>
[2023-06-07T06:34:21.204+0000] {taskinstance.py:1087} INFO - Dependencies all met for <TaskInstance: our_dag_with_python_operator_v07.greet scheduled__2022-01-10T00:00:00+00:00 [queued]>
[2023-06-07T06:34:21.207+0000] {taskinstance.py:1283} INFO - 
--------------------------------------------------------------------------------
[2023-06-07T06:34:21.210+0000] {taskinstance.py:1284} INFO - Starting attempt 1 of 6
[2023-06-07T06:34:21.213+0000] {taskinstance.py:1285} INFO - 
--------------------------------------------------------------------------------
[2023-06-07T06:34:21.344+0000] {taskinstance.py:1304} INFO - Executing <Task(PythonOperator): greet> on 2022-01-10 00:00:00+00:00
[2023-06-07T06:34:21.368+0000] {standard_task_runner.py:55} INFO - Started process 1958 to run task
[2023-06-07T06:34:21.423+0000] {standard_task_runner.py:82} INFO - Running: ['***', 'tasks', 'run', 'our_dag_with_python_operator_v07', 'greet', 'scheduled__2022-01-10T00:00:00+00:00', '--job-id', '1564', '--raw', '--subdir', 'DAGS_FOLDER/dag_python_opr.py', '--cfg-path', '/tmp/tmpll3k3qld']
[2023-06-07T06:34:21.440+0000] {standard_task_runner.py:83} INFO - Job 1564: Subtask greet
[2023-06-07T06:34:22.167+0000] {task_command.py:389} INFO - Running <TaskInstance: our_dag_with_python_operator_v07.greet scheduled__2022-01-10T00:00:00+00:00 [running]> on host 026ed797f3b3
[2023-06-07T06:34:23.303+0000] {taskinstance.py:1513} INFO - Exporting the following env vars:
AIRFLOW_CTX_DAG_OWNER=coder2j
AIRFLOW_CTX_DAG_ID=our_dag_with_python_operator_v07
AIRFLOW_CTX_TASK_ID=greet
AIRFLOW_CTX_EXECUTION_DATE=2022-01-10T00:00:00+00:00
AIRFLOW_CTX_TRY_NUMBER=1
AIRFLOW_CTX_DAG_RUN_ID=scheduled__2022-01-10T00:00:00+00:00
[2023-06-07T06:34:23.308+0000] {logging_mixin.py:137} INFO - some dict:  {'a': 1, 'b': 2}
[2023-06-07T06:34:23.542+0000] {logging_mixin.py:137} INFO - Hello World! My name is Jerry Fridman, and I am 19 years old!
[2023-06-07T06:34:23.546+0000] {python.py:177} INFO - Done. Returned value was: None
[2023-06-07T06:34:23.612+0000] {taskinstance.py:1327} INFO - Marking task as SUCCESS. dag_id=our_dag_with_python_operator_v07, task_id=greet, execution_date=20220110T000000, start_date=20230607T063421, end_date=20230607T063423
[2023-06-07T06:34:23.873+0000] {local_task_job.py:159} INFO - Task exited with return code 0
[2023-06-07T06:34:24.034+0000] {taskinstance.py:2582} INFO - 0 downstream tasks scheduled from follow-on schedule check
