[2023-05-30T11:28:09.624+0000] {taskinstance.py:1087} INFO - Dependencies all met for <TaskInstance: our_first_dag_v5.first_task scheduled__2021-08-12T00:00:00+00:00 [queued]>
[2023-05-30T11:28:09.649+0000] {taskinstance.py:1087} INFO - Dependencies all met for <TaskInstance: our_first_dag_v5.first_task scheduled__2021-08-12T00:00:00+00:00 [queued]>
[2023-05-30T11:28:09.651+0000] {taskinstance.py:1283} INFO - 
--------------------------------------------------------------------------------
[2023-05-30T11:28:09.653+0000] {taskinstance.py:1284} INFO - Starting attempt 1 of 6
[2023-05-30T11:28:09.655+0000] {taskinstance.py:1285} INFO - 
--------------------------------------------------------------------------------
[2023-05-30T11:28:09.721+0000] {taskinstance.py:1304} INFO - Executing <Task(BashOperator): first_task> on 2021-08-12 00:00:00+00:00
[2023-05-30T11:28:09.733+0000] {standard_task_runner.py:55} INFO - Started process 1783 to run task
[2023-05-30T11:28:09.753+0000] {standard_task_runner.py:82} INFO - Running: ['***', 'tasks', 'run', 'our_first_dag_v5', 'first_task', 'scheduled__2021-08-12T00:00:00+00:00', '--job-id', '41', '--raw', '--subdir', 'DAGS_FOLDER/first_Dag.py', '--cfg-path', '/tmp/tmpyyuad_ec']
[2023-05-30T11:28:09.765+0000] {standard_task_runner.py:83} INFO - Job 41: Subtask first_task
[2023-05-30T11:28:09.969+0000] {task_command.py:389} INFO - Running <TaskInstance: our_first_dag_v5.first_task scheduled__2021-08-12T00:00:00+00:00 [running]> on host 49219f98c96e
[2023-05-30T11:28:10.141+0000] {taskinstance.py:1513} INFO - Exporting the following env vars:
AIRFLOW_CTX_DAG_OWNER=coder2j
AIRFLOW_CTX_DAG_ID=our_first_dag_v5
AIRFLOW_CTX_TASK_ID=first_task
AIRFLOW_CTX_EXECUTION_DATE=2021-08-12T00:00:00+00:00
AIRFLOW_CTX_TRY_NUMBER=1
AIRFLOW_CTX_DAG_RUN_ID=scheduled__2021-08-12T00:00:00+00:00
[2023-05-30T11:28:10.144+0000] {subprocess.py:63} INFO - Tmp dir root location: 
 /tmp
[2023-05-30T11:28:10.146+0000] {subprocess.py:75} INFO - Running command: ['/bin/bash', '-c', 'echo hello world, this is the first task!']
[2023-05-30T11:28:10.211+0000] {subprocess.py:86} INFO - Output:
[2023-05-30T11:28:10.218+0000] {subprocess.py:93} INFO - hello world, this is the first task!
[2023-05-30T11:28:10.220+0000] {subprocess.py:97} INFO - Command exited with return code 0
[2023-05-30T11:28:10.286+0000] {taskinstance.py:1327} INFO - Marking task as SUCCESS. dag_id=our_first_dag_v5, task_id=first_task, execution_date=20210812T000000, start_date=20230530T112809, end_date=20230530T112810
[2023-05-30T11:28:10.367+0000] {local_task_job.py:159} INFO - Task exited with return code 0
[2023-05-30T11:28:10.416+0000] {taskinstance.py:2582} INFO - 2 downstream tasks scheduled from follow-on schedule check
[2023-06-07T06:31:18.326+0000] {taskinstance.py:1087} INFO - Dependencies all met for <TaskInstance: our_first_dag_v5.first_task scheduled__2021-08-12T00:00:00+00:00 [queued]>
[2023-06-07T06:31:18.375+0000] {taskinstance.py:1087} INFO - Dependencies all met for <TaskInstance: our_first_dag_v5.first_task scheduled__2021-08-12T00:00:00+00:00 [queued]>
[2023-06-07T06:31:18.383+0000] {taskinstance.py:1283} INFO - 
--------------------------------------------------------------------------------
[2023-06-07T06:31:18.385+0000] {taskinstance.py:1284} INFO - Starting attempt 1 of 6
[2023-06-07T06:31:18.390+0000] {taskinstance.py:1285} INFO - 
--------------------------------------------------------------------------------
[2023-06-07T06:31:18.435+0000] {taskinstance.py:1304} INFO - Executing <Task(BashOperator): first_task> on 2021-08-12 00:00:00+00:00
[2023-06-07T06:31:18.447+0000] {standard_task_runner.py:55} INFO - Started process 589 to run task
[2023-06-07T06:31:18.474+0000] {standard_task_runner.py:82} INFO - Running: ['***', 'tasks', 'run', 'our_first_dag_v5', 'first_task', 'scheduled__2021-08-12T00:00:00+00:00', '--job-id', '1066', '--raw', '--subdir', 'DAGS_FOLDER/first_Dag.py', '--cfg-path', '/tmp/tmpppwliizd']
[2023-06-07T06:31:18.482+0000] {standard_task_runner.py:83} INFO - Job 1066: Subtask first_task
[2023-06-07T06:31:18.646+0000] {task_command.py:389} INFO - Running <TaskInstance: our_first_dag_v5.first_task scheduled__2021-08-12T00:00:00+00:00 [running]> on host 026ed797f3b3
[2023-06-07T06:31:18.832+0000] {taskinstance.py:1513} INFO - Exporting the following env vars:
AIRFLOW_CTX_DAG_OWNER=coder2j
AIRFLOW_CTX_DAG_ID=our_first_dag_v5
AIRFLOW_CTX_TASK_ID=first_task
AIRFLOW_CTX_EXECUTION_DATE=2021-08-12T00:00:00+00:00
AIRFLOW_CTX_TRY_NUMBER=1
AIRFLOW_CTX_DAG_RUN_ID=scheduled__2021-08-12T00:00:00+00:00
[2023-06-07T06:31:18.836+0000] {subprocess.py:63} INFO - Tmp dir root location: 
 /tmp
[2023-06-07T06:31:18.840+0000] {subprocess.py:75} INFO - Running command: ['/bin/bash', '-c', 'echo hello world, this is the first task!']
[2023-06-07T06:31:18.861+0000] {subprocess.py:86} INFO - Output:
[2023-06-07T06:31:18.864+0000] {subprocess.py:93} INFO - hello world, this is the first task!
[2023-06-07T06:31:18.867+0000] {subprocess.py:97} INFO - Command exited with return code 0
[2023-06-07T06:31:18.914+0000] {taskinstance.py:1327} INFO - Marking task as SUCCESS. dag_id=our_first_dag_v5, task_id=first_task, execution_date=20210812T000000, start_date=20230607T063118, end_date=20230607T063118
[2023-06-07T06:31:18.977+0000] {local_task_job.py:159} INFO - Task exited with return code 0
[2023-06-07T06:31:19.065+0000] {taskinstance.py:2582} INFO - 0 downstream tasks scheduled from follow-on schedule check
