[2023-06-07T06:31:16.867+0000] {taskinstance.py:1087} INFO - Dependencies all met for <TaskInstance: our_first_dag_v5.second_task manual__2023-06-07T06:30:54.401715+00:00 [queued]>
[2023-06-07T06:31:16.964+0000] {taskinstance.py:1087} INFO - Dependencies all met for <TaskInstance: our_first_dag_v5.second_task manual__2023-06-07T06:30:54.401715+00:00 [queued]>
[2023-06-07T06:31:16.966+0000] {taskinstance.py:1283} INFO - 
--------------------------------------------------------------------------------
[2023-06-07T06:31:16.968+0000] {taskinstance.py:1284} INFO - Starting attempt 1 of 6
[2023-06-07T06:31:16.969+0000] {taskinstance.py:1285} INFO - 
--------------------------------------------------------------------------------
[2023-06-07T06:31:17.211+0000] {taskinstance.py:1304} INFO - Executing <Task(BashOperator): second_task> on 2023-06-07 06:30:54.401715+00:00
[2023-06-07T06:31:17.277+0000] {standard_task_runner.py:55} INFO - Started process 580 to run task
[2023-06-07T06:31:17.323+0000] {standard_task_runner.py:82} INFO - Running: ['***', 'tasks', 'run', 'our_first_dag_v5', 'second_task', 'manual__2023-06-07T06:30:54.401715+00:00', '--job-id', '1060', '--raw', '--subdir', 'DAGS_FOLDER/first_Dag.py', '--cfg-path', '/tmp/tmp99xa76ee']
[2023-06-07T06:31:17.328+0000] {standard_task_runner.py:83} INFO - Job 1060: Subtask second_task
[2023-06-07T06:31:17.677+0000] {task_command.py:389} INFO - Running <TaskInstance: our_first_dag_v5.second_task manual__2023-06-07T06:30:54.401715+00:00 [running]> on host 026ed797f3b3
[2023-06-07T06:31:18.015+0000] {taskinstance.py:1513} INFO - Exporting the following env vars:
AIRFLOW_CTX_DAG_OWNER=coder2j
AIRFLOW_CTX_DAG_ID=our_first_dag_v5
AIRFLOW_CTX_TASK_ID=second_task
AIRFLOW_CTX_EXECUTION_DATE=2023-06-07T06:30:54.401715+00:00
AIRFLOW_CTX_TRY_NUMBER=1
AIRFLOW_CTX_DAG_RUN_ID=manual__2023-06-07T06:30:54.401715+00:00
[2023-06-07T06:31:18.031+0000] {subprocess.py:63} INFO - Tmp dir root location: 
 /tmp
[2023-06-07T06:31:18.038+0000] {subprocess.py:75} INFO - Running command: ['/bin/bash', '-c', 'echo hey, I am task2 and will be running after task1!']
[2023-06-07T06:31:18.107+0000] {subprocess.py:86} INFO - Output:
[2023-06-07T06:31:18.114+0000] {subprocess.py:93} INFO - hey, I am task2 and will be running after task1!
[2023-06-07T06:31:18.117+0000] {subprocess.py:97} INFO - Command exited with return code 0
[2023-06-07T06:31:18.199+0000] {taskinstance.py:1327} INFO - Marking task as SUCCESS. dag_id=our_first_dag_v5, task_id=second_task, execution_date=20230607T063054, start_date=20230607T063116, end_date=20230607T063118
[2023-06-07T06:31:18.277+0000] {local_task_job.py:159} INFO - Task exited with return code 0
[2023-06-07T06:31:18.329+0000] {taskinstance.py:2582} INFO - 0 downstream tasks scheduled from follow-on schedule check
