[2023-05-30T11:28:01.743+0000] {taskinstance.py:1087} INFO - Dependencies all met for <TaskInstance: our_first_dag_v5.first_task scheduled__2021-08-07T00:00:00+00:00 [queued]>
[2023-05-30T11:28:01.847+0000] {taskinstance.py:1087} INFO - Dependencies all met for <TaskInstance: our_first_dag_v5.first_task scheduled__2021-08-07T00:00:00+00:00 [queued]>
[2023-05-30T11:28:01.853+0000] {taskinstance.py:1283} INFO - 
--------------------------------------------------------------------------------
[2023-05-30T11:28:01.855+0000] {taskinstance.py:1284} INFO - Starting attempt 1 of 6
[2023-05-30T11:28:01.857+0000] {taskinstance.py:1285} INFO - 
--------------------------------------------------------------------------------
[2023-05-30T11:28:02.048+0000] {taskinstance.py:1304} INFO - Executing <Task(BashOperator): first_task> on 2021-08-07 00:00:00+00:00
[2023-05-30T11:28:02.089+0000] {standard_task_runner.py:55} INFO - Started process 1727 to run task
[2023-05-30T11:28:02.122+0000] {standard_task_runner.py:82} INFO - Running: ['***', 'tasks', 'run', 'our_first_dag_v5', 'first_task', 'scheduled__2021-08-07T00:00:00+00:00', '--job-id', '20', '--raw', '--subdir', 'DAGS_FOLDER/first_Dag.py', '--cfg-path', '/tmp/tmphdlzez7r']
[2023-05-30T11:28:02.124+0000] {standard_task_runner.py:83} INFO - Job 20: Subtask first_task
[2023-05-30T11:28:02.535+0000] {task_command.py:389} INFO - Running <TaskInstance: our_first_dag_v5.first_task scheduled__2021-08-07T00:00:00+00:00 [running]> on host 49219f98c96e
[2023-05-30T11:28:02.911+0000] {taskinstance.py:1513} INFO - Exporting the following env vars:
AIRFLOW_CTX_DAG_OWNER=coder2j
AIRFLOW_CTX_DAG_ID=our_first_dag_v5
AIRFLOW_CTX_TASK_ID=first_task
AIRFLOW_CTX_EXECUTION_DATE=2021-08-07T00:00:00+00:00
AIRFLOW_CTX_TRY_NUMBER=1
AIRFLOW_CTX_DAG_RUN_ID=scheduled__2021-08-07T00:00:00+00:00
[2023-05-30T11:28:02.914+0000] {subprocess.py:63} INFO - Tmp dir root location: 
 /tmp
[2023-05-30T11:28:02.917+0000] {subprocess.py:75} INFO - Running command: ['/bin/bash', '-c', 'echo hello world, this is the first task!']
[2023-05-30T11:28:03.017+0000] {subprocess.py:86} INFO - Output:
[2023-05-30T11:28:03.023+0000] {subprocess.py:93} INFO - hello world, this is the first task!
[2023-05-30T11:28:03.032+0000] {subprocess.py:97} INFO - Command exited with return code 0
[2023-05-30T11:28:03.103+0000] {taskinstance.py:1327} INFO - Marking task as SUCCESS. dag_id=our_first_dag_v5, task_id=first_task, execution_date=20210807T000000, start_date=20230530T112801, end_date=20230530T112803
[2023-05-30T11:28:03.234+0000] {local_task_job.py:159} INFO - Task exited with return code 0
[2023-05-30T11:28:03.311+0000] {taskinstance.py:2582} INFO - 2 downstream tasks scheduled from follow-on schedule check
[2023-06-07T06:30:53.999+0000] {taskinstance.py:1087} INFO - Dependencies all met for <TaskInstance: our_first_dag_v5.first_task scheduled__2021-08-07T00:00:00+00:00 [queued]>
[2023-06-07T06:30:54.131+0000] {taskinstance.py:1087} INFO - Dependencies all met for <TaskInstance: our_first_dag_v5.first_task scheduled__2021-08-07T00:00:00+00:00 [queued]>
[2023-06-07T06:30:54.145+0000] {taskinstance.py:1283} INFO - 
--------------------------------------------------------------------------------
[2023-06-07T06:30:54.147+0000] {taskinstance.py:1284} INFO - Starting attempt 1 of 6
[2023-06-07T06:30:54.148+0000] {taskinstance.py:1285} INFO - 
--------------------------------------------------------------------------------
[2023-06-07T06:30:54.273+0000] {taskinstance.py:1304} INFO - Executing <Task(BashOperator): first_task> on 2021-08-07 00:00:00+00:00
[2023-06-07T06:30:54.297+0000] {standard_task_runner.py:55} INFO - Started process 436 to run task
[2023-06-07T06:30:54.332+0000] {standard_task_runner.py:82} INFO - Running: ['***', 'tasks', 'run', 'our_first_dag_v5', 'first_task', 'scheduled__2021-08-07T00:00:00+00:00', '--job-id', '1003', '--raw', '--subdir', 'DAGS_FOLDER/first_Dag.py', '--cfg-path', '/tmp/tmp7j0fakyb']
[2023-06-07T06:30:54.337+0000] {standard_task_runner.py:83} INFO - Job 1003: Subtask first_task
[2023-06-07T06:30:54.977+0000] {task_command.py:389} INFO - Running <TaskInstance: our_first_dag_v5.first_task scheduled__2021-08-07T00:00:00+00:00 [running]> on host 026ed797f3b3
[2023-06-07T06:30:56.261+0000] {taskinstance.py:1513} INFO - Exporting the following env vars:
AIRFLOW_CTX_DAG_OWNER=coder2j
AIRFLOW_CTX_DAG_ID=our_first_dag_v5
AIRFLOW_CTX_TASK_ID=first_task
AIRFLOW_CTX_EXECUTION_DATE=2021-08-07T00:00:00+00:00
AIRFLOW_CTX_TRY_NUMBER=1
AIRFLOW_CTX_DAG_RUN_ID=scheduled__2021-08-07T00:00:00+00:00
[2023-06-07T06:30:56.271+0000] {subprocess.py:63} INFO - Tmp dir root location: 
 /tmp
[2023-06-07T06:30:56.294+0000] {subprocess.py:75} INFO - Running command: ['/bin/bash', '-c', 'echo hello world, this is the first task!']
[2023-06-07T06:30:56.369+0000] {subprocess.py:86} INFO - Output:
[2023-06-07T06:30:56.374+0000] {subprocess.py:93} INFO - hello world, this is the first task!
[2023-06-07T06:30:56.378+0000] {subprocess.py:97} INFO - Command exited with return code 0
[2023-06-07T06:30:56.580+0000] {taskinstance.py:1327} INFO - Marking task as SUCCESS. dag_id=our_first_dag_v5, task_id=first_task, execution_date=20210807T000000, start_date=20230607T063054, end_date=20230607T063056
[2023-06-07T06:30:56.783+0000] {local_task_job.py:159} INFO - Task exited with return code 0
[2023-06-07T06:30:56.859+0000] {taskinstance.py:2582} INFO - 2 downstream tasks scheduled from follow-on schedule check
