[2023-05-30T11:31:45.243+0000] {taskinstance.py:1087} INFO - Dependencies all met for <TaskInstance: our_first_dag_v5.first_task scheduled__2022-02-28T00:00:00+00:00 [queued]>
[2023-05-30T11:31:45.279+0000] {taskinstance.py:1087} INFO - Dependencies all met for <TaskInstance: our_first_dag_v5.first_task scheduled__2022-02-28T00:00:00+00:00 [queued]>
[2023-05-30T11:31:45.283+0000] {taskinstance.py:1283} INFO - 
--------------------------------------------------------------------------------
[2023-05-30T11:31:45.287+0000] {taskinstance.py:1284} INFO - Starting attempt 1 of 6
[2023-05-30T11:31:45.289+0000] {taskinstance.py:1285} INFO - 
--------------------------------------------------------------------------------
[2023-05-30T11:31:45.398+0000] {taskinstance.py:1304} INFO - Executing <Task(BashOperator): first_task> on 2022-02-28 00:00:00+00:00
[2023-05-30T11:31:45.408+0000] {standard_task_runner.py:55} INFO - Started process 3786 to run task
[2023-05-30T11:31:45.422+0000] {standard_task_runner.py:82} INFO - Running: ['***', 'tasks', 'run', 'our_first_dag_v5', 'first_task', 'scheduled__2022-02-28T00:00:00+00:00', '--job-id', '639', '--raw', '--subdir', 'DAGS_FOLDER/first_Dag.py', '--cfg-path', '/tmp/tmp5gbqysq8']
[2023-05-30T11:31:45.424+0000] {standard_task_runner.py:83} INFO - Job 639: Subtask first_task
[2023-05-30T11:31:45.615+0000] {task_command.py:389} INFO - Running <TaskInstance: our_first_dag_v5.first_task scheduled__2022-02-28T00:00:00+00:00 [running]> on host 49219f98c96e
[2023-05-30T11:31:45.807+0000] {taskinstance.py:1513} INFO - Exporting the following env vars:
AIRFLOW_CTX_DAG_OWNER=coder2j
AIRFLOW_CTX_DAG_ID=our_first_dag_v5
AIRFLOW_CTX_TASK_ID=first_task
AIRFLOW_CTX_EXECUTION_DATE=2022-02-28T00:00:00+00:00
AIRFLOW_CTX_TRY_NUMBER=1
AIRFLOW_CTX_DAG_RUN_ID=scheduled__2022-02-28T00:00:00+00:00
[2023-05-30T11:31:45.811+0000] {subprocess.py:63} INFO - Tmp dir root location: 
 /tmp
[2023-05-30T11:31:45.814+0000] {subprocess.py:75} INFO - Running command: ['/bin/bash', '-c', 'echo hello world, this is the first task!']
[2023-05-30T11:31:45.866+0000] {subprocess.py:86} INFO - Output:
[2023-05-30T11:31:45.871+0000] {subprocess.py:93} INFO - hello world, this is the first task!
[2023-05-30T11:31:45.874+0000] {subprocess.py:97} INFO - Command exited with return code 0
[2023-05-30T11:31:45.937+0000] {taskinstance.py:1327} INFO - Marking task as SUCCESS. dag_id=our_first_dag_v5, task_id=first_task, execution_date=20220228T000000, start_date=20230530T113145, end_date=20230530T113145
[2023-05-30T11:31:45.995+0000] {local_task_job.py:159} INFO - Task exited with return code 0
[2023-05-30T11:31:46.031+0000] {taskinstance.py:2582} INFO - 2 downstream tasks scheduled from follow-on schedule check
[2023-06-07T06:39:32.038+0000] {taskinstance.py:1087} INFO - Dependencies all met for <TaskInstance: our_first_dag_v5.first_task scheduled__2022-02-28T00:00:00+00:00 [queued]>
[2023-06-07T06:39:32.395+0000] {taskinstance.py:1087} INFO - Dependencies all met for <TaskInstance: our_first_dag_v5.first_task scheduled__2022-02-28T00:00:00+00:00 [queued]>
[2023-06-07T06:39:32.421+0000] {taskinstance.py:1283} INFO - 
--------------------------------------------------------------------------------
[2023-06-07T06:39:32.440+0000] {taskinstance.py:1284} INFO - Starting attempt 1 of 6
[2023-06-07T06:39:32.454+0000] {taskinstance.py:1285} INFO - 
--------------------------------------------------------------------------------
[2023-06-07T06:39:32.640+0000] {taskinstance.py:1304} INFO - Executing <Task(BashOperator): first_task> on 2022-02-28 00:00:00+00:00
[2023-06-07T06:39:32.728+0000] {standard_task_runner.py:55} INFO - Started process 3952 to run task
[2023-06-07T06:39:32.767+0000] {standard_task_runner.py:82} INFO - Running: ['***', 'tasks', 'run', 'our_first_dag_v5', 'first_task', 'scheduled__2022-02-28T00:00:00+00:00', '--job-id', '2277', '--raw', '--subdir', 'DAGS_FOLDER/first_Dag.py', '--cfg-path', '/tmp/tmphsbjnfqo']
[2023-06-07T06:39:32.776+0000] {standard_task_runner.py:83} INFO - Job 2277: Subtask first_task
[2023-06-07T06:39:33.444+0000] {task_command.py:389} INFO - Running <TaskInstance: our_first_dag_v5.first_task scheduled__2022-02-28T00:00:00+00:00 [running]> on host 026ed797f3b3
[2023-06-07T06:39:34.119+0000] {taskinstance.py:1513} INFO - Exporting the following env vars:
AIRFLOW_CTX_DAG_OWNER=coder2j
AIRFLOW_CTX_DAG_ID=our_first_dag_v5
AIRFLOW_CTX_TASK_ID=first_task
AIRFLOW_CTX_EXECUTION_DATE=2022-02-28T00:00:00+00:00
AIRFLOW_CTX_TRY_NUMBER=1
AIRFLOW_CTX_DAG_RUN_ID=scheduled__2022-02-28T00:00:00+00:00
[2023-06-07T06:39:34.127+0000] {subprocess.py:63} INFO - Tmp dir root location: 
 /tmp
[2023-06-07T06:39:34.131+0000] {subprocess.py:75} INFO - Running command: ['/bin/bash', '-c', 'echo hello world, this is the first task!']
[2023-06-07T06:39:34.235+0000] {subprocess.py:86} INFO - Output:
[2023-06-07T06:39:34.293+0000] {subprocess.py:93} INFO - hello world, this is the first task!
[2023-06-07T06:39:34.303+0000] {subprocess.py:97} INFO - Command exited with return code 0
[2023-06-07T06:39:34.593+0000] {taskinstance.py:1327} INFO - Marking task as SUCCESS. dag_id=our_first_dag_v5, task_id=first_task, execution_date=20220228T000000, start_date=20230607T063932, end_date=20230607T063934
[2023-06-07T06:39:34.786+0000] {local_task_job.py:159} INFO - Task exited with return code 0
[2023-06-07T06:39:35.130+0000] {taskinstance.py:2582} INFO - 2 downstream tasks scheduled from follow-on schedule check
