[2023-05-30T11:31:11.218+0000] {taskinstance.py:1087} INFO - Dependencies all met for <TaskInstance: our_first_dag_v5.second_task scheduled__2022-01-28T00:00:00+00:00 [queued]>
[2023-05-30T11:31:11.236+0000] {taskinstance.py:1087} INFO - Dependencies all met for <TaskInstance: our_first_dag_v5.second_task scheduled__2022-01-28T00:00:00+00:00 [queued]>
[2023-05-30T11:31:11.237+0000] {taskinstance.py:1283} INFO - 
--------------------------------------------------------------------------------
[2023-05-30T11:31:11.238+0000] {taskinstance.py:1284} INFO - Starting attempt 1 of 6
[2023-05-30T11:31:11.239+0000] {taskinstance.py:1285} INFO - 
--------------------------------------------------------------------------------
[2023-05-30T11:31:11.266+0000] {taskinstance.py:1304} INFO - Executing <Task(BashOperator): second_task> on 2022-01-28 00:00:00+00:00
[2023-05-30T11:31:11.279+0000] {standard_task_runner.py:55} INFO - Started process 3505 to run task
[2023-05-30T11:31:11.292+0000] {standard_task_runner.py:82} INFO - Running: ['***', 'tasks', 'run', 'our_first_dag_v5', 'second_task', 'scheduled__2022-01-28T00:00:00+00:00', '--job-id', '554', '--raw', '--subdir', 'DAGS_FOLDER/first_Dag.py', '--cfg-path', '/tmp/tmptbisuwws']
[2023-05-30T11:31:11.294+0000] {standard_task_runner.py:83} INFO - Job 554: Subtask second_task
[2023-05-30T11:31:11.456+0000] {task_command.py:389} INFO - Running <TaskInstance: our_first_dag_v5.second_task scheduled__2022-01-28T00:00:00+00:00 [running]> on host 49219f98c96e
[2023-05-30T11:31:11.588+0000] {taskinstance.py:1513} INFO - Exporting the following env vars:
AIRFLOW_CTX_DAG_OWNER=coder2j
AIRFLOW_CTX_DAG_ID=our_first_dag_v5
AIRFLOW_CTX_TASK_ID=second_task
AIRFLOW_CTX_EXECUTION_DATE=2022-01-28T00:00:00+00:00
AIRFLOW_CTX_TRY_NUMBER=1
AIRFLOW_CTX_DAG_RUN_ID=scheduled__2022-01-28T00:00:00+00:00
[2023-05-30T11:31:11.593+0000] {subprocess.py:63} INFO - Tmp dir root location: 
 /tmp
[2023-05-30T11:31:11.597+0000] {subprocess.py:75} INFO - Running command: ['/bin/bash', '-c', 'echo hey, I am task2 and will be running after task1!']
[2023-05-30T11:31:11.624+0000] {subprocess.py:86} INFO - Output:
[2023-05-30T11:31:11.628+0000] {subprocess.py:93} INFO - hey, I am task2 and will be running after task1!
[2023-05-30T11:31:11.629+0000] {subprocess.py:97} INFO - Command exited with return code 0
[2023-05-30T11:31:11.694+0000] {taskinstance.py:1327} INFO - Marking task as SUCCESS. dag_id=our_first_dag_v5, task_id=second_task, execution_date=20220128T000000, start_date=20230530T113111, end_date=20230530T113111
[2023-05-30T11:31:11.877+0000] {local_task_job.py:159} INFO - Task exited with return code 0
[2023-05-30T11:31:11.931+0000] {taskinstance.py:2582} INFO - 0 downstream tasks scheduled from follow-on schedule check
[2023-06-07T06:38:17.343+0000] {taskinstance.py:1087} INFO - Dependencies all met for <TaskInstance: our_first_dag_v5.second_task scheduled__2022-01-28T00:00:00+00:00 [queued]>
[2023-06-07T06:38:17.502+0000] {taskinstance.py:1087} INFO - Dependencies all met for <TaskInstance: our_first_dag_v5.second_task scheduled__2022-01-28T00:00:00+00:00 [queued]>
[2023-06-07T06:38:17.507+0000] {taskinstance.py:1283} INFO - 
--------------------------------------------------------------------------------
[2023-06-07T06:38:17.512+0000] {taskinstance.py:1284} INFO - Starting attempt 1 of 6
[2023-06-07T06:38:17.516+0000] {taskinstance.py:1285} INFO - 
--------------------------------------------------------------------------------
[2023-06-07T06:38:17.621+0000] {taskinstance.py:1304} INFO - Executing <Task(BashOperator): second_task> on 2022-01-28 00:00:00+00:00
[2023-06-07T06:38:17.679+0000] {standard_task_runner.py:55} INFO - Started process 3475 to run task
[2023-06-07T06:38:17.715+0000] {standard_task_runner.py:82} INFO - Running: ['***', 'tasks', 'run', 'our_first_dag_v5', 'second_task', 'scheduled__2022-01-28T00:00:00+00:00', '--job-id', '2108', '--raw', '--subdir', 'DAGS_FOLDER/first_Dag.py', '--cfg-path', '/tmp/tmp2pqt1sdv']
[2023-06-07T06:38:17.728+0000] {standard_task_runner.py:83} INFO - Job 2108: Subtask second_task
[2023-06-07T06:38:18.358+0000] {task_command.py:389} INFO - Running <TaskInstance: our_first_dag_v5.second_task scheduled__2022-01-28T00:00:00+00:00 [running]> on host 026ed797f3b3
[2023-06-07T06:38:19.197+0000] {taskinstance.py:1513} INFO - Exporting the following env vars:
AIRFLOW_CTX_DAG_OWNER=coder2j
AIRFLOW_CTX_DAG_ID=our_first_dag_v5
AIRFLOW_CTX_TASK_ID=second_task
AIRFLOW_CTX_EXECUTION_DATE=2022-01-28T00:00:00+00:00
AIRFLOW_CTX_TRY_NUMBER=1
AIRFLOW_CTX_DAG_RUN_ID=scheduled__2022-01-28T00:00:00+00:00
[2023-06-07T06:38:19.201+0000] {subprocess.py:63} INFO - Tmp dir root location: 
 /tmp
[2023-06-07T06:38:19.211+0000] {subprocess.py:75} INFO - Running command: ['/bin/bash', '-c', 'echo hey, I am task2 and will be running after task1!']
[2023-06-07T06:38:19.402+0000] {subprocess.py:86} INFO - Output:
[2023-06-07T06:38:19.440+0000] {subprocess.py:93} INFO - hey, I am task2 and will be running after task1!
[2023-06-07T06:38:19.457+0000] {subprocess.py:97} INFO - Command exited with return code 0
[2023-06-07T06:38:19.771+0000] {taskinstance.py:1327} INFO - Marking task as SUCCESS. dag_id=our_first_dag_v5, task_id=second_task, execution_date=20220128T000000, start_date=20230607T063817, end_date=20230607T063819
[2023-06-07T06:38:20.404+0000] {local_task_job.py:159} INFO - Task exited with return code 0
[2023-06-07T06:38:20.510+0000] {taskinstance.py:2582} INFO - 0 downstream tasks scheduled from follow-on schedule check
