[2023-05-30T11:36:43.802+0000] {taskinstance.py:1087} INFO - Dependencies all met for <TaskInstance: our_dag_with_python_operator_v07.get_age scheduled__2021-10-27T00:00:00+00:00 [queued]>
[2023-05-30T11:36:43.860+0000] {taskinstance.py:1087} INFO - Dependencies all met for <TaskInstance: our_dag_with_python_operator_v07.get_age scheduled__2021-10-27T00:00:00+00:00 [queued]>
[2023-05-30T11:36:43.865+0000] {taskinstance.py:1283} INFO - 
--------------------------------------------------------------------------------
[2023-05-30T11:36:43.867+0000] {taskinstance.py:1284} INFO - Starting attempt 1 of 6
[2023-05-30T11:36:43.869+0000] {taskinstance.py:1285} INFO - 
--------------------------------------------------------------------------------
[2023-05-30T11:36:43.960+0000] {taskinstance.py:1304} INFO - Executing <Task(PythonOperator): get_age> on 2021-10-27 00:00:00+00:00
[2023-05-30T11:36:43.981+0000] {standard_task_runner.py:55} INFO - Started process 5643 to run task
[2023-05-30T11:36:44.010+0000] {standard_task_runner.py:82} INFO - Running: ['***', 'tasks', 'run', 'our_dag_with_python_operator_v07', 'get_age', 'scheduled__2021-10-27T00:00:00+00:00', '--job-id', '1179', '--raw', '--subdir', 'DAGS_FOLDER/dag_python_opr.py', '--cfg-path', '/tmp/tmpr0i7apsw']
[2023-05-30T11:36:44.012+0000] {standard_task_runner.py:83} INFO - Job 1179: Subtask get_age
[2023-05-30T11:36:44.183+0000] {task_command.py:389} INFO - Running <TaskInstance: our_dag_with_python_operator_v07.get_age scheduled__2021-10-27T00:00:00+00:00 [running]> on host 49219f98c96e
[2023-05-30T11:36:44.417+0000] {taskinstance.py:1513} INFO - Exporting the following env vars:
AIRFLOW_CTX_DAG_OWNER=coder2j
AIRFLOW_CTX_DAG_ID=our_dag_with_python_operator_v07
AIRFLOW_CTX_TASK_ID=get_age
AIRFLOW_CTX_EXECUTION_DATE=2021-10-27T00:00:00+00:00
AIRFLOW_CTX_TRY_NUMBER=1
AIRFLOW_CTX_DAG_RUN_ID=scheduled__2021-10-27T00:00:00+00:00
[2023-05-30T11:36:44.462+0000] {python.py:177} INFO - Done. Returned value was: None
[2023-05-30T11:36:44.487+0000] {taskinstance.py:1327} INFO - Marking task as SUCCESS. dag_id=our_dag_with_python_operator_v07, task_id=get_age, execution_date=20211027T000000, start_date=20230530T113643, end_date=20230530T113644
[2023-05-30T11:36:44.549+0000] {local_task_job.py:159} INFO - Task exited with return code 0
[2023-05-30T11:36:44.701+0000] {taskinstance.py:2582} INFO - 1 downstream tasks scheduled from follow-on schedule check
[2023-06-07T06:31:36.851+0000] {taskinstance.py:1087} INFO - Dependencies all met for <TaskInstance: our_dag_with_python_operator_v07.get_age scheduled__2021-10-27T00:00:00+00:00 [queued]>
[2023-06-07T06:31:36.931+0000] {taskinstance.py:1087} INFO - Dependencies all met for <TaskInstance: our_dag_with_python_operator_v07.get_age scheduled__2021-10-27T00:00:00+00:00 [queued]>
[2023-06-07T06:31:36.935+0000] {taskinstance.py:1283} INFO - 
--------------------------------------------------------------------------------
[2023-06-07T06:31:36.940+0000] {taskinstance.py:1284} INFO - Starting attempt 1 of 6
[2023-06-07T06:31:36.941+0000] {taskinstance.py:1285} INFO - 
--------------------------------------------------------------------------------
[2023-06-07T06:31:37.103+0000] {taskinstance.py:1304} INFO - Executing <Task(PythonOperator): get_age> on 2021-10-27 00:00:00+00:00
[2023-06-07T06:31:37.141+0000] {standard_task_runner.py:55} INFO - Started process 750 to run task
[2023-06-07T06:31:37.207+0000] {standard_task_runner.py:82} INFO - Running: ['***', 'tasks', 'run', 'our_dag_with_python_operator_v07', 'get_age', 'scheduled__2021-10-27T00:00:00+00:00', '--job-id', '1121', '--raw', '--subdir', 'DAGS_FOLDER/dag_python_opr.py', '--cfg-path', '/tmp/tmpn3wk9uor']
[2023-06-07T06:31:37.216+0000] {standard_task_runner.py:83} INFO - Job 1121: Subtask get_age
[2023-06-07T06:31:37.640+0000] {task_command.py:389} INFO - Running <TaskInstance: our_dag_with_python_operator_v07.get_age scheduled__2021-10-27T00:00:00+00:00 [running]> on host 026ed797f3b3
[2023-06-07T06:31:38.167+0000] {taskinstance.py:1513} INFO - Exporting the following env vars:
AIRFLOW_CTX_DAG_OWNER=coder2j
AIRFLOW_CTX_DAG_ID=our_dag_with_python_operator_v07
AIRFLOW_CTX_TASK_ID=get_age
AIRFLOW_CTX_EXECUTION_DATE=2021-10-27T00:00:00+00:00
AIRFLOW_CTX_TRY_NUMBER=1
AIRFLOW_CTX_DAG_RUN_ID=scheduled__2021-10-27T00:00:00+00:00
[2023-06-07T06:31:38.297+0000] {python.py:177} INFO - Done. Returned value was: None
[2023-06-07T06:31:38.378+0000] {taskinstance.py:1327} INFO - Marking task as SUCCESS. dag_id=our_dag_with_python_operator_v07, task_id=get_age, execution_date=20211027T000000, start_date=20230607T063136, end_date=20230607T063138
[2023-06-07T06:31:38.565+0000] {local_task_job.py:159} INFO - Task exited with return code 0
[2023-06-07T06:31:38.685+0000] {taskinstance.py:2582} INFO - 1 downstream tasks scheduled from follow-on schedule check
