[2023-05-30T11:36:45.902+0000] {taskinstance.py:1087} INFO - Dependencies all met for <TaskInstance: our_dag_with_python_operator_v07.greet scheduled__2021-10-26T00:00:00+00:00 [queued]>
[2023-05-30T11:36:45.959+0000] {taskinstance.py:1087} INFO - Dependencies all met for <TaskInstance: our_dag_with_python_operator_v07.greet scheduled__2021-10-26T00:00:00+00:00 [queued]>
[2023-05-30T11:36:45.961+0000] {taskinstance.py:1283} INFO - 
--------------------------------------------------------------------------------
[2023-05-30T11:36:45.962+0000] {taskinstance.py:1284} INFO - Starting attempt 1 of 6
[2023-05-30T11:36:45.963+0000] {taskinstance.py:1285} INFO - 
--------------------------------------------------------------------------------
[2023-05-30T11:36:46.035+0000] {taskinstance.py:1304} INFO - Executing <Task(PythonOperator): greet> on 2021-10-26 00:00:00+00:00
[2023-05-30T11:36:46.058+0000] {standard_task_runner.py:55} INFO - Started process 5661 to run task
[2023-05-30T11:36:46.081+0000] {standard_task_runner.py:82} INFO - Running: ['***', 'tasks', 'run', 'our_dag_with_python_operator_v07', 'greet', 'scheduled__2021-10-26T00:00:00+00:00', '--job-id', '1184', '--raw', '--subdir', 'DAGS_FOLDER/dag_python_opr.py', '--cfg-path', '/tmp/tmpfwgraee2']
[2023-05-30T11:36:46.091+0000] {standard_task_runner.py:83} INFO - Job 1184: Subtask greet
[2023-05-30T11:36:46.398+0000] {task_command.py:389} INFO - Running <TaskInstance: our_dag_with_python_operator_v07.greet scheduled__2021-10-26T00:00:00+00:00 [running]> on host 49219f98c96e
[2023-05-30T11:36:46.728+0000] {taskinstance.py:1513} INFO - Exporting the following env vars:
AIRFLOW_CTX_DAG_OWNER=coder2j
AIRFLOW_CTX_DAG_ID=our_dag_with_python_operator_v07
AIRFLOW_CTX_TASK_ID=greet
AIRFLOW_CTX_EXECUTION_DATE=2021-10-26T00:00:00+00:00
AIRFLOW_CTX_TRY_NUMBER=1
AIRFLOW_CTX_DAG_RUN_ID=scheduled__2021-10-26T00:00:00+00:00
[2023-05-30T11:36:46.731+0000] {logging_mixin.py:137} INFO - some dict:  {'a': 1, 'b': 2}
[2023-05-30T11:36:46.816+0000] {logging_mixin.py:137} INFO - Hello World! My name is Jerry Fridman, and I am 19 years old!
[2023-05-30T11:36:46.817+0000] {python.py:177} INFO - Done. Returned value was: None
[2023-05-30T11:36:46.840+0000] {taskinstance.py:1327} INFO - Marking task as SUCCESS. dag_id=our_dag_with_python_operator_v07, task_id=greet, execution_date=20211026T000000, start_date=20230530T113645, end_date=20230530T113646
[2023-05-30T11:36:46.973+0000] {local_task_job.py:159} INFO - Task exited with return code 0
[2023-05-30T11:36:47.009+0000] {taskinstance.py:2582} INFO - 0 downstream tasks scheduled from follow-on schedule check
[2023-06-07T06:31:39.353+0000] {taskinstance.py:1087} INFO - Dependencies all met for <TaskInstance: our_dag_with_python_operator_v07.greet scheduled__2021-10-26T00:00:00+00:00 [queued]>
[2023-06-07T06:31:39.393+0000] {taskinstance.py:1087} INFO - Dependencies all met for <TaskInstance: our_dag_with_python_operator_v07.greet scheduled__2021-10-26T00:00:00+00:00 [queued]>
[2023-06-07T06:31:39.395+0000] {taskinstance.py:1283} INFO - 
--------------------------------------------------------------------------------
[2023-06-07T06:31:39.400+0000] {taskinstance.py:1284} INFO - Starting attempt 1 of 6
[2023-06-07T06:31:39.403+0000] {taskinstance.py:1285} INFO - 
--------------------------------------------------------------------------------
[2023-06-07T06:31:39.518+0000] {taskinstance.py:1304} INFO - Executing <Task(PythonOperator): greet> on 2021-10-26 00:00:00+00:00
[2023-06-07T06:31:39.537+0000] {standard_task_runner.py:55} INFO - Started process 772 to run task
[2023-06-07T06:31:39.568+0000] {standard_task_runner.py:82} INFO - Running: ['***', 'tasks', 'run', 'our_dag_with_python_operator_v07', 'greet', 'scheduled__2021-10-26T00:00:00+00:00', '--job-id', '1128', '--raw', '--subdir', 'DAGS_FOLDER/dag_python_opr.py', '--cfg-path', '/tmp/tmpkxhfs81o']
[2023-06-07T06:31:39.571+0000] {standard_task_runner.py:83} INFO - Job 1128: Subtask greet
[2023-06-07T06:31:40.167+0000] {task_command.py:389} INFO - Running <TaskInstance: our_dag_with_python_operator_v07.greet scheduled__2021-10-26T00:00:00+00:00 [running]> on host 026ed797f3b3
[2023-06-07T06:31:40.607+0000] {taskinstance.py:1513} INFO - Exporting the following env vars:
AIRFLOW_CTX_DAG_OWNER=coder2j
AIRFLOW_CTX_DAG_ID=our_dag_with_python_operator_v07
AIRFLOW_CTX_TASK_ID=greet
AIRFLOW_CTX_EXECUTION_DATE=2021-10-26T00:00:00+00:00
AIRFLOW_CTX_TRY_NUMBER=1
AIRFLOW_CTX_DAG_RUN_ID=scheduled__2021-10-26T00:00:00+00:00
[2023-06-07T06:31:40.624+0000] {logging_mixin.py:137} INFO - some dict:  {'a': 1, 'b': 2}
[2023-06-07T06:31:40.855+0000] {logging_mixin.py:137} INFO - Hello World! My name is Jerry Fridman, and I am 19 years old!
[2023-06-07T06:31:40.869+0000] {python.py:177} INFO - Done. Returned value was: None
[2023-06-07T06:31:40.962+0000] {taskinstance.py:1327} INFO - Marking task as SUCCESS. dag_id=our_dag_with_python_operator_v07, task_id=greet, execution_date=20211026T000000, start_date=20230607T063139, end_date=20230607T063140
[2023-06-07T06:31:41.132+0000] {local_task_job.py:159} INFO - Task exited with return code 0
[2023-06-07T06:31:41.222+0000] {taskinstance.py:2582} INFO - 0 downstream tasks scheduled from follow-on schedule check
