[2023-05-30T11:36:56.673+0000] {taskinstance.py:1087} INFO - Dependencies all met for <TaskInstance: our_dag_with_python_operator_v07.get_age scheduled__2021-11-13T00:00:00+00:00 [queued]>
[2023-05-30T11:36:56.711+0000] {taskinstance.py:1087} INFO - Dependencies all met for <TaskInstance: our_dag_with_python_operator_v07.get_age scheduled__2021-11-13T00:00:00+00:00 [queued]>
[2023-05-30T11:36:56.712+0000] {taskinstance.py:1283} INFO - 
--------------------------------------------------------------------------------
[2023-05-30T11:36:56.713+0000] {taskinstance.py:1284} INFO - Starting attempt 1 of 6
[2023-05-30T11:36:56.717+0000] {taskinstance.py:1285} INFO - 
--------------------------------------------------------------------------------
[2023-05-30T11:36:56.775+0000] {taskinstance.py:1304} INFO - Executing <Task(PythonOperator): get_age> on 2021-11-13 00:00:00+00:00
[2023-05-30T11:36:56.785+0000] {standard_task_runner.py:55} INFO - Started process 5744 to run task
[2023-05-30T11:36:56.791+0000] {standard_task_runner.py:82} INFO - Running: ['***', 'tasks', 'run', 'our_dag_with_python_operator_v07', 'get_age', 'scheduled__2021-11-13T00:00:00+00:00', '--job-id', '1228', '--raw', '--subdir', 'DAGS_FOLDER/dag_python_opr.py', '--cfg-path', '/tmp/tmpykhjdmkm']
[2023-05-30T11:36:56.793+0000] {standard_task_runner.py:83} INFO - Job 1228: Subtask get_age
[2023-05-30T11:36:56.972+0000] {task_command.py:389} INFO - Running <TaskInstance: our_dag_with_python_operator_v07.get_age scheduled__2021-11-13T00:00:00+00:00 [running]> on host 49219f98c96e
[2023-05-30T11:36:57.149+0000] {taskinstance.py:1513} INFO - Exporting the following env vars:
AIRFLOW_CTX_DAG_OWNER=coder2j
AIRFLOW_CTX_DAG_ID=our_dag_with_python_operator_v07
AIRFLOW_CTX_TASK_ID=get_age
AIRFLOW_CTX_EXECUTION_DATE=2021-11-13T00:00:00+00:00
AIRFLOW_CTX_TRY_NUMBER=1
AIRFLOW_CTX_DAG_RUN_ID=scheduled__2021-11-13T00:00:00+00:00
[2023-05-30T11:36:57.187+0000] {python.py:177} INFO - Done. Returned value was: None
[2023-05-30T11:36:57.219+0000] {taskinstance.py:1327} INFO - Marking task as SUCCESS. dag_id=our_dag_with_python_operator_v07, task_id=get_age, execution_date=20211113T000000, start_date=20230530T113656, end_date=20230530T113657
[2023-05-30T11:36:57.279+0000] {local_task_job.py:159} INFO - Task exited with return code 0
[2023-05-30T11:36:57.324+0000] {taskinstance.py:2582} INFO - 1 downstream tasks scheduled from follow-on schedule check
[2023-06-07T06:32:09.504+0000] {taskinstance.py:1087} INFO - Dependencies all met for <TaskInstance: our_dag_with_python_operator_v07.get_age scheduled__2021-11-13T00:00:00+00:00 [queued]>
[2023-06-07T06:32:09.587+0000] {taskinstance.py:1087} INFO - Dependencies all met for <TaskInstance: our_dag_with_python_operator_v07.get_age scheduled__2021-11-13T00:00:00+00:00 [queued]>
[2023-06-07T06:32:09.589+0000] {taskinstance.py:1283} INFO - 
--------------------------------------------------------------------------------
[2023-06-07T06:32:09.591+0000] {taskinstance.py:1284} INFO - Starting attempt 1 of 6
[2023-06-07T06:32:09.592+0000] {taskinstance.py:1285} INFO - 
--------------------------------------------------------------------------------
[2023-06-07T06:32:09.730+0000] {taskinstance.py:1304} INFO - Executing <Task(PythonOperator): get_age> on 2021-11-13 00:00:00+00:00
[2023-06-07T06:32:09.770+0000] {standard_task_runner.py:55} INFO - Started process 988 to run task
[2023-06-07T06:32:09.829+0000] {standard_task_runner.py:82} INFO - Running: ['***', 'tasks', 'run', 'our_dag_with_python_operator_v07', 'get_age', 'scheduled__2021-11-13T00:00:00+00:00', '--job-id', '1207', '--raw', '--subdir', 'DAGS_FOLDER/dag_python_opr.py', '--cfg-path', '/tmp/tmpbvr68kta']
[2023-06-07T06:32:09.876+0000] {standard_task_runner.py:83} INFO - Job 1207: Subtask get_age
[2023-06-07T06:32:10.478+0000] {task_command.py:389} INFO - Running <TaskInstance: our_dag_with_python_operator_v07.get_age scheduled__2021-11-13T00:00:00+00:00 [running]> on host 026ed797f3b3
[2023-06-07T06:32:11.089+0000] {taskinstance.py:1513} INFO - Exporting the following env vars:
AIRFLOW_CTX_DAG_OWNER=coder2j
AIRFLOW_CTX_DAG_ID=our_dag_with_python_operator_v07
AIRFLOW_CTX_TASK_ID=get_age
AIRFLOW_CTX_EXECUTION_DATE=2021-11-13T00:00:00+00:00
AIRFLOW_CTX_TRY_NUMBER=1
AIRFLOW_CTX_DAG_RUN_ID=scheduled__2021-11-13T00:00:00+00:00
[2023-06-07T06:32:11.131+0000] {python.py:177} INFO - Done. Returned value was: None
[2023-06-07T06:32:11.176+0000] {taskinstance.py:1327} INFO - Marking task as SUCCESS. dag_id=our_dag_with_python_operator_v07, task_id=get_age, execution_date=20211113T000000, start_date=20230607T063209, end_date=20230607T063211
[2023-06-07T06:32:11.272+0000] {local_task_job.py:159} INFO - Task exited with return code 0
[2023-06-07T06:32:11.388+0000] {taskinstance.py:2582} INFO - 1 downstream tasks scheduled from follow-on schedule check
