[2023-05-30T12:35:37.640+0000] {taskinstance.py:1087} INFO - Dependencies all met for <TaskInstance: our_dag_with_python_operator_v07.greet scheduled__2022-08-07T00:00:00+00:00 [queued]>
[2023-05-30T12:35:37.692+0000] {taskinstance.py:1087} INFO - Dependencies all met for <TaskInstance: our_dag_with_python_operator_v07.greet scheduled__2022-08-07T00:00:00+00:00 [queued]>
[2023-05-30T12:35:37.694+0000] {taskinstance.py:1283} INFO - 
--------------------------------------------------------------------------------
[2023-05-30T12:35:37.696+0000] {taskinstance.py:1284} INFO - Starting attempt 1 of 6
[2023-05-30T12:35:37.697+0000] {taskinstance.py:1285} INFO - 
--------------------------------------------------------------------------------
[2023-05-30T12:35:37.752+0000] {taskinstance.py:1304} INFO - Executing <Task(PythonOperator): greet> on 2022-08-07 00:00:00+00:00
[2023-05-30T12:35:37.768+0000] {standard_task_runner.py:55} INFO - Started process 11322 to run task
[2023-05-30T12:35:37.806+0000] {standard_task_runner.py:82} INFO - Running: ['***', 'tasks', 'run', 'our_dag_with_python_operator_v07', 'greet', 'scheduled__2022-08-07T00:00:00+00:00', '--job-id', '2044', '--raw', '--subdir', 'DAGS_FOLDER/dag_python_opr.py', '--cfg-path', '/tmp/tmplrxib6ka']
[2023-05-30T12:35:37.825+0000] {standard_task_runner.py:83} INFO - Job 2044: Subtask greet
[2023-05-30T12:35:38.136+0000] {task_command.py:389} INFO - Running <TaskInstance: our_dag_with_python_operator_v07.greet scheduled__2022-08-07T00:00:00+00:00 [running]> on host 49219f98c96e
[2023-05-30T12:35:38.395+0000] {taskinstance.py:1513} INFO - Exporting the following env vars:
AIRFLOW_CTX_DAG_OWNER=coder2j
AIRFLOW_CTX_DAG_ID=our_dag_with_python_operator_v07
AIRFLOW_CTX_TASK_ID=greet
AIRFLOW_CTX_EXECUTION_DATE=2022-08-07T00:00:00+00:00
AIRFLOW_CTX_TRY_NUMBER=1
AIRFLOW_CTX_DAG_RUN_ID=scheduled__2022-08-07T00:00:00+00:00
[2023-05-30T12:35:38.398+0000] {logging_mixin.py:137} INFO - some dict:  {'a': 1, 'b': 2}
[2023-05-30T12:35:38.468+0000] {logging_mixin.py:137} INFO - Hello World! My name is Jerry Fridman, and I am 19 years old!
[2023-05-30T12:35:38.470+0000] {python.py:177} INFO - Done. Returned value was: None
[2023-05-30T12:35:38.492+0000] {taskinstance.py:1327} INFO - Marking task as SUCCESS. dag_id=our_dag_with_python_operator_v07, task_id=greet, execution_date=20220807T000000, start_date=20230530T123537, end_date=20230530T123538
[2023-05-30T12:35:38.577+0000] {local_task_job.py:159} INFO - Task exited with return code 0
[2023-05-30T12:35:38.608+0000] {taskinstance.py:2582} INFO - 0 downstream tasks scheduled from follow-on schedule check
