[2023-05-30T11:30:12.448+0000] {taskinstance.py:1087} INFO - Dependencies all met for <TaskInstance: our_first_dag_v5.thrid_task scheduled__2021-12-07T00:00:00+00:00 [queued]>
[2023-05-30T11:30:12.481+0000] {taskinstance.py:1087} INFO - Dependencies all met for <TaskInstance: our_first_dag_v5.thrid_task scheduled__2021-12-07T00:00:00+00:00 [queued]>
[2023-05-30T11:30:12.486+0000] {taskinstance.py:1283} INFO - 
--------------------------------------------------------------------------------
[2023-05-30T11:30:12.489+0000] {taskinstance.py:1284} INFO - Starting attempt 1 of 6
[2023-05-30T11:30:12.491+0000] {taskinstance.py:1285} INFO - 
--------------------------------------------------------------------------------
[2023-05-30T11:30:12.536+0000] {taskinstance.py:1304} INFO - Executing <Task(BashOperator): thrid_task> on 2021-12-07 00:00:00+00:00
[2023-05-30T11:30:12.550+0000] {standard_task_runner.py:55} INFO - Started process 2966 to run task
[2023-05-30T11:30:12.563+0000] {standard_task_runner.py:82} INFO - Running: ['***', 'tasks', 'run', 'our_first_dag_v5', 'thrid_task', 'scheduled__2021-12-07T00:00:00+00:00', '--job-id', '394', '--raw', '--subdir', 'DAGS_FOLDER/first_Dag.py', '--cfg-path', '/tmp/tmpt_cfmvs9']
[2023-05-30T11:30:12.565+0000] {standard_task_runner.py:83} INFO - Job 394: Subtask thrid_task
[2023-05-30T11:30:12.795+0000] {task_command.py:389} INFO - Running <TaskInstance: our_first_dag_v5.thrid_task scheduled__2021-12-07T00:00:00+00:00 [running]> on host 49219f98c96e
[2023-05-30T11:30:13.001+0000] {taskinstance.py:1513} INFO - Exporting the following env vars:
AIRFLOW_CTX_DAG_OWNER=coder2j
AIRFLOW_CTX_DAG_ID=our_first_dag_v5
AIRFLOW_CTX_TASK_ID=thrid_task
AIRFLOW_CTX_EXECUTION_DATE=2021-12-07T00:00:00+00:00
AIRFLOW_CTX_TRY_NUMBER=1
AIRFLOW_CTX_DAG_RUN_ID=scheduled__2021-12-07T00:00:00+00:00
[2023-05-30T11:30:13.005+0000] {subprocess.py:63} INFO - Tmp dir root location: 
 /tmp
[2023-05-30T11:30:13.007+0000] {subprocess.py:75} INFO - Running command: ['/bin/bash', '-c', 'echo hey, I am task3 and will be running after task1 at the same time as task2!']
[2023-05-30T11:30:13.044+0000] {subprocess.py:86} INFO - Output:
[2023-05-30T11:30:13.048+0000] {subprocess.py:93} INFO - hey, I am task3 and will be running after task1 at the same time as task2!
[2023-05-30T11:30:13.055+0000] {subprocess.py:97} INFO - Command exited with return code 0
[2023-05-30T11:30:13.134+0000] {taskinstance.py:1327} INFO - Marking task as SUCCESS. dag_id=our_first_dag_v5, task_id=thrid_task, execution_date=20211207T000000, start_date=20230530T113012, end_date=20230530T113013
[2023-05-30T11:30:13.227+0000] {local_task_job.py:159} INFO - Task exited with return code 0
[2023-05-30T11:30:13.274+0000] {taskinstance.py:2582} INFO - 0 downstream tasks scheduled from follow-on schedule check
[2023-06-07T06:36:01.757+0000] {taskinstance.py:1087} INFO - Dependencies all met for <TaskInstance: our_first_dag_v5.thrid_task scheduled__2021-12-07T00:00:00+00:00 [queued]>
[2023-06-07T06:36:01.921+0000] {taskinstance.py:1087} INFO - Dependencies all met for <TaskInstance: our_first_dag_v5.thrid_task scheduled__2021-12-07T00:00:00+00:00 [queued]>
[2023-06-07T06:36:01.927+0000] {taskinstance.py:1283} INFO - 
--------------------------------------------------------------------------------
[2023-06-07T06:36:01.935+0000] {taskinstance.py:1284} INFO - Starting attempt 1 of 6
[2023-06-07T06:36:01.946+0000] {taskinstance.py:1285} INFO - 
--------------------------------------------------------------------------------
[2023-06-07T06:36:02.187+0000] {taskinstance.py:1304} INFO - Executing <Task(BashOperator): thrid_task> on 2021-12-07 00:00:00+00:00
[2023-06-07T06:36:02.252+0000] {standard_task_runner.py:55} INFO - Started process 2612 to run task
[2023-06-07T06:36:02.290+0000] {standard_task_runner.py:82} INFO - Running: ['***', 'tasks', 'run', 'our_first_dag_v5', 'thrid_task', 'scheduled__2021-12-07T00:00:00+00:00', '--job-id', '1800', '--raw', '--subdir', 'DAGS_FOLDER/first_Dag.py', '--cfg-path', '/tmp/tmp8fsv5cqi']
[2023-06-07T06:36:02.312+0000] {standard_task_runner.py:83} INFO - Job 1800: Subtask thrid_task
[2023-06-07T06:36:03.015+0000] {task_command.py:389} INFO - Running <TaskInstance: our_first_dag_v5.thrid_task scheduled__2021-12-07T00:00:00+00:00 [running]> on host 026ed797f3b3
[2023-06-07T06:36:03.507+0000] {taskinstance.py:1513} INFO - Exporting the following env vars:
AIRFLOW_CTX_DAG_OWNER=coder2j
AIRFLOW_CTX_DAG_ID=our_first_dag_v5
AIRFLOW_CTX_TASK_ID=thrid_task
AIRFLOW_CTX_EXECUTION_DATE=2021-12-07T00:00:00+00:00
AIRFLOW_CTX_TRY_NUMBER=1
AIRFLOW_CTX_DAG_RUN_ID=scheduled__2021-12-07T00:00:00+00:00
[2023-06-07T06:36:03.514+0000] {subprocess.py:63} INFO - Tmp dir root location: 
 /tmp
[2023-06-07T06:36:03.519+0000] {subprocess.py:75} INFO - Running command: ['/bin/bash', '-c', 'echo hey, I am task3 and will be running after task1 at the same time as task2!']
[2023-06-07T06:36:03.637+0000] {subprocess.py:86} INFO - Output:
[2023-06-07T06:36:03.668+0000] {subprocess.py:93} INFO - hey, I am task3 and will be running after task1 at the same time as task2!
[2023-06-07T06:36:03.672+0000] {subprocess.py:97} INFO - Command exited with return code 0
[2023-06-07T06:36:04.089+0000] {taskinstance.py:1327} INFO - Marking task as SUCCESS. dag_id=our_first_dag_v5, task_id=thrid_task, execution_date=20211207T000000, start_date=20230607T063601, end_date=20230607T063604
[2023-06-07T06:36:04.410+0000] {local_task_job.py:159} INFO - Task exited with return code 0
[2023-06-07T06:36:04.518+0000] {taskinstance.py:2582} INFO - 0 downstream tasks scheduled from follow-on schedule check
