[2023-05-30T12:35:20.549+0000] {taskinstance.py:1087} INFO - Dependencies all met for <TaskInstance: our_dag_with_python_operator_v07.get_name scheduled__2022-07-24T00:00:00+00:00 [queued]>
[2023-05-30T12:35:20.569+0000] {taskinstance.py:1087} INFO - Dependencies all met for <TaskInstance: our_dag_with_python_operator_v07.get_name scheduled__2022-07-24T00:00:00+00:00 [queued]>
[2023-05-30T12:35:20.571+0000] {taskinstance.py:1283} INFO - 
--------------------------------------------------------------------------------
[2023-05-30T12:35:20.572+0000] {taskinstance.py:1284} INFO - Starting attempt 1 of 6
[2023-05-30T12:35:20.574+0000] {taskinstance.py:1285} INFO - 
--------------------------------------------------------------------------------
[2023-05-30T12:35:20.603+0000] {taskinstance.py:1304} INFO - Executing <Task(PythonOperator): get_name> on 2022-07-24 00:00:00+00:00
[2023-05-30T12:35:20.611+0000] {standard_task_runner.py:55} INFO - Started process 11203 to run task
[2023-05-30T12:35:20.635+0000] {standard_task_runner.py:82} INFO - Running: ['***', 'tasks', 'run', 'our_dag_with_python_operator_v07', 'get_name', 'scheduled__2022-07-24T00:00:00+00:00', '--job-id', '1992', '--raw', '--subdir', 'DAGS_FOLDER/dag_python_opr.py', '--cfg-path', '/tmp/tmp4p12q2tu']
[2023-05-30T12:35:20.637+0000] {standard_task_runner.py:83} INFO - Job 1992: Subtask get_name
[2023-05-30T12:35:20.852+0000] {task_command.py:389} INFO - Running <TaskInstance: our_dag_with_python_operator_v07.get_name scheduled__2022-07-24T00:00:00+00:00 [running]> on host 49219f98c96e
[2023-05-30T12:35:21.101+0000] {taskinstance.py:1513} INFO - Exporting the following env vars:
AIRFLOW_CTX_DAG_OWNER=coder2j
AIRFLOW_CTX_DAG_ID=our_dag_with_python_operator_v07
AIRFLOW_CTX_TASK_ID=get_name
AIRFLOW_CTX_EXECUTION_DATE=2022-07-24T00:00:00+00:00
AIRFLOW_CTX_TRY_NUMBER=1
AIRFLOW_CTX_DAG_RUN_ID=scheduled__2022-07-24T00:00:00+00:00
[2023-05-30T12:35:21.171+0000] {python.py:177} INFO - Done. Returned value was: None
[2023-05-30T12:35:21.210+0000] {taskinstance.py:1327} INFO - Marking task as SUCCESS. dag_id=our_dag_with_python_operator_v07, task_id=get_name, execution_date=20220724T000000, start_date=20230530T123520, end_date=20230530T123521
[2023-05-30T12:35:21.281+0000] {local_task_job.py:159} INFO - Task exited with return code 0
[2023-05-30T12:35:21.343+0000] {taskinstance.py:2582} INFO - 1 downstream tasks scheduled from follow-on schedule check
