[2023-05-30T11:30:40.482+0000] {taskinstance.py:1087} INFO - Dependencies all met for <TaskInstance: our_first_dag_v5.first_task scheduled__2022-01-02T00:00:00+00:00 [queued]>
[2023-05-30T11:30:40.504+0000] {taskinstance.py:1087} INFO - Dependencies all met for <TaskInstance: our_first_dag_v5.first_task scheduled__2022-01-02T00:00:00+00:00 [queued]>
[2023-05-30T11:30:40.506+0000] {taskinstance.py:1283} INFO - 
--------------------------------------------------------------------------------
[2023-05-30T11:30:40.507+0000] {taskinstance.py:1284} INFO - Starting attempt 1 of 6
[2023-05-30T11:30:40.508+0000] {taskinstance.py:1285} INFO - 
--------------------------------------------------------------------------------
[2023-05-30T11:30:40.547+0000] {taskinstance.py:1304} INFO - Executing <Task(BashOperator): first_task> on 2022-01-02 00:00:00+00:00
[2023-05-30T11:30:40.566+0000] {standard_task_runner.py:55} INFO - Started process 3213 to run task
[2023-05-30T11:30:40.581+0000] {standard_task_runner.py:82} INFO - Running: ['***', 'tasks', 'run', 'our_first_dag_v5', 'first_task', 'scheduled__2022-01-02T00:00:00+00:00', '--job-id', '466', '--raw', '--subdir', 'DAGS_FOLDER/first_Dag.py', '--cfg-path', '/tmp/tmp4p9lo1yp']
[2023-05-30T11:30:40.584+0000] {standard_task_runner.py:83} INFO - Job 466: Subtask first_task
[2023-05-30T11:30:40.742+0000] {task_command.py:389} INFO - Running <TaskInstance: our_first_dag_v5.first_task scheduled__2022-01-02T00:00:00+00:00 [running]> on host 49219f98c96e
[2023-05-30T11:30:41.009+0000] {taskinstance.py:1513} INFO - Exporting the following env vars:
AIRFLOW_CTX_DAG_OWNER=coder2j
AIRFLOW_CTX_DAG_ID=our_first_dag_v5
AIRFLOW_CTX_TASK_ID=first_task
AIRFLOW_CTX_EXECUTION_DATE=2022-01-02T00:00:00+00:00
AIRFLOW_CTX_TRY_NUMBER=1
AIRFLOW_CTX_DAG_RUN_ID=scheduled__2022-01-02T00:00:00+00:00
[2023-05-30T11:30:41.018+0000] {subprocess.py:63} INFO - Tmp dir root location: 
 /tmp
[2023-05-30T11:30:41.020+0000] {subprocess.py:75} INFO - Running command: ['/bin/bash', '-c', 'echo hello world, this is the first task!']
[2023-05-30T11:30:41.066+0000] {subprocess.py:86} INFO - Output:
[2023-05-30T11:30:41.069+0000] {subprocess.py:93} INFO - hello world, this is the first task!
[2023-05-30T11:30:41.070+0000] {subprocess.py:97} INFO - Command exited with return code 0
[2023-05-30T11:30:41.154+0000] {taskinstance.py:1327} INFO - Marking task as SUCCESS. dag_id=our_first_dag_v5, task_id=first_task, execution_date=20220102T000000, start_date=20230530T113040, end_date=20230530T113041
[2023-05-30T11:30:41.233+0000] {local_task_job.py:159} INFO - Task exited with return code 0
[2023-05-30T11:30:41.297+0000] {taskinstance.py:2582} INFO - 2 downstream tasks scheduled from follow-on schedule check
[2023-06-07T06:37:14.084+0000] {taskinstance.py:1087} INFO - Dependencies all met for <TaskInstance: our_first_dag_v5.first_task scheduled__2022-01-02T00:00:00+00:00 [queued]>
[2023-06-07T06:37:14.208+0000] {taskinstance.py:1087} INFO - Dependencies all met for <TaskInstance: our_first_dag_v5.first_task scheduled__2022-01-02T00:00:00+00:00 [queued]>
[2023-06-07T06:37:14.213+0000] {taskinstance.py:1283} INFO - 
--------------------------------------------------------------------------------
[2023-06-07T06:37:14.214+0000] {taskinstance.py:1284} INFO - Starting attempt 1 of 6
[2023-06-07T06:37:14.216+0000] {taskinstance.py:1285} INFO - 
--------------------------------------------------------------------------------
[2023-06-07T06:37:14.294+0000] {taskinstance.py:1304} INFO - Executing <Task(BashOperator): first_task> on 2022-01-02 00:00:00+00:00
[2023-06-07T06:37:14.326+0000] {standard_task_runner.py:55} INFO - Started process 3015 to run task
[2023-06-07T06:37:14.346+0000] {standard_task_runner.py:82} INFO - Running: ['***', 'tasks', 'run', 'our_first_dag_v5', 'first_task', 'scheduled__2022-01-02T00:00:00+00:00', '--job-id', '1940', '--raw', '--subdir', 'DAGS_FOLDER/first_Dag.py', '--cfg-path', '/tmp/tmppcz8r6g6']
[2023-06-07T06:37:14.356+0000] {standard_task_runner.py:83} INFO - Job 1940: Subtask first_task
[2023-06-07T06:37:14.764+0000] {task_command.py:389} INFO - Running <TaskInstance: our_first_dag_v5.first_task scheduled__2022-01-02T00:00:00+00:00 [running]> on host 026ed797f3b3
[2023-06-07T06:37:15.155+0000] {taskinstance.py:1513} INFO - Exporting the following env vars:
AIRFLOW_CTX_DAG_OWNER=coder2j
AIRFLOW_CTX_DAG_ID=our_first_dag_v5
AIRFLOW_CTX_TASK_ID=first_task
AIRFLOW_CTX_EXECUTION_DATE=2022-01-02T00:00:00+00:00
AIRFLOW_CTX_TRY_NUMBER=1
AIRFLOW_CTX_DAG_RUN_ID=scheduled__2022-01-02T00:00:00+00:00
[2023-06-07T06:37:15.159+0000] {subprocess.py:63} INFO - Tmp dir root location: 
 /tmp
[2023-06-07T06:37:15.161+0000] {subprocess.py:75} INFO - Running command: ['/bin/bash', '-c', 'echo hello world, this is the first task!']
[2023-06-07T06:37:15.194+0000] {subprocess.py:86} INFO - Output:
[2023-06-07T06:37:15.206+0000] {subprocess.py:93} INFO - hello world, this is the first task!
[2023-06-07T06:37:15.208+0000] {subprocess.py:97} INFO - Command exited with return code 0
[2023-06-07T06:37:15.303+0000] {taskinstance.py:1327} INFO - Marking task as SUCCESS. dag_id=our_first_dag_v5, task_id=first_task, execution_date=20220102T000000, start_date=20230607T063714, end_date=20230607T063715
[2023-06-07T06:37:15.445+0000] {local_task_job.py:159} INFO - Task exited with return code 0
[2023-06-07T06:37:15.518+0000] {taskinstance.py:2582} INFO - 2 downstream tasks scheduled from follow-on schedule check
