[2023-05-30T11:30:09.430+0000] {taskinstance.py:1087} INFO - Dependencies all met for <TaskInstance: our_first_dag_v5.first_task scheduled__2021-12-05T00:00:00+00:00 [queued]>
[2023-05-30T11:30:09.477+0000] {taskinstance.py:1087} INFO - Dependencies all met for <TaskInstance: our_first_dag_v5.first_task scheduled__2021-12-05T00:00:00+00:00 [queued]>
[2023-05-30T11:30:09.479+0000] {taskinstance.py:1283} INFO - 
--------------------------------------------------------------------------------
[2023-05-30T11:30:09.481+0000] {taskinstance.py:1284} INFO - Starting attempt 1 of 6
[2023-05-30T11:30:09.483+0000] {taskinstance.py:1285} INFO - 
--------------------------------------------------------------------------------
[2023-05-30T11:30:09.589+0000] {taskinstance.py:1304} INFO - Executing <Task(BashOperator): first_task> on 2021-12-05 00:00:00+00:00
[2023-05-30T11:30:09.603+0000] {standard_task_runner.py:55} INFO - Started process 2934 to run task
[2023-05-30T11:30:09.642+0000] {standard_task_runner.py:82} INFO - Running: ['***', 'tasks', 'run', 'our_first_dag_v5', 'first_task', 'scheduled__2021-12-05T00:00:00+00:00', '--job-id', '384', '--raw', '--subdir', 'DAGS_FOLDER/first_Dag.py', '--cfg-path', '/tmp/tmptg136e43']
[2023-05-30T11:30:09.648+0000] {standard_task_runner.py:83} INFO - Job 384: Subtask first_task
[2023-05-30T11:30:09.888+0000] {task_command.py:389} INFO - Running <TaskInstance: our_first_dag_v5.first_task scheduled__2021-12-05T00:00:00+00:00 [running]> on host 49219f98c96e
[2023-05-30T11:30:10.191+0000] {taskinstance.py:1513} INFO - Exporting the following env vars:
AIRFLOW_CTX_DAG_OWNER=coder2j
AIRFLOW_CTX_DAG_ID=our_first_dag_v5
AIRFLOW_CTX_TASK_ID=first_task
AIRFLOW_CTX_EXECUTION_DATE=2021-12-05T00:00:00+00:00
AIRFLOW_CTX_TRY_NUMBER=1
AIRFLOW_CTX_DAG_RUN_ID=scheduled__2021-12-05T00:00:00+00:00
[2023-05-30T11:30:10.194+0000] {subprocess.py:63} INFO - Tmp dir root location: 
 /tmp
[2023-05-30T11:30:10.196+0000] {subprocess.py:75} INFO - Running command: ['/bin/bash', '-c', 'echo hello world, this is the first task!']
[2023-05-30T11:30:10.238+0000] {subprocess.py:86} INFO - Output:
[2023-05-30T11:30:10.244+0000] {subprocess.py:93} INFO - hello world, this is the first task!
[2023-05-30T11:30:10.246+0000] {subprocess.py:97} INFO - Command exited with return code 0
[2023-05-30T11:30:10.308+0000] {taskinstance.py:1327} INFO - Marking task as SUCCESS. dag_id=our_first_dag_v5, task_id=first_task, execution_date=20211205T000000, start_date=20230530T113009, end_date=20230530T113010
[2023-05-30T11:30:10.369+0000] {local_task_job.py:159} INFO - Task exited with return code 0
[2023-05-30T11:30:10.413+0000] {taskinstance.py:2582} INFO - 2 downstream tasks scheduled from follow-on schedule check
[2023-06-07T06:35:54.088+0000] {taskinstance.py:1087} INFO - Dependencies all met for <TaskInstance: our_first_dag_v5.first_task scheduled__2021-12-05T00:00:00+00:00 [queued]>
[2023-06-07T06:35:54.322+0000] {taskinstance.py:1087} INFO - Dependencies all met for <TaskInstance: our_first_dag_v5.first_task scheduled__2021-12-05T00:00:00+00:00 [queued]>
[2023-06-07T06:35:54.329+0000] {taskinstance.py:1283} INFO - 
--------------------------------------------------------------------------------
[2023-06-07T06:35:54.354+0000] {taskinstance.py:1284} INFO - Starting attempt 1 of 6
[2023-06-07T06:35:54.377+0000] {taskinstance.py:1285} INFO - 
--------------------------------------------------------------------------------
[2023-06-07T06:35:54.601+0000] {taskinstance.py:1304} INFO - Executing <Task(BashOperator): first_task> on 2021-12-05 00:00:00+00:00
[2023-06-07T06:35:54.618+0000] {standard_task_runner.py:55} INFO - Started process 2571 to run task
[2023-06-07T06:35:54.649+0000] {standard_task_runner.py:82} INFO - Running: ['***', 'tasks', 'run', 'our_first_dag_v5', 'first_task', 'scheduled__2021-12-05T00:00:00+00:00', '--job-id', '1784', '--raw', '--subdir', 'DAGS_FOLDER/first_Dag.py', '--cfg-path', '/tmp/tmp4o2ch4ap']
[2023-06-07T06:35:54.654+0000] {standard_task_runner.py:83} INFO - Job 1784: Subtask first_task
[2023-06-07T06:35:55.271+0000] {task_command.py:389} INFO - Running <TaskInstance: our_first_dag_v5.first_task scheduled__2021-12-05T00:00:00+00:00 [running]> on host 026ed797f3b3
[2023-06-07T06:35:56.484+0000] {taskinstance.py:1513} INFO - Exporting the following env vars:
AIRFLOW_CTX_DAG_OWNER=coder2j
AIRFLOW_CTX_DAG_ID=our_first_dag_v5
AIRFLOW_CTX_TASK_ID=first_task
AIRFLOW_CTX_EXECUTION_DATE=2021-12-05T00:00:00+00:00
AIRFLOW_CTX_TRY_NUMBER=1
AIRFLOW_CTX_DAG_RUN_ID=scheduled__2021-12-05T00:00:00+00:00
[2023-06-07T06:35:56.500+0000] {subprocess.py:63} INFO - Tmp dir root location: 
 /tmp
[2023-06-07T06:35:56.514+0000] {subprocess.py:75} INFO - Running command: ['/bin/bash', '-c', 'echo hello world, this is the first task!']
[2023-06-07T06:35:56.633+0000] {subprocess.py:86} INFO - Output:
[2023-06-07T06:35:56.649+0000] {subprocess.py:93} INFO - hello world, this is the first task!
[2023-06-07T06:35:56.654+0000] {subprocess.py:97} INFO - Command exited with return code 0
[2023-06-07T06:35:56.784+0000] {taskinstance.py:1327} INFO - Marking task as SUCCESS. dag_id=our_first_dag_v5, task_id=first_task, execution_date=20211205T000000, start_date=20230607T063554, end_date=20230607T063556
[2023-06-07T06:35:57.018+0000] {local_task_job.py:159} INFO - Task exited with return code 0
[2023-06-07T06:35:57.111+0000] {taskinstance.py:2582} INFO - 2 downstream tasks scheduled from follow-on schedule check
