[2023-05-30T11:31:04.723+0000] {taskinstance.py:1087} INFO - Dependencies all met for <TaskInstance: our_first_dag_v5.second_task scheduled__2022-01-23T00:00:00+00:00 [queued]>
[2023-05-30T11:31:04.880+0000] {taskinstance.py:1087} INFO - Dependencies all met for <TaskInstance: our_first_dag_v5.second_task scheduled__2022-01-23T00:00:00+00:00 [queued]>
[2023-05-30T11:31:04.892+0000] {taskinstance.py:1283} INFO - 
--------------------------------------------------------------------------------
[2023-05-30T11:31:04.897+0000] {taskinstance.py:1284} INFO - Starting attempt 1 of 6
[2023-05-30T11:31:04.899+0000] {taskinstance.py:1285} INFO - 
--------------------------------------------------------------------------------
[2023-05-30T11:31:05.087+0000] {taskinstance.py:1304} INFO - Executing <Task(BashOperator): second_task> on 2022-01-23 00:00:00+00:00
[2023-05-30T11:31:05.112+0000] {standard_task_runner.py:55} INFO - Started process 3457 to run task
[2023-05-30T11:31:05.163+0000] {standard_task_runner.py:82} INFO - Running: ['***', 'tasks', 'run', 'our_first_dag_v5', 'second_task', 'scheduled__2022-01-23T00:00:00+00:00', '--job-id', '539', '--raw', '--subdir', 'DAGS_FOLDER/first_Dag.py', '--cfg-path', '/tmp/tmpifo7t4da']
[2023-05-30T11:31:05.181+0000] {standard_task_runner.py:83} INFO - Job 539: Subtask second_task
[2023-05-30T11:31:05.565+0000] {task_command.py:389} INFO - Running <TaskInstance: our_first_dag_v5.second_task scheduled__2022-01-23T00:00:00+00:00 [running]> on host 49219f98c96e
[2023-05-30T11:31:05.931+0000] {taskinstance.py:1513} INFO - Exporting the following env vars:
AIRFLOW_CTX_DAG_OWNER=coder2j
AIRFLOW_CTX_DAG_ID=our_first_dag_v5
AIRFLOW_CTX_TASK_ID=second_task
AIRFLOW_CTX_EXECUTION_DATE=2022-01-23T00:00:00+00:00
AIRFLOW_CTX_TRY_NUMBER=1
AIRFLOW_CTX_DAG_RUN_ID=scheduled__2022-01-23T00:00:00+00:00
[2023-05-30T11:31:05.936+0000] {subprocess.py:63} INFO - Tmp dir root location: 
 /tmp
[2023-05-30T11:31:05.938+0000] {subprocess.py:75} INFO - Running command: ['/bin/bash', '-c', 'echo hey, I am task2 and will be running after task1!']
[2023-05-30T11:31:06.001+0000] {subprocess.py:86} INFO - Output:
[2023-05-30T11:31:06.029+0000] {subprocess.py:93} INFO - hey, I am task2 and will be running after task1!
[2023-05-30T11:31:06.032+0000] {subprocess.py:97} INFO - Command exited with return code 0
[2023-05-30T11:31:06.174+0000] {taskinstance.py:1327} INFO - Marking task as SUCCESS. dag_id=our_first_dag_v5, task_id=second_task, execution_date=20220123T000000, start_date=20230530T113104, end_date=20230530T113106
[2023-05-30T11:31:06.308+0000] {local_task_job.py:159} INFO - Task exited with return code 0
[2023-05-30T11:31:06.422+0000] {taskinstance.py:2582} INFO - 0 downstream tasks scheduled from follow-on schedule check
[2023-06-07T06:38:11.904+0000] {taskinstance.py:1087} INFO - Dependencies all met for <TaskInstance: our_first_dag_v5.second_task scheduled__2022-01-23T00:00:00+00:00 [queued]>
[2023-06-07T06:38:12.080+0000] {taskinstance.py:1087} INFO - Dependencies all met for <TaskInstance: our_first_dag_v5.second_task scheduled__2022-01-23T00:00:00+00:00 [queued]>
[2023-06-07T06:38:12.085+0000] {taskinstance.py:1283} INFO - 
--------------------------------------------------------------------------------
[2023-06-07T06:38:12.097+0000] {taskinstance.py:1284} INFO - Starting attempt 1 of 6
[2023-06-07T06:38:12.099+0000] {taskinstance.py:1285} INFO - 
--------------------------------------------------------------------------------
[2023-06-07T06:38:12.220+0000] {taskinstance.py:1304} INFO - Executing <Task(BashOperator): second_task> on 2022-01-23 00:00:00+00:00
[2023-06-07T06:38:12.247+0000] {standard_task_runner.py:55} INFO - Started process 3436 to run task
[2023-06-07T06:38:12.301+0000] {standard_task_runner.py:82} INFO - Running: ['***', 'tasks', 'run', 'our_first_dag_v5', 'second_task', 'scheduled__2022-01-23T00:00:00+00:00', '--job-id', '2093', '--raw', '--subdir', 'DAGS_FOLDER/first_Dag.py', '--cfg-path', '/tmp/tmpk970huzj']
[2023-06-07T06:38:12.312+0000] {standard_task_runner.py:83} INFO - Job 2093: Subtask second_task
[2023-06-07T06:38:12.748+0000] {task_command.py:389} INFO - Running <TaskInstance: our_first_dag_v5.second_task scheduled__2022-01-23T00:00:00+00:00 [running]> on host 026ed797f3b3
[2023-06-07T06:38:13.463+0000] {taskinstance.py:1513} INFO - Exporting the following env vars:
AIRFLOW_CTX_DAG_OWNER=coder2j
AIRFLOW_CTX_DAG_ID=our_first_dag_v5
AIRFLOW_CTX_TASK_ID=second_task
AIRFLOW_CTX_EXECUTION_DATE=2022-01-23T00:00:00+00:00
AIRFLOW_CTX_TRY_NUMBER=1
AIRFLOW_CTX_DAG_RUN_ID=scheduled__2022-01-23T00:00:00+00:00
[2023-06-07T06:38:13.471+0000] {subprocess.py:63} INFO - Tmp dir root location: 
 /tmp
[2023-06-07T06:38:13.476+0000] {subprocess.py:75} INFO - Running command: ['/bin/bash', '-c', 'echo hey, I am task2 and will be running after task1!']
[2023-06-07T06:38:13.565+0000] {subprocess.py:86} INFO - Output:
[2023-06-07T06:38:13.568+0000] {subprocess.py:93} INFO - hey, I am task2 and will be running after task1!
[2023-06-07T06:38:13.571+0000] {subprocess.py:97} INFO - Command exited with return code 0
[2023-06-07T06:38:13.675+0000] {taskinstance.py:1327} INFO - Marking task as SUCCESS. dag_id=our_first_dag_v5, task_id=second_task, execution_date=20220123T000000, start_date=20230607T063811, end_date=20230607T063813
[2023-06-07T06:38:13.962+0000] {local_task_job.py:159} INFO - Task exited with return code 0
[2023-06-07T06:38:14.045+0000] {taskinstance.py:2582} INFO - 0 downstream tasks scheduled from follow-on schedule check
