[2023-05-30T12:32:19.152+0000] {taskinstance.py:1087} INFO - Dependencies all met for <TaskInstance: our_dag_with_python_operator_v07.get_name scheduled__2022-02-09T00:00:00+00:00 [queued]>
[2023-05-30T12:32:19.197+0000] {taskinstance.py:1087} INFO - Dependencies all met for <TaskInstance: our_dag_with_python_operator_v07.get_name scheduled__2022-02-09T00:00:00+00:00 [queued]>
[2023-05-30T12:32:19.198+0000] {taskinstance.py:1283} INFO - 
--------------------------------------------------------------------------------
[2023-05-30T12:32:19.201+0000] {taskinstance.py:1284} INFO - Starting attempt 1 of 6
[2023-05-30T12:32:19.203+0000] {taskinstance.py:1285} INFO - 
--------------------------------------------------------------------------------
[2023-05-30T12:32:19.268+0000] {taskinstance.py:1304} INFO - Executing <Task(PythonOperator): get_name> on 2022-02-09 00:00:00+00:00
[2023-05-30T12:32:19.278+0000] {standard_task_runner.py:55} INFO - Started process 10048 to run task
[2023-05-30T12:32:19.293+0000] {standard_task_runner.py:82} INFO - Running: ['***', 'tasks', 'run', 'our_dag_with_python_operator_v07', 'get_name', 'scheduled__2022-02-09T00:00:00+00:00', '--job-id', '1496', '--raw', '--subdir', 'DAGS_FOLDER/dag_python_opr.py', '--cfg-path', '/tmp/tmpilmjzfmn']
[2023-05-30T12:32:19.303+0000] {standard_task_runner.py:83} INFO - Job 1496: Subtask get_name
[2023-05-30T12:32:19.611+0000] {task_command.py:389} INFO - Running <TaskInstance: our_dag_with_python_operator_v07.get_name scheduled__2022-02-09T00:00:00+00:00 [running]> on host 49219f98c96e
[2023-05-30T12:32:19.975+0000] {taskinstance.py:1513} INFO - Exporting the following env vars:
AIRFLOW_CTX_DAG_OWNER=coder2j
AIRFLOW_CTX_DAG_ID=our_dag_with_python_operator_v07
AIRFLOW_CTX_TASK_ID=get_name
AIRFLOW_CTX_EXECUTION_DATE=2022-02-09T00:00:00+00:00
AIRFLOW_CTX_TRY_NUMBER=1
AIRFLOW_CTX_DAG_RUN_ID=scheduled__2022-02-09T00:00:00+00:00
[2023-05-30T12:32:20.079+0000] {python.py:177} INFO - Done. Returned value was: None
[2023-05-30T12:32:20.128+0000] {taskinstance.py:1327} INFO - Marking task as SUCCESS. dag_id=our_dag_with_python_operator_v07, task_id=get_name, execution_date=20220209T000000, start_date=20230530T123219, end_date=20230530T123220
[2023-05-30T12:32:20.199+0000] {local_task_job.py:159} INFO - Task exited with return code 0
[2023-05-30T12:32:20.282+0000] {taskinstance.py:2582} INFO - 0 downstream tasks scheduled from follow-on schedule check
[2023-06-07T06:35:23.043+0000] {taskinstance.py:1087} INFO - Dependencies all met for <TaskInstance: our_dag_with_python_operator_v07.get_name scheduled__2022-02-09T00:00:00+00:00 [queued]>
[2023-06-07T06:35:23.124+0000] {taskinstance.py:1087} INFO - Dependencies all met for <TaskInstance: our_dag_with_python_operator_v07.get_name scheduled__2022-02-09T00:00:00+00:00 [queued]>
[2023-06-07T06:35:23.126+0000] {taskinstance.py:1283} INFO - 
--------------------------------------------------------------------------------
[2023-06-07T06:35:23.127+0000] {taskinstance.py:1284} INFO - Starting attempt 1 of 6
[2023-06-07T06:35:23.129+0000] {taskinstance.py:1285} INFO - 
--------------------------------------------------------------------------------
[2023-06-07T06:35:23.225+0000] {taskinstance.py:1304} INFO - Executing <Task(PythonOperator): get_name> on 2022-02-09 00:00:00+00:00
[2023-06-07T06:35:23.265+0000] {standard_task_runner.py:55} INFO - Started process 2368 to run task
[2023-06-07T06:35:23.350+0000] {standard_task_runner.py:82} INFO - Running: ['***', 'tasks', 'run', 'our_dag_with_python_operator_v07', 'get_name', 'scheduled__2022-02-09T00:00:00+00:00', '--job-id', '1711', '--raw', '--subdir', 'DAGS_FOLDER/dag_python_opr.py', '--cfg-path', '/tmp/tmp3z4zsd6p']
[2023-06-07T06:35:23.361+0000] {standard_task_runner.py:83} INFO - Job 1711: Subtask get_name
[2023-06-07T06:35:23.940+0000] {task_command.py:389} INFO - Running <TaskInstance: our_dag_with_python_operator_v07.get_name scheduled__2022-02-09T00:00:00+00:00 [running]> on host 026ed797f3b3
[2023-06-07T06:35:24.531+0000] {taskinstance.py:1513} INFO - Exporting the following env vars:
AIRFLOW_CTX_DAG_OWNER=coder2j
AIRFLOW_CTX_DAG_ID=our_dag_with_python_operator_v07
AIRFLOW_CTX_TASK_ID=get_name
AIRFLOW_CTX_EXECUTION_DATE=2022-02-09T00:00:00+00:00
AIRFLOW_CTX_TRY_NUMBER=1
AIRFLOW_CTX_DAG_RUN_ID=scheduled__2022-02-09T00:00:00+00:00
[2023-06-07T06:35:24.636+0000] {python.py:177} INFO - Done. Returned value was: None
[2023-06-07T06:35:24.707+0000] {taskinstance.py:1327} INFO - Marking task as SUCCESS. dag_id=our_dag_with_python_operator_v07, task_id=get_name, execution_date=20220209T000000, start_date=20230607T063523, end_date=20230607T063524
[2023-06-07T06:35:24.836+0000] {local_task_job.py:159} INFO - Task exited with return code 0
[2023-06-07T06:35:25.001+0000] {taskinstance.py:2582} INFO - 0 downstream tasks scheduled from follow-on schedule check
