[2023-05-30T11:30:46.713+0000] {taskinstance.py:1087} INFO - Dependencies all met for <TaskInstance: our_first_dag_v5.second_task scheduled__2022-01-06T00:00:00+00:00 [queued]>
[2023-05-30T11:30:46.743+0000] {taskinstance.py:1087} INFO - Dependencies all met for <TaskInstance: our_first_dag_v5.second_task scheduled__2022-01-06T00:00:00+00:00 [queued]>
[2023-05-30T11:30:46.748+0000] {taskinstance.py:1283} INFO - 
--------------------------------------------------------------------------------
[2023-05-30T11:30:46.750+0000] {taskinstance.py:1284} INFO - Starting attempt 1 of 6
[2023-05-30T11:30:46.756+0000] {taskinstance.py:1285} INFO - 
--------------------------------------------------------------------------------
[2023-05-30T11:30:46.789+0000] {taskinstance.py:1304} INFO - Executing <Task(BashOperator): second_task> on 2022-01-06 00:00:00+00:00
[2023-05-30T11:30:46.813+0000] {standard_task_runner.py:55} INFO - Started process 3289 to run task
[2023-05-30T11:30:46.835+0000] {standard_task_runner.py:82} INFO - Running: ['***', 'tasks', 'run', 'our_first_dag_v5', 'second_task', 'scheduled__2022-01-06T00:00:00+00:00', '--job-id', '492', '--raw', '--subdir', 'DAGS_FOLDER/first_Dag.py', '--cfg-path', '/tmp/tmpyw3_u1qv']
[2023-05-30T11:30:46.838+0000] {standard_task_runner.py:83} INFO - Job 492: Subtask second_task
[2023-05-30T11:30:47.042+0000] {task_command.py:389} INFO - Running <TaskInstance: our_first_dag_v5.second_task scheduled__2022-01-06T00:00:00+00:00 [running]> on host 49219f98c96e
[2023-05-30T11:30:47.299+0000] {taskinstance.py:1513} INFO - Exporting the following env vars:
AIRFLOW_CTX_DAG_OWNER=coder2j
AIRFLOW_CTX_DAG_ID=our_first_dag_v5
AIRFLOW_CTX_TASK_ID=second_task
AIRFLOW_CTX_EXECUTION_DATE=2022-01-06T00:00:00+00:00
AIRFLOW_CTX_TRY_NUMBER=1
AIRFLOW_CTX_DAG_RUN_ID=scheduled__2022-01-06T00:00:00+00:00
[2023-05-30T11:30:47.305+0000] {subprocess.py:63} INFO - Tmp dir root location: 
 /tmp
[2023-05-30T11:30:47.308+0000] {subprocess.py:75} INFO - Running command: ['/bin/bash', '-c', 'echo hey, I am task2 and will be running after task1!']
[2023-05-30T11:30:47.344+0000] {subprocess.py:86} INFO - Output:
[2023-05-30T11:30:47.350+0000] {subprocess.py:93} INFO - hey, I am task2 and will be running after task1!
[2023-05-30T11:30:47.351+0000] {subprocess.py:97} INFO - Command exited with return code 0
[2023-05-30T11:30:47.413+0000] {taskinstance.py:1327} INFO - Marking task as SUCCESS. dag_id=our_first_dag_v5, task_id=second_task, execution_date=20220106T000000, start_date=20230530T113046, end_date=20230530T113047
[2023-05-30T11:30:47.478+0000] {local_task_job.py:159} INFO - Task exited with return code 0
[2023-05-30T11:30:47.526+0000] {taskinstance.py:2582} INFO - 0 downstream tasks scheduled from follow-on schedule check
[2023-06-07T06:37:23.167+0000] {taskinstance.py:1087} INFO - Dependencies all met for <TaskInstance: our_first_dag_v5.second_task scheduled__2022-01-06T00:00:00+00:00 [queued]>
[2023-06-07T06:37:23.275+0000] {taskinstance.py:1087} INFO - Dependencies all met for <TaskInstance: our_first_dag_v5.second_task scheduled__2022-01-06T00:00:00+00:00 [queued]>
[2023-06-07T06:37:23.280+0000] {taskinstance.py:1283} INFO - 
--------------------------------------------------------------------------------
[2023-06-07T06:37:23.282+0000] {taskinstance.py:1284} INFO - Starting attempt 1 of 6
[2023-06-07T06:37:23.291+0000] {taskinstance.py:1285} INFO - 
--------------------------------------------------------------------------------
[2023-06-07T06:37:23.444+0000] {taskinstance.py:1304} INFO - Executing <Task(BashOperator): second_task> on 2022-01-06 00:00:00+00:00
[2023-06-07T06:37:23.461+0000] {standard_task_runner.py:55} INFO - Started process 3088 to run task
[2023-06-07T06:37:23.538+0000] {standard_task_runner.py:82} INFO - Running: ['***', 'tasks', 'run', 'our_first_dag_v5', 'second_task', 'scheduled__2022-01-06T00:00:00+00:00', '--job-id', '1965', '--raw', '--subdir', 'DAGS_FOLDER/first_Dag.py', '--cfg-path', '/tmp/tmpuafku3lk']
[2023-06-07T06:37:23.545+0000] {standard_task_runner.py:83} INFO - Job 1965: Subtask second_task
[2023-06-07T06:37:24.458+0000] {task_command.py:389} INFO - Running <TaskInstance: our_first_dag_v5.second_task scheduled__2022-01-06T00:00:00+00:00 [running]> on host 026ed797f3b3
[2023-06-07T06:37:25.231+0000] {taskinstance.py:1513} INFO - Exporting the following env vars:
AIRFLOW_CTX_DAG_OWNER=coder2j
AIRFLOW_CTX_DAG_ID=our_first_dag_v5
AIRFLOW_CTX_TASK_ID=second_task
AIRFLOW_CTX_EXECUTION_DATE=2022-01-06T00:00:00+00:00
AIRFLOW_CTX_TRY_NUMBER=1
AIRFLOW_CTX_DAG_RUN_ID=scheduled__2022-01-06T00:00:00+00:00
[2023-06-07T06:37:25.236+0000] {subprocess.py:63} INFO - Tmp dir root location: 
 /tmp
[2023-06-07T06:37:25.244+0000] {subprocess.py:75} INFO - Running command: ['/bin/bash', '-c', 'echo hey, I am task2 and will be running after task1!']
[2023-06-07T06:37:25.395+0000] {subprocess.py:86} INFO - Output:
[2023-06-07T06:37:25.439+0000] {subprocess.py:93} INFO - hey, I am task2 and will be running after task1!
[2023-06-07T06:37:25.453+0000] {subprocess.py:97} INFO - Command exited with return code 0
[2023-06-07T06:37:25.832+0000] {taskinstance.py:1327} INFO - Marking task as SUCCESS. dag_id=our_first_dag_v5, task_id=second_task, execution_date=20220106T000000, start_date=20230607T063723, end_date=20230607T063725
[2023-06-07T06:37:26.042+0000] {local_task_job.py:159} INFO - Task exited with return code 0
[2023-06-07T06:37:26.198+0000] {taskinstance.py:2582} INFO - 0 downstream tasks scheduled from follow-on schedule check
