[2023-05-30T11:33:10.458+0000] {taskinstance.py:1087} INFO - Dependencies all met for <TaskInstance: our_first_dag_v5.thrid_task scheduled__2022-05-23T00:00:00+00:00 [queued]>
[2023-05-30T11:33:10.561+0000] {taskinstance.py:1087} INFO - Dependencies all met for <TaskInstance: our_first_dag_v5.thrid_task scheduled__2022-05-23T00:00:00+00:00 [queued]>
[2023-05-30T11:33:10.562+0000] {taskinstance.py:1283} INFO - 
--------------------------------------------------------------------------------
[2023-05-30T11:33:10.563+0000] {taskinstance.py:1284} INFO - Starting attempt 1 of 6
[2023-05-30T11:33:10.565+0000] {taskinstance.py:1285} INFO - 
--------------------------------------------------------------------------------
[2023-05-30T11:33:10.807+0000] {taskinstance.py:1304} INFO - Executing <Task(BashOperator): thrid_task> on 2022-05-23 00:00:00+00:00
[2023-05-30T11:33:10.824+0000] {standard_task_runner.py:55} INFO - Started process 4669 to run task
[2023-05-30T11:33:10.871+0000] {standard_task_runner.py:82} INFO - Running: ['***', 'tasks', 'run', 'our_first_dag_v5', 'thrid_task', 'scheduled__2022-05-23T00:00:00+00:00', '--job-id', '904', '--raw', '--subdir', 'DAGS_FOLDER/first_Dag.py', '--cfg-path', '/tmp/tmp2w_a_o_s']
[2023-05-30T11:33:10.882+0000] {standard_task_runner.py:83} INFO - Job 904: Subtask thrid_task
[2023-05-30T11:33:11.271+0000] {task_command.py:389} INFO - Running <TaskInstance: our_first_dag_v5.thrid_task scheduled__2022-05-23T00:00:00+00:00 [running]> on host 49219f98c96e
[2023-05-30T11:33:11.856+0000] {taskinstance.py:1513} INFO - Exporting the following env vars:
AIRFLOW_CTX_DAG_OWNER=coder2j
AIRFLOW_CTX_DAG_ID=our_first_dag_v5
AIRFLOW_CTX_TASK_ID=thrid_task
AIRFLOW_CTX_EXECUTION_DATE=2022-05-23T00:00:00+00:00
AIRFLOW_CTX_TRY_NUMBER=1
AIRFLOW_CTX_DAG_RUN_ID=scheduled__2022-05-23T00:00:00+00:00
[2023-05-30T11:33:11.862+0000] {subprocess.py:63} INFO - Tmp dir root location: 
 /tmp
[2023-05-30T11:33:11.866+0000] {subprocess.py:75} INFO - Running command: ['/bin/bash', '-c', 'echo hey, I am task3 and will be running after task1 at the same time as task2!']
[2023-05-30T11:33:11.903+0000] {subprocess.py:86} INFO - Output:
[2023-05-30T11:33:11.907+0000] {subprocess.py:93} INFO - hey, I am task3 and will be running after task1 at the same time as task2!
[2023-05-30T11:33:11.910+0000] {subprocess.py:97} INFO - Command exited with return code 0
[2023-05-30T11:33:11.996+0000] {taskinstance.py:1327} INFO - Marking task as SUCCESS. dag_id=our_first_dag_v5, task_id=thrid_task, execution_date=20220523T000000, start_date=20230530T113310, end_date=20230530T113311
[2023-05-30T11:33:12.141+0000] {local_task_job.py:159} INFO - Task exited with return code 0
[2023-05-30T11:33:12.221+0000] {taskinstance.py:2582} INFO - 0 downstream tasks scheduled from follow-on schedule check
