[2023-05-30T11:32:07.090+0000] {taskinstance.py:1087} INFO - Dependencies all met for <TaskInstance: our_first_dag_v5.thrid_task scheduled__2022-03-21T00:00:00+00:00 [queued]>
[2023-05-30T11:32:07.170+0000] {taskinstance.py:1087} INFO - Dependencies all met for <TaskInstance: our_first_dag_v5.thrid_task scheduled__2022-03-21T00:00:00+00:00 [queued]>
[2023-05-30T11:32:07.186+0000] {taskinstance.py:1283} INFO - 
--------------------------------------------------------------------------------
[2023-05-30T11:32:07.187+0000] {taskinstance.py:1284} INFO - Starting attempt 1 of 6
[2023-05-30T11:32:07.189+0000] {taskinstance.py:1285} INFO - 
--------------------------------------------------------------------------------
[2023-05-30T11:32:07.273+0000] {taskinstance.py:1304} INFO - Executing <Task(BashOperator): thrid_task> on 2022-03-21 00:00:00+00:00
[2023-05-30T11:32:07.320+0000] {standard_task_runner.py:55} INFO - Started process 4024 to run task
[2023-05-30T11:32:07.324+0000] {standard_task_runner.py:82} INFO - Running: ['***', 'tasks', 'run', 'our_first_dag_v5', 'thrid_task', 'scheduled__2022-03-21T00:00:00+00:00', '--job-id', '713', '--raw', '--subdir', 'DAGS_FOLDER/first_Dag.py', '--cfg-path', '/tmp/tmppe6e_bla']
[2023-05-30T11:32:07.332+0000] {standard_task_runner.py:83} INFO - Job 713: Subtask thrid_task
[2023-05-30T11:32:07.700+0000] {task_command.py:389} INFO - Running <TaskInstance: our_first_dag_v5.thrid_task scheduled__2022-03-21T00:00:00+00:00 [running]> on host 49219f98c96e
[2023-05-30T11:32:08.091+0000] {taskinstance.py:1513} INFO - Exporting the following env vars:
AIRFLOW_CTX_DAG_OWNER=coder2j
AIRFLOW_CTX_DAG_ID=our_first_dag_v5
AIRFLOW_CTX_TASK_ID=thrid_task
AIRFLOW_CTX_EXECUTION_DATE=2022-03-21T00:00:00+00:00
AIRFLOW_CTX_TRY_NUMBER=1
AIRFLOW_CTX_DAG_RUN_ID=scheduled__2022-03-21T00:00:00+00:00
[2023-05-30T11:32:08.097+0000] {subprocess.py:63} INFO - Tmp dir root location: 
 /tmp
[2023-05-30T11:32:08.100+0000] {subprocess.py:75} INFO - Running command: ['/bin/bash', '-c', 'echo hey, I am task3 and will be running after task1 at the same time as task2!']
[2023-05-30T11:32:08.143+0000] {subprocess.py:86} INFO - Output:
[2023-05-30T11:32:08.147+0000] {subprocess.py:93} INFO - hey, I am task3 and will be running after task1 at the same time as task2!
[2023-05-30T11:32:08.149+0000] {subprocess.py:97} INFO - Command exited with return code 0
[2023-05-30T11:32:08.241+0000] {taskinstance.py:1327} INFO - Marking task as SUCCESS. dag_id=our_first_dag_v5, task_id=thrid_task, execution_date=20220321T000000, start_date=20230530T113207, end_date=20230530T113208
[2023-05-30T11:32:08.338+0000] {local_task_job.py:159} INFO - Task exited with return code 0
[2023-05-30T11:32:08.388+0000] {taskinstance.py:2582} INFO - 0 downstream tasks scheduled from follow-on schedule check
