[2023-05-30T12:32:43.907+0000] {taskinstance.py:1087} INFO - Dependencies all met for <TaskInstance: our_dag_with_python_operator_v07.get_age scheduled__2022-03-04T00:00:00+00:00 [queued]>
[2023-05-30T12:32:43.966+0000] {taskinstance.py:1087} INFO - Dependencies all met for <TaskInstance: our_dag_with_python_operator_v07.get_age scheduled__2022-03-04T00:00:00+00:00 [queued]>
[2023-05-30T12:32:43.979+0000] {taskinstance.py:1283} INFO - 
--------------------------------------------------------------------------------
[2023-05-30T12:32:43.981+0000] {taskinstance.py:1284} INFO - Starting attempt 1 of 6
[2023-05-30T12:32:43.982+0000] {taskinstance.py:1285} INFO - 
--------------------------------------------------------------------------------
[2023-05-30T12:32:44.177+0000] {taskinstance.py:1304} INFO - Executing <Task(PythonOperator): get_age> on 2022-03-04 00:00:00+00:00
[2023-05-30T12:32:44.242+0000] {standard_task_runner.py:55} INFO - Started process 10199 to run task
[2023-05-30T12:32:44.284+0000] {standard_task_runner.py:82} INFO - Running: ['***', 'tasks', 'run', 'our_dag_with_python_operator_v07', 'get_age', 'scheduled__2022-03-04T00:00:00+00:00', '--job-id', '1564', '--raw', '--subdir', 'DAGS_FOLDER/dag_python_opr.py', '--cfg-path', '/tmp/tmpi8tbr92p']
[2023-05-30T12:32:44.292+0000] {standard_task_runner.py:83} INFO - Job 1564: Subtask get_age
[2023-05-30T12:32:44.533+0000] {task_command.py:389} INFO - Running <TaskInstance: our_dag_with_python_operator_v07.get_age scheduled__2022-03-04T00:00:00+00:00 [running]> on host 49219f98c96e
[2023-05-30T12:32:44.819+0000] {taskinstance.py:1513} INFO - Exporting the following env vars:
AIRFLOW_CTX_DAG_OWNER=coder2j
AIRFLOW_CTX_DAG_ID=our_dag_with_python_operator_v07
AIRFLOW_CTX_TASK_ID=get_age
AIRFLOW_CTX_EXECUTION_DATE=2022-03-04T00:00:00+00:00
AIRFLOW_CTX_TRY_NUMBER=1
AIRFLOW_CTX_DAG_RUN_ID=scheduled__2022-03-04T00:00:00+00:00
[2023-05-30T12:32:44.867+0000] {python.py:177} INFO - Done. Returned value was: None
[2023-05-30T12:32:44.898+0000] {taskinstance.py:1327} INFO - Marking task as SUCCESS. dag_id=our_dag_with_python_operator_v07, task_id=get_age, execution_date=20220304T000000, start_date=20230530T123243, end_date=20230530T123244
[2023-05-30T12:32:44.969+0000] {local_task_job.py:159} INFO - Task exited with return code 0
[2023-05-30T12:32:45.052+0000] {taskinstance.py:2582} INFO - 0 downstream tasks scheduled from follow-on schedule check
[2023-06-07T06:36:27.854+0000] {taskinstance.py:1087} INFO - Dependencies all met for <TaskInstance: our_dag_with_python_operator_v07.get_age scheduled__2022-03-04T00:00:00+00:00 [queued]>
[2023-06-07T06:36:28.278+0000] {taskinstance.py:1087} INFO - Dependencies all met for <TaskInstance: our_dag_with_python_operator_v07.get_age scheduled__2022-03-04T00:00:00+00:00 [queued]>
[2023-06-07T06:36:28.280+0000] {taskinstance.py:1283} INFO - 
--------------------------------------------------------------------------------
[2023-06-07T06:36:28.284+0000] {taskinstance.py:1284} INFO - Starting attempt 1 of 6
[2023-06-07T06:36:28.293+0000] {taskinstance.py:1285} INFO - 
--------------------------------------------------------------------------------
[2023-06-07T06:36:28.676+0000] {taskinstance.py:1304} INFO - Executing <Task(PythonOperator): get_age> on 2022-03-04 00:00:00+00:00
[2023-06-07T06:36:28.710+0000] {standard_task_runner.py:55} INFO - Started process 2740 to run task
[2023-06-07T06:36:28.742+0000] {standard_task_runner.py:82} INFO - Running: ['***', 'tasks', 'run', 'our_dag_with_python_operator_v07', 'get_age', 'scheduled__2022-03-04T00:00:00+00:00', '--job-id', '1844', '--raw', '--subdir', 'DAGS_FOLDER/dag_python_opr.py', '--cfg-path', '/tmp/tmpja_52ypq']
[2023-06-07T06:36:28.746+0000] {standard_task_runner.py:83} INFO - Job 1844: Subtask get_age
[2023-06-07T06:36:29.525+0000] {task_command.py:389} INFO - Running <TaskInstance: our_dag_with_python_operator_v07.get_age scheduled__2022-03-04T00:00:00+00:00 [running]> on host 026ed797f3b3
[2023-06-07T06:36:30.929+0000] {taskinstance.py:1513} INFO - Exporting the following env vars:
AIRFLOW_CTX_DAG_OWNER=coder2j
AIRFLOW_CTX_DAG_ID=our_dag_with_python_operator_v07
AIRFLOW_CTX_TASK_ID=get_age
AIRFLOW_CTX_EXECUTION_DATE=2022-03-04T00:00:00+00:00
AIRFLOW_CTX_TRY_NUMBER=1
AIRFLOW_CTX_DAG_RUN_ID=scheduled__2022-03-04T00:00:00+00:00
[2023-06-07T06:36:31.016+0000] {python.py:177} INFO - Done. Returned value was: None
[2023-06-07T06:36:31.116+0000] {taskinstance.py:1327} INFO - Marking task as SUCCESS. dag_id=our_dag_with_python_operator_v07, task_id=get_age, execution_date=20220304T000000, start_date=20230607T063627, end_date=20230607T063631
[2023-06-07T06:36:31.501+0000] {local_task_job.py:159} INFO - Task exited with return code 0
[2023-06-07T06:36:31.991+0000] {taskinstance.py:2582} INFO - 0 downstream tasks scheduled from follow-on schedule check
