[2023-05-30T12:34:13.239+0000] {taskinstance.py:1087} INFO - Dependencies all met for <TaskInstance: our_dag_with_python_operator_v07.greet scheduled__2022-05-21T00:00:00+00:00 [queued]>
[2023-05-30T12:34:13.258+0000] {taskinstance.py:1087} INFO - Dependencies all met for <TaskInstance: our_dag_with_python_operator_v07.greet scheduled__2022-05-21T00:00:00+00:00 [queued]>
[2023-05-30T12:34:13.260+0000] {taskinstance.py:1283} INFO - 
--------------------------------------------------------------------------------
[2023-05-30T12:34:13.261+0000] {taskinstance.py:1284} INFO - Starting attempt 1 of 6
[2023-05-30T12:34:13.263+0000] {taskinstance.py:1285} INFO - 
--------------------------------------------------------------------------------
[2023-05-30T12:34:13.287+0000] {taskinstance.py:1304} INFO - Executing <Task(PythonOperator): greet> on 2022-05-21 00:00:00+00:00
[2023-05-30T12:34:13.295+0000] {standard_task_runner.py:55} INFO - Started process 10764 to run task
[2023-05-30T12:34:13.301+0000] {standard_task_runner.py:82} INFO - Running: ['***', 'tasks', 'run', 'our_dag_with_python_operator_v07', 'greet', 'scheduled__2022-05-21T00:00:00+00:00', '--job-id', '1808', '--raw', '--subdir', 'DAGS_FOLDER/dag_python_opr.py', '--cfg-path', '/tmp/tmpaaskulet']
[2023-05-30T12:34:13.303+0000] {standard_task_runner.py:83} INFO - Job 1808: Subtask greet
[2023-05-30T12:34:13.420+0000] {task_command.py:389} INFO - Running <TaskInstance: our_dag_with_python_operator_v07.greet scheduled__2022-05-21T00:00:00+00:00 [running]> on host 49219f98c96e
[2023-05-30T12:34:13.533+0000] {taskinstance.py:1513} INFO - Exporting the following env vars:
AIRFLOW_CTX_DAG_OWNER=coder2j
AIRFLOW_CTX_DAG_ID=our_dag_with_python_operator_v07
AIRFLOW_CTX_TASK_ID=greet
AIRFLOW_CTX_EXECUTION_DATE=2022-05-21T00:00:00+00:00
AIRFLOW_CTX_TRY_NUMBER=1
AIRFLOW_CTX_DAG_RUN_ID=scheduled__2022-05-21T00:00:00+00:00
[2023-05-30T12:34:13.537+0000] {logging_mixin.py:137} INFO - some dict:  {'a': 1, 'b': 2}
[2023-05-30T12:34:13.595+0000] {logging_mixin.py:137} INFO - Hello World! My name is Jerry Fridman, and I am 19 years old!
[2023-05-30T12:34:13.597+0000] {python.py:177} INFO - Done. Returned value was: None
[2023-05-30T12:34:13.620+0000] {taskinstance.py:1327} INFO - Marking task as SUCCESS. dag_id=our_dag_with_python_operator_v07, task_id=greet, execution_date=20220521T000000, start_date=20230530T123413, end_date=20230530T123413
[2023-05-30T12:34:13.676+0000] {local_task_job.py:159} INFO - Task exited with return code 0
[2023-05-30T12:34:13.714+0000] {taskinstance.py:2582} INFO - 0 downstream tasks scheduled from follow-on schedule check
[2023-06-07T06:39:51.978+0000] {taskinstance.py:1087} INFO - Dependencies all met for <TaskInstance: our_dag_with_python_operator_v07.greet scheduled__2022-05-21T00:00:00+00:00 [queued]>
[2023-06-07T06:39:52.041+0000] {taskinstance.py:1087} INFO - Dependencies all met for <TaskInstance: our_dag_with_python_operator_v07.greet scheduled__2022-05-21T00:00:00+00:00 [queued]>
[2023-06-07T06:39:52.044+0000] {taskinstance.py:1283} INFO - 
--------------------------------------------------------------------------------
[2023-06-07T06:39:52.048+0000] {taskinstance.py:1284} INFO - Starting attempt 1 of 6
[2023-06-07T06:39:52.051+0000] {taskinstance.py:1285} INFO - 
--------------------------------------------------------------------------------
[2023-06-07T06:39:52.127+0000] {taskinstance.py:1304} INFO - Executing <Task(PythonOperator): greet> on 2022-05-21 00:00:00+00:00
[2023-06-07T06:39:52.152+0000] {standard_task_runner.py:55} INFO - Started process 4064 to run task
[2023-06-07T06:39:52.165+0000] {standard_task_runner.py:82} INFO - Running: ['***', 'tasks', 'run', 'our_dag_with_python_operator_v07', 'greet', 'scheduled__2022-05-21T00:00:00+00:00', '--job-id', '2319', '--raw', '--subdir', 'DAGS_FOLDER/dag_python_opr.py', '--cfg-path', '/tmp/tmp8fy9so_b']
[2023-06-07T06:39:52.167+0000] {standard_task_runner.py:83} INFO - Job 2319: Subtask greet
[2023-06-07T06:39:52.458+0000] {task_command.py:389} INFO - Running <TaskInstance: our_dag_with_python_operator_v07.greet scheduled__2022-05-21T00:00:00+00:00 [running]> on host 026ed797f3b3
[2023-06-07T06:39:52.671+0000] {taskinstance.py:1513} INFO - Exporting the following env vars:
AIRFLOW_CTX_DAG_OWNER=coder2j
AIRFLOW_CTX_DAG_ID=our_dag_with_python_operator_v07
AIRFLOW_CTX_TASK_ID=greet
AIRFLOW_CTX_EXECUTION_DATE=2022-05-21T00:00:00+00:00
AIRFLOW_CTX_TRY_NUMBER=1
AIRFLOW_CTX_DAG_RUN_ID=scheduled__2022-05-21T00:00:00+00:00
[2023-06-07T06:39:52.676+0000] {logging_mixin.py:137} INFO - some dict:  {'a': 1, 'b': 2}
[2023-06-07T06:39:52.769+0000] {logging_mixin.py:137} INFO - Hello World! My name is Jerry Fridman, and I am 19 years old!
[2023-06-07T06:39:52.774+0000] {python.py:177} INFO - Done. Returned value was: None
[2023-06-07T06:39:52.799+0000] {taskinstance.py:1327} INFO - Marking task as SUCCESS. dag_id=our_dag_with_python_operator_v07, task_id=greet, execution_date=20220521T000000, start_date=20230607T063951, end_date=20230607T063952
[2023-06-07T06:39:52.868+0000] {local_task_job.py:159} INFO - Task exited with return code 0
[2023-06-07T06:39:52.924+0000] {taskinstance.py:2582} INFO - 0 downstream tasks scheduled from follow-on schedule check
