[2023-05-30T11:30:55.785+0000] {taskinstance.py:1087} INFO - Dependencies all met for <TaskInstance: our_first_dag_v5.second_task scheduled__2022-01-15T00:00:00+00:00 [queued]>
[2023-05-30T11:30:55.839+0000] {taskinstance.py:1087} INFO - Dependencies all met for <TaskInstance: our_first_dag_v5.second_task scheduled__2022-01-15T00:00:00+00:00 [queued]>
[2023-05-30T11:30:55.843+0000] {taskinstance.py:1283} INFO - 
--------------------------------------------------------------------------------
[2023-05-30T11:30:55.848+0000] {taskinstance.py:1284} INFO - Starting attempt 1 of 6
[2023-05-30T11:30:55.860+0000] {taskinstance.py:1285} INFO - 
--------------------------------------------------------------------------------
[2023-05-30T11:30:55.902+0000] {taskinstance.py:1304} INFO - Executing <Task(BashOperator): second_task> on 2022-01-15 00:00:00+00:00
[2023-05-30T11:30:55.917+0000] {standard_task_runner.py:55} INFO - Started process 3371 to run task
[2023-05-30T11:30:55.949+0000] {standard_task_runner.py:82} INFO - Running: ['***', 'tasks', 'run', 'our_first_dag_v5', 'second_task', 'scheduled__2022-01-15T00:00:00+00:00', '--job-id', '515', '--raw', '--subdir', 'DAGS_FOLDER/first_Dag.py', '--cfg-path', '/tmp/tmpp41sbedp']
[2023-05-30T11:30:55.954+0000] {standard_task_runner.py:83} INFO - Job 515: Subtask second_task
[2023-05-30T11:30:56.240+0000] {task_command.py:389} INFO - Running <TaskInstance: our_first_dag_v5.second_task scheduled__2022-01-15T00:00:00+00:00 [running]> on host 49219f98c96e
[2023-05-30T11:30:56.468+0000] {taskinstance.py:1513} INFO - Exporting the following env vars:
AIRFLOW_CTX_DAG_OWNER=coder2j
AIRFLOW_CTX_DAG_ID=our_first_dag_v5
AIRFLOW_CTX_TASK_ID=second_task
AIRFLOW_CTX_EXECUTION_DATE=2022-01-15T00:00:00+00:00
AIRFLOW_CTX_TRY_NUMBER=1
AIRFLOW_CTX_DAG_RUN_ID=scheduled__2022-01-15T00:00:00+00:00
[2023-05-30T11:30:56.473+0000] {subprocess.py:63} INFO - Tmp dir root location: 
 /tmp
[2023-05-30T11:30:56.476+0000] {subprocess.py:75} INFO - Running command: ['/bin/bash', '-c', 'echo hey, I am task2 and will be running after task1!']
[2023-05-30T11:30:56.511+0000] {subprocess.py:86} INFO - Output:
[2023-05-30T11:30:56.518+0000] {subprocess.py:93} INFO - hey, I am task2 and will be running after task1!
[2023-05-30T11:30:56.523+0000] {subprocess.py:97} INFO - Command exited with return code 0
[2023-05-30T11:30:56.593+0000] {taskinstance.py:1327} INFO - Marking task as SUCCESS. dag_id=our_first_dag_v5, task_id=second_task, execution_date=20220115T000000, start_date=20230530T113055, end_date=20230530T113056
[2023-05-30T11:30:56.677+0000] {local_task_job.py:159} INFO - Task exited with return code 0
[2023-05-30T11:30:56.738+0000] {taskinstance.py:2582} INFO - 0 downstream tasks scheduled from follow-on schedule check
[2023-06-07T06:37:51.021+0000] {taskinstance.py:1087} INFO - Dependencies all met for <TaskInstance: our_first_dag_v5.second_task scheduled__2022-01-15T00:00:00+00:00 [queued]>
[2023-06-07T06:37:51.120+0000] {taskinstance.py:1087} INFO - Dependencies all met for <TaskInstance: our_first_dag_v5.second_task scheduled__2022-01-15T00:00:00+00:00 [queued]>
[2023-06-07T06:37:51.121+0000] {taskinstance.py:1283} INFO - 
--------------------------------------------------------------------------------
[2023-06-07T06:37:51.123+0000] {taskinstance.py:1284} INFO - Starting attempt 1 of 6
[2023-06-07T06:37:51.124+0000] {taskinstance.py:1285} INFO - 
--------------------------------------------------------------------------------
[2023-06-07T06:37:51.299+0000] {taskinstance.py:1304} INFO - Executing <Task(BashOperator): second_task> on 2022-01-15 00:00:00+00:00
[2023-06-07T06:37:51.323+0000] {standard_task_runner.py:55} INFO - Started process 3278 to run task
[2023-06-07T06:37:51.374+0000] {standard_task_runner.py:82} INFO - Running: ['***', 'tasks', 'run', 'our_first_dag_v5', 'second_task', 'scheduled__2022-01-15T00:00:00+00:00', '--job-id', '2034', '--raw', '--subdir', 'DAGS_FOLDER/first_Dag.py', '--cfg-path', '/tmp/tmpb03muah_']
[2023-06-07T06:37:51.387+0000] {standard_task_runner.py:83} INFO - Job 2034: Subtask second_task
[2023-06-07T06:37:51.905+0000] {task_command.py:389} INFO - Running <TaskInstance: our_first_dag_v5.second_task scheduled__2022-01-15T00:00:00+00:00 [running]> on host 026ed797f3b3
[2023-06-07T06:37:52.494+0000] {taskinstance.py:1513} INFO - Exporting the following env vars:
AIRFLOW_CTX_DAG_OWNER=coder2j
AIRFLOW_CTX_DAG_ID=our_first_dag_v5
AIRFLOW_CTX_TASK_ID=second_task
AIRFLOW_CTX_EXECUTION_DATE=2022-01-15T00:00:00+00:00
AIRFLOW_CTX_TRY_NUMBER=1
AIRFLOW_CTX_DAG_RUN_ID=scheduled__2022-01-15T00:00:00+00:00
[2023-06-07T06:37:52.498+0000] {subprocess.py:63} INFO - Tmp dir root location: 
 /tmp
[2023-06-07T06:37:52.502+0000] {subprocess.py:75} INFO - Running command: ['/bin/bash', '-c', 'echo hey, I am task2 and will be running after task1!']
[2023-06-07T06:37:52.579+0000] {subprocess.py:86} INFO - Output:
[2023-06-07T06:37:52.591+0000] {subprocess.py:93} INFO - hey, I am task2 and will be running after task1!
[2023-06-07T06:37:52.603+0000] {subprocess.py:97} INFO - Command exited with return code 0
[2023-06-07T06:37:52.742+0000] {taskinstance.py:1327} INFO - Marking task as SUCCESS. dag_id=our_first_dag_v5, task_id=second_task, execution_date=20220115T000000, start_date=20230607T063751, end_date=20230607T063752
[2023-06-07T06:37:52.885+0000] {local_task_job.py:159} INFO - Task exited with return code 0
[2023-06-07T06:37:53.003+0000] {taskinstance.py:2582} INFO - 0 downstream tasks scheduled from follow-on schedule check
