[2023-05-30T12:34:59.939+0000] {taskinstance.py:1087} INFO - Dependencies all met for <TaskInstance: our_dag_with_python_operator_v07.get_name scheduled__2022-07-04T00:00:00+00:00 [queued]>
[2023-05-30T12:34:59.962+0000] {taskinstance.py:1087} INFO - Dependencies all met for <TaskInstance: our_dag_with_python_operator_v07.get_name scheduled__2022-07-04T00:00:00+00:00 [queued]>
[2023-05-30T12:34:59.973+0000] {taskinstance.py:1283} INFO - 
--------------------------------------------------------------------------------
[2023-05-30T12:34:59.974+0000] {taskinstance.py:1284} INFO - Starting attempt 1 of 6
[2023-05-30T12:34:59.975+0000] {taskinstance.py:1285} INFO - 
--------------------------------------------------------------------------------
[2023-05-30T12:35:00.025+0000] {taskinstance.py:1304} INFO - Executing <Task(PythonOperator): get_name> on 2022-07-04 00:00:00+00:00
[2023-05-30T12:35:00.038+0000] {standard_task_runner.py:55} INFO - Started process 11066 to run task
[2023-05-30T12:35:00.058+0000] {standard_task_runner.py:82} INFO - Running: ['***', 'tasks', 'run', 'our_dag_with_python_operator_v07', 'get_name', 'scheduled__2022-07-04T00:00:00+00:00', '--job-id', '1932', '--raw', '--subdir', 'DAGS_FOLDER/dag_python_opr.py', '--cfg-path', '/tmp/tmpcikeot9x']
[2023-05-30T12:35:00.061+0000] {standard_task_runner.py:83} INFO - Job 1932: Subtask get_name
[2023-05-30T12:35:00.430+0000] {task_command.py:389} INFO - Running <TaskInstance: our_dag_with_python_operator_v07.get_name scheduled__2022-07-04T00:00:00+00:00 [running]> on host 49219f98c96e
[2023-05-30T12:35:00.689+0000] {taskinstance.py:1513} INFO - Exporting the following env vars:
AIRFLOW_CTX_DAG_OWNER=coder2j
AIRFLOW_CTX_DAG_ID=our_dag_with_python_operator_v07
AIRFLOW_CTX_TASK_ID=get_name
AIRFLOW_CTX_EXECUTION_DATE=2022-07-04T00:00:00+00:00
AIRFLOW_CTX_TRY_NUMBER=1
AIRFLOW_CTX_DAG_RUN_ID=scheduled__2022-07-04T00:00:00+00:00
[2023-05-30T12:35:00.782+0000] {python.py:177} INFO - Done. Returned value was: None
[2023-05-30T12:35:00.815+0000] {taskinstance.py:1327} INFO - Marking task as SUCCESS. dag_id=our_dag_with_python_operator_v07, task_id=get_name, execution_date=20220704T000000, start_date=20230530T123459, end_date=20230530T123500
[2023-05-30T12:35:00.900+0000] {local_task_job.py:159} INFO - Task exited with return code 0
[2023-05-30T12:35:00.979+0000] {taskinstance.py:2582} INFO - 0 downstream tasks scheduled from follow-on schedule check
