[2023-05-30T11:30:12.432+0000] {taskinstance.py:1087} INFO - Dependencies all met for <TaskInstance: our_first_dag_v5.second_task scheduled__2021-12-07T00:00:00+00:00 [queued]>
[2023-05-30T11:30:12.472+0000] {taskinstance.py:1087} INFO - Dependencies all met for <TaskInstance: our_first_dag_v5.second_task scheduled__2021-12-07T00:00:00+00:00 [queued]>
[2023-05-30T11:30:12.477+0000] {taskinstance.py:1283} INFO - 
--------------------------------------------------------------------------------
[2023-05-30T11:30:12.479+0000] {taskinstance.py:1284} INFO - Starting attempt 1 of 6
[2023-05-30T11:30:12.482+0000] {taskinstance.py:1285} INFO - 
--------------------------------------------------------------------------------
[2023-05-30T11:30:12.544+0000] {taskinstance.py:1304} INFO - Executing <Task(BashOperator): second_task> on 2021-12-07 00:00:00+00:00
[2023-05-30T11:30:12.554+0000] {standard_task_runner.py:55} INFO - Started process 2967 to run task
[2023-05-30T11:30:12.579+0000] {standard_task_runner.py:82} INFO - Running: ['***', 'tasks', 'run', 'our_first_dag_v5', 'second_task', 'scheduled__2021-12-07T00:00:00+00:00', '--job-id', '393', '--raw', '--subdir', 'DAGS_FOLDER/first_Dag.py', '--cfg-path', '/tmp/tmp7by32v2c']
[2023-05-30T11:30:12.582+0000] {standard_task_runner.py:83} INFO - Job 393: Subtask second_task
[2023-05-30T11:30:12.781+0000] {task_command.py:389} INFO - Running <TaskInstance: our_first_dag_v5.second_task scheduled__2021-12-07T00:00:00+00:00 [running]> on host 49219f98c96e
[2023-05-30T11:30:12.988+0000] {taskinstance.py:1513} INFO - Exporting the following env vars:
AIRFLOW_CTX_DAG_OWNER=coder2j
AIRFLOW_CTX_DAG_ID=our_first_dag_v5
AIRFLOW_CTX_TASK_ID=second_task
AIRFLOW_CTX_EXECUTION_DATE=2021-12-07T00:00:00+00:00
AIRFLOW_CTX_TRY_NUMBER=1
AIRFLOW_CTX_DAG_RUN_ID=scheduled__2021-12-07T00:00:00+00:00
[2023-05-30T11:30:12.993+0000] {subprocess.py:63} INFO - Tmp dir root location: 
 /tmp
[2023-05-30T11:30:12.995+0000] {subprocess.py:75} INFO - Running command: ['/bin/bash', '-c', 'echo hey, I am task2 and will be running after task1!']
[2023-05-30T11:30:13.019+0000] {subprocess.py:86} INFO - Output:
[2023-05-30T11:30:13.034+0000] {subprocess.py:93} INFO - hey, I am task2 and will be running after task1!
[2023-05-30T11:30:13.039+0000] {subprocess.py:97} INFO - Command exited with return code 0
[2023-05-30T11:30:13.115+0000] {taskinstance.py:1327} INFO - Marking task as SUCCESS. dag_id=our_first_dag_v5, task_id=second_task, execution_date=20211207T000000, start_date=20230530T113012, end_date=20230530T113013
[2023-05-30T11:30:13.196+0000] {local_task_job.py:159} INFO - Task exited with return code 0
[2023-05-30T11:30:13.251+0000] {taskinstance.py:2582} INFO - 0 downstream tasks scheduled from follow-on schedule check
[2023-06-07T06:36:01.631+0000] {taskinstance.py:1087} INFO - Dependencies all met for <TaskInstance: our_first_dag_v5.second_task scheduled__2021-12-07T00:00:00+00:00 [queued]>
[2023-06-07T06:36:01.774+0000] {taskinstance.py:1087} INFO - Dependencies all met for <TaskInstance: our_first_dag_v5.second_task scheduled__2021-12-07T00:00:00+00:00 [queued]>
[2023-06-07T06:36:01.777+0000] {taskinstance.py:1283} INFO - 
--------------------------------------------------------------------------------
[2023-06-07T06:36:01.780+0000] {taskinstance.py:1284} INFO - Starting attempt 1 of 6
[2023-06-07T06:36:01.782+0000] {taskinstance.py:1285} INFO - 
--------------------------------------------------------------------------------
[2023-06-07T06:36:01.915+0000] {taskinstance.py:1304} INFO - Executing <Task(BashOperator): second_task> on 2021-12-07 00:00:00+00:00
[2023-06-07T06:36:02.011+0000] {standard_task_runner.py:55} INFO - Started process 2610 to run task
[2023-06-07T06:36:02.106+0000] {standard_task_runner.py:82} INFO - Running: ['***', 'tasks', 'run', 'our_first_dag_v5', 'second_task', 'scheduled__2021-12-07T00:00:00+00:00', '--job-id', '1798', '--raw', '--subdir', 'DAGS_FOLDER/first_Dag.py', '--cfg-path', '/tmp/tmp296ktabv']
[2023-06-07T06:36:02.126+0000] {standard_task_runner.py:83} INFO - Job 1798: Subtask second_task
[2023-06-07T06:36:02.712+0000] {task_command.py:389} INFO - Running <TaskInstance: our_first_dag_v5.second_task scheduled__2021-12-07T00:00:00+00:00 [running]> on host 026ed797f3b3
[2023-06-07T06:36:03.467+0000] {taskinstance.py:1513} INFO - Exporting the following env vars:
AIRFLOW_CTX_DAG_OWNER=coder2j
AIRFLOW_CTX_DAG_ID=our_first_dag_v5
AIRFLOW_CTX_TASK_ID=second_task
AIRFLOW_CTX_EXECUTION_DATE=2021-12-07T00:00:00+00:00
AIRFLOW_CTX_TRY_NUMBER=1
AIRFLOW_CTX_DAG_RUN_ID=scheduled__2021-12-07T00:00:00+00:00
[2023-06-07T06:36:03.471+0000] {subprocess.py:63} INFO - Tmp dir root location: 
 /tmp
[2023-06-07T06:36:03.474+0000] {subprocess.py:75} INFO - Running command: ['/bin/bash', '-c', 'echo hey, I am task2 and will be running after task1!']
[2023-06-07T06:36:03.604+0000] {subprocess.py:86} INFO - Output:
[2023-06-07T06:36:03.628+0000] {subprocess.py:93} INFO - hey, I am task2 and will be running after task1!
[2023-06-07T06:36:03.630+0000] {subprocess.py:97} INFO - Command exited with return code 0
[2023-06-07T06:36:04.123+0000] {taskinstance.py:1327} INFO - Marking task as SUCCESS. dag_id=our_first_dag_v5, task_id=second_task, execution_date=20211207T000000, start_date=20230607T063601, end_date=20230607T063604
[2023-06-07T06:36:04.338+0000] {local_task_job.py:159} INFO - Task exited with return code 0
[2023-06-07T06:36:04.421+0000] {taskinstance.py:2582} INFO - 0 downstream tasks scheduled from follow-on schedule check
