[2023-05-30T11:30:27.826+0000] {taskinstance.py:1087} INFO - Dependencies all met for <TaskInstance: our_first_dag_v5.first_task scheduled__2021-12-18T00:00:00+00:00 [queued]>
[2023-05-30T11:30:27.844+0000] {taskinstance.py:1087} INFO - Dependencies all met for <TaskInstance: our_first_dag_v5.first_task scheduled__2021-12-18T00:00:00+00:00 [queued]>
[2023-05-30T11:30:27.847+0000] {taskinstance.py:1283} INFO - 
--------------------------------------------------------------------------------
[2023-05-30T11:30:27.849+0000] {taskinstance.py:1284} INFO - Starting attempt 1 of 6
[2023-05-30T11:30:27.851+0000] {taskinstance.py:1285} INFO - 
--------------------------------------------------------------------------------
[2023-05-30T11:30:27.876+0000] {taskinstance.py:1304} INFO - Executing <Task(BashOperator): first_task> on 2021-12-18 00:00:00+00:00
[2023-05-30T11:30:27.886+0000] {standard_task_runner.py:55} INFO - Started process 3088 to run task
[2023-05-30T11:30:27.901+0000] {standard_task_runner.py:82} INFO - Running: ['***', 'tasks', 'run', 'our_first_dag_v5', 'first_task', 'scheduled__2021-12-18T00:00:00+00:00', '--job-id', '429', '--raw', '--subdir', 'DAGS_FOLDER/first_Dag.py', '--cfg-path', '/tmp/tmpqq9vfoek']
[2023-05-30T11:30:27.903+0000] {standard_task_runner.py:83} INFO - Job 429: Subtask first_task
[2023-05-30T11:30:28.065+0000] {task_command.py:389} INFO - Running <TaskInstance: our_first_dag_v5.first_task scheduled__2021-12-18T00:00:00+00:00 [running]> on host 49219f98c96e
[2023-05-30T11:30:28.229+0000] {taskinstance.py:1513} INFO - Exporting the following env vars:
AIRFLOW_CTX_DAG_OWNER=coder2j
AIRFLOW_CTX_DAG_ID=our_first_dag_v5
AIRFLOW_CTX_TASK_ID=first_task
AIRFLOW_CTX_EXECUTION_DATE=2021-12-18T00:00:00+00:00
AIRFLOW_CTX_TRY_NUMBER=1
AIRFLOW_CTX_DAG_RUN_ID=scheduled__2021-12-18T00:00:00+00:00
[2023-05-30T11:30:28.234+0000] {subprocess.py:63} INFO - Tmp dir root location: 
 /tmp
[2023-05-30T11:30:28.241+0000] {subprocess.py:75} INFO - Running command: ['/bin/bash', '-c', 'echo hello world, this is the first task!']
[2023-05-30T11:30:28.282+0000] {subprocess.py:86} INFO - Output:
[2023-05-30T11:30:28.284+0000] {subprocess.py:93} INFO - hello world, this is the first task!
[2023-05-30T11:30:28.286+0000] {subprocess.py:97} INFO - Command exited with return code 0
[2023-05-30T11:30:28.335+0000] {taskinstance.py:1327} INFO - Marking task as SUCCESS. dag_id=our_first_dag_v5, task_id=first_task, execution_date=20211218T000000, start_date=20230530T113027, end_date=20230530T113028
[2023-05-30T11:30:28.395+0000] {local_task_job.py:159} INFO - Task exited with return code 0
[2023-05-30T11:30:28.439+0000] {taskinstance.py:2582} INFO - 2 downstream tasks scheduled from follow-on schedule check
