[2023-06-01T13:02:14.819+0000] {taskinstance.py:1087} INFO - Dependencies all met for <TaskInstance: dag_with_postgres_operator_v03.create_postgres_table manual__2023-06-01T13:02:13.388597+00:00 [queued]>
[2023-06-01T13:02:14.836+0000] {taskinstance.py:1087} INFO - Dependencies all met for <TaskInstance: dag_with_postgres_operator_v03.create_postgres_table manual__2023-06-01T13:02:13.388597+00:00 [queued]>
[2023-06-01T13:02:14.837+0000] {taskinstance.py:1283} INFO - 
--------------------------------------------------------------------------------
[2023-06-01T13:02:14.838+0000] {taskinstance.py:1284} INFO - Starting attempt 1 of 6
[2023-06-01T13:02:14.839+0000] {taskinstance.py:1285} INFO - 
--------------------------------------------------------------------------------
[2023-06-01T13:02:14.859+0000] {taskinstance.py:1304} INFO - Executing <Task(PostgresOperator): create_postgres_table> on 2023-06-01 13:02:13.388597+00:00
[2023-06-01T13:02:14.866+0000] {standard_task_runner.py:55} INFO - Started process 280 to run task
[2023-06-01T13:02:14.872+0000] {standard_task_runner.py:82} INFO - Running: ['***', 'tasks', 'run', 'dag_with_postgres_operator_v03', 'create_postgres_table', 'manual__2023-06-01T13:02:13.388597+00:00', '--job-id', '953', '--raw', '--subdir', 'DAGS_FOLDER/postgres.py', '--cfg-path', '/tmp/tmpheboyenz']
[2023-06-01T13:02:14.874+0000] {standard_task_runner.py:83} INFO - Job 953: Subtask create_postgres_table
[2023-06-01T13:02:14.986+0000] {task_command.py:389} INFO - Running <TaskInstance: dag_with_postgres_operator_v03.create_postgres_table manual__2023-06-01T13:02:13.388597+00:00 [running]> on host 687ba427e841
[2023-06-01T13:02:15.091+0000] {taskinstance.py:1513} INFO - Exporting the following env vars:
AIRFLOW_CTX_DAG_OWNER=coder2j
AIRFLOW_CTX_DAG_ID=dag_with_postgres_operator_v03
AIRFLOW_CTX_TASK_ID=create_postgres_table
AIRFLOW_CTX_EXECUTION_DATE=2023-06-01T13:02:13.388597+00:00
AIRFLOW_CTX_TRY_NUMBER=1
AIRFLOW_CTX_DAG_RUN_ID=manual__2023-06-01T13:02:13.388597+00:00
[2023-06-01T13:02:15.093+0000] {sql.py:253} INFO - Executing: 
            create table if not exists dag_runs (
                dt date,
                dag_id character varying, run_status character varying, schedule_time time, execution_time time,
                primary key (dt, dag_id)
            )
        
[2023-06-01T13:02:15.109+0000] {base.py:73} INFO - Using connection ID 'postgres_localhost' for task execution.
[2023-06-01T13:02:15.449+0000] {base.py:73} INFO - Using connection ID 'postgres_localhost' for task execution.
[2023-06-01T13:02:15.464+0000] {sql.py:364} INFO - Running statement: 
            create table if not exists dag_runs (
                dt date,
                dag_id character varying, run_status character varying, schedule_time time, execution_time time,
                primary key (dt, dag_id)
            )
        , parameters: None
[2023-06-01T13:02:15.483+0000] {taskinstance.py:1327} INFO - Marking task as SUCCESS. dag_id=dag_with_postgres_operator_v03, task_id=create_postgres_table, execution_date=20230601T130213, start_date=20230601T130214, end_date=20230601T130215
[2023-06-01T13:02:15.527+0000] {local_task_job.py:159} INFO - Task exited with return code 0
[2023-06-01T13:02:15.565+0000] {taskinstance.py:2582} INFO - 1 downstream tasks scheduled from follow-on schedule check
