[2023-05-30T11:31:11.511+0000] {taskinstance.py:1087} INFO - Dependencies all met for <TaskInstance: our_first_dag_v5.first_task scheduled__2022-01-30T00:00:00+00:00 [queued]>
[2023-05-30T11:31:11.540+0000] {taskinstance.py:1087} INFO - Dependencies all met for <TaskInstance: our_first_dag_v5.first_task scheduled__2022-01-30T00:00:00+00:00 [queued]>
[2023-05-30T11:31:11.542+0000] {taskinstance.py:1283} INFO - 
--------------------------------------------------------------------------------
[2023-05-30T11:31:11.543+0000] {taskinstance.py:1284} INFO - Starting attempt 1 of 6
[2023-05-30T11:31:11.544+0000] {taskinstance.py:1285} INFO - 
--------------------------------------------------------------------------------
[2023-05-30T11:31:11.572+0000] {taskinstance.py:1304} INFO - Executing <Task(BashOperator): first_task> on 2022-01-30 00:00:00+00:00
[2023-05-30T11:31:11.579+0000] {standard_task_runner.py:55} INFO - Started process 3508 to run task
[2023-05-30T11:31:11.595+0000] {standard_task_runner.py:82} INFO - Running: ['***', 'tasks', 'run', 'our_first_dag_v5', 'first_task', 'scheduled__2022-01-30T00:00:00+00:00', '--job-id', '556', '--raw', '--subdir', 'DAGS_FOLDER/first_Dag.py', '--cfg-path', '/tmp/tmppjp8a_10']
[2023-05-30T11:31:11.600+0000] {standard_task_runner.py:83} INFO - Job 556: Subtask first_task
[2023-05-30T11:31:11.758+0000] {task_command.py:389} INFO - Running <TaskInstance: our_first_dag_v5.first_task scheduled__2022-01-30T00:00:00+00:00 [running]> on host 49219f98c96e
[2023-05-30T11:31:11.951+0000] {taskinstance.py:1513} INFO - Exporting the following env vars:
AIRFLOW_CTX_DAG_OWNER=coder2j
AIRFLOW_CTX_DAG_ID=our_first_dag_v5
AIRFLOW_CTX_TASK_ID=first_task
AIRFLOW_CTX_EXECUTION_DATE=2022-01-30T00:00:00+00:00
AIRFLOW_CTX_TRY_NUMBER=1
AIRFLOW_CTX_DAG_RUN_ID=scheduled__2022-01-30T00:00:00+00:00
[2023-05-30T11:31:11.955+0000] {subprocess.py:63} INFO - Tmp dir root location: 
 /tmp
[2023-05-30T11:31:11.959+0000] {subprocess.py:75} INFO - Running command: ['/bin/bash', '-c', 'echo hello world, this is the first task!']
[2023-05-30T11:31:11.988+0000] {subprocess.py:86} INFO - Output:
[2023-05-30T11:31:11.994+0000] {subprocess.py:93} INFO - hello world, this is the first task!
[2023-05-30T11:31:11.997+0000] {subprocess.py:97} INFO - Command exited with return code 0
[2023-05-30T11:31:12.064+0000] {taskinstance.py:1327} INFO - Marking task as SUCCESS. dag_id=our_first_dag_v5, task_id=first_task, execution_date=20220130T000000, start_date=20230530T113111, end_date=20230530T113112
[2023-05-30T11:31:12.205+0000] {local_task_job.py:159} INFO - Task exited with return code 0
[2023-05-30T11:31:12.289+0000] {taskinstance.py:2582} INFO - 2 downstream tasks scheduled from follow-on schedule check
[2023-06-07T06:38:11.814+0000] {taskinstance.py:1087} INFO - Dependencies all met for <TaskInstance: our_first_dag_v5.first_task scheduled__2022-01-30T00:00:00+00:00 [queued]>
[2023-06-07T06:38:11.899+0000] {taskinstance.py:1087} INFO - Dependencies all met for <TaskInstance: our_first_dag_v5.first_task scheduled__2022-01-30T00:00:00+00:00 [queued]>
[2023-06-07T06:38:11.901+0000] {taskinstance.py:1283} INFO - 
--------------------------------------------------------------------------------
[2023-06-07T06:38:11.903+0000] {taskinstance.py:1284} INFO - Starting attempt 1 of 6
[2023-06-07T06:38:11.906+0000] {taskinstance.py:1285} INFO - 
--------------------------------------------------------------------------------
[2023-06-07T06:38:12.112+0000] {taskinstance.py:1304} INFO - Executing <Task(BashOperator): first_task> on 2022-01-30 00:00:00+00:00
[2023-06-07T06:38:12.136+0000] {standard_task_runner.py:55} INFO - Started process 3433 to run task
[2023-06-07T06:38:12.185+0000] {standard_task_runner.py:82} INFO - Running: ['***', 'tasks', 'run', 'our_first_dag_v5', 'first_task', 'scheduled__2022-01-30T00:00:00+00:00', '--job-id', '2092', '--raw', '--subdir', 'DAGS_FOLDER/first_Dag.py', '--cfg-path', '/tmp/tmplcyo4sew']
[2023-06-07T06:38:12.188+0000] {standard_task_runner.py:83} INFO - Job 2092: Subtask first_task
[2023-06-07T06:38:12.584+0000] {task_command.py:389} INFO - Running <TaskInstance: our_first_dag_v5.first_task scheduled__2022-01-30T00:00:00+00:00 [running]> on host 026ed797f3b3
[2023-06-07T06:38:13.088+0000] {taskinstance.py:1513} INFO - Exporting the following env vars:
AIRFLOW_CTX_DAG_OWNER=coder2j
AIRFLOW_CTX_DAG_ID=our_first_dag_v5
AIRFLOW_CTX_TASK_ID=first_task
AIRFLOW_CTX_EXECUTION_DATE=2022-01-30T00:00:00+00:00
AIRFLOW_CTX_TRY_NUMBER=1
AIRFLOW_CTX_DAG_RUN_ID=scheduled__2022-01-30T00:00:00+00:00
[2023-06-07T06:38:13.110+0000] {subprocess.py:63} INFO - Tmp dir root location: 
 /tmp
[2023-06-07T06:38:13.117+0000] {subprocess.py:75} INFO - Running command: ['/bin/bash', '-c', 'echo hello world, this is the first task!']
[2023-06-07T06:38:13.295+0000] {subprocess.py:86} INFO - Output:
[2023-06-07T06:38:13.316+0000] {subprocess.py:93} INFO - hello world, this is the first task!
[2023-06-07T06:38:13.321+0000] {subprocess.py:97} INFO - Command exited with return code 0
[2023-06-07T06:38:13.560+0000] {taskinstance.py:1327} INFO - Marking task as SUCCESS. dag_id=our_first_dag_v5, task_id=first_task, execution_date=20220130T000000, start_date=20230607T063811, end_date=20230607T063813
[2023-06-07T06:38:14.040+0000] {local_task_job.py:159} INFO - Task exited with return code 0
[2023-06-07T06:38:14.514+0000] {taskinstance.py:2582} INFO - 0 downstream tasks scheduled from follow-on schedule check
