[2023-05-30T11:31:57.797+0000] {taskinstance.py:1087} INFO - Dependencies all met for <TaskInstance: our_first_dag_v5.first_task scheduled__2022-03-15T00:00:00+00:00 [queued]>
[2023-05-30T11:31:57.841+0000] {taskinstance.py:1087} INFO - Dependencies all met for <TaskInstance: our_first_dag_v5.first_task scheduled__2022-03-15T00:00:00+00:00 [queued]>
[2023-05-30T11:31:57.843+0000] {taskinstance.py:1283} INFO - 
--------------------------------------------------------------------------------
[2023-05-30T11:31:57.854+0000] {taskinstance.py:1284} INFO - Starting attempt 1 of 6
[2023-05-30T11:31:57.855+0000] {taskinstance.py:1285} INFO - 
--------------------------------------------------------------------------------
[2023-05-30T11:31:57.914+0000] {taskinstance.py:1304} INFO - Executing <Task(BashOperator): first_task> on 2022-03-15 00:00:00+00:00
[2023-05-30T11:31:57.949+0000] {standard_task_runner.py:55} INFO - Started process 3925 to run task
[2023-05-30T11:31:58.004+0000] {standard_task_runner.py:82} INFO - Running: ['***', 'tasks', 'run', 'our_first_dag_v5', 'first_task', 'scheduled__2022-03-15T00:00:00+00:00', '--job-id', '679', '--raw', '--subdir', 'DAGS_FOLDER/first_Dag.py', '--cfg-path', '/tmp/tmp5h_tiiab']
[2023-05-30T11:31:58.027+0000] {standard_task_runner.py:83} INFO - Job 679: Subtask first_task
[2023-05-30T11:31:58.371+0000] {task_command.py:389} INFO - Running <TaskInstance: our_first_dag_v5.first_task scheduled__2022-03-15T00:00:00+00:00 [running]> on host 49219f98c96e
[2023-05-30T11:31:58.766+0000] {taskinstance.py:1513} INFO - Exporting the following env vars:
AIRFLOW_CTX_DAG_OWNER=coder2j
AIRFLOW_CTX_DAG_ID=our_first_dag_v5
AIRFLOW_CTX_TASK_ID=first_task
AIRFLOW_CTX_EXECUTION_DATE=2022-03-15T00:00:00+00:00
AIRFLOW_CTX_TRY_NUMBER=1
AIRFLOW_CTX_DAG_RUN_ID=scheduled__2022-03-15T00:00:00+00:00
[2023-05-30T11:31:58.773+0000] {subprocess.py:63} INFO - Tmp dir root location: 
 /tmp
[2023-05-30T11:31:58.776+0000] {subprocess.py:75} INFO - Running command: ['/bin/bash', '-c', 'echo hello world, this is the first task!']
[2023-05-30T11:31:58.844+0000] {subprocess.py:86} INFO - Output:
[2023-05-30T11:31:58.855+0000] {subprocess.py:93} INFO - hello world, this is the first task!
[2023-05-30T11:31:58.863+0000] {subprocess.py:97} INFO - Command exited with return code 0
[2023-05-30T11:31:58.946+0000] {taskinstance.py:1327} INFO - Marking task as SUCCESS. dag_id=our_first_dag_v5, task_id=first_task, execution_date=20220315T000000, start_date=20230530T113157, end_date=20230530T113158
[2023-05-30T11:31:59.062+0000] {local_task_job.py:159} INFO - Task exited with return code 0
[2023-05-30T11:31:59.144+0000] {taskinstance.py:2582} INFO - 2 downstream tasks scheduled from follow-on schedule check
[2023-06-07T06:40:20.387+0000] {taskinstance.py:1087} INFO - Dependencies all met for <TaskInstance: our_first_dag_v5.first_task scheduled__2022-03-15T00:00:00+00:00 [queued]>
[2023-06-07T06:40:20.422+0000] {taskinstance.py:1087} INFO - Dependencies all met for <TaskInstance: our_first_dag_v5.first_task scheduled__2022-03-15T00:00:00+00:00 [queued]>
[2023-06-07T06:40:20.424+0000] {taskinstance.py:1283} INFO - 
--------------------------------------------------------------------------------
[2023-06-07T06:40:20.426+0000] {taskinstance.py:1284} INFO - Starting attempt 1 of 6
[2023-06-07T06:40:20.428+0000] {taskinstance.py:1285} INFO - 
--------------------------------------------------------------------------------
[2023-06-07T06:40:20.503+0000] {taskinstance.py:1304} INFO - Executing <Task(BashOperator): first_task> on 2022-03-15 00:00:00+00:00
[2023-06-07T06:40:20.528+0000] {standard_task_runner.py:55} INFO - Started process 4247 to run task
[2023-06-07T06:40:20.562+0000] {standard_task_runner.py:82} INFO - Running: ['***', 'tasks', 'run', 'our_first_dag_v5', 'first_task', 'scheduled__2022-03-15T00:00:00+00:00', '--job-id', '2386', '--raw', '--subdir', 'DAGS_FOLDER/first_Dag.py', '--cfg-path', '/tmp/tmpe1dpuq0r']
[2023-06-07T06:40:20.576+0000] {standard_task_runner.py:83} INFO - Job 2386: Subtask first_task
[2023-06-07T06:40:20.857+0000] {task_command.py:389} INFO - Running <TaskInstance: our_first_dag_v5.first_task scheduled__2022-03-15T00:00:00+00:00 [running]> on host 026ed797f3b3
[2023-06-07T06:40:21.294+0000] {taskinstance.py:1513} INFO - Exporting the following env vars:
AIRFLOW_CTX_DAG_OWNER=coder2j
AIRFLOW_CTX_DAG_ID=our_first_dag_v5
AIRFLOW_CTX_TASK_ID=first_task
AIRFLOW_CTX_EXECUTION_DATE=2022-03-15T00:00:00+00:00
AIRFLOW_CTX_TRY_NUMBER=1
AIRFLOW_CTX_DAG_RUN_ID=scheduled__2022-03-15T00:00:00+00:00
[2023-06-07T06:40:21.305+0000] {subprocess.py:63} INFO - Tmp dir root location: 
 /tmp
[2023-06-07T06:40:21.311+0000] {subprocess.py:75} INFO - Running command: ['/bin/bash', '-c', 'echo hello world, this is the first task!']
[2023-06-07T06:40:21.386+0000] {subprocess.py:86} INFO - Output:
[2023-06-07T06:40:21.396+0000] {subprocess.py:93} INFO - hello world, this is the first task!
[2023-06-07T06:40:21.401+0000] {subprocess.py:97} INFO - Command exited with return code 0
[2023-06-07T06:40:22.221+0000] {taskinstance.py:1327} INFO - Marking task as SUCCESS. dag_id=our_first_dag_v5, task_id=first_task, execution_date=20220315T000000, start_date=20230607T064020, end_date=20230607T064022
[2023-06-07T06:40:22.529+0000] {local_task_job.py:159} INFO - Task exited with return code 0
[2023-06-07T06:40:22.750+0000] {taskinstance.py:2582} INFO - 0 downstream tasks scheduled from follow-on schedule check
