[2023-05-30T11:29:48.829+0000] {taskinstance.py:1087} INFO - Dependencies all met for <TaskInstance: our_first_dag_v5.second_task scheduled__2021-11-12T00:00:00+00:00 [queued]>
[2023-05-30T11:29:48.939+0000] {taskinstance.py:1087} INFO - Dependencies all met for <TaskInstance: our_first_dag_v5.second_task scheduled__2021-11-12T00:00:00+00:00 [queued]>
[2023-05-30T11:29:48.945+0000] {taskinstance.py:1283} INFO - 
--------------------------------------------------------------------------------
[2023-05-30T11:29:48.950+0000] {taskinstance.py:1284} INFO - Starting attempt 1 of 6
[2023-05-30T11:29:48.951+0000] {taskinstance.py:1285} INFO - 
--------------------------------------------------------------------------------
[2023-05-30T11:29:49.082+0000] {taskinstance.py:1304} INFO - Executing <Task(BashOperator): second_task> on 2021-11-12 00:00:00+00:00
[2023-05-30T11:29:49.124+0000] {standard_task_runner.py:55} INFO - Started process 2740 to run task
[2023-05-30T11:29:49.159+0000] {standard_task_runner.py:82} INFO - Running: ['***', 'tasks', 'run', 'our_first_dag_v5', 'second_task', 'scheduled__2021-11-12T00:00:00+00:00', '--job-id', '325', '--raw', '--subdir', 'DAGS_FOLDER/first_Dag.py', '--cfg-path', '/tmp/tmpt1mnlbp9']
[2023-05-30T11:29:49.169+0000] {standard_task_runner.py:83} INFO - Job 325: Subtask second_task
[2023-05-30T11:29:49.574+0000] {task_command.py:389} INFO - Running <TaskInstance: our_first_dag_v5.second_task scheduled__2021-11-12T00:00:00+00:00 [running]> on host 49219f98c96e
[2023-05-30T11:29:50.340+0000] {taskinstance.py:1513} INFO - Exporting the following env vars:
AIRFLOW_CTX_DAG_OWNER=coder2j
AIRFLOW_CTX_DAG_ID=our_first_dag_v5
AIRFLOW_CTX_TASK_ID=second_task
AIRFLOW_CTX_EXECUTION_DATE=2021-11-12T00:00:00+00:00
AIRFLOW_CTX_TRY_NUMBER=1
AIRFLOW_CTX_DAG_RUN_ID=scheduled__2021-11-12T00:00:00+00:00
[2023-05-30T11:29:50.343+0000] {subprocess.py:63} INFO - Tmp dir root location: 
 /tmp
[2023-05-30T11:29:50.348+0000] {subprocess.py:75} INFO - Running command: ['/bin/bash', '-c', 'echo hey, I am task2 and will be running after task1!']
[2023-05-30T11:29:50.458+0000] {subprocess.py:86} INFO - Output:
[2023-05-30T11:29:50.477+0000] {subprocess.py:93} INFO - hey, I am task2 and will be running after task1!
[2023-05-30T11:29:50.480+0000] {subprocess.py:97} INFO - Command exited with return code 0
[2023-05-30T11:29:50.713+0000] {taskinstance.py:1327} INFO - Marking task as SUCCESS. dag_id=our_first_dag_v5, task_id=second_task, execution_date=20211112T000000, start_date=20230530T112948, end_date=20230530T112950
[2023-05-30T11:29:50.841+0000] {local_task_job.py:159} INFO - Task exited with return code 0
[2023-05-30T11:29:50.898+0000] {taskinstance.py:2582} INFO - 0 downstream tasks scheduled from follow-on schedule check
[2023-06-07T06:34:48.739+0000] {taskinstance.py:1087} INFO - Dependencies all met for <TaskInstance: our_first_dag_v5.second_task scheduled__2021-11-12T00:00:00+00:00 [queued]>
[2023-06-07T06:34:49.053+0000] {taskinstance.py:1087} INFO - Dependencies all met for <TaskInstance: our_first_dag_v5.second_task scheduled__2021-11-12T00:00:00+00:00 [queued]>
[2023-06-07T06:34:49.069+0000] {taskinstance.py:1283} INFO - 
--------------------------------------------------------------------------------
[2023-06-07T06:34:49.072+0000] {taskinstance.py:1284} INFO - Starting attempt 1 of 6
[2023-06-07T06:34:49.075+0000] {taskinstance.py:1285} INFO - 
--------------------------------------------------------------------------------
[2023-06-07T06:34:49.277+0000] {taskinstance.py:1304} INFO - Executing <Task(BashOperator): second_task> on 2021-11-12 00:00:00+00:00
[2023-06-07T06:34:49.503+0000] {standard_task_runner.py:55} INFO - Started process 2153 to run task
[2023-06-07T06:34:49.617+0000] {standard_task_runner.py:82} INFO - Running: ['***', 'tasks', 'run', 'our_first_dag_v5', 'second_task', 'scheduled__2021-11-12T00:00:00+00:00', '--job-id', '1630', '--raw', '--subdir', 'DAGS_FOLDER/first_Dag.py', '--cfg-path', '/tmp/tmp4mxwyede']
[2023-06-07T06:34:49.651+0000] {standard_task_runner.py:83} INFO - Job 1630: Subtask second_task
[2023-06-07T06:34:50.530+0000] {task_command.py:389} INFO - Running <TaskInstance: our_first_dag_v5.second_task scheduled__2021-11-12T00:00:00+00:00 [running]> on host 026ed797f3b3
[2023-06-07T06:34:51.227+0000] {taskinstance.py:1513} INFO - Exporting the following env vars:
AIRFLOW_CTX_DAG_OWNER=coder2j
AIRFLOW_CTX_DAG_ID=our_first_dag_v5
AIRFLOW_CTX_TASK_ID=second_task
AIRFLOW_CTX_EXECUTION_DATE=2021-11-12T00:00:00+00:00
AIRFLOW_CTX_TRY_NUMBER=1
AIRFLOW_CTX_DAG_RUN_ID=scheduled__2021-11-12T00:00:00+00:00
[2023-06-07T06:34:51.235+0000] {subprocess.py:63} INFO - Tmp dir root location: 
 /tmp
[2023-06-07T06:34:51.244+0000] {subprocess.py:75} INFO - Running command: ['/bin/bash', '-c', 'echo hey, I am task2 and will be running after task1!']
[2023-06-07T06:34:51.295+0000] {subprocess.py:86} INFO - Output:
[2023-06-07T06:34:51.306+0000] {subprocess.py:93} INFO - hey, I am task2 and will be running after task1!
[2023-06-07T06:34:51.309+0000] {subprocess.py:97} INFO - Command exited with return code 0
[2023-06-07T06:34:51.531+0000] {taskinstance.py:1327} INFO - Marking task as SUCCESS. dag_id=our_first_dag_v5, task_id=second_task, execution_date=20211112T000000, start_date=20230607T063448, end_date=20230607T063451
[2023-06-07T06:34:51.815+0000] {local_task_job.py:159} INFO - Task exited with return code 0
[2023-06-07T06:34:52.584+0000] {taskinstance.py:2582} INFO - 0 downstream tasks scheduled from follow-on schedule check
