[2023-06-05T08:33:35.627+0000] {processor.py:153} INFO - Started process (PID=34) to work on /opt/airflow/dags/tocheckTtime.py
[2023-06-05T08:33:35.632+0000] {processor.py:743} INFO - Processing file /opt/airflow/dags/tocheckTtime.py for tasks to queue
[2023-06-05T08:33:35.635+0000] {logging_mixin.py:137} INFO - [2023-06-05T08:33:35.635+0000] {dagbag.py:538} INFO - Filling up the DagBag from /opt/airflow/dags/tocheckTtime.py
[2023-06-05T08:33:35.686+0000] {processor.py:753} INFO - DAG(s) dict_keys(['check_all_dags_run']) retrieved from /opt/airflow/dags/tocheckTtime.py
[2023-06-05T08:33:35.756+0000] {logging_mixin.py:137} INFO - [2023-06-05T08:33:35.755+0000] {dag.py:2676} INFO - Sync 1 DAGs
[2023-06-05T08:33:35.801+0000] {logging_mixin.py:137} INFO - [2023-06-05T08:33:35.801+0000] {dag.py:3427} INFO - Setting next_dagrun for check_all_dags_run to 2023-06-02T00:00:00+00:00, run_after=2023-06-03T00:00:00+00:00
[2023-06-05T08:33:35.847+0000] {processor.py:175} INFO - Processing /opt/airflow/dags/tocheckTtime.py took 0.229 seconds
[2023-06-05T08:34:06.108+0000] {processor.py:153} INFO - Started process (PID=77) to work on /opt/airflow/dags/tocheckTtime.py
[2023-06-05T08:34:06.115+0000] {processor.py:743} INFO - Processing file /opt/airflow/dags/tocheckTtime.py for tasks to queue
[2023-06-05T08:34:06.119+0000] {logging_mixin.py:137} INFO - [2023-06-05T08:34:06.119+0000] {dagbag.py:538} INFO - Filling up the DagBag from /opt/airflow/dags/tocheckTtime.py
[2023-06-05T08:34:06.194+0000] {processor.py:753} INFO - DAG(s) dict_keys(['check_all_dags_run']) retrieved from /opt/airflow/dags/tocheckTtime.py
[2023-06-05T08:34:06.419+0000] {logging_mixin.py:137} INFO - [2023-06-05T08:34:06.419+0000] {dag.py:2676} INFO - Sync 1 DAGs
[2023-06-05T08:34:06.476+0000] {logging_mixin.py:137} INFO - [2023-06-05T08:34:06.476+0000] {dag.py:3427} INFO - Setting next_dagrun for check_all_dags_run to 2023-06-05T00:00:00+00:00, run_after=2023-06-06T00:00:00+00:00
[2023-06-05T08:34:06.521+0000] {processor.py:175} INFO - Processing /opt/airflow/dags/tocheckTtime.py took 0.432 seconds
[2023-06-05T08:34:36.905+0000] {processor.py:153} INFO - Started process (PID=103) to work on /opt/airflow/dags/tocheckTtime.py
[2023-06-05T08:34:36.908+0000] {processor.py:743} INFO - Processing file /opt/airflow/dags/tocheckTtime.py for tasks to queue
[2023-06-05T08:34:36.910+0000] {logging_mixin.py:137} INFO - [2023-06-05T08:34:36.910+0000] {dagbag.py:538} INFO - Filling up the DagBag from /opt/airflow/dags/tocheckTtime.py
[2023-06-05T08:34:36.965+0000] {processor.py:753} INFO - DAG(s) dict_keys(['check_all_dags_run']) retrieved from /opt/airflow/dags/tocheckTtime.py
[2023-06-05T08:34:37.099+0000] {logging_mixin.py:137} INFO - [2023-06-05T08:34:37.099+0000] {dag.py:2676} INFO - Sync 1 DAGs
[2023-06-05T08:34:37.140+0000] {logging_mixin.py:137} INFO - [2023-06-05T08:34:37.140+0000] {dag.py:3427} INFO - Setting next_dagrun for check_all_dags_run to 2023-06-05T00:00:00+00:00, run_after=2023-06-06T00:00:00+00:00
[2023-06-05T08:34:37.171+0000] {processor.py:175} INFO - Processing /opt/airflow/dags/tocheckTtime.py took 0.271 seconds
[2023-06-05T08:35:07.767+0000] {processor.py:153} INFO - Started process (PID=144) to work on /opt/airflow/dags/tocheckTtime.py
[2023-06-05T08:35:07.770+0000] {processor.py:743} INFO - Processing file /opt/airflow/dags/tocheckTtime.py for tasks to queue
[2023-06-05T08:35:07.772+0000] {logging_mixin.py:137} INFO - [2023-06-05T08:35:07.771+0000] {dagbag.py:538} INFO - Filling up the DagBag from /opt/airflow/dags/tocheckTtime.py
[2023-06-05T08:35:07.807+0000] {processor.py:753} INFO - DAG(s) dict_keys(['check_all_dags_run']) retrieved from /opt/airflow/dags/tocheckTtime.py
[2023-06-05T08:35:07.867+0000] {logging_mixin.py:137} INFO - [2023-06-05T08:35:07.866+0000] {dag.py:2676} INFO - Sync 1 DAGs
[2023-06-05T08:35:07.911+0000] {logging_mixin.py:137} INFO - [2023-06-05T08:35:07.911+0000] {dag.py:3427} INFO - Setting next_dagrun for check_all_dags_run to 2023-06-05T00:00:00+00:00, run_after=2023-06-06T00:00:00+00:00
[2023-06-05T08:35:07.950+0000] {processor.py:175} INFO - Processing /opt/airflow/dags/tocheckTtime.py took 0.188 seconds
[2023-06-05T08:35:38.616+0000] {processor.py:153} INFO - Started process (PID=185) to work on /opt/airflow/dags/tocheckTtime.py
[2023-06-05T08:35:38.623+0000] {processor.py:743} INFO - Processing file /opt/airflow/dags/tocheckTtime.py for tasks to queue
[2023-06-05T08:35:38.626+0000] {logging_mixin.py:137} INFO - [2023-06-05T08:35:38.626+0000] {dagbag.py:538} INFO - Filling up the DagBag from /opt/airflow/dags/tocheckTtime.py
[2023-06-05T08:35:38.682+0000] {processor.py:753} INFO - DAG(s) dict_keys(['check_all_dags_run']) retrieved from /opt/airflow/dags/tocheckTtime.py
[2023-06-05T08:35:38.807+0000] {logging_mixin.py:137} INFO - [2023-06-05T08:35:38.807+0000] {dag.py:2676} INFO - Sync 1 DAGs
[2023-06-05T08:35:38.853+0000] {logging_mixin.py:137} INFO - [2023-06-05T08:35:38.853+0000] {dag.py:3427} INFO - Setting next_dagrun for check_all_dags_run to 2023-06-05T00:00:00+00:00, run_after=2023-06-06T00:00:00+00:00
[2023-06-05T08:35:38.906+0000] {processor.py:175} INFO - Processing /opt/airflow/dags/tocheckTtime.py took 0.297 seconds
[2023-06-05T08:36:09.378+0000] {processor.py:153} INFO - Started process (PID=221) to work on /opt/airflow/dags/tocheckTtime.py
[2023-06-05T08:36:09.386+0000] {processor.py:743} INFO - Processing file /opt/airflow/dags/tocheckTtime.py for tasks to queue
[2023-06-05T08:36:09.390+0000] {logging_mixin.py:137} INFO - [2023-06-05T08:36:09.389+0000] {dagbag.py:538} INFO - Filling up the DagBag from /opt/airflow/dags/tocheckTtime.py
[2023-06-05T08:36:09.457+0000] {processor.py:753} INFO - DAG(s) dict_keys(['check_all_dags_run']) retrieved from /opt/airflow/dags/tocheckTtime.py
[2023-06-05T08:36:09.520+0000] {logging_mixin.py:137} INFO - [2023-06-05T08:36:09.520+0000] {dag.py:2676} INFO - Sync 1 DAGs
[2023-06-05T08:36:09.563+0000] {logging_mixin.py:137} INFO - [2023-06-05T08:36:09.563+0000] {dag.py:3427} INFO - Setting next_dagrun for check_all_dags_run to 2023-06-05T00:00:00+00:00, run_after=2023-06-06T00:00:00+00:00
[2023-06-05T08:36:09.603+0000] {processor.py:175} INFO - Processing /opt/airflow/dags/tocheckTtime.py took 0.250 seconds
[2023-06-05T08:36:40.243+0000] {processor.py:153} INFO - Started process (PID=268) to work on /opt/airflow/dags/tocheckTtime.py
[2023-06-05T08:36:40.247+0000] {processor.py:743} INFO - Processing file /opt/airflow/dags/tocheckTtime.py for tasks to queue
[2023-06-05T08:36:40.250+0000] {logging_mixin.py:137} INFO - [2023-06-05T08:36:40.249+0000] {dagbag.py:538} INFO - Filling up the DagBag from /opt/airflow/dags/tocheckTtime.py
[2023-06-05T08:36:40.305+0000] {processor.py:753} INFO - DAG(s) dict_keys(['check_all_dags_run']) retrieved from /opt/airflow/dags/tocheckTtime.py
[2023-06-05T08:36:40.442+0000] {logging_mixin.py:137} INFO - [2023-06-05T08:36:40.441+0000] {dag.py:2676} INFO - Sync 1 DAGs
[2023-06-05T08:36:40.484+0000] {logging_mixin.py:137} INFO - [2023-06-05T08:36:40.484+0000] {dag.py:3427} INFO - Setting next_dagrun for check_all_dags_run to 2023-06-05T00:00:00+00:00, run_after=2023-06-06T00:00:00+00:00
[2023-06-05T08:36:40.519+0000] {processor.py:175} INFO - Processing /opt/airflow/dags/tocheckTtime.py took 0.282 seconds
[2023-06-05T08:37:11.033+0000] {processor.py:153} INFO - Started process (PID=302) to work on /opt/airflow/dags/tocheckTtime.py
[2023-06-05T08:37:11.036+0000] {processor.py:743} INFO - Processing file /opt/airflow/dags/tocheckTtime.py for tasks to queue
[2023-06-05T08:37:11.038+0000] {logging_mixin.py:137} INFO - [2023-06-05T08:37:11.037+0000] {dagbag.py:538} INFO - Filling up the DagBag from /opt/airflow/dags/tocheckTtime.py
[2023-06-05T08:37:11.067+0000] {processor.py:753} INFO - DAG(s) dict_keys(['check_all_dags_run']) retrieved from /opt/airflow/dags/tocheckTtime.py
[2023-06-05T08:37:11.114+0000] {logging_mixin.py:137} INFO - [2023-06-05T08:37:11.113+0000] {dag.py:2676} INFO - Sync 1 DAGs
[2023-06-05T08:37:11.145+0000] {logging_mixin.py:137} INFO - [2023-06-05T08:37:11.145+0000] {dag.py:3427} INFO - Setting next_dagrun for check_all_dags_run to 2023-06-05T00:00:00+00:00, run_after=2023-06-06T00:00:00+00:00
[2023-06-05T08:37:11.166+0000] {processor.py:175} INFO - Processing /opt/airflow/dags/tocheckTtime.py took 0.139 seconds
[2023-06-05T08:37:41.667+0000] {processor.py:153} INFO - Started process (PID=336) to work on /opt/airflow/dags/tocheckTtime.py
[2023-06-05T08:37:41.671+0000] {processor.py:743} INFO - Processing file /opt/airflow/dags/tocheckTtime.py for tasks to queue
[2023-06-05T08:37:41.674+0000] {logging_mixin.py:137} INFO - [2023-06-05T08:37:41.673+0000] {dagbag.py:538} INFO - Filling up the DagBag from /opt/airflow/dags/tocheckTtime.py
[2023-06-05T08:37:41.707+0000] {processor.py:753} INFO - DAG(s) dict_keys(['check_all_dags_run']) retrieved from /opt/airflow/dags/tocheckTtime.py
[2023-06-05T08:37:41.833+0000] {logging_mixin.py:137} INFO - [2023-06-05T08:37:41.833+0000] {dag.py:2676} INFO - Sync 1 DAGs
[2023-06-05T08:37:41.867+0000] {logging_mixin.py:137} INFO - [2023-06-05T08:37:41.866+0000] {dag.py:3427} INFO - Setting next_dagrun for check_all_dags_run to 2023-06-05T00:00:00+00:00, run_after=2023-06-06T00:00:00+00:00
[2023-06-05T08:37:41.897+0000] {processor.py:175} INFO - Processing /opt/airflow/dags/tocheckTtime.py took 0.236 seconds
[2023-06-05T08:38:12.392+0000] {processor.py:153} INFO - Started process (PID=385) to work on /opt/airflow/dags/tocheckTtime.py
[2023-06-05T08:38:12.394+0000] {processor.py:743} INFO - Processing file /opt/airflow/dags/tocheckTtime.py for tasks to queue
[2023-06-05T08:38:12.396+0000] {logging_mixin.py:137} INFO - [2023-06-05T08:38:12.396+0000] {dagbag.py:538} INFO - Filling up the DagBag from /opt/airflow/dags/tocheckTtime.py
[2023-06-05T08:38:12.430+0000] {processor.py:753} INFO - DAG(s) dict_keys(['check_all_dags_run']) retrieved from /opt/airflow/dags/tocheckTtime.py
[2023-06-05T08:38:12.491+0000] {logging_mixin.py:137} INFO - [2023-06-05T08:38:12.491+0000] {dag.py:2676} INFO - Sync 1 DAGs
[2023-06-05T08:38:12.530+0000] {logging_mixin.py:137} INFO - [2023-06-05T08:38:12.529+0000] {dag.py:3427} INFO - Setting next_dagrun for check_all_dags_run to 2023-06-05T00:00:00+00:00, run_after=2023-06-06T00:00:00+00:00
[2023-06-05T08:38:12.553+0000] {processor.py:175} INFO - Processing /opt/airflow/dags/tocheckTtime.py took 0.167 seconds
[2023-06-05T08:38:43.133+0000] {processor.py:153} INFO - Started process (PID=420) to work on /opt/airflow/dags/tocheckTtime.py
[2023-06-05T08:38:43.135+0000] {processor.py:743} INFO - Processing file /opt/airflow/dags/tocheckTtime.py for tasks to queue
[2023-06-05T08:38:43.137+0000] {logging_mixin.py:137} INFO - [2023-06-05T08:38:43.137+0000] {dagbag.py:538} INFO - Filling up the DagBag from /opt/airflow/dags/tocheckTtime.py
[2023-06-05T08:38:43.166+0000] {processor.py:753} INFO - DAG(s) dict_keys(['check_all_dags_run']) retrieved from /opt/airflow/dags/tocheckTtime.py
[2023-06-05T08:38:43.266+0000] {logging_mixin.py:137} INFO - [2023-06-05T08:38:43.266+0000] {dag.py:2676} INFO - Sync 1 DAGs
[2023-06-05T08:38:43.303+0000] {logging_mixin.py:137} INFO - [2023-06-05T08:38:43.303+0000] {dag.py:3427} INFO - Setting next_dagrun for check_all_dags_run to 2023-06-05T00:00:00+00:00, run_after=2023-06-06T00:00:00+00:00
[2023-06-05T08:38:43.335+0000] {processor.py:175} INFO - Processing /opt/airflow/dags/tocheckTtime.py took 0.207 seconds
[2023-06-05T08:39:13.811+0000] {processor.py:153} INFO - Started process (PID=468) to work on /opt/airflow/dags/tocheckTtime.py
[2023-06-05T08:39:13.813+0000] {processor.py:743} INFO - Processing file /opt/airflow/dags/tocheckTtime.py for tasks to queue
[2023-06-05T08:39:13.815+0000] {logging_mixin.py:137} INFO - [2023-06-05T08:39:13.815+0000] {dagbag.py:538} INFO - Filling up the DagBag from /opt/airflow/dags/tocheckTtime.py
[2023-06-05T08:39:13.847+0000] {processor.py:753} INFO - DAG(s) dict_keys(['check_all_dags_run']) retrieved from /opt/airflow/dags/tocheckTtime.py
[2023-06-05T08:39:13.901+0000] {logging_mixin.py:137} INFO - [2023-06-05T08:39:13.900+0000] {dag.py:2676} INFO - Sync 1 DAGs
[2023-06-05T08:39:13.936+0000] {logging_mixin.py:137} INFO - [2023-06-05T08:39:13.936+0000] {dag.py:3427} INFO - Setting next_dagrun for check_all_dags_run to 2023-06-05T00:00:00+00:00, run_after=2023-06-06T00:00:00+00:00
[2023-06-05T08:39:13.971+0000] {processor.py:175} INFO - Processing /opt/airflow/dags/tocheckTtime.py took 0.165 seconds
[2023-06-05T08:39:44.381+0000] {processor.py:153} INFO - Started process (PID=502) to work on /opt/airflow/dags/tocheckTtime.py
[2023-06-05T08:39:44.387+0000] {processor.py:743} INFO - Processing file /opt/airflow/dags/tocheckTtime.py for tasks to queue
[2023-06-05T08:39:44.389+0000] {logging_mixin.py:137} INFO - [2023-06-05T08:39:44.388+0000] {dagbag.py:538} INFO - Filling up the DagBag from /opt/airflow/dags/tocheckTtime.py
[2023-06-05T08:39:44.416+0000] {processor.py:753} INFO - DAG(s) dict_keys(['check_all_dags_run']) retrieved from /opt/airflow/dags/tocheckTtime.py
[2023-06-05T08:39:44.516+0000] {logging_mixin.py:137} INFO - [2023-06-05T08:39:44.516+0000] {dag.py:2676} INFO - Sync 1 DAGs
[2023-06-05T08:39:44.550+0000] {logging_mixin.py:137} INFO - [2023-06-05T08:39:44.550+0000] {dag.py:3427} INFO - Setting next_dagrun for check_all_dags_run to 2023-06-05T00:00:00+00:00, run_after=2023-06-06T00:00:00+00:00
[2023-06-05T08:39:44.575+0000] {processor.py:175} INFO - Processing /opt/airflow/dags/tocheckTtime.py took 0.201 seconds
[2023-06-05T08:40:15.085+0000] {processor.py:153} INFO - Started process (PID=536) to work on /opt/airflow/dags/tocheckTtime.py
[2023-06-05T08:40:15.088+0000] {processor.py:743} INFO - Processing file /opt/airflow/dags/tocheckTtime.py for tasks to queue
[2023-06-05T08:40:15.090+0000] {logging_mixin.py:137} INFO - [2023-06-05T08:40:15.090+0000] {dagbag.py:538} INFO - Filling up the DagBag from /opt/airflow/dags/tocheckTtime.py
[2023-06-05T08:40:15.123+0000] {processor.py:753} INFO - DAG(s) dict_keys(['check_all_dags_run']) retrieved from /opt/airflow/dags/tocheckTtime.py
[2023-06-05T08:40:15.175+0000] {logging_mixin.py:137} INFO - [2023-06-05T08:40:15.174+0000] {dag.py:2676} INFO - Sync 1 DAGs
[2023-06-05T08:40:15.211+0000] {logging_mixin.py:137} INFO - [2023-06-05T08:40:15.210+0000] {dag.py:3427} INFO - Setting next_dagrun for check_all_dags_run to 2023-06-05T00:00:00+00:00, run_after=2023-06-06T00:00:00+00:00
[2023-06-05T08:40:15.234+0000] {processor.py:175} INFO - Processing /opt/airflow/dags/tocheckTtime.py took 0.155 seconds
[2023-06-05T08:40:45.798+0000] {processor.py:153} INFO - Started process (PID=584) to work on /opt/airflow/dags/tocheckTtime.py
[2023-06-05T08:40:45.801+0000] {processor.py:743} INFO - Processing file /opt/airflow/dags/tocheckTtime.py for tasks to queue
[2023-06-05T08:40:45.805+0000] {logging_mixin.py:137} INFO - [2023-06-05T08:40:45.804+0000] {dagbag.py:538} INFO - Filling up the DagBag from /opt/airflow/dags/tocheckTtime.py
[2023-06-05T08:40:45.845+0000] {processor.py:753} INFO - DAG(s) dict_keys(['check_all_dags_run']) retrieved from /opt/airflow/dags/tocheckTtime.py
[2023-06-05T08:40:45.963+0000] {logging_mixin.py:137} INFO - [2023-06-05T08:40:45.963+0000] {dag.py:2676} INFO - Sync 1 DAGs
[2023-06-05T08:40:46.002+0000] {logging_mixin.py:137} INFO - [2023-06-05T08:40:46.001+0000] {dag.py:3427} INFO - Setting next_dagrun for check_all_dags_run to 2023-06-05T00:00:00+00:00, run_after=2023-06-06T00:00:00+00:00
[2023-06-05T08:40:46.033+0000] {processor.py:175} INFO - Processing /opt/airflow/dags/tocheckTtime.py took 0.240 seconds
[2023-06-05T08:41:16.361+0000] {processor.py:153} INFO - Started process (PID=618) to work on /opt/airflow/dags/tocheckTtime.py
[2023-06-05T08:41:16.364+0000] {processor.py:743} INFO - Processing file /opt/airflow/dags/tocheckTtime.py for tasks to queue
[2023-06-05T08:41:16.366+0000] {logging_mixin.py:137} INFO - [2023-06-05T08:41:16.366+0000] {dagbag.py:538} INFO - Filling up the DagBag from /opt/airflow/dags/tocheckTtime.py
[2023-06-05T08:41:16.393+0000] {processor.py:753} INFO - DAG(s) dict_keys(['check_all_dags_run']) retrieved from /opt/airflow/dags/tocheckTtime.py
[2023-06-05T08:41:16.446+0000] {logging_mixin.py:137} INFO - [2023-06-05T08:41:16.446+0000] {dag.py:2676} INFO - Sync 1 DAGs
[2023-06-05T08:41:16.485+0000] {logging_mixin.py:137} INFO - [2023-06-05T08:41:16.484+0000] {dag.py:3427} INFO - Setting next_dagrun for check_all_dags_run to 2023-06-05T00:00:00+00:00, run_after=2023-06-06T00:00:00+00:00
[2023-06-05T08:41:16.510+0000] {processor.py:175} INFO - Processing /opt/airflow/dags/tocheckTtime.py took 0.154 seconds
[2023-06-05T08:41:47.010+0000] {processor.py:153} INFO - Started process (PID=666) to work on /opt/airflow/dags/tocheckTtime.py
[2023-06-05T08:41:47.013+0000] {processor.py:743} INFO - Processing file /opt/airflow/dags/tocheckTtime.py for tasks to queue
[2023-06-05T08:41:47.015+0000] {logging_mixin.py:137} INFO - [2023-06-05T08:41:47.014+0000] {dagbag.py:538} INFO - Filling up the DagBag from /opt/airflow/dags/tocheckTtime.py
[2023-06-05T08:41:47.043+0000] {processor.py:753} INFO - DAG(s) dict_keys(['check_all_dags_run']) retrieved from /opt/airflow/dags/tocheckTtime.py
[2023-06-05T08:41:47.133+0000] {logging_mixin.py:137} INFO - [2023-06-05T08:41:47.133+0000] {dag.py:2676} INFO - Sync 1 DAGs
[2023-06-05T08:41:47.164+0000] {logging_mixin.py:137} INFO - [2023-06-05T08:41:47.164+0000] {dag.py:3427} INFO - Setting next_dagrun for check_all_dags_run to 2023-06-05T00:00:00+00:00, run_after=2023-06-06T00:00:00+00:00
[2023-06-05T08:41:47.191+0000] {processor.py:175} INFO - Processing /opt/airflow/dags/tocheckTtime.py took 0.186 seconds
[2023-06-05T08:42:17.712+0000] {processor.py:153} INFO - Started process (PID=700) to work on /opt/airflow/dags/tocheckTtime.py
[2023-06-05T08:42:17.716+0000] {processor.py:743} INFO - Processing file /opt/airflow/dags/tocheckTtime.py for tasks to queue
[2023-06-05T08:42:17.720+0000] {logging_mixin.py:137} INFO - [2023-06-05T08:42:17.720+0000] {dagbag.py:538} INFO - Filling up the DagBag from /opt/airflow/dags/tocheckTtime.py
[2023-06-05T08:42:17.759+0000] {processor.py:753} INFO - DAG(s) dict_keys(['check_all_dags_run']) retrieved from /opt/airflow/dags/tocheckTtime.py
[2023-06-05T08:42:17.834+0000] {logging_mixin.py:137} INFO - [2023-06-05T08:42:17.834+0000] {dag.py:2676} INFO - Sync 1 DAGs
[2023-06-05T08:42:17.912+0000] {logging_mixin.py:137} INFO - [2023-06-05T08:42:17.911+0000] {dag.py:3427} INFO - Setting next_dagrun for check_all_dags_run to 2023-06-05T00:00:00+00:00, run_after=2023-06-06T00:00:00+00:00
[2023-06-05T08:42:17.982+0000] {processor.py:175} INFO - Processing /opt/airflow/dags/tocheckTtime.py took 0.276 seconds
[2023-06-05T08:42:48.682+0000] {processor.py:153} INFO - Started process (PID=748) to work on /opt/airflow/dags/tocheckTtime.py
[2023-06-05T08:42:48.685+0000] {processor.py:743} INFO - Processing file /opt/airflow/dags/tocheckTtime.py for tasks to queue
[2023-06-05T08:42:48.687+0000] {logging_mixin.py:137} INFO - [2023-06-05T08:42:48.687+0000] {dagbag.py:538} INFO - Filling up the DagBag from /opt/airflow/dags/tocheckTtime.py
[2023-06-05T08:42:48.715+0000] {processor.py:753} INFO - DAG(s) dict_keys(['check_all_dags_run']) retrieved from /opt/airflow/dags/tocheckTtime.py
[2023-06-05T08:42:48.816+0000] {logging_mixin.py:137} INFO - [2023-06-05T08:42:48.816+0000] {dag.py:2676} INFO - Sync 1 DAGs
[2023-06-05T08:42:48.851+0000] {logging_mixin.py:137} INFO - [2023-06-05T08:42:48.851+0000] {dag.py:3427} INFO - Setting next_dagrun for check_all_dags_run to 2023-06-05T00:00:00+00:00, run_after=2023-06-06T00:00:00+00:00
[2023-06-05T08:42:48.884+0000] {processor.py:175} INFO - Processing /opt/airflow/dags/tocheckTtime.py took 0.207 seconds
[2023-06-05T08:43:19.221+0000] {processor.py:153} INFO - Started process (PID=782) to work on /opt/airflow/dags/tocheckTtime.py
[2023-06-05T08:43:19.224+0000] {processor.py:743} INFO - Processing file /opt/airflow/dags/tocheckTtime.py for tasks to queue
[2023-06-05T08:43:19.226+0000] {logging_mixin.py:137} INFO - [2023-06-05T08:43:19.225+0000] {dagbag.py:538} INFO - Filling up the DagBag from /opt/airflow/dags/tocheckTtime.py
[2023-06-05T08:43:19.254+0000] {processor.py:753} INFO - DAG(s) dict_keys(['check_all_dags_run']) retrieved from /opt/airflow/dags/tocheckTtime.py
[2023-06-05T08:43:19.300+0000] {logging_mixin.py:137} INFO - [2023-06-05T08:43:19.300+0000] {dag.py:2676} INFO - Sync 1 DAGs
[2023-06-05T08:43:19.333+0000] {logging_mixin.py:137} INFO - [2023-06-05T08:43:19.333+0000] {dag.py:3427} INFO - Setting next_dagrun for check_all_dags_run to 2023-06-05T00:00:00+00:00, run_after=2023-06-06T00:00:00+00:00
[2023-06-05T08:43:19.355+0000] {processor.py:175} INFO - Processing /opt/airflow/dags/tocheckTtime.py took 0.141 seconds
[2023-06-05T08:43:49.885+0000] {processor.py:153} INFO - Started process (PID=826) to work on /opt/airflow/dags/tocheckTtime.py
[2023-06-05T08:43:49.888+0000] {processor.py:743} INFO - Processing file /opt/airflow/dags/tocheckTtime.py for tasks to queue
[2023-06-05T08:43:49.890+0000] {logging_mixin.py:137} INFO - [2023-06-05T08:43:49.890+0000] {dagbag.py:538} INFO - Filling up the DagBag from /opt/airflow/dags/tocheckTtime.py
[2023-06-05T08:43:49.915+0000] {processor.py:753} INFO - DAG(s) dict_keys(['check_all_dags_run']) retrieved from /opt/airflow/dags/tocheckTtime.py
[2023-06-05T08:43:50.014+0000] {logging_mixin.py:137} INFO - [2023-06-05T08:43:50.013+0000] {dag.py:2676} INFO - Sync 1 DAGs
[2023-06-05T08:43:50.048+0000] {logging_mixin.py:137} INFO - [2023-06-05T08:43:50.048+0000] {dag.py:3427} INFO - Setting next_dagrun for check_all_dags_run to 2023-06-05T00:00:00+00:00, run_after=2023-06-06T00:00:00+00:00
[2023-06-05T08:43:50.080+0000] {processor.py:175} INFO - Processing /opt/airflow/dags/tocheckTtime.py took 0.203 seconds
[2023-06-05T08:44:20.610+0000] {processor.py:153} INFO - Started process (PID=866) to work on /opt/airflow/dags/tocheckTtime.py
[2023-06-05T08:44:20.612+0000] {processor.py:743} INFO - Processing file /opt/airflow/dags/tocheckTtime.py for tasks to queue
[2023-06-05T08:44:20.614+0000] {logging_mixin.py:137} INFO - [2023-06-05T08:44:20.614+0000] {dagbag.py:538} INFO - Filling up the DagBag from /opt/airflow/dags/tocheckTtime.py
[2023-06-05T08:44:20.643+0000] {processor.py:753} INFO - DAG(s) dict_keys(['check_all_dags_run']) retrieved from /opt/airflow/dags/tocheckTtime.py
[2023-06-05T08:44:20.691+0000] {logging_mixin.py:137} INFO - [2023-06-05T08:44:20.690+0000] {dag.py:2676} INFO - Sync 1 DAGs
[2023-06-05T08:44:20.723+0000] {logging_mixin.py:137} INFO - [2023-06-05T08:44:20.722+0000] {dag.py:3427} INFO - Setting next_dagrun for check_all_dags_run to 2023-06-05T00:00:00+00:00, run_after=2023-06-06T00:00:00+00:00
[2023-06-05T08:44:20.744+0000] {processor.py:175} INFO - Processing /opt/airflow/dags/tocheckTtime.py took 0.140 seconds
[2023-06-05T08:44:51.122+0000] {processor.py:153} INFO - Started process (PID=908) to work on /opt/airflow/dags/tocheckTtime.py
[2023-06-05T08:44:51.125+0000] {processor.py:743} INFO - Processing file /opt/airflow/dags/tocheckTtime.py for tasks to queue
[2023-06-05T08:44:51.126+0000] {logging_mixin.py:137} INFO - [2023-06-05T08:44:51.126+0000] {dagbag.py:538} INFO - Filling up the DagBag from /opt/airflow/dags/tocheckTtime.py
[2023-06-05T08:44:51.149+0000] {processor.py:753} INFO - DAG(s) dict_keys(['check_all_dags_run']) retrieved from /opt/airflow/dags/tocheckTtime.py
[2023-06-05T08:44:51.237+0000] {logging_mixin.py:137} INFO - [2023-06-05T08:44:51.237+0000] {dag.py:2676} INFO - Sync 1 DAGs
[2023-06-05T08:44:51.269+0000] {logging_mixin.py:137} INFO - [2023-06-05T08:44:51.268+0000] {dag.py:3427} INFO - Setting next_dagrun for check_all_dags_run to 2023-06-05T00:00:00+00:00, run_after=2023-06-06T00:00:00+00:00
[2023-06-05T08:44:51.299+0000] {processor.py:175} INFO - Processing /opt/airflow/dags/tocheckTtime.py took 0.181 seconds
[2023-06-05T08:45:21.885+0000] {processor.py:153} INFO - Started process (PID=950) to work on /opt/airflow/dags/tocheckTtime.py
[2023-06-05T08:45:21.888+0000] {processor.py:743} INFO - Processing file /opt/airflow/dags/tocheckTtime.py for tasks to queue
[2023-06-05T08:45:21.890+0000] {logging_mixin.py:137} INFO - [2023-06-05T08:45:21.890+0000] {dagbag.py:538} INFO - Filling up the DagBag from /opt/airflow/dags/tocheckTtime.py
[2023-06-05T08:45:21.917+0000] {processor.py:753} INFO - DAG(s) dict_keys(['check_all_dags_run']) retrieved from /opt/airflow/dags/tocheckTtime.py
[2023-06-05T08:45:21.967+0000] {logging_mixin.py:137} INFO - [2023-06-05T08:45:21.966+0000] {dag.py:2676} INFO - Sync 1 DAGs
[2023-06-05T08:45:21.998+0000] {logging_mixin.py:137} INFO - [2023-06-05T08:45:21.998+0000] {dag.py:3427} INFO - Setting next_dagrun for check_all_dags_run to 2023-06-05T00:00:00+00:00, run_after=2023-06-06T00:00:00+00:00
[2023-06-05T08:45:22.019+0000] {processor.py:175} INFO - Processing /opt/airflow/dags/tocheckTtime.py took 0.140 seconds
[2023-06-05T08:45:52.540+0000] {processor.py:153} INFO - Started process (PID=985) to work on /opt/airflow/dags/tocheckTtime.py
[2023-06-05T08:45:52.542+0000] {processor.py:743} INFO - Processing file /opt/airflow/dags/tocheckTtime.py for tasks to queue
[2023-06-05T08:45:52.544+0000] {logging_mixin.py:137} INFO - [2023-06-05T08:45:52.544+0000] {dagbag.py:538} INFO - Filling up the DagBag from /opt/airflow/dags/tocheckTtime.py
[2023-06-05T08:45:52.569+0000] {processor.py:753} INFO - DAG(s) dict_keys(['check_all_dags_run']) retrieved from /opt/airflow/dags/tocheckTtime.py
[2023-06-05T08:45:52.655+0000] {logging_mixin.py:137} INFO - [2023-06-05T08:45:52.655+0000] {dag.py:2676} INFO - Sync 1 DAGs
[2023-06-05T08:45:52.684+0000] {logging_mixin.py:137} INFO - [2023-06-05T08:45:52.684+0000] {dag.py:3427} INFO - Setting next_dagrun for check_all_dags_run to 2023-06-05T00:00:00+00:00, run_after=2023-06-06T00:00:00+00:00
[2023-06-05T08:45:52.710+0000] {processor.py:175} INFO - Processing /opt/airflow/dags/tocheckTtime.py took 0.175 seconds
[2023-06-05T08:46:23.172+0000] {processor.py:153} INFO - Started process (PID=1034) to work on /opt/airflow/dags/tocheckTtime.py
[2023-06-05T08:46:23.175+0000] {processor.py:743} INFO - Processing file /opt/airflow/dags/tocheckTtime.py for tasks to queue
[2023-06-05T08:46:23.178+0000] {logging_mixin.py:137} INFO - [2023-06-05T08:46:23.177+0000] {dagbag.py:538} INFO - Filling up the DagBag from /opt/airflow/dags/tocheckTtime.py
[2023-06-05T08:46:23.216+0000] {processor.py:753} INFO - DAG(s) dict_keys(['check_all_dags_run']) retrieved from /opt/airflow/dags/tocheckTtime.py
[2023-06-05T08:46:23.275+0000] {logging_mixin.py:137} INFO - [2023-06-05T08:46:23.275+0000] {dag.py:2676} INFO - Sync 1 DAGs
[2023-06-05T08:46:23.319+0000] {logging_mixin.py:137} INFO - [2023-06-05T08:46:23.319+0000] {dag.py:3427} INFO - Setting next_dagrun for check_all_dags_run to 2023-06-05T00:00:00+00:00, run_after=2023-06-06T00:00:00+00:00
[2023-06-05T08:46:23.353+0000] {processor.py:175} INFO - Processing /opt/airflow/dags/tocheckTtime.py took 0.187 seconds
[2023-06-05T08:46:54.041+0000] {processor.py:153} INFO - Started process (PID=1070) to work on /opt/airflow/dags/tocheckTtime.py
[2023-06-05T08:46:54.046+0000] {processor.py:743} INFO - Processing file /opt/airflow/dags/tocheckTtime.py for tasks to queue
[2023-06-05T08:46:54.050+0000] {logging_mixin.py:137} INFO - [2023-06-05T08:46:54.050+0000] {dagbag.py:538} INFO - Filling up the DagBag from /opt/airflow/dags/tocheckTtime.py
[2023-06-05T08:46:54.083+0000] {processor.py:753} INFO - DAG(s) dict_keys(['check_all_dags_run']) retrieved from /opt/airflow/dags/tocheckTtime.py
[2023-06-05T08:46:54.179+0000] {logging_mixin.py:137} INFO - [2023-06-05T08:46:54.179+0000] {dag.py:2676} INFO - Sync 1 DAGs
[2023-06-05T08:46:54.211+0000] {logging_mixin.py:137} INFO - [2023-06-05T08:46:54.210+0000] {dag.py:3427} INFO - Setting next_dagrun for check_all_dags_run to 2023-06-05T00:00:00+00:00, run_after=2023-06-06T00:00:00+00:00
[2023-06-05T08:46:54.236+0000] {processor.py:175} INFO - Processing /opt/airflow/dags/tocheckTtime.py took 0.204 seconds
[2023-06-05T08:47:24.791+0000] {processor.py:153} INFO - Started process (PID=1113) to work on /opt/airflow/dags/tocheckTtime.py
[2023-06-05T08:47:24.793+0000] {processor.py:743} INFO - Processing file /opt/airflow/dags/tocheckTtime.py for tasks to queue
[2023-06-05T08:47:24.795+0000] {logging_mixin.py:137} INFO - [2023-06-05T08:47:24.795+0000] {dagbag.py:538} INFO - Filling up the DagBag from /opt/airflow/dags/tocheckTtime.py
[2023-06-05T08:47:24.829+0000] {processor.py:753} INFO - DAG(s) dict_keys(['check_all_dags_run']) retrieved from /opt/airflow/dags/tocheckTtime.py
[2023-06-05T08:47:24.888+0000] {logging_mixin.py:137} INFO - [2023-06-05T08:47:24.888+0000] {dag.py:2676} INFO - Sync 1 DAGs
[2023-06-05T08:47:24.932+0000] {logging_mixin.py:137} INFO - [2023-06-05T08:47:24.932+0000] {dag.py:3427} INFO - Setting next_dagrun for check_all_dags_run to 2023-06-05T00:00:00+00:00, run_after=2023-06-06T00:00:00+00:00
[2023-06-05T08:47:24.964+0000] {processor.py:175} INFO - Processing /opt/airflow/dags/tocheckTtime.py took 0.178 seconds
[2023-06-05T08:47:55.592+0000] {processor.py:153} INFO - Started process (PID=1155) to work on /opt/airflow/dags/tocheckTtime.py
[2023-06-05T08:47:55.595+0000] {processor.py:743} INFO - Processing file /opt/airflow/dags/tocheckTtime.py for tasks to queue
[2023-06-05T08:47:55.596+0000] {logging_mixin.py:137} INFO - [2023-06-05T08:47:55.596+0000] {dagbag.py:538} INFO - Filling up the DagBag from /opt/airflow/dags/tocheckTtime.py
[2023-06-05T08:47:55.636+0000] {processor.py:753} INFO - DAG(s) dict_keys(['check_all_dags_run']) retrieved from /opt/airflow/dags/tocheckTtime.py
[2023-06-05T08:47:55.768+0000] {logging_mixin.py:137} INFO - [2023-06-05T08:47:55.768+0000] {dag.py:2676} INFO - Sync 1 DAGs
[2023-06-05T08:47:55.818+0000] {logging_mixin.py:137} INFO - [2023-06-05T08:47:55.817+0000] {dag.py:3427} INFO - Setting next_dagrun for check_all_dags_run to 2023-06-05T00:00:00+00:00, run_after=2023-06-06T00:00:00+00:00
[2023-06-05T08:47:55.859+0000] {processor.py:175} INFO - Processing /opt/airflow/dags/tocheckTtime.py took 0.272 seconds
[2023-06-05T08:48:26.289+0000] {processor.py:153} INFO - Started process (PID=1190) to work on /opt/airflow/dags/tocheckTtime.py
[2023-06-05T08:48:26.293+0000] {processor.py:743} INFO - Processing file /opt/airflow/dags/tocheckTtime.py for tasks to queue
[2023-06-05T08:48:26.297+0000] {logging_mixin.py:137} INFO - [2023-06-05T08:48:26.296+0000] {dagbag.py:538} INFO - Filling up the DagBag from /opt/airflow/dags/tocheckTtime.py
[2023-06-05T08:48:26.341+0000] {processor.py:753} INFO - DAG(s) dict_keys(['check_all_dags_run']) retrieved from /opt/airflow/dags/tocheckTtime.py
[2023-06-05T08:48:26.420+0000] {logging_mixin.py:137} INFO - [2023-06-05T08:48:26.419+0000] {dag.py:2676} INFO - Sync 1 DAGs
[2023-06-05T08:48:26.476+0000] {logging_mixin.py:137} INFO - [2023-06-05T08:48:26.475+0000] {dag.py:3427} INFO - Setting next_dagrun for check_all_dags_run to 2023-06-05T00:00:00+00:00, run_after=2023-06-06T00:00:00+00:00
[2023-06-05T08:48:26.520+0000] {processor.py:175} INFO - Processing /opt/airflow/dags/tocheckTtime.py took 0.239 seconds
[2023-06-05T08:48:57.124+0000] {processor.py:153} INFO - Started process (PID=1225) to work on /opt/airflow/dags/tocheckTtime.py
[2023-06-05T08:48:57.129+0000] {processor.py:743} INFO - Processing file /opt/airflow/dags/tocheckTtime.py for tasks to queue
[2023-06-05T08:48:57.131+0000] {logging_mixin.py:137} INFO - [2023-06-05T08:48:57.131+0000] {dagbag.py:538} INFO - Filling up the DagBag from /opt/airflow/dags/tocheckTtime.py
[2023-06-05T08:48:57.177+0000] {processor.py:753} INFO - DAG(s) dict_keys(['check_all_dags_run']) retrieved from /opt/airflow/dags/tocheckTtime.py
[2023-06-05T08:48:57.306+0000] {logging_mixin.py:137} INFO - [2023-06-05T08:48:57.305+0000] {dag.py:2676} INFO - Sync 1 DAGs
[2023-06-05T08:48:57.349+0000] {logging_mixin.py:137} INFO - [2023-06-05T08:48:57.349+0000] {dag.py:3427} INFO - Setting next_dagrun for check_all_dags_run to 2023-06-05T00:00:00+00:00, run_after=2023-06-06T00:00:00+00:00
[2023-06-05T08:48:57.387+0000] {processor.py:175} INFO - Processing /opt/airflow/dags/tocheckTtime.py took 0.269 seconds
[2023-06-05T08:49:27.779+0000] {processor.py:153} INFO - Started process (PID=1274) to work on /opt/airflow/dags/tocheckTtime.py
[2023-06-05T08:49:27.782+0000] {processor.py:743} INFO - Processing file /opt/airflow/dags/tocheckTtime.py for tasks to queue
[2023-06-05T08:49:27.784+0000] {logging_mixin.py:137} INFO - [2023-06-05T08:49:27.784+0000] {dagbag.py:538} INFO - Filling up the DagBag from /opt/airflow/dags/tocheckTtime.py
[2023-06-05T08:49:27.818+0000] {processor.py:753} INFO - DAG(s) dict_keys(['check_all_dags_run']) retrieved from /opt/airflow/dags/tocheckTtime.py
[2023-06-05T08:49:27.874+0000] {logging_mixin.py:137} INFO - [2023-06-05T08:49:27.873+0000] {dag.py:2676} INFO - Sync 1 DAGs
[2023-06-05T08:49:27.916+0000] {logging_mixin.py:137} INFO - [2023-06-05T08:49:27.916+0000] {dag.py:3427} INFO - Setting next_dagrun for check_all_dags_run to 2023-06-05T00:00:00+00:00, run_after=2023-06-06T00:00:00+00:00
[2023-06-05T08:49:27.949+0000] {processor.py:175} INFO - Processing /opt/airflow/dags/tocheckTtime.py took 0.176 seconds
[2023-06-05T08:49:58.401+0000] {processor.py:153} INFO - Started process (PID=1309) to work on /opt/airflow/dags/tocheckTtime.py
[2023-06-05T08:49:58.404+0000] {processor.py:743} INFO - Processing file /opt/airflow/dags/tocheckTtime.py for tasks to queue
[2023-06-05T08:49:58.406+0000] {logging_mixin.py:137} INFO - [2023-06-05T08:49:58.406+0000] {dagbag.py:538} INFO - Filling up the DagBag from /opt/airflow/dags/tocheckTtime.py
[2023-06-05T08:49:58.434+0000] {processor.py:753} INFO - DAG(s) dict_keys(['check_all_dags_run']) retrieved from /opt/airflow/dags/tocheckTtime.py
[2023-06-05T08:49:58.563+0000] {logging_mixin.py:137} INFO - [2023-06-05T08:49:58.562+0000] {dag.py:2676} INFO - Sync 1 DAGs
[2023-06-05T08:49:58.595+0000] {logging_mixin.py:137} INFO - [2023-06-05T08:49:58.594+0000] {dag.py:3427} INFO - Setting next_dagrun for check_all_dags_run to 2023-06-05T00:00:00+00:00, run_after=2023-06-06T00:00:00+00:00
[2023-06-05T08:49:58.620+0000] {processor.py:175} INFO - Processing /opt/airflow/dags/tocheckTtime.py took 0.224 seconds
[2023-06-05T08:50:29.101+0000] {processor.py:153} INFO - Started process (PID=1358) to work on /opt/airflow/dags/tocheckTtime.py
[2023-06-05T08:50:29.104+0000] {processor.py:743} INFO - Processing file /opt/airflow/dags/tocheckTtime.py for tasks to queue
[2023-06-05T08:50:29.105+0000] {logging_mixin.py:137} INFO - [2023-06-05T08:50:29.105+0000] {dagbag.py:538} INFO - Filling up the DagBag from /opt/airflow/dags/tocheckTtime.py
[2023-06-05T08:50:29.127+0000] {processor.py:753} INFO - DAG(s) dict_keys(['check_all_dags_run']) retrieved from /opt/airflow/dags/tocheckTtime.py
[2023-06-05T08:50:29.167+0000] {logging_mixin.py:137} INFO - [2023-06-05T08:50:29.167+0000] {dag.py:2676} INFO - Sync 1 DAGs
[2023-06-05T08:50:29.199+0000] {logging_mixin.py:137} INFO - [2023-06-05T08:50:29.199+0000] {dag.py:3427} INFO - Setting next_dagrun for check_all_dags_run to 2023-06-05T00:00:00+00:00, run_after=2023-06-06T00:00:00+00:00
[2023-06-05T08:50:29.220+0000] {processor.py:175} INFO - Processing /opt/airflow/dags/tocheckTtime.py took 0.122 seconds
[2023-06-05T08:50:59.762+0000] {processor.py:153} INFO - Started process (PID=1393) to work on /opt/airflow/dags/tocheckTtime.py
[2023-06-05T08:50:59.765+0000] {processor.py:743} INFO - Processing file /opt/airflow/dags/tocheckTtime.py for tasks to queue
[2023-06-05T08:50:59.767+0000] {logging_mixin.py:137} INFO - [2023-06-05T08:50:59.766+0000] {dagbag.py:538} INFO - Filling up the DagBag from /opt/airflow/dags/tocheckTtime.py
[2023-06-05T08:50:59.794+0000] {processor.py:753} INFO - DAG(s) dict_keys(['check_all_dags_run']) retrieved from /opt/airflow/dags/tocheckTtime.py
[2023-06-05T08:50:59.880+0000] {logging_mixin.py:137} INFO - [2023-06-05T08:50:59.880+0000] {dag.py:2676} INFO - Sync 1 DAGs
[2023-06-05T08:50:59.910+0000] {logging_mixin.py:137} INFO - [2023-06-05T08:50:59.910+0000] {dag.py:3427} INFO - Setting next_dagrun for check_all_dags_run to 2023-06-05T00:00:00+00:00, run_after=2023-06-06T00:00:00+00:00
[2023-06-05T08:50:59.935+0000] {processor.py:175} INFO - Processing /opt/airflow/dags/tocheckTtime.py took 0.177 seconds
[2023-06-05T08:51:30.408+0000] {processor.py:153} INFO - Started process (PID=1442) to work on /opt/airflow/dags/tocheckTtime.py
[2023-06-05T08:51:30.423+0000] {processor.py:743} INFO - Processing file /opt/airflow/dags/tocheckTtime.py for tasks to queue
[2023-06-05T08:51:30.443+0000] {logging_mixin.py:137} INFO - [2023-06-05T08:51:30.443+0000] {dagbag.py:538} INFO - Filling up the DagBag from /opt/airflow/dags/tocheckTtime.py
[2023-06-05T08:51:30.486+0000] {processor.py:753} INFO - DAG(s) dict_keys(['check_all_dags_run']) retrieved from /opt/airflow/dags/tocheckTtime.py
[2023-06-05T08:51:30.528+0000] {logging_mixin.py:137} INFO - [2023-06-05T08:51:30.527+0000] {dag.py:2676} INFO - Sync 1 DAGs
[2023-06-05T08:51:30.560+0000] {logging_mixin.py:137} INFO - [2023-06-05T08:51:30.559+0000] {dag.py:3427} INFO - Setting next_dagrun for check_all_dags_run to 2023-06-05T00:00:00+00:00, run_after=2023-06-06T00:00:00+00:00
[2023-06-05T08:51:30.584+0000] {processor.py:175} INFO - Processing /opt/airflow/dags/tocheckTtime.py took 0.184 seconds
[2023-06-05T08:52:01.099+0000] {processor.py:153} INFO - Started process (PID=1477) to work on /opt/airflow/dags/tocheckTtime.py
[2023-06-05T08:52:01.101+0000] {processor.py:743} INFO - Processing file /opt/airflow/dags/tocheckTtime.py for tasks to queue
[2023-06-05T08:52:01.103+0000] {logging_mixin.py:137} INFO - [2023-06-05T08:52:01.103+0000] {dagbag.py:538} INFO - Filling up the DagBag from /opt/airflow/dags/tocheckTtime.py
[2023-06-05T08:52:01.131+0000] {processor.py:753} INFO - DAG(s) dict_keys(['check_all_dags_run']) retrieved from /opt/airflow/dags/tocheckTtime.py
[2023-06-05T08:52:01.220+0000] {logging_mixin.py:137} INFO - [2023-06-05T08:52:01.220+0000] {dag.py:2676} INFO - Sync 1 DAGs
[2023-06-05T08:52:01.249+0000] {logging_mixin.py:137} INFO - [2023-06-05T08:52:01.248+0000] {dag.py:3427} INFO - Setting next_dagrun for check_all_dags_run to 2023-06-05T00:00:00+00:00, run_after=2023-06-06T00:00:00+00:00
[2023-06-05T08:52:01.274+0000] {processor.py:175} INFO - Processing /opt/airflow/dags/tocheckTtime.py took 0.180 seconds
[2023-06-05T08:52:31.741+0000] {processor.py:153} INFO - Started process (PID=1527) to work on /opt/airflow/dags/tocheckTtime.py
[2023-06-05T08:52:31.743+0000] {processor.py:743} INFO - Processing file /opt/airflow/dags/tocheckTtime.py for tasks to queue
[2023-06-05T08:52:31.746+0000] {logging_mixin.py:137} INFO - [2023-06-05T08:52:31.745+0000] {dagbag.py:538} INFO - Filling up the DagBag from /opt/airflow/dags/tocheckTtime.py
[2023-06-05T08:52:31.779+0000] {processor.py:753} INFO - DAG(s) dict_keys(['check_all_dags_run']) retrieved from /opt/airflow/dags/tocheckTtime.py
[2023-06-05T08:52:31.833+0000] {logging_mixin.py:137} INFO - [2023-06-05T08:52:31.833+0000] {dag.py:2676} INFO - Sync 1 DAGs
[2023-06-05T08:52:31.874+0000] {logging_mixin.py:137} INFO - [2023-06-05T08:52:31.874+0000] {dag.py:3427} INFO - Setting next_dagrun for check_all_dags_run to 2023-06-05T00:00:00+00:00, run_after=2023-06-06T00:00:00+00:00
[2023-06-05T08:52:31.906+0000] {processor.py:175} INFO - Processing /opt/airflow/dags/tocheckTtime.py took 0.171 seconds
[2023-06-05T08:53:02.418+0000] {processor.py:153} INFO - Started process (PID=1562) to work on /opt/airflow/dags/tocheckTtime.py
[2023-06-05T08:53:02.421+0000] {processor.py:743} INFO - Processing file /opt/airflow/dags/tocheckTtime.py for tasks to queue
[2023-06-05T08:53:02.423+0000] {logging_mixin.py:137} INFO - [2023-06-05T08:53:02.422+0000] {dagbag.py:538} INFO - Filling up the DagBag from /opt/airflow/dags/tocheckTtime.py
[2023-06-05T08:53:02.451+0000] {processor.py:753} INFO - DAG(s) dict_keys(['check_all_dags_run']) retrieved from /opt/airflow/dags/tocheckTtime.py
[2023-06-05T08:53:02.541+0000] {logging_mixin.py:137} INFO - [2023-06-05T08:53:02.541+0000] {dag.py:2676} INFO - Sync 1 DAGs
[2023-06-05T08:53:02.569+0000] {logging_mixin.py:137} INFO - [2023-06-05T08:53:02.569+0000] {dag.py:3427} INFO - Setting next_dagrun for check_all_dags_run to 2023-06-05T00:00:00+00:00, run_after=2023-06-06T00:00:00+00:00
[2023-06-05T08:53:02.595+0000] {processor.py:175} INFO - Processing /opt/airflow/dags/tocheckTtime.py took 0.184 seconds
[2023-06-05T08:53:33.062+0000] {processor.py:153} INFO - Started process (PID=1610) to work on /opt/airflow/dags/tocheckTtime.py
[2023-06-05T08:53:33.066+0000] {processor.py:743} INFO - Processing file /opt/airflow/dags/tocheckTtime.py for tasks to queue
[2023-06-05T08:53:33.068+0000] {logging_mixin.py:137} INFO - [2023-06-05T08:53:33.068+0000] {dagbag.py:538} INFO - Filling up the DagBag from /opt/airflow/dags/tocheckTtime.py
[2023-06-05T08:53:33.094+0000] {processor.py:753} INFO - DAG(s) dict_keys(['check_all_dags_run']) retrieved from /opt/airflow/dags/tocheckTtime.py
[2023-06-05T08:53:33.161+0000] {logging_mixin.py:137} INFO - [2023-06-05T08:53:33.161+0000] {dag.py:2676} INFO - Sync 1 DAGs
[2023-06-05T08:53:33.212+0000] {logging_mixin.py:137} INFO - [2023-06-05T08:53:33.211+0000] {dag.py:3427} INFO - Setting next_dagrun for check_all_dags_run to 2023-06-05T00:00:00+00:00, run_after=2023-06-06T00:00:00+00:00
[2023-06-05T08:53:33.239+0000] {processor.py:175} INFO - Processing /opt/airflow/dags/tocheckTtime.py took 0.182 seconds
[2023-06-05T09:03:34.639+0000] {processor.py:153} INFO - Started process (PID=1624) to work on /opt/airflow/dags/tocheckTtime.py
[2023-06-05T09:03:34.640+0000] {processor.py:743} INFO - Processing file /opt/airflow/dags/tocheckTtime.py for tasks to queue
[2023-06-05T09:03:34.643+0000] {logging_mixin.py:137} INFO - [2023-06-05T09:03:34.642+0000] {dagbag.py:538} INFO - Filling up the DagBag from /opt/airflow/dags/tocheckTtime.py
[2023-06-05T09:03:34.676+0000] {processor.py:753} INFO - DAG(s) dict_keys(['check_all_dags_run']) retrieved from /opt/airflow/dags/tocheckTtime.py
[2023-06-05T09:03:34.810+0000] {logging_mixin.py:137} INFO - [2023-06-05T09:03:34.810+0000] {dag.py:2676} INFO - Sync 1 DAGs
[2023-06-05T09:03:34.871+0000] {logging_mixin.py:137} INFO - [2023-06-05T09:03:34.871+0000] {dag.py:3427} INFO - Setting next_dagrun for check_all_dags_run to 2023-06-05T00:00:00+00:00, run_after=2023-06-06T00:00:00+00:00
[2023-06-05T09:03:34.954+0000] {processor.py:175} INFO - Processing /opt/airflow/dags/tocheckTtime.py took 0.322 seconds
