[2023-06-05T08:33:35.644+0000] {processor.py:153} INFO - Started process (PID=35) to work on /opt/airflow/dags/tocheckStime.py
[2023-06-05T08:33:35.647+0000] {processor.py:743} INFO - Processing file /opt/airflow/dags/tocheckStime.py for tasks to queue
[2023-06-05T08:33:35.649+0000] {logging_mixin.py:137} INFO - [2023-06-05T08:33:35.649+0000] {dagbag.py:538} INFO - Filling up the DagBag from /opt/airflow/dags/tocheckStime.py
[2023-06-05T08:33:35.699+0000] {processor.py:753} INFO - DAG(s) dict_keys(['check_all_dags_run']) retrieved from /opt/airflow/dags/tocheckStime.py
[2023-06-05T08:33:35.823+0000] {logging_mixin.py:137} INFO - [2023-06-05T08:33:35.822+0000] {dag.py:2676} INFO - Sync 1 DAGs
[2023-06-05T08:33:35.868+0000] {logging_mixin.py:137} INFO - [2023-06-05T08:33:35.868+0000] {dag.py:3427} INFO - Setting next_dagrun for check_all_dags_run to 2023-06-02T00:00:00+00:00, run_after=2023-06-03T00:00:00+00:00
[2023-06-05T08:33:35.910+0000] {processor.py:175} INFO - Processing /opt/airflow/dags/tocheckStime.py took 0.271 seconds
[2023-06-05T08:34:06.114+0000] {processor.py:153} INFO - Started process (PID=78) to work on /opt/airflow/dags/tocheckStime.py
[2023-06-05T08:34:06.119+0000] {processor.py:743} INFO - Processing file /opt/airflow/dags/tocheckStime.py for tasks to queue
[2023-06-05T08:34:06.123+0000] {logging_mixin.py:137} INFO - [2023-06-05T08:34:06.123+0000] {dagbag.py:538} INFO - Filling up the DagBag from /opt/airflow/dags/tocheckStime.py
[2023-06-05T08:34:06.189+0000] {processor.py:753} INFO - DAG(s) dict_keys(['check_all_dags_run']) retrieved from /opt/airflow/dags/tocheckStime.py
[2023-06-05T08:34:06.305+0000] {logging_mixin.py:137} INFO - [2023-06-05T08:34:06.305+0000] {dag.py:2676} INFO - Sync 1 DAGs
[2023-06-05T08:34:06.367+0000] {logging_mixin.py:137} INFO - [2023-06-05T08:34:06.366+0000] {dag.py:3427} INFO - Setting next_dagrun for check_all_dags_run to 2023-06-05T00:00:00+00:00, run_after=2023-06-06T00:00:00+00:00
[2023-06-05T08:34:06.416+0000] {processor.py:175} INFO - Processing /opt/airflow/dags/tocheckStime.py took 0.318 seconds
[2023-06-05T08:34:36.917+0000] {processor.py:153} INFO - Started process (PID=104) to work on /opt/airflow/dags/tocheckStime.py
[2023-06-05T08:34:36.919+0000] {processor.py:743} INFO - Processing file /opt/airflow/dags/tocheckStime.py for tasks to queue
[2023-06-05T08:34:36.922+0000] {logging_mixin.py:137} INFO - [2023-06-05T08:34:36.921+0000] {dagbag.py:538} INFO - Filling up the DagBag from /opt/airflow/dags/tocheckStime.py
[2023-06-05T08:34:36.965+0000] {processor.py:753} INFO - DAG(s) dict_keys(['check_all_dags_run']) retrieved from /opt/airflow/dags/tocheckStime.py
[2023-06-05T08:34:37.099+0000] {logging_mixin.py:137} INFO - [2023-06-05T08:34:37.099+0000] {dag.py:2676} INFO - Sync 1 DAGs
[2023-06-05T08:34:37.179+0000] {logging_mixin.py:137} INFO - [2023-06-05T08:34:37.178+0000] {dag.py:3427} INFO - Setting next_dagrun for check_all_dags_run to 2023-06-05T00:00:00+00:00, run_after=2023-06-06T00:00:00+00:00
[2023-06-05T08:34:37.435+0000] {logging_mixin.py:137} WARNING - /home/airflow/.local/lib/python3.7/site-packages/airflow/models/dagbag.py:639 RemovedInAirflow3Warning: DAG.full_filepath is deprecated in favour of fileloc
[2023-06-05T08:34:37.445+0000] {logging_mixin.py:137} INFO - [2023-06-05T08:34:37.437+0000] {dagbag.py:639} ERROR - Failed to write serialized DAG: /opt/airflow/dags/tocheckStime.py
Traceback (most recent call last):
  File "/home/airflow/.local/lib/python3.7/site-packages/airflow/models/dagbag.py", line 631, in _serialize_dag_capturing_errors
    session=session,
  File "/home/airflow/.local/lib/python3.7/site-packages/airflow/utils/session.py", line 72, in wrapper
    return func(*args, **kwargs)
  File "/home/airflow/.local/lib/python3.7/site-packages/airflow/models/serialized_dag.py", line 149, in write_dag
    (timezone.utcnow() - timedelta(seconds=min_update_interval)) < cls.last_updated,
  File "/home/airflow/.local/lib/python3.7/site-packages/sqlalchemy/orm/query.py", line 2892, in scalar
    ret = self.one()
  File "/home/airflow/.local/lib/python3.7/site-packages/sqlalchemy/orm/query.py", line 2869, in one
    return self._iter().one()
  File "/home/airflow/.local/lib/python3.7/site-packages/sqlalchemy/orm/query.py", line 2918, in _iter
    execution_options={"_sa_orm_load_options": self.load_options},
  File "/home/airflow/.local/lib/python3.7/site-packages/sqlalchemy/orm/session.py", line 1713, in execute
    conn = self._connection_for_bind(bind)
  File "/home/airflow/.local/lib/python3.7/site-packages/sqlalchemy/orm/session.py", line 1553, in _connection_for_bind
    engine, execution_options
  File "/home/airflow/.local/lib/python3.7/site-packages/sqlalchemy/orm/session.py", line 721, in _connection_for_bind
    self._assert_active()
  File "/home/airflow/.local/lib/python3.7/site-packages/sqlalchemy/orm/session.py", line 608, in _assert_active
    code="7s2a",
sqlalchemy.exc.PendingRollbackError: This Session's transaction has been rolled back due to a previous exception during flush. To begin a new transaction with this Session, first issue Session.rollback(). Original exception was: (psycopg2.errors.UniqueViolation) duplicate key value violates unique constraint "serialized_dag_pkey"
DETAIL:  Key (dag_id)=(check_all_dags_run) already exists.

[SQL: INSERT INTO serialized_dag (dag_id, fileloc, fileloc_hash, data, data_compressed, last_updated, dag_hash, processor_subdir) VALUES (%(dag_id)s, %(fileloc)s, %(fileloc_hash)s, %(data)s, %(data_compressed)s, %(last_updated)s, %(dag_hash)s, %(processor_subdir)s)]
[parameters: {'dag_id': 'check_all_dags_run', 'fileloc': '/opt/airflow/dags/tocheckStime.py', 'fileloc_hash': 54037270151512778, 'data': '{"__version": 1, "dag": {"_dag_id": "check_all_dags_run", "fileloc": "/opt/airflow/dags/tocheckStime.py", "edge_info": {}, "_task_group": {"_group_id ... (779 characters truncated) ... onOperator", "_task_module": "airflow.operators.python", "_is_empty": false, "op_args": [], "op_kwargs": {}}], "dag_dependencies": [], "params": {}}}', 'data_compressed': None, 'last_updated': datetime.datetime(2023, 6, 5, 8, 34, 37, 15753, tzinfo=Timezone('UTC')), 'dag_hash': '68d7edfa74066cb2e6dd190a2c20ec94', 'processor_subdir': None}]
(Background on this error at: https://sqlalche.me/e/14/gkpj) (Background on this error at: https://sqlalche.me/e/14/7s2a)
[2023-06-05T08:34:37.449+0000] {logging_mixin.py:137} INFO - [2023-06-05T08:34:37.449+0000] {dag.py:2676} INFO - Sync 1 DAGs
[2023-06-05T08:34:37.452+0000] {processor.py:178} ERROR - Got an exception! Propagating...
Traceback (most recent call last):
  File "/home/airflow/.local/lib/python3.7/site-packages/airflow/dag_processing/processor.py", line 174, in _run_file_processor
    _handle_dag_file_processing()
  File "/home/airflow/.local/lib/python3.7/site-packages/airflow/dag_processing/processor.py", line 158, in _handle_dag_file_processing
    callback_requests=callback_requests,
  File "/home/airflow/.local/lib/python3.7/site-packages/airflow/utils/session.py", line 75, in wrapper
    return func(*args, session=session, **kwargs)
  File "/home/airflow/.local/lib/python3.7/site-packages/airflow/dag_processing/processor.py", line 768, in process_file
    dagbag.sync_to_db(processor_subdir=self._dag_directory, session=session)
  File "/home/airflow/.local/lib/python3.7/site-packages/airflow/utils/session.py", line 72, in wrapper
    return func(*args, **kwargs)
  File "/home/airflow/.local/lib/python3.7/site-packages/airflow/models/dagbag.py", line 645, in sync_to_db
    for attempt in run_with_db_retries(logger=self.log):
  File "/home/airflow/.local/lib/python3.7/site-packages/tenacity/__init__.py", line 384, in __iter__
    do = self.iter(retry_state=retry_state)
  File "/home/airflow/.local/lib/python3.7/site-packages/tenacity/__init__.py", line 351, in iter
    return fut.result()
  File "/usr/local/lib/python3.7/concurrent/futures/_base.py", line 428, in result
    return self.__get_result()
  File "/usr/local/lib/python3.7/concurrent/futures/_base.py", line 384, in __get_result
    raise self._exception
  File "/home/airflow/.local/lib/python3.7/site-packages/airflow/models/dagbag.py", line 660, in sync_to_db
    self.dags.values(), processor_subdir=processor_subdir, session=session
  File "/home/airflow/.local/lib/python3.7/site-packages/airflow/utils/session.py", line 72, in wrapper
    return func(*args, **kwargs)
  File "/home/airflow/.local/lib/python3.7/site-packages/airflow/models/dag.py", line 2687, in bulk_write_to_db
    orm_dags: list[DagModel] = with_row_locks(query, of=DagModel, session=session).all()
  File "/home/airflow/.local/lib/python3.7/site-packages/sqlalchemy/orm/query.py", line 2772, in all
    return self._iter().all()
  File "/home/airflow/.local/lib/python3.7/site-packages/sqlalchemy/orm/query.py", line 2918, in _iter
    execution_options={"_sa_orm_load_options": self.load_options},
  File "/home/airflow/.local/lib/python3.7/site-packages/sqlalchemy/orm/session.py", line 1713, in execute
    conn = self._connection_for_bind(bind)
  File "/home/airflow/.local/lib/python3.7/site-packages/sqlalchemy/orm/session.py", line 1553, in _connection_for_bind
    engine, execution_options
  File "/home/airflow/.local/lib/python3.7/site-packages/sqlalchemy/orm/session.py", line 721, in _connection_for_bind
    self._assert_active()
  File "/home/airflow/.local/lib/python3.7/site-packages/sqlalchemy/orm/session.py", line 608, in _assert_active
    code="7s2a",
sqlalchemy.exc.PendingRollbackError: This Session's transaction has been rolled back due to a previous exception during flush. To begin a new transaction with this Session, first issue Session.rollback(). Original exception was: (psycopg2.errors.UniqueViolation) duplicate key value violates unique constraint "serialized_dag_pkey"
DETAIL:  Key (dag_id)=(check_all_dags_run) already exists.

[SQL: INSERT INTO serialized_dag (dag_id, fileloc, fileloc_hash, data, data_compressed, last_updated, dag_hash, processor_subdir) VALUES (%(dag_id)s, %(fileloc)s, %(fileloc_hash)s, %(data)s, %(data_compressed)s, %(last_updated)s, %(dag_hash)s, %(processor_subdir)s)]
[parameters: {'dag_id': 'check_all_dags_run', 'fileloc': '/opt/airflow/dags/tocheckStime.py', 'fileloc_hash': 54037270151512778, 'data': '{"__version": 1, "dag": {"_dag_id": "check_all_dags_run", "fileloc": "/opt/airflow/dags/tocheckStime.py", "edge_info": {}, "_task_group": {"_group_id ... (779 characters truncated) ... onOperator", "_task_module": "airflow.operators.python", "_is_empty": false, "op_args": [], "op_kwargs": {}}], "dag_dependencies": [], "params": {}}}', 'data_compressed': None, 'last_updated': datetime.datetime(2023, 6, 5, 8, 34, 37, 15753, tzinfo=Timezone('UTC')), 'dag_hash': '68d7edfa74066cb2e6dd190a2c20ec94', 'processor_subdir': None}]
(Background on this error at: https://sqlalche.me/e/14/gkpj) (Background on this error at: https://sqlalche.me/e/14/7s2a)
[2023-06-05T08:35:07.772+0000] {processor.py:153} INFO - Started process (PID=145) to work on /opt/airflow/dags/tocheckStime.py
[2023-06-05T08:35:07.776+0000] {processor.py:743} INFO - Processing file /opt/airflow/dags/tocheckStime.py for tasks to queue
[2023-06-05T08:35:07.779+0000] {logging_mixin.py:137} INFO - [2023-06-05T08:35:07.778+0000] {dagbag.py:538} INFO - Filling up the DagBag from /opt/airflow/dags/tocheckStime.py
[2023-06-05T08:35:07.812+0000] {processor.py:753} INFO - DAG(s) dict_keys(['check_all_dags_run']) retrieved from /opt/airflow/dags/tocheckStime.py
[2023-06-05T08:35:07.931+0000] {logging_mixin.py:137} INFO - [2023-06-05T08:35:07.931+0000] {dag.py:2676} INFO - Sync 1 DAGs
[2023-06-05T08:35:07.981+0000] {logging_mixin.py:137} INFO - [2023-06-05T08:35:07.980+0000] {dag.py:3427} INFO - Setting next_dagrun for check_all_dags_run to 2023-06-05T00:00:00+00:00, run_after=2023-06-06T00:00:00+00:00
[2023-06-05T08:35:08.022+0000] {processor.py:175} INFO - Processing /opt/airflow/dags/tocheckStime.py took 0.255 seconds
[2023-06-05T08:35:38.648+0000] {processor.py:153} INFO - Started process (PID=186) to work on /opt/airflow/dags/tocheckStime.py
[2023-06-05T08:35:38.651+0000] {processor.py:743} INFO - Processing file /opt/airflow/dags/tocheckStime.py for tasks to queue
[2023-06-05T08:35:38.655+0000] {logging_mixin.py:137} INFO - [2023-06-05T08:35:38.655+0000] {dagbag.py:538} INFO - Filling up the DagBag from /opt/airflow/dags/tocheckStime.py
[2023-06-05T08:35:38.703+0000] {processor.py:753} INFO - DAG(s) dict_keys(['check_all_dags_run']) retrieved from /opt/airflow/dags/tocheckStime.py
[2023-06-05T08:35:38.769+0000] {logging_mixin.py:137} INFO - [2023-06-05T08:35:38.768+0000] {dag.py:2676} INFO - Sync 1 DAGs
[2023-06-05T08:35:38.816+0000] {logging_mixin.py:137} INFO - [2023-06-05T08:35:38.816+0000] {dag.py:3427} INFO - Setting next_dagrun for check_all_dags_run to 2023-06-05T00:00:00+00:00, run_after=2023-06-06T00:00:00+00:00
[2023-06-05T08:35:38.846+0000] {processor.py:175} INFO - Processing /opt/airflow/dags/tocheckStime.py took 0.212 seconds
[2023-06-05T08:36:09.394+0000] {processor.py:153} INFO - Started process (PID=222) to work on /opt/airflow/dags/tocheckStime.py
[2023-06-05T08:36:09.401+0000] {processor.py:743} INFO - Processing file /opt/airflow/dags/tocheckStime.py for tasks to queue
[2023-06-05T08:36:09.404+0000] {logging_mixin.py:137} INFO - [2023-06-05T08:36:09.404+0000] {dagbag.py:538} INFO - Filling up the DagBag from /opt/airflow/dags/tocheckStime.py
[2023-06-05T08:36:09.460+0000] {processor.py:753} INFO - DAG(s) dict_keys(['check_all_dags_run']) retrieved from /opt/airflow/dags/tocheckStime.py
[2023-06-05T08:36:09.580+0000] {logging_mixin.py:137} INFO - [2023-06-05T08:36:09.580+0000] {dag.py:2676} INFO - Sync 1 DAGs
[2023-06-05T08:36:09.640+0000] {logging_mixin.py:137} INFO - [2023-06-05T08:36:09.640+0000] {dag.py:3427} INFO - Setting next_dagrun for check_all_dags_run to 2023-06-05T00:00:00+00:00, run_after=2023-06-06T00:00:00+00:00
[2023-06-05T08:36:09.742+0000] {processor.py:175} INFO - Processing /opt/airflow/dags/tocheckStime.py took 0.376 seconds
[2023-06-05T08:36:40.254+0000] {processor.py:153} INFO - Started process (PID=269) to work on /opt/airflow/dags/tocheckStime.py
[2023-06-05T08:36:40.257+0000] {processor.py:743} INFO - Processing file /opt/airflow/dags/tocheckStime.py for tasks to queue
[2023-06-05T08:36:40.259+0000] {logging_mixin.py:137} INFO - [2023-06-05T08:36:40.259+0000] {dagbag.py:538} INFO - Filling up the DagBag from /opt/airflow/dags/tocheckStime.py
[2023-06-05T08:36:40.305+0000] {processor.py:753} INFO - DAG(s) dict_keys(['check_all_dags_run']) retrieved from /opt/airflow/dags/tocheckStime.py
[2023-06-05T08:36:40.375+0000] {logging_mixin.py:137} INFO - [2023-06-05T08:36:40.374+0000] {dag.py:2676} INFO - Sync 1 DAGs
[2023-06-05T08:36:40.426+0000] {logging_mixin.py:137} INFO - [2023-06-05T08:36:40.425+0000] {dag.py:3427} INFO - Setting next_dagrun for check_all_dags_run to 2023-06-05T00:00:00+00:00, run_after=2023-06-06T00:00:00+00:00
[2023-06-05T08:36:40.466+0000] {processor.py:175} INFO - Processing /opt/airflow/dags/tocheckStime.py took 0.217 seconds
[2023-06-05T08:37:11.038+0000] {processor.py:153} INFO - Started process (PID=303) to work on /opt/airflow/dags/tocheckStime.py
[2023-06-05T08:37:11.040+0000] {processor.py:743} INFO - Processing file /opt/airflow/dags/tocheckStime.py for tasks to queue
[2023-06-05T08:37:11.042+0000] {logging_mixin.py:137} INFO - [2023-06-05T08:37:11.042+0000] {dagbag.py:538} INFO - Filling up the DagBag from /opt/airflow/dags/tocheckStime.py
[2023-06-05T08:37:11.070+0000] {processor.py:753} INFO - DAG(s) dict_keys(['check_all_dags_run']) retrieved from /opt/airflow/dags/tocheckStime.py
[2023-06-05T08:37:11.156+0000] {logging_mixin.py:137} INFO - [2023-06-05T08:37:11.156+0000] {dag.py:2676} INFO - Sync 1 DAGs
[2023-06-05T08:37:11.185+0000] {logging_mixin.py:137} INFO - [2023-06-05T08:37:11.185+0000] {dag.py:3427} INFO - Setting next_dagrun for check_all_dags_run to 2023-06-05T00:00:00+00:00, run_after=2023-06-06T00:00:00+00:00
[2023-06-05T08:37:11.223+0000] {processor.py:175} INFO - Processing /opt/airflow/dags/tocheckStime.py took 0.190 seconds
[2023-06-05T08:37:41.674+0000] {processor.py:153} INFO - Started process (PID=337) to work on /opt/airflow/dags/tocheckStime.py
[2023-06-05T08:37:41.677+0000] {processor.py:743} INFO - Processing file /opt/airflow/dags/tocheckStime.py for tasks to queue
[2023-06-05T08:37:41.680+0000] {logging_mixin.py:137} INFO - [2023-06-05T08:37:41.680+0000] {dagbag.py:538} INFO - Filling up the DagBag from /opt/airflow/dags/tocheckStime.py
[2023-06-05T08:37:41.717+0000] {processor.py:753} INFO - DAG(s) dict_keys(['check_all_dags_run']) retrieved from /opt/airflow/dags/tocheckStime.py
[2023-06-05T08:37:41.781+0000] {logging_mixin.py:137} INFO - [2023-06-05T08:37:41.781+0000] {dag.py:2676} INFO - Sync 1 DAGs
[2023-06-05T08:37:41.822+0000] {logging_mixin.py:137} INFO - [2023-06-05T08:37:41.821+0000] {dag.py:3427} INFO - Setting next_dagrun for check_all_dags_run to 2023-06-05T00:00:00+00:00, run_after=2023-06-06T00:00:00+00:00
[2023-06-05T08:37:41.848+0000] {processor.py:175} INFO - Processing /opt/airflow/dags/tocheckStime.py took 0.178 seconds
[2023-06-05T08:38:12.397+0000] {processor.py:153} INFO - Started process (PID=386) to work on /opt/airflow/dags/tocheckStime.py
[2023-06-05T08:38:12.401+0000] {processor.py:743} INFO - Processing file /opt/airflow/dags/tocheckStime.py for tasks to queue
[2023-06-05T08:38:12.403+0000] {logging_mixin.py:137} INFO - [2023-06-05T08:38:12.403+0000] {dagbag.py:538} INFO - Filling up the DagBag from /opt/airflow/dags/tocheckStime.py
[2023-06-05T08:38:12.436+0000] {processor.py:753} INFO - DAG(s) dict_keys(['check_all_dags_run']) retrieved from /opt/airflow/dags/tocheckStime.py
[2023-06-05T08:38:12.544+0000] {logging_mixin.py:137} INFO - [2023-06-05T08:38:12.544+0000] {dag.py:2676} INFO - Sync 1 DAGs
[2023-06-05T08:38:12.578+0000] {logging_mixin.py:137} INFO - [2023-06-05T08:38:12.578+0000] {dag.py:3427} INFO - Setting next_dagrun for check_all_dags_run to 2023-06-05T00:00:00+00:00, run_after=2023-06-06T00:00:00+00:00
[2023-06-05T08:38:12.603+0000] {processor.py:175} INFO - Processing /opt/airflow/dags/tocheckStime.py took 0.210 seconds
[2023-06-05T08:38:43.136+0000] {processor.py:153} INFO - Started process (PID=421) to work on /opt/airflow/dags/tocheckStime.py
[2023-06-05T08:38:43.138+0000] {processor.py:743} INFO - Processing file /opt/airflow/dags/tocheckStime.py for tasks to queue
[2023-06-05T08:38:43.140+0000] {logging_mixin.py:137} INFO - [2023-06-05T08:38:43.139+0000] {dagbag.py:538} INFO - Filling up the DagBag from /opt/airflow/dags/tocheckStime.py
[2023-06-05T08:38:43.167+0000] {processor.py:753} INFO - DAG(s) dict_keys(['check_all_dags_run']) retrieved from /opt/airflow/dags/tocheckStime.py
[2023-06-05T08:38:43.217+0000] {logging_mixin.py:137} INFO - [2023-06-05T08:38:43.217+0000] {dag.py:2676} INFO - Sync 1 DAGs
[2023-06-05T08:38:43.254+0000] {logging_mixin.py:137} INFO - [2023-06-05T08:38:43.253+0000] {dag.py:3427} INFO - Setting next_dagrun for check_all_dags_run to 2023-06-05T00:00:00+00:00, run_after=2023-06-06T00:00:00+00:00
[2023-06-05T08:38:43.279+0000] {processor.py:175} INFO - Processing /opt/airflow/dags/tocheckStime.py took 0.147 seconds
[2023-06-05T08:39:13.821+0000] {processor.py:153} INFO - Started process (PID=469) to work on /opt/airflow/dags/tocheckStime.py
[2023-06-05T08:39:13.824+0000] {processor.py:743} INFO - Processing file /opt/airflow/dags/tocheckStime.py for tasks to queue
[2023-06-05T08:39:13.827+0000] {logging_mixin.py:137} INFO - [2023-06-05T08:39:13.827+0000] {dagbag.py:538} INFO - Filling up the DagBag from /opt/airflow/dags/tocheckStime.py
[2023-06-05T08:39:13.858+0000] {processor.py:753} INFO - DAG(s) dict_keys(['check_all_dags_run']) retrieved from /opt/airflow/dags/tocheckStime.py
[2023-06-05T08:39:13.959+0000] {logging_mixin.py:137} INFO - [2023-06-05T08:39:13.959+0000] {dag.py:2676} INFO - Sync 1 DAGs
[2023-06-05T08:39:13.993+0000] {logging_mixin.py:137} INFO - [2023-06-05T08:39:13.992+0000] {dag.py:3427} INFO - Setting next_dagrun for check_all_dags_run to 2023-06-05T00:00:00+00:00, run_after=2023-06-06T00:00:00+00:00
[2023-06-05T08:39:14.021+0000] {processor.py:175} INFO - Processing /opt/airflow/dags/tocheckStime.py took 0.206 seconds
[2023-06-05T08:39:44.382+0000] {processor.py:153} INFO - Started process (PID=503) to work on /opt/airflow/dags/tocheckStime.py
[2023-06-05T08:39:44.388+0000] {processor.py:743} INFO - Processing file /opt/airflow/dags/tocheckStime.py for tasks to queue
[2023-06-05T08:39:44.390+0000] {logging_mixin.py:137} INFO - [2023-06-05T08:39:44.390+0000] {dagbag.py:538} INFO - Filling up the DagBag from /opt/airflow/dags/tocheckStime.py
[2023-06-05T08:39:44.417+0000] {processor.py:753} INFO - DAG(s) dict_keys(['check_all_dags_run']) retrieved from /opt/airflow/dags/tocheckStime.py
[2023-06-05T08:39:44.462+0000] {logging_mixin.py:137} INFO - [2023-06-05T08:39:44.462+0000] {dag.py:2676} INFO - Sync 1 DAGs
[2023-06-05T08:39:44.500+0000] {logging_mixin.py:137} INFO - [2023-06-05T08:39:44.500+0000] {dag.py:3427} INFO - Setting next_dagrun for check_all_dags_run to 2023-06-05T00:00:00+00:00, run_after=2023-06-06T00:00:00+00:00
[2023-06-05T08:39:44.523+0000] {processor.py:175} INFO - Processing /opt/airflow/dags/tocheckStime.py took 0.146 seconds
[2023-06-05T08:40:15.090+0000] {processor.py:153} INFO - Started process (PID=537) to work on /opt/airflow/dags/tocheckStime.py
[2023-06-05T08:40:15.092+0000] {processor.py:743} INFO - Processing file /opt/airflow/dags/tocheckStime.py for tasks to queue
[2023-06-05T08:40:15.094+0000] {logging_mixin.py:137} INFO - [2023-06-05T08:40:15.094+0000] {dagbag.py:538} INFO - Filling up the DagBag from /opt/airflow/dags/tocheckStime.py
[2023-06-05T08:40:15.127+0000] {processor.py:753} INFO - DAG(s) dict_keys(['check_all_dags_run']) retrieved from /opt/airflow/dags/tocheckStime.py
[2023-06-05T08:40:15.223+0000] {logging_mixin.py:137} INFO - [2023-06-05T08:40:15.223+0000] {dag.py:2676} INFO - Sync 1 DAGs
[2023-06-05T08:40:15.256+0000] {logging_mixin.py:137} INFO - [2023-06-05T08:40:15.255+0000] {dag.py:3427} INFO - Setting next_dagrun for check_all_dags_run to 2023-06-05T00:00:00+00:00, run_after=2023-06-06T00:00:00+00:00
[2023-06-05T08:40:15.284+0000] {processor.py:175} INFO - Processing /opt/airflow/dags/tocheckStime.py took 0.199 seconds
[2023-06-05T08:40:45.804+0000] {processor.py:153} INFO - Started process (PID=585) to work on /opt/airflow/dags/tocheckStime.py
[2023-06-05T08:40:45.807+0000] {processor.py:743} INFO - Processing file /opt/airflow/dags/tocheckStime.py for tasks to queue
[2023-06-05T08:40:45.810+0000] {logging_mixin.py:137} INFO - [2023-06-05T08:40:45.810+0000] {dagbag.py:538} INFO - Filling up the DagBag from /opt/airflow/dags/tocheckStime.py
[2023-06-05T08:40:45.850+0000] {processor.py:753} INFO - DAG(s) dict_keys(['check_all_dags_run']) retrieved from /opt/airflow/dags/tocheckStime.py
[2023-06-05T08:40:45.908+0000] {logging_mixin.py:137} INFO - [2023-06-05T08:40:45.908+0000] {dag.py:2676} INFO - Sync 1 DAGs
[2023-06-05T08:40:45.950+0000] {logging_mixin.py:137} INFO - [2023-06-05T08:40:45.950+0000] {dag.py:3427} INFO - Setting next_dagrun for check_all_dags_run to 2023-06-05T00:00:00+00:00, run_after=2023-06-06T00:00:00+00:00
[2023-06-05T08:40:45.977+0000] {processor.py:175} INFO - Processing /opt/airflow/dags/tocheckStime.py took 0.180 seconds
[2023-06-05T08:41:16.364+0000] {processor.py:153} INFO - Started process (PID=619) to work on /opt/airflow/dags/tocheckStime.py
[2023-06-05T08:41:16.366+0000] {processor.py:743} INFO - Processing file /opt/airflow/dags/tocheckStime.py for tasks to queue
[2023-06-05T08:41:16.368+0000] {logging_mixin.py:137} INFO - [2023-06-05T08:41:16.368+0000] {dagbag.py:538} INFO - Filling up the DagBag from /opt/airflow/dags/tocheckStime.py
[2023-06-05T08:41:16.394+0000] {processor.py:753} INFO - DAG(s) dict_keys(['check_all_dags_run']) retrieved from /opt/airflow/dags/tocheckStime.py
[2023-06-05T08:41:16.498+0000] {logging_mixin.py:137} INFO - [2023-06-05T08:41:16.498+0000] {dag.py:2676} INFO - Sync 1 DAGs
[2023-06-05T08:41:16.534+0000] {logging_mixin.py:137} INFO - [2023-06-05T08:41:16.534+0000] {dag.py:3427} INFO - Setting next_dagrun for check_all_dags_run to 2023-06-05T00:00:00+00:00, run_after=2023-06-06T00:00:00+00:00
[2023-06-05T08:41:16.562+0000] {processor.py:175} INFO - Processing /opt/airflow/dags/tocheckStime.py took 0.203 seconds
[2023-06-05T08:41:47.014+0000] {processor.py:153} INFO - Started process (PID=667) to work on /opt/airflow/dags/tocheckStime.py
[2023-06-05T08:41:47.017+0000] {processor.py:743} INFO - Processing file /opt/airflow/dags/tocheckStime.py for tasks to queue
[2023-06-05T08:41:47.019+0000] {logging_mixin.py:137} INFO - [2023-06-05T08:41:47.019+0000] {dagbag.py:538} INFO - Filling up the DagBag from /opt/airflow/dags/tocheckStime.py
[2023-06-05T08:41:47.046+0000] {processor.py:753} INFO - DAG(s) dict_keys(['check_all_dags_run']) retrieved from /opt/airflow/dags/tocheckStime.py
[2023-06-05T08:41:47.090+0000] {logging_mixin.py:137} INFO - [2023-06-05T08:41:47.090+0000] {dag.py:2676} INFO - Sync 1 DAGs
[2023-06-05T08:41:47.122+0000] {logging_mixin.py:137} INFO - [2023-06-05T08:41:47.122+0000] {dag.py:3427} INFO - Setting next_dagrun for check_all_dags_run to 2023-06-05T00:00:00+00:00, run_after=2023-06-06T00:00:00+00:00
[2023-06-05T08:41:47.143+0000] {processor.py:175} INFO - Processing /opt/airflow/dags/tocheckStime.py took 0.134 seconds
[2023-06-05T08:42:17.721+0000] {processor.py:153} INFO - Started process (PID=701) to work on /opt/airflow/dags/tocheckStime.py
[2023-06-05T08:42:17.724+0000] {processor.py:743} INFO - Processing file /opt/airflow/dags/tocheckStime.py for tasks to queue
[2023-06-05T08:42:17.727+0000] {logging_mixin.py:137} INFO - [2023-06-05T08:42:17.727+0000] {dagbag.py:538} INFO - Filling up the DagBag from /opt/airflow/dags/tocheckStime.py
[2023-06-05T08:42:17.765+0000] {processor.py:753} INFO - DAG(s) dict_keys(['check_all_dags_run']) retrieved from /opt/airflow/dags/tocheckStime.py
[2023-06-05T08:42:17.959+0000] {logging_mixin.py:137} INFO - [2023-06-05T08:42:17.959+0000] {dag.py:2676} INFO - Sync 1 DAGs
[2023-06-05T08:42:18.036+0000] {logging_mixin.py:137} INFO - [2023-06-05T08:42:18.035+0000] {dag.py:3427} INFO - Setting next_dagrun for check_all_dags_run to 2023-06-05T00:00:00+00:00, run_after=2023-06-06T00:00:00+00:00
[2023-06-05T08:42:18.073+0000] {processor.py:175} INFO - Processing /opt/airflow/dags/tocheckStime.py took 0.359 seconds
[2023-06-05T08:42:48.690+0000] {processor.py:153} INFO - Started process (PID=749) to work on /opt/airflow/dags/tocheckStime.py
[2023-06-05T08:42:48.694+0000] {processor.py:743} INFO - Processing file /opt/airflow/dags/tocheckStime.py for tasks to queue
[2023-06-05T08:42:48.696+0000] {logging_mixin.py:137} INFO - [2023-06-05T08:42:48.696+0000] {dagbag.py:538} INFO - Filling up the DagBag from /opt/airflow/dags/tocheckStime.py
[2023-06-05T08:42:48.726+0000] {processor.py:753} INFO - DAG(s) dict_keys(['check_all_dags_run']) retrieved from /opt/airflow/dags/tocheckStime.py
[2023-06-05T08:42:48.776+0000] {logging_mixin.py:137} INFO - [2023-06-05T08:42:48.776+0000] {dag.py:2676} INFO - Sync 1 DAGs
[2023-06-05T08:42:48.812+0000] {logging_mixin.py:137} INFO - [2023-06-05T08:42:48.812+0000] {dag.py:3427} INFO - Setting next_dagrun for check_all_dags_run to 2023-06-05T00:00:00+00:00, run_after=2023-06-06T00:00:00+00:00
[2023-06-05T08:42:48.840+0000] {processor.py:175} INFO - Processing /opt/airflow/dags/tocheckStime.py took 0.155 seconds
[2023-06-05T08:43:19.224+0000] {processor.py:153} INFO - Started process (PID=783) to work on /opt/airflow/dags/tocheckStime.py
[2023-06-05T08:43:19.227+0000] {processor.py:743} INFO - Processing file /opt/airflow/dags/tocheckStime.py for tasks to queue
[2023-06-05T08:43:19.229+0000] {logging_mixin.py:137} INFO - [2023-06-05T08:43:19.229+0000] {dagbag.py:538} INFO - Filling up the DagBag from /opt/airflow/dags/tocheckStime.py
[2023-06-05T08:43:19.256+0000] {processor.py:753} INFO - DAG(s) dict_keys(['check_all_dags_run']) retrieved from /opt/airflow/dags/tocheckStime.py
[2023-06-05T08:43:19.344+0000] {logging_mixin.py:137} INFO - [2023-06-05T08:43:19.344+0000] {dag.py:2676} INFO - Sync 1 DAGs
[2023-06-05T08:43:19.373+0000] {logging_mixin.py:137} INFO - [2023-06-05T08:43:19.372+0000] {dag.py:3427} INFO - Setting next_dagrun for check_all_dags_run to 2023-06-05T00:00:00+00:00, run_after=2023-06-06T00:00:00+00:00
[2023-06-05T08:43:19.399+0000] {processor.py:175} INFO - Processing /opt/airflow/dags/tocheckStime.py took 0.179 seconds
[2023-06-05T08:43:49.888+0000] {processor.py:153} INFO - Started process (PID=827) to work on /opt/airflow/dags/tocheckStime.py
[2023-06-05T08:43:49.890+0000] {processor.py:743} INFO - Processing file /opt/airflow/dags/tocheckStime.py for tasks to queue
[2023-06-05T08:43:49.892+0000] {logging_mixin.py:137} INFO - [2023-06-05T08:43:49.892+0000] {dagbag.py:538} INFO - Filling up the DagBag from /opt/airflow/dags/tocheckStime.py
[2023-06-05T08:43:49.916+0000] {processor.py:753} INFO - DAG(s) dict_keys(['check_all_dags_run']) retrieved from /opt/airflow/dags/tocheckStime.py
[2023-06-05T08:43:49.965+0000] {logging_mixin.py:137} INFO - [2023-06-05T08:43:49.965+0000] {dag.py:2676} INFO - Sync 1 DAGs
[2023-06-05T08:43:50.001+0000] {logging_mixin.py:137} INFO - [2023-06-05T08:43:50.001+0000] {dag.py:3427} INFO - Setting next_dagrun for check_all_dags_run to 2023-06-05T00:00:00+00:00, run_after=2023-06-06T00:00:00+00:00
[2023-06-05T08:43:50.026+0000] {processor.py:175} INFO - Processing /opt/airflow/dags/tocheckStime.py took 0.142 seconds
[2023-06-05T08:44:20.614+0000] {processor.py:153} INFO - Started process (PID=867) to work on /opt/airflow/dags/tocheckStime.py
[2023-06-05T08:44:20.617+0000] {processor.py:743} INFO - Processing file /opt/airflow/dags/tocheckStime.py for tasks to queue
[2023-06-05T08:44:20.619+0000] {logging_mixin.py:137} INFO - [2023-06-05T08:44:20.618+0000] {dagbag.py:538} INFO - Filling up the DagBag from /opt/airflow/dags/tocheckStime.py
[2023-06-05T08:44:20.646+0000] {processor.py:753} INFO - DAG(s) dict_keys(['check_all_dags_run']) retrieved from /opt/airflow/dags/tocheckStime.py
[2023-06-05T08:44:20.733+0000] {logging_mixin.py:137} INFO - [2023-06-05T08:44:20.733+0000] {dag.py:2676} INFO - Sync 1 DAGs
[2023-06-05T08:44:20.766+0000] {logging_mixin.py:137} INFO - [2023-06-05T08:44:20.766+0000] {dag.py:3427} INFO - Setting next_dagrun for check_all_dags_run to 2023-06-05T00:00:00+00:00, run_after=2023-06-06T00:00:00+00:00
[2023-06-05T08:44:20.793+0000] {processor.py:175} INFO - Processing /opt/airflow/dags/tocheckStime.py took 0.184 seconds
[2023-06-05T08:44:51.129+0000] {processor.py:153} INFO - Started process (PID=909) to work on /opt/airflow/dags/tocheckStime.py
[2023-06-05T08:44:51.131+0000] {processor.py:743} INFO - Processing file /opt/airflow/dags/tocheckStime.py for tasks to queue
[2023-06-05T08:44:51.133+0000] {logging_mixin.py:137} INFO - [2023-06-05T08:44:51.133+0000] {dagbag.py:538} INFO - Filling up the DagBag from /opt/airflow/dags/tocheckStime.py
[2023-06-05T08:44:51.156+0000] {processor.py:753} INFO - DAG(s) dict_keys(['check_all_dags_run']) retrieved from /opt/airflow/dags/tocheckStime.py
[2023-06-05T08:44:51.204+0000] {logging_mixin.py:137} INFO - [2023-06-05T08:44:51.203+0000] {dag.py:2676} INFO - Sync 1 DAGs
[2023-06-05T08:44:51.235+0000] {logging_mixin.py:137} INFO - [2023-06-05T08:44:51.235+0000] {dag.py:3427} INFO - Setting next_dagrun for check_all_dags_run to 2023-06-05T00:00:00+00:00, run_after=2023-06-06T00:00:00+00:00
[2023-06-05T08:44:51.258+0000] {processor.py:175} INFO - Processing /opt/airflow/dags/tocheckStime.py took 0.134 seconds
[2023-06-05T08:45:21.891+0000] {processor.py:153} INFO - Started process (PID=951) to work on /opt/airflow/dags/tocheckStime.py
[2023-06-05T08:45:21.894+0000] {processor.py:743} INFO - Processing file /opt/airflow/dags/tocheckStime.py for tasks to queue
[2023-06-05T08:45:21.895+0000] {logging_mixin.py:137} INFO - [2023-06-05T08:45:21.895+0000] {dagbag.py:538} INFO - Filling up the DagBag from /opt/airflow/dags/tocheckStime.py
[2023-06-05T08:45:21.921+0000] {processor.py:753} INFO - DAG(s) dict_keys(['check_all_dags_run']) retrieved from /opt/airflow/dags/tocheckStime.py
[2023-06-05T08:45:22.010+0000] {logging_mixin.py:137} INFO - [2023-06-05T08:45:22.010+0000] {dag.py:2676} INFO - Sync 1 DAGs
[2023-06-05T08:45:22.040+0000] {logging_mixin.py:137} INFO - [2023-06-05T08:45:22.040+0000] {dag.py:3427} INFO - Setting next_dagrun for check_all_dags_run to 2023-06-05T00:00:00+00:00, run_after=2023-06-06T00:00:00+00:00
[2023-06-05T08:45:22.067+0000] {processor.py:175} INFO - Processing /opt/airflow/dags/tocheckStime.py took 0.182 seconds
[2023-06-05T08:45:52.543+0000] {processor.py:153} INFO - Started process (PID=986) to work on /opt/airflow/dags/tocheckStime.py
[2023-06-05T08:45:52.546+0000] {processor.py:743} INFO - Processing file /opt/airflow/dags/tocheckStime.py for tasks to queue
[2023-06-05T08:45:52.547+0000] {logging_mixin.py:137} INFO - [2023-06-05T08:45:52.547+0000] {dagbag.py:538} INFO - Filling up the DagBag from /opt/airflow/dags/tocheckStime.py
[2023-06-05T08:45:52.572+0000] {processor.py:753} INFO - DAG(s) dict_keys(['check_all_dags_run']) retrieved from /opt/airflow/dags/tocheckStime.py
[2023-06-05T08:45:52.613+0000] {logging_mixin.py:137} INFO - [2023-06-05T08:45:52.613+0000] {dag.py:2676} INFO - Sync 1 DAGs
[2023-06-05T08:45:52.645+0000] {logging_mixin.py:137} INFO - [2023-06-05T08:45:52.645+0000] {dag.py:3427} INFO - Setting next_dagrun for check_all_dags_run to 2023-06-05T00:00:00+00:00, run_after=2023-06-06T00:00:00+00:00
[2023-06-05T08:45:52.664+0000] {processor.py:175} INFO - Processing /opt/airflow/dags/tocheckStime.py took 0.125 seconds
[2023-06-05T08:46:23.178+0000] {processor.py:153} INFO - Started process (PID=1035) to work on /opt/airflow/dags/tocheckStime.py
[2023-06-05T08:46:23.181+0000] {processor.py:743} INFO - Processing file /opt/airflow/dags/tocheckStime.py for tasks to queue
[2023-06-05T08:46:23.185+0000] {logging_mixin.py:137} INFO - [2023-06-05T08:46:23.185+0000] {dagbag.py:538} INFO - Filling up the DagBag from /opt/airflow/dags/tocheckStime.py
[2023-06-05T08:46:23.218+0000] {processor.py:753} INFO - DAG(s) dict_keys(['check_all_dags_run']) retrieved from /opt/airflow/dags/tocheckStime.py
[2023-06-05T08:46:23.338+0000] {logging_mixin.py:137} INFO - [2023-06-05T08:46:23.338+0000] {dag.py:2676} INFO - Sync 1 DAGs
[2023-06-05T08:46:23.377+0000] {logging_mixin.py:137} INFO - [2023-06-05T08:46:23.377+0000] {dag.py:3427} INFO - Setting next_dagrun for check_all_dags_run to 2023-06-05T00:00:00+00:00, run_after=2023-06-06T00:00:00+00:00
[2023-06-05T08:46:23.422+0000] {processor.py:175} INFO - Processing /opt/airflow/dags/tocheckStime.py took 0.250 seconds
[2023-06-05T08:46:54.046+0000] {processor.py:153} INFO - Started process (PID=1071) to work on /opt/airflow/dags/tocheckStime.py
[2023-06-05T08:46:54.051+0000] {processor.py:743} INFO - Processing file /opt/airflow/dags/tocheckStime.py for tasks to queue
[2023-06-05T08:46:54.053+0000] {logging_mixin.py:137} INFO - [2023-06-05T08:46:54.053+0000] {dagbag.py:538} INFO - Filling up the DagBag from /opt/airflow/dags/tocheckStime.py
[2023-06-05T08:46:54.083+0000] {processor.py:753} INFO - DAG(s) dict_keys(['check_all_dags_run']) retrieved from /opt/airflow/dags/tocheckStime.py
[2023-06-05T08:46:54.134+0000] {logging_mixin.py:137} INFO - [2023-06-05T08:46:54.134+0000] {dag.py:2676} INFO - Sync 1 DAGs
[2023-06-05T08:46:54.169+0000] {logging_mixin.py:137} INFO - [2023-06-05T08:46:54.169+0000] {dag.py:3427} INFO - Setting next_dagrun for check_all_dags_run to 2023-06-05T00:00:00+00:00, run_after=2023-06-06T00:00:00+00:00
[2023-06-05T08:46:54.194+0000] {processor.py:175} INFO - Processing /opt/airflow/dags/tocheckStime.py took 0.157 seconds
[2023-06-05T08:47:24.794+0000] {processor.py:153} INFO - Started process (PID=1114) to work on /opt/airflow/dags/tocheckStime.py
[2023-06-05T08:47:24.796+0000] {processor.py:743} INFO - Processing file /opt/airflow/dags/tocheckStime.py for tasks to queue
[2023-06-05T08:47:24.799+0000] {logging_mixin.py:137} INFO - [2023-06-05T08:47:24.799+0000] {dagbag.py:538} INFO - Filling up the DagBag from /opt/airflow/dags/tocheckStime.py
[2023-06-05T08:47:24.829+0000] {processor.py:753} INFO - DAG(s) dict_keys(['check_all_dags_run']) retrieved from /opt/airflow/dags/tocheckStime.py
[2023-06-05T08:47:24.946+0000] {logging_mixin.py:137} INFO - [2023-06-05T08:47:24.946+0000] {dag.py:2676} INFO - Sync 1 DAGs
[2023-06-05T08:47:24.989+0000] {logging_mixin.py:137} INFO - [2023-06-05T08:47:24.989+0000] {dag.py:3427} INFO - Setting next_dagrun for check_all_dags_run to 2023-06-05T00:00:00+00:00, run_after=2023-06-06T00:00:00+00:00
[2023-06-05T08:47:25.025+0000] {processor.py:175} INFO - Processing /opt/airflow/dags/tocheckStime.py took 0.235 seconds
[2023-06-05T08:47:55.602+0000] {processor.py:153} INFO - Started process (PID=1156) to work on /opt/airflow/dags/tocheckStime.py
[2023-06-05T08:47:55.606+0000] {processor.py:743} INFO - Processing file /opt/airflow/dags/tocheckStime.py for tasks to queue
[2023-06-05T08:47:55.610+0000] {logging_mixin.py:137} INFO - [2023-06-05T08:47:55.609+0000] {dagbag.py:538} INFO - Filling up the DagBag from /opt/airflow/dags/tocheckStime.py
[2023-06-05T08:47:55.645+0000] {processor.py:753} INFO - DAG(s) dict_keys(['check_all_dags_run']) retrieved from /opt/airflow/dags/tocheckStime.py
[2023-06-05T08:47:55.710+0000] {logging_mixin.py:137} INFO - [2023-06-05T08:47:55.710+0000] {dag.py:2676} INFO - Sync 1 DAGs
[2023-06-05T08:47:55.758+0000] {logging_mixin.py:137} INFO - [2023-06-05T08:47:55.758+0000] {dag.py:3427} INFO - Setting next_dagrun for check_all_dags_run to 2023-06-05T00:00:00+00:00, run_after=2023-06-06T00:00:00+00:00
[2023-06-05T08:47:55.793+0000] {processor.py:175} INFO - Processing /opt/airflow/dags/tocheckStime.py took 0.200 seconds
[2023-06-05T08:48:26.294+0000] {processor.py:153} INFO - Started process (PID=1191) to work on /opt/airflow/dags/tocheckStime.py
[2023-06-05T08:48:26.298+0000] {processor.py:743} INFO - Processing file /opt/airflow/dags/tocheckStime.py for tasks to queue
[2023-06-05T08:48:26.301+0000] {logging_mixin.py:137} INFO - [2023-06-05T08:48:26.301+0000] {dagbag.py:538} INFO - Filling up the DagBag from /opt/airflow/dags/tocheckStime.py
[2023-06-05T08:48:26.342+0000] {processor.py:753} INFO - DAG(s) dict_keys(['check_all_dags_run']) retrieved from /opt/airflow/dags/tocheckStime.py
[2023-06-05T08:48:26.504+0000] {logging_mixin.py:137} INFO - [2023-06-05T08:48:26.504+0000] {dag.py:2676} INFO - Sync 1 DAGs
[2023-06-05T08:48:26.561+0000] {logging_mixin.py:137} INFO - [2023-06-05T08:48:26.561+0000] {dag.py:3427} INFO - Setting next_dagrun for check_all_dags_run to 2023-06-05T00:00:00+00:00, run_after=2023-06-06T00:00:00+00:00
[2023-06-05T08:48:26.603+0000] {processor.py:175} INFO - Processing /opt/airflow/dags/tocheckStime.py took 0.317 seconds
[2023-06-05T08:48:57.131+0000] {processor.py:153} INFO - Started process (PID=1226) to work on /opt/airflow/dags/tocheckStime.py
[2023-06-05T08:48:57.133+0000] {processor.py:743} INFO - Processing file /opt/airflow/dags/tocheckStime.py for tasks to queue
[2023-06-05T08:48:57.140+0000] {logging_mixin.py:137} INFO - [2023-06-05T08:48:57.140+0000] {dagbag.py:538} INFO - Filling up the DagBag from /opt/airflow/dags/tocheckStime.py
[2023-06-05T08:48:57.177+0000] {processor.py:753} INFO - DAG(s) dict_keys(['check_all_dags_run']) retrieved from /opt/airflow/dags/tocheckStime.py
[2023-06-05T08:48:57.239+0000] {logging_mixin.py:137} INFO - [2023-06-05T08:48:57.239+0000] {dag.py:2676} INFO - Sync 1 DAGs
[2023-06-05T08:48:57.285+0000] {logging_mixin.py:137} INFO - [2023-06-05T08:48:57.285+0000] {dag.py:3427} INFO - Setting next_dagrun for check_all_dags_run to 2023-06-05T00:00:00+00:00, run_after=2023-06-06T00:00:00+00:00
[2023-06-05T08:48:57.319+0000] {processor.py:175} INFO - Processing /opt/airflow/dags/tocheckStime.py took 0.195 seconds
[2023-06-05T08:49:27.785+0000] {processor.py:153} INFO - Started process (PID=1275) to work on /opt/airflow/dags/tocheckStime.py
[2023-06-05T08:49:27.788+0000] {processor.py:743} INFO - Processing file /opt/airflow/dags/tocheckStime.py for tasks to queue
[2023-06-05T08:49:27.791+0000] {logging_mixin.py:137} INFO - [2023-06-05T08:49:27.790+0000] {dagbag.py:538} INFO - Filling up the DagBag from /opt/airflow/dags/tocheckStime.py
[2023-06-05T08:49:27.822+0000] {processor.py:753} INFO - DAG(s) dict_keys(['check_all_dags_run']) retrieved from /opt/airflow/dags/tocheckStime.py
[2023-06-05T08:49:27.931+0000] {logging_mixin.py:137} INFO - [2023-06-05T08:49:27.931+0000] {dag.py:2676} INFO - Sync 1 DAGs
[2023-06-05T08:49:27.974+0000] {logging_mixin.py:137} INFO - [2023-06-05T08:49:27.973+0000] {dag.py:3427} INFO - Setting next_dagrun for check_all_dags_run to 2023-06-05T00:00:00+00:00, run_after=2023-06-06T00:00:00+00:00
[2023-06-05T08:49:28.013+0000] {processor.py:175} INFO - Processing /opt/airflow/dags/tocheckStime.py took 0.233 seconds
[2023-06-05T08:49:58.406+0000] {processor.py:153} INFO - Started process (PID=1310) to work on /opt/airflow/dags/tocheckStime.py
[2023-06-05T08:49:58.408+0000] {processor.py:743} INFO - Processing file /opt/airflow/dags/tocheckStime.py for tasks to queue
[2023-06-05T08:49:58.411+0000] {logging_mixin.py:137} INFO - [2023-06-05T08:49:58.410+0000] {dagbag.py:538} INFO - Filling up the DagBag from /opt/airflow/dags/tocheckStime.py
[2023-06-05T08:49:58.440+0000] {processor.py:753} INFO - DAG(s) dict_keys(['check_all_dags_run']) retrieved from /opt/airflow/dags/tocheckStime.py
[2023-06-05T08:49:58.511+0000] {logging_mixin.py:137} INFO - [2023-06-05T08:49:58.511+0000] {dag.py:2676} INFO - Sync 1 DAGs
[2023-06-05T08:49:58.545+0000] {logging_mixin.py:137} INFO - [2023-06-05T08:49:58.545+0000] {dag.py:3427} INFO - Setting next_dagrun for check_all_dags_run to 2023-06-05T00:00:00+00:00, run_after=2023-06-06T00:00:00+00:00
[2023-06-05T08:49:58.567+0000] {processor.py:175} INFO - Processing /opt/airflow/dags/tocheckStime.py took 0.166 seconds
[2023-06-05T08:50:29.106+0000] {processor.py:153} INFO - Started process (PID=1359) to work on /opt/airflow/dags/tocheckStime.py
[2023-06-05T08:50:29.108+0000] {processor.py:743} INFO - Processing file /opt/airflow/dags/tocheckStime.py for tasks to queue
[2023-06-05T08:50:29.109+0000] {logging_mixin.py:137} INFO - [2023-06-05T08:50:29.109+0000] {dagbag.py:538} INFO - Filling up the DagBag from /opt/airflow/dags/tocheckStime.py
[2023-06-05T08:50:29.131+0000] {processor.py:753} INFO - DAG(s) dict_keys(['check_all_dags_run']) retrieved from /opt/airflow/dags/tocheckStime.py
[2023-06-05T08:50:29.211+0000] {logging_mixin.py:137} INFO - [2023-06-05T08:50:29.211+0000] {dag.py:2676} INFO - Sync 1 DAGs
[2023-06-05T08:50:29.246+0000] {logging_mixin.py:137} INFO - [2023-06-05T08:50:29.245+0000] {dag.py:3427} INFO - Setting next_dagrun for check_all_dags_run to 2023-06-05T00:00:00+00:00, run_after=2023-06-06T00:00:00+00:00
[2023-06-05T08:50:29.275+0000] {processor.py:175} INFO - Processing /opt/airflow/dags/tocheckStime.py took 0.172 seconds
[2023-06-05T08:50:59.767+0000] {processor.py:153} INFO - Started process (PID=1394) to work on /opt/airflow/dags/tocheckStime.py
[2023-06-05T08:50:59.769+0000] {processor.py:743} INFO - Processing file /opt/airflow/dags/tocheckStime.py for tasks to queue
[2023-06-05T08:50:59.771+0000] {logging_mixin.py:137} INFO - [2023-06-05T08:50:59.771+0000] {dagbag.py:538} INFO - Filling up the DagBag from /opt/airflow/dags/tocheckStime.py
[2023-06-05T08:50:59.796+0000] {processor.py:753} INFO - DAG(s) dict_keys(['check_all_dags_run']) retrieved from /opt/airflow/dags/tocheckStime.py
[2023-06-05T08:50:59.840+0000] {logging_mixin.py:137} INFO - [2023-06-05T08:50:59.840+0000] {dag.py:2676} INFO - Sync 1 DAGs
[2023-06-05T08:50:59.870+0000] {logging_mixin.py:137} INFO - [2023-06-05T08:50:59.870+0000] {dag.py:3427} INFO - Setting next_dagrun for check_all_dags_run to 2023-06-05T00:00:00+00:00, run_after=2023-06-06T00:00:00+00:00
[2023-06-05T08:50:59.890+0000] {processor.py:175} INFO - Processing /opt/airflow/dags/tocheckStime.py took 0.128 seconds
[2023-06-05T08:51:30.412+0000] {processor.py:153} INFO - Started process (PID=1443) to work on /opt/airflow/dags/tocheckStime.py
[2023-06-05T08:51:30.424+0000] {processor.py:743} INFO - Processing file /opt/airflow/dags/tocheckStime.py for tasks to queue
[2023-06-05T08:51:30.444+0000] {logging_mixin.py:137} INFO - [2023-06-05T08:51:30.444+0000] {dagbag.py:538} INFO - Filling up the DagBag from /opt/airflow/dags/tocheckStime.py
[2023-06-05T08:51:30.468+0000] {processor.py:753} INFO - DAG(s) dict_keys(['check_all_dags_run']) retrieved from /opt/airflow/dags/tocheckStime.py
[2023-06-05T08:51:30.553+0000] {logging_mixin.py:137} INFO - [2023-06-05T08:51:30.553+0000] {dag.py:2676} INFO - Sync 1 DAGs
[2023-06-05T08:51:30.591+0000] {logging_mixin.py:137} INFO - [2023-06-05T08:51:30.590+0000] {dag.py:3427} INFO - Setting next_dagrun for check_all_dags_run to 2023-06-05T00:00:00+00:00, run_after=2023-06-06T00:00:00+00:00
[2023-06-05T08:51:30.618+0000] {processor.py:175} INFO - Processing /opt/airflow/dags/tocheckStime.py took 0.211 seconds
[2023-06-05T08:52:01.104+0000] {processor.py:153} INFO - Started process (PID=1478) to work on /opt/airflow/dags/tocheckStime.py
[2023-06-05T08:52:01.106+0000] {processor.py:743} INFO - Processing file /opt/airflow/dags/tocheckStime.py for tasks to queue
[2023-06-05T08:52:01.108+0000] {logging_mixin.py:137} INFO - [2023-06-05T08:52:01.108+0000] {dagbag.py:538} INFO - Filling up the DagBag from /opt/airflow/dags/tocheckStime.py
[2023-06-05T08:52:01.134+0000] {processor.py:753} INFO - DAG(s) dict_keys(['check_all_dags_run']) retrieved from /opt/airflow/dags/tocheckStime.py
[2023-06-05T08:52:01.178+0000] {logging_mixin.py:137} INFO - [2023-06-05T08:52:01.178+0000] {dag.py:2676} INFO - Sync 1 DAGs
[2023-06-05T08:52:01.209+0000] {logging_mixin.py:137} INFO - [2023-06-05T08:52:01.209+0000] {dag.py:3427} INFO - Setting next_dagrun for check_all_dags_run to 2023-06-05T00:00:00+00:00, run_after=2023-06-06T00:00:00+00:00
[2023-06-05T08:52:01.229+0000] {processor.py:175} INFO - Processing /opt/airflow/dags/tocheckStime.py took 0.130 seconds
[2023-06-05T08:52:31.745+0000] {processor.py:153} INFO - Started process (PID=1528) to work on /opt/airflow/dags/tocheckStime.py
[2023-06-05T08:52:31.747+0000] {processor.py:743} INFO - Processing file /opt/airflow/dags/tocheckStime.py for tasks to queue
[2023-06-05T08:52:31.750+0000] {logging_mixin.py:137} INFO - [2023-06-05T08:52:31.749+0000] {dagbag.py:538} INFO - Filling up the DagBag from /opt/airflow/dags/tocheckStime.py
[2023-06-05T08:52:31.780+0000] {processor.py:753} INFO - DAG(s) dict_keys(['check_all_dags_run']) retrieved from /opt/airflow/dags/tocheckStime.py
[2023-06-05T08:52:31.890+0000] {logging_mixin.py:137} INFO - [2023-06-05T08:52:31.890+0000] {dag.py:2676} INFO - Sync 1 DAGs
[2023-06-05T08:52:31.928+0000] {logging_mixin.py:137} INFO - [2023-06-05T08:52:31.928+0000] {dag.py:3427} INFO - Setting next_dagrun for check_all_dags_run to 2023-06-05T00:00:00+00:00, run_after=2023-06-06T00:00:00+00:00
[2023-06-05T08:52:31.954+0000] {processor.py:175} INFO - Processing /opt/airflow/dags/tocheckStime.py took 0.214 seconds
[2023-06-05T08:53:02.422+0000] {processor.py:153} INFO - Started process (PID=1563) to work on /opt/airflow/dags/tocheckStime.py
[2023-06-05T08:53:02.424+0000] {processor.py:743} INFO - Processing file /opt/airflow/dags/tocheckStime.py for tasks to queue
[2023-06-05T08:53:02.426+0000] {logging_mixin.py:137} INFO - [2023-06-05T08:53:02.426+0000] {dagbag.py:538} INFO - Filling up the DagBag from /opt/airflow/dags/tocheckStime.py
[2023-06-05T08:53:02.453+0000] {processor.py:753} INFO - DAG(s) dict_keys(['check_all_dags_run']) retrieved from /opt/airflow/dags/tocheckStime.py
[2023-06-05T08:53:02.499+0000] {logging_mixin.py:137} INFO - [2023-06-05T08:53:02.499+0000] {dag.py:2676} INFO - Sync 1 DAGs
[2023-06-05T08:53:02.529+0000] {logging_mixin.py:137} INFO - [2023-06-05T08:53:02.529+0000] {dag.py:3427} INFO - Setting next_dagrun for check_all_dags_run to 2023-06-05T00:00:00+00:00, run_after=2023-06-06T00:00:00+00:00
[2023-06-05T08:53:02.549+0000] {processor.py:175} INFO - Processing /opt/airflow/dags/tocheckStime.py took 0.132 seconds
[2023-06-05T08:53:33.062+0000] {processor.py:153} INFO - Started process (PID=1611) to work on /opt/airflow/dags/tocheckStime.py
[2023-06-05T08:53:33.066+0000] {processor.py:743} INFO - Processing file /opt/airflow/dags/tocheckStime.py for tasks to queue
[2023-06-05T08:53:33.068+0000] {logging_mixin.py:137} INFO - [2023-06-05T08:53:33.068+0000] {dagbag.py:538} INFO - Filling up the DagBag from /opt/airflow/dags/tocheckStime.py
[2023-06-05T08:53:33.094+0000] {processor.py:753} INFO - DAG(s) dict_keys(['check_all_dags_run']) retrieved from /opt/airflow/dags/tocheckStime.py
[2023-06-05T08:53:33.221+0000] {logging_mixin.py:137} INFO - [2023-06-05T08:53:33.221+0000] {dag.py:2676} INFO - Sync 1 DAGs
[2023-06-05T08:53:33.262+0000] {logging_mixin.py:137} INFO - [2023-06-05T08:53:33.261+0000] {dag.py:3427} INFO - Setting next_dagrun for check_all_dags_run to 2023-06-05T00:00:00+00:00, run_after=2023-06-06T00:00:00+00:00
[2023-06-05T08:53:33.305+0000] {processor.py:175} INFO - Processing /opt/airflow/dags/tocheckStime.py took 0.247 seconds
[2023-06-05T09:03:34.733+0000] {processor.py:153} INFO - Started process (PID=1625) to work on /opt/airflow/dags/tocheckStime.py
[2023-06-05T09:03:34.738+0000] {processor.py:743} INFO - Processing file /opt/airflow/dags/tocheckStime.py for tasks to queue
[2023-06-05T09:03:34.760+0000] {logging_mixin.py:137} INFO - [2023-06-05T09:03:34.760+0000] {dagbag.py:538} INFO - Filling up the DagBag from /opt/airflow/dags/tocheckStime.py
[2023-06-05T09:03:34.792+0000] {processor.py:753} INFO - DAG(s) dict_keys(['check_all_dags_run']) retrieved from /opt/airflow/dags/tocheckStime.py
[2023-06-05T09:03:34.865+0000] {logging_mixin.py:137} INFO - [2023-06-05T09:03:34.865+0000] {dag.py:2676} INFO - Sync 1 DAGs
[2023-06-05T09:03:34.967+0000] {logging_mixin.py:137} INFO - [2023-06-05T09:03:34.967+0000] {dag.py:3427} INFO - Setting next_dagrun for check_all_dags_run to 2023-06-05T00:00:00+00:00, run_after=2023-06-06T00:00:00+00:00
[2023-06-05T09:03:35.021+0000] {processor.py:175} INFO - Processing /opt/airflow/dags/tocheckStime.py took 0.294 seconds
