[2023-05-30T12:32:42.792+0000] {taskinstance.py:1087} INFO - Dependencies all met for <TaskInstance: our_dag_with_python_operator_v07.get_age scheduled__2022-03-03T00:00:00+00:00 [queued]>
[2023-05-30T12:32:42.832+0000] {taskinstance.py:1087} INFO - Dependencies all met for <TaskInstance: our_dag_with_python_operator_v07.get_age scheduled__2022-03-03T00:00:00+00:00 [queued]>
[2023-05-30T12:32:42.855+0000] {taskinstance.py:1283} INFO - 
--------------------------------------------------------------------------------
[2023-05-30T12:32:42.860+0000] {taskinstance.py:1284} INFO - Starting attempt 1 of 6
[2023-05-30T12:32:42.878+0000] {taskinstance.py:1285} INFO - 
--------------------------------------------------------------------------------
[2023-05-30T12:32:43.000+0000] {taskinstance.py:1304} INFO - Executing <Task(PythonOperator): get_age> on 2022-03-03 00:00:00+00:00
[2023-05-30T12:32:43.013+0000] {standard_task_runner.py:55} INFO - Started process 10193 to run task
[2023-05-30T12:32:43.038+0000] {standard_task_runner.py:82} INFO - Running: ['***', 'tasks', 'run', 'our_dag_with_python_operator_v07', 'get_age', 'scheduled__2022-03-03T00:00:00+00:00', '--job-id', '1559', '--raw', '--subdir', 'DAGS_FOLDER/dag_python_opr.py', '--cfg-path', '/tmp/tmpgi1hdwca']
[2023-05-30T12:32:43.051+0000] {standard_task_runner.py:83} INFO - Job 1559: Subtask get_age
[2023-05-30T12:32:43.369+0000] {task_command.py:389} INFO - Running <TaskInstance: our_dag_with_python_operator_v07.get_age scheduled__2022-03-03T00:00:00+00:00 [running]> on host 49219f98c96e
[2023-05-30T12:32:43.780+0000] {taskinstance.py:1513} INFO - Exporting the following env vars:
AIRFLOW_CTX_DAG_OWNER=coder2j
AIRFLOW_CTX_DAG_ID=our_dag_with_python_operator_v07
AIRFLOW_CTX_TASK_ID=get_age
AIRFLOW_CTX_EXECUTION_DATE=2022-03-03T00:00:00+00:00
AIRFLOW_CTX_TRY_NUMBER=1
AIRFLOW_CTX_DAG_RUN_ID=scheduled__2022-03-03T00:00:00+00:00
[2023-05-30T12:32:43.819+0000] {python.py:177} INFO - Done. Returned value was: None
[2023-05-30T12:32:43.850+0000] {taskinstance.py:1327} INFO - Marking task as SUCCESS. dag_id=our_dag_with_python_operator_v07, task_id=get_age, execution_date=20220303T000000, start_date=20230530T123242, end_date=20230530T123243
[2023-05-30T12:32:43.947+0000] {local_task_job.py:159} INFO - Task exited with return code 0
[2023-05-30T12:32:44.033+0000] {taskinstance.py:2582} INFO - 0 downstream tasks scheduled from follow-on schedule check
[2023-06-07T06:36:26.997+0000] {taskinstance.py:1087} INFO - Dependencies all met for <TaskInstance: our_dag_with_python_operator_v07.get_age scheduled__2022-03-03T00:00:00+00:00 [queued]>
[2023-06-07T06:36:27.326+0000] {taskinstance.py:1087} INFO - Dependencies all met for <TaskInstance: our_dag_with_python_operator_v07.get_age scheduled__2022-03-03T00:00:00+00:00 [queued]>
[2023-06-07T06:36:27.329+0000] {taskinstance.py:1283} INFO - 
--------------------------------------------------------------------------------
[2023-06-07T06:36:27.341+0000] {taskinstance.py:1284} INFO - Starting attempt 1 of 6
[2023-06-07T06:36:27.343+0000] {taskinstance.py:1285} INFO - 
--------------------------------------------------------------------------------
[2023-06-07T06:36:27.746+0000] {taskinstance.py:1304} INFO - Executing <Task(PythonOperator): get_age> on 2022-03-03 00:00:00+00:00
[2023-06-07T06:36:27.976+0000] {standard_task_runner.py:55} INFO - Started process 2738 to run task
[2023-06-07T06:36:28.186+0000] {standard_task_runner.py:82} INFO - Running: ['***', 'tasks', 'run', 'our_dag_with_python_operator_v07', 'get_age', 'scheduled__2022-03-03T00:00:00+00:00', '--job-id', '1843', '--raw', '--subdir', 'DAGS_FOLDER/dag_python_opr.py', '--cfg-path', '/tmp/tmpk4qk0eb0']
[2023-06-07T06:36:28.225+0000] {standard_task_runner.py:83} INFO - Job 1843: Subtask get_age
[2023-06-07T06:36:29.004+0000] {task_command.py:389} INFO - Running <TaskInstance: our_dag_with_python_operator_v07.get_age scheduled__2022-03-03T00:00:00+00:00 [running]> on host 026ed797f3b3
[2023-06-07T06:36:30.347+0000] {taskinstance.py:1513} INFO - Exporting the following env vars:
AIRFLOW_CTX_DAG_OWNER=coder2j
AIRFLOW_CTX_DAG_ID=our_dag_with_python_operator_v07
AIRFLOW_CTX_TASK_ID=get_age
AIRFLOW_CTX_EXECUTION_DATE=2022-03-03T00:00:00+00:00
AIRFLOW_CTX_TRY_NUMBER=1
AIRFLOW_CTX_DAG_RUN_ID=scheduled__2022-03-03T00:00:00+00:00
[2023-06-07T06:36:30.543+0000] {python.py:177} INFO - Done. Returned value was: None
[2023-06-07T06:36:30.663+0000] {taskinstance.py:1327} INFO - Marking task as SUCCESS. dag_id=our_dag_with_python_operator_v07, task_id=get_age, execution_date=20220303T000000, start_date=20230607T063627, end_date=20230607T063630
[2023-06-07T06:36:31.013+0000] {local_task_job.py:159} INFO - Task exited with return code 0
[2023-06-07T06:36:31.351+0000] {taskinstance.py:2582} INFO - 0 downstream tasks scheduled from follow-on schedule check
