[2023-05-30T11:29:11.378+0000] {taskinstance.py:1087} INFO - Dependencies all met for <TaskInstance: our_first_dag_v5.thrid_task scheduled__2021-10-08T00:00:00+00:00 [queued]>
[2023-05-30T11:29:11.461+0000] {taskinstance.py:1087} INFO - Dependencies all met for <TaskInstance: our_first_dag_v5.thrid_task scheduled__2021-10-08T00:00:00+00:00 [queued]>
[2023-05-30T11:29:11.463+0000] {taskinstance.py:1283} INFO - 
--------------------------------------------------------------------------------
[2023-05-30T11:29:11.467+0000] {taskinstance.py:1284} INFO - Starting attempt 1 of 6
[2023-05-30T11:29:11.471+0000] {taskinstance.py:1285} INFO - 
--------------------------------------------------------------------------------
[2023-05-30T11:29:11.567+0000] {taskinstance.py:1304} INFO - Executing <Task(BashOperator): thrid_task> on 2021-10-08 00:00:00+00:00
[2023-05-30T11:29:11.595+0000] {standard_task_runner.py:55} INFO - Started process 2384 to run task
[2023-05-30T11:29:11.650+0000] {standard_task_runner.py:82} INFO - Running: ['***', 'tasks', 'run', 'our_first_dag_v5', 'thrid_task', 'scheduled__2021-10-08T00:00:00+00:00', '--job-id', '219', '--raw', '--subdir', 'DAGS_FOLDER/first_Dag.py', '--cfg-path', '/tmp/tmp1p2xlyor']
[2023-05-30T11:29:11.660+0000] {standard_task_runner.py:83} INFO - Job 219: Subtask thrid_task
[2023-05-30T11:29:12.020+0000] {task_command.py:389} INFO - Running <TaskInstance: our_first_dag_v5.thrid_task scheduled__2021-10-08T00:00:00+00:00 [running]> on host 49219f98c96e
[2023-05-30T11:29:12.260+0000] {taskinstance.py:1513} INFO - Exporting the following env vars:
AIRFLOW_CTX_DAG_OWNER=coder2j
AIRFLOW_CTX_DAG_ID=our_first_dag_v5
AIRFLOW_CTX_TASK_ID=thrid_task
AIRFLOW_CTX_EXECUTION_DATE=2021-10-08T00:00:00+00:00
AIRFLOW_CTX_TRY_NUMBER=1
AIRFLOW_CTX_DAG_RUN_ID=scheduled__2021-10-08T00:00:00+00:00
[2023-05-30T11:29:12.263+0000] {subprocess.py:63} INFO - Tmp dir root location: 
 /tmp
[2023-05-30T11:29:12.266+0000] {subprocess.py:75} INFO - Running command: ['/bin/bash', '-c', 'echo hey, I am task3 and will be running after task1 at the same time as task2!']
[2023-05-30T11:29:12.326+0000] {subprocess.py:86} INFO - Output:
[2023-05-30T11:29:12.329+0000] {subprocess.py:93} INFO - hey, I am task3 and will be running after task1 at the same time as task2!
[2023-05-30T11:29:12.332+0000] {subprocess.py:97} INFO - Command exited with return code 0
[2023-05-30T11:29:12.438+0000] {taskinstance.py:1327} INFO - Marking task as SUCCESS. dag_id=our_first_dag_v5, task_id=thrid_task, execution_date=20211008T000000, start_date=20230530T112911, end_date=20230530T112912
[2023-05-30T11:29:12.571+0000] {local_task_job.py:159} INFO - Task exited with return code 0
[2023-05-30T11:29:12.632+0000] {taskinstance.py:2582} INFO - 0 downstream tasks scheduled from follow-on schedule check
[2023-06-07T06:33:28.102+0000] {taskinstance.py:1087} INFO - Dependencies all met for <TaskInstance: our_first_dag_v5.thrid_task scheduled__2021-10-08T00:00:00+00:00 [queued]>
[2023-06-07T06:33:28.157+0000] {taskinstance.py:1087} INFO - Dependencies all met for <TaskInstance: our_first_dag_v5.thrid_task scheduled__2021-10-08T00:00:00+00:00 [queued]>
[2023-06-07T06:33:28.160+0000] {taskinstance.py:1283} INFO - 
--------------------------------------------------------------------------------
[2023-06-07T06:33:28.162+0000] {taskinstance.py:1284} INFO - Starting attempt 1 of 6
[2023-06-07T06:33:28.163+0000] {taskinstance.py:1285} INFO - 
--------------------------------------------------------------------------------
[2023-06-07T06:33:28.331+0000] {taskinstance.py:1304} INFO - Executing <Task(BashOperator): thrid_task> on 2021-10-08 00:00:00+00:00
[2023-06-07T06:33:28.354+0000] {standard_task_runner.py:55} INFO - Started process 1593 to run task
[2023-06-07T06:33:28.375+0000] {standard_task_runner.py:82} INFO - Running: ['***', 'tasks', 'run', 'our_first_dag_v5', 'thrid_task', 'scheduled__2021-10-08T00:00:00+00:00', '--job-id', '1432', '--raw', '--subdir', 'DAGS_FOLDER/first_Dag.py', '--cfg-path', '/tmp/tmpwk4as0l4']
[2023-06-07T06:33:28.381+0000] {standard_task_runner.py:83} INFO - Job 1432: Subtask thrid_task
[2023-06-07T06:33:29.050+0000] {task_command.py:389} INFO - Running <TaskInstance: our_first_dag_v5.thrid_task scheduled__2021-10-08T00:00:00+00:00 [running]> on host 026ed797f3b3
[2023-06-07T06:33:29.614+0000] {taskinstance.py:1513} INFO - Exporting the following env vars:
AIRFLOW_CTX_DAG_OWNER=coder2j
AIRFLOW_CTX_DAG_ID=our_first_dag_v5
AIRFLOW_CTX_TASK_ID=thrid_task
AIRFLOW_CTX_EXECUTION_DATE=2021-10-08T00:00:00+00:00
AIRFLOW_CTX_TRY_NUMBER=1
AIRFLOW_CTX_DAG_RUN_ID=scheduled__2021-10-08T00:00:00+00:00
[2023-06-07T06:33:29.616+0000] {subprocess.py:63} INFO - Tmp dir root location: 
 /tmp
[2023-06-07T06:33:29.621+0000] {subprocess.py:75} INFO - Running command: ['/bin/bash', '-c', 'echo hey, I am task3 and will be running after task1 at the same time as task2!']
[2023-06-07T06:33:29.676+0000] {subprocess.py:86} INFO - Output:
[2023-06-07T06:33:29.688+0000] {subprocess.py:93} INFO - hey, I am task3 and will be running after task1 at the same time as task2!
[2023-06-07T06:33:29.690+0000] {subprocess.py:97} INFO - Command exited with return code 0
[2023-06-07T06:33:29.759+0000] {taskinstance.py:1327} INFO - Marking task as SUCCESS. dag_id=our_first_dag_v5, task_id=thrid_task, execution_date=20211008T000000, start_date=20230607T063328, end_date=20230607T063329
[2023-06-07T06:33:29.904+0000] {local_task_job.py:159} INFO - Task exited with return code 0
[2023-06-07T06:33:30.144+0000] {taskinstance.py:2582} INFO - 0 downstream tasks scheduled from follow-on schedule check
