[2023-05-30T11:30:07.845+0000] {taskinstance.py:1087} INFO - Dependencies all met for <TaskInstance: our_first_dag_v5.thrid_task scheduled__2021-12-01T00:00:00+00:00 [queued]>
[2023-05-30T11:30:07.884+0000] {taskinstance.py:1087} INFO - Dependencies all met for <TaskInstance: our_first_dag_v5.thrid_task scheduled__2021-12-01T00:00:00+00:00 [queued]>
[2023-05-30T11:30:07.885+0000] {taskinstance.py:1283} INFO - 
--------------------------------------------------------------------------------
[2023-05-30T11:30:07.887+0000] {taskinstance.py:1284} INFO - Starting attempt 1 of 6
[2023-05-30T11:30:07.888+0000] {taskinstance.py:1285} INFO - 
--------------------------------------------------------------------------------
[2023-05-30T11:30:07.930+0000] {taskinstance.py:1304} INFO - Executing <Task(BashOperator): thrid_task> on 2021-12-01 00:00:00+00:00
[2023-05-30T11:30:07.947+0000] {standard_task_runner.py:55} INFO - Started process 2920 to run task
[2023-05-30T11:30:07.963+0000] {standard_task_runner.py:82} INFO - Running: ['***', 'tasks', 'run', 'our_first_dag_v5', 'thrid_task', 'scheduled__2021-12-01T00:00:00+00:00', '--job-id', '380', '--raw', '--subdir', 'DAGS_FOLDER/first_Dag.py', '--cfg-path', '/tmp/tmp6ovri_9l']
[2023-05-30T11:30:07.967+0000] {standard_task_runner.py:83} INFO - Job 380: Subtask thrid_task
[2023-05-30T11:30:08.260+0000] {task_command.py:389} INFO - Running <TaskInstance: our_first_dag_v5.thrid_task scheduled__2021-12-01T00:00:00+00:00 [running]> on host 49219f98c96e
[2023-05-30T11:30:08.499+0000] {taskinstance.py:1513} INFO - Exporting the following env vars:
AIRFLOW_CTX_DAG_OWNER=coder2j
AIRFLOW_CTX_DAG_ID=our_first_dag_v5
AIRFLOW_CTX_TASK_ID=thrid_task
AIRFLOW_CTX_EXECUTION_DATE=2021-12-01T00:00:00+00:00
AIRFLOW_CTX_TRY_NUMBER=1
AIRFLOW_CTX_DAG_RUN_ID=scheduled__2021-12-01T00:00:00+00:00
[2023-05-30T11:30:08.507+0000] {subprocess.py:63} INFO - Tmp dir root location: 
 /tmp
[2023-05-30T11:30:08.531+0000] {subprocess.py:75} INFO - Running command: ['/bin/bash', '-c', 'echo hey, I am task3 and will be running after task1 at the same time as task2!']
[2023-05-30T11:30:08.573+0000] {subprocess.py:86} INFO - Output:
[2023-05-30T11:30:08.578+0000] {subprocess.py:93} INFO - hey, I am task3 and will be running after task1 at the same time as task2!
[2023-05-30T11:30:08.581+0000] {subprocess.py:97} INFO - Command exited with return code 0
[2023-05-30T11:30:08.645+0000] {taskinstance.py:1327} INFO - Marking task as SUCCESS. dag_id=our_first_dag_v5, task_id=thrid_task, execution_date=20211201T000000, start_date=20230530T113007, end_date=20230530T113008
[2023-05-30T11:30:08.729+0000] {local_task_job.py:159} INFO - Task exited with return code 0
[2023-05-30T11:30:08.859+0000] {taskinstance.py:2582} INFO - 0 downstream tasks scheduled from follow-on schedule check
[2023-06-07T06:35:42.062+0000] {taskinstance.py:1087} INFO - Dependencies all met for <TaskInstance: our_first_dag_v5.thrid_task scheduled__2021-12-01T00:00:00+00:00 [queued]>
[2023-06-07T06:35:42.230+0000] {taskinstance.py:1087} INFO - Dependencies all met for <TaskInstance: our_first_dag_v5.thrid_task scheduled__2021-12-01T00:00:00+00:00 [queued]>
[2023-06-07T06:35:42.239+0000] {taskinstance.py:1283} INFO - 
--------------------------------------------------------------------------------
[2023-06-07T06:35:42.243+0000] {taskinstance.py:1284} INFO - Starting attempt 1 of 6
[2023-06-07T06:35:42.248+0000] {taskinstance.py:1285} INFO - 
--------------------------------------------------------------------------------
[2023-06-07T06:35:42.465+0000] {taskinstance.py:1304} INFO - Executing <Task(BashOperator): thrid_task> on 2021-12-01 00:00:00+00:00
[2023-06-07T06:35:42.496+0000] {standard_task_runner.py:55} INFO - Started process 2507 to run task
[2023-06-07T06:35:42.548+0000] {standard_task_runner.py:82} INFO - Running: ['***', 'tasks', 'run', 'our_first_dag_v5', 'thrid_task', 'scheduled__2021-12-01T00:00:00+00:00', '--job-id', '1764', '--raw', '--subdir', 'DAGS_FOLDER/first_Dag.py', '--cfg-path', '/tmp/tmpggjuuy4z']
[2023-06-07T06:35:42.556+0000] {standard_task_runner.py:83} INFO - Job 1764: Subtask thrid_task
[2023-06-07T06:35:43.193+0000] {task_command.py:389} INFO - Running <TaskInstance: our_first_dag_v5.thrid_task scheduled__2021-12-01T00:00:00+00:00 [running]> on host 026ed797f3b3
[2023-06-07T06:35:44.095+0000] {taskinstance.py:1513} INFO - Exporting the following env vars:
AIRFLOW_CTX_DAG_OWNER=coder2j
AIRFLOW_CTX_DAG_ID=our_first_dag_v5
AIRFLOW_CTX_TASK_ID=thrid_task
AIRFLOW_CTX_EXECUTION_DATE=2021-12-01T00:00:00+00:00
AIRFLOW_CTX_TRY_NUMBER=1
AIRFLOW_CTX_DAG_RUN_ID=scheduled__2021-12-01T00:00:00+00:00
[2023-06-07T06:35:44.102+0000] {subprocess.py:63} INFO - Tmp dir root location: 
 /tmp
[2023-06-07T06:35:44.109+0000] {subprocess.py:75} INFO - Running command: ['/bin/bash', '-c', 'echo hey, I am task3 and will be running after task1 at the same time as task2!']
[2023-06-07T06:35:44.193+0000] {subprocess.py:86} INFO - Output:
[2023-06-07T06:35:44.202+0000] {subprocess.py:93} INFO - hey, I am task3 and will be running after task1 at the same time as task2!
[2023-06-07T06:35:44.205+0000] {subprocess.py:97} INFO - Command exited with return code 0
[2023-06-07T06:35:44.395+0000] {taskinstance.py:1327} INFO - Marking task as SUCCESS. dag_id=our_first_dag_v5, task_id=thrid_task, execution_date=20211201T000000, start_date=20230607T063542, end_date=20230607T063544
[2023-06-07T06:35:44.595+0000] {local_task_job.py:159} INFO - Task exited with return code 0
[2023-06-07T06:35:44.693+0000] {taskinstance.py:2582} INFO - 0 downstream tasks scheduled from follow-on schedule check
