[2023-05-30T11:37:47.588+0000] {taskinstance.py:1087} INFO - Dependencies all met for <TaskInstance: our_dag_with_python_operator_v07.get_name scheduled__2021-12-31T00:00:00+00:00 [queued]>
[2023-05-30T11:37:47.609+0000] {taskinstance.py:1087} INFO - Dependencies all met for <TaskInstance: our_dag_with_python_operator_v07.get_name scheduled__2021-12-31T00:00:00+00:00 [queued]>
[2023-05-30T11:37:47.611+0000] {taskinstance.py:1283} INFO - 
--------------------------------------------------------------------------------
[2023-05-30T11:37:47.612+0000] {taskinstance.py:1284} INFO - Starting attempt 1 of 6
[2023-05-30T11:37:47.613+0000] {taskinstance.py:1285} INFO - 
--------------------------------------------------------------------------------
[2023-05-30T11:37:47.638+0000] {taskinstance.py:1304} INFO - Executing <Task(PythonOperator): get_name> on 2021-12-31 00:00:00+00:00
[2023-05-30T11:37:47.647+0000] {standard_task_runner.py:55} INFO - Started process 6083 to run task
[2023-05-30T11:37:47.653+0000] {standard_task_runner.py:82} INFO - Running: ['***', 'tasks', 'run', 'our_dag_with_python_operator_v07', 'get_name', 'scheduled__2021-12-31T00:00:00+00:00', '--job-id', '1372', '--raw', '--subdir', 'DAGS_FOLDER/dag_python_opr.py', '--cfg-path', '/tmp/tmp0v3j0ej6']
[2023-05-30T11:37:47.655+0000] {standard_task_runner.py:83} INFO - Job 1372: Subtask get_name
[2023-05-30T11:37:47.799+0000] {task_command.py:389} INFO - Running <TaskInstance: our_dag_with_python_operator_v07.get_name scheduled__2021-12-31T00:00:00+00:00 [running]> on host 49219f98c96e
[2023-05-30T11:37:48.040+0000] {taskinstance.py:1513} INFO - Exporting the following env vars:
AIRFLOW_CTX_DAG_OWNER=coder2j
AIRFLOW_CTX_DAG_ID=our_dag_with_python_operator_v07
AIRFLOW_CTX_TASK_ID=get_name
AIRFLOW_CTX_EXECUTION_DATE=2021-12-31T00:00:00+00:00
AIRFLOW_CTX_TRY_NUMBER=1
AIRFLOW_CTX_DAG_RUN_ID=scheduled__2021-12-31T00:00:00+00:00
[2023-05-30T11:37:48.141+0000] {python.py:177} INFO - Done. Returned value was: None
[2023-05-30T11:37:48.182+0000] {taskinstance.py:1327} INFO - Marking task as SUCCESS. dag_id=our_dag_with_python_operator_v07, task_id=get_name, execution_date=20211231T000000, start_date=20230530T113747, end_date=20230530T113748
[2023-05-30T11:37:48.243+0000] {local_task_job.py:159} INFO - Task exited with return code 0
[2023-05-30T11:37:48.330+0000] {taskinstance.py:2582} INFO - 0 downstream tasks scheduled from follow-on schedule check
[2023-06-07T06:33:41.651+0000] {taskinstance.py:1087} INFO - Dependencies all met for <TaskInstance: our_dag_with_python_operator_v07.get_name scheduled__2021-12-31T00:00:00+00:00 [queued]>
[2023-06-07T06:33:41.876+0000] {taskinstance.py:1087} INFO - Dependencies all met for <TaskInstance: our_dag_with_python_operator_v07.get_name scheduled__2021-12-31T00:00:00+00:00 [queued]>
[2023-06-07T06:33:41.881+0000] {taskinstance.py:1283} INFO - 
--------------------------------------------------------------------------------
[2023-06-07T06:33:41.884+0000] {taskinstance.py:1284} INFO - Starting attempt 1 of 6
[2023-06-07T06:33:41.888+0000] {taskinstance.py:1285} INFO - 
--------------------------------------------------------------------------------
[2023-06-07T06:33:42.006+0000] {taskinstance.py:1304} INFO - Executing <Task(PythonOperator): get_name> on 2021-12-31 00:00:00+00:00
[2023-06-07T06:33:42.056+0000] {standard_task_runner.py:55} INFO - Started process 1684 to run task
[2023-06-07T06:33:42.119+0000] {standard_task_runner.py:82} INFO - Running: ['***', 'tasks', 'run', 'our_dag_with_python_operator_v07', 'get_name', 'scheduled__2021-12-31T00:00:00+00:00', '--job-id', '1466', '--raw', '--subdir', 'DAGS_FOLDER/dag_python_opr.py', '--cfg-path', '/tmp/tmp4v0x4or4']
[2023-06-07T06:33:42.122+0000] {standard_task_runner.py:83} INFO - Job 1466: Subtask get_name
[2023-06-07T06:33:42.518+0000] {task_command.py:389} INFO - Running <TaskInstance: our_dag_with_python_operator_v07.get_name scheduled__2021-12-31T00:00:00+00:00 [running]> on host 026ed797f3b3
[2023-06-07T06:33:43.229+0000] {taskinstance.py:1513} INFO - Exporting the following env vars:
AIRFLOW_CTX_DAG_OWNER=coder2j
AIRFLOW_CTX_DAG_ID=our_dag_with_python_operator_v07
AIRFLOW_CTX_TASK_ID=get_name
AIRFLOW_CTX_EXECUTION_DATE=2021-12-31T00:00:00+00:00
AIRFLOW_CTX_TRY_NUMBER=1
AIRFLOW_CTX_DAG_RUN_ID=scheduled__2021-12-31T00:00:00+00:00
[2023-06-07T06:33:43.399+0000] {python.py:177} INFO - Done. Returned value was: None
[2023-06-07T06:33:43.482+0000] {taskinstance.py:1327} INFO - Marking task as SUCCESS. dag_id=our_dag_with_python_operator_v07, task_id=get_name, execution_date=20211231T000000, start_date=20230607T063341, end_date=20230607T063343
[2023-06-07T06:33:43.677+0000] {local_task_job.py:159} INFO - Task exited with return code 0
[2023-06-07T06:33:43.818+0000] {taskinstance.py:2582} INFO - 1 downstream tasks scheduled from follow-on schedule check
