[2023-05-30T11:32:42.755+0000] {taskinstance.py:1087} INFO - Dependencies all met for <TaskInstance: our_first_dag_v5.thrid_task scheduled__2022-04-24T00:00:00+00:00 [queued]>
[2023-05-30T11:32:42.842+0000] {taskinstance.py:1087} INFO - Dependencies all met for <TaskInstance: our_first_dag_v5.thrid_task scheduled__2022-04-24T00:00:00+00:00 [queued]>
[2023-05-30T11:32:42.843+0000] {taskinstance.py:1283} INFO - 
--------------------------------------------------------------------------------
[2023-05-30T11:32:42.845+0000] {taskinstance.py:1284} INFO - Starting attempt 1 of 6
[2023-05-30T11:32:42.848+0000] {taskinstance.py:1285} INFO - 
--------------------------------------------------------------------------------
[2023-05-30T11:32:42.943+0000] {taskinstance.py:1304} INFO - Executing <Task(BashOperator): thrid_task> on 2022-04-24 00:00:00+00:00
[2023-05-30T11:32:42.956+0000] {standard_task_runner.py:55} INFO - Started process 4376 to run task
[2023-05-30T11:32:42.967+0000] {standard_task_runner.py:82} INFO - Running: ['***', 'tasks', 'run', 'our_first_dag_v5', 'thrid_task', 'scheduled__2022-04-24T00:00:00+00:00', '--job-id', '817', '--raw', '--subdir', 'DAGS_FOLDER/first_Dag.py', '--cfg-path', '/tmp/tmpvuht0oc1']
[2023-05-30T11:32:42.970+0000] {standard_task_runner.py:83} INFO - Job 817: Subtask thrid_task
[2023-05-30T11:32:43.236+0000] {task_command.py:389} INFO - Running <TaskInstance: our_first_dag_v5.thrid_task scheduled__2022-04-24T00:00:00+00:00 [running]> on host 49219f98c96e
[2023-05-30T11:32:43.512+0000] {taskinstance.py:1513} INFO - Exporting the following env vars:
AIRFLOW_CTX_DAG_OWNER=coder2j
AIRFLOW_CTX_DAG_ID=our_first_dag_v5
AIRFLOW_CTX_TASK_ID=thrid_task
AIRFLOW_CTX_EXECUTION_DATE=2022-04-24T00:00:00+00:00
AIRFLOW_CTX_TRY_NUMBER=1
AIRFLOW_CTX_DAG_RUN_ID=scheduled__2022-04-24T00:00:00+00:00
[2023-05-30T11:32:43.515+0000] {subprocess.py:63} INFO - Tmp dir root location: 
 /tmp
[2023-05-30T11:32:43.518+0000] {subprocess.py:75} INFO - Running command: ['/bin/bash', '-c', 'echo hey, I am task3 and will be running after task1 at the same time as task2!']
[2023-05-30T11:32:43.548+0000] {subprocess.py:86} INFO - Output:
[2023-05-30T11:32:43.552+0000] {subprocess.py:93} INFO - hey, I am task3 and will be running after task1 at the same time as task2!
[2023-05-30T11:32:43.553+0000] {subprocess.py:97} INFO - Command exited with return code 0
[2023-05-30T11:32:43.652+0000] {taskinstance.py:1327} INFO - Marking task as SUCCESS. dag_id=our_first_dag_v5, task_id=thrid_task, execution_date=20220424T000000, start_date=20230530T113242, end_date=20230530T113243
[2023-05-30T11:32:43.741+0000] {local_task_job.py:159} INFO - Task exited with return code 0
[2023-05-30T11:32:43.862+0000] {taskinstance.py:2582} INFO - 0 downstream tasks scheduled from follow-on schedule check
