[2023-05-30T11:29:25.745+0000] {taskinstance.py:1087} INFO - Dependencies all met for <TaskInstance: our_first_dag_v5.second_task scheduled__2021-10-24T00:00:00+00:00 [queued]>
[2023-05-30T11:29:25.768+0000] {taskinstance.py:1087} INFO - Dependencies all met for <TaskInstance: our_first_dag_v5.second_task scheduled__2021-10-24T00:00:00+00:00 [queued]>
[2023-05-30T11:29:25.770+0000] {taskinstance.py:1283} INFO - 
--------------------------------------------------------------------------------
[2023-05-30T11:29:25.772+0000] {taskinstance.py:1284} INFO - Starting attempt 1 of 6
[2023-05-30T11:29:25.774+0000] {taskinstance.py:1285} INFO - 
--------------------------------------------------------------------------------
[2023-05-30T11:29:25.818+0000] {taskinstance.py:1304} INFO - Executing <Task(BashOperator): second_task> on 2021-10-24 00:00:00+00:00
[2023-05-30T11:29:25.838+0000] {standard_task_runner.py:55} INFO - Started process 2541 to run task
[2023-05-30T11:29:25.853+0000] {standard_task_runner.py:82} INFO - Running: ['***', 'tasks', 'run', 'our_first_dag_v5', 'second_task', 'scheduled__2021-10-24T00:00:00+00:00', '--job-id', '272', '--raw', '--subdir', 'DAGS_FOLDER/first_Dag.py', '--cfg-path', '/tmp/tmp_wm6y2jl']
[2023-05-30T11:29:25.871+0000] {standard_task_runner.py:83} INFO - Job 272: Subtask second_task
[2023-05-30T11:29:26.087+0000] {task_command.py:389} INFO - Running <TaskInstance: our_first_dag_v5.second_task scheduled__2021-10-24T00:00:00+00:00 [running]> on host 49219f98c96e
[2023-05-30T11:29:26.246+0000] {taskinstance.py:1513} INFO - Exporting the following env vars:
AIRFLOW_CTX_DAG_OWNER=coder2j
AIRFLOW_CTX_DAG_ID=our_first_dag_v5
AIRFLOW_CTX_TASK_ID=second_task
AIRFLOW_CTX_EXECUTION_DATE=2021-10-24T00:00:00+00:00
AIRFLOW_CTX_TRY_NUMBER=1
AIRFLOW_CTX_DAG_RUN_ID=scheduled__2021-10-24T00:00:00+00:00
[2023-05-30T11:29:26.253+0000] {subprocess.py:63} INFO - Tmp dir root location: 
 /tmp
[2023-05-30T11:29:26.254+0000] {subprocess.py:75} INFO - Running command: ['/bin/bash', '-c', 'echo hey, I am task2 and will be running after task1!']
[2023-05-30T11:29:26.280+0000] {subprocess.py:86} INFO - Output:
[2023-05-30T11:29:26.286+0000] {subprocess.py:93} INFO - hey, I am task2 and will be running after task1!
[2023-05-30T11:29:26.289+0000] {subprocess.py:97} INFO - Command exited with return code 0
[2023-05-30T11:29:26.371+0000] {taskinstance.py:1327} INFO - Marking task as SUCCESS. dag_id=our_first_dag_v5, task_id=second_task, execution_date=20211024T000000, start_date=20230530T112925, end_date=20230530T112926
[2023-05-30T11:29:26.423+0000] {local_task_job.py:159} INFO - Task exited with return code 0
[2023-05-30T11:29:26.453+0000] {taskinstance.py:2582} INFO - 0 downstream tasks scheduled from follow-on schedule check
[2023-06-07T06:34:04.499+0000] {taskinstance.py:1087} INFO - Dependencies all met for <TaskInstance: our_first_dag_v5.second_task scheduled__2021-10-24T00:00:00+00:00 [queued]>
[2023-06-07T06:34:04.543+0000] {taskinstance.py:1087} INFO - Dependencies all met for <TaskInstance: our_first_dag_v5.second_task scheduled__2021-10-24T00:00:00+00:00 [queued]>
[2023-06-07T06:34:04.545+0000] {taskinstance.py:1283} INFO - 
--------------------------------------------------------------------------------
[2023-06-07T06:34:04.549+0000] {taskinstance.py:1284} INFO - Starting attempt 1 of 6
[2023-06-07T06:34:04.551+0000] {taskinstance.py:1285} INFO - 
--------------------------------------------------------------------------------
[2023-06-07T06:34:04.887+0000] {taskinstance.py:1304} INFO - Executing <Task(BashOperator): second_task> on 2021-10-24 00:00:00+00:00
[2023-06-07T06:34:04.931+0000] {standard_task_runner.py:55} INFO - Started process 1857 to run task
[2023-06-07T06:34:04.988+0000] {standard_task_runner.py:82} INFO - Running: ['***', 'tasks', 'run', 'our_first_dag_v5', 'second_task', 'scheduled__2021-10-24T00:00:00+00:00', '--job-id', '1524', '--raw', '--subdir', 'DAGS_FOLDER/first_Dag.py', '--cfg-path', '/tmp/tmpnw4vl5y0']
[2023-06-07T06:34:05.035+0000] {standard_task_runner.py:83} INFO - Job 1524: Subtask second_task
[2023-06-07T06:34:05.926+0000] {task_command.py:389} INFO - Running <TaskInstance: our_first_dag_v5.second_task scheduled__2021-10-24T00:00:00+00:00 [running]> on host 026ed797f3b3
[2023-06-07T06:34:06.883+0000] {taskinstance.py:1513} INFO - Exporting the following env vars:
AIRFLOW_CTX_DAG_OWNER=coder2j
AIRFLOW_CTX_DAG_ID=our_first_dag_v5
AIRFLOW_CTX_TASK_ID=second_task
AIRFLOW_CTX_EXECUTION_DATE=2021-10-24T00:00:00+00:00
AIRFLOW_CTX_TRY_NUMBER=1
AIRFLOW_CTX_DAG_RUN_ID=scheduled__2021-10-24T00:00:00+00:00
[2023-06-07T06:34:06.886+0000] {subprocess.py:63} INFO - Tmp dir root location: 
 /tmp
[2023-06-07T06:34:06.900+0000] {subprocess.py:75} INFO - Running command: ['/bin/bash', '-c', 'echo hey, I am task2 and will be running after task1!']
[2023-06-07T06:34:07.029+0000] {subprocess.py:86} INFO - Output:
[2023-06-07T06:34:07.044+0000] {subprocess.py:93} INFO - hey, I am task2 and will be running after task1!
[2023-06-07T06:34:07.050+0000] {subprocess.py:97} INFO - Command exited with return code 0
[2023-06-07T06:34:07.297+0000] {taskinstance.py:1327} INFO - Marking task as SUCCESS. dag_id=our_first_dag_v5, task_id=second_task, execution_date=20211024T000000, start_date=20230607T063404, end_date=20230607T063407
[2023-06-07T06:34:07.580+0000] {local_task_job.py:159} INFO - Task exited with return code 0
[2023-06-07T06:34:07.628+0000] {taskinstance.py:2582} INFO - 0 downstream tasks scheduled from follow-on schedule check
