[2023-05-30T11:31:37.736+0000] {taskinstance.py:1087} INFO - Dependencies all met for <TaskInstance: our_first_dag_v5.thrid_task scheduled__2022-02-18T00:00:00+00:00 [queued]>
[2023-05-30T11:31:37.787+0000] {taskinstance.py:1087} INFO - Dependencies all met for <TaskInstance: our_first_dag_v5.thrid_task scheduled__2022-02-18T00:00:00+00:00 [queued]>
[2023-05-30T11:31:37.796+0000] {taskinstance.py:1283} INFO - 
--------------------------------------------------------------------------------
[2023-05-30T11:31:37.799+0000] {taskinstance.py:1284} INFO - Starting attempt 1 of 6
[2023-05-30T11:31:37.806+0000] {taskinstance.py:1285} INFO - 
--------------------------------------------------------------------------------
[2023-05-30T11:31:38.004+0000] {taskinstance.py:1304} INFO - Executing <Task(BashOperator): thrid_task> on 2022-02-18 00:00:00+00:00
[2023-05-30T11:31:38.022+0000] {standard_task_runner.py:55} INFO - Started process 3723 to run task
[2023-05-30T11:31:38.065+0000] {standard_task_runner.py:82} INFO - Running: ['***', 'tasks', 'run', 'our_first_dag_v5', 'thrid_task', 'scheduled__2022-02-18T00:00:00+00:00', '--job-id', '619', '--raw', '--subdir', 'DAGS_FOLDER/first_Dag.py', '--cfg-path', '/tmp/tmpagqeim90']
[2023-05-30T11:31:38.068+0000] {standard_task_runner.py:83} INFO - Job 619: Subtask thrid_task
[2023-05-30T11:31:38.333+0000] {task_command.py:389} INFO - Running <TaskInstance: our_first_dag_v5.thrid_task scheduled__2022-02-18T00:00:00+00:00 [running]> on host 49219f98c96e
[2023-05-30T11:31:38.677+0000] {taskinstance.py:1513} INFO - Exporting the following env vars:
AIRFLOW_CTX_DAG_OWNER=coder2j
AIRFLOW_CTX_DAG_ID=our_first_dag_v5
AIRFLOW_CTX_TASK_ID=thrid_task
AIRFLOW_CTX_EXECUTION_DATE=2022-02-18T00:00:00+00:00
AIRFLOW_CTX_TRY_NUMBER=1
AIRFLOW_CTX_DAG_RUN_ID=scheduled__2022-02-18T00:00:00+00:00
[2023-05-30T11:31:38.685+0000] {subprocess.py:63} INFO - Tmp dir root location: 
 /tmp
[2023-05-30T11:31:38.688+0000] {subprocess.py:75} INFO - Running command: ['/bin/bash', '-c', 'echo hey, I am task3 and will be running after task1 at the same time as task2!']
[2023-05-30T11:31:38.735+0000] {subprocess.py:86} INFO - Output:
[2023-05-30T11:31:38.739+0000] {subprocess.py:93} INFO - hey, I am task3 and will be running after task1 at the same time as task2!
[2023-05-30T11:31:38.740+0000] {subprocess.py:97} INFO - Command exited with return code 0
[2023-05-30T11:31:38.818+0000] {taskinstance.py:1327} INFO - Marking task as SUCCESS. dag_id=our_first_dag_v5, task_id=thrid_task, execution_date=20220218T000000, start_date=20230530T113137, end_date=20230530T113138
[2023-05-30T11:31:38.910+0000] {local_task_job.py:159} INFO - Task exited with return code 0
[2023-05-30T11:31:38.951+0000] {taskinstance.py:2582} INFO - 0 downstream tasks scheduled from follow-on schedule check
[2023-06-07T06:39:14.407+0000] {taskinstance.py:1087} INFO - Dependencies all met for <TaskInstance: our_first_dag_v5.thrid_task scheduled__2022-02-18T00:00:00+00:00 [queued]>
[2023-06-07T06:39:14.515+0000] {taskinstance.py:1087} INFO - Dependencies all met for <TaskInstance: our_first_dag_v5.thrid_task scheduled__2022-02-18T00:00:00+00:00 [queued]>
[2023-06-07T06:39:14.524+0000] {taskinstance.py:1283} INFO - 
--------------------------------------------------------------------------------
[2023-06-07T06:39:14.525+0000] {taskinstance.py:1284} INFO - Starting attempt 1 of 6
[2023-06-07T06:39:14.527+0000] {taskinstance.py:1285} INFO - 
--------------------------------------------------------------------------------
[2023-06-07T06:39:14.691+0000] {taskinstance.py:1304} INFO - Executing <Task(BashOperator): thrid_task> on 2022-02-18 00:00:00+00:00
[2023-06-07T06:39:14.729+0000] {standard_task_runner.py:55} INFO - Started process 3849 to run task
[2023-06-07T06:39:14.803+0000] {standard_task_runner.py:82} INFO - Running: ['***', 'tasks', 'run', 'our_first_dag_v5', 'thrid_task', 'scheduled__2022-02-18T00:00:00+00:00', '--job-id', '2239', '--raw', '--subdir', 'DAGS_FOLDER/first_Dag.py', '--cfg-path', '/tmp/tmpcbqr46dh']
[2023-06-07T06:39:14.810+0000] {standard_task_runner.py:83} INFO - Job 2239: Subtask thrid_task
[2023-06-07T06:39:15.307+0000] {task_command.py:389} INFO - Running <TaskInstance: our_first_dag_v5.thrid_task scheduled__2022-02-18T00:00:00+00:00 [running]> on host 026ed797f3b3
[2023-06-07T06:39:15.799+0000] {taskinstance.py:1513} INFO - Exporting the following env vars:
AIRFLOW_CTX_DAG_OWNER=coder2j
AIRFLOW_CTX_DAG_ID=our_first_dag_v5
AIRFLOW_CTX_TASK_ID=thrid_task
AIRFLOW_CTX_EXECUTION_DATE=2022-02-18T00:00:00+00:00
AIRFLOW_CTX_TRY_NUMBER=1
AIRFLOW_CTX_DAG_RUN_ID=scheduled__2022-02-18T00:00:00+00:00
[2023-06-07T06:39:15.807+0000] {subprocess.py:63} INFO - Tmp dir root location: 
 /tmp
[2023-06-07T06:39:15.809+0000] {subprocess.py:75} INFO - Running command: ['/bin/bash', '-c', 'echo hey, I am task3 and will be running after task1 at the same time as task2!']
[2023-06-07T06:39:15.901+0000] {subprocess.py:86} INFO - Output:
[2023-06-07T06:39:15.925+0000] {subprocess.py:93} INFO - hey, I am task3 and will be running after task1 at the same time as task2!
[2023-06-07T06:39:15.937+0000] {subprocess.py:97} INFO - Command exited with return code 0
[2023-06-07T06:39:16.103+0000] {taskinstance.py:1327} INFO - Marking task as SUCCESS. dag_id=our_first_dag_v5, task_id=thrid_task, execution_date=20220218T000000, start_date=20230607T063914, end_date=20230607T063916
[2023-06-07T06:39:16.277+0000] {local_task_job.py:159} INFO - Task exited with return code 0
[2023-06-07T06:39:16.347+0000] {taskinstance.py:2582} INFO - 0 downstream tasks scheduled from follow-on schedule check
