[2023-05-30T11:30:09.732+0000] {taskinstance.py:1087} INFO - Dependencies all met for <TaskInstance: our_first_dag_v5.first_task scheduled__2021-12-06T00:00:00+00:00 [queued]>
[2023-05-30T11:30:09.791+0000] {taskinstance.py:1087} INFO - Dependencies all met for <TaskInstance: our_first_dag_v5.first_task scheduled__2021-12-06T00:00:00+00:00 [queued]>
[2023-05-30T11:30:09.793+0000] {taskinstance.py:1283} INFO - 
--------------------------------------------------------------------------------
[2023-05-30T11:30:09.794+0000] {taskinstance.py:1284} INFO - Starting attempt 1 of 6
[2023-05-30T11:30:09.799+0000] {taskinstance.py:1285} INFO - 
--------------------------------------------------------------------------------
[2023-05-30T11:30:09.838+0000] {taskinstance.py:1304} INFO - Executing <Task(BashOperator): first_task> on 2021-12-06 00:00:00+00:00
[2023-05-30T11:30:09.856+0000] {standard_task_runner.py:55} INFO - Started process 2937 to run task
[2023-05-30T11:30:09.869+0000] {standard_task_runner.py:82} INFO - Running: ['***', 'tasks', 'run', 'our_first_dag_v5', 'first_task', 'scheduled__2021-12-06T00:00:00+00:00', '--job-id', '385', '--raw', '--subdir', 'DAGS_FOLDER/first_Dag.py', '--cfg-path', '/tmp/tmpdvtt0rq0']
[2023-05-30T11:30:09.872+0000] {standard_task_runner.py:83} INFO - Job 385: Subtask first_task
[2023-05-30T11:30:10.072+0000] {task_command.py:389} INFO - Running <TaskInstance: our_first_dag_v5.first_task scheduled__2021-12-06T00:00:00+00:00 [running]> on host 49219f98c96e
[2023-05-30T11:30:10.272+0000] {taskinstance.py:1513} INFO - Exporting the following env vars:
AIRFLOW_CTX_DAG_OWNER=coder2j
AIRFLOW_CTX_DAG_ID=our_first_dag_v5
AIRFLOW_CTX_TASK_ID=first_task
AIRFLOW_CTX_EXECUTION_DATE=2021-12-06T00:00:00+00:00
AIRFLOW_CTX_TRY_NUMBER=1
AIRFLOW_CTX_DAG_RUN_ID=scheduled__2021-12-06T00:00:00+00:00
[2023-05-30T11:30:10.277+0000] {subprocess.py:63} INFO - Tmp dir root location: 
 /tmp
[2023-05-30T11:30:10.280+0000] {subprocess.py:75} INFO - Running command: ['/bin/bash', '-c', 'echo hello world, this is the first task!']
[2023-05-30T11:30:10.332+0000] {subprocess.py:86} INFO - Output:
[2023-05-30T11:30:10.337+0000] {subprocess.py:93} INFO - hello world, this is the first task!
[2023-05-30T11:30:10.342+0000] {subprocess.py:97} INFO - Command exited with return code 0
[2023-05-30T11:30:10.417+0000] {taskinstance.py:1327} INFO - Marking task as SUCCESS. dag_id=our_first_dag_v5, task_id=first_task, execution_date=20211206T000000, start_date=20230530T113009, end_date=20230530T113010
[2023-05-30T11:30:10.494+0000] {local_task_job.py:159} INFO - Task exited with return code 0
[2023-05-30T11:30:10.557+0000] {taskinstance.py:2582} INFO - 2 downstream tasks scheduled from follow-on schedule check
[2023-06-07T06:35:55.003+0000] {taskinstance.py:1087} INFO - Dependencies all met for <TaskInstance: our_first_dag_v5.first_task scheduled__2021-12-06T00:00:00+00:00 [queued]>
[2023-06-07T06:35:55.212+0000] {taskinstance.py:1087} INFO - Dependencies all met for <TaskInstance: our_first_dag_v5.first_task scheduled__2021-12-06T00:00:00+00:00 [queued]>
[2023-06-07T06:35:55.220+0000] {taskinstance.py:1283} INFO - 
--------------------------------------------------------------------------------
[2023-06-07T06:35:55.258+0000] {taskinstance.py:1284} INFO - Starting attempt 1 of 6
[2023-06-07T06:35:55.286+0000] {taskinstance.py:1285} INFO - 
--------------------------------------------------------------------------------
[2023-06-07T06:35:55.755+0000] {taskinstance.py:1304} INFO - Executing <Task(BashOperator): first_task> on 2021-12-06 00:00:00+00:00
[2023-06-07T06:35:55.843+0000] {standard_task_runner.py:55} INFO - Started process 2575 to run task
[2023-06-07T06:35:55.905+0000] {standard_task_runner.py:82} INFO - Running: ['***', 'tasks', 'run', 'our_first_dag_v5', 'first_task', 'scheduled__2021-12-06T00:00:00+00:00', '--job-id', '1785', '--raw', '--subdir', 'DAGS_FOLDER/first_Dag.py', '--cfg-path', '/tmp/tmplut0of2y']
[2023-06-07T06:35:55.911+0000] {standard_task_runner.py:83} INFO - Job 1785: Subtask first_task
[2023-06-07T06:35:56.713+0000] {task_command.py:389} INFO - Running <TaskInstance: our_first_dag_v5.first_task scheduled__2021-12-06T00:00:00+00:00 [running]> on host 026ed797f3b3
[2023-06-07T06:35:57.224+0000] {taskinstance.py:1513} INFO - Exporting the following env vars:
AIRFLOW_CTX_DAG_OWNER=coder2j
AIRFLOW_CTX_DAG_ID=our_first_dag_v5
AIRFLOW_CTX_TASK_ID=first_task
AIRFLOW_CTX_EXECUTION_DATE=2021-12-06T00:00:00+00:00
AIRFLOW_CTX_TRY_NUMBER=1
AIRFLOW_CTX_DAG_RUN_ID=scheduled__2021-12-06T00:00:00+00:00
[2023-06-07T06:35:57.278+0000] {subprocess.py:63} INFO - Tmp dir root location: 
 /tmp
[2023-06-07T06:35:57.297+0000] {subprocess.py:75} INFO - Running command: ['/bin/bash', '-c', 'echo hello world, this is the first task!']
[2023-06-07T06:35:57.403+0000] {subprocess.py:86} INFO - Output:
[2023-06-07T06:35:57.420+0000] {subprocess.py:93} INFO - hello world, this is the first task!
[2023-06-07T06:35:57.426+0000] {subprocess.py:97} INFO - Command exited with return code 0
[2023-06-07T06:35:57.551+0000] {taskinstance.py:1327} INFO - Marking task as SUCCESS. dag_id=our_first_dag_v5, task_id=first_task, execution_date=20211206T000000, start_date=20230607T063555, end_date=20230607T063557
[2023-06-07T06:35:57.669+0000] {local_task_job.py:159} INFO - Task exited with return code 0
[2023-06-07T06:35:57.821+0000] {taskinstance.py:2582} INFO - 2 downstream tasks scheduled from follow-on schedule check
