[2023-05-30T11:32:43.280+0000] {taskinstance.py:1087} INFO - Dependencies all met for <TaskInstance: our_first_dag_v5.thrid_task scheduled__2022-04-26T00:00:00+00:00 [queued]>
[2023-05-30T11:32:43.310+0000] {taskinstance.py:1087} INFO - Dependencies all met for <TaskInstance: our_first_dag_v5.thrid_task scheduled__2022-04-26T00:00:00+00:00 [queued]>
[2023-05-30T11:32:43.313+0000] {taskinstance.py:1283} INFO - 
--------------------------------------------------------------------------------
[2023-05-30T11:32:43.318+0000] {taskinstance.py:1284} INFO - Starting attempt 1 of 6
[2023-05-30T11:32:43.320+0000] {taskinstance.py:1285} INFO - 
--------------------------------------------------------------------------------
[2023-05-30T11:32:43.347+0000] {taskinstance.py:1304} INFO - Executing <Task(BashOperator): thrid_task> on 2022-04-26 00:00:00+00:00
[2023-05-30T11:32:43.361+0000] {standard_task_runner.py:55} INFO - Started process 4381 to run task
[2023-05-30T11:32:43.370+0000] {standard_task_runner.py:82} INFO - Running: ['***', 'tasks', 'run', 'our_first_dag_v5', 'thrid_task', 'scheduled__2022-04-26T00:00:00+00:00', '--job-id', '820', '--raw', '--subdir', 'DAGS_FOLDER/first_Dag.py', '--cfg-path', '/tmp/tmpm9xhsixr']
[2023-05-30T11:32:43.390+0000] {standard_task_runner.py:83} INFO - Job 820: Subtask thrid_task
[2023-05-30T11:32:43.670+0000] {task_command.py:389} INFO - Running <TaskInstance: our_first_dag_v5.thrid_task scheduled__2022-04-26T00:00:00+00:00 [running]> on host 49219f98c96e
[2023-05-30T11:32:43.903+0000] {taskinstance.py:1513} INFO - Exporting the following env vars:
AIRFLOW_CTX_DAG_OWNER=coder2j
AIRFLOW_CTX_DAG_ID=our_first_dag_v5
AIRFLOW_CTX_TASK_ID=thrid_task
AIRFLOW_CTX_EXECUTION_DATE=2022-04-26T00:00:00+00:00
AIRFLOW_CTX_TRY_NUMBER=1
AIRFLOW_CTX_DAG_RUN_ID=scheduled__2022-04-26T00:00:00+00:00
[2023-05-30T11:32:43.913+0000] {subprocess.py:63} INFO - Tmp dir root location: 
 /tmp
[2023-05-30T11:32:43.922+0000] {subprocess.py:75} INFO - Running command: ['/bin/bash', '-c', 'echo hey, I am task3 and will be running after task1 at the same time as task2!']
[2023-05-30T11:32:43.956+0000] {subprocess.py:86} INFO - Output:
[2023-05-30T11:32:43.959+0000] {subprocess.py:93} INFO - hey, I am task3 and will be running after task1 at the same time as task2!
[2023-05-30T11:32:43.960+0000] {subprocess.py:97} INFO - Command exited with return code 0
[2023-05-30T11:32:44.067+0000] {taskinstance.py:1327} INFO - Marking task as SUCCESS. dag_id=our_first_dag_v5, task_id=thrid_task, execution_date=20220426T000000, start_date=20230530T113243, end_date=20230530T113244
[2023-05-30T11:32:44.163+0000] {local_task_job.py:159} INFO - Task exited with return code 0
[2023-05-30T11:32:44.205+0000] {taskinstance.py:2582} INFO - 0 downstream tasks scheduled from follow-on schedule check
