[2023-05-30T11:31:56.836+0000] {taskinstance.py:1087} INFO - Dependencies all met for <TaskInstance: our_first_dag_v5.second_task scheduled__2022-03-08T00:00:00+00:00 [queued]>
[2023-05-30T11:31:56.892+0000] {taskinstance.py:1087} INFO - Dependencies all met for <TaskInstance: our_first_dag_v5.second_task scheduled__2022-03-08T00:00:00+00:00 [queued]>
[2023-05-30T11:31:56.894+0000] {taskinstance.py:1283} INFO - 
--------------------------------------------------------------------------------
[2023-05-30T11:31:56.899+0000] {taskinstance.py:1284} INFO - Starting attempt 1 of 6
[2023-05-30T11:31:56.910+0000] {taskinstance.py:1285} INFO - 
--------------------------------------------------------------------------------
[2023-05-30T11:31:56.987+0000] {taskinstance.py:1304} INFO - Executing <Task(BashOperator): second_task> on 2022-03-08 00:00:00+00:00
[2023-05-30T11:31:56.999+0000] {standard_task_runner.py:55} INFO - Started process 3913 to run task
[2023-05-30T11:31:57.044+0000] {standard_task_runner.py:82} INFO - Running: ['***', 'tasks', 'run', 'our_first_dag_v5', 'second_task', 'scheduled__2022-03-08T00:00:00+00:00', '--job-id', '675', '--raw', '--subdir', 'DAGS_FOLDER/first_Dag.py', '--cfg-path', '/tmp/tmpzua3ia8t']
[2023-05-30T11:31:57.046+0000] {standard_task_runner.py:83} INFO - Job 675: Subtask second_task
[2023-05-30T11:31:57.344+0000] {task_command.py:389} INFO - Running <TaskInstance: our_first_dag_v5.second_task scheduled__2022-03-08T00:00:00+00:00 [running]> on host 49219f98c96e
[2023-05-30T11:31:57.806+0000] {taskinstance.py:1513} INFO - Exporting the following env vars:
AIRFLOW_CTX_DAG_OWNER=coder2j
AIRFLOW_CTX_DAG_ID=our_first_dag_v5
AIRFLOW_CTX_TASK_ID=second_task
AIRFLOW_CTX_EXECUTION_DATE=2022-03-08T00:00:00+00:00
AIRFLOW_CTX_TRY_NUMBER=1
AIRFLOW_CTX_DAG_RUN_ID=scheduled__2022-03-08T00:00:00+00:00
[2023-05-30T11:31:57.809+0000] {subprocess.py:63} INFO - Tmp dir root location: 
 /tmp
[2023-05-30T11:31:57.812+0000] {subprocess.py:75} INFO - Running command: ['/bin/bash', '-c', 'echo hey, I am task2 and will be running after task1!']
[2023-05-30T11:31:57.874+0000] {subprocess.py:86} INFO - Output:
[2023-05-30T11:31:57.883+0000] {subprocess.py:93} INFO - hey, I am task2 and will be running after task1!
[2023-05-30T11:31:57.886+0000] {subprocess.py:97} INFO - Command exited with return code 0
[2023-05-30T11:31:58.009+0000] {taskinstance.py:1327} INFO - Marking task as SUCCESS. dag_id=our_first_dag_v5, task_id=second_task, execution_date=20220308T000000, start_date=20230530T113156, end_date=20230530T113158
[2023-05-30T11:31:58.163+0000] {local_task_job.py:159} INFO - Task exited with return code 0
[2023-05-30T11:31:58.387+0000] {taskinstance.py:2582} INFO - 0 downstream tasks scheduled from follow-on schedule check
