[2023-05-30T12:33:01.494+0000] {taskinstance.py:1087} INFO - Dependencies all met for <TaskInstance: our_dag_with_python_operator_v07.get_age scheduled__2022-03-18T00:00:00+00:00 [queued]>
[2023-05-30T12:33:01.509+0000] {taskinstance.py:1087} INFO - Dependencies all met for <TaskInstance: our_dag_with_python_operator_v07.get_age scheduled__2022-03-18T00:00:00+00:00 [queued]>
[2023-05-30T12:33:01.510+0000] {taskinstance.py:1283} INFO - 
--------------------------------------------------------------------------------
[2023-05-30T12:33:01.511+0000] {taskinstance.py:1284} INFO - Starting attempt 1 of 6
[2023-05-30T12:33:01.512+0000] {taskinstance.py:1285} INFO - 
--------------------------------------------------------------------------------
[2023-05-30T12:33:01.532+0000] {taskinstance.py:1304} INFO - Executing <Task(PythonOperator): get_age> on 2022-03-18 00:00:00+00:00
[2023-05-30T12:33:01.539+0000] {standard_task_runner.py:55} INFO - Started process 10309 to run task
[2023-05-30T12:33:01.545+0000] {standard_task_runner.py:82} INFO - Running: ['***', 'tasks', 'run', 'our_dag_with_python_operator_v07', 'get_age', 'scheduled__2022-03-18T00:00:00+00:00', '--job-id', '1608', '--raw', '--subdir', 'DAGS_FOLDER/dag_python_opr.py', '--cfg-path', '/tmp/tmp56u29mmh']
[2023-05-30T12:33:01.547+0000] {standard_task_runner.py:83} INFO - Job 1608: Subtask get_age
[2023-05-30T12:33:01.640+0000] {task_command.py:389} INFO - Running <TaskInstance: our_dag_with_python_operator_v07.get_age scheduled__2022-03-18T00:00:00+00:00 [running]> on host 49219f98c96e
[2023-05-30T12:33:01.741+0000] {taskinstance.py:1513} INFO - Exporting the following env vars:
AIRFLOW_CTX_DAG_OWNER=coder2j
AIRFLOW_CTX_DAG_ID=our_dag_with_python_operator_v07
AIRFLOW_CTX_TASK_ID=get_age
AIRFLOW_CTX_EXECUTION_DATE=2022-03-18T00:00:00+00:00
AIRFLOW_CTX_TRY_NUMBER=1
AIRFLOW_CTX_DAG_RUN_ID=scheduled__2022-03-18T00:00:00+00:00
[2023-05-30T12:33:01.760+0000] {python.py:177} INFO - Done. Returned value was: None
[2023-05-30T12:33:01.776+0000] {taskinstance.py:1327} INFO - Marking task as SUCCESS. dag_id=our_dag_with_python_operator_v07, task_id=get_age, execution_date=20220318T000000, start_date=20230530T123301, end_date=20230530T123301
[2023-05-30T12:33:01.838+0000] {local_task_job.py:159} INFO - Task exited with return code 0
[2023-05-30T12:33:01.869+0000] {taskinstance.py:2582} INFO - 1 downstream tasks scheduled from follow-on schedule check
[2023-06-07T06:37:10.893+0000] {taskinstance.py:1087} INFO - Dependencies all met for <TaskInstance: our_dag_with_python_operator_v07.get_age scheduled__2022-03-18T00:00:00+00:00 [queued]>
[2023-06-07T06:37:10.987+0000] {taskinstance.py:1087} INFO - Dependencies all met for <TaskInstance: our_dag_with_python_operator_v07.get_age scheduled__2022-03-18T00:00:00+00:00 [queued]>
[2023-06-07T06:37:10.990+0000] {taskinstance.py:1283} INFO - 
--------------------------------------------------------------------------------
[2023-06-07T06:37:10.993+0000] {taskinstance.py:1284} INFO - Starting attempt 1 of 6
[2023-06-07T06:37:10.995+0000] {taskinstance.py:1285} INFO - 
--------------------------------------------------------------------------------
[2023-06-07T06:37:11.091+0000] {taskinstance.py:1304} INFO - Executing <Task(PythonOperator): get_age> on 2022-03-18 00:00:00+00:00
[2023-06-07T06:37:11.112+0000] {standard_task_runner.py:55} INFO - Started process 2991 to run task
[2023-06-07T06:37:11.188+0000] {standard_task_runner.py:82} INFO - Running: ['***', 'tasks', 'run', 'our_dag_with_python_operator_v07', 'get_age', 'scheduled__2022-03-18T00:00:00+00:00', '--job-id', '1931', '--raw', '--subdir', 'DAGS_FOLDER/dag_python_opr.py', '--cfg-path', '/tmp/tmpd0auk3wq']
[2023-06-07T06:37:11.193+0000] {standard_task_runner.py:83} INFO - Job 1931: Subtask get_age
[2023-06-07T06:37:11.555+0000] {task_command.py:389} INFO - Running <TaskInstance: our_dag_with_python_operator_v07.get_age scheduled__2022-03-18T00:00:00+00:00 [running]> on host 026ed797f3b3
[2023-06-07T06:37:12.156+0000] {taskinstance.py:1513} INFO - Exporting the following env vars:
AIRFLOW_CTX_DAG_OWNER=coder2j
AIRFLOW_CTX_DAG_ID=our_dag_with_python_operator_v07
AIRFLOW_CTX_TASK_ID=get_age
AIRFLOW_CTX_EXECUTION_DATE=2022-03-18T00:00:00+00:00
AIRFLOW_CTX_TRY_NUMBER=1
AIRFLOW_CTX_DAG_RUN_ID=scheduled__2022-03-18T00:00:00+00:00
[2023-06-07T06:37:12.204+0000] {python.py:177} INFO - Done. Returned value was: None
[2023-06-07T06:37:12.248+0000] {taskinstance.py:1327} INFO - Marking task as SUCCESS. dag_id=our_dag_with_python_operator_v07, task_id=get_age, execution_date=20220318T000000, start_date=20230607T063710, end_date=20230607T063712
[2023-06-07T06:37:12.414+0000] {local_task_job.py:159} INFO - Task exited with return code 0
[2023-06-07T06:37:12.575+0000] {taskinstance.py:2582} INFO - 1 downstream tasks scheduled from follow-on schedule check
