[2023-05-30T11:31:54.617+0000] {taskinstance.py:1087} INFO - Dependencies all met for <TaskInstance: our_first_dag_v5.first_task scheduled__2022-03-08T00:00:00+00:00 [queued]>
[2023-05-30T11:31:54.634+0000] {taskinstance.py:1087} INFO - Dependencies all met for <TaskInstance: our_first_dag_v5.first_task scheduled__2022-03-08T00:00:00+00:00 [queued]>
[2023-05-30T11:31:54.636+0000] {taskinstance.py:1283} INFO - 
--------------------------------------------------------------------------------
[2023-05-30T11:31:54.637+0000] {taskinstance.py:1284} INFO - Starting attempt 1 of 6
[2023-05-30T11:31:54.638+0000] {taskinstance.py:1285} INFO - 
--------------------------------------------------------------------------------
[2023-05-30T11:31:54.697+0000] {taskinstance.py:1304} INFO - Executing <Task(BashOperator): first_task> on 2022-03-08 00:00:00+00:00
[2023-05-30T11:31:54.715+0000] {standard_task_runner.py:55} INFO - Started process 3887 to run task
[2023-05-30T11:31:54.727+0000] {standard_task_runner.py:82} INFO - Running: ['***', 'tasks', 'run', 'our_first_dag_v5', 'first_task', 'scheduled__2022-03-08T00:00:00+00:00', '--job-id', '669', '--raw', '--subdir', 'DAGS_FOLDER/first_Dag.py', '--cfg-path', '/tmp/tmpecc_u2e7']
[2023-05-30T11:31:54.729+0000] {standard_task_runner.py:83} INFO - Job 669: Subtask first_task
[2023-05-30T11:31:54.871+0000] {task_command.py:389} INFO - Running <TaskInstance: our_first_dag_v5.first_task scheduled__2022-03-08T00:00:00+00:00 [running]> on host 49219f98c96e
[2023-05-30T11:31:55.025+0000] {taskinstance.py:1513} INFO - Exporting the following env vars:
AIRFLOW_CTX_DAG_OWNER=coder2j
AIRFLOW_CTX_DAG_ID=our_first_dag_v5
AIRFLOW_CTX_TASK_ID=first_task
AIRFLOW_CTX_EXECUTION_DATE=2022-03-08T00:00:00+00:00
AIRFLOW_CTX_TRY_NUMBER=1
AIRFLOW_CTX_DAG_RUN_ID=scheduled__2022-03-08T00:00:00+00:00
[2023-05-30T11:31:55.033+0000] {subprocess.py:63} INFO - Tmp dir root location: 
 /tmp
[2023-05-30T11:31:55.036+0000] {subprocess.py:75} INFO - Running command: ['/bin/bash', '-c', 'echo hello world, this is the first task!']
[2023-05-30T11:31:55.084+0000] {subprocess.py:86} INFO - Output:
[2023-05-30T11:31:55.092+0000] {subprocess.py:93} INFO - hello world, this is the first task!
[2023-05-30T11:31:55.099+0000] {subprocess.py:97} INFO - Command exited with return code 0
[2023-05-30T11:31:55.186+0000] {taskinstance.py:1327} INFO - Marking task as SUCCESS. dag_id=our_first_dag_v5, task_id=first_task, execution_date=20220308T000000, start_date=20230530T113154, end_date=20230530T113155
[2023-05-30T11:31:55.258+0000] {local_task_job.py:159} INFO - Task exited with return code 0
[2023-05-30T11:31:55.341+0000] {taskinstance.py:2582} INFO - 2 downstream tasks scheduled from follow-on schedule check
[2023-06-07T06:39:59.760+0000] {taskinstance.py:1087} INFO - Dependencies all met for <TaskInstance: our_first_dag_v5.first_task scheduled__2022-03-08T00:00:00+00:00 [queued]>
[2023-06-07T06:39:59.842+0000] {taskinstance.py:1087} INFO - Dependencies all met for <TaskInstance: our_first_dag_v5.first_task scheduled__2022-03-08T00:00:00+00:00 [queued]>
[2023-06-07T06:39:59.845+0000] {taskinstance.py:1283} INFO - 
--------------------------------------------------------------------------------
[2023-06-07T06:39:59.847+0000] {taskinstance.py:1284} INFO - Starting attempt 1 of 6
[2023-06-07T06:39:59.850+0000] {taskinstance.py:1285} INFO - 
--------------------------------------------------------------------------------
[2023-06-07T06:40:00.047+0000] {taskinstance.py:1304} INFO - Executing <Task(BashOperator): first_task> on 2022-03-08 00:00:00+00:00
[2023-06-07T06:40:00.087+0000] {standard_task_runner.py:55} INFO - Started process 4111 to run task
[2023-06-07T06:40:00.122+0000] {standard_task_runner.py:82} INFO - Running: ['***', 'tasks', 'run', 'our_first_dag_v5', 'first_task', 'scheduled__2022-03-08T00:00:00+00:00', '--job-id', '2332', '--raw', '--subdir', 'DAGS_FOLDER/first_Dag.py', '--cfg-path', '/tmp/tmpecxkz4f5']
[2023-06-07T06:40:00.128+0000] {standard_task_runner.py:83} INFO - Job 2332: Subtask first_task
[2023-06-07T06:40:00.467+0000] {task_command.py:389} INFO - Running <TaskInstance: our_first_dag_v5.first_task scheduled__2022-03-08T00:00:00+00:00 [running]> on host 026ed797f3b3
[2023-06-07T06:40:01.040+0000] {taskinstance.py:1513} INFO - Exporting the following env vars:
AIRFLOW_CTX_DAG_OWNER=coder2j
AIRFLOW_CTX_DAG_ID=our_first_dag_v5
AIRFLOW_CTX_TASK_ID=first_task
AIRFLOW_CTX_EXECUTION_DATE=2022-03-08T00:00:00+00:00
AIRFLOW_CTX_TRY_NUMBER=1
AIRFLOW_CTX_DAG_RUN_ID=scheduled__2022-03-08T00:00:00+00:00
[2023-06-07T06:40:01.062+0000] {subprocess.py:63} INFO - Tmp dir root location: 
 /tmp
[2023-06-07T06:40:01.074+0000] {subprocess.py:75} INFO - Running command: ['/bin/bash', '-c', 'echo hello world, this is the first task!']
[2023-06-07T06:40:01.133+0000] {subprocess.py:86} INFO - Output:
[2023-06-07T06:40:01.178+0000] {subprocess.py:93} INFO - hello world, this is the first task!
[2023-06-07T06:40:01.218+0000] {subprocess.py:97} INFO - Command exited with return code 0
[2023-06-07T06:40:01.447+0000] {taskinstance.py:1327} INFO - Marking task as SUCCESS. dag_id=our_first_dag_v5, task_id=first_task, execution_date=20220308T000000, start_date=20230607T063959, end_date=20230607T064001
[2023-06-07T06:40:01.612+0000] {local_task_job.py:159} INFO - Task exited with return code 0
[2023-06-07T06:40:01.699+0000] {taskinstance.py:2582} INFO - 2 downstream tasks scheduled from follow-on schedule check
