[2023-05-30T11:32:05.233+0000] {taskinstance.py:1087} INFO - Dependencies all met for <TaskInstance: our_first_dag_v5.first_task scheduled__2022-03-23T00:00:00+00:00 [queued]>
[2023-05-30T11:32:05.250+0000] {taskinstance.py:1087} INFO - Dependencies all met for <TaskInstance: our_first_dag_v5.first_task scheduled__2022-03-23T00:00:00+00:00 [queued]>
[2023-05-30T11:32:05.252+0000] {taskinstance.py:1283} INFO - 
--------------------------------------------------------------------------------
[2023-05-30T11:32:05.255+0000] {taskinstance.py:1284} INFO - Starting attempt 1 of 6
[2023-05-30T11:32:05.258+0000] {taskinstance.py:1285} INFO - 
--------------------------------------------------------------------------------
[2023-05-30T11:32:05.285+0000] {taskinstance.py:1304} INFO - Executing <Task(BashOperator): first_task> on 2022-03-23 00:00:00+00:00
[2023-05-30T11:32:05.293+0000] {standard_task_runner.py:55} INFO - Started process 3998 to run task
[2023-05-30T11:32:05.306+0000] {standard_task_runner.py:82} INFO - Running: ['***', 'tasks', 'run', 'our_first_dag_v5', 'first_task', 'scheduled__2022-03-23T00:00:00+00:00', '--job-id', '704', '--raw', '--subdir', 'DAGS_FOLDER/first_Dag.py', '--cfg-path', '/tmp/tmp11qej8aa']
[2023-05-30T11:32:05.308+0000] {standard_task_runner.py:83} INFO - Job 704: Subtask first_task
[2023-05-30T11:32:05.445+0000] {task_command.py:389} INFO - Running <TaskInstance: our_first_dag_v5.first_task scheduled__2022-03-23T00:00:00+00:00 [running]> on host 49219f98c96e
[2023-05-30T11:32:05.619+0000] {taskinstance.py:1513} INFO - Exporting the following env vars:
AIRFLOW_CTX_DAG_OWNER=coder2j
AIRFLOW_CTX_DAG_ID=our_first_dag_v5
AIRFLOW_CTX_TASK_ID=first_task
AIRFLOW_CTX_EXECUTION_DATE=2022-03-23T00:00:00+00:00
AIRFLOW_CTX_TRY_NUMBER=1
AIRFLOW_CTX_DAG_RUN_ID=scheduled__2022-03-23T00:00:00+00:00
[2023-05-30T11:32:05.625+0000] {subprocess.py:63} INFO - Tmp dir root location: 
 /tmp
[2023-05-30T11:32:05.628+0000] {subprocess.py:75} INFO - Running command: ['/bin/bash', '-c', 'echo hello world, this is the first task!']
[2023-05-30T11:32:05.696+0000] {subprocess.py:86} INFO - Output:
[2023-05-30T11:32:05.702+0000] {subprocess.py:93} INFO - hello world, this is the first task!
[2023-05-30T11:32:05.704+0000] {subprocess.py:97} INFO - Command exited with return code 0
[2023-05-30T11:32:05.785+0000] {taskinstance.py:1327} INFO - Marking task as SUCCESS. dag_id=our_first_dag_v5, task_id=first_task, execution_date=20220323T000000, start_date=20230530T113205, end_date=20230530T113205
[2023-05-30T11:32:05.897+0000] {local_task_job.py:159} INFO - Task exited with return code 0
[2023-05-30T11:32:05.954+0000] {taskinstance.py:2582} INFO - 2 downstream tasks scheduled from follow-on schedule check
