[2023-05-30T11:36:32.657+0000] {taskinstance.py:1087} INFO - Dependencies all met for <TaskInstance: our_dag_with_python_operator_v07.greet scheduled__2021-10-16T00:00:00+00:00 [queued]>
[2023-05-30T11:36:32.677+0000] {taskinstance.py:1087} INFO - Dependencies all met for <TaskInstance: our_dag_with_python_operator_v07.greet scheduled__2021-10-16T00:00:00+00:00 [queued]>
[2023-05-30T11:36:32.679+0000] {taskinstance.py:1283} INFO - 
--------------------------------------------------------------------------------
[2023-05-30T11:36:32.681+0000] {taskinstance.py:1284} INFO - Starting attempt 1 of 6
[2023-05-30T11:36:32.682+0000] {taskinstance.py:1285} INFO - 
--------------------------------------------------------------------------------
[2023-05-30T11:36:32.705+0000] {taskinstance.py:1304} INFO - Executing <Task(PythonOperator): greet> on 2021-10-16 00:00:00+00:00
[2023-05-30T11:36:32.712+0000] {standard_task_runner.py:55} INFO - Started process 5570 to run task
[2023-05-30T11:36:32.720+0000] {standard_task_runner.py:82} INFO - Running: ['***', 'tasks', 'run', 'our_dag_with_python_operator_v07', 'greet', 'scheduled__2021-10-16T00:00:00+00:00', '--job-id', '1147', '--raw', '--subdir', 'DAGS_FOLDER/dag_python_opr.py', '--cfg-path', '/tmp/tmplqezrtlh']
[2023-05-30T11:36:32.741+0000] {standard_task_runner.py:83} INFO - Job 1147: Subtask greet
[2023-05-30T11:36:32.878+0000] {task_command.py:389} INFO - Running <TaskInstance: our_dag_with_python_operator_v07.greet scheduled__2021-10-16T00:00:00+00:00 [running]> on host 49219f98c96e
[2023-05-30T11:36:33.013+0000] {taskinstance.py:1513} INFO - Exporting the following env vars:
AIRFLOW_CTX_DAG_OWNER=coder2j
AIRFLOW_CTX_DAG_ID=our_dag_with_python_operator_v07
AIRFLOW_CTX_TASK_ID=greet
AIRFLOW_CTX_EXECUTION_DATE=2021-10-16T00:00:00+00:00
AIRFLOW_CTX_TRY_NUMBER=1
AIRFLOW_CTX_DAG_RUN_ID=scheduled__2021-10-16T00:00:00+00:00
[2023-05-30T11:36:33.015+0000] {logging_mixin.py:137} INFO - some dict:  {'a': 1, 'b': 2}
[2023-05-30T11:36:33.064+0000] {logging_mixin.py:137} INFO - Hello World! My name is Jerry Fridman, and I am 19 years old!
[2023-05-30T11:36:33.066+0000] {python.py:177} INFO - Done. Returned value was: None
[2023-05-30T11:36:33.084+0000] {taskinstance.py:1327} INFO - Marking task as SUCCESS. dag_id=our_dag_with_python_operator_v07, task_id=greet, execution_date=20211016T000000, start_date=20230530T113632, end_date=20230530T113633
[2023-05-30T11:36:33.136+0000] {local_task_job.py:159} INFO - Task exited with return code 0
[2023-05-30T11:36:33.174+0000] {taskinstance.py:2582} INFO - 0 downstream tasks scheduled from follow-on schedule check
[2023-06-07T06:31:16.832+0000] {taskinstance.py:1087} INFO - Dependencies all met for <TaskInstance: our_dag_with_python_operator_v07.greet scheduled__2021-10-16T00:00:00+00:00 [queued]>
[2023-06-07T06:31:16.882+0000] {taskinstance.py:1087} INFO - Dependencies all met for <TaskInstance: our_dag_with_python_operator_v07.greet scheduled__2021-10-16T00:00:00+00:00 [queued]>
[2023-06-07T06:31:16.885+0000] {taskinstance.py:1283} INFO - 
--------------------------------------------------------------------------------
[2023-06-07T06:31:16.887+0000] {taskinstance.py:1284} INFO - Starting attempt 1 of 6
[2023-06-07T06:31:16.889+0000] {taskinstance.py:1285} INFO - 
--------------------------------------------------------------------------------
[2023-06-07T06:31:17.203+0000] {taskinstance.py:1304} INFO - Executing <Task(PythonOperator): greet> on 2021-10-16 00:00:00+00:00
[2023-06-07T06:31:17.279+0000] {standard_task_runner.py:55} INFO - Started process 581 to run task
[2023-06-07T06:31:17.331+0000] {standard_task_runner.py:82} INFO - Running: ['***', 'tasks', 'run', 'our_dag_with_python_operator_v07', 'greet', 'scheduled__2021-10-16T00:00:00+00:00', '--job-id', '1061', '--raw', '--subdir', 'DAGS_FOLDER/dag_python_opr.py', '--cfg-path', '/tmp/tmp_2vsc7r7']
[2023-06-07T06:31:17.335+0000] {standard_task_runner.py:83} INFO - Job 1061: Subtask greet
[2023-06-07T06:31:17.701+0000] {task_command.py:389} INFO - Running <TaskInstance: our_dag_with_python_operator_v07.greet scheduled__2021-10-16T00:00:00+00:00 [running]> on host 026ed797f3b3
[2023-06-07T06:31:18.030+0000] {taskinstance.py:1513} INFO - Exporting the following env vars:
AIRFLOW_CTX_DAG_OWNER=coder2j
AIRFLOW_CTX_DAG_ID=our_dag_with_python_operator_v07
AIRFLOW_CTX_TASK_ID=greet
AIRFLOW_CTX_EXECUTION_DATE=2021-10-16T00:00:00+00:00
AIRFLOW_CTX_TRY_NUMBER=1
AIRFLOW_CTX_DAG_RUN_ID=scheduled__2021-10-16T00:00:00+00:00
[2023-06-07T06:31:18.032+0000] {logging_mixin.py:137} INFO - some dict:  {'a': 1, 'b': 2}
[2023-06-07T06:31:18.129+0000] {logging_mixin.py:137} INFO - Hello World! My name is Jerry Fridman, and I am 19 years old!
[2023-06-07T06:31:18.130+0000] {python.py:177} INFO - Done. Returned value was: None
[2023-06-07T06:31:18.160+0000] {taskinstance.py:1327} INFO - Marking task as SUCCESS. dag_id=our_dag_with_python_operator_v07, task_id=greet, execution_date=20211016T000000, start_date=20230607T063116, end_date=20230607T063118
[2023-06-07T06:31:18.235+0000] {local_task_job.py:159} INFO - Task exited with return code 0
[2023-06-07T06:31:18.303+0000] {taskinstance.py:2582} INFO - 0 downstream tasks scheduled from follow-on schedule check
