[2023-05-30T12:40:33.514+0000] {taskinstance.py:1087} INFO - Dependencies all met for <TaskInstance: our_dag_with_python_operator_v07.greet scheduled__2023-05-03T00:00:00+00:00 [queued]>
[2023-05-30T12:40:33.539+0000] {taskinstance.py:1087} INFO - Dependencies all met for <TaskInstance: our_dag_with_python_operator_v07.greet scheduled__2023-05-03T00:00:00+00:00 [queued]>
[2023-05-30T12:40:33.541+0000] {taskinstance.py:1283} INFO - 
--------------------------------------------------------------------------------
[2023-05-30T12:40:33.543+0000] {taskinstance.py:1284} INFO - Starting attempt 1 of 6
[2023-05-30T12:40:33.545+0000] {taskinstance.py:1285} INFO - 
--------------------------------------------------------------------------------
[2023-05-30T12:40:33.572+0000] {taskinstance.py:1304} INFO - Executing <Task(PythonOperator): greet> on 2023-05-03 00:00:00+00:00
[2023-05-30T12:40:33.584+0000] {standard_task_runner.py:55} INFO - Started process 13178 to run task
[2023-05-30T12:40:33.592+0000] {standard_task_runner.py:82} INFO - Running: ['***', 'tasks', 'run', 'our_dag_with_python_operator_v07', 'greet', 'scheduled__2023-05-03T00:00:00+00:00', '--job-id', '2842', '--raw', '--subdir', 'DAGS_FOLDER/dag_python_opr.py', '--cfg-path', '/tmp/tmpfn7bsrtp']
[2023-05-30T12:40:33.595+0000] {standard_task_runner.py:83} INFO - Job 2842: Subtask greet
[2023-05-30T12:40:33.753+0000] {task_command.py:389} INFO - Running <TaskInstance: our_dag_with_python_operator_v07.greet scheduled__2023-05-03T00:00:00+00:00 [running]> on host 49219f98c96e
[2023-05-30T12:40:33.944+0000] {taskinstance.py:1513} INFO - Exporting the following env vars:
AIRFLOW_CTX_DAG_OWNER=coder2j
AIRFLOW_CTX_DAG_ID=our_dag_with_python_operator_v07
AIRFLOW_CTX_TASK_ID=greet
AIRFLOW_CTX_EXECUTION_DATE=2023-05-03T00:00:00+00:00
AIRFLOW_CTX_TRY_NUMBER=1
AIRFLOW_CTX_DAG_RUN_ID=scheduled__2023-05-03T00:00:00+00:00
[2023-05-30T12:40:33.948+0000] {logging_mixin.py:137} INFO - some dict:  {'a': 1, 'b': 2}
[2023-05-30T12:40:33.994+0000] {logging_mixin.py:137} INFO - Hello World! My name is Jerry Fridman, and I am 19 years old!
[2023-05-30T12:40:33.996+0000] {python.py:177} INFO - Done. Returned value was: None
[2023-05-30T12:40:34.011+0000] {taskinstance.py:1327} INFO - Marking task as SUCCESS. dag_id=our_dag_with_python_operator_v07, task_id=greet, execution_date=20230503T000000, start_date=20230530T124033, end_date=20230530T124034
[2023-05-30T12:40:34.052+0000] {local_task_job.py:159} INFO - Task exited with return code 0
[2023-05-30T12:40:34.081+0000] {taskinstance.py:2582} INFO - 0 downstream tasks scheduled from follow-on schedule check
