[2023-05-30T11:28:24.532+0000] {taskinstance.py:1087} INFO - Dependencies all met for <TaskInstance: our_first_dag_v5.thrid_task scheduled__2021-08-23T00:00:00+00:00 [queued]>
[2023-05-30T11:28:24.584+0000] {taskinstance.py:1087} INFO - Dependencies all met for <TaskInstance: our_first_dag_v5.thrid_task scheduled__2021-08-23T00:00:00+00:00 [queued]>
[2023-05-30T11:28:24.586+0000] {taskinstance.py:1283} INFO - 
--------------------------------------------------------------------------------
[2023-05-30T11:28:24.589+0000] {taskinstance.py:1284} INFO - Starting attempt 1 of 6
[2023-05-30T11:28:24.592+0000] {taskinstance.py:1285} INFO - 
--------------------------------------------------------------------------------
[2023-05-30T11:28:24.642+0000] {taskinstance.py:1304} INFO - Executing <Task(BashOperator): thrid_task> on 2021-08-23 00:00:00+00:00
[2023-05-30T11:28:24.656+0000] {standard_task_runner.py:55} INFO - Started process 1927 to run task
[2023-05-30T11:28:24.673+0000] {standard_task_runner.py:82} INFO - Running: ['***', 'tasks', 'run', 'our_first_dag_v5', 'thrid_task', 'scheduled__2021-08-23T00:00:00+00:00', '--job-id', '84', '--raw', '--subdir', 'DAGS_FOLDER/first_Dag.py', '--cfg-path', '/tmp/tmpmh41vcn7']
[2023-05-30T11:28:24.713+0000] {standard_task_runner.py:83} INFO - Job 84: Subtask thrid_task
[2023-05-30T11:28:24.989+0000] {task_command.py:389} INFO - Running <TaskInstance: our_first_dag_v5.thrid_task scheduled__2021-08-23T00:00:00+00:00 [running]> on host 49219f98c96e
[2023-05-30T11:28:25.313+0000] {taskinstance.py:1513} INFO - Exporting the following env vars:
AIRFLOW_CTX_DAG_OWNER=coder2j
AIRFLOW_CTX_DAG_ID=our_first_dag_v5
AIRFLOW_CTX_TASK_ID=thrid_task
AIRFLOW_CTX_EXECUTION_DATE=2021-08-23T00:00:00+00:00
AIRFLOW_CTX_TRY_NUMBER=1
AIRFLOW_CTX_DAG_RUN_ID=scheduled__2021-08-23T00:00:00+00:00
[2023-05-30T11:28:25.320+0000] {subprocess.py:63} INFO - Tmp dir root location: 
 /tmp
[2023-05-30T11:28:25.333+0000] {subprocess.py:75} INFO - Running command: ['/bin/bash', '-c', 'echo hey, I am task3 and will be running after task1 at the same time as task2!']
[2023-05-30T11:28:25.388+0000] {subprocess.py:86} INFO - Output:
[2023-05-30T11:28:25.401+0000] {subprocess.py:93} INFO - hey, I am task3 and will be running after task1 at the same time as task2!
[2023-05-30T11:28:25.403+0000] {subprocess.py:97} INFO - Command exited with return code 0
[2023-05-30T11:28:25.499+0000] {taskinstance.py:1327} INFO - Marking task as SUCCESS. dag_id=our_first_dag_v5, task_id=thrid_task, execution_date=20210823T000000, start_date=20230530T112824, end_date=20230530T112825
[2023-05-30T11:28:25.694+0000] {local_task_job.py:159} INFO - Task exited with return code 0
[2023-05-30T11:28:25.796+0000] {taskinstance.py:2582} INFO - 0 downstream tasks scheduled from follow-on schedule check
[2023-06-07T06:31:36.599+0000] {taskinstance.py:1087} INFO - Dependencies all met for <TaskInstance: our_first_dag_v5.thrid_task scheduled__2021-08-23T00:00:00+00:00 [queued]>
[2023-06-07T06:31:36.739+0000] {taskinstance.py:1087} INFO - Dependencies all met for <TaskInstance: our_first_dag_v5.thrid_task scheduled__2021-08-23T00:00:00+00:00 [queued]>
[2023-06-07T06:31:36.746+0000] {taskinstance.py:1283} INFO - 
--------------------------------------------------------------------------------
[2023-06-07T06:31:36.749+0000] {taskinstance.py:1284} INFO - Starting attempt 1 of 6
[2023-06-07T06:31:36.751+0000] {taskinstance.py:1285} INFO - 
--------------------------------------------------------------------------------
[2023-06-07T06:31:36.918+0000] {taskinstance.py:1304} INFO - Executing <Task(BashOperator): thrid_task> on 2021-08-23 00:00:00+00:00
[2023-06-07T06:31:36.928+0000] {standard_task_runner.py:55} INFO - Started process 749 to run task
[2023-06-07T06:31:36.958+0000] {standard_task_runner.py:82} INFO - Running: ['***', 'tasks', 'run', 'our_first_dag_v5', 'thrid_task', 'scheduled__2021-08-23T00:00:00+00:00', '--job-id', '1120', '--raw', '--subdir', 'DAGS_FOLDER/first_Dag.py', '--cfg-path', '/tmp/tmpo50h8y76']
[2023-06-07T06:31:36.975+0000] {standard_task_runner.py:83} INFO - Job 1120: Subtask thrid_task
[2023-06-07T06:31:37.334+0000] {task_command.py:389} INFO - Running <TaskInstance: our_first_dag_v5.thrid_task scheduled__2021-08-23T00:00:00+00:00 [running]> on host 026ed797f3b3
[2023-06-07T06:31:37.838+0000] {taskinstance.py:1513} INFO - Exporting the following env vars:
AIRFLOW_CTX_DAG_OWNER=coder2j
AIRFLOW_CTX_DAG_ID=our_first_dag_v5
AIRFLOW_CTX_TASK_ID=thrid_task
AIRFLOW_CTX_EXECUTION_DATE=2021-08-23T00:00:00+00:00
AIRFLOW_CTX_TRY_NUMBER=1
AIRFLOW_CTX_DAG_RUN_ID=scheduled__2021-08-23T00:00:00+00:00
[2023-06-07T06:31:37.845+0000] {subprocess.py:63} INFO - Tmp dir root location: 
 /tmp
[2023-06-07T06:31:37.859+0000] {subprocess.py:75} INFO - Running command: ['/bin/bash', '-c', 'echo hey, I am task3 and will be running after task1 at the same time as task2!']
[2023-06-07T06:31:37.968+0000] {subprocess.py:86} INFO - Output:
[2023-06-07T06:31:37.971+0000] {subprocess.py:93} INFO - hey, I am task3 and will be running after task1 at the same time as task2!
[2023-06-07T06:31:37.977+0000] {subprocess.py:97} INFO - Command exited with return code 0
[2023-06-07T06:31:38.142+0000] {taskinstance.py:1327} INFO - Marking task as SUCCESS. dag_id=our_first_dag_v5, task_id=thrid_task, execution_date=20210823T000000, start_date=20230607T063136, end_date=20230607T063138
[2023-06-07T06:31:38.346+0000] {local_task_job.py:159} INFO - Task exited with return code 0
[2023-06-07T06:31:38.426+0000] {taskinstance.py:2582} INFO - 0 downstream tasks scheduled from follow-on schedule check
