[2023-05-30T11:29:25.605+0000] {taskinstance.py:1087} INFO - Dependencies all met for <TaskInstance: our_first_dag_v5.first_task scheduled__2021-10-28T00:00:00+00:00 [queued]>
[2023-05-30T11:29:25.669+0000] {taskinstance.py:1087} INFO - Dependencies all met for <TaskInstance: our_first_dag_v5.first_task scheduled__2021-10-28T00:00:00+00:00 [queued]>
[2023-05-30T11:29:25.671+0000] {taskinstance.py:1283} INFO - 
--------------------------------------------------------------------------------
[2023-05-30T11:29:25.674+0000] {taskinstance.py:1284} INFO - Starting attempt 1 of 6
[2023-05-30T11:29:25.675+0000] {taskinstance.py:1285} INFO - 
--------------------------------------------------------------------------------
[2023-05-30T11:29:25.773+0000] {taskinstance.py:1304} INFO - Executing <Task(BashOperator): first_task> on 2021-10-28 00:00:00+00:00
[2023-05-30T11:29:25.797+0000] {standard_task_runner.py:55} INFO - Started process 2540 to run task
[2023-05-30T11:29:25.824+0000] {standard_task_runner.py:82} INFO - Running: ['***', 'tasks', 'run', 'our_first_dag_v5', 'first_task', 'scheduled__2021-10-28T00:00:00+00:00', '--job-id', '270', '--raw', '--subdir', 'DAGS_FOLDER/first_Dag.py', '--cfg-path', '/tmp/tmptn5h4g26']
[2023-05-30T11:29:25.828+0000] {standard_task_runner.py:83} INFO - Job 270: Subtask first_task
[2023-05-30T11:29:26.081+0000] {task_command.py:389} INFO - Running <TaskInstance: our_first_dag_v5.first_task scheduled__2021-10-28T00:00:00+00:00 [running]> on host 49219f98c96e
[2023-05-30T11:29:26.253+0000] {taskinstance.py:1513} INFO - Exporting the following env vars:
AIRFLOW_CTX_DAG_OWNER=coder2j
AIRFLOW_CTX_DAG_ID=our_first_dag_v5
AIRFLOW_CTX_TASK_ID=first_task
AIRFLOW_CTX_EXECUTION_DATE=2021-10-28T00:00:00+00:00
AIRFLOW_CTX_TRY_NUMBER=1
AIRFLOW_CTX_DAG_RUN_ID=scheduled__2021-10-28T00:00:00+00:00
[2023-05-30T11:29:26.256+0000] {subprocess.py:63} INFO - Tmp dir root location: 
 /tmp
[2023-05-30T11:29:26.258+0000] {subprocess.py:75} INFO - Running command: ['/bin/bash', '-c', 'echo hello world, this is the first task!']
[2023-05-30T11:29:26.322+0000] {subprocess.py:86} INFO - Output:
[2023-05-30T11:29:26.326+0000] {subprocess.py:93} INFO - hello world, this is the first task!
[2023-05-30T11:29:26.328+0000] {subprocess.py:97} INFO - Command exited with return code 0
[2023-05-30T11:29:26.400+0000] {taskinstance.py:1327} INFO - Marking task as SUCCESS. dag_id=our_first_dag_v5, task_id=first_task, execution_date=20211028T000000, start_date=20230530T112925, end_date=20230530T112926
[2023-05-30T11:29:26.469+0000] {local_task_job.py:159} INFO - Task exited with return code 0
[2023-05-30T11:29:26.518+0000] {taskinstance.py:2582} INFO - 2 downstream tasks scheduled from follow-on schedule check
[2023-06-07T06:33:58.687+0000] {taskinstance.py:1087} INFO - Dependencies all met for <TaskInstance: our_first_dag_v5.first_task scheduled__2021-10-28T00:00:00+00:00 [queued]>
[2023-06-07T06:33:58.762+0000] {taskinstance.py:1087} INFO - Dependencies all met for <TaskInstance: our_first_dag_v5.first_task scheduled__2021-10-28T00:00:00+00:00 [queued]>
[2023-06-07T06:33:58.764+0000] {taskinstance.py:1283} INFO - 
--------------------------------------------------------------------------------
[2023-06-07T06:33:58.766+0000] {taskinstance.py:1284} INFO - Starting attempt 1 of 6
[2023-06-07T06:33:58.767+0000] {taskinstance.py:1285} INFO - 
--------------------------------------------------------------------------------
[2023-06-07T06:33:58.884+0000] {taskinstance.py:1304} INFO - Executing <Task(BashOperator): first_task> on 2021-10-28 00:00:00+00:00
[2023-06-07T06:33:58.922+0000] {standard_task_runner.py:55} INFO - Started process 1818 to run task
[2023-06-07T06:33:58.967+0000] {standard_task_runner.py:82} INFO - Running: ['***', 'tasks', 'run', 'our_first_dag_v5', 'first_task', 'scheduled__2021-10-28T00:00:00+00:00', '--job-id', '1511', '--raw', '--subdir', 'DAGS_FOLDER/first_Dag.py', '--cfg-path', '/tmp/tmppp2tw6y5']
[2023-06-07T06:33:58.978+0000] {standard_task_runner.py:83} INFO - Job 1511: Subtask first_task
[2023-06-07T06:33:59.658+0000] {task_command.py:389} INFO - Running <TaskInstance: our_first_dag_v5.first_task scheduled__2021-10-28T00:00:00+00:00 [running]> on host 026ed797f3b3
[2023-06-07T06:34:00.595+0000] {taskinstance.py:1513} INFO - Exporting the following env vars:
AIRFLOW_CTX_DAG_OWNER=coder2j
AIRFLOW_CTX_DAG_ID=our_first_dag_v5
AIRFLOW_CTX_TASK_ID=first_task
AIRFLOW_CTX_EXECUTION_DATE=2021-10-28T00:00:00+00:00
AIRFLOW_CTX_TRY_NUMBER=1
AIRFLOW_CTX_DAG_RUN_ID=scheduled__2021-10-28T00:00:00+00:00
[2023-06-07T06:34:00.602+0000] {subprocess.py:63} INFO - Tmp dir root location: 
 /tmp
[2023-06-07T06:34:00.605+0000] {subprocess.py:75} INFO - Running command: ['/bin/bash', '-c', 'echo hello world, this is the first task!']
[2023-06-07T06:34:00.727+0000] {subprocess.py:86} INFO - Output:
[2023-06-07T06:34:00.749+0000] {subprocess.py:93} INFO - hello world, this is the first task!
[2023-06-07T06:34:00.753+0000] {subprocess.py:97} INFO - Command exited with return code 0
[2023-06-07T06:34:00.901+0000] {taskinstance.py:1327} INFO - Marking task as SUCCESS. dag_id=our_first_dag_v5, task_id=first_task, execution_date=20211028T000000, start_date=20230607T063358, end_date=20230607T063400
[2023-06-07T06:34:01.105+0000] {local_task_job.py:159} INFO - Task exited with return code 0
[2023-06-07T06:34:01.372+0000] {taskinstance.py:2582} INFO - 2 downstream tasks scheduled from follow-on schedule check
