[2023-05-30T12:34:20.069+0000] {taskinstance.py:1087} INFO - Dependencies all met for <TaskInstance: our_dag_with_python_operator_v07.greet scheduled__2022-05-26T00:00:00+00:00 [queued]>
[2023-05-30T12:34:20.122+0000] {taskinstance.py:1087} INFO - Dependencies all met for <TaskInstance: our_dag_with_python_operator_v07.greet scheduled__2022-05-26T00:00:00+00:00 [queued]>
[2023-05-30T12:34:20.125+0000] {taskinstance.py:1283} INFO - 
--------------------------------------------------------------------------------
[2023-05-30T12:34:20.126+0000] {taskinstance.py:1284} INFO - Starting attempt 1 of 6
[2023-05-30T12:34:20.127+0000] {taskinstance.py:1285} INFO - 
--------------------------------------------------------------------------------
[2023-05-30T12:34:20.358+0000] {taskinstance.py:1304} INFO - Executing <Task(PythonOperator): greet> on 2022-05-26 00:00:00+00:00
[2023-05-30T12:34:20.390+0000] {standard_task_runner.py:55} INFO - Started process 10815 to run task
[2023-05-30T12:34:20.408+0000] {standard_task_runner.py:82} INFO - Running: ['***', 'tasks', 'run', 'our_dag_with_python_operator_v07', 'greet', 'scheduled__2022-05-26T00:00:00+00:00', '--job-id', '1824', '--raw', '--subdir', 'DAGS_FOLDER/dag_python_opr.py', '--cfg-path', '/tmp/tmp37ocnv95']
[2023-05-30T12:34:20.419+0000] {standard_task_runner.py:83} INFO - Job 1824: Subtask greet
[2023-05-30T12:34:20.720+0000] {task_command.py:389} INFO - Running <TaskInstance: our_dag_with_python_operator_v07.greet scheduled__2022-05-26T00:00:00+00:00 [running]> on host 49219f98c96e
[2023-05-30T12:34:20.971+0000] {taskinstance.py:1513} INFO - Exporting the following env vars:
AIRFLOW_CTX_DAG_OWNER=coder2j
AIRFLOW_CTX_DAG_ID=our_dag_with_python_operator_v07
AIRFLOW_CTX_TASK_ID=greet
AIRFLOW_CTX_EXECUTION_DATE=2022-05-26T00:00:00+00:00
AIRFLOW_CTX_TRY_NUMBER=1
AIRFLOW_CTX_DAG_RUN_ID=scheduled__2022-05-26T00:00:00+00:00
[2023-05-30T12:34:20.976+0000] {logging_mixin.py:137} INFO - some dict:  {'a': 1, 'b': 2}
[2023-05-30T12:34:21.087+0000] {logging_mixin.py:137} INFO - Hello World! My name is Jerry Fridman, and I am 19 years old!
[2023-05-30T12:34:21.092+0000] {python.py:177} INFO - Done. Returned value was: None
[2023-05-30T12:34:21.148+0000] {taskinstance.py:1327} INFO - Marking task as SUCCESS. dag_id=our_dag_with_python_operator_v07, task_id=greet, execution_date=20220526T000000, start_date=20230530T123420, end_date=20230530T123421
[2023-05-30T12:34:21.277+0000] {local_task_job.py:159} INFO - Task exited with return code 0
[2023-05-30T12:34:21.336+0000] {taskinstance.py:2582} INFO - 0 downstream tasks scheduled from follow-on schedule check
[2023-06-07T06:40:09.681+0000] {taskinstance.py:1087} INFO - Dependencies all met for <TaskInstance: our_dag_with_python_operator_v07.greet scheduled__2022-05-26T00:00:00+00:00 [queued]>
[2023-06-07T06:40:09.928+0000] {taskinstance.py:1087} INFO - Dependencies all met for <TaskInstance: our_dag_with_python_operator_v07.greet scheduled__2022-05-26T00:00:00+00:00 [queued]>
[2023-06-07T06:40:09.938+0000] {taskinstance.py:1283} INFO - 
--------------------------------------------------------------------------------
[2023-06-07T06:40:09.953+0000] {taskinstance.py:1284} INFO - Starting attempt 1 of 6
[2023-06-07T06:40:09.955+0000] {taskinstance.py:1285} INFO - 
--------------------------------------------------------------------------------
[2023-06-07T06:40:10.245+0000] {taskinstance.py:1304} INFO - Executing <Task(PythonOperator): greet> on 2022-05-26 00:00:00+00:00
[2023-06-07T06:40:10.281+0000] {standard_task_runner.py:55} INFO - Started process 4178 to run task
[2023-06-07T06:40:10.341+0000] {standard_task_runner.py:82} INFO - Running: ['***', 'tasks', 'run', 'our_dag_with_python_operator_v07', 'greet', 'scheduled__2022-05-26T00:00:00+00:00', '--job-id', '2358', '--raw', '--subdir', 'DAGS_FOLDER/dag_python_opr.py', '--cfg-path', '/tmp/tmpddv4ex7v']
[2023-06-07T06:40:10.355+0000] {standard_task_runner.py:83} INFO - Job 2358: Subtask greet
[2023-06-07T06:40:10.916+0000] {task_command.py:389} INFO - Running <TaskInstance: our_dag_with_python_operator_v07.greet scheduled__2022-05-26T00:00:00+00:00 [running]> on host 026ed797f3b3
[2023-06-07T06:40:11.515+0000] {taskinstance.py:1513} INFO - Exporting the following env vars:
AIRFLOW_CTX_DAG_OWNER=coder2j
AIRFLOW_CTX_DAG_ID=our_dag_with_python_operator_v07
AIRFLOW_CTX_TASK_ID=greet
AIRFLOW_CTX_EXECUTION_DATE=2022-05-26T00:00:00+00:00
AIRFLOW_CTX_TRY_NUMBER=1
AIRFLOW_CTX_DAG_RUN_ID=scheduled__2022-05-26T00:00:00+00:00
[2023-06-07T06:40:11.525+0000] {logging_mixin.py:137} INFO - some dict:  {'a': 1, 'b': 2}
[2023-06-07T06:40:11.716+0000] {logging_mixin.py:137} INFO - Hello World! My name is Jerry Fridman, and I am 19 years old!
[2023-06-07T06:40:11.724+0000] {python.py:177} INFO - Done. Returned value was: None
[2023-06-07T06:40:11.772+0000] {taskinstance.py:1327} INFO - Marking task as SUCCESS. dag_id=our_dag_with_python_operator_v07, task_id=greet, execution_date=20220526T000000, start_date=20230607T064009, end_date=20230607T064011
[2023-06-07T06:40:11.983+0000] {local_task_job.py:159} INFO - Task exited with return code 0
[2023-06-07T06:40:12.197+0000] {taskinstance.py:2582} INFO - 0 downstream tasks scheduled from follow-on schedule check
