[2023-05-30T12:33:27.521+0000] {taskinstance.py:1087} INFO - Dependencies all met for <TaskInstance: our_dag_with_python_operator_v07.get_name scheduled__2022-04-11T00:00:00+00:00 [queued]>
[2023-05-30T12:33:27.553+0000] {taskinstance.py:1087} INFO - Dependencies all met for <TaskInstance: our_dag_with_python_operator_v07.get_name scheduled__2022-04-11T00:00:00+00:00 [queued]>
[2023-05-30T12:33:27.556+0000] {taskinstance.py:1283} INFO - 
--------------------------------------------------------------------------------
[2023-05-30T12:33:27.557+0000] {taskinstance.py:1284} INFO - Starting attempt 1 of 6
[2023-05-30T12:33:27.559+0000] {taskinstance.py:1285} INFO - 
--------------------------------------------------------------------------------
[2023-05-30T12:33:27.610+0000] {taskinstance.py:1304} INFO - Executing <Task(PythonOperator): get_name> on 2022-04-11 00:00:00+00:00
[2023-05-30T12:33:27.621+0000] {standard_task_runner.py:55} INFO - Started process 10474 to run task
[2023-05-30T12:33:27.638+0000] {standard_task_runner.py:82} INFO - Running: ['***', 'tasks', 'run', 'our_dag_with_python_operator_v07', 'get_name', 'scheduled__2022-04-11T00:00:00+00:00', '--job-id', '1678', '--raw', '--subdir', 'DAGS_FOLDER/dag_python_opr.py', '--cfg-path', '/tmp/tmpoohsey51']
[2023-05-30T12:33:27.642+0000] {standard_task_runner.py:83} INFO - Job 1678: Subtask get_name
[2023-05-30T12:33:27.961+0000] {task_command.py:389} INFO - Running <TaskInstance: our_dag_with_python_operator_v07.get_name scheduled__2022-04-11T00:00:00+00:00 [running]> on host 49219f98c96e
[2023-05-30T12:33:28.319+0000] {taskinstance.py:1513} INFO - Exporting the following env vars:
AIRFLOW_CTX_DAG_OWNER=coder2j
AIRFLOW_CTX_DAG_ID=our_dag_with_python_operator_v07
AIRFLOW_CTX_TASK_ID=get_name
AIRFLOW_CTX_EXECUTION_DATE=2022-04-11T00:00:00+00:00
AIRFLOW_CTX_TRY_NUMBER=1
AIRFLOW_CTX_DAG_RUN_ID=scheduled__2022-04-11T00:00:00+00:00
[2023-05-30T12:33:28.397+0000] {python.py:177} INFO - Done. Returned value was: None
[2023-05-30T12:33:28.472+0000] {taskinstance.py:1327} INFO - Marking task as SUCCESS. dag_id=our_dag_with_python_operator_v07, task_id=get_name, execution_date=20220411T000000, start_date=20230530T123327, end_date=20230530T123328
[2023-05-30T12:33:28.615+0000] {local_task_job.py:159} INFO - Task exited with return code 0
[2023-05-30T12:33:28.683+0000] {taskinstance.py:2582} INFO - 1 downstream tasks scheduled from follow-on schedule check
[2023-06-07T06:38:02.155+0000] {taskinstance.py:1087} INFO - Dependencies all met for <TaskInstance: our_dag_with_python_operator_v07.get_name scheduled__2022-04-11T00:00:00+00:00 [queued]>
[2023-06-07T06:38:02.239+0000] {taskinstance.py:1087} INFO - Dependencies all met for <TaskInstance: our_dag_with_python_operator_v07.get_name scheduled__2022-04-11T00:00:00+00:00 [queued]>
[2023-06-07T06:38:02.246+0000] {taskinstance.py:1283} INFO - 
--------------------------------------------------------------------------------
[2023-06-07T06:38:02.248+0000] {taskinstance.py:1284} INFO - Starting attempt 1 of 6
[2023-06-07T06:38:02.256+0000] {taskinstance.py:1285} INFO - 
--------------------------------------------------------------------------------
[2023-06-07T06:38:02.417+0000] {taskinstance.py:1304} INFO - Executing <Task(PythonOperator): get_name> on 2022-04-11 00:00:00+00:00
[2023-06-07T06:38:02.453+0000] {standard_task_runner.py:55} INFO - Started process 3370 to run task
[2023-06-07T06:38:02.510+0000] {standard_task_runner.py:82} INFO - Running: ['***', 'tasks', 'run', 'our_dag_with_python_operator_v07', 'get_name', 'scheduled__2022-04-11T00:00:00+00:00', '--job-id', '2069', '--raw', '--subdir', 'DAGS_FOLDER/dag_python_opr.py', '--cfg-path', '/tmp/tmpdqxoxyb8']
[2023-06-07T06:38:02.523+0000] {standard_task_runner.py:83} INFO - Job 2069: Subtask get_name
[2023-06-07T06:38:03.190+0000] {task_command.py:389} INFO - Running <TaskInstance: our_dag_with_python_operator_v07.get_name scheduled__2022-04-11T00:00:00+00:00 [running]> on host 026ed797f3b3
[2023-06-07T06:38:03.740+0000] {taskinstance.py:1513} INFO - Exporting the following env vars:
AIRFLOW_CTX_DAG_OWNER=coder2j
AIRFLOW_CTX_DAG_ID=our_dag_with_python_operator_v07
AIRFLOW_CTX_TASK_ID=get_name
AIRFLOW_CTX_EXECUTION_DATE=2022-04-11T00:00:00+00:00
AIRFLOW_CTX_TRY_NUMBER=1
AIRFLOW_CTX_DAG_RUN_ID=scheduled__2022-04-11T00:00:00+00:00
[2023-06-07T06:38:03.903+0000] {python.py:177} INFO - Done. Returned value was: None
[2023-06-07T06:38:04.016+0000] {taskinstance.py:1327} INFO - Marking task as SUCCESS. dag_id=our_dag_with_python_operator_v07, task_id=get_name, execution_date=20220411T000000, start_date=20230607T063802, end_date=20230607T063804
[2023-06-07T06:38:04.286+0000] {local_task_job.py:159} INFO - Task exited with return code 0
[2023-06-07T06:38:04.453+0000] {taskinstance.py:2582} INFO - 0 downstream tasks scheduled from follow-on schedule check
