[2023-05-30T12:33:02.736+0000] {taskinstance.py:1087} INFO - Dependencies all met for <TaskInstance: our_dag_with_python_operator_v07.get_name scheduled__2022-03-19T00:00:00+00:00 [queued]>
[2023-05-30T12:33:02.758+0000] {taskinstance.py:1087} INFO - Dependencies all met for <TaskInstance: our_dag_with_python_operator_v07.get_name scheduled__2022-03-19T00:00:00+00:00 [queued]>
[2023-05-30T12:33:02.759+0000] {taskinstance.py:1283} INFO - 
--------------------------------------------------------------------------------
[2023-05-30T12:33:02.761+0000] {taskinstance.py:1284} INFO - Starting attempt 1 of 6
[2023-05-30T12:33:02.763+0000] {taskinstance.py:1285} INFO - 
--------------------------------------------------------------------------------
[2023-05-30T12:33:02.791+0000] {taskinstance.py:1304} INFO - Executing <Task(PythonOperator): get_name> on 2022-03-19 00:00:00+00:00
[2023-05-30T12:33:02.803+0000] {standard_task_runner.py:55} INFO - Started process 10316 to run task
[2023-05-30T12:33:02.810+0000] {standard_task_runner.py:82} INFO - Running: ['***', 'tasks', 'run', 'our_dag_with_python_operator_v07', 'get_name', 'scheduled__2022-03-19T00:00:00+00:00', '--job-id', '1610', '--raw', '--subdir', 'DAGS_FOLDER/dag_python_opr.py', '--cfg-path', '/tmp/tmpkehl55ld']
[2023-05-30T12:33:02.812+0000] {standard_task_runner.py:83} INFO - Job 1610: Subtask get_name
[2023-05-30T12:33:02.984+0000] {task_command.py:389} INFO - Running <TaskInstance: our_dag_with_python_operator_v07.get_name scheduled__2022-03-19T00:00:00+00:00 [running]> on host 49219f98c96e
[2023-05-30T12:33:03.227+0000] {taskinstance.py:1513} INFO - Exporting the following env vars:
AIRFLOW_CTX_DAG_OWNER=coder2j
AIRFLOW_CTX_DAG_ID=our_dag_with_python_operator_v07
AIRFLOW_CTX_TASK_ID=get_name
AIRFLOW_CTX_EXECUTION_DATE=2022-03-19T00:00:00+00:00
AIRFLOW_CTX_TRY_NUMBER=1
AIRFLOW_CTX_DAG_RUN_ID=scheduled__2022-03-19T00:00:00+00:00
[2023-05-30T12:33:03.289+0000] {python.py:177} INFO - Done. Returned value was: None
[2023-05-30T12:33:03.321+0000] {taskinstance.py:1327} INFO - Marking task as SUCCESS. dag_id=our_dag_with_python_operator_v07, task_id=get_name, execution_date=20220319T000000, start_date=20230530T123302, end_date=20230530T123303
[2023-05-30T12:33:03.430+0000] {local_task_job.py:159} INFO - Task exited with return code 0
[2023-05-30T12:33:03.495+0000] {taskinstance.py:2582} INFO - 0 downstream tasks scheduled from follow-on schedule check
[2023-06-07T06:37:18.824+0000] {taskinstance.py:1087} INFO - Dependencies all met for <TaskInstance: our_dag_with_python_operator_v07.get_name scheduled__2022-03-19T00:00:00+00:00 [queued]>
[2023-06-07T06:37:18.892+0000] {taskinstance.py:1087} INFO - Dependencies all met for <TaskInstance: our_dag_with_python_operator_v07.get_name scheduled__2022-03-19T00:00:00+00:00 [queued]>
[2023-06-07T06:37:18.895+0000] {taskinstance.py:1283} INFO - 
--------------------------------------------------------------------------------
[2023-06-07T06:37:18.899+0000] {taskinstance.py:1284} INFO - Starting attempt 1 of 6
[2023-06-07T06:37:18.904+0000] {taskinstance.py:1285} INFO - 
--------------------------------------------------------------------------------
[2023-06-07T06:37:19.113+0000] {taskinstance.py:1304} INFO - Executing <Task(PythonOperator): get_name> on 2022-03-19 00:00:00+00:00
[2023-06-07T06:37:19.170+0000] {standard_task_runner.py:55} INFO - Started process 3061 to run task
[2023-06-07T06:37:19.213+0000] {standard_task_runner.py:82} INFO - Running: ['***', 'tasks', 'run', 'our_dag_with_python_operator_v07', 'get_name', 'scheduled__2022-03-19T00:00:00+00:00', '--job-id', '1954', '--raw', '--subdir', 'DAGS_FOLDER/dag_python_opr.py', '--cfg-path', '/tmp/tmp0b3bf5z5']
[2023-06-07T06:37:19.219+0000] {standard_task_runner.py:83} INFO - Job 1954: Subtask get_name
[2023-06-07T06:37:19.891+0000] {task_command.py:389} INFO - Running <TaskInstance: our_dag_with_python_operator_v07.get_name scheduled__2022-03-19T00:00:00+00:00 [running]> on host 026ed797f3b3
[2023-06-07T06:37:20.634+0000] {taskinstance.py:1513} INFO - Exporting the following env vars:
AIRFLOW_CTX_DAG_OWNER=coder2j
AIRFLOW_CTX_DAG_ID=our_dag_with_python_operator_v07
AIRFLOW_CTX_TASK_ID=get_name
AIRFLOW_CTX_EXECUTION_DATE=2022-03-19T00:00:00+00:00
AIRFLOW_CTX_TRY_NUMBER=1
AIRFLOW_CTX_DAG_RUN_ID=scheduled__2022-03-19T00:00:00+00:00
[2023-06-07T06:37:20.907+0000] {python.py:177} INFO - Done. Returned value was: None
[2023-06-07T06:37:21.005+0000] {taskinstance.py:1327} INFO - Marking task as SUCCESS. dag_id=our_dag_with_python_operator_v07, task_id=get_name, execution_date=20220319T000000, start_date=20230607T063718, end_date=20230607T063721
[2023-06-07T06:37:21.131+0000] {local_task_job.py:159} INFO - Task exited with return code 0
[2023-06-07T06:37:21.305+0000] {taskinstance.py:2582} INFO - 0 downstream tasks scheduled from follow-on schedule check
