[2023-05-30T12:37:54.518+0000] {taskinstance.py:1087} INFO - Dependencies all met for <TaskInstance: our_dag_with_python_operator_v07.greet scheduled__2022-12-08T00:00:00+00:00 [queued]>
[2023-05-30T12:37:54.558+0000] {taskinstance.py:1087} INFO - Dependencies all met for <TaskInstance: our_dag_with_python_operator_v07.greet scheduled__2022-12-08T00:00:00+00:00 [queued]>
[2023-05-30T12:37:54.560+0000] {taskinstance.py:1283} INFO - 
--------------------------------------------------------------------------------
[2023-05-30T12:37:54.569+0000] {taskinstance.py:1284} INFO - Starting attempt 1 of 6
[2023-05-30T12:37:54.571+0000] {taskinstance.py:1285} INFO - 
--------------------------------------------------------------------------------
[2023-05-30T12:37:54.622+0000] {taskinstance.py:1304} INFO - Executing <Task(PythonOperator): greet> on 2022-12-08 00:00:00+00:00
[2023-05-30T12:37:54.635+0000] {standard_task_runner.py:55} INFO - Started process 12183 to run task
[2023-05-30T12:37:54.654+0000] {standard_task_runner.py:82} INFO - Running: ['***', 'tasks', 'run', 'our_dag_with_python_operator_v07', 'greet', 'scheduled__2022-12-08T00:00:00+00:00', '--job-id', '2412', '--raw', '--subdir', 'DAGS_FOLDER/dag_python_opr.py', '--cfg-path', '/tmp/tmp_sl7dt7j']
[2023-05-30T12:37:54.658+0000] {standard_task_runner.py:83} INFO - Job 2412: Subtask greet
[2023-05-30T12:37:54.851+0000] {task_command.py:389} INFO - Running <TaskInstance: our_dag_with_python_operator_v07.greet scheduled__2022-12-08T00:00:00+00:00 [running]> on host 49219f98c96e
[2023-05-30T12:37:55.038+0000] {taskinstance.py:1513} INFO - Exporting the following env vars:
AIRFLOW_CTX_DAG_OWNER=coder2j
AIRFLOW_CTX_DAG_ID=our_dag_with_python_operator_v07
AIRFLOW_CTX_TASK_ID=greet
AIRFLOW_CTX_EXECUTION_DATE=2022-12-08T00:00:00+00:00
AIRFLOW_CTX_TRY_NUMBER=1
AIRFLOW_CTX_DAG_RUN_ID=scheduled__2022-12-08T00:00:00+00:00
[2023-05-30T12:37:55.041+0000] {logging_mixin.py:137} INFO - some dict:  {'a': 1, 'b': 2}
[2023-05-30T12:37:55.132+0000] {logging_mixin.py:137} INFO - Hello World! My name is Jerry Fridman, and I am 19 years old!
[2023-05-30T12:37:55.134+0000] {python.py:177} INFO - Done. Returned value was: None
[2023-05-30T12:37:55.149+0000] {taskinstance.py:1327} INFO - Marking task as SUCCESS. dag_id=our_dag_with_python_operator_v07, task_id=greet, execution_date=20221208T000000, start_date=20230530T123754, end_date=20230530T123755
[2023-05-30T12:37:55.225+0000] {local_task_job.py:159} INFO - Task exited with return code 0
[2023-05-30T12:37:55.269+0000] {taskinstance.py:2582} INFO - 0 downstream tasks scheduled from follow-on schedule check
