[2023-05-30T12:33:18.233+0000] {taskinstance.py:1087} INFO - Dependencies all met for <TaskInstance: our_dag_with_python_operator_v07.get_name scheduled__2022-03-31T00:00:00+00:00 [queued]>
[2023-05-30T12:33:18.250+0000] {taskinstance.py:1087} INFO - Dependencies all met for <TaskInstance: our_dag_with_python_operator_v07.get_name scheduled__2022-03-31T00:00:00+00:00 [queued]>
[2023-05-30T12:33:18.252+0000] {taskinstance.py:1283} INFO - 
--------------------------------------------------------------------------------
[2023-05-30T12:33:18.253+0000] {taskinstance.py:1284} INFO - Starting attempt 1 of 6
[2023-05-30T12:33:18.255+0000] {taskinstance.py:1285} INFO - 
--------------------------------------------------------------------------------
[2023-05-30T12:33:18.288+0000] {taskinstance.py:1304} INFO - Executing <Task(PythonOperator): get_name> on 2022-03-31 00:00:00+00:00
[2023-05-30T12:33:18.301+0000] {standard_task_runner.py:55} INFO - Started process 10405 to run task
[2023-05-30T12:33:18.311+0000] {standard_task_runner.py:82} INFO - Running: ['***', 'tasks', 'run', 'our_dag_with_python_operator_v07', 'get_name', 'scheduled__2022-03-31T00:00:00+00:00', '--job-id', '1648', '--raw', '--subdir', 'DAGS_FOLDER/dag_python_opr.py', '--cfg-path', '/tmp/tmpdnhuzgqu']
[2023-05-30T12:33:18.312+0000] {standard_task_runner.py:83} INFO - Job 1648: Subtask get_name
[2023-05-30T12:33:18.458+0000] {task_command.py:389} INFO - Running <TaskInstance: our_dag_with_python_operator_v07.get_name scheduled__2022-03-31T00:00:00+00:00 [running]> on host 49219f98c96e
[2023-05-30T12:33:18.613+0000] {taskinstance.py:1513} INFO - Exporting the following env vars:
AIRFLOW_CTX_DAG_OWNER=coder2j
AIRFLOW_CTX_DAG_ID=our_dag_with_python_operator_v07
AIRFLOW_CTX_TASK_ID=get_name
AIRFLOW_CTX_EXECUTION_DATE=2022-03-31T00:00:00+00:00
AIRFLOW_CTX_TRY_NUMBER=1
AIRFLOW_CTX_DAG_RUN_ID=scheduled__2022-03-31T00:00:00+00:00
[2023-05-30T12:33:18.692+0000] {python.py:177} INFO - Done. Returned value was: None
[2023-05-30T12:33:18.719+0000] {taskinstance.py:1327} INFO - Marking task as SUCCESS. dag_id=our_dag_with_python_operator_v07, task_id=get_name, execution_date=20220331T000000, start_date=20230530T123318, end_date=20230530T123318
[2023-05-30T12:33:18.813+0000] {local_task_job.py:159} INFO - Task exited with return code 0
[2023-05-30T12:33:18.877+0000] {taskinstance.py:2582} INFO - 1 downstream tasks scheduled from follow-on schedule check
[2023-06-07T06:37:38.992+0000] {taskinstance.py:1087} INFO - Dependencies all met for <TaskInstance: our_dag_with_python_operator_v07.get_name scheduled__2022-03-31T00:00:00+00:00 [queued]>
[2023-06-07T06:37:39.101+0000] {taskinstance.py:1087} INFO - Dependencies all met for <TaskInstance: our_dag_with_python_operator_v07.get_name scheduled__2022-03-31T00:00:00+00:00 [queued]>
[2023-06-07T06:37:39.111+0000] {taskinstance.py:1283} INFO - 
--------------------------------------------------------------------------------
[2023-06-07T06:37:39.113+0000] {taskinstance.py:1284} INFO - Starting attempt 1 of 6
[2023-06-07T06:37:39.114+0000] {taskinstance.py:1285} INFO - 
--------------------------------------------------------------------------------
[2023-06-07T06:37:39.278+0000] {taskinstance.py:1304} INFO - Executing <Task(PythonOperator): get_name> on 2022-03-31 00:00:00+00:00
[2023-06-07T06:37:39.300+0000] {standard_task_runner.py:55} INFO - Started process 3172 to run task
[2023-06-07T06:37:39.327+0000] {standard_task_runner.py:82} INFO - Running: ['***', 'tasks', 'run', 'our_dag_with_python_operator_v07', 'get_name', 'scheduled__2022-03-31T00:00:00+00:00', '--job-id', '1997', '--raw', '--subdir', 'DAGS_FOLDER/dag_python_opr.py', '--cfg-path', '/tmp/tmp5btn2_4e']
[2023-06-07T06:37:39.333+0000] {standard_task_runner.py:83} INFO - Job 1997: Subtask get_name
[2023-06-07T06:37:39.638+0000] {task_command.py:389} INFO - Running <TaskInstance: our_dag_with_python_operator_v07.get_name scheduled__2022-03-31T00:00:00+00:00 [running]> on host 026ed797f3b3
[2023-06-07T06:37:39.993+0000] {taskinstance.py:1513} INFO - Exporting the following env vars:
AIRFLOW_CTX_DAG_OWNER=coder2j
AIRFLOW_CTX_DAG_ID=our_dag_with_python_operator_v07
AIRFLOW_CTX_TASK_ID=get_name
AIRFLOW_CTX_EXECUTION_DATE=2022-03-31T00:00:00+00:00
AIRFLOW_CTX_TRY_NUMBER=1
AIRFLOW_CTX_DAG_RUN_ID=scheduled__2022-03-31T00:00:00+00:00
[2023-06-07T06:37:40.079+0000] {python.py:177} INFO - Done. Returned value was: None
[2023-06-07T06:37:40.162+0000] {taskinstance.py:1327} INFO - Marking task as SUCCESS. dag_id=our_dag_with_python_operator_v07, task_id=get_name, execution_date=20220331T000000, start_date=20230607T063738, end_date=20230607T063740
[2023-06-07T06:37:40.278+0000] {local_task_job.py:159} INFO - Task exited with return code 0
[2023-06-07T06:37:40.338+0000] {taskinstance.py:2582} INFO - 0 downstream tasks scheduled from follow-on schedule check
