[2023-05-30T11:36:36.988+0000] {taskinstance.py:1087} INFO - Dependencies all met for <TaskInstance: our_dag_with_python_operator_v07.get_age scheduled__2021-10-21T00:00:00+00:00 [queued]>
[2023-05-30T11:36:37.052+0000] {taskinstance.py:1087} INFO - Dependencies all met for <TaskInstance: our_dag_with_python_operator_v07.get_age scheduled__2021-10-21T00:00:00+00:00 [queued]>
[2023-05-30T11:36:37.054+0000] {taskinstance.py:1283} INFO - 
--------------------------------------------------------------------------------
[2023-05-30T11:36:37.072+0000] {taskinstance.py:1284} INFO - Starting attempt 1 of 6
[2023-05-30T11:36:37.073+0000] {taskinstance.py:1285} INFO - 
--------------------------------------------------------------------------------
[2023-05-30T11:36:37.131+0000] {taskinstance.py:1304} INFO - Executing <Task(PythonOperator): get_age> on 2021-10-21 00:00:00+00:00
[2023-05-30T11:36:37.151+0000] {standard_task_runner.py:55} INFO - Started process 5598 to run task
[2023-05-30T11:36:37.177+0000] {standard_task_runner.py:82} INFO - Running: ['***', 'tasks', 'run', 'our_dag_with_python_operator_v07', 'get_age', 'scheduled__2021-10-21T00:00:00+00:00', '--job-id', '1158', '--raw', '--subdir', 'DAGS_FOLDER/dag_python_opr.py', '--cfg-path', '/tmp/tmpzw4724r6']
[2023-05-30T11:36:37.179+0000] {standard_task_runner.py:83} INFO - Job 1158: Subtask get_age
[2023-05-30T11:36:37.368+0000] {task_command.py:389} INFO - Running <TaskInstance: our_dag_with_python_operator_v07.get_age scheduled__2021-10-21T00:00:00+00:00 [running]> on host 49219f98c96e
[2023-05-30T11:36:37.701+0000] {taskinstance.py:1513} INFO - Exporting the following env vars:
AIRFLOW_CTX_DAG_OWNER=coder2j
AIRFLOW_CTX_DAG_ID=our_dag_with_python_operator_v07
AIRFLOW_CTX_TASK_ID=get_age
AIRFLOW_CTX_EXECUTION_DATE=2021-10-21T00:00:00+00:00
AIRFLOW_CTX_TRY_NUMBER=1
AIRFLOW_CTX_DAG_RUN_ID=scheduled__2021-10-21T00:00:00+00:00
[2023-05-30T11:36:37.743+0000] {python.py:177} INFO - Done. Returned value was: None
[2023-05-30T11:36:37.804+0000] {taskinstance.py:1327} INFO - Marking task as SUCCESS. dag_id=our_dag_with_python_operator_v07, task_id=get_age, execution_date=20211021T000000, start_date=20230530T113637, end_date=20230530T113637
[2023-05-30T11:36:37.870+0000] {local_task_job.py:159} INFO - Task exited with return code 0
[2023-05-30T11:36:38.037+0000] {taskinstance.py:2582} INFO - 0 downstream tasks scheduled from follow-on schedule check
