[2023-05-30T11:30:20.533+0000] {taskinstance.py:1087} INFO - Dependencies all met for <TaskInstance: our_first_dag_v5.first_task scheduled__2021-12-15T00:00:00+00:00 [queued]>
[2023-05-30T11:30:20.639+0000] {taskinstance.py:1087} INFO - Dependencies all met for <TaskInstance: our_first_dag_v5.first_task scheduled__2021-12-15T00:00:00+00:00 [queued]>
[2023-05-30T11:30:20.641+0000] {taskinstance.py:1283} INFO - 
--------------------------------------------------------------------------------
[2023-05-30T11:30:20.642+0000] {taskinstance.py:1284} INFO - Starting attempt 1 of 6
[2023-05-30T11:30:20.643+0000] {taskinstance.py:1285} INFO - 
--------------------------------------------------------------------------------
[2023-05-30T11:30:20.782+0000] {taskinstance.py:1304} INFO - Executing <Task(BashOperator): first_task> on 2021-12-15 00:00:00+00:00
[2023-05-30T11:30:20.806+0000] {standard_task_runner.py:55} INFO - Started process 3027 to run task
[2023-05-30T11:30:20.846+0000] {standard_task_runner.py:82} INFO - Running: ['***', 'tasks', 'run', 'our_first_dag_v5', 'first_task', 'scheduled__2021-12-15T00:00:00+00:00', '--job-id', '413', '--raw', '--subdir', 'DAGS_FOLDER/first_Dag.py', '--cfg-path', '/tmp/tmpwimxcrqb']
[2023-05-30T11:30:20.850+0000] {standard_task_runner.py:83} INFO - Job 413: Subtask first_task
[2023-05-30T11:30:21.293+0000] {task_command.py:389} INFO - Running <TaskInstance: our_first_dag_v5.first_task scheduled__2021-12-15T00:00:00+00:00 [running]> on host 49219f98c96e
[2023-05-30T11:30:21.860+0000] {taskinstance.py:1513} INFO - Exporting the following env vars:
AIRFLOW_CTX_DAG_OWNER=coder2j
AIRFLOW_CTX_DAG_ID=our_first_dag_v5
AIRFLOW_CTX_TASK_ID=first_task
AIRFLOW_CTX_EXECUTION_DATE=2021-12-15T00:00:00+00:00
AIRFLOW_CTX_TRY_NUMBER=1
AIRFLOW_CTX_DAG_RUN_ID=scheduled__2021-12-15T00:00:00+00:00
[2023-05-30T11:30:21.872+0000] {subprocess.py:63} INFO - Tmp dir root location: 
 /tmp
[2023-05-30T11:30:21.878+0000] {subprocess.py:75} INFO - Running command: ['/bin/bash', '-c', 'echo hello world, this is the first task!']
[2023-05-30T11:30:21.937+0000] {subprocess.py:86} INFO - Output:
[2023-05-30T11:30:21.940+0000] {subprocess.py:93} INFO - hello world, this is the first task!
[2023-05-30T11:30:21.942+0000] {subprocess.py:97} INFO - Command exited with return code 0
[2023-05-30T11:30:22.004+0000] {taskinstance.py:1327} INFO - Marking task as SUCCESS. dag_id=our_first_dag_v5, task_id=first_task, execution_date=20211215T000000, start_date=20230530T113020, end_date=20230530T113022
[2023-05-30T11:30:22.092+0000] {local_task_job.py:159} INFO - Task exited with return code 0
[2023-05-30T11:30:22.283+0000] {taskinstance.py:2582} INFO - 2 downstream tasks scheduled from follow-on schedule check
[2023-06-07T06:36:09.111+0000] {taskinstance.py:1087} INFO - Dependencies all met for <TaskInstance: our_first_dag_v5.first_task scheduled__2021-12-15T00:00:00+00:00 [queued]>
[2023-06-07T06:36:09.203+0000] {taskinstance.py:1087} INFO - Dependencies all met for <TaskInstance: our_first_dag_v5.first_task scheduled__2021-12-15T00:00:00+00:00 [queued]>
[2023-06-07T06:36:09.215+0000] {taskinstance.py:1283} INFO - 
--------------------------------------------------------------------------------
[2023-06-07T06:36:09.250+0000] {taskinstance.py:1284} INFO - Starting attempt 1 of 6
[2023-06-07T06:36:09.254+0000] {taskinstance.py:1285} INFO - 
--------------------------------------------------------------------------------
[2023-06-07T06:36:09.419+0000] {taskinstance.py:1304} INFO - Executing <Task(BashOperator): first_task> on 2021-12-15 00:00:00+00:00
[2023-06-07T06:36:09.483+0000] {standard_task_runner.py:55} INFO - Started process 2664 to run task
[2023-06-07T06:36:09.511+0000] {standard_task_runner.py:82} INFO - Running: ['***', 'tasks', 'run', 'our_first_dag_v5', 'first_task', 'scheduled__2021-12-15T00:00:00+00:00', '--job-id', '1817', '--raw', '--subdir', 'DAGS_FOLDER/first_Dag.py', '--cfg-path', '/tmp/tmplfpvjt4b']
[2023-06-07T06:36:09.523+0000] {standard_task_runner.py:83} INFO - Job 1817: Subtask first_task
[2023-06-07T06:36:10.298+0000] {task_command.py:389} INFO - Running <TaskInstance: our_first_dag_v5.first_task scheduled__2021-12-15T00:00:00+00:00 [running]> on host 026ed797f3b3
[2023-06-07T06:36:12.215+0000] {taskinstance.py:1513} INFO - Exporting the following env vars:
AIRFLOW_CTX_DAG_OWNER=coder2j
AIRFLOW_CTX_DAG_ID=our_first_dag_v5
AIRFLOW_CTX_TASK_ID=first_task
AIRFLOW_CTX_EXECUTION_DATE=2021-12-15T00:00:00+00:00
AIRFLOW_CTX_TRY_NUMBER=1
AIRFLOW_CTX_DAG_RUN_ID=scheduled__2021-12-15T00:00:00+00:00
[2023-06-07T06:36:12.253+0000] {subprocess.py:63} INFO - Tmp dir root location: 
 /tmp
[2023-06-07T06:36:12.280+0000] {subprocess.py:75} INFO - Running command: ['/bin/bash', '-c', 'echo hello world, this is the first task!']
[2023-06-07T06:36:12.635+0000] {subprocess.py:86} INFO - Output:
[2023-06-07T06:36:12.639+0000] {subprocess.py:93} INFO - hello world, this is the first task!
[2023-06-07T06:36:12.641+0000] {subprocess.py:97} INFO - Command exited with return code 0
[2023-06-07T06:36:12.966+0000] {taskinstance.py:1327} INFO - Marking task as SUCCESS. dag_id=our_first_dag_v5, task_id=first_task, execution_date=20211215T000000, start_date=20230607T063609, end_date=20230607T063612
[2023-06-07T06:36:13.334+0000] {local_task_job.py:159} INFO - Task exited with return code 0
[2023-06-07T06:36:13.634+0000] {taskinstance.py:2582} INFO - 2 downstream tasks scheduled from follow-on schedule check
