[2023-05-30T12:33:40.849+0000] {taskinstance.py:1087} INFO - Dependencies all met for <TaskInstance: our_dag_with_python_operator_v07.get_name scheduled__2022-04-25T00:00:00+00:00 [queued]>
[2023-05-30T12:33:40.942+0000] {taskinstance.py:1087} INFO - Dependencies all met for <TaskInstance: our_dag_with_python_operator_v07.get_name scheduled__2022-04-25T00:00:00+00:00 [queued]>
[2023-05-30T12:33:40.945+0000] {taskinstance.py:1283} INFO - 
--------------------------------------------------------------------------------
[2023-05-30T12:33:40.946+0000] {taskinstance.py:1284} INFO - Starting attempt 1 of 6
[2023-05-30T12:33:40.949+0000] {taskinstance.py:1285} INFO - 
--------------------------------------------------------------------------------
[2023-05-30T12:33:41.050+0000] {taskinstance.py:1304} INFO - Executing <Task(PythonOperator): get_name> on 2022-04-25 00:00:00+00:00
[2023-05-30T12:33:41.070+0000] {standard_task_runner.py:55} INFO - Started process 10562 to run task
[2023-05-30T12:33:41.093+0000] {standard_task_runner.py:82} INFO - Running: ['***', 'tasks', 'run', 'our_dag_with_python_operator_v07', 'get_name', 'scheduled__2022-04-25T00:00:00+00:00', '--job-id', '1719', '--raw', '--subdir', 'DAGS_FOLDER/dag_python_opr.py', '--cfg-path', '/tmp/tmpvemqxips']
[2023-05-30T12:33:41.096+0000] {standard_task_runner.py:83} INFO - Job 1719: Subtask get_name
[2023-05-30T12:33:41.404+0000] {task_command.py:389} INFO - Running <TaskInstance: our_dag_with_python_operator_v07.get_name scheduled__2022-04-25T00:00:00+00:00 [running]> on host 49219f98c96e
[2023-05-30T12:33:41.899+0000] {taskinstance.py:1513} INFO - Exporting the following env vars:
AIRFLOW_CTX_DAG_OWNER=coder2j
AIRFLOW_CTX_DAG_ID=our_dag_with_python_operator_v07
AIRFLOW_CTX_TASK_ID=get_name
AIRFLOW_CTX_EXECUTION_DATE=2022-04-25T00:00:00+00:00
AIRFLOW_CTX_TRY_NUMBER=1
AIRFLOW_CTX_DAG_RUN_ID=scheduled__2022-04-25T00:00:00+00:00
[2023-05-30T12:33:41.992+0000] {python.py:177} INFO - Done. Returned value was: None
[2023-05-30T12:33:42.044+0000] {taskinstance.py:1327} INFO - Marking task as SUCCESS. dag_id=our_dag_with_python_operator_v07, task_id=get_name, execution_date=20220425T000000, start_date=20230530T123340, end_date=20230530T123342
[2023-05-30T12:33:42.157+0000] {local_task_job.py:159} INFO - Task exited with return code 0
[2023-05-30T12:33:42.242+0000] {taskinstance.py:2582} INFO - 0 downstream tasks scheduled from follow-on schedule check
[2023-06-07T06:38:40.352+0000] {taskinstance.py:1087} INFO - Dependencies all met for <TaskInstance: our_dag_with_python_operator_v07.get_name scheduled__2022-04-25T00:00:00+00:00 [queued]>
[2023-06-07T06:38:40.388+0000] {taskinstance.py:1087} INFO - Dependencies all met for <TaskInstance: our_dag_with_python_operator_v07.get_name scheduled__2022-04-25T00:00:00+00:00 [queued]>
[2023-06-07T06:38:40.390+0000] {taskinstance.py:1283} INFO - 
--------------------------------------------------------------------------------
[2023-06-07T06:38:40.392+0000] {taskinstance.py:1284} INFO - Starting attempt 1 of 6
[2023-06-07T06:38:40.393+0000] {taskinstance.py:1285} INFO - 
--------------------------------------------------------------------------------
[2023-06-07T06:38:40.459+0000] {taskinstance.py:1304} INFO - Executing <Task(PythonOperator): get_name> on 2022-04-25 00:00:00+00:00
[2023-06-07T06:38:40.477+0000] {standard_task_runner.py:55} INFO - Started process 3631 to run task
[2023-06-07T06:38:40.508+0000] {standard_task_runner.py:82} INFO - Running: ['***', 'tasks', 'run', 'our_dag_with_python_operator_v07', 'get_name', 'scheduled__2022-04-25T00:00:00+00:00', '--job-id', '2164', '--raw', '--subdir', 'DAGS_FOLDER/dag_python_opr.py', '--cfg-path', '/tmp/tmpe9l2pwhd']
[2023-06-07T06:38:40.516+0000] {standard_task_runner.py:83} INFO - Job 2164: Subtask get_name
[2023-06-07T06:38:40.896+0000] {task_command.py:389} INFO - Running <TaskInstance: our_dag_with_python_operator_v07.get_name scheduled__2022-04-25T00:00:00+00:00 [running]> on host 026ed797f3b3
[2023-06-07T06:38:41.560+0000] {taskinstance.py:1513} INFO - Exporting the following env vars:
AIRFLOW_CTX_DAG_OWNER=coder2j
AIRFLOW_CTX_DAG_ID=our_dag_with_python_operator_v07
AIRFLOW_CTX_TASK_ID=get_name
AIRFLOW_CTX_EXECUTION_DATE=2022-04-25T00:00:00+00:00
AIRFLOW_CTX_TRY_NUMBER=1
AIRFLOW_CTX_DAG_RUN_ID=scheduled__2022-04-25T00:00:00+00:00
[2023-06-07T06:38:41.711+0000] {python.py:177} INFO - Done. Returned value was: None
[2023-06-07T06:38:41.754+0000] {taskinstance.py:1327} INFO - Marking task as SUCCESS. dag_id=our_dag_with_python_operator_v07, task_id=get_name, execution_date=20220425T000000, start_date=20230607T063840, end_date=20230607T063841
[2023-06-07T06:38:41.828+0000] {local_task_job.py:159} INFO - Task exited with return code 0
[2023-06-07T06:38:42.151+0000] {taskinstance.py:2582} INFO - 0 downstream tasks scheduled from follow-on schedule check
