[2023-05-30T11:28:51.969+0000] {taskinstance.py:1087} INFO - Dependencies all met for <TaskInstance: our_first_dag_v5.thrid_task scheduled__2021-09-19T00:00:00+00:00 [queued]>
[2023-05-30T11:28:52.005+0000] {taskinstance.py:1087} INFO - Dependencies all met for <TaskInstance: our_first_dag_v5.thrid_task scheduled__2021-09-19T00:00:00+00:00 [queued]>
[2023-05-30T11:28:52.007+0000] {taskinstance.py:1283} INFO - 
--------------------------------------------------------------------------------
[2023-05-30T11:28:52.009+0000] {taskinstance.py:1284} INFO - Starting attempt 1 of 6
[2023-05-30T11:28:52.011+0000] {taskinstance.py:1285} INFO - 
--------------------------------------------------------------------------------
[2023-05-30T11:28:52.043+0000] {taskinstance.py:1304} INFO - Executing <Task(BashOperator): thrid_task> on 2021-09-19 00:00:00+00:00
[2023-05-30T11:28:52.057+0000] {standard_task_runner.py:55} INFO - Started process 2196 to run task
[2023-05-30T11:28:52.070+0000] {standard_task_runner.py:82} INFO - Running: ['***', 'tasks', 'run', 'our_first_dag_v5', 'thrid_task', 'scheduled__2021-09-19T00:00:00+00:00', '--job-id', '164', '--raw', '--subdir', 'DAGS_FOLDER/first_Dag.py', '--cfg-path', '/tmp/tmpd_n0qfvl']
[2023-05-30T11:28:52.072+0000] {standard_task_runner.py:83} INFO - Job 164: Subtask thrid_task
[2023-05-30T11:28:52.262+0000] {task_command.py:389} INFO - Running <TaskInstance: our_first_dag_v5.thrid_task scheduled__2021-09-19T00:00:00+00:00 [running]> on host 49219f98c96e
[2023-05-30T11:28:52.585+0000] {taskinstance.py:1513} INFO - Exporting the following env vars:
AIRFLOW_CTX_DAG_OWNER=coder2j
AIRFLOW_CTX_DAG_ID=our_first_dag_v5
AIRFLOW_CTX_TASK_ID=thrid_task
AIRFLOW_CTX_EXECUTION_DATE=2021-09-19T00:00:00+00:00
AIRFLOW_CTX_TRY_NUMBER=1
AIRFLOW_CTX_DAG_RUN_ID=scheduled__2021-09-19T00:00:00+00:00
[2023-05-30T11:28:52.588+0000] {subprocess.py:63} INFO - Tmp dir root location: 
 /tmp
[2023-05-30T11:28:52.590+0000] {subprocess.py:75} INFO - Running command: ['/bin/bash', '-c', 'echo hey, I am task3 and will be running after task1 at the same time as task2!']
[2023-05-30T11:28:52.643+0000] {subprocess.py:86} INFO - Output:
[2023-05-30T11:28:52.645+0000] {subprocess.py:93} INFO - hey, I am task3 and will be running after task1 at the same time as task2!
[2023-05-30T11:28:52.647+0000] {subprocess.py:97} INFO - Command exited with return code 0
[2023-05-30T11:28:52.736+0000] {taskinstance.py:1327} INFO - Marking task as SUCCESS. dag_id=our_first_dag_v5, task_id=thrid_task, execution_date=20210919T000000, start_date=20230530T112851, end_date=20230530T112852
[2023-05-30T11:28:52.851+0000] {local_task_job.py:159} INFO - Task exited with return code 0
[2023-05-30T11:28:52.902+0000] {taskinstance.py:2582} INFO - 0 downstream tasks scheduled from follow-on schedule check
[2023-06-07T06:32:47.070+0000] {taskinstance.py:1087} INFO - Dependencies all met for <TaskInstance: our_first_dag_v5.thrid_task scheduled__2021-09-19T00:00:00+00:00 [queued]>
[2023-06-07T06:32:47.123+0000] {taskinstance.py:1087} INFO - Dependencies all met for <TaskInstance: our_first_dag_v5.thrid_task scheduled__2021-09-19T00:00:00+00:00 [queued]>
[2023-06-07T06:32:47.125+0000] {taskinstance.py:1283} INFO - 
--------------------------------------------------------------------------------
[2023-06-07T06:32:47.127+0000] {taskinstance.py:1284} INFO - Starting attempt 1 of 6
[2023-06-07T06:32:47.128+0000] {taskinstance.py:1285} INFO - 
--------------------------------------------------------------------------------
[2023-06-07T06:32:47.206+0000] {taskinstance.py:1304} INFO - Executing <Task(BashOperator): thrid_task> on 2021-09-19 00:00:00+00:00
[2023-06-07T06:32:47.233+0000] {standard_task_runner.py:55} INFO - Started process 1260 to run task
[2023-06-07T06:32:47.252+0000] {standard_task_runner.py:82} INFO - Running: ['***', 'tasks', 'run', 'our_first_dag_v5', 'thrid_task', 'scheduled__2021-09-19T00:00:00+00:00', '--job-id', '1304', '--raw', '--subdir', 'DAGS_FOLDER/first_Dag.py', '--cfg-path', '/tmp/tmps1la6dme']
[2023-06-07T06:32:47.262+0000] {standard_task_runner.py:83} INFO - Job 1304: Subtask thrid_task
[2023-06-07T06:32:47.915+0000] {task_command.py:389} INFO - Running <TaskInstance: our_first_dag_v5.thrid_task scheduled__2021-09-19T00:00:00+00:00 [running]> on host 026ed797f3b3
[2023-06-07T06:32:48.536+0000] {taskinstance.py:1513} INFO - Exporting the following env vars:
AIRFLOW_CTX_DAG_OWNER=coder2j
AIRFLOW_CTX_DAG_ID=our_first_dag_v5
AIRFLOW_CTX_TASK_ID=thrid_task
AIRFLOW_CTX_EXECUTION_DATE=2021-09-19T00:00:00+00:00
AIRFLOW_CTX_TRY_NUMBER=1
AIRFLOW_CTX_DAG_RUN_ID=scheduled__2021-09-19T00:00:00+00:00
[2023-06-07T06:32:48.542+0000] {subprocess.py:63} INFO - Tmp dir root location: 
 /tmp
[2023-06-07T06:32:48.569+0000] {subprocess.py:75} INFO - Running command: ['/bin/bash', '-c', 'echo hey, I am task3 and will be running after task1 at the same time as task2!']
[2023-06-07T06:32:48.666+0000] {subprocess.py:86} INFO - Output:
[2023-06-07T06:32:48.684+0000] {subprocess.py:93} INFO - hey, I am task3 and will be running after task1 at the same time as task2!
[2023-06-07T06:32:48.688+0000] {subprocess.py:97} INFO - Command exited with return code 0
[2023-06-07T06:32:48.794+0000] {taskinstance.py:1327} INFO - Marking task as SUCCESS. dag_id=our_first_dag_v5, task_id=thrid_task, execution_date=20210919T000000, start_date=20230607T063247, end_date=20230607T063248
[2023-06-07T06:32:48.921+0000] {local_task_job.py:159} INFO - Task exited with return code 0
[2023-06-07T06:32:48.995+0000] {taskinstance.py:2582} INFO - 0 downstream tasks scheduled from follow-on schedule check
