[2023-05-30T11:31:49.392+0000] {taskinstance.py:1087} INFO - Dependencies all met for <TaskInstance: our_first_dag_v5.thrid_task scheduled__2022-03-01T00:00:00+00:00 [queued]>
[2023-05-30T11:31:49.458+0000] {taskinstance.py:1087} INFO - Dependencies all met for <TaskInstance: our_first_dag_v5.thrid_task scheduled__2022-03-01T00:00:00+00:00 [queued]>
[2023-05-30T11:31:49.459+0000] {taskinstance.py:1283} INFO - 
--------------------------------------------------------------------------------
[2023-05-30T11:31:49.461+0000] {taskinstance.py:1284} INFO - Starting attempt 1 of 6
[2023-05-30T11:31:49.463+0000] {taskinstance.py:1285} INFO - 
--------------------------------------------------------------------------------
[2023-05-30T11:31:49.539+0000] {taskinstance.py:1304} INFO - Executing <Task(BashOperator): thrid_task> on 2022-03-01 00:00:00+00:00
[2023-05-30T11:31:49.580+0000] {standard_task_runner.py:55} INFO - Started process 3829 to run task
[2023-05-30T11:31:49.596+0000] {standard_task_runner.py:82} INFO - Running: ['***', 'tasks', 'run', 'our_first_dag_v5', 'thrid_task', 'scheduled__2022-03-01T00:00:00+00:00', '--job-id', '652', '--raw', '--subdir', 'DAGS_FOLDER/first_Dag.py', '--cfg-path', '/tmp/tmpco748eu4']
[2023-05-30T11:31:49.620+0000] {standard_task_runner.py:83} INFO - Job 652: Subtask thrid_task
[2023-05-30T11:31:50.091+0000] {task_command.py:389} INFO - Running <TaskInstance: our_first_dag_v5.thrid_task scheduled__2022-03-01T00:00:00+00:00 [running]> on host 49219f98c96e
[2023-05-30T11:31:50.557+0000] {taskinstance.py:1513} INFO - Exporting the following env vars:
AIRFLOW_CTX_DAG_OWNER=coder2j
AIRFLOW_CTX_DAG_ID=our_first_dag_v5
AIRFLOW_CTX_TASK_ID=thrid_task
AIRFLOW_CTX_EXECUTION_DATE=2022-03-01T00:00:00+00:00
AIRFLOW_CTX_TRY_NUMBER=1
AIRFLOW_CTX_DAG_RUN_ID=scheduled__2022-03-01T00:00:00+00:00
[2023-05-30T11:31:50.565+0000] {subprocess.py:63} INFO - Tmp dir root location: 
 /tmp
[2023-05-30T11:31:50.580+0000] {subprocess.py:75} INFO - Running command: ['/bin/bash', '-c', 'echo hey, I am task3 and will be running after task1 at the same time as task2!']
[2023-05-30T11:31:50.667+0000] {subprocess.py:86} INFO - Output:
[2023-05-30T11:31:50.675+0000] {subprocess.py:93} INFO - hey, I am task3 and will be running after task1 at the same time as task2!
[2023-05-30T11:31:50.677+0000] {subprocess.py:97} INFO - Command exited with return code 0
[2023-05-30T11:31:50.810+0000] {taskinstance.py:1327} INFO - Marking task as SUCCESS. dag_id=our_first_dag_v5, task_id=thrid_task, execution_date=20220301T000000, start_date=20230530T113149, end_date=20230530T113150
[2023-05-30T11:31:50.967+0000] {local_task_job.py:159} INFO - Task exited with return code 0
[2023-05-30T11:31:51.011+0000] {taskinstance.py:2582} INFO - 0 downstream tasks scheduled from follow-on schedule check
[2023-06-07T06:39:45.706+0000] {taskinstance.py:1087} INFO - Dependencies all met for <TaskInstance: our_first_dag_v5.thrid_task scheduled__2022-03-01T00:00:00+00:00 [queued]>
[2023-06-07T06:39:45.870+0000] {taskinstance.py:1087} INFO - Dependencies all met for <TaskInstance: our_first_dag_v5.thrid_task scheduled__2022-03-01T00:00:00+00:00 [queued]>
[2023-06-07T06:39:45.872+0000] {taskinstance.py:1283} INFO - 
--------------------------------------------------------------------------------
[2023-06-07T06:39:45.876+0000] {taskinstance.py:1284} INFO - Starting attempt 1 of 6
[2023-06-07T06:39:45.884+0000] {taskinstance.py:1285} INFO - 
--------------------------------------------------------------------------------
[2023-06-07T06:39:45.994+0000] {taskinstance.py:1304} INFO - Executing <Task(BashOperator): thrid_task> on 2022-03-01 00:00:00+00:00
[2023-06-07T06:39:46.028+0000] {standard_task_runner.py:55} INFO - Started process 4041 to run task
[2023-06-07T06:39:46.107+0000] {standard_task_runner.py:82} INFO - Running: ['***', 'tasks', 'run', 'our_first_dag_v5', 'thrid_task', 'scheduled__2022-03-01T00:00:00+00:00', '--job-id', '2308', '--raw', '--subdir', 'DAGS_FOLDER/first_Dag.py', '--cfg-path', '/tmp/tmph0cclm59']
[2023-06-07T06:39:46.119+0000] {standard_task_runner.py:83} INFO - Job 2308: Subtask thrid_task
[2023-06-07T06:39:46.763+0000] {task_command.py:389} INFO - Running <TaskInstance: our_first_dag_v5.thrid_task scheduled__2022-03-01T00:00:00+00:00 [running]> on host 026ed797f3b3
[2023-06-07T06:39:47.922+0000] {taskinstance.py:1513} INFO - Exporting the following env vars:
AIRFLOW_CTX_DAG_OWNER=coder2j
AIRFLOW_CTX_DAG_ID=our_first_dag_v5
AIRFLOW_CTX_TASK_ID=thrid_task
AIRFLOW_CTX_EXECUTION_DATE=2022-03-01T00:00:00+00:00
AIRFLOW_CTX_TRY_NUMBER=1
AIRFLOW_CTX_DAG_RUN_ID=scheduled__2022-03-01T00:00:00+00:00
[2023-06-07T06:39:47.926+0000] {subprocess.py:63} INFO - Tmp dir root location: 
 /tmp
[2023-06-07T06:39:47.931+0000] {subprocess.py:75} INFO - Running command: ['/bin/bash', '-c', 'echo hey, I am task3 and will be running after task1 at the same time as task2!']
[2023-06-07T06:39:48.106+0000] {subprocess.py:86} INFO - Output:
[2023-06-07T06:39:48.129+0000] {subprocess.py:93} INFO - hey, I am task3 and will be running after task1 at the same time as task2!
[2023-06-07T06:39:48.140+0000] {subprocess.py:97} INFO - Command exited with return code 0
[2023-06-07T06:39:48.302+0000] {taskinstance.py:1327} INFO - Marking task as SUCCESS. dag_id=our_first_dag_v5, task_id=thrid_task, execution_date=20220301T000000, start_date=20230607T063945, end_date=20230607T063948
[2023-06-07T06:39:48.536+0000] {local_task_job.py:159} INFO - Task exited with return code 0
[2023-06-07T06:39:48.807+0000] {taskinstance.py:2582} INFO - 0 downstream tasks scheduled from follow-on schedule check
