[2023-05-30T12:33:21.406+0000] {taskinstance.py:1087} INFO - Dependencies all met for <TaskInstance: our_dag_with_python_operator_v07.greet scheduled__2022-04-02T00:00:00+00:00 [queued]>
[2023-05-30T12:33:21.432+0000] {taskinstance.py:1087} INFO - Dependencies all met for <TaskInstance: our_dag_with_python_operator_v07.greet scheduled__2022-04-02T00:00:00+00:00 [queued]>
[2023-05-30T12:33:21.434+0000] {taskinstance.py:1283} INFO - 
--------------------------------------------------------------------------------
[2023-05-30T12:33:21.435+0000] {taskinstance.py:1284} INFO - Starting attempt 1 of 6
[2023-05-30T12:33:21.437+0000] {taskinstance.py:1285} INFO - 
--------------------------------------------------------------------------------
[2023-05-30T12:33:21.510+0000] {taskinstance.py:1304} INFO - Executing <Task(PythonOperator): greet> on 2022-04-02 00:00:00+00:00
[2023-05-30T12:33:21.574+0000] {standard_task_runner.py:55} INFO - Started process 10436 to run task
[2023-05-30T12:33:21.611+0000] {standard_task_runner.py:82} INFO - Running: ['***', 'tasks', 'run', 'our_dag_with_python_operator_v07', 'greet', 'scheduled__2022-04-02T00:00:00+00:00', '--job-id', '1661', '--raw', '--subdir', 'DAGS_FOLDER/dag_python_opr.py', '--cfg-path', '/tmp/tmp39a2iyd7']
[2023-05-30T12:33:21.613+0000] {standard_task_runner.py:83} INFO - Job 1661: Subtask greet
[2023-05-30T12:33:21.994+0000] {task_command.py:389} INFO - Running <TaskInstance: our_dag_with_python_operator_v07.greet scheduled__2022-04-02T00:00:00+00:00 [running]> on host 49219f98c96e
[2023-05-30T12:33:22.375+0000] {taskinstance.py:1513} INFO - Exporting the following env vars:
AIRFLOW_CTX_DAG_OWNER=coder2j
AIRFLOW_CTX_DAG_ID=our_dag_with_python_operator_v07
AIRFLOW_CTX_TASK_ID=greet
AIRFLOW_CTX_EXECUTION_DATE=2022-04-02T00:00:00+00:00
AIRFLOW_CTX_TRY_NUMBER=1
AIRFLOW_CTX_DAG_RUN_ID=scheduled__2022-04-02T00:00:00+00:00
[2023-05-30T12:33:22.380+0000] {logging_mixin.py:137} INFO - some dict:  {'a': 1, 'b': 2}
[2023-05-30T12:33:22.496+0000] {logging_mixin.py:137} INFO - Hello World! My name is Jerry Fridman, and I am 19 years old!
[2023-05-30T12:33:22.499+0000] {python.py:177} INFO - Done. Returned value was: None
[2023-05-30T12:33:22.529+0000] {taskinstance.py:1327} INFO - Marking task as SUCCESS. dag_id=our_dag_with_python_operator_v07, task_id=greet, execution_date=20220402T000000, start_date=20230530T123321, end_date=20230530T123322
[2023-05-30T12:33:22.678+0000] {local_task_job.py:159} INFO - Task exited with return code 0
[2023-05-30T12:33:22.742+0000] {taskinstance.py:2582} INFO - 0 downstream tasks scheduled from follow-on schedule check
[2023-06-07T06:37:59.573+0000] {taskinstance.py:1087} INFO - Dependencies all met for <TaskInstance: our_dag_with_python_operator_v07.greet scheduled__2022-04-02T00:00:00+00:00 [queued]>
[2023-06-07T06:37:59.668+0000] {taskinstance.py:1087} INFO - Dependencies all met for <TaskInstance: our_dag_with_python_operator_v07.greet scheduled__2022-04-02T00:00:00+00:00 [queued]>
[2023-06-07T06:37:59.675+0000] {taskinstance.py:1283} INFO - 
--------------------------------------------------------------------------------
[2023-06-07T06:37:59.679+0000] {taskinstance.py:1284} INFO - Starting attempt 1 of 6
[2023-06-07T06:37:59.680+0000] {taskinstance.py:1285} INFO - 
--------------------------------------------------------------------------------
[2023-06-07T06:37:59.862+0000] {taskinstance.py:1304} INFO - Executing <Task(PythonOperator): greet> on 2022-04-02 00:00:00+00:00
[2023-06-07T06:37:59.909+0000] {standard_task_runner.py:55} INFO - Started process 3350 to run task
[2023-06-07T06:37:59.965+0000] {standard_task_runner.py:82} INFO - Running: ['***', 'tasks', 'run', 'our_dag_with_python_operator_v07', 'greet', 'scheduled__2022-04-02T00:00:00+00:00', '--job-id', '2060', '--raw', '--subdir', 'DAGS_FOLDER/dag_python_opr.py', '--cfg-path', '/tmp/tmp456ve2am']
[2023-06-07T06:37:59.985+0000] {standard_task_runner.py:83} INFO - Job 2060: Subtask greet
[2023-06-07T06:38:00.404+0000] {task_command.py:389} INFO - Running <TaskInstance: our_dag_with_python_operator_v07.greet scheduled__2022-04-02T00:00:00+00:00 [running]> on host 026ed797f3b3
[2023-06-07T06:38:01.023+0000] {taskinstance.py:1513} INFO - Exporting the following env vars:
AIRFLOW_CTX_DAG_OWNER=coder2j
AIRFLOW_CTX_DAG_ID=our_dag_with_python_operator_v07
AIRFLOW_CTX_TASK_ID=greet
AIRFLOW_CTX_EXECUTION_DATE=2022-04-02T00:00:00+00:00
AIRFLOW_CTX_TRY_NUMBER=1
AIRFLOW_CTX_DAG_RUN_ID=scheduled__2022-04-02T00:00:00+00:00
[2023-06-07T06:38:01.028+0000] {logging_mixin.py:137} INFO - some dict:  {'a': 1, 'b': 2}
[2023-06-07T06:38:01.182+0000] {logging_mixin.py:137} INFO - Hello World! My name is Jerry Fridman, and I am 19 years old!
[2023-06-07T06:38:01.189+0000] {python.py:177} INFO - Done. Returned value was: None
[2023-06-07T06:38:01.245+0000] {taskinstance.py:1327} INFO - Marking task as SUCCESS. dag_id=our_dag_with_python_operator_v07, task_id=greet, execution_date=20220402T000000, start_date=20230607T063759, end_date=20230607T063801
[2023-06-07T06:38:01.448+0000] {local_task_job.py:159} INFO - Task exited with return code 0
[2023-06-07T06:38:01.808+0000] {taskinstance.py:2582} INFO - 0 downstream tasks scheduled from follow-on schedule check
