[2023-05-30T11:30:32.642+0000] {taskinstance.py:1087} INFO - Dependencies all met for <TaskInstance: our_first_dag_v5.first_task scheduled__2021-12-26T00:00:00+00:00 [queued]>
[2023-05-30T11:30:32.755+0000] {taskinstance.py:1087} INFO - Dependencies all met for <TaskInstance: our_first_dag_v5.first_task scheduled__2021-12-26T00:00:00+00:00 [queued]>
[2023-05-30T11:30:32.758+0000] {taskinstance.py:1283} INFO - 
--------------------------------------------------------------------------------
[2023-05-30T11:30:32.760+0000] {taskinstance.py:1284} INFO - Starting attempt 1 of 6
[2023-05-30T11:30:32.764+0000] {taskinstance.py:1285} INFO - 
--------------------------------------------------------------------------------
[2023-05-30T11:30:32.896+0000] {taskinstance.py:1304} INFO - Executing <Task(BashOperator): first_task> on 2021-12-26 00:00:00+00:00
[2023-05-30T11:30:32.913+0000] {standard_task_runner.py:55} INFO - Started process 3139 to run task
[2023-05-30T11:30:32.975+0000] {standard_task_runner.py:82} INFO - Running: ['***', 'tasks', 'run', 'our_first_dag_v5', 'first_task', 'scheduled__2021-12-26T00:00:00+00:00', '--job-id', '445', '--raw', '--subdir', 'DAGS_FOLDER/first_Dag.py', '--cfg-path', '/tmp/tmp2630zxaa']
[2023-05-30T11:30:32.978+0000] {standard_task_runner.py:83} INFO - Job 445: Subtask first_task
[2023-05-30T11:30:33.301+0000] {task_command.py:389} INFO - Running <TaskInstance: our_first_dag_v5.first_task scheduled__2021-12-26T00:00:00+00:00 [running]> on host 49219f98c96e
[2023-05-30T11:30:33.579+0000] {taskinstance.py:1513} INFO - Exporting the following env vars:
AIRFLOW_CTX_DAG_OWNER=coder2j
AIRFLOW_CTX_DAG_ID=our_first_dag_v5
AIRFLOW_CTX_TASK_ID=first_task
AIRFLOW_CTX_EXECUTION_DATE=2021-12-26T00:00:00+00:00
AIRFLOW_CTX_TRY_NUMBER=1
AIRFLOW_CTX_DAG_RUN_ID=scheduled__2021-12-26T00:00:00+00:00
[2023-05-30T11:30:33.586+0000] {subprocess.py:63} INFO - Tmp dir root location: 
 /tmp
[2023-05-30T11:30:33.589+0000] {subprocess.py:75} INFO - Running command: ['/bin/bash', '-c', 'echo hello world, this is the first task!']
[2023-05-30T11:30:33.632+0000] {subprocess.py:86} INFO - Output:
[2023-05-30T11:30:33.637+0000] {subprocess.py:93} INFO - hello world, this is the first task!
[2023-05-30T11:30:33.650+0000] {subprocess.py:97} INFO - Command exited with return code 0
[2023-05-30T11:30:33.736+0000] {taskinstance.py:1327} INFO - Marking task as SUCCESS. dag_id=our_first_dag_v5, task_id=first_task, execution_date=20211226T000000, start_date=20230530T113032, end_date=20230530T113033
[2023-05-30T11:30:33.847+0000] {local_task_job.py:159} INFO - Task exited with return code 0
[2023-05-30T11:30:34.017+0000] {taskinstance.py:2582} INFO - 0 downstream tasks scheduled from follow-on schedule check
[2023-06-07T06:36:53.332+0000] {taskinstance.py:1087} INFO - Dependencies all met for <TaskInstance: our_first_dag_v5.first_task scheduled__2021-12-26T00:00:00+00:00 [queued]>
[2023-06-07T06:36:53.462+0000] {taskinstance.py:1087} INFO - Dependencies all met for <TaskInstance: our_first_dag_v5.first_task scheduled__2021-12-26T00:00:00+00:00 [queued]>
[2023-06-07T06:36:53.468+0000] {taskinstance.py:1283} INFO - 
--------------------------------------------------------------------------------
[2023-06-07T06:36:53.470+0000] {taskinstance.py:1284} INFO - Starting attempt 1 of 6
[2023-06-07T06:36:53.471+0000] {taskinstance.py:1285} INFO - 
--------------------------------------------------------------------------------
[2023-06-07T06:36:53.617+0000] {taskinstance.py:1304} INFO - Executing <Task(BashOperator): first_task> on 2021-12-26 00:00:00+00:00
[2023-06-07T06:36:53.646+0000] {standard_task_runner.py:55} INFO - Started process 2855 to run task
[2023-06-07T06:36:53.689+0000] {standard_task_runner.py:82} INFO - Running: ['***', 'tasks', 'run', 'our_first_dag_v5', 'first_task', 'scheduled__2021-12-26T00:00:00+00:00', '--job-id', '1880', '--raw', '--subdir', 'DAGS_FOLDER/first_Dag.py', '--cfg-path', '/tmp/tmpx7n6clz9']
[2023-06-07T06:36:53.695+0000] {standard_task_runner.py:83} INFO - Job 1880: Subtask first_task
[2023-06-07T06:36:54.213+0000] {task_command.py:389} INFO - Running <TaskInstance: our_first_dag_v5.first_task scheduled__2021-12-26T00:00:00+00:00 [running]> on host 026ed797f3b3
[2023-06-07T06:36:54.936+0000] {taskinstance.py:1513} INFO - Exporting the following env vars:
AIRFLOW_CTX_DAG_OWNER=coder2j
AIRFLOW_CTX_DAG_ID=our_first_dag_v5
AIRFLOW_CTX_TASK_ID=first_task
AIRFLOW_CTX_EXECUTION_DATE=2021-12-26T00:00:00+00:00
AIRFLOW_CTX_TRY_NUMBER=1
AIRFLOW_CTX_DAG_RUN_ID=scheduled__2021-12-26T00:00:00+00:00
[2023-06-07T06:36:54.941+0000] {subprocess.py:63} INFO - Tmp dir root location: 
 /tmp
[2023-06-07T06:36:54.943+0000] {subprocess.py:75} INFO - Running command: ['/bin/bash', '-c', 'echo hello world, this is the first task!']
[2023-06-07T06:36:55.041+0000] {subprocess.py:86} INFO - Output:
[2023-06-07T06:36:55.055+0000] {subprocess.py:93} INFO - hello world, this is the first task!
[2023-06-07T06:36:55.060+0000] {subprocess.py:97} INFO - Command exited with return code 0
[2023-06-07T06:36:55.249+0000] {taskinstance.py:1327} INFO - Marking task as SUCCESS. dag_id=our_first_dag_v5, task_id=first_task, execution_date=20211226T000000, start_date=20230607T063653, end_date=20230607T063655
[2023-06-07T06:36:55.589+0000] {local_task_job.py:159} INFO - Task exited with return code 0
[2023-06-07T06:36:55.810+0000] {taskinstance.py:2582} INFO - 2 downstream tasks scheduled from follow-on schedule check
