[2023-05-30T11:28:52.005+0000] {taskinstance.py:1087} INFO - Dependencies all met for <TaskInstance: our_first_dag_v5.second_task scheduled__2021-09-19T00:00:00+00:00 [queued]>
[2023-05-30T11:28:52.050+0000] {taskinstance.py:1087} INFO - Dependencies all met for <TaskInstance: our_first_dag_v5.second_task scheduled__2021-09-19T00:00:00+00:00 [queued]>
[2023-05-30T11:28:52.052+0000] {taskinstance.py:1283} INFO - 
--------------------------------------------------------------------------------
[2023-05-30T11:28:52.053+0000] {taskinstance.py:1284} INFO - Starting attempt 1 of 6
[2023-05-30T11:28:52.054+0000] {taskinstance.py:1285} INFO - 
--------------------------------------------------------------------------------
[2023-05-30T11:28:52.115+0000] {taskinstance.py:1304} INFO - Executing <Task(BashOperator): second_task> on 2021-09-19 00:00:00+00:00
[2023-05-30T11:28:52.125+0000] {standard_task_runner.py:55} INFO - Started process 2197 to run task
[2023-05-30T11:28:52.160+0000] {standard_task_runner.py:82} INFO - Running: ['***', 'tasks', 'run', 'our_first_dag_v5', 'second_task', 'scheduled__2021-09-19T00:00:00+00:00', '--job-id', '166', '--raw', '--subdir', 'DAGS_FOLDER/first_Dag.py', '--cfg-path', '/tmp/tmpwzzcikb6']
[2023-05-30T11:28:52.164+0000] {standard_task_runner.py:83} INFO - Job 166: Subtask second_task
[2023-05-30T11:28:52.444+0000] {task_command.py:389} INFO - Running <TaskInstance: our_first_dag_v5.second_task scheduled__2021-09-19T00:00:00+00:00 [running]> on host 49219f98c96e
[2023-05-30T11:28:52.723+0000] {taskinstance.py:1513} INFO - Exporting the following env vars:
AIRFLOW_CTX_DAG_OWNER=coder2j
AIRFLOW_CTX_DAG_ID=our_first_dag_v5
AIRFLOW_CTX_TASK_ID=second_task
AIRFLOW_CTX_EXECUTION_DATE=2021-09-19T00:00:00+00:00
AIRFLOW_CTX_TRY_NUMBER=1
AIRFLOW_CTX_DAG_RUN_ID=scheduled__2021-09-19T00:00:00+00:00
[2023-05-30T11:28:52.727+0000] {subprocess.py:63} INFO - Tmp dir root location: 
 /tmp
[2023-05-30T11:28:52.734+0000] {subprocess.py:75} INFO - Running command: ['/bin/bash', '-c', 'echo hey, I am task2 and will be running after task1!']
[2023-05-30T11:28:52.790+0000] {subprocess.py:86} INFO - Output:
[2023-05-30T11:28:52.792+0000] {subprocess.py:93} INFO - hey, I am task2 and will be running after task1!
[2023-05-30T11:28:52.794+0000] {subprocess.py:97} INFO - Command exited with return code 0
[2023-05-30T11:28:52.856+0000] {taskinstance.py:1327} INFO - Marking task as SUCCESS. dag_id=our_first_dag_v5, task_id=second_task, execution_date=20210919T000000, start_date=20230530T112852, end_date=20230530T112852
[2023-05-30T11:28:52.931+0000] {local_task_job.py:159} INFO - Task exited with return code 0
[2023-05-30T11:28:52.960+0000] {taskinstance.py:2582} INFO - 0 downstream tasks scheduled from follow-on schedule check
[2023-06-07T06:32:47.981+0000] {taskinstance.py:1087} INFO - Dependencies all met for <TaskInstance: our_first_dag_v5.second_task scheduled__2021-09-19T00:00:00+00:00 [queued]>
[2023-06-07T06:32:48.092+0000] {taskinstance.py:1087} INFO - Dependencies all met for <TaskInstance: our_first_dag_v5.second_task scheduled__2021-09-19T00:00:00+00:00 [queued]>
[2023-06-07T06:32:48.094+0000] {taskinstance.py:1283} INFO - 
--------------------------------------------------------------------------------
[2023-06-07T06:32:48.096+0000] {taskinstance.py:1284} INFO - Starting attempt 1 of 6
[2023-06-07T06:32:48.097+0000] {taskinstance.py:1285} INFO - 
--------------------------------------------------------------------------------
[2023-06-07T06:32:48.209+0000] {taskinstance.py:1304} INFO - Executing <Task(BashOperator): second_task> on 2021-09-19 00:00:00+00:00
[2023-06-07T06:32:48.277+0000] {standard_task_runner.py:82} INFO - Running: ['***', 'tasks', 'run', 'our_first_dag_v5', 'second_task', 'scheduled__2021-09-19T00:00:00+00:00', '--job-id', '1309', '--raw', '--subdir', 'DAGS_FOLDER/first_Dag.py', '--cfg-path', '/tmp/tmppgwue6sc']
[2023-06-07T06:32:48.291+0000] {standard_task_runner.py:83} INFO - Job 1309: Subtask second_task
[2023-06-07T06:32:48.258+0000] {standard_task_runner.py:55} INFO - Started process 1269 to run task
[2023-06-07T06:32:48.805+0000] {task_command.py:389} INFO - Running <TaskInstance: our_first_dag_v5.second_task scheduled__2021-09-19T00:00:00+00:00 [running]> on host 026ed797f3b3
[2023-06-07T06:32:49.106+0000] {taskinstance.py:1513} INFO - Exporting the following env vars:
AIRFLOW_CTX_DAG_OWNER=coder2j
AIRFLOW_CTX_DAG_ID=our_first_dag_v5
AIRFLOW_CTX_TASK_ID=second_task
AIRFLOW_CTX_EXECUTION_DATE=2021-09-19T00:00:00+00:00
AIRFLOW_CTX_TRY_NUMBER=1
AIRFLOW_CTX_DAG_RUN_ID=scheduled__2021-09-19T00:00:00+00:00
[2023-06-07T06:32:49.114+0000] {subprocess.py:63} INFO - Tmp dir root location: 
 /tmp
[2023-06-07T06:32:49.117+0000] {subprocess.py:75} INFO - Running command: ['/bin/bash', '-c', 'echo hey, I am task2 and will be running after task1!']
[2023-06-07T06:32:49.148+0000] {subprocess.py:86} INFO - Output:
[2023-06-07T06:32:49.161+0000] {subprocess.py:93} INFO - hey, I am task2 and will be running after task1!
[2023-06-07T06:32:49.170+0000] {subprocess.py:97} INFO - Command exited with return code 0
[2023-06-07T06:32:49.287+0000] {taskinstance.py:1327} INFO - Marking task as SUCCESS. dag_id=our_first_dag_v5, task_id=second_task, execution_date=20210919T000000, start_date=20230607T063248, end_date=20230607T063249
[2023-06-07T06:32:49.388+0000] {local_task_job.py:159} INFO - Task exited with return code 0
[2023-06-07T06:32:49.496+0000] {taskinstance.py:2582} INFO - 0 downstream tasks scheduled from follow-on schedule check
