[2023-05-30T12:32:11.736+0000] {taskinstance.py:1087} INFO - Dependencies all met for <TaskInstance: our_dag_with_python_operator_v07.get_age scheduled__2022-02-03T00:00:00+00:00 [queued]>
[2023-05-30T12:32:11.762+0000] {taskinstance.py:1087} INFO - Dependencies all met for <TaskInstance: our_dag_with_python_operator_v07.get_age scheduled__2022-02-03T00:00:00+00:00 [queued]>
[2023-05-30T12:32:11.767+0000] {taskinstance.py:1283} INFO - 
--------------------------------------------------------------------------------
[2023-05-30T12:32:11.772+0000] {taskinstance.py:1284} INFO - Starting attempt 1 of 6
[2023-05-30T12:32:11.774+0000] {taskinstance.py:1285} INFO - 
--------------------------------------------------------------------------------
[2023-05-30T12:32:11.941+0000] {taskinstance.py:1304} INFO - Executing <Task(PythonOperator): get_age> on 2022-02-03 00:00:00+00:00
[2023-05-30T12:32:11.952+0000] {standard_task_runner.py:55} INFO - Started process 9996 to run task
[2023-05-30T12:32:11.966+0000] {standard_task_runner.py:82} INFO - Running: ['***', 'tasks', 'run', 'our_dag_with_python_operator_v07', 'get_age', 'scheduled__2022-02-03T00:00:00+00:00', '--job-id', '1477', '--raw', '--subdir', 'DAGS_FOLDER/dag_python_opr.py', '--cfg-path', '/tmp/tmpj_cs5n5z']
[2023-05-30T12:32:11.969+0000] {standard_task_runner.py:83} INFO - Job 1477: Subtask get_age
[2023-05-30T12:32:12.261+0000] {task_command.py:389} INFO - Running <TaskInstance: our_dag_with_python_operator_v07.get_age scheduled__2022-02-03T00:00:00+00:00 [running]> on host 49219f98c96e
[2023-05-30T12:32:12.494+0000] {taskinstance.py:1513} INFO - Exporting the following env vars:
AIRFLOW_CTX_DAG_OWNER=coder2j
AIRFLOW_CTX_DAG_ID=our_dag_with_python_operator_v07
AIRFLOW_CTX_TASK_ID=get_age
AIRFLOW_CTX_EXECUTION_DATE=2022-02-03T00:00:00+00:00
AIRFLOW_CTX_TRY_NUMBER=1
AIRFLOW_CTX_DAG_RUN_ID=scheduled__2022-02-03T00:00:00+00:00
[2023-05-30T12:32:12.563+0000] {python.py:177} INFO - Done. Returned value was: None
[2023-05-30T12:32:12.603+0000] {taskinstance.py:1327} INFO - Marking task as SUCCESS. dag_id=our_dag_with_python_operator_v07, task_id=get_age, execution_date=20220203T000000, start_date=20230530T123211, end_date=20230530T123212
[2023-05-30T12:32:12.712+0000] {local_task_job.py:159} INFO - Task exited with return code 0
[2023-05-30T12:32:12.806+0000] {taskinstance.py:2582} INFO - 1 downstream tasks scheduled from follow-on schedule check
[2023-06-07T06:34:59.909+0000] {taskinstance.py:1087} INFO - Dependencies all met for <TaskInstance: our_dag_with_python_operator_v07.get_age scheduled__2022-02-03T00:00:00+00:00 [queued]>
[2023-06-07T06:34:59.957+0000] {taskinstance.py:1087} INFO - Dependencies all met for <TaskInstance: our_dag_with_python_operator_v07.get_age scheduled__2022-02-03T00:00:00+00:00 [queued]>
[2023-06-07T06:34:59.960+0000] {taskinstance.py:1283} INFO - 
--------------------------------------------------------------------------------
[2023-06-07T06:34:59.962+0000] {taskinstance.py:1284} INFO - Starting attempt 1 of 6
[2023-06-07T06:34:59.965+0000] {taskinstance.py:1285} INFO - 
--------------------------------------------------------------------------------
[2023-06-07T06:35:00.293+0000] {taskinstance.py:1304} INFO - Executing <Task(PythonOperator): get_age> on 2022-02-03 00:00:00+00:00
[2023-06-07T06:35:00.335+0000] {standard_task_runner.py:82} INFO - Running: ['***', 'tasks', 'run', 'our_dag_with_python_operator_v07', 'get_age', 'scheduled__2022-02-03T00:00:00+00:00', '--job-id', '1653', '--raw', '--subdir', 'DAGS_FOLDER/dag_python_opr.py', '--cfg-path', '/tmp/tmpn29m5e1o']
[2023-06-07T06:35:00.340+0000] {standard_task_runner.py:83} INFO - Job 1653: Subtask get_age
[2023-06-07T06:35:00.321+0000] {standard_task_runner.py:55} INFO - Started process 2197 to run task
[2023-06-07T06:35:00.891+0000] {task_command.py:389} INFO - Running <TaskInstance: our_dag_with_python_operator_v07.get_age scheduled__2022-02-03T00:00:00+00:00 [running]> on host 026ed797f3b3
[2023-06-07T06:35:01.441+0000] {taskinstance.py:1513} INFO - Exporting the following env vars:
AIRFLOW_CTX_DAG_OWNER=coder2j
AIRFLOW_CTX_DAG_ID=our_dag_with_python_operator_v07
AIRFLOW_CTX_TASK_ID=get_age
AIRFLOW_CTX_EXECUTION_DATE=2022-02-03T00:00:00+00:00
AIRFLOW_CTX_TRY_NUMBER=1
AIRFLOW_CTX_DAG_RUN_ID=scheduled__2022-02-03T00:00:00+00:00
[2023-06-07T06:35:01.557+0000] {python.py:177} INFO - Done. Returned value was: None
[2023-06-07T06:35:01.653+0000] {taskinstance.py:1327} INFO - Marking task as SUCCESS. dag_id=our_dag_with_python_operator_v07, task_id=get_age, execution_date=20220203T000000, start_date=20230607T063459, end_date=20230607T063501
[2023-06-07T06:35:01.876+0000] {local_task_job.py:159} INFO - Task exited with return code 0
[2023-06-07T06:35:02.191+0000] {taskinstance.py:2582} INFO - 0 downstream tasks scheduled from follow-on schedule check
