[2023-05-30T11:30:06.429+0000] {taskinstance.py:1087} INFO - Dependencies all met for <TaskInstance: our_first_dag_v5.first_task scheduled__2021-12-01T00:00:00+00:00 [queued]>
[2023-05-30T11:30:06.444+0000] {taskinstance.py:1087} INFO - Dependencies all met for <TaskInstance: our_first_dag_v5.first_task scheduled__2021-12-01T00:00:00+00:00 [queued]>
[2023-05-30T11:30:06.446+0000] {taskinstance.py:1283} INFO - 
--------------------------------------------------------------------------------
[2023-05-30T11:30:06.448+0000] {taskinstance.py:1284} INFO - Starting attempt 1 of 6
[2023-05-30T11:30:06.449+0000] {taskinstance.py:1285} INFO - 
--------------------------------------------------------------------------------
[2023-05-30T11:30:06.468+0000] {taskinstance.py:1304} INFO - Executing <Task(BashOperator): first_task> on 2021-12-01 00:00:00+00:00
[2023-05-30T11:30:06.475+0000] {standard_task_runner.py:55} INFO - Started process 2904 to run task
[2023-05-30T11:30:06.481+0000] {standard_task_runner.py:82} INFO - Running: ['***', 'tasks', 'run', 'our_first_dag_v5', 'first_task', 'scheduled__2021-12-01T00:00:00+00:00', '--job-id', '378', '--raw', '--subdir', 'DAGS_FOLDER/first_Dag.py', '--cfg-path', '/tmp/tmpvjkrccp6']
[2023-05-30T11:30:06.482+0000] {standard_task_runner.py:83} INFO - Job 378: Subtask first_task
[2023-05-30T11:30:06.576+0000] {task_command.py:389} INFO - Running <TaskInstance: our_first_dag_v5.first_task scheduled__2021-12-01T00:00:00+00:00 [running]> on host 49219f98c96e
[2023-05-30T11:30:06.679+0000] {taskinstance.py:1513} INFO - Exporting the following env vars:
AIRFLOW_CTX_DAG_OWNER=coder2j
AIRFLOW_CTX_DAG_ID=our_first_dag_v5
AIRFLOW_CTX_TASK_ID=first_task
AIRFLOW_CTX_EXECUTION_DATE=2021-12-01T00:00:00+00:00
AIRFLOW_CTX_TRY_NUMBER=1
AIRFLOW_CTX_DAG_RUN_ID=scheduled__2021-12-01T00:00:00+00:00
[2023-05-30T11:30:06.682+0000] {subprocess.py:63} INFO - Tmp dir root location: 
 /tmp
[2023-05-30T11:30:06.684+0000] {subprocess.py:75} INFO - Running command: ['/bin/bash', '-c', 'echo hello world, this is the first task!']
[2023-05-30T11:30:06.701+0000] {subprocess.py:86} INFO - Output:
[2023-05-30T11:30:06.703+0000] {subprocess.py:93} INFO - hello world, this is the first task!
[2023-05-30T11:30:06.705+0000] {subprocess.py:97} INFO - Command exited with return code 0
[2023-05-30T11:30:06.744+0000] {taskinstance.py:1327} INFO - Marking task as SUCCESS. dag_id=our_first_dag_v5, task_id=first_task, execution_date=20211201T000000, start_date=20230530T113006, end_date=20230530T113006
[2023-05-30T11:30:06.774+0000] {local_task_job.py:159} INFO - Task exited with return code 0
[2023-05-30T11:30:06.806+0000] {taskinstance.py:2582} INFO - 2 downstream tasks scheduled from follow-on schedule check
[2023-06-07T06:35:37.600+0000] {taskinstance.py:1087} INFO - Dependencies all met for <TaskInstance: our_first_dag_v5.first_task scheduled__2021-12-01T00:00:00+00:00 [queued]>
[2023-06-07T06:35:37.670+0000] {taskinstance.py:1087} INFO - Dependencies all met for <TaskInstance: our_first_dag_v5.first_task scheduled__2021-12-01T00:00:00+00:00 [queued]>
[2023-06-07T06:35:37.672+0000] {taskinstance.py:1283} INFO - 
--------------------------------------------------------------------------------
[2023-06-07T06:35:37.674+0000] {taskinstance.py:1284} INFO - Starting attempt 1 of 6
[2023-06-07T06:35:37.676+0000] {taskinstance.py:1285} INFO - 
--------------------------------------------------------------------------------
[2023-06-07T06:35:37.829+0000] {taskinstance.py:1304} INFO - Executing <Task(BashOperator): first_task> on 2021-12-01 00:00:00+00:00
[2023-06-07T06:35:37.860+0000] {standard_task_runner.py:55} INFO - Started process 2484 to run task
[2023-06-07T06:35:37.913+0000] {standard_task_runner.py:82} INFO - Running: ['***', 'tasks', 'run', 'our_first_dag_v5', 'first_task', 'scheduled__2021-12-01T00:00:00+00:00', '--job-id', '1757', '--raw', '--subdir', 'DAGS_FOLDER/first_Dag.py', '--cfg-path', '/tmp/tmpcs41y9ml']
[2023-06-07T06:35:37.921+0000] {standard_task_runner.py:83} INFO - Job 1757: Subtask first_task
[2023-06-07T06:35:38.285+0000] {task_command.py:389} INFO - Running <TaskInstance: our_first_dag_v5.first_task scheduled__2021-12-01T00:00:00+00:00 [running]> on host 026ed797f3b3
[2023-06-07T06:35:38.769+0000] {taskinstance.py:1513} INFO - Exporting the following env vars:
AIRFLOW_CTX_DAG_OWNER=coder2j
AIRFLOW_CTX_DAG_ID=our_first_dag_v5
AIRFLOW_CTX_TASK_ID=first_task
AIRFLOW_CTX_EXECUTION_DATE=2021-12-01T00:00:00+00:00
AIRFLOW_CTX_TRY_NUMBER=1
AIRFLOW_CTX_DAG_RUN_ID=scheduled__2021-12-01T00:00:00+00:00
[2023-06-07T06:35:38.779+0000] {subprocess.py:63} INFO - Tmp dir root location: 
 /tmp
[2023-06-07T06:35:38.785+0000] {subprocess.py:75} INFO - Running command: ['/bin/bash', '-c', 'echo hello world, this is the first task!']
[2023-06-07T06:35:38.896+0000] {subprocess.py:86} INFO - Output:
[2023-06-07T06:35:38.910+0000] {subprocess.py:93} INFO - hello world, this is the first task!
[2023-06-07T06:35:38.916+0000] {subprocess.py:97} INFO - Command exited with return code 0
[2023-06-07T06:35:39.116+0000] {taskinstance.py:1327} INFO - Marking task as SUCCESS. dag_id=our_first_dag_v5, task_id=first_task, execution_date=20211201T000000, start_date=20230607T063537, end_date=20230607T063539
[2023-06-07T06:35:39.312+0000] {local_task_job.py:159} INFO - Task exited with return code 0
[2023-06-07T06:35:39.646+0000] {taskinstance.py:2582} INFO - 0 downstream tasks scheduled from follow-on schedule check
