[2023-05-30T11:29:31.330+0000] {taskinstance.py:1087} INFO - Dependencies all met for <TaskInstance: our_first_dag_v5.first_task scheduled__2021-11-02T00:00:00+00:00 [queued]>
[2023-05-30T11:29:31.376+0000] {taskinstance.py:1087} INFO - Dependencies all met for <TaskInstance: our_first_dag_v5.first_task scheduled__2021-11-02T00:00:00+00:00 [queued]>
[2023-05-30T11:29:31.381+0000] {taskinstance.py:1283} INFO - 
--------------------------------------------------------------------------------
[2023-05-30T11:29:31.389+0000] {taskinstance.py:1284} INFO - Starting attempt 1 of 6
[2023-05-30T11:29:31.392+0000] {taskinstance.py:1285} INFO - 
--------------------------------------------------------------------------------
[2023-05-30T11:29:31.459+0000] {taskinstance.py:1304} INFO - Executing <Task(BashOperator): first_task> on 2021-11-02 00:00:00+00:00
[2023-05-30T11:29:31.483+0000] {standard_task_runner.py:55} INFO - Started process 2594 to run task
[2023-05-30T11:29:31.499+0000] {standard_task_runner.py:82} INFO - Running: ['***', 'tasks', 'run', 'our_first_dag_v5', 'first_task', 'scheduled__2021-11-02T00:00:00+00:00', '--job-id', '283', '--raw', '--subdir', 'DAGS_FOLDER/first_Dag.py', '--cfg-path', '/tmp/tmpgsmnnro2']
[2023-05-30T11:29:31.501+0000] {standard_task_runner.py:83} INFO - Job 283: Subtask first_task
[2023-05-30T11:29:31.756+0000] {task_command.py:389} INFO - Running <TaskInstance: our_first_dag_v5.first_task scheduled__2021-11-02T00:00:00+00:00 [running]> on host 49219f98c96e
[2023-05-30T11:29:31.977+0000] {taskinstance.py:1513} INFO - Exporting the following env vars:
AIRFLOW_CTX_DAG_OWNER=coder2j
AIRFLOW_CTX_DAG_ID=our_first_dag_v5
AIRFLOW_CTX_TASK_ID=first_task
AIRFLOW_CTX_EXECUTION_DATE=2021-11-02T00:00:00+00:00
AIRFLOW_CTX_TRY_NUMBER=1
AIRFLOW_CTX_DAG_RUN_ID=scheduled__2021-11-02T00:00:00+00:00
[2023-05-30T11:29:31.981+0000] {subprocess.py:63} INFO - Tmp dir root location: 
 /tmp
[2023-05-30T11:29:31.985+0000] {subprocess.py:75} INFO - Running command: ['/bin/bash', '-c', 'echo hello world, this is the first task!']
[2023-05-30T11:29:32.091+0000] {subprocess.py:86} INFO - Output:
[2023-05-30T11:29:32.093+0000] {subprocess.py:93} INFO - hello world, this is the first task!
[2023-05-30T11:29:32.097+0000] {subprocess.py:97} INFO - Command exited with return code 0
[2023-05-30T11:29:32.186+0000] {taskinstance.py:1327} INFO - Marking task as SUCCESS. dag_id=our_first_dag_v5, task_id=first_task, execution_date=20211102T000000, start_date=20230530T112931, end_date=20230530T112932
[2023-05-30T11:29:32.279+0000] {local_task_job.py:159} INFO - Task exited with return code 0
[2023-05-30T11:29:32.340+0000] {taskinstance.py:2582} INFO - 2 downstream tasks scheduled from follow-on schedule check
[2023-06-07T06:34:23.539+0000] {taskinstance.py:1087} INFO - Dependencies all met for <TaskInstance: our_first_dag_v5.first_task scheduled__2021-11-02T00:00:00+00:00 [queued]>
[2023-06-07T06:34:23.701+0000] {taskinstance.py:1087} INFO - Dependencies all met for <TaskInstance: our_first_dag_v5.first_task scheduled__2021-11-02T00:00:00+00:00 [queued]>
[2023-06-07T06:34:23.705+0000] {taskinstance.py:1283} INFO - 
--------------------------------------------------------------------------------
[2023-06-07T06:34:23.711+0000] {taskinstance.py:1284} INFO - Starting attempt 1 of 6
[2023-06-07T06:34:23.713+0000] {taskinstance.py:1285} INFO - 
--------------------------------------------------------------------------------
[2023-06-07T06:34:23.945+0000] {taskinstance.py:1304} INFO - Executing <Task(BashOperator): first_task> on 2021-11-02 00:00:00+00:00
[2023-06-07T06:34:24.016+0000] {standard_task_runner.py:55} INFO - Started process 1971 to run task
[2023-06-07T06:34:24.118+0000] {standard_task_runner.py:82} INFO - Running: ['***', 'tasks', 'run', 'our_first_dag_v5', 'first_task', 'scheduled__2021-11-02T00:00:00+00:00', '--job-id', '1570', '--raw', '--subdir', 'DAGS_FOLDER/first_Dag.py', '--cfg-path', '/tmp/tmprlygz5xb']
[2023-06-07T06:34:24.129+0000] {standard_task_runner.py:83} INFO - Job 1570: Subtask first_task
[2023-06-07T06:34:24.837+0000] {task_command.py:389} INFO - Running <TaskInstance: our_first_dag_v5.first_task scheduled__2021-11-02T00:00:00+00:00 [running]> on host 026ed797f3b3
[2023-06-07T06:34:25.315+0000] {taskinstance.py:1513} INFO - Exporting the following env vars:
AIRFLOW_CTX_DAG_OWNER=coder2j
AIRFLOW_CTX_DAG_ID=our_first_dag_v5
AIRFLOW_CTX_TASK_ID=first_task
AIRFLOW_CTX_EXECUTION_DATE=2021-11-02T00:00:00+00:00
AIRFLOW_CTX_TRY_NUMBER=1
AIRFLOW_CTX_DAG_RUN_ID=scheduled__2021-11-02T00:00:00+00:00
[2023-06-07T06:34:25.323+0000] {subprocess.py:63} INFO - Tmp dir root location: 
 /tmp
[2023-06-07T06:34:25.326+0000] {subprocess.py:75} INFO - Running command: ['/bin/bash', '-c', 'echo hello world, this is the first task!']
[2023-06-07T06:34:25.415+0000] {subprocess.py:86} INFO - Output:
[2023-06-07T06:34:25.463+0000] {subprocess.py:93} INFO - hello world, this is the first task!
[2023-06-07T06:34:25.482+0000] {subprocess.py:97} INFO - Command exited with return code 0
[2023-06-07T06:34:25.680+0000] {taskinstance.py:1327} INFO - Marking task as SUCCESS. dag_id=our_first_dag_v5, task_id=first_task, execution_date=20211102T000000, start_date=20230607T063423, end_date=20230607T063425
[2023-06-07T06:34:26.013+0000] {local_task_job.py:159} INFO - Task exited with return code 0
[2023-06-07T06:34:26.354+0000] {taskinstance.py:2582} INFO - 2 downstream tasks scheduled from follow-on schedule check
