[2023-05-30T11:37:34.963+0000] {taskinstance.py:1087} INFO - Dependencies all met for <TaskInstance: our_dag_with_python_operator_v07.get_name scheduled__2021-12-16T00:00:00+00:00 [queued]>
[2023-05-30T11:37:34.990+0000] {taskinstance.py:1087} INFO - Dependencies all met for <TaskInstance: our_dag_with_python_operator_v07.get_name scheduled__2021-12-16T00:00:00+00:00 [queued]>
[2023-05-30T11:37:34.992+0000] {taskinstance.py:1283} INFO - 
--------------------------------------------------------------------------------
[2023-05-30T11:37:35.000+0000] {taskinstance.py:1284} INFO - Starting attempt 1 of 6
[2023-05-30T11:37:35.004+0000] {taskinstance.py:1285} INFO - 
--------------------------------------------------------------------------------
[2023-05-30T11:37:35.060+0000] {taskinstance.py:1304} INFO - Executing <Task(PythonOperator): get_name> on 2021-12-16 00:00:00+00:00
[2023-05-30T11:37:35.087+0000] {standard_task_runner.py:55} INFO - Started process 5990 to run task
[2023-05-30T11:37:35.093+0000] {standard_task_runner.py:82} INFO - Running: ['***', 'tasks', 'run', 'our_dag_with_python_operator_v07', 'get_name', 'scheduled__2021-12-16T00:00:00+00:00', '--job-id', '1327', '--raw', '--subdir', 'DAGS_FOLDER/dag_python_opr.py', '--cfg-path', '/tmp/tmpymwx2u3a']
[2023-05-30T11:37:35.099+0000] {standard_task_runner.py:83} INFO - Job 1327: Subtask get_name
[2023-05-30T11:37:35.459+0000] {task_command.py:389} INFO - Running <TaskInstance: our_dag_with_python_operator_v07.get_name scheduled__2021-12-16T00:00:00+00:00 [running]> on host 49219f98c96e
[2023-05-30T11:37:35.755+0000] {taskinstance.py:1513} INFO - Exporting the following env vars:
AIRFLOW_CTX_DAG_OWNER=coder2j
AIRFLOW_CTX_DAG_ID=our_dag_with_python_operator_v07
AIRFLOW_CTX_TASK_ID=get_name
AIRFLOW_CTX_EXECUTION_DATE=2021-12-16T00:00:00+00:00
AIRFLOW_CTX_TRY_NUMBER=1
AIRFLOW_CTX_DAG_RUN_ID=scheduled__2021-12-16T00:00:00+00:00
[2023-05-30T11:37:35.843+0000] {python.py:177} INFO - Done. Returned value was: None
[2023-05-30T11:37:35.877+0000] {taskinstance.py:1327} INFO - Marking task as SUCCESS. dag_id=our_dag_with_python_operator_v07, task_id=get_name, execution_date=20211216T000000, start_date=20230530T113734, end_date=20230530T113735
[2023-05-30T11:37:35.999+0000] {local_task_job.py:159} INFO - Task exited with return code 0
[2023-05-30T11:37:36.160+0000] {taskinstance.py:2582} INFO - 0 downstream tasks scheduled from follow-on schedule check
[2023-06-07T06:33:10.861+0000] {taskinstance.py:1087} INFO - Dependencies all met for <TaskInstance: our_dag_with_python_operator_v07.get_name scheduled__2021-12-16T00:00:00+00:00 [queued]>
[2023-06-07T06:33:10.914+0000] {taskinstance.py:1087} INFO - Dependencies all met for <TaskInstance: our_dag_with_python_operator_v07.get_name scheduled__2021-12-16T00:00:00+00:00 [queued]>
[2023-06-07T06:33:10.919+0000] {taskinstance.py:1283} INFO - 
--------------------------------------------------------------------------------
[2023-06-07T06:33:10.920+0000] {taskinstance.py:1284} INFO - Starting attempt 1 of 6
[2023-06-07T06:33:10.922+0000] {taskinstance.py:1285} INFO - 
--------------------------------------------------------------------------------
[2023-06-07T06:33:11.068+0000] {taskinstance.py:1304} INFO - Executing <Task(PythonOperator): get_name> on 2021-12-16 00:00:00+00:00
[2023-06-07T06:33:11.088+0000] {standard_task_runner.py:55} INFO - Started process 1472 to run task
[2023-06-07T06:33:11.121+0000] {standard_task_runner.py:82} INFO - Running: ['***', 'tasks', 'run', 'our_dag_with_python_operator_v07', 'get_name', 'scheduled__2021-12-16T00:00:00+00:00', '--job-id', '1387', '--raw', '--subdir', 'DAGS_FOLDER/dag_python_opr.py', '--cfg-path', '/tmp/tmpvpl0yb0u']
[2023-06-07T06:33:11.124+0000] {standard_task_runner.py:83} INFO - Job 1387: Subtask get_name
[2023-06-07T06:33:11.837+0000] {task_command.py:389} INFO - Running <TaskInstance: our_dag_with_python_operator_v07.get_name scheduled__2021-12-16T00:00:00+00:00 [running]> on host 026ed797f3b3
[2023-06-07T06:33:12.245+0000] {taskinstance.py:1513} INFO - Exporting the following env vars:
AIRFLOW_CTX_DAG_OWNER=coder2j
AIRFLOW_CTX_DAG_ID=our_dag_with_python_operator_v07
AIRFLOW_CTX_TASK_ID=get_name
AIRFLOW_CTX_EXECUTION_DATE=2021-12-16T00:00:00+00:00
AIRFLOW_CTX_TRY_NUMBER=1
AIRFLOW_CTX_DAG_RUN_ID=scheduled__2021-12-16T00:00:00+00:00
[2023-06-07T06:33:12.402+0000] {python.py:177} INFO - Done. Returned value was: None
[2023-06-07T06:33:12.461+0000] {taskinstance.py:1327} INFO - Marking task as SUCCESS. dag_id=our_dag_with_python_operator_v07, task_id=get_name, execution_date=20211216T000000, start_date=20230607T063310, end_date=20230607T063312
[2023-06-07T06:33:12.658+0000] {local_task_job.py:159} INFO - Task exited with return code 0
[2023-06-07T06:33:12.772+0000] {taskinstance.py:2582} INFO - 1 downstream tasks scheduled from follow-on schedule check
