[2023-05-30T11:30:09.158+0000] {taskinstance.py:1087} INFO - Dependencies all met for <TaskInstance: our_first_dag_v5.first_task scheduled__2021-12-04T00:00:00+00:00 [queued]>
[2023-05-30T11:30:09.193+0000] {taskinstance.py:1087} INFO - Dependencies all met for <TaskInstance: our_first_dag_v5.first_task scheduled__2021-12-04T00:00:00+00:00 [queued]>
[2023-05-30T11:30:09.194+0000] {taskinstance.py:1283} INFO - 
--------------------------------------------------------------------------------
[2023-05-30T11:30:09.195+0000] {taskinstance.py:1284} INFO - Starting attempt 1 of 6
[2023-05-30T11:30:09.197+0000] {taskinstance.py:1285} INFO - 
--------------------------------------------------------------------------------
[2023-05-30T11:30:09.280+0000] {taskinstance.py:1304} INFO - Executing <Task(BashOperator): first_task> on 2021-12-04 00:00:00+00:00
[2023-05-30T11:30:09.294+0000] {standard_task_runner.py:55} INFO - Started process 2933 to run task
[2023-05-30T11:30:09.322+0000] {standard_task_runner.py:82} INFO - Running: ['***', 'tasks', 'run', 'our_first_dag_v5', 'first_task', 'scheduled__2021-12-04T00:00:00+00:00', '--job-id', '383', '--raw', '--subdir', 'DAGS_FOLDER/first_Dag.py', '--cfg-path', '/tmp/tmp_l59x_5u']
[2023-05-30T11:30:09.325+0000] {standard_task_runner.py:83} INFO - Job 383: Subtask first_task
[2023-05-30T11:30:09.563+0000] {task_command.py:389} INFO - Running <TaskInstance: our_first_dag_v5.first_task scheduled__2021-12-04T00:00:00+00:00 [running]> on host 49219f98c96e
[2023-05-30T11:30:09.839+0000] {taskinstance.py:1513} INFO - Exporting the following env vars:
AIRFLOW_CTX_DAG_OWNER=coder2j
AIRFLOW_CTX_DAG_ID=our_first_dag_v5
AIRFLOW_CTX_TASK_ID=first_task
AIRFLOW_CTX_EXECUTION_DATE=2021-12-04T00:00:00+00:00
AIRFLOW_CTX_TRY_NUMBER=1
AIRFLOW_CTX_DAG_RUN_ID=scheduled__2021-12-04T00:00:00+00:00
[2023-05-30T11:30:09.843+0000] {subprocess.py:63} INFO - Tmp dir root location: 
 /tmp
[2023-05-30T11:30:09.845+0000] {subprocess.py:75} INFO - Running command: ['/bin/bash', '-c', 'echo hello world, this is the first task!']
[2023-05-30T11:30:09.896+0000] {subprocess.py:86} INFO - Output:
[2023-05-30T11:30:09.901+0000] {subprocess.py:93} INFO - hello world, this is the first task!
[2023-05-30T11:30:09.903+0000] {subprocess.py:97} INFO - Command exited with return code 0
[2023-05-30T11:30:09.963+0000] {taskinstance.py:1327} INFO - Marking task as SUCCESS. dag_id=our_first_dag_v5, task_id=first_task, execution_date=20211204T000000, start_date=20230530T113009, end_date=20230530T113009
[2023-05-30T11:30:10.048+0000] {local_task_job.py:159} INFO - Task exited with return code 0
[2023-05-30T11:30:10.123+0000] {taskinstance.py:2582} INFO - 2 downstream tasks scheduled from follow-on schedule check
[2023-06-07T06:35:51.162+0000] {taskinstance.py:1087} INFO - Dependencies all met for <TaskInstance: our_first_dag_v5.first_task scheduled__2021-12-04T00:00:00+00:00 [queued]>
[2023-06-07T06:35:51.399+0000] {taskinstance.py:1087} INFO - Dependencies all met for <TaskInstance: our_first_dag_v5.first_task scheduled__2021-12-04T00:00:00+00:00 [queued]>
[2023-06-07T06:35:51.404+0000] {taskinstance.py:1283} INFO - 
--------------------------------------------------------------------------------
[2023-06-07T06:35:51.405+0000] {taskinstance.py:1284} INFO - Starting attempt 1 of 6
[2023-06-07T06:35:51.408+0000] {taskinstance.py:1285} INFO - 
--------------------------------------------------------------------------------
[2023-06-07T06:35:51.762+0000] {taskinstance.py:1304} INFO - Executing <Task(BashOperator): first_task> on 2021-12-04 00:00:00+00:00
[2023-06-07T06:35:51.805+0000] {standard_task_runner.py:55} INFO - Started process 2557 to run task
[2023-06-07T06:35:51.847+0000] {standard_task_runner.py:82} INFO - Running: ['***', 'tasks', 'run', 'our_first_dag_v5', 'first_task', 'scheduled__2021-12-04T00:00:00+00:00', '--job-id', '1780', '--raw', '--subdir', 'DAGS_FOLDER/first_Dag.py', '--cfg-path', '/tmp/tmpetqvhoet']
[2023-06-07T06:35:51.857+0000] {standard_task_runner.py:83} INFO - Job 1780: Subtask first_task
[2023-06-07T06:35:52.373+0000] {task_command.py:389} INFO - Running <TaskInstance: our_first_dag_v5.first_task scheduled__2021-12-04T00:00:00+00:00 [running]> on host 026ed797f3b3
[2023-06-07T06:35:53.439+0000] {taskinstance.py:1513} INFO - Exporting the following env vars:
AIRFLOW_CTX_DAG_OWNER=coder2j
AIRFLOW_CTX_DAG_ID=our_first_dag_v5
AIRFLOW_CTX_TASK_ID=first_task
AIRFLOW_CTX_EXECUTION_DATE=2021-12-04T00:00:00+00:00
AIRFLOW_CTX_TRY_NUMBER=1
AIRFLOW_CTX_DAG_RUN_ID=scheduled__2021-12-04T00:00:00+00:00
[2023-06-07T06:35:53.451+0000] {subprocess.py:63} INFO - Tmp dir root location: 
 /tmp
[2023-06-07T06:35:53.457+0000] {subprocess.py:75} INFO - Running command: ['/bin/bash', '-c', 'echo hello world, this is the first task!']
[2023-06-07T06:35:53.703+0000] {subprocess.py:86} INFO - Output:
[2023-06-07T06:35:53.734+0000] {subprocess.py:93} INFO - hello world, this is the first task!
[2023-06-07T06:35:53.757+0000] {subprocess.py:97} INFO - Command exited with return code 0
[2023-06-07T06:35:53.922+0000] {taskinstance.py:1327} INFO - Marking task as SUCCESS. dag_id=our_first_dag_v5, task_id=first_task, execution_date=20211204T000000, start_date=20230607T063551, end_date=20230607T063553
[2023-06-07T06:35:54.025+0000] {local_task_job.py:159} INFO - Task exited with return code 0
[2023-06-07T06:35:54.147+0000] {taskinstance.py:2582} INFO - 2 downstream tasks scheduled from follow-on schedule check
