[2023-05-30T11:28:05.753+0000] {taskinstance.py:1087} INFO - Dependencies all met for <TaskInstance: our_first_dag_v5.thrid_task scheduled__2021-08-07T00:00:00+00:00 [queued]>
[2023-05-30T11:28:05.789+0000] {taskinstance.py:1087} INFO - Dependencies all met for <TaskInstance: our_first_dag_v5.thrid_task scheduled__2021-08-07T00:00:00+00:00 [queued]>
[2023-05-30T11:28:05.794+0000] {taskinstance.py:1283} INFO - 
--------------------------------------------------------------------------------
[2023-05-30T11:28:05.798+0000] {taskinstance.py:1284} INFO - Starting attempt 1 of 6
[2023-05-30T11:28:05.800+0000] {taskinstance.py:1285} INFO - 
--------------------------------------------------------------------------------
[2023-05-30T11:28:05.845+0000] {taskinstance.py:1304} INFO - Executing <Task(BashOperator): thrid_task> on 2021-08-07 00:00:00+00:00
[2023-05-30T11:28:05.924+0000] {standard_task_runner.py:55} INFO - Started process 1764 to run task
[2023-05-30T11:28:05.937+0000] {standard_task_runner.py:82} INFO - Running: ['***', 'tasks', 'run', 'our_first_dag_v5', 'thrid_task', 'scheduled__2021-08-07T00:00:00+00:00', '--job-id', '34', '--raw', '--subdir', 'DAGS_FOLDER/first_Dag.py', '--cfg-path', '/tmp/tmpyj0o51ph']
[2023-05-30T11:28:05.941+0000] {standard_task_runner.py:83} INFO - Job 34: Subtask thrid_task
[2023-05-30T11:28:06.176+0000] {task_command.py:389} INFO - Running <TaskInstance: our_first_dag_v5.thrid_task scheduled__2021-08-07T00:00:00+00:00 [running]> on host 49219f98c96e
[2023-05-30T11:28:06.368+0000] {taskinstance.py:1513} INFO - Exporting the following env vars:
AIRFLOW_CTX_DAG_OWNER=coder2j
AIRFLOW_CTX_DAG_ID=our_first_dag_v5
AIRFLOW_CTX_TASK_ID=thrid_task
AIRFLOW_CTX_EXECUTION_DATE=2021-08-07T00:00:00+00:00
AIRFLOW_CTX_TRY_NUMBER=1
AIRFLOW_CTX_DAG_RUN_ID=scheduled__2021-08-07T00:00:00+00:00
[2023-05-30T11:28:06.372+0000] {subprocess.py:63} INFO - Tmp dir root location: 
 /tmp
[2023-05-30T11:28:06.378+0000] {subprocess.py:75} INFO - Running command: ['/bin/bash', '-c', 'echo hey, I am task3 and will be running after task1 at the same time as task2!']
[2023-05-30T11:28:06.400+0000] {subprocess.py:86} INFO - Output:
[2023-05-30T11:28:06.404+0000] {subprocess.py:93} INFO - hey, I am task3 and will be running after task1 at the same time as task2!
[2023-05-30T11:28:06.406+0000] {subprocess.py:97} INFO - Command exited with return code 0
[2023-05-30T11:28:06.483+0000] {taskinstance.py:1327} INFO - Marking task as SUCCESS. dag_id=our_first_dag_v5, task_id=thrid_task, execution_date=20210807T000000, start_date=20230530T112805, end_date=20230530T112806
[2023-05-30T11:28:06.563+0000] {local_task_job.py:159} INFO - Task exited with return code 0
[2023-05-30T11:28:06.613+0000] {taskinstance.py:2582} INFO - 0 downstream tasks scheduled from follow-on schedule check
[2023-06-07T06:31:10.433+0000] {taskinstance.py:1087} INFO - Dependencies all met for <TaskInstance: our_first_dag_v5.thrid_task scheduled__2021-08-07T00:00:00+00:00 [queued]>
[2023-06-07T06:31:10.466+0000] {taskinstance.py:1087} INFO - Dependencies all met for <TaskInstance: our_first_dag_v5.thrid_task scheduled__2021-08-07T00:00:00+00:00 [queued]>
[2023-06-07T06:31:10.468+0000] {taskinstance.py:1283} INFO - 
--------------------------------------------------------------------------------
[2023-06-07T06:31:10.472+0000] {taskinstance.py:1284} INFO - Starting attempt 1 of 6
[2023-06-07T06:31:10.474+0000] {taskinstance.py:1285} INFO - 
--------------------------------------------------------------------------------
[2023-06-07T06:31:10.605+0000] {taskinstance.py:1304} INFO - Executing <Task(BashOperator): thrid_task> on 2021-08-07 00:00:00+00:00
[2023-06-07T06:31:10.649+0000] {standard_task_runner.py:82} INFO - Running: ['***', 'tasks', 'run', 'our_first_dag_v5', 'thrid_task', 'scheduled__2021-08-07T00:00:00+00:00', '--job-id', '1042', '--raw', '--subdir', 'DAGS_FOLDER/first_Dag.py', '--cfg-path', '/tmp/tmp8kma6ulo']
[2023-06-07T06:31:10.653+0000] {standard_task_runner.py:83} INFO - Job 1042: Subtask thrid_task
[2023-06-07T06:31:10.645+0000] {standard_task_runner.py:55} INFO - Started process 534 to run task
[2023-06-07T06:31:11.848+0000] {task_command.py:389} INFO - Running <TaskInstance: our_first_dag_v5.thrid_task scheduled__2021-08-07T00:00:00+00:00 [running]> on host 026ed797f3b3
[2023-06-07T06:31:12.805+0000] {taskinstance.py:1513} INFO - Exporting the following env vars:
AIRFLOW_CTX_DAG_OWNER=coder2j
AIRFLOW_CTX_DAG_ID=our_first_dag_v5
AIRFLOW_CTX_TASK_ID=thrid_task
AIRFLOW_CTX_EXECUTION_DATE=2021-08-07T00:00:00+00:00
AIRFLOW_CTX_TRY_NUMBER=1
AIRFLOW_CTX_DAG_RUN_ID=scheduled__2021-08-07T00:00:00+00:00
[2023-06-07T06:31:12.812+0000] {subprocess.py:63} INFO - Tmp dir root location: 
 /tmp
[2023-06-07T06:31:12.815+0000] {subprocess.py:75} INFO - Running command: ['/bin/bash', '-c', 'echo hey, I am task3 and will be running after task1 at the same time as task2!']
[2023-06-07T06:31:12.924+0000] {subprocess.py:86} INFO - Output:
[2023-06-07T06:31:12.934+0000] {subprocess.py:93} INFO - hey, I am task3 and will be running after task1 at the same time as task2!
[2023-06-07T06:31:12.950+0000] {subprocess.py:97} INFO - Command exited with return code 0
[2023-06-07T06:31:13.138+0000] {taskinstance.py:1327} INFO - Marking task as SUCCESS. dag_id=our_first_dag_v5, task_id=thrid_task, execution_date=20210807T000000, start_date=20230607T063110, end_date=20230607T063113
[2023-06-07T06:31:13.415+0000] {local_task_job.py:159} INFO - Task exited with return code 0
[2023-06-07T06:31:13.487+0000] {taskinstance.py:2582} INFO - 0 downstream tasks scheduled from follow-on schedule check
