[2023-05-30T11:36:51.990+0000] {taskinstance.py:1087} INFO - Dependencies all met for <TaskInstance: our_dag_with_python_operator_v07.get_age scheduled__2021-11-05T00:00:00+00:00 [queued]>
[2023-05-30T11:36:52.009+0000] {taskinstance.py:1087} INFO - Dependencies all met for <TaskInstance: our_dag_with_python_operator_v07.get_age scheduled__2021-11-05T00:00:00+00:00 [queued]>
[2023-05-30T11:36:52.011+0000] {taskinstance.py:1283} INFO - 
--------------------------------------------------------------------------------
[2023-05-30T11:36:52.012+0000] {taskinstance.py:1284} INFO - Starting attempt 1 of 6
[2023-05-30T11:36:52.014+0000] {taskinstance.py:1285} INFO - 
--------------------------------------------------------------------------------
[2023-05-30T11:36:52.039+0000] {taskinstance.py:1304} INFO - Executing <Task(PythonOperator): get_age> on 2021-11-05 00:00:00+00:00
[2023-05-30T11:36:52.047+0000] {standard_task_runner.py:55} INFO - Started process 5706 to run task
[2023-05-30T11:36:52.059+0000] {standard_task_runner.py:82} INFO - Running: ['***', 'tasks', 'run', 'our_dag_with_python_operator_v07', 'get_age', 'scheduled__2021-11-05T00:00:00+00:00', '--job-id', '1206', '--raw', '--subdir', 'DAGS_FOLDER/dag_python_opr.py', '--cfg-path', '/tmp/tmpms9tzobj']
[2023-05-30T11:36:52.060+0000] {standard_task_runner.py:83} INFO - Job 1206: Subtask get_age
[2023-05-30T11:36:52.204+0000] {task_command.py:389} INFO - Running <TaskInstance: our_dag_with_python_operator_v07.get_age scheduled__2021-11-05T00:00:00+00:00 [running]> on host 49219f98c96e
[2023-05-30T11:36:52.394+0000] {taskinstance.py:1513} INFO - Exporting the following env vars:
AIRFLOW_CTX_DAG_OWNER=coder2j
AIRFLOW_CTX_DAG_ID=our_dag_with_python_operator_v07
AIRFLOW_CTX_TASK_ID=get_age
AIRFLOW_CTX_EXECUTION_DATE=2021-11-05T00:00:00+00:00
AIRFLOW_CTX_TRY_NUMBER=1
AIRFLOW_CTX_DAG_RUN_ID=scheduled__2021-11-05T00:00:00+00:00
[2023-05-30T11:36:52.446+0000] {python.py:177} INFO - Done. Returned value was: None
[2023-05-30T11:36:52.484+0000] {taskinstance.py:1327} INFO - Marking task as SUCCESS. dag_id=our_dag_with_python_operator_v07, task_id=get_age, execution_date=20211105T000000, start_date=20230530T113651, end_date=20230530T113652
[2023-05-30T11:36:52.552+0000] {local_task_job.py:159} INFO - Task exited with return code 0
[2023-05-30T11:36:52.611+0000] {taskinstance.py:2582} INFO - 1 downstream tasks scheduled from follow-on schedule check
[2023-06-07T06:31:45.858+0000] {taskinstance.py:1087} INFO - Dependencies all met for <TaskInstance: our_dag_with_python_operator_v07.get_age scheduled__2021-11-05T00:00:00+00:00 [queued]>
[2023-06-07T06:31:46.117+0000] {taskinstance.py:1087} INFO - Dependencies all met for <TaskInstance: our_dag_with_python_operator_v07.get_age scheduled__2021-11-05T00:00:00+00:00 [queued]>
[2023-06-07T06:31:46.120+0000] {taskinstance.py:1283} INFO - 
--------------------------------------------------------------------------------
[2023-06-07T06:31:46.122+0000] {taskinstance.py:1284} INFO - Starting attempt 1 of 6
[2023-06-07T06:31:46.127+0000] {taskinstance.py:1285} INFO - 
--------------------------------------------------------------------------------
[2023-06-07T06:31:47.227+0000] {taskinstance.py:1304} INFO - Executing <Task(PythonOperator): get_age> on 2021-11-05 00:00:00+00:00
[2023-06-07T06:31:47.262+0000] {standard_task_runner.py:55} INFO - Started process 814 to run task
[2023-06-07T06:31:47.316+0000] {standard_task_runner.py:82} INFO - Running: ['***', 'tasks', 'run', 'our_dag_with_python_operator_v07', 'get_age', 'scheduled__2021-11-05T00:00:00+00:00', '--job-id', '1145', '--raw', '--subdir', 'DAGS_FOLDER/dag_python_opr.py', '--cfg-path', '/tmp/tmpry4id5ba']
[2023-06-07T06:31:47.320+0000] {standard_task_runner.py:83} INFO - Job 1145: Subtask get_age
[2023-06-07T06:31:47.980+0000] {task_command.py:389} INFO - Running <TaskInstance: our_dag_with_python_operator_v07.get_age scheduled__2021-11-05T00:00:00+00:00 [running]> on host 026ed797f3b3
[2023-06-07T06:31:48.947+0000] {taskinstance.py:1513} INFO - Exporting the following env vars:
AIRFLOW_CTX_DAG_OWNER=coder2j
AIRFLOW_CTX_DAG_ID=our_dag_with_python_operator_v07
AIRFLOW_CTX_TASK_ID=get_age
AIRFLOW_CTX_EXECUTION_DATE=2021-11-05T00:00:00+00:00
AIRFLOW_CTX_TRY_NUMBER=1
AIRFLOW_CTX_DAG_RUN_ID=scheduled__2021-11-05T00:00:00+00:00
[2023-06-07T06:31:48.988+0000] {python.py:177} INFO - Done. Returned value was: None
[2023-06-07T06:31:49.039+0000] {taskinstance.py:1327} INFO - Marking task as SUCCESS. dag_id=our_dag_with_python_operator_v07, task_id=get_age, execution_date=20211105T000000, start_date=20230607T063145, end_date=20230607T063149
[2023-06-07T06:31:49.381+0000] {local_task_job.py:159} INFO - Task exited with return code 0
[2023-06-07T06:31:49.444+0000] {taskinstance.py:2582} INFO - 1 downstream tasks scheduled from follow-on schedule check
