[2023-05-30T11:27:56.779+0000] {taskinstance.py:1087} INFO - Dependencies all met for <TaskInstance: our_first_dag_v5.first_task scheduled__2021-07-30T00:00:00+00:00 [queued]>
[2023-05-30T11:27:56.808+0000] {taskinstance.py:1087} INFO - Dependencies all met for <TaskInstance: our_first_dag_v5.first_task scheduled__2021-07-30T00:00:00+00:00 [queued]>
[2023-05-30T11:27:56.810+0000] {taskinstance.py:1283} INFO - 
--------------------------------------------------------------------------------
[2023-05-30T11:27:56.812+0000] {taskinstance.py:1284} INFO - Starting attempt 1 of 6
[2023-05-30T11:27:56.814+0000] {taskinstance.py:1285} INFO - 
--------------------------------------------------------------------------------
[2023-05-30T11:27:56.859+0000] {taskinstance.py:1304} INFO - Executing <Task(BashOperator): first_task> on 2021-07-30 00:00:00+00:00
[2023-05-30T11:27:56.870+0000] {standard_task_runner.py:55} INFO - Started process 1667 to run task
[2023-05-30T11:27:56.909+0000] {standard_task_runner.py:82} INFO - Running: ['***', 'tasks', 'run', 'our_first_dag_v5', 'first_task', 'scheduled__2021-07-30T00:00:00+00:00', '--job-id', '4', '--raw', '--subdir', 'DAGS_FOLDER/first_Dag.py', '--cfg-path', '/tmp/tmpa3gchc9c']
[2023-05-30T11:27:56.919+0000] {standard_task_runner.py:83} INFO - Job 4: Subtask first_task
[2023-05-30T11:27:57.056+0000] {task_command.py:389} INFO - Running <TaskInstance: our_first_dag_v5.first_task scheduled__2021-07-30T00:00:00+00:00 [running]> on host 49219f98c96e
[2023-05-30T11:27:57.256+0000] {taskinstance.py:1513} INFO - Exporting the following env vars:
AIRFLOW_CTX_DAG_OWNER=coder2j
AIRFLOW_CTX_DAG_ID=our_first_dag_v5
AIRFLOW_CTX_TASK_ID=first_task
AIRFLOW_CTX_EXECUTION_DATE=2021-07-30T00:00:00+00:00
AIRFLOW_CTX_TRY_NUMBER=1
AIRFLOW_CTX_DAG_RUN_ID=scheduled__2021-07-30T00:00:00+00:00
[2023-05-30T11:27:57.259+0000] {subprocess.py:63} INFO - Tmp dir root location: 
 /tmp
[2023-05-30T11:27:57.263+0000] {subprocess.py:75} INFO - Running command: ['/bin/bash', '-c', 'echo hello world, this is the first task!']
[2023-05-30T11:27:57.292+0000] {subprocess.py:86} INFO - Output:
[2023-05-30T11:27:57.297+0000] {subprocess.py:93} INFO - hello world, this is the first task!
[2023-05-30T11:27:57.299+0000] {subprocess.py:97} INFO - Command exited with return code 0
[2023-05-30T11:27:57.367+0000] {taskinstance.py:1327} INFO - Marking task as SUCCESS. dag_id=our_first_dag_v5, task_id=first_task, execution_date=20210730T000000, start_date=20230530T112756, end_date=20230530T112757
[2023-05-30T11:27:57.456+0000] {local_task_job.py:159} INFO - Task exited with return code 0
[2023-05-30T11:27:57.522+0000] {taskinstance.py:2582} INFO - 2 downstream tasks scheduled from follow-on schedule check
[2023-06-07T06:30:43.896+0000] {taskinstance.py:1087} INFO - Dependencies all met for <TaskInstance: our_first_dag_v5.first_task scheduled__2021-07-30T00:00:00+00:00 [queued]>
[2023-06-07T06:30:43.930+0000] {taskinstance.py:1087} INFO - Dependencies all met for <TaskInstance: our_first_dag_v5.first_task scheduled__2021-07-30T00:00:00+00:00 [queued]>
[2023-06-07T06:30:43.933+0000] {taskinstance.py:1283} INFO - 
--------------------------------------------------------------------------------
[2023-06-07T06:30:43.937+0000] {taskinstance.py:1284} INFO - Starting attempt 1 of 6
[2023-06-07T06:30:43.939+0000] {taskinstance.py:1285} INFO - 
--------------------------------------------------------------------------------
[2023-06-07T06:30:43.989+0000] {taskinstance.py:1304} INFO - Executing <Task(BashOperator): first_task> on 2021-07-30 00:00:00+00:00
[2023-06-07T06:30:44.007+0000] {standard_task_runner.py:55} INFO - Started process 360 to run task
[2023-06-07T06:30:44.039+0000] {standard_task_runner.py:82} INFO - Running: ['***', 'tasks', 'run', 'our_first_dag_v5', 'first_task', 'scheduled__2021-07-30T00:00:00+00:00', '--job-id', '979', '--raw', '--subdir', 'DAGS_FOLDER/first_Dag.py', '--cfg-path', '/tmp/tmp8zlylh95']
[2023-06-07T06:30:44.047+0000] {standard_task_runner.py:83} INFO - Job 979: Subtask first_task
[2023-06-07T06:30:44.301+0000] {task_command.py:389} INFO - Running <TaskInstance: our_first_dag_v5.first_task scheduled__2021-07-30T00:00:00+00:00 [running]> on host 026ed797f3b3
[2023-06-07T06:30:44.596+0000] {taskinstance.py:1513} INFO - Exporting the following env vars:
AIRFLOW_CTX_DAG_OWNER=coder2j
AIRFLOW_CTX_DAG_ID=our_first_dag_v5
AIRFLOW_CTX_TASK_ID=first_task
AIRFLOW_CTX_EXECUTION_DATE=2021-07-30T00:00:00+00:00
AIRFLOW_CTX_TRY_NUMBER=1
AIRFLOW_CTX_DAG_RUN_ID=scheduled__2021-07-30T00:00:00+00:00
[2023-06-07T06:30:44.602+0000] {subprocess.py:63} INFO - Tmp dir root location: 
 /tmp
[2023-06-07T06:30:44.613+0000] {subprocess.py:75} INFO - Running command: ['/bin/bash', '-c', 'echo hello world, this is the first task!']
[2023-06-07T06:30:44.695+0000] {subprocess.py:86} INFO - Output:
[2023-06-07T06:30:44.720+0000] {subprocess.py:93} INFO - hello world, this is the first task!
[2023-06-07T06:30:44.722+0000] {subprocess.py:97} INFO - Command exited with return code 0
[2023-06-07T06:30:44.878+0000] {taskinstance.py:1327} INFO - Marking task as SUCCESS. dag_id=our_first_dag_v5, task_id=first_task, execution_date=20210730T000000, start_date=20230607T063043, end_date=20230607T063044
[2023-06-07T06:30:44.977+0000] {local_task_job.py:159} INFO - Task exited with return code 0
[2023-06-07T06:30:45.122+0000] {taskinstance.py:2582} INFO - 2 downstream tasks scheduled from follow-on schedule check
