[2023-05-30T12:33:36.242+0000] {taskinstance.py:1087} INFO - Dependencies all met for <TaskInstance: our_dag_with_python_operator_v07.get_age scheduled__2022-04-19T00:00:00+00:00 [queued]>
[2023-05-30T12:33:36.271+0000] {taskinstance.py:1087} INFO - Dependencies all met for <TaskInstance: our_dag_with_python_operator_v07.get_age scheduled__2022-04-19T00:00:00+00:00 [queued]>
[2023-05-30T12:33:36.273+0000] {taskinstance.py:1283} INFO - 
--------------------------------------------------------------------------------
[2023-05-30T12:33:36.274+0000] {taskinstance.py:1284} INFO - Starting attempt 1 of 6
[2023-05-30T12:33:36.276+0000] {taskinstance.py:1285} INFO - 
--------------------------------------------------------------------------------
[2023-05-30T12:33:36.321+0000] {taskinstance.py:1304} INFO - Executing <Task(PythonOperator): get_age> on 2022-04-19 00:00:00+00:00
[2023-05-30T12:33:36.341+0000] {standard_task_runner.py:82} INFO - Running: ['***', 'tasks', 'run', 'our_dag_with_python_operator_v07', 'get_age', 'scheduled__2022-04-19T00:00:00+00:00', '--job-id', '1703', '--raw', '--subdir', 'DAGS_FOLDER/dag_python_opr.py', '--cfg-path', '/tmp/tmpt09_z3e_']
[2023-05-30T12:33:36.344+0000] {standard_task_runner.py:83} INFO - Job 1703: Subtask get_age
[2023-05-30T12:33:36.330+0000] {standard_task_runner.py:55} INFO - Started process 10528 to run task
[2023-05-30T12:33:36.554+0000] {task_command.py:389} INFO - Running <TaskInstance: our_dag_with_python_operator_v07.get_age scheduled__2022-04-19T00:00:00+00:00 [running]> on host 49219f98c96e
[2023-05-30T12:33:36.865+0000] {taskinstance.py:1513} INFO - Exporting the following env vars:
AIRFLOW_CTX_DAG_OWNER=coder2j
AIRFLOW_CTX_DAG_ID=our_dag_with_python_operator_v07
AIRFLOW_CTX_TASK_ID=get_age
AIRFLOW_CTX_EXECUTION_DATE=2022-04-19T00:00:00+00:00
AIRFLOW_CTX_TRY_NUMBER=1
AIRFLOW_CTX_DAG_RUN_ID=scheduled__2022-04-19T00:00:00+00:00
[2023-05-30T12:33:36.928+0000] {python.py:177} INFO - Done. Returned value was: None
[2023-05-30T12:33:36.989+0000] {taskinstance.py:1327} INFO - Marking task as SUCCESS. dag_id=our_dag_with_python_operator_v07, task_id=get_age, execution_date=20220419T000000, start_date=20230530T123336, end_date=20230530T123336
[2023-05-30T12:33:37.114+0000] {local_task_job.py:159} INFO - Task exited with return code 0
[2023-05-30T12:33:37.162+0000] {taskinstance.py:2582} INFO - 1 downstream tasks scheduled from follow-on schedule check
[2023-06-07T06:38:29.667+0000] {taskinstance.py:1087} INFO - Dependencies all met for <TaskInstance: our_dag_with_python_operator_v07.get_age scheduled__2022-04-19T00:00:00+00:00 [queued]>
[2023-06-07T06:38:29.754+0000] {taskinstance.py:1087} INFO - Dependencies all met for <TaskInstance: our_dag_with_python_operator_v07.get_age scheduled__2022-04-19T00:00:00+00:00 [queued]>
[2023-06-07T06:38:29.761+0000] {taskinstance.py:1283} INFO - 
--------------------------------------------------------------------------------
[2023-06-07T06:38:29.768+0000] {taskinstance.py:1284} INFO - Starting attempt 1 of 6
[2023-06-07T06:38:29.772+0000] {taskinstance.py:1285} INFO - 
--------------------------------------------------------------------------------
[2023-06-07T06:38:29.891+0000] {taskinstance.py:1304} INFO - Executing <Task(PythonOperator): get_age> on 2022-04-19 00:00:00+00:00
[2023-06-07T06:38:29.922+0000] {standard_task_runner.py:55} INFO - Started process 3564 to run task
[2023-06-07T06:38:29.945+0000] {standard_task_runner.py:82} INFO - Running: ['***', 'tasks', 'run', 'our_dag_with_python_operator_v07', 'get_age', 'scheduled__2022-04-19T00:00:00+00:00', '--job-id', '2135', '--raw', '--subdir', 'DAGS_FOLDER/dag_python_opr.py', '--cfg-path', '/tmp/tmpebjoamyd']
[2023-06-07T06:38:29.956+0000] {standard_task_runner.py:83} INFO - Job 2135: Subtask get_age
[2023-06-07T06:38:30.387+0000] {task_command.py:389} INFO - Running <TaskInstance: our_dag_with_python_operator_v07.get_age scheduled__2022-04-19T00:00:00+00:00 [running]> on host 026ed797f3b3
[2023-06-07T06:38:31.007+0000] {taskinstance.py:1513} INFO - Exporting the following env vars:
AIRFLOW_CTX_DAG_OWNER=coder2j
AIRFLOW_CTX_DAG_ID=our_dag_with_python_operator_v07
AIRFLOW_CTX_TASK_ID=get_age
AIRFLOW_CTX_EXECUTION_DATE=2022-04-19T00:00:00+00:00
AIRFLOW_CTX_TRY_NUMBER=1
AIRFLOW_CTX_DAG_RUN_ID=scheduled__2022-04-19T00:00:00+00:00
[2023-06-07T06:38:31.075+0000] {python.py:177} INFO - Done. Returned value was: None
[2023-06-07T06:38:31.156+0000] {taskinstance.py:1327} INFO - Marking task as SUCCESS. dag_id=our_dag_with_python_operator_v07, task_id=get_age, execution_date=20220419T000000, start_date=20230607T063829, end_date=20230607T063831
[2023-06-07T06:38:31.357+0000] {local_task_job.py:159} INFO - Task exited with return code 0
[2023-06-07T06:38:31.422+0000] {taskinstance.py:2582} INFO - 1 downstream tasks scheduled from follow-on schedule check
