[2023-05-30T11:36:38.901+0000] {taskinstance.py:1087} INFO - Dependencies all met for <TaskInstance: our_dag_with_python_operator_v07.get_age scheduled__2021-10-24T00:00:00+00:00 [queued]>
[2023-05-30T11:36:38.933+0000] {taskinstance.py:1087} INFO - Dependencies all met for <TaskInstance: our_dag_with_python_operator_v07.get_age scheduled__2021-10-24T00:00:00+00:00 [queued]>
[2023-05-30T11:36:38.942+0000] {taskinstance.py:1283} INFO - 
--------------------------------------------------------------------------------
[2023-05-30T11:36:38.944+0000] {taskinstance.py:1284} INFO - Starting attempt 1 of 6
[2023-05-30T11:36:38.948+0000] {taskinstance.py:1285} INFO - 
--------------------------------------------------------------------------------
[2023-05-30T11:36:39.014+0000] {taskinstance.py:1304} INFO - Executing <Task(PythonOperator): get_age> on 2021-10-24 00:00:00+00:00
[2023-05-30T11:36:39.041+0000] {standard_task_runner.py:55} INFO - Started process 5615 to run task
[2023-05-30T11:36:39.056+0000] {standard_task_runner.py:82} INFO - Running: ['***', 'tasks', 'run', 'our_dag_with_python_operator_v07', 'get_age', 'scheduled__2021-10-24T00:00:00+00:00', '--job-id', '1168', '--raw', '--subdir', 'DAGS_FOLDER/dag_python_opr.py', '--cfg-path', '/tmp/tmpoamz2usy']
[2023-05-30T11:36:39.062+0000] {standard_task_runner.py:83} INFO - Job 1168: Subtask get_age
[2023-05-30T11:36:39.261+0000] {task_command.py:389} INFO - Running <TaskInstance: our_dag_with_python_operator_v07.get_age scheduled__2021-10-24T00:00:00+00:00 [running]> on host 49219f98c96e
[2023-05-30T11:36:39.476+0000] {taskinstance.py:1513} INFO - Exporting the following env vars:
AIRFLOW_CTX_DAG_OWNER=coder2j
AIRFLOW_CTX_DAG_ID=our_dag_with_python_operator_v07
AIRFLOW_CTX_TASK_ID=get_age
AIRFLOW_CTX_EXECUTION_DATE=2021-10-24T00:00:00+00:00
AIRFLOW_CTX_TRY_NUMBER=1
AIRFLOW_CTX_DAG_RUN_ID=scheduled__2021-10-24T00:00:00+00:00
[2023-05-30T11:36:39.502+0000] {python.py:177} INFO - Done. Returned value was: None
[2023-05-30T11:36:39.565+0000] {taskinstance.py:1327} INFO - Marking task as SUCCESS. dag_id=our_dag_with_python_operator_v07, task_id=get_age, execution_date=20211024T000000, start_date=20230530T113638, end_date=20230530T113639
[2023-05-30T11:36:39.646+0000] {local_task_job.py:159} INFO - Task exited with return code 0
[2023-05-30T11:36:39.741+0000] {taskinstance.py:2582} INFO - 0 downstream tasks scheduled from follow-on schedule check
[2023-06-07T06:31:22.818+0000] {taskinstance.py:1087} INFO - Dependencies all met for <TaskInstance: our_dag_with_python_operator_v07.get_age scheduled__2021-10-24T00:00:00+00:00 [queued]>
[2023-06-07T06:31:22.847+0000] {taskinstance.py:1087} INFO - Dependencies all met for <TaskInstance: our_dag_with_python_operator_v07.get_age scheduled__2021-10-24T00:00:00+00:00 [queued]>
[2023-06-07T06:31:22.849+0000] {taskinstance.py:1283} INFO - 
--------------------------------------------------------------------------------
[2023-06-07T06:31:22.851+0000] {taskinstance.py:1284} INFO - Starting attempt 1 of 6
[2023-06-07T06:31:22.853+0000] {taskinstance.py:1285} INFO - 
--------------------------------------------------------------------------------
[2023-06-07T06:31:22.914+0000] {taskinstance.py:1304} INFO - Executing <Task(PythonOperator): get_age> on 2021-10-24 00:00:00+00:00
[2023-06-07T06:31:22.964+0000] {standard_task_runner.py:55} INFO - Started process 631 to run task
[2023-06-07T06:31:22.987+0000] {standard_task_runner.py:82} INFO - Running: ['***', 'tasks', 'run', 'our_dag_with_python_operator_v07', 'get_age', 'scheduled__2021-10-24T00:00:00+00:00', '--job-id', '1079', '--raw', '--subdir', 'DAGS_FOLDER/dag_python_opr.py', '--cfg-path', '/tmp/tmpaah41fh4']
[2023-06-07T06:31:22.996+0000] {standard_task_runner.py:83} INFO - Job 1079: Subtask get_age
[2023-06-07T06:31:23.381+0000] {task_command.py:389} INFO - Running <TaskInstance: our_dag_with_python_operator_v07.get_age scheduled__2021-10-24T00:00:00+00:00 [running]> on host 026ed797f3b3
[2023-06-07T06:31:23.798+0000] {taskinstance.py:1513} INFO - Exporting the following env vars:
AIRFLOW_CTX_DAG_OWNER=coder2j
AIRFLOW_CTX_DAG_ID=our_dag_with_python_operator_v07
AIRFLOW_CTX_TASK_ID=get_age
AIRFLOW_CTX_EXECUTION_DATE=2021-10-24T00:00:00+00:00
AIRFLOW_CTX_TRY_NUMBER=1
AIRFLOW_CTX_DAG_RUN_ID=scheduled__2021-10-24T00:00:00+00:00
[2023-06-07T06:31:23.873+0000] {python.py:177} INFO - Done. Returned value was: None
[2023-06-07T06:31:23.900+0000] {taskinstance.py:1327} INFO - Marking task as SUCCESS. dag_id=our_dag_with_python_operator_v07, task_id=get_age, execution_date=20211024T000000, start_date=20230607T063122, end_date=20230607T063123
[2023-06-07T06:31:24.049+0000] {local_task_job.py:159} INFO - Task exited with return code 0
[2023-06-07T06:31:24.094+0000] {taskinstance.py:2582} INFO - 1 downstream tasks scheduled from follow-on schedule check
