[2023-05-30T12:31:58.015+0000] {taskinstance.py:1087} INFO - Dependencies all met for <TaskInstance: our_dag_with_python_operator_v07.greet scheduled__2022-01-20T00:00:00+00:00 [queued]>
[2023-05-30T12:31:58.102+0000] {taskinstance.py:1087} INFO - Dependencies all met for <TaskInstance: our_dag_with_python_operator_v07.greet scheduled__2022-01-20T00:00:00+00:00 [queued]>
[2023-05-30T12:31:58.106+0000] {taskinstance.py:1283} INFO - 
--------------------------------------------------------------------------------
[2023-05-30T12:31:58.108+0000] {taskinstance.py:1284} INFO - Starting attempt 1 of 6
[2023-05-30T12:31:58.110+0000] {taskinstance.py:1285} INFO - 
--------------------------------------------------------------------------------
[2023-05-30T12:31:58.239+0000] {taskinstance.py:1304} INFO - Executing <Task(PythonOperator): greet> on 2022-01-20 00:00:00+00:00
[2023-05-30T12:31:58.258+0000] {standard_task_runner.py:55} INFO - Started process 9922 to run task
[2023-05-30T12:31:58.300+0000] {standard_task_runner.py:82} INFO - Running: ['***', 'tasks', 'run', 'our_dag_with_python_operator_v07', 'greet', 'scheduled__2022-01-20T00:00:00+00:00', '--job-id', '1447', '--raw', '--subdir', 'DAGS_FOLDER/dag_python_opr.py', '--cfg-path', '/tmp/tmphoj1hdz4']
[2023-05-30T12:31:58.329+0000] {standard_task_runner.py:83} INFO - Job 1447: Subtask greet
[2023-05-30T12:31:58.807+0000] {task_command.py:389} INFO - Running <TaskInstance: our_dag_with_python_operator_v07.greet scheduled__2022-01-20T00:00:00+00:00 [running]> on host 49219f98c96e
[2023-05-30T12:31:59.247+0000] {taskinstance.py:1513} INFO - Exporting the following env vars:
AIRFLOW_CTX_DAG_OWNER=coder2j
AIRFLOW_CTX_DAG_ID=our_dag_with_python_operator_v07
AIRFLOW_CTX_TASK_ID=greet
AIRFLOW_CTX_EXECUTION_DATE=2022-01-20T00:00:00+00:00
AIRFLOW_CTX_TRY_NUMBER=1
AIRFLOW_CTX_DAG_RUN_ID=scheduled__2022-01-20T00:00:00+00:00
[2023-05-30T12:31:59.284+0000] {logging_mixin.py:137} INFO - some dict:  {'a': 1, 'b': 2}
[2023-05-30T12:31:59.448+0000] {logging_mixin.py:137} INFO - Hello World! My name is Jerry Fridman, and I am 19 years old!
[2023-05-30T12:31:59.454+0000] {python.py:177} INFO - Done. Returned value was: None
[2023-05-30T12:31:59.535+0000] {taskinstance.py:1327} INFO - Marking task as SUCCESS. dag_id=our_dag_with_python_operator_v07, task_id=greet, execution_date=20220120T000000, start_date=20230530T123158, end_date=20230530T123159
[2023-05-30T12:31:59.691+0000] {local_task_job.py:159} INFO - Task exited with return code 0
[2023-05-30T12:31:59.827+0000] {taskinstance.py:2582} INFO - 0 downstream tasks scheduled from follow-on schedule check
[2023-06-07T06:34:49.707+0000] {taskinstance.py:1087} INFO - Dependencies all met for <TaskInstance: our_dag_with_python_operator_v07.greet scheduled__2022-01-20T00:00:00+00:00 [queued]>
[2023-06-07T06:34:49.949+0000] {taskinstance.py:1087} INFO - Dependencies all met for <TaskInstance: our_dag_with_python_operator_v07.greet scheduled__2022-01-20T00:00:00+00:00 [queued]>
[2023-06-07T06:34:49.958+0000] {taskinstance.py:1283} INFO - 
--------------------------------------------------------------------------------
[2023-06-07T06:34:49.968+0000] {taskinstance.py:1284} INFO - Starting attempt 1 of 6
[2023-06-07T06:34:49.972+0000] {taskinstance.py:1285} INFO - 
--------------------------------------------------------------------------------
[2023-06-07T06:34:50.344+0000] {taskinstance.py:1304} INFO - Executing <Task(PythonOperator): greet> on 2022-01-20 00:00:00+00:00
[2023-06-07T06:34:50.445+0000] {standard_task_runner.py:55} INFO - Started process 2155 to run task
[2023-06-07T06:34:50.484+0000] {standard_task_runner.py:82} INFO - Running: ['***', 'tasks', 'run', 'our_dag_with_python_operator_v07', 'greet', 'scheduled__2022-01-20T00:00:00+00:00', '--job-id', '1633', '--raw', '--subdir', 'DAGS_FOLDER/dag_python_opr.py', '--cfg-path', '/tmp/tmpc8x1v17x']
[2023-06-07T06:34:50.500+0000] {standard_task_runner.py:83} INFO - Job 1633: Subtask greet
[2023-06-07T06:34:50.910+0000] {task_command.py:389} INFO - Running <TaskInstance: our_dag_with_python_operator_v07.greet scheduled__2022-01-20T00:00:00+00:00 [running]> on host 026ed797f3b3
[2023-06-07T06:34:51.956+0000] {taskinstance.py:1513} INFO - Exporting the following env vars:
AIRFLOW_CTX_DAG_OWNER=coder2j
AIRFLOW_CTX_DAG_ID=our_dag_with_python_operator_v07
AIRFLOW_CTX_TASK_ID=greet
AIRFLOW_CTX_EXECUTION_DATE=2022-01-20T00:00:00+00:00
AIRFLOW_CTX_TRY_NUMBER=1
AIRFLOW_CTX_DAG_RUN_ID=scheduled__2022-01-20T00:00:00+00:00
[2023-06-07T06:34:51.964+0000] {logging_mixin.py:137} INFO - some dict:  {'a': 1, 'b': 2}
[2023-06-07T06:34:52.159+0000] {logging_mixin.py:137} INFO - Hello World! My name is Jerry Fridman, and I am 19 years old!
[2023-06-07T06:34:52.164+0000] {python.py:177} INFO - Done. Returned value was: None
[2023-06-07T06:34:52.245+0000] {taskinstance.py:1327} INFO - Marking task as SUCCESS. dag_id=our_dag_with_python_operator_v07, task_id=greet, execution_date=20220120T000000, start_date=20230607T063449, end_date=20230607T063452
[2023-06-07T06:34:52.565+0000] {local_task_job.py:159} INFO - Task exited with return code 0
[2023-06-07T06:34:52.964+0000] {taskinstance.py:2582} INFO - 0 downstream tasks scheduled from follow-on schedule check
