[2023-05-30T11:33:58.827+0000] {taskinstance.py:1087} INFO - Dependencies all met for <TaskInstance: our_first_dag_v5.first_task scheduled__2022-07-13T00:00:00+00:00 [queued]>
[2023-05-30T11:33:58.856+0000] {taskinstance.py:1087} INFO - Dependencies all met for <TaskInstance: our_first_dag_v5.first_task scheduled__2022-07-13T00:00:00+00:00 [queued]>
[2023-05-30T11:33:58.857+0000] {taskinstance.py:1283} INFO - 
--------------------------------------------------------------------------------
[2023-05-30T11:33:58.859+0000] {taskinstance.py:1284} INFO - Starting attempt 1 of 6
[2023-05-30T11:33:58.860+0000] {taskinstance.py:1285} INFO - 
--------------------------------------------------------------------------------
[2023-05-30T11:33:58.913+0000] {taskinstance.py:1304} INFO - Executing <Task(BashOperator): first_task> on 2022-07-13 00:00:00+00:00
[2023-05-30T11:33:58.921+0000] {standard_task_runner.py:55} INFO - Started process 5117 to run task
[2023-05-30T11:33:58.941+0000] {standard_task_runner.py:82} INFO - Running: ['***', 'tasks', 'run', 'our_first_dag_v5', 'first_task', 'scheduled__2022-07-13T00:00:00+00:00', '--job-id', '1040', '--raw', '--subdir', 'DAGS_FOLDER/first_Dag.py', '--cfg-path', '/tmp/tmpvmh9pjsh']
[2023-05-30T11:33:58.945+0000] {standard_task_runner.py:83} INFO - Job 1040: Subtask first_task
[2023-05-30T11:33:59.256+0000] {task_command.py:389} INFO - Running <TaskInstance: our_first_dag_v5.first_task scheduled__2022-07-13T00:00:00+00:00 [running]> on host 49219f98c96e
[2023-05-30T11:33:59.539+0000] {taskinstance.py:1513} INFO - Exporting the following env vars:
AIRFLOW_CTX_DAG_OWNER=coder2j
AIRFLOW_CTX_DAG_ID=our_first_dag_v5
AIRFLOW_CTX_TASK_ID=first_task
AIRFLOW_CTX_EXECUTION_DATE=2022-07-13T00:00:00+00:00
AIRFLOW_CTX_TRY_NUMBER=1
AIRFLOW_CTX_DAG_RUN_ID=scheduled__2022-07-13T00:00:00+00:00
[2023-05-30T11:33:59.542+0000] {subprocess.py:63} INFO - Tmp dir root location: 
 /tmp
[2023-05-30T11:33:59.543+0000] {subprocess.py:75} INFO - Running command: ['/bin/bash', '-c', 'echo hello world, this is the first task!']
[2023-05-30T11:33:59.624+0000] {subprocess.py:86} INFO - Output:
[2023-05-30T11:33:59.640+0000] {subprocess.py:93} INFO - hello world, this is the first task!
[2023-05-30T11:33:59.642+0000] {subprocess.py:97} INFO - Command exited with return code 0
[2023-05-30T11:33:59.764+0000] {taskinstance.py:1327} INFO - Marking task as SUCCESS. dag_id=our_first_dag_v5, task_id=first_task, execution_date=20220713T000000, start_date=20230530T113358, end_date=20230530T113359
[2023-05-30T11:33:59.927+0000] {local_task_job.py:159} INFO - Task exited with return code 0
[2023-05-30T11:34:00.004+0000] {taskinstance.py:2582} INFO - 2 downstream tasks scheduled from follow-on schedule check
