[2023-05-30T11:29:46.975+0000] {taskinstance.py:1087} INFO - Dependencies all met for <TaskInstance: our_first_dag_v5.second_task scheduled__2021-11-09T00:00:00+00:00 [queued]>
[2023-05-30T11:29:47.025+0000] {taskinstance.py:1087} INFO - Dependencies all met for <TaskInstance: our_first_dag_v5.second_task scheduled__2021-11-09T00:00:00+00:00 [queued]>
[2023-05-30T11:29:47.028+0000] {taskinstance.py:1283} INFO - 
--------------------------------------------------------------------------------
[2023-05-30T11:29:47.031+0000] {taskinstance.py:1284} INFO - Starting attempt 1 of 6
[2023-05-30T11:29:47.032+0000] {taskinstance.py:1285} INFO - 
--------------------------------------------------------------------------------
[2023-05-30T11:29:47.084+0000] {taskinstance.py:1304} INFO - Executing <Task(BashOperator): second_task> on 2021-11-09 00:00:00+00:00
[2023-05-30T11:29:47.098+0000] {standard_task_runner.py:55} INFO - Started process 2720 to run task
[2023-05-30T11:29:47.140+0000] {standard_task_runner.py:82} INFO - Running: ['***', 'tasks', 'run', 'our_first_dag_v5', 'second_task', 'scheduled__2021-11-09T00:00:00+00:00', '--job-id', '320', '--raw', '--subdir', 'DAGS_FOLDER/first_Dag.py', '--cfg-path', '/tmp/tmpnqnn5c4b']
[2023-05-30T11:29:47.142+0000] {standard_task_runner.py:83} INFO - Job 320: Subtask second_task
[2023-05-30T11:29:47.417+0000] {task_command.py:389} INFO - Running <TaskInstance: our_first_dag_v5.second_task scheduled__2021-11-09T00:00:00+00:00 [running]> on host 49219f98c96e
[2023-05-30T11:29:47.758+0000] {taskinstance.py:1513} INFO - Exporting the following env vars:
AIRFLOW_CTX_DAG_OWNER=coder2j
AIRFLOW_CTX_DAG_ID=our_first_dag_v5
AIRFLOW_CTX_TASK_ID=second_task
AIRFLOW_CTX_EXECUTION_DATE=2021-11-09T00:00:00+00:00
AIRFLOW_CTX_TRY_NUMBER=1
AIRFLOW_CTX_DAG_RUN_ID=scheduled__2021-11-09T00:00:00+00:00
[2023-05-30T11:29:47.770+0000] {subprocess.py:63} INFO - Tmp dir root location: 
 /tmp
[2023-05-30T11:29:47.781+0000] {subprocess.py:75} INFO - Running command: ['/bin/bash', '-c', 'echo hey, I am task2 and will be running after task1!']
[2023-05-30T11:29:47.893+0000] {subprocess.py:86} INFO - Output:
[2023-05-30T11:29:47.910+0000] {subprocess.py:93} INFO - hey, I am task2 and will be running after task1!
[2023-05-30T11:29:47.914+0000] {subprocess.py:97} INFO - Command exited with return code 0
[2023-05-30T11:29:48.027+0000] {taskinstance.py:1327} INFO - Marking task as SUCCESS. dag_id=our_first_dag_v5, task_id=second_task, execution_date=20211109T000000, start_date=20230530T112946, end_date=20230530T112948
[2023-05-30T11:29:48.192+0000] {local_task_job.py:159} INFO - Task exited with return code 0
[2023-05-30T11:29:48.415+0000] {taskinstance.py:2582} INFO - 0 downstream tasks scheduled from follow-on schedule check
[2023-06-07T06:34:43.878+0000] {taskinstance.py:1087} INFO - Dependencies all met for <TaskInstance: our_first_dag_v5.second_task scheduled__2021-11-09T00:00:00+00:00 [queued]>
[2023-06-07T06:34:43.994+0000] {taskinstance.py:1087} INFO - Dependencies all met for <TaskInstance: our_first_dag_v5.second_task scheduled__2021-11-09T00:00:00+00:00 [queued]>
[2023-06-07T06:34:44.002+0000] {taskinstance.py:1283} INFO - 
--------------------------------------------------------------------------------
[2023-06-07T06:34:44.004+0000] {taskinstance.py:1284} INFO - Starting attempt 1 of 6
[2023-06-07T06:34:44.006+0000] {taskinstance.py:1285} INFO - 
--------------------------------------------------------------------------------
[2023-06-07T06:34:44.195+0000] {taskinstance.py:1304} INFO - Executing <Task(BashOperator): second_task> on 2021-11-09 00:00:00+00:00
[2023-06-07T06:34:44.232+0000] {standard_task_runner.py:55} INFO - Started process 2114 to run task
[2023-06-07T06:34:44.314+0000] {standard_task_runner.py:82} INFO - Running: ['***', 'tasks', 'run', 'our_first_dag_v5', 'second_task', 'scheduled__2021-11-09T00:00:00+00:00', '--job-id', '1621', '--raw', '--subdir', 'DAGS_FOLDER/first_Dag.py', '--cfg-path', '/tmp/tmpwtb7n538']
[2023-06-07T06:34:44.322+0000] {standard_task_runner.py:83} INFO - Job 1621: Subtask second_task
[2023-06-07T06:34:44.980+0000] {task_command.py:389} INFO - Running <TaskInstance: our_first_dag_v5.second_task scheduled__2021-11-09T00:00:00+00:00 [running]> on host 026ed797f3b3
[2023-06-07T06:34:45.700+0000] {taskinstance.py:1513} INFO - Exporting the following env vars:
AIRFLOW_CTX_DAG_OWNER=coder2j
AIRFLOW_CTX_DAG_ID=our_first_dag_v5
AIRFLOW_CTX_TASK_ID=second_task
AIRFLOW_CTX_EXECUTION_DATE=2021-11-09T00:00:00+00:00
AIRFLOW_CTX_TRY_NUMBER=1
AIRFLOW_CTX_DAG_RUN_ID=scheduled__2021-11-09T00:00:00+00:00
[2023-06-07T06:34:45.713+0000] {subprocess.py:63} INFO - Tmp dir root location: 
 /tmp
[2023-06-07T06:34:45.718+0000] {subprocess.py:75} INFO - Running command: ['/bin/bash', '-c', 'echo hey, I am task2 and will be running after task1!']
[2023-06-07T06:34:45.890+0000] {subprocess.py:86} INFO - Output:
[2023-06-07T06:34:45.912+0000] {subprocess.py:93} INFO - hey, I am task2 and will be running after task1!
[2023-06-07T06:34:45.916+0000] {subprocess.py:97} INFO - Command exited with return code 0
[2023-06-07T06:34:46.008+0000] {taskinstance.py:1327} INFO - Marking task as SUCCESS. dag_id=our_first_dag_v5, task_id=second_task, execution_date=20211109T000000, start_date=20230607T063443, end_date=20230607T063446
[2023-06-07T06:34:46.092+0000] {local_task_job.py:159} INFO - Task exited with return code 0
[2023-06-07T06:34:46.197+0000] {taskinstance.py:2582} INFO - 0 downstream tasks scheduled from follow-on schedule check
