[2023-05-30T11:29:37.911+0000] {taskinstance.py:1087} INFO - Dependencies all met for <TaskInstance: our_first_dag_v5.second_task scheduled__2021-11-03T00:00:00+00:00 [queued]>
[2023-05-30T11:29:37.974+0000] {taskinstance.py:1087} INFO - Dependencies all met for <TaskInstance: our_first_dag_v5.second_task scheduled__2021-11-03T00:00:00+00:00 [queued]>
[2023-05-30T11:29:37.975+0000] {taskinstance.py:1283} INFO - 
--------------------------------------------------------------------------------
[2023-05-30T11:29:37.976+0000] {taskinstance.py:1284} INFO - Starting attempt 1 of 6
[2023-05-30T11:29:37.978+0000] {taskinstance.py:1285} INFO - 
--------------------------------------------------------------------------------
[2023-05-30T11:29:38.094+0000] {taskinstance.py:1304} INFO - Executing <Task(BashOperator): second_task> on 2021-11-03 00:00:00+00:00
[2023-05-30T11:29:38.171+0000] {standard_task_runner.py:55} INFO - Started process 2642 to run task
[2023-05-30T11:29:38.235+0000] {standard_task_runner.py:82} INFO - Running: ['***', 'tasks', 'run', 'our_first_dag_v5', 'second_task', 'scheduled__2021-11-03T00:00:00+00:00', '--job-id', '299', '--raw', '--subdir', 'DAGS_FOLDER/first_Dag.py', '--cfg-path', '/tmp/tmpj7tovp06']
[2023-05-30T11:29:38.240+0000] {standard_task_runner.py:83} INFO - Job 299: Subtask second_task
[2023-05-30T11:29:38.577+0000] {task_command.py:389} INFO - Running <TaskInstance: our_first_dag_v5.second_task scheduled__2021-11-03T00:00:00+00:00 [running]> on host 49219f98c96e
[2023-05-30T11:29:39.059+0000] {taskinstance.py:1513} INFO - Exporting the following env vars:
AIRFLOW_CTX_DAG_OWNER=coder2j
AIRFLOW_CTX_DAG_ID=our_first_dag_v5
AIRFLOW_CTX_TASK_ID=second_task
AIRFLOW_CTX_EXECUTION_DATE=2021-11-03T00:00:00+00:00
AIRFLOW_CTX_TRY_NUMBER=1
AIRFLOW_CTX_DAG_RUN_ID=scheduled__2021-11-03T00:00:00+00:00
[2023-05-30T11:29:39.063+0000] {subprocess.py:63} INFO - Tmp dir root location: 
 /tmp
[2023-05-30T11:29:39.067+0000] {subprocess.py:75} INFO - Running command: ['/bin/bash', '-c', 'echo hey, I am task2 and will be running after task1!']
[2023-05-30T11:29:39.116+0000] {subprocess.py:86} INFO - Output:
[2023-05-30T11:29:39.117+0000] {subprocess.py:93} INFO - hey, I am task2 and will be running after task1!
[2023-05-30T11:29:39.126+0000] {subprocess.py:97} INFO - Command exited with return code 0
[2023-05-30T11:29:39.283+0000] {taskinstance.py:1327} INFO - Marking task as SUCCESS. dag_id=our_first_dag_v5, task_id=second_task, execution_date=20211103T000000, start_date=20230530T112937, end_date=20230530T112939
[2023-05-30T11:29:39.446+0000] {local_task_job.py:159} INFO - Task exited with return code 0
[2023-05-30T11:29:39.521+0000] {taskinstance.py:2582} INFO - 0 downstream tasks scheduled from follow-on schedule check
[2023-06-07T06:34:35.367+0000] {taskinstance.py:1087} INFO - Dependencies all met for <TaskInstance: our_first_dag_v5.second_task scheduled__2021-11-03T00:00:00+00:00 [queued]>
[2023-06-07T06:34:35.587+0000] {taskinstance.py:1087} INFO - Dependencies all met for <TaskInstance: our_first_dag_v5.second_task scheduled__2021-11-03T00:00:00+00:00 [queued]>
[2023-06-07T06:34:35.601+0000] {taskinstance.py:1283} INFO - 
--------------------------------------------------------------------------------
[2023-06-07T06:34:35.607+0000] {taskinstance.py:1284} INFO - Starting attempt 1 of 6
[2023-06-07T06:34:35.609+0000] {taskinstance.py:1285} INFO - 
--------------------------------------------------------------------------------
[2023-06-07T06:34:36.313+0000] {taskinstance.py:1304} INFO - Executing <Task(BashOperator): second_task> on 2021-11-03 00:00:00+00:00
[2023-06-07T06:34:36.330+0000] {standard_task_runner.py:55} INFO - Started process 2060 to run task
[2023-06-07T06:34:36.432+0000] {standard_task_runner.py:82} INFO - Running: ['***', 'tasks', 'run', 'our_first_dag_v5', 'second_task', 'scheduled__2021-11-03T00:00:00+00:00', '--job-id', '1597', '--raw', '--subdir', 'DAGS_FOLDER/first_Dag.py', '--cfg-path', '/tmp/tmpl281nw6c']
[2023-06-07T06:34:36.457+0000] {standard_task_runner.py:83} INFO - Job 1597: Subtask second_task
[2023-06-07T06:34:36.982+0000] {task_command.py:389} INFO - Running <TaskInstance: our_first_dag_v5.second_task scheduled__2021-11-03T00:00:00+00:00 [running]> on host 026ed797f3b3
[2023-06-07T06:34:38.244+0000] {taskinstance.py:1513} INFO - Exporting the following env vars:
AIRFLOW_CTX_DAG_OWNER=coder2j
AIRFLOW_CTX_DAG_ID=our_first_dag_v5
AIRFLOW_CTX_TASK_ID=second_task
AIRFLOW_CTX_EXECUTION_DATE=2021-11-03T00:00:00+00:00
AIRFLOW_CTX_TRY_NUMBER=1
AIRFLOW_CTX_DAG_RUN_ID=scheduled__2021-11-03T00:00:00+00:00
[2023-06-07T06:34:38.252+0000] {subprocess.py:63} INFO - Tmp dir root location: 
 /tmp
[2023-06-07T06:34:38.255+0000] {subprocess.py:75} INFO - Running command: ['/bin/bash', '-c', 'echo hey, I am task2 and will be running after task1!']
[2023-06-07T06:34:38.325+0000] {subprocess.py:86} INFO - Output:
[2023-06-07T06:34:38.341+0000] {subprocess.py:93} INFO - hey, I am task2 and will be running after task1!
[2023-06-07T06:34:38.343+0000] {subprocess.py:97} INFO - Command exited with return code 0
[2023-06-07T06:34:38.597+0000] {taskinstance.py:1327} INFO - Marking task as SUCCESS. dag_id=our_first_dag_v5, task_id=second_task, execution_date=20211103T000000, start_date=20230607T063435, end_date=20230607T063438
[2023-06-07T06:34:38.800+0000] {local_task_job.py:159} INFO - Task exited with return code 0
[2023-06-07T06:34:39.042+0000] {taskinstance.py:2582} INFO - 0 downstream tasks scheduled from follow-on schedule check
