[2023-06-01T11:19:19.720+0000] {taskinstance.py:1087} INFO - Dependencies all met for <TaskInstance: dag_with_postgres_operator_v03.delete_data_from_table manual__2023-06-01T11:14:00.183542+00:00 [queued]>
[2023-06-01T11:19:19.794+0000] {taskinstance.py:1087} INFO - Dependencies all met for <TaskInstance: dag_with_postgres_operator_v03.delete_data_from_table manual__2023-06-01T11:14:00.183542+00:00 [queued]>
[2023-06-01T11:19:19.796+0000] {taskinstance.py:1283} INFO - 
--------------------------------------------------------------------------------
[2023-06-01T11:19:19.798+0000] {taskinstance.py:1284} INFO - Starting attempt 1 of 6
[2023-06-01T11:19:19.800+0000] {taskinstance.py:1285} INFO - 
--------------------------------------------------------------------------------
[2023-06-01T11:19:19.978+0000] {taskinstance.py:1304} INFO - Executing <Task(PostgresOperator): delete_data_from_table> on 2023-06-01 11:14:00.183542+00:00
[2023-06-01T11:19:20.032+0000] {standard_task_runner.py:55} INFO - Started process 512 to run task
[2023-06-01T11:19:20.091+0000] {standard_task_runner.py:82} INFO - Running: ['***', 'tasks', 'run', 'dag_with_postgres_operator_v03', 'delete_data_from_table', 'manual__2023-06-01T11:14:00.183542+00:00', '--job-id', '37', '--raw', '--subdir', 'DAGS_FOLDER/postgres.py', '--cfg-path', '/tmp/tmpos6ixh7p']
[2023-06-01T11:19:20.095+0000] {standard_task_runner.py:83} INFO - Job 37: Subtask delete_data_from_table
[2023-06-01T11:19:20.441+0000] {task_command.py:389} INFO - Running <TaskInstance: dag_with_postgres_operator_v03.delete_data_from_table manual__2023-06-01T11:14:00.183542+00:00 [running]> on host 687ba427e841
[2023-06-01T11:19:20.888+0000] {taskinstance.py:1513} INFO - Exporting the following env vars:
AIRFLOW_CTX_DAG_OWNER=coder2j
AIRFLOW_CTX_DAG_ID=dag_with_postgres_operator_v03
AIRFLOW_CTX_TASK_ID=delete_data_from_table
AIRFLOW_CTX_EXECUTION_DATE=2023-06-01T11:14:00.183542+00:00
AIRFLOW_CTX_TRY_NUMBER=1
AIRFLOW_CTX_DAG_RUN_ID=manual__2023-06-01T11:14:00.183542+00:00
[2023-06-01T11:19:20.897+0000] {sql.py:253} INFO - Executing: 
            delete from dag_runs where dt = '2023-06-01' and dag_id = 'dag_with_postgres_operator_v03';
        
[2023-06-01T11:19:20.944+0000] {base.py:73} INFO - Using connection ID 'postgres_localhost' for task execution.
[2023-06-01T11:19:23.072+0000] {base.py:73} INFO - Using connection ID 'postgres_localhost' for task execution.
[2023-06-01T11:19:23.107+0000] {sql.py:364} INFO - Running statement: 
            delete from dag_runs where dt = '2023-06-01' and dag_id = 'dag_with_postgres_operator_v03';
        , parameters: None
[2023-06-01T11:19:23.119+0000] {sql.py:373} INFO - Rows affected: 0
[2023-06-01T11:19:23.170+0000] {taskinstance.py:1327} INFO - Marking task as SUCCESS. dag_id=dag_with_postgres_operator_v03, task_id=delete_data_from_table, execution_date=20230601T111400, start_date=20230601T111919, end_date=20230601T111923
[2023-06-01T11:19:23.318+0000] {local_task_job.py:159} INFO - Task exited with return code 0
[2023-06-01T11:19:23.512+0000] {taskinstance.py:2582} INFO - 1 downstream tasks scheduled from follow-on schedule check
