[2023-05-30T12:36:45.155+0000] {taskinstance.py:1087} INFO - Dependencies all met for <TaskInstance: our_dag_with_python_operator_v07.get_age scheduled__2022-10-13T00:00:00+00:00 [queued]>
[2023-05-30T12:36:45.199+0000] {taskinstance.py:1087} INFO - Dependencies all met for <TaskInstance: our_dag_with_python_operator_v07.get_age scheduled__2022-10-13T00:00:00+00:00 [queued]>
[2023-05-30T12:36:45.201+0000] {taskinstance.py:1283} INFO - 
--------------------------------------------------------------------------------
[2023-05-30T12:36:45.202+0000] {taskinstance.py:1284} INFO - Starting attempt 1 of 6
[2023-05-30T12:36:45.203+0000] {taskinstance.py:1285} INFO - 
--------------------------------------------------------------------------------
[2023-05-30T12:36:45.279+0000] {taskinstance.py:1304} INFO - Executing <Task(PythonOperator): get_age> on 2022-10-13 00:00:00+00:00
[2023-05-30T12:36:45.297+0000] {standard_task_runner.py:55} INFO - Started process 11764 to run task
[2023-05-30T12:36:45.327+0000] {standard_task_runner.py:82} INFO - Running: ['***', 'tasks', 'run', 'our_dag_with_python_operator_v07', 'get_age', 'scheduled__2022-10-13T00:00:00+00:00', '--job-id', '2233', '--raw', '--subdir', 'DAGS_FOLDER/dag_python_opr.py', '--cfg-path', '/tmp/tmpf2n0dph2']
[2023-05-30T12:36:45.335+0000] {standard_task_runner.py:83} INFO - Job 2233: Subtask get_age
[2023-05-30T12:36:45.618+0000] {task_command.py:389} INFO - Running <TaskInstance: our_dag_with_python_operator_v07.get_age scheduled__2022-10-13T00:00:00+00:00 [running]> on host 49219f98c96e
[2023-05-30T12:36:45.913+0000] {taskinstance.py:1513} INFO - Exporting the following env vars:
AIRFLOW_CTX_DAG_OWNER=coder2j
AIRFLOW_CTX_DAG_ID=our_dag_with_python_operator_v07
AIRFLOW_CTX_TASK_ID=get_age
AIRFLOW_CTX_EXECUTION_DATE=2022-10-13T00:00:00+00:00
AIRFLOW_CTX_TRY_NUMBER=1
AIRFLOW_CTX_DAG_RUN_ID=scheduled__2022-10-13T00:00:00+00:00
[2023-05-30T12:36:45.993+0000] {python.py:177} INFO - Done. Returned value was: None
[2023-05-30T12:36:46.023+0000] {taskinstance.py:1327} INFO - Marking task as SUCCESS. dag_id=our_dag_with_python_operator_v07, task_id=get_age, execution_date=20221013T000000, start_date=20230530T123645, end_date=20230530T123646
[2023-05-30T12:36:46.124+0000] {local_task_job.py:159} INFO - Task exited with return code 0
[2023-05-30T12:36:46.273+0000] {taskinstance.py:2582} INFO - 1 downstream tasks scheduled from follow-on schedule check
