[2023-05-30T11:36:47.982+0000] {taskinstance.py:1087} INFO - Dependencies all met for <TaskInstance: our_dag_with_python_operator_v07.get_name scheduled__2021-11-02T00:00:00+00:00 [queued]>
[2023-05-30T11:36:48.020+0000] {taskinstance.py:1087} INFO - Dependencies all met for <TaskInstance: our_dag_with_python_operator_v07.get_name scheduled__2021-11-02T00:00:00+00:00 [queued]>
[2023-05-30T11:36:48.022+0000] {taskinstance.py:1283} INFO - 
--------------------------------------------------------------------------------
[2023-05-30T11:36:48.023+0000] {taskinstance.py:1284} INFO - Starting attempt 1 of 6
[2023-05-30T11:36:48.026+0000] {taskinstance.py:1285} INFO - 
--------------------------------------------------------------------------------
[2023-05-30T11:36:48.094+0000] {taskinstance.py:1304} INFO - Executing <Task(PythonOperator): get_name> on 2021-11-02 00:00:00+00:00
[2023-05-30T11:36:48.104+0000] {standard_task_runner.py:55} INFO - Started process 5678 to run task
[2023-05-30T11:36:48.111+0000] {standard_task_runner.py:82} INFO - Running: ['***', 'tasks', 'run', 'our_dag_with_python_operator_v07', 'get_name', 'scheduled__2021-11-02T00:00:00+00:00', '--job-id', '1194', '--raw', '--subdir', 'DAGS_FOLDER/dag_python_opr.py', '--cfg-path', '/tmp/tmpdx2s78sc']
[2023-05-30T11:36:48.122+0000] {standard_task_runner.py:83} INFO - Job 1194: Subtask get_name
[2023-05-30T11:36:48.393+0000] {task_command.py:389} INFO - Running <TaskInstance: our_dag_with_python_operator_v07.get_name scheduled__2021-11-02T00:00:00+00:00 [running]> on host 49219f98c96e
[2023-05-30T11:36:48.700+0000] {taskinstance.py:1513} INFO - Exporting the following env vars:
AIRFLOW_CTX_DAG_OWNER=coder2j
AIRFLOW_CTX_DAG_ID=our_dag_with_python_operator_v07
AIRFLOW_CTX_TASK_ID=get_name
AIRFLOW_CTX_EXECUTION_DATE=2021-11-02T00:00:00+00:00
AIRFLOW_CTX_TRY_NUMBER=1
AIRFLOW_CTX_DAG_RUN_ID=scheduled__2021-11-02T00:00:00+00:00
[2023-05-30T11:36:48.780+0000] {python.py:177} INFO - Done. Returned value was: None
[2023-05-30T11:36:48.810+0000] {taskinstance.py:1327} INFO - Marking task as SUCCESS. dag_id=our_dag_with_python_operator_v07, task_id=get_name, execution_date=20211102T000000, start_date=20230530T113647, end_date=20230530T113648
[2023-05-30T11:36:48.875+0000] {local_task_job.py:159} INFO - Task exited with return code 0
[2023-05-30T11:36:48.971+0000] {taskinstance.py:2582} INFO - 0 downstream tasks scheduled from follow-on schedule check
[2023-06-07T06:31:41.576+0000] {taskinstance.py:1087} INFO - Dependencies all met for <TaskInstance: our_dag_with_python_operator_v07.get_name scheduled__2021-11-02T00:00:00+00:00 [queued]>
[2023-06-07T06:31:41.626+0000] {taskinstance.py:1087} INFO - Dependencies all met for <TaskInstance: our_dag_with_python_operator_v07.get_name scheduled__2021-11-02T00:00:00+00:00 [queued]>
[2023-06-07T06:31:41.629+0000] {taskinstance.py:1283} INFO - 
--------------------------------------------------------------------------------
[2023-06-07T06:31:41.633+0000] {taskinstance.py:1284} INFO - Starting attempt 1 of 6
[2023-06-07T06:31:41.646+0000] {taskinstance.py:1285} INFO - 
--------------------------------------------------------------------------------
[2023-06-07T06:31:41.886+0000] {taskinstance.py:1304} INFO - Executing <Task(PythonOperator): get_name> on 2021-11-02 00:00:00+00:00
[2023-06-07T06:31:41.917+0000] {standard_task_runner.py:55} INFO - Started process 786 to run task
[2023-06-07T06:31:41.946+0000] {standard_task_runner.py:82} INFO - Running: ['***', 'tasks', 'run', 'our_dag_with_python_operator_v07', 'get_name', 'scheduled__2021-11-02T00:00:00+00:00', '--job-id', '1137', '--raw', '--subdir', 'DAGS_FOLDER/dag_python_opr.py', '--cfg-path', '/tmp/tmpjt65snmw']
[2023-06-07T06:31:41.948+0000] {standard_task_runner.py:83} INFO - Job 1137: Subtask get_name
[2023-06-07T06:31:42.462+0000] {task_command.py:389} INFO - Running <TaskInstance: our_dag_with_python_operator_v07.get_name scheduled__2021-11-02T00:00:00+00:00 [running]> on host 026ed797f3b3
[2023-06-07T06:31:42.963+0000] {taskinstance.py:1513} INFO - Exporting the following env vars:
AIRFLOW_CTX_DAG_OWNER=coder2j
AIRFLOW_CTX_DAG_ID=our_dag_with_python_operator_v07
AIRFLOW_CTX_TASK_ID=get_name
AIRFLOW_CTX_EXECUTION_DATE=2021-11-02T00:00:00+00:00
AIRFLOW_CTX_TRY_NUMBER=1
AIRFLOW_CTX_DAG_RUN_ID=scheduled__2021-11-02T00:00:00+00:00
[2023-06-07T06:31:43.260+0000] {python.py:177} INFO - Done. Returned value was: None
[2023-06-07T06:31:43.389+0000] {taskinstance.py:1327} INFO - Marking task as SUCCESS. dag_id=our_dag_with_python_operator_v07, task_id=get_name, execution_date=20211102T000000, start_date=20230607T063141, end_date=20230607T063143
[2023-06-07T06:31:43.634+0000] {local_task_job.py:159} INFO - Task exited with return code 0
[2023-06-07T06:31:43.920+0000] {taskinstance.py:2582} INFO - 1 downstream tasks scheduled from follow-on schedule check
