[2023-05-30T11:30:00.611+0000] {taskinstance.py:1087} INFO - Dependencies all met for <TaskInstance: our_first_dag_v5.first_task scheduled__2021-11-28T00:00:00+00:00 [queued]>
[2023-05-30T11:30:00.645+0000] {taskinstance.py:1087} INFO - Dependencies all met for <TaskInstance: our_first_dag_v5.first_task scheduled__2021-11-28T00:00:00+00:00 [queued]>
[2023-05-30T11:30:00.647+0000] {taskinstance.py:1283} INFO - 
--------------------------------------------------------------------------------
[2023-05-30T11:30:00.655+0000] {taskinstance.py:1284} INFO - Starting attempt 1 of 6
[2023-05-30T11:30:00.658+0000] {taskinstance.py:1285} INFO - 
--------------------------------------------------------------------------------
[2023-05-30T11:30:00.784+0000] {taskinstance.py:1304} INFO - Executing <Task(BashOperator): first_task> on 2021-11-28 00:00:00+00:00
[2023-05-30T11:30:00.806+0000] {standard_task_runner.py:55} INFO - Started process 2854 to run task
[2023-05-30T11:30:00.857+0000] {standard_task_runner.py:82} INFO - Running: ['***', 'tasks', 'run', 'our_first_dag_v5', 'first_task', 'scheduled__2021-11-28T00:00:00+00:00', '--job-id', '359', '--raw', '--subdir', 'DAGS_FOLDER/first_Dag.py', '--cfg-path', '/tmp/tmp9ku3mtd8']
[2023-05-30T11:30:00.869+0000] {standard_task_runner.py:83} INFO - Job 359: Subtask first_task
[2023-05-30T11:30:01.336+0000] {task_command.py:389} INFO - Running <TaskInstance: our_first_dag_v5.first_task scheduled__2021-11-28T00:00:00+00:00 [running]> on host 49219f98c96e
[2023-05-30T11:30:01.707+0000] {taskinstance.py:1513} INFO - Exporting the following env vars:
AIRFLOW_CTX_DAG_OWNER=coder2j
AIRFLOW_CTX_DAG_ID=our_first_dag_v5
AIRFLOW_CTX_TASK_ID=first_task
AIRFLOW_CTX_EXECUTION_DATE=2021-11-28T00:00:00+00:00
AIRFLOW_CTX_TRY_NUMBER=1
AIRFLOW_CTX_DAG_RUN_ID=scheduled__2021-11-28T00:00:00+00:00
[2023-05-30T11:30:01.712+0000] {subprocess.py:63} INFO - Tmp dir root location: 
 /tmp
[2023-05-30T11:30:01.715+0000] {subprocess.py:75} INFO - Running command: ['/bin/bash', '-c', 'echo hello world, this is the first task!']
[2023-05-30T11:30:01.767+0000] {subprocess.py:86} INFO - Output:
[2023-05-30T11:30:01.773+0000] {subprocess.py:93} INFO - hello world, this is the first task!
[2023-05-30T11:30:01.776+0000] {subprocess.py:97} INFO - Command exited with return code 0
[2023-05-30T11:30:01.841+0000] {taskinstance.py:1327} INFO - Marking task as SUCCESS. dag_id=our_first_dag_v5, task_id=first_task, execution_date=20211128T000000, start_date=20230530T113000, end_date=20230530T113001
[2023-05-30T11:30:01.917+0000] {local_task_job.py:159} INFO - Task exited with return code 0
[2023-05-30T11:30:02.001+0000] {taskinstance.py:2582} INFO - 2 downstream tasks scheduled from follow-on schedule check
[2023-06-07T06:35:28.835+0000] {taskinstance.py:1087} INFO - Dependencies all met for <TaskInstance: our_first_dag_v5.first_task scheduled__2021-11-28T00:00:00+00:00 [queued]>
[2023-06-07T06:35:28.902+0000] {taskinstance.py:1087} INFO - Dependencies all met for <TaskInstance: our_first_dag_v5.first_task scheduled__2021-11-28T00:00:00+00:00 [queued]>
[2023-06-07T06:35:28.912+0000] {taskinstance.py:1283} INFO - 
--------------------------------------------------------------------------------
[2023-06-07T06:35:28.914+0000] {taskinstance.py:1284} INFO - Starting attempt 1 of 6
[2023-06-07T06:35:28.916+0000] {taskinstance.py:1285} INFO - 
--------------------------------------------------------------------------------
[2023-06-07T06:35:28.970+0000] {taskinstance.py:1304} INFO - Executing <Task(BashOperator): first_task> on 2021-11-28 00:00:00+00:00
[2023-06-07T06:35:28.992+0000] {standard_task_runner.py:55} INFO - Started process 2424 to run task
[2023-06-07T06:35:29.008+0000] {standard_task_runner.py:82} INFO - Running: ['***', 'tasks', 'run', 'our_first_dag_v5', 'first_task', 'scheduled__2021-11-28T00:00:00+00:00', '--job-id', '1733', '--raw', '--subdir', 'DAGS_FOLDER/first_Dag.py', '--cfg-path', '/tmp/tmpo91nvuup']
[2023-06-07T06:35:29.012+0000] {standard_task_runner.py:83} INFO - Job 1733: Subtask first_task
[2023-06-07T06:35:29.310+0000] {task_command.py:389} INFO - Running <TaskInstance: our_first_dag_v5.first_task scheduled__2021-11-28T00:00:00+00:00 [running]> on host 026ed797f3b3
[2023-06-07T06:35:29.784+0000] {taskinstance.py:1513} INFO - Exporting the following env vars:
AIRFLOW_CTX_DAG_OWNER=coder2j
AIRFLOW_CTX_DAG_ID=our_first_dag_v5
AIRFLOW_CTX_TASK_ID=first_task
AIRFLOW_CTX_EXECUTION_DATE=2021-11-28T00:00:00+00:00
AIRFLOW_CTX_TRY_NUMBER=1
AIRFLOW_CTX_DAG_RUN_ID=scheduled__2021-11-28T00:00:00+00:00
[2023-06-07T06:35:29.790+0000] {subprocess.py:63} INFO - Tmp dir root location: 
 /tmp
[2023-06-07T06:35:29.793+0000] {subprocess.py:75} INFO - Running command: ['/bin/bash', '-c', 'echo hello world, this is the first task!']
[2023-06-07T06:35:29.910+0000] {subprocess.py:86} INFO - Output:
[2023-06-07T06:35:29.920+0000] {subprocess.py:93} INFO - hello world, this is the first task!
[2023-06-07T06:35:29.924+0000] {subprocess.py:97} INFO - Command exited with return code 0
[2023-06-07T06:35:30.030+0000] {taskinstance.py:1327} INFO - Marking task as SUCCESS. dag_id=our_first_dag_v5, task_id=first_task, execution_date=20211128T000000, start_date=20230607T063528, end_date=20230607T063530
[2023-06-07T06:35:30.150+0000] {local_task_job.py:159} INFO - Task exited with return code 0
[2023-06-07T06:35:30.242+0000] {taskinstance.py:2582} INFO - 2 downstream tasks scheduled from follow-on schedule check
