[2023-05-30T11:33:12.485+0000] {taskinstance.py:1087} INFO - Dependencies all met for <TaskInstance: our_first_dag_v5.first_task scheduled__2022-05-31T00:00:00+00:00 [queued]>
[2023-05-30T11:33:12.514+0000] {taskinstance.py:1087} INFO - Dependencies all met for <TaskInstance: our_first_dag_v5.first_task scheduled__2022-05-31T00:00:00+00:00 [queued]>
[2023-05-30T11:33:12.517+0000] {taskinstance.py:1283} INFO - 
--------------------------------------------------------------------------------
[2023-05-30T11:33:12.523+0000] {taskinstance.py:1284} INFO - Starting attempt 1 of 6
[2023-05-30T11:33:12.525+0000] {taskinstance.py:1285} INFO - 
--------------------------------------------------------------------------------
[2023-05-30T11:33:12.597+0000] {taskinstance.py:1304} INFO - Executing <Task(BashOperator): first_task> on 2022-05-31 00:00:00+00:00
[2023-05-30T11:33:12.638+0000] {standard_task_runner.py:55} INFO - Started process 4686 to run task
[2023-05-30T11:33:12.677+0000] {standard_task_runner.py:82} INFO - Running: ['***', 'tasks', 'run', 'our_first_dag_v5', 'first_task', 'scheduled__2022-05-31T00:00:00+00:00', '--job-id', '913', '--raw', '--subdir', 'DAGS_FOLDER/first_Dag.py', '--cfg-path', '/tmp/tmpz97tqrab']
[2023-05-30T11:33:12.680+0000] {standard_task_runner.py:83} INFO - Job 913: Subtask first_task
[2023-05-30T11:33:13.063+0000] {task_command.py:389} INFO - Running <TaskInstance: our_first_dag_v5.first_task scheduled__2022-05-31T00:00:00+00:00 [running]> on host 49219f98c96e
[2023-05-30T11:33:13.411+0000] {taskinstance.py:1513} INFO - Exporting the following env vars:
AIRFLOW_CTX_DAG_OWNER=coder2j
AIRFLOW_CTX_DAG_ID=our_first_dag_v5
AIRFLOW_CTX_TASK_ID=first_task
AIRFLOW_CTX_EXECUTION_DATE=2022-05-31T00:00:00+00:00
AIRFLOW_CTX_TRY_NUMBER=1
AIRFLOW_CTX_DAG_RUN_ID=scheduled__2022-05-31T00:00:00+00:00
[2023-05-30T11:33:13.414+0000] {subprocess.py:63} INFO - Tmp dir root location: 
 /tmp
[2023-05-30T11:33:13.417+0000] {subprocess.py:75} INFO - Running command: ['/bin/bash', '-c', 'echo hello world, this is the first task!']
[2023-05-30T11:33:13.492+0000] {subprocess.py:86} INFO - Output:
[2023-05-30T11:33:13.496+0000] {subprocess.py:93} INFO - hello world, this is the first task!
[2023-05-30T11:33:13.498+0000] {subprocess.py:97} INFO - Command exited with return code 0
[2023-05-30T11:33:13.574+0000] {taskinstance.py:1327} INFO - Marking task as SUCCESS. dag_id=our_first_dag_v5, task_id=first_task, execution_date=20220531T000000, start_date=20230530T113312, end_date=20230530T113313
[2023-05-30T11:33:13.701+0000] {local_task_job.py:159} INFO - Task exited with return code 0
[2023-05-30T11:33:13.802+0000] {taskinstance.py:2582} INFO - 2 downstream tasks scheduled from follow-on schedule check
