[2023-05-30T12:32:10.527+0000] {taskinstance.py:1087} INFO - Dependencies all met for <TaskInstance: our_dag_with_python_operator_v07.greet scheduled__2022-01-29T00:00:00+00:00 [queued]>
[2023-05-30T12:32:10.573+0000] {taskinstance.py:1087} INFO - Dependencies all met for <TaskInstance: our_dag_with_python_operator_v07.greet scheduled__2022-01-29T00:00:00+00:00 [queued]>
[2023-05-30T12:32:10.574+0000] {taskinstance.py:1283} INFO - 
--------------------------------------------------------------------------------
[2023-05-30T12:32:10.594+0000] {taskinstance.py:1284} INFO - Starting attempt 1 of 6
[2023-05-30T12:32:10.595+0000] {taskinstance.py:1285} INFO - 
--------------------------------------------------------------------------------
[2023-05-30T12:32:10.650+0000] {taskinstance.py:1304} INFO - Executing <Task(PythonOperator): greet> on 2022-01-29 00:00:00+00:00
[2023-05-30T12:32:10.674+0000] {standard_task_runner.py:55} INFO - Started process 9987 to run task
[2023-05-30T12:32:10.688+0000] {standard_task_runner.py:82} INFO - Running: ['***', 'tasks', 'run', 'our_dag_with_python_operator_v07', 'greet', 'scheduled__2022-01-29T00:00:00+00:00', '--job-id', '1474', '--raw', '--subdir', 'DAGS_FOLDER/dag_python_opr.py', '--cfg-path', '/tmp/tmpmum5w9p7']
[2023-05-30T12:32:10.691+0000] {standard_task_runner.py:83} INFO - Job 1474: Subtask greet
[2023-05-30T12:32:11.039+0000] {task_command.py:389} INFO - Running <TaskInstance: our_dag_with_python_operator_v07.greet scheduled__2022-01-29T00:00:00+00:00 [running]> on host 49219f98c96e
[2023-05-30T12:32:11.346+0000] {taskinstance.py:1513} INFO - Exporting the following env vars:
AIRFLOW_CTX_DAG_OWNER=coder2j
AIRFLOW_CTX_DAG_ID=our_dag_with_python_operator_v07
AIRFLOW_CTX_TASK_ID=greet
AIRFLOW_CTX_EXECUTION_DATE=2022-01-29T00:00:00+00:00
AIRFLOW_CTX_TRY_NUMBER=1
AIRFLOW_CTX_DAG_RUN_ID=scheduled__2022-01-29T00:00:00+00:00
[2023-05-30T12:32:11.349+0000] {logging_mixin.py:137} INFO - some dict:  {'a': 1, 'b': 2}
[2023-05-30T12:32:11.553+0000] {logging_mixin.py:137} INFO - Hello World! My name is Jerry Fridman, and I am 19 years old!
[2023-05-30T12:32:11.555+0000] {python.py:177} INFO - Done. Returned value was: None
[2023-05-30T12:32:11.611+0000] {taskinstance.py:1327} INFO - Marking task as SUCCESS. dag_id=our_dag_with_python_operator_v07, task_id=greet, execution_date=20220129T000000, start_date=20230530T123210, end_date=20230530T123211
[2023-05-30T12:32:11.717+0000] {local_task_job.py:159} INFO - Task exited with return code 0
[2023-05-30T12:32:11.752+0000] {taskinstance.py:2582} INFO - 0 downstream tasks scheduled from follow-on schedule check
[2023-06-07T06:35:07.570+0000] {taskinstance.py:1087} INFO - Dependencies all met for <TaskInstance: our_dag_with_python_operator_v07.greet scheduled__2022-01-29T00:00:00+00:00 [queued]>
[2023-06-07T06:35:07.684+0000] {taskinstance.py:1087} INFO - Dependencies all met for <TaskInstance: our_dag_with_python_operator_v07.greet scheduled__2022-01-29T00:00:00+00:00 [queued]>
[2023-06-07T06:35:07.698+0000] {taskinstance.py:1283} INFO - 
--------------------------------------------------------------------------------
[2023-06-07T06:35:07.704+0000] {taskinstance.py:1284} INFO - Starting attempt 1 of 6
[2023-06-07T06:35:07.708+0000] {taskinstance.py:1285} INFO - 
--------------------------------------------------------------------------------
[2023-06-07T06:35:07.866+0000] {taskinstance.py:1304} INFO - Executing <Task(PythonOperator): greet> on 2022-01-29 00:00:00+00:00
[2023-06-07T06:35:07.878+0000] {standard_task_runner.py:55} INFO - Started process 2244 to run task
[2023-06-07T06:35:07.913+0000] {standard_task_runner.py:82} INFO - Running: ['***', 'tasks', 'run', 'our_dag_with_python_operator_v07', 'greet', 'scheduled__2022-01-29T00:00:00+00:00', '--job-id', '1669', '--raw', '--subdir', 'DAGS_FOLDER/dag_python_opr.py', '--cfg-path', '/tmp/tmp2x1q_nb1']
[2023-06-07T06:35:07.918+0000] {standard_task_runner.py:83} INFO - Job 1669: Subtask greet
[2023-06-07T06:35:08.247+0000] {task_command.py:389} INFO - Running <TaskInstance: our_dag_with_python_operator_v07.greet scheduled__2022-01-29T00:00:00+00:00 [running]> on host 026ed797f3b3
[2023-06-07T06:35:08.555+0000] {taskinstance.py:1513} INFO - Exporting the following env vars:
AIRFLOW_CTX_DAG_OWNER=coder2j
AIRFLOW_CTX_DAG_ID=our_dag_with_python_operator_v07
AIRFLOW_CTX_TASK_ID=greet
AIRFLOW_CTX_EXECUTION_DATE=2022-01-29T00:00:00+00:00
AIRFLOW_CTX_TRY_NUMBER=1
AIRFLOW_CTX_DAG_RUN_ID=scheduled__2022-01-29T00:00:00+00:00
[2023-06-07T06:35:08.560+0000] {logging_mixin.py:137} INFO - some dict:  {'a': 1, 'b': 2}
[2023-06-07T06:35:08.671+0000] {logging_mixin.py:137} INFO - Hello World! My name is Jerry Fridman, and I am 19 years old!
[2023-06-07T06:35:08.672+0000] {python.py:177} INFO - Done. Returned value was: None
[2023-06-07T06:35:08.725+0000] {taskinstance.py:1327} INFO - Marking task as SUCCESS. dag_id=our_dag_with_python_operator_v07, task_id=greet, execution_date=20220129T000000, start_date=20230607T063507, end_date=20230607T063508
[2023-06-07T06:35:08.855+0000] {local_task_job.py:159} INFO - Task exited with return code 0
[2023-06-07T06:35:08.945+0000] {taskinstance.py:2582} INFO - 0 downstream tasks scheduled from follow-on schedule check
