[2023-05-30T11:36:52.704+0000] {taskinstance.py:1087} INFO - Dependencies all met for <TaskInstance: our_dag_with_python_operator_v07.get_age scheduled__2021-11-07T00:00:00+00:00 [queued]>
[2023-05-30T11:36:52.726+0000] {taskinstance.py:1087} INFO - Dependencies all met for <TaskInstance: our_dag_with_python_operator_v07.get_age scheduled__2021-11-07T00:00:00+00:00 [queued]>
[2023-05-30T11:36:52.727+0000] {taskinstance.py:1283} INFO - 
--------------------------------------------------------------------------------
[2023-05-30T11:36:52.728+0000] {taskinstance.py:1284} INFO - Starting attempt 1 of 6
[2023-05-30T11:36:52.729+0000] {taskinstance.py:1285} INFO - 
--------------------------------------------------------------------------------
[2023-05-30T11:36:52.752+0000] {taskinstance.py:1304} INFO - Executing <Task(PythonOperator): get_age> on 2021-11-07 00:00:00+00:00
[2023-05-30T11:36:52.761+0000] {standard_task_runner.py:55} INFO - Started process 5712 to run task
[2023-05-30T11:36:52.778+0000] {standard_task_runner.py:82} INFO - Running: ['***', 'tasks', 'run', 'our_dag_with_python_operator_v07', 'get_age', 'scheduled__2021-11-07T00:00:00+00:00', '--job-id', '1210', '--raw', '--subdir', 'DAGS_FOLDER/dag_python_opr.py', '--cfg-path', '/tmp/tmpucgmu8zz']
[2023-05-30T11:36:52.781+0000] {standard_task_runner.py:83} INFO - Job 1210: Subtask get_age
[2023-05-30T11:36:52.965+0000] {task_command.py:389} INFO - Running <TaskInstance: our_dag_with_python_operator_v07.get_age scheduled__2021-11-07T00:00:00+00:00 [running]> on host 49219f98c96e
[2023-05-30T11:36:53.184+0000] {taskinstance.py:1513} INFO - Exporting the following env vars:
AIRFLOW_CTX_DAG_OWNER=coder2j
AIRFLOW_CTX_DAG_ID=our_dag_with_python_operator_v07
AIRFLOW_CTX_TASK_ID=get_age
AIRFLOW_CTX_EXECUTION_DATE=2021-11-07T00:00:00+00:00
AIRFLOW_CTX_TRY_NUMBER=1
AIRFLOW_CTX_DAG_RUN_ID=scheduled__2021-11-07T00:00:00+00:00
[2023-05-30T11:36:53.214+0000] {python.py:177} INFO - Done. Returned value was: None
[2023-05-30T11:36:53.250+0000] {taskinstance.py:1327} INFO - Marking task as SUCCESS. dag_id=our_dag_with_python_operator_v07, task_id=get_age, execution_date=20211107T000000, start_date=20230530T113652, end_date=20230530T113653
[2023-05-30T11:36:53.313+0000] {local_task_job.py:159} INFO - Task exited with return code 0
[2023-05-30T11:36:53.387+0000] {taskinstance.py:2582} INFO - 0 downstream tasks scheduled from follow-on schedule check
[2023-06-07T06:32:03.270+0000] {taskinstance.py:1087} INFO - Dependencies all met for <TaskInstance: our_dag_with_python_operator_v07.get_age scheduled__2021-11-07T00:00:00+00:00 [queued]>
[2023-06-07T06:32:03.385+0000] {taskinstance.py:1087} INFO - Dependencies all met for <TaskInstance: our_dag_with_python_operator_v07.get_age scheduled__2021-11-07T00:00:00+00:00 [queued]>
[2023-06-07T06:32:03.393+0000] {taskinstance.py:1283} INFO - 
--------------------------------------------------------------------------------
[2023-06-07T06:32:03.395+0000] {taskinstance.py:1284} INFO - Starting attempt 1 of 6
[2023-06-07T06:32:03.397+0000] {taskinstance.py:1285} INFO - 
--------------------------------------------------------------------------------
[2023-06-07T06:32:03.569+0000] {taskinstance.py:1304} INFO - Executing <Task(PythonOperator): get_age> on 2021-11-07 00:00:00+00:00
[2023-06-07T06:32:03.617+0000] {standard_task_runner.py:55} INFO - Started process 936 to run task
[2023-06-07T06:32:03.645+0000] {standard_task_runner.py:82} INFO - Running: ['***', 'tasks', 'run', 'our_dag_with_python_operator_v07', 'get_age', 'scheduled__2021-11-07T00:00:00+00:00', '--job-id', '1185', '--raw', '--subdir', 'DAGS_FOLDER/dag_python_opr.py', '--cfg-path', '/tmp/tmpn4anwg_y']
[2023-06-07T06:32:03.650+0000] {standard_task_runner.py:83} INFO - Job 1185: Subtask get_age
[2023-06-07T06:32:04.202+0000] {task_command.py:389} INFO - Running <TaskInstance: our_dag_with_python_operator_v07.get_age scheduled__2021-11-07T00:00:00+00:00 [running]> on host 026ed797f3b3
[2023-06-07T06:32:04.694+0000] {taskinstance.py:1513} INFO - Exporting the following env vars:
AIRFLOW_CTX_DAG_OWNER=coder2j
AIRFLOW_CTX_DAG_ID=our_dag_with_python_operator_v07
AIRFLOW_CTX_TASK_ID=get_age
AIRFLOW_CTX_EXECUTION_DATE=2021-11-07T00:00:00+00:00
AIRFLOW_CTX_TRY_NUMBER=1
AIRFLOW_CTX_DAG_RUN_ID=scheduled__2021-11-07T00:00:00+00:00
[2023-06-07T06:32:04.759+0000] {python.py:177} INFO - Done. Returned value was: None
[2023-06-07T06:32:04.823+0000] {taskinstance.py:1327} INFO - Marking task as SUCCESS. dag_id=our_dag_with_python_operator_v07, task_id=get_age, execution_date=20211107T000000, start_date=20230607T063203, end_date=20230607T063204
[2023-06-07T06:32:04.957+0000] {local_task_job.py:159} INFO - Task exited with return code 0
[2023-06-07T06:32:05.146+0000] {taskinstance.py:2582} INFO - 0 downstream tasks scheduled from follow-on schedule check
