[2023-05-30T11:31:13.198+0000] {taskinstance.py:1087} INFO - Dependencies all met for <TaskInstance: our_first_dag_v5.second_task scheduled__2022-01-29T00:00:00+00:00 [queued]>
[2023-05-30T11:31:13.220+0000] {taskinstance.py:1087} INFO - Dependencies all met for <TaskInstance: our_first_dag_v5.second_task scheduled__2022-01-29T00:00:00+00:00 [queued]>
[2023-05-30T11:31:13.222+0000] {taskinstance.py:1283} INFO - 
--------------------------------------------------------------------------------
[2023-05-30T11:31:13.223+0000] {taskinstance.py:1284} INFO - Starting attempt 1 of 6
[2023-05-30T11:31:13.224+0000] {taskinstance.py:1285} INFO - 
--------------------------------------------------------------------------------
[2023-05-30T11:31:13.272+0000] {taskinstance.py:1304} INFO - Executing <Task(BashOperator): second_task> on 2022-01-29 00:00:00+00:00
[2023-05-30T11:31:13.283+0000] {standard_task_runner.py:55} INFO - Started process 3530 to run task
[2023-05-30T11:31:13.296+0000] {standard_task_runner.py:82} INFO - Running: ['***', 'tasks', 'run', 'our_first_dag_v5', 'second_task', 'scheduled__2022-01-29T00:00:00+00:00', '--job-id', '562', '--raw', '--subdir', 'DAGS_FOLDER/first_Dag.py', '--cfg-path', '/tmp/tmpm199i2o9']
[2023-05-30T11:31:13.305+0000] {standard_task_runner.py:83} INFO - Job 562: Subtask second_task
[2023-05-30T11:31:13.471+0000] {task_command.py:389} INFO - Running <TaskInstance: our_first_dag_v5.second_task scheduled__2022-01-29T00:00:00+00:00 [running]> on host 49219f98c96e
[2023-05-30T11:31:13.785+0000] {taskinstance.py:1513} INFO - Exporting the following env vars:
AIRFLOW_CTX_DAG_OWNER=coder2j
AIRFLOW_CTX_DAG_ID=our_first_dag_v5
AIRFLOW_CTX_TASK_ID=second_task
AIRFLOW_CTX_EXECUTION_DATE=2022-01-29T00:00:00+00:00
AIRFLOW_CTX_TRY_NUMBER=1
AIRFLOW_CTX_DAG_RUN_ID=scheduled__2022-01-29T00:00:00+00:00
[2023-05-30T11:31:13.789+0000] {subprocess.py:63} INFO - Tmp dir root location: 
 /tmp
[2023-05-30T11:31:13.792+0000] {subprocess.py:75} INFO - Running command: ['/bin/bash', '-c', 'echo hey, I am task2 and will be running after task1!']
[2023-05-30T11:31:13.837+0000] {subprocess.py:86} INFO - Output:
[2023-05-30T11:31:13.842+0000] {subprocess.py:93} INFO - hey, I am task2 and will be running after task1!
[2023-05-30T11:31:13.844+0000] {subprocess.py:97} INFO - Command exited with return code 0
[2023-05-30T11:31:13.949+0000] {taskinstance.py:1327} INFO - Marking task as SUCCESS. dag_id=our_first_dag_v5, task_id=second_task, execution_date=20220129T000000, start_date=20230530T113113, end_date=20230530T113113
[2023-05-30T11:31:14.008+0000] {local_task_job.py:159} INFO - Task exited with return code 0
[2023-05-30T11:31:14.105+0000] {taskinstance.py:2582} INFO - 0 downstream tasks scheduled from follow-on schedule check
[2023-06-07T06:38:22.301+0000] {taskinstance.py:1087} INFO - Dependencies all met for <TaskInstance: our_first_dag_v5.second_task scheduled__2022-01-29T00:00:00+00:00 [queued]>
[2023-06-07T06:38:22.394+0000] {taskinstance.py:1087} INFO - Dependencies all met for <TaskInstance: our_first_dag_v5.second_task scheduled__2022-01-29T00:00:00+00:00 [queued]>
[2023-06-07T06:38:22.398+0000] {taskinstance.py:1283} INFO - 
--------------------------------------------------------------------------------
[2023-06-07T06:38:22.401+0000] {taskinstance.py:1284} INFO - Starting attempt 1 of 6
[2023-06-07T06:38:22.403+0000] {taskinstance.py:1285} INFO - 
--------------------------------------------------------------------------------
[2023-06-07T06:38:22.551+0000] {taskinstance.py:1304} INFO - Executing <Task(BashOperator): second_task> on 2022-01-29 00:00:00+00:00
[2023-06-07T06:38:22.575+0000] {standard_task_runner.py:55} INFO - Started process 3500 to run task
[2023-06-07T06:38:22.618+0000] {standard_task_runner.py:82} INFO - Running: ['***', 'tasks', 'run', 'our_first_dag_v5', 'second_task', 'scheduled__2022-01-29T00:00:00+00:00', '--job-id', '2116', '--raw', '--subdir', 'DAGS_FOLDER/first_Dag.py', '--cfg-path', '/tmp/tmp1h5cz_yj']
[2023-06-07T06:38:22.621+0000] {standard_task_runner.py:83} INFO - Job 2116: Subtask second_task
[2023-06-07T06:38:23.209+0000] {task_command.py:389} INFO - Running <TaskInstance: our_first_dag_v5.second_task scheduled__2022-01-29T00:00:00+00:00 [running]> on host 026ed797f3b3
[2023-06-07T06:38:23.671+0000] {taskinstance.py:1513} INFO - Exporting the following env vars:
AIRFLOW_CTX_DAG_OWNER=coder2j
AIRFLOW_CTX_DAG_ID=our_first_dag_v5
AIRFLOW_CTX_TASK_ID=second_task
AIRFLOW_CTX_EXECUTION_DATE=2022-01-29T00:00:00+00:00
AIRFLOW_CTX_TRY_NUMBER=1
AIRFLOW_CTX_DAG_RUN_ID=scheduled__2022-01-29T00:00:00+00:00
[2023-06-07T06:38:23.679+0000] {subprocess.py:63} INFO - Tmp dir root location: 
 /tmp
[2023-06-07T06:38:23.686+0000] {subprocess.py:75} INFO - Running command: ['/bin/bash', '-c', 'echo hey, I am task2 and will be running after task1!']
[2023-06-07T06:38:23.868+0000] {subprocess.py:86} INFO - Output:
[2023-06-07T06:38:23.906+0000] {subprocess.py:93} INFO - hey, I am task2 and will be running after task1!
[2023-06-07T06:38:23.919+0000] {subprocess.py:97} INFO - Command exited with return code 0
[2023-06-07T06:38:24.213+0000] {taskinstance.py:1327} INFO - Marking task as SUCCESS. dag_id=our_first_dag_v5, task_id=second_task, execution_date=20220129T000000, start_date=20230607T063822, end_date=20230607T063824
[2023-06-07T06:38:24.511+0000] {local_task_job.py:159} INFO - Task exited with return code 0
[2023-06-07T06:38:24.668+0000] {taskinstance.py:2582} INFO - 0 downstream tasks scheduled from follow-on schedule check
