[2023-05-30T11:36:53.962+0000] {taskinstance.py:1087} INFO - Dependencies all met for <TaskInstance: our_dag_with_python_operator_v07.greet scheduled__2021-11-05T00:00:00+00:00 [queued]>
[2023-05-30T11:36:53.988+0000] {taskinstance.py:1087} INFO - Dependencies all met for <TaskInstance: our_dag_with_python_operator_v07.greet scheduled__2021-11-05T00:00:00+00:00 [queued]>
[2023-05-30T11:36:53.990+0000] {taskinstance.py:1283} INFO - 
--------------------------------------------------------------------------------
[2023-05-30T11:36:53.992+0000] {taskinstance.py:1284} INFO - Starting attempt 1 of 6
[2023-05-30T11:36:53.996+0000] {taskinstance.py:1285} INFO - 
--------------------------------------------------------------------------------
[2023-05-30T11:36:54.086+0000] {taskinstance.py:1304} INFO - Executing <Task(PythonOperator): greet> on 2021-11-05 00:00:00+00:00
[2023-05-30T11:36:54.153+0000] {standard_task_runner.py:55} INFO - Started process 5727 to run task
[2023-05-30T11:36:54.194+0000] {standard_task_runner.py:82} INFO - Running: ['***', 'tasks', 'run', 'our_dag_with_python_operator_v07', 'greet', 'scheduled__2021-11-05T00:00:00+00:00', '--job-id', '1216', '--raw', '--subdir', 'DAGS_FOLDER/dag_python_opr.py', '--cfg-path', '/tmp/tmpbatcsjbi']
[2023-05-30T11:36:54.206+0000] {standard_task_runner.py:83} INFO - Job 1216: Subtask greet
[2023-05-30T11:36:54.383+0000] {task_command.py:389} INFO - Running <TaskInstance: our_dag_with_python_operator_v07.greet scheduled__2021-11-05T00:00:00+00:00 [running]> on host 49219f98c96e
[2023-05-30T11:36:54.647+0000] {taskinstance.py:1513} INFO - Exporting the following env vars:
AIRFLOW_CTX_DAG_OWNER=coder2j
AIRFLOW_CTX_DAG_ID=our_dag_with_python_operator_v07
AIRFLOW_CTX_TASK_ID=greet
AIRFLOW_CTX_EXECUTION_DATE=2021-11-05T00:00:00+00:00
AIRFLOW_CTX_TRY_NUMBER=1
AIRFLOW_CTX_DAG_RUN_ID=scheduled__2021-11-05T00:00:00+00:00
[2023-05-30T11:36:54.650+0000] {logging_mixin.py:137} INFO - some dict:  {'a': 1, 'b': 2}
[2023-05-30T11:36:54.743+0000] {logging_mixin.py:137} INFO - Hello World! My name is Jerry Fridman, and I am 19 years old!
[2023-05-30T11:36:54.747+0000] {python.py:177} INFO - Done. Returned value was: None
[2023-05-30T11:36:54.796+0000] {taskinstance.py:1327} INFO - Marking task as SUCCESS. dag_id=our_dag_with_python_operator_v07, task_id=greet, execution_date=20211105T000000, start_date=20230530T113653, end_date=20230530T113654
[2023-05-30T11:36:54.861+0000] {local_task_job.py:159} INFO - Task exited with return code 0
[2023-05-30T11:36:54.918+0000] {taskinstance.py:2582} INFO - 0 downstream tasks scheduled from follow-on schedule check
[2023-06-07T06:31:53.722+0000] {taskinstance.py:1087} INFO - Dependencies all met for <TaskInstance: our_dag_with_python_operator_v07.greet scheduled__2021-11-05T00:00:00+00:00 [queued]>
[2023-06-07T06:31:53.906+0000] {taskinstance.py:1087} INFO - Dependencies all met for <TaskInstance: our_dag_with_python_operator_v07.greet scheduled__2021-11-05T00:00:00+00:00 [queued]>
[2023-06-07T06:31:53.908+0000] {taskinstance.py:1283} INFO - 
--------------------------------------------------------------------------------
[2023-06-07T06:31:53.909+0000] {taskinstance.py:1284} INFO - Starting attempt 1 of 6
[2023-06-07T06:31:53.911+0000] {taskinstance.py:1285} INFO - 
--------------------------------------------------------------------------------
[2023-06-07T06:31:54.077+0000] {taskinstance.py:1304} INFO - Executing <Task(PythonOperator): greet> on 2021-11-05 00:00:00+00:00
[2023-06-07T06:31:54.123+0000] {standard_task_runner.py:55} INFO - Started process 853 to run task
[2023-06-07T06:31:54.150+0000] {standard_task_runner.py:82} INFO - Running: ['***', 'tasks', 'run', 'our_dag_with_python_operator_v07', 'greet', 'scheduled__2021-11-05T00:00:00+00:00', '--job-id', '1160', '--raw', '--subdir', 'DAGS_FOLDER/dag_python_opr.py', '--cfg-path', '/tmp/tmpsoomgtu9']
[2023-06-07T06:31:54.153+0000] {standard_task_runner.py:83} INFO - Job 1160: Subtask greet
[2023-06-07T06:31:54.687+0000] {task_command.py:389} INFO - Running <TaskInstance: our_dag_with_python_operator_v07.greet scheduled__2021-11-05T00:00:00+00:00 [running]> on host 026ed797f3b3
[2023-06-07T06:31:55.201+0000] {taskinstance.py:1513} INFO - Exporting the following env vars:
AIRFLOW_CTX_DAG_OWNER=coder2j
AIRFLOW_CTX_DAG_ID=our_dag_with_python_operator_v07
AIRFLOW_CTX_TASK_ID=greet
AIRFLOW_CTX_EXECUTION_DATE=2021-11-05T00:00:00+00:00
AIRFLOW_CTX_TRY_NUMBER=1
AIRFLOW_CTX_DAG_RUN_ID=scheduled__2021-11-05T00:00:00+00:00
[2023-06-07T06:31:55.209+0000] {logging_mixin.py:137} INFO - some dict:  {'a': 1, 'b': 2}
[2023-06-07T06:31:55.420+0000] {logging_mixin.py:137} INFO - Hello World! My name is Jerry Fridman, and I am 19 years old!
[2023-06-07T06:31:55.425+0000] {python.py:177} INFO - Done. Returned value was: None
[2023-06-07T06:31:55.499+0000] {taskinstance.py:1327} INFO - Marking task as SUCCESS. dag_id=our_dag_with_python_operator_v07, task_id=greet, execution_date=20211105T000000, start_date=20230607T063153, end_date=20230607T063155
[2023-06-07T06:31:55.720+0000] {local_task_job.py:159} INFO - Task exited with return code 0
[2023-06-07T06:31:55.870+0000] {taskinstance.py:2582} INFO - 0 downstream tasks scheduled from follow-on schedule check
