[2023-05-30T12:33:29.346+0000] {taskinstance.py:1087} INFO - Dependencies all met for <TaskInstance: our_dag_with_python_operator_v07.get_age scheduled__2022-04-13T00:00:00+00:00 [queued]>
[2023-05-30T12:33:29.438+0000] {taskinstance.py:1087} INFO - Dependencies all met for <TaskInstance: our_dag_with_python_operator_v07.get_age scheduled__2022-04-13T00:00:00+00:00 [queued]>
[2023-05-30T12:33:29.443+0000] {taskinstance.py:1283} INFO - 
--------------------------------------------------------------------------------
[2023-05-30T12:33:29.451+0000] {taskinstance.py:1284} INFO - Starting attempt 1 of 6
[2023-05-30T12:33:29.453+0000] {taskinstance.py:1285} INFO - 
--------------------------------------------------------------------------------
[2023-05-30T12:33:29.532+0000] {taskinstance.py:1304} INFO - Executing <Task(PythonOperator): get_age> on 2022-04-13 00:00:00+00:00
[2023-05-30T12:33:29.558+0000] {standard_task_runner.py:55} INFO - Started process 10488 to run task
[2023-05-30T12:33:29.602+0000] {standard_task_runner.py:82} INFO - Running: ['***', 'tasks', 'run', 'our_dag_with_python_operator_v07', 'get_age', 'scheduled__2022-04-13T00:00:00+00:00', '--job-id', '1684', '--raw', '--subdir', 'DAGS_FOLDER/dag_python_opr.py', '--cfg-path', '/tmp/tmptu9ozt23']
[2023-05-30T12:33:29.612+0000] {standard_task_runner.py:83} INFO - Job 1684: Subtask get_age
[2023-05-30T12:33:29.877+0000] {task_command.py:389} INFO - Running <TaskInstance: our_dag_with_python_operator_v07.get_age scheduled__2022-04-13T00:00:00+00:00 [running]> on host 49219f98c96e
[2023-05-30T12:33:30.281+0000] {taskinstance.py:1513} INFO - Exporting the following env vars:
AIRFLOW_CTX_DAG_OWNER=coder2j
AIRFLOW_CTX_DAG_ID=our_dag_with_python_operator_v07
AIRFLOW_CTX_TASK_ID=get_age
AIRFLOW_CTX_EXECUTION_DATE=2022-04-13T00:00:00+00:00
AIRFLOW_CTX_TRY_NUMBER=1
AIRFLOW_CTX_DAG_RUN_ID=scheduled__2022-04-13T00:00:00+00:00
[2023-05-30T12:33:30.338+0000] {python.py:177} INFO - Done. Returned value was: None
[2023-05-30T12:33:30.384+0000] {taskinstance.py:1327} INFO - Marking task as SUCCESS. dag_id=our_dag_with_python_operator_v07, task_id=get_age, execution_date=20220413T000000, start_date=20230530T123329, end_date=20230530T123330
[2023-05-30T12:33:30.493+0000] {local_task_job.py:159} INFO - Task exited with return code 0
[2023-05-30T12:33:30.570+0000] {taskinstance.py:2582} INFO - 0 downstream tasks scheduled from follow-on schedule check
[2023-06-07T06:38:08.795+0000] {taskinstance.py:1087} INFO - Dependencies all met for <TaskInstance: our_dag_with_python_operator_v07.get_age scheduled__2022-04-13T00:00:00+00:00 [queued]>
[2023-06-07T06:38:08.895+0000] {taskinstance.py:1087} INFO - Dependencies all met for <TaskInstance: our_dag_with_python_operator_v07.get_age scheduled__2022-04-13T00:00:00+00:00 [queued]>
[2023-06-07T06:38:08.900+0000] {taskinstance.py:1283} INFO - 
--------------------------------------------------------------------------------
[2023-06-07T06:38:08.902+0000] {taskinstance.py:1284} INFO - Starting attempt 1 of 6
[2023-06-07T06:38:08.904+0000] {taskinstance.py:1285} INFO - 
--------------------------------------------------------------------------------
[2023-06-07T06:38:09.076+0000] {taskinstance.py:1304} INFO - Executing <Task(PythonOperator): get_age> on 2022-04-13 00:00:00+00:00
[2023-06-07T06:38:09.164+0000] {standard_task_runner.py:55} INFO - Started process 3416 to run task
[2023-06-07T06:38:09.223+0000] {standard_task_runner.py:82} INFO - Running: ['***', 'tasks', 'run', 'our_dag_with_python_operator_v07', 'get_age', 'scheduled__2022-04-13T00:00:00+00:00', '--job-id', '2086', '--raw', '--subdir', 'DAGS_FOLDER/dag_python_opr.py', '--cfg-path', '/tmp/tmp5uu7dsxr']
[2023-06-07T06:38:09.241+0000] {standard_task_runner.py:83} INFO - Job 2086: Subtask get_age
[2023-06-07T06:38:10.262+0000] {task_command.py:389} INFO - Running <TaskInstance: our_dag_with_python_operator_v07.get_age scheduled__2022-04-13T00:00:00+00:00 [running]> on host 026ed797f3b3
[2023-06-07T06:38:11.219+0000] {taskinstance.py:1513} INFO - Exporting the following env vars:
AIRFLOW_CTX_DAG_OWNER=coder2j
AIRFLOW_CTX_DAG_ID=our_dag_with_python_operator_v07
AIRFLOW_CTX_TASK_ID=get_age
AIRFLOW_CTX_EXECUTION_DATE=2022-04-13T00:00:00+00:00
AIRFLOW_CTX_TRY_NUMBER=1
AIRFLOW_CTX_DAG_RUN_ID=scheduled__2022-04-13T00:00:00+00:00
[2023-06-07T06:38:11.349+0000] {python.py:177} INFO - Done. Returned value was: None
[2023-06-07T06:38:11.471+0000] {taskinstance.py:1327} INFO - Marking task as SUCCESS. dag_id=our_dag_with_python_operator_v07, task_id=get_age, execution_date=20220413T000000, start_date=20230607T063808, end_date=20230607T063811
[2023-06-07T06:38:11.697+0000] {local_task_job.py:159} INFO - Task exited with return code 0
[2023-06-07T06:38:11.984+0000] {taskinstance.py:2582} INFO - 0 downstream tasks scheduled from follow-on schedule check
