[2023-05-30T12:34:10.446+0000] {taskinstance.py:1087} INFO - Dependencies all met for <TaskInstance: our_dag_with_python_operator_v07.greet scheduled__2022-05-17T00:00:00+00:00 [queued]>
[2023-05-30T12:34:10.493+0000] {taskinstance.py:1087} INFO - Dependencies all met for <TaskInstance: our_dag_with_python_operator_v07.greet scheduled__2022-05-17T00:00:00+00:00 [queued]>
[2023-05-30T12:34:10.495+0000] {taskinstance.py:1283} INFO - 
--------------------------------------------------------------------------------
[2023-05-30T12:34:10.503+0000] {taskinstance.py:1284} INFO - Starting attempt 1 of 6
[2023-05-30T12:34:10.505+0000] {taskinstance.py:1285} INFO - 
--------------------------------------------------------------------------------
[2023-05-30T12:34:10.571+0000] {taskinstance.py:1304} INFO - Executing <Task(PythonOperator): greet> on 2022-05-17 00:00:00+00:00
[2023-05-30T12:34:10.587+0000] {standard_task_runner.py:55} INFO - Started process 10748 to run task
[2023-05-30T12:34:10.620+0000] {standard_task_runner.py:82} INFO - Running: ['***', 'tasks', 'run', 'our_dag_with_python_operator_v07', 'greet', 'scheduled__2022-05-17T00:00:00+00:00', '--job-id', '1798', '--raw', '--subdir', 'DAGS_FOLDER/dag_python_opr.py', '--cfg-path', '/tmp/tmphocdupec']
[2023-05-30T12:34:10.622+0000] {standard_task_runner.py:83} INFO - Job 1798: Subtask greet
[2023-05-30T12:34:10.886+0000] {task_command.py:389} INFO - Running <TaskInstance: our_dag_with_python_operator_v07.greet scheduled__2022-05-17T00:00:00+00:00 [running]> on host 49219f98c96e
[2023-05-30T12:34:11.375+0000] {taskinstance.py:1513} INFO - Exporting the following env vars:
AIRFLOW_CTX_DAG_OWNER=coder2j
AIRFLOW_CTX_DAG_ID=our_dag_with_python_operator_v07
AIRFLOW_CTX_TASK_ID=greet
AIRFLOW_CTX_EXECUTION_DATE=2022-05-17T00:00:00+00:00
AIRFLOW_CTX_TRY_NUMBER=1
AIRFLOW_CTX_DAG_RUN_ID=scheduled__2022-05-17T00:00:00+00:00
[2023-05-30T12:34:11.380+0000] {logging_mixin.py:137} INFO - some dict:  {'a': 1, 'b': 2}
[2023-05-30T12:34:11.501+0000] {logging_mixin.py:137} INFO - Hello World! My name is Jerry Fridman, and I am 19 years old!
[2023-05-30T12:34:11.503+0000] {python.py:177} INFO - Done. Returned value was: None
[2023-05-30T12:34:11.546+0000] {taskinstance.py:1327} INFO - Marking task as SUCCESS. dag_id=our_dag_with_python_operator_v07, task_id=greet, execution_date=20220517T000000, start_date=20230530T123410, end_date=20230530T123411
[2023-05-30T12:34:11.659+0000] {local_task_job.py:159} INFO - Task exited with return code 0
[2023-05-30T12:34:11.716+0000] {taskinstance.py:2582} INFO - 0 downstream tasks scheduled from follow-on schedule check
[2023-06-07T06:39:47.927+0000] {taskinstance.py:1087} INFO - Dependencies all met for <TaskInstance: our_dag_with_python_operator_v07.greet scheduled__2022-05-17T00:00:00+00:00 [queued]>
[2023-06-07T06:39:48.104+0000] {taskinstance.py:1087} INFO - Dependencies all met for <TaskInstance: our_dag_with_python_operator_v07.greet scheduled__2022-05-17T00:00:00+00:00 [queued]>
[2023-06-07T06:39:48.106+0000] {taskinstance.py:1283} INFO - 
--------------------------------------------------------------------------------
[2023-06-07T06:39:48.107+0000] {taskinstance.py:1284} INFO - Starting attempt 1 of 6
[2023-06-07T06:39:48.110+0000] {taskinstance.py:1285} INFO - 
--------------------------------------------------------------------------------
[2023-06-07T06:39:48.326+0000] {taskinstance.py:1304} INFO - Executing <Task(PythonOperator): greet> on 2022-05-17 00:00:00+00:00
[2023-06-07T06:39:48.372+0000] {standard_task_runner.py:55} INFO - Started process 4047 to run task
[2023-06-07T06:39:48.417+0000] {standard_task_runner.py:82} INFO - Running: ['***', 'tasks', 'run', 'our_dag_with_python_operator_v07', 'greet', 'scheduled__2022-05-17T00:00:00+00:00', '--job-id', '2310', '--raw', '--subdir', 'DAGS_FOLDER/dag_python_opr.py', '--cfg-path', '/tmp/tmp363361lr']
[2023-06-07T06:39:48.420+0000] {standard_task_runner.py:83} INFO - Job 2310: Subtask greet
[2023-06-07T06:39:49.129+0000] {task_command.py:389} INFO - Running <TaskInstance: our_dag_with_python_operator_v07.greet scheduled__2022-05-17T00:00:00+00:00 [running]> on host 026ed797f3b3
[2023-06-07T06:39:49.880+0000] {taskinstance.py:1513} INFO - Exporting the following env vars:
AIRFLOW_CTX_DAG_OWNER=coder2j
AIRFLOW_CTX_DAG_ID=our_dag_with_python_operator_v07
AIRFLOW_CTX_TASK_ID=greet
AIRFLOW_CTX_EXECUTION_DATE=2022-05-17T00:00:00+00:00
AIRFLOW_CTX_TRY_NUMBER=1
AIRFLOW_CTX_DAG_RUN_ID=scheduled__2022-05-17T00:00:00+00:00
[2023-06-07T06:39:49.890+0000] {logging_mixin.py:137} INFO - some dict:  {'a': 1, 'b': 2}
[2023-06-07T06:39:50.093+0000] {logging_mixin.py:137} INFO - Hello World! My name is Jerry Fridman, and I am 19 years old!
[2023-06-07T06:39:50.099+0000] {python.py:177} INFO - Done. Returned value was: None
[2023-06-07T06:39:50.202+0000] {taskinstance.py:1327} INFO - Marking task as SUCCESS. dag_id=our_dag_with_python_operator_v07, task_id=greet, execution_date=20220517T000000, start_date=20230607T063947, end_date=20230607T063950
[2023-06-07T06:39:50.394+0000] {local_task_job.py:159} INFO - Task exited with return code 0
[2023-06-07T06:39:50.883+0000] {taskinstance.py:2582} INFO - 0 downstream tasks scheduled from follow-on schedule check
