[2023-05-30T12:34:27.022+0000] {taskinstance.py:1087} INFO - Dependencies all met for <TaskInstance: our_dag_with_python_operator_v07.get_name scheduled__2022-06-04T00:00:00+00:00 [queued]>
[2023-05-30T12:34:27.058+0000] {taskinstance.py:1087} INFO - Dependencies all met for <TaskInstance: our_dag_with_python_operator_v07.get_name scheduled__2022-06-04T00:00:00+00:00 [queued]>
[2023-05-30T12:34:27.060+0000] {taskinstance.py:1283} INFO - 
--------------------------------------------------------------------------------
[2023-05-30T12:34:27.062+0000] {taskinstance.py:1284} INFO - Starting attempt 1 of 6
[2023-05-30T12:34:27.065+0000] {taskinstance.py:1285} INFO - 
--------------------------------------------------------------------------------
[2023-05-30T12:34:27.112+0000] {taskinstance.py:1304} INFO - Executing <Task(PythonOperator): get_name> on 2022-06-04 00:00:00+00:00
[2023-05-30T12:34:27.133+0000] {standard_task_runner.py:82} INFO - Running: ['***', 'tasks', 'run', 'our_dag_with_python_operator_v07', 'get_name', 'scheduled__2022-06-04T00:00:00+00:00', '--job-id', '1842', '--raw', '--subdir', 'DAGS_FOLDER/dag_python_opr.py', '--cfg-path', '/tmp/tmptv5sa0_o']
[2023-05-30T12:34:27.143+0000] {standard_task_runner.py:83} INFO - Job 1842: Subtask get_name
[2023-05-30T12:34:27.120+0000] {standard_task_runner.py:55} INFO - Started process 10859 to run task
[2023-05-30T12:34:27.343+0000] {task_command.py:389} INFO - Running <TaskInstance: our_dag_with_python_operator_v07.get_name scheduled__2022-06-04T00:00:00+00:00 [running]> on host 49219f98c96e
[2023-05-30T12:34:27.705+0000] {taskinstance.py:1513} INFO - Exporting the following env vars:
AIRFLOW_CTX_DAG_OWNER=coder2j
AIRFLOW_CTX_DAG_ID=our_dag_with_python_operator_v07
AIRFLOW_CTX_TASK_ID=get_name
AIRFLOW_CTX_EXECUTION_DATE=2022-06-04T00:00:00+00:00
AIRFLOW_CTX_TRY_NUMBER=1
AIRFLOW_CTX_DAG_RUN_ID=scheduled__2022-06-04T00:00:00+00:00
[2023-05-30T12:34:27.838+0000] {python.py:177} INFO - Done. Returned value was: None
[2023-05-30T12:34:27.908+0000] {taskinstance.py:1327} INFO - Marking task as SUCCESS. dag_id=our_dag_with_python_operator_v07, task_id=get_name, execution_date=20220604T000000, start_date=20230530T123427, end_date=20230530T123427
[2023-05-30T12:34:28.059+0000] {local_task_job.py:159} INFO - Task exited with return code 0
[2023-05-30T12:34:28.119+0000] {taskinstance.py:2582} INFO - 1 downstream tasks scheduled from follow-on schedule check
[2023-06-07T06:40:20.362+0000] {taskinstance.py:1087} INFO - Dependencies all met for <TaskInstance: our_dag_with_python_operator_v07.get_name scheduled__2022-06-04T00:00:00+00:00 [queued]>
[2023-06-07T06:40:20.411+0000] {taskinstance.py:1087} INFO - Dependencies all met for <TaskInstance: our_dag_with_python_operator_v07.get_name scheduled__2022-06-04T00:00:00+00:00 [queued]>
[2023-06-07T06:40:20.413+0000] {taskinstance.py:1283} INFO - 
--------------------------------------------------------------------------------
[2023-06-07T06:40:20.416+0000] {taskinstance.py:1284} INFO - Starting attempt 1 of 6
[2023-06-07T06:40:20.418+0000] {taskinstance.py:1285} INFO - 
--------------------------------------------------------------------------------
[2023-06-07T06:40:20.504+0000] {taskinstance.py:1304} INFO - Executing <Task(PythonOperator): get_name> on 2022-06-04 00:00:00+00:00
[2023-06-07T06:40:20.537+0000] {standard_task_runner.py:55} INFO - Started process 4248 to run task
[2023-06-07T06:40:20.555+0000] {standard_task_runner.py:82} INFO - Running: ['***', 'tasks', 'run', 'our_dag_with_python_operator_v07', 'get_name', 'scheduled__2022-06-04T00:00:00+00:00', '--job-id', '2385', '--raw', '--subdir', 'DAGS_FOLDER/dag_python_opr.py', '--cfg-path', '/tmp/tmp7_99p9vo']
[2023-06-07T06:40:20.558+0000] {standard_task_runner.py:83} INFO - Job 2385: Subtask get_name
[2023-06-07T06:40:20.825+0000] {task_command.py:389} INFO - Running <TaskInstance: our_dag_with_python_operator_v07.get_name scheduled__2022-06-04T00:00:00+00:00 [running]> on host 026ed797f3b3
[2023-06-07T06:40:21.141+0000] {taskinstance.py:1513} INFO - Exporting the following env vars:
AIRFLOW_CTX_DAG_OWNER=coder2j
AIRFLOW_CTX_DAG_ID=our_dag_with_python_operator_v07
AIRFLOW_CTX_TASK_ID=get_name
AIRFLOW_CTX_EXECUTION_DATE=2022-06-04T00:00:00+00:00
AIRFLOW_CTX_TRY_NUMBER=1
AIRFLOW_CTX_DAG_RUN_ID=scheduled__2022-06-04T00:00:00+00:00
[2023-06-07T06:40:21.257+0000] {python.py:177} INFO - Done. Returned value was: None
[2023-06-07T06:40:21.318+0000] {taskinstance.py:1327} INFO - Marking task as SUCCESS. dag_id=our_dag_with_python_operator_v07, task_id=get_name, execution_date=20220604T000000, start_date=20230607T064020, end_date=20230607T064021
[2023-06-07T06:40:21.423+0000] {local_task_job.py:159} INFO - Task exited with return code 0
[2023-06-07T06:40:22.319+0000] {taskinstance.py:2582} INFO - 0 downstream tasks scheduled from follow-on schedule check
