[2023-05-30T11:29:12.401+0000] {taskinstance.py:1087} INFO - Dependencies all met for <TaskInstance: our_first_dag_v5.second_task scheduled__2021-10-09T00:00:00+00:00 [queued]>
[2023-05-30T11:29:12.458+0000] {taskinstance.py:1087} INFO - Dependencies all met for <TaskInstance: our_first_dag_v5.second_task scheduled__2021-10-09T00:00:00+00:00 [queued]>
[2023-05-30T11:29:12.460+0000] {taskinstance.py:1283} INFO - 
--------------------------------------------------------------------------------
[2023-05-30T11:29:12.463+0000] {taskinstance.py:1284} INFO - Starting attempt 1 of 6
[2023-05-30T11:29:12.465+0000] {taskinstance.py:1285} INFO - 
--------------------------------------------------------------------------------
[2023-05-30T11:29:12.569+0000] {taskinstance.py:1304} INFO - Executing <Task(BashOperator): second_task> on 2021-10-09 00:00:00+00:00
[2023-05-30T11:29:12.598+0000] {standard_task_runner.py:55} INFO - Started process 2394 to run task
[2023-05-30T11:29:12.619+0000] {standard_task_runner.py:82} INFO - Running: ['***', 'tasks', 'run', 'our_first_dag_v5', 'second_task', 'scheduled__2021-10-09T00:00:00+00:00', '--job-id', '224', '--raw', '--subdir', 'DAGS_FOLDER/first_Dag.py', '--cfg-path', '/tmp/tmpqxpwvybg']
[2023-05-30T11:29:12.624+0000] {standard_task_runner.py:83} INFO - Job 224: Subtask second_task
[2023-05-30T11:29:12.928+0000] {task_command.py:389} INFO - Running <TaskInstance: our_first_dag_v5.second_task scheduled__2021-10-09T00:00:00+00:00 [running]> on host 49219f98c96e
[2023-05-30T11:29:13.144+0000] {taskinstance.py:1513} INFO - Exporting the following env vars:
AIRFLOW_CTX_DAG_OWNER=coder2j
AIRFLOW_CTX_DAG_ID=our_first_dag_v5
AIRFLOW_CTX_TASK_ID=second_task
AIRFLOW_CTX_EXECUTION_DATE=2021-10-09T00:00:00+00:00
AIRFLOW_CTX_TRY_NUMBER=1
AIRFLOW_CTX_DAG_RUN_ID=scheduled__2021-10-09T00:00:00+00:00
[2023-05-30T11:29:13.157+0000] {subprocess.py:63} INFO - Tmp dir root location: 
 /tmp
[2023-05-30T11:29:13.159+0000] {subprocess.py:75} INFO - Running command: ['/bin/bash', '-c', 'echo hey, I am task2 and will be running after task1!']
[2023-05-30T11:29:13.213+0000] {subprocess.py:86} INFO - Output:
[2023-05-30T11:29:13.221+0000] {subprocess.py:93} INFO - hey, I am task2 and will be running after task1!
[2023-05-30T11:29:13.226+0000] {subprocess.py:97} INFO - Command exited with return code 0
[2023-05-30T11:29:13.284+0000] {taskinstance.py:1327} INFO - Marking task as SUCCESS. dag_id=our_first_dag_v5, task_id=second_task, execution_date=20211009T000000, start_date=20230530T112912, end_date=20230530T112913
[2023-05-30T11:29:13.370+0000] {local_task_job.py:159} INFO - Task exited with return code 0
[2023-05-30T11:29:13.444+0000] {taskinstance.py:2582} INFO - 0 downstream tasks scheduled from follow-on schedule check
[2023-06-07T06:33:29.986+0000] {taskinstance.py:1087} INFO - Dependencies all met for <TaskInstance: our_first_dag_v5.second_task scheduled__2021-10-09T00:00:00+00:00 [queued]>
[2023-06-07T06:33:30.124+0000] {taskinstance.py:1087} INFO - Dependencies all met for <TaskInstance: our_first_dag_v5.second_task scheduled__2021-10-09T00:00:00+00:00 [queued]>
[2023-06-07T06:33:30.126+0000] {taskinstance.py:1283} INFO - 
--------------------------------------------------------------------------------
[2023-06-07T06:33:30.128+0000] {taskinstance.py:1284} INFO - Starting attempt 1 of 6
[2023-06-07T06:33:30.130+0000] {taskinstance.py:1285} INFO - 
--------------------------------------------------------------------------------
[2023-06-07T06:33:30.377+0000] {taskinstance.py:1304} INFO - Executing <Task(BashOperator): second_task> on 2021-10-09 00:00:00+00:00
[2023-06-07T06:33:30.450+0000] {standard_task_runner.py:55} INFO - Started process 1606 to run task
[2023-06-07T06:33:30.484+0000] {standard_task_runner.py:82} INFO - Running: ['***', 'tasks', 'run', 'our_first_dag_v5', 'second_task', 'scheduled__2021-10-09T00:00:00+00:00', '--job-id', '1436', '--raw', '--subdir', 'DAGS_FOLDER/first_Dag.py', '--cfg-path', '/tmp/tmpf2ioh8xr']
[2023-06-07T06:33:30.491+0000] {standard_task_runner.py:83} INFO - Job 1436: Subtask second_task
[2023-06-07T06:33:31.086+0000] {task_command.py:389} INFO - Running <TaskInstance: our_first_dag_v5.second_task scheduled__2021-10-09T00:00:00+00:00 [running]> on host 026ed797f3b3
[2023-06-07T06:33:31.604+0000] {taskinstance.py:1513} INFO - Exporting the following env vars:
AIRFLOW_CTX_DAG_OWNER=coder2j
AIRFLOW_CTX_DAG_ID=our_first_dag_v5
AIRFLOW_CTX_TASK_ID=second_task
AIRFLOW_CTX_EXECUTION_DATE=2021-10-09T00:00:00+00:00
AIRFLOW_CTX_TRY_NUMBER=1
AIRFLOW_CTX_DAG_RUN_ID=scheduled__2021-10-09T00:00:00+00:00
[2023-06-07T06:33:31.608+0000] {subprocess.py:63} INFO - Tmp dir root location: 
 /tmp
[2023-06-07T06:33:31.612+0000] {subprocess.py:75} INFO - Running command: ['/bin/bash', '-c', 'echo hey, I am task2 and will be running after task1!']
[2023-06-07T06:33:31.848+0000] {subprocess.py:86} INFO - Output:
[2023-06-07T06:33:31.854+0000] {subprocess.py:93} INFO - hey, I am task2 and will be running after task1!
[2023-06-07T06:33:31.857+0000] {subprocess.py:97} INFO - Command exited with return code 0
[2023-06-07T06:33:32.073+0000] {taskinstance.py:1327} INFO - Marking task as SUCCESS. dag_id=our_first_dag_v5, task_id=second_task, execution_date=20211009T000000, start_date=20230607T063330, end_date=20230607T063332
[2023-06-07T06:33:32.247+0000] {local_task_job.py:159} INFO - Task exited with return code 0
[2023-06-07T06:33:32.411+0000] {taskinstance.py:2582} INFO - 0 downstream tasks scheduled from follow-on schedule check
