[2023-05-30T12:33:10.820+0000] {taskinstance.py:1087} INFO - Dependencies all met for <TaskInstance: our_dag_with_python_operator_v07.get_name scheduled__2022-03-26T00:00:00+00:00 [queued]>
[2023-05-30T12:33:10.852+0000] {taskinstance.py:1087} INFO - Dependencies all met for <TaskInstance: our_dag_with_python_operator_v07.get_name scheduled__2022-03-26T00:00:00+00:00 [queued]>
[2023-05-30T12:33:10.854+0000] {taskinstance.py:1283} INFO - 
--------------------------------------------------------------------------------
[2023-05-30T12:33:10.856+0000] {taskinstance.py:1284} INFO - Starting attempt 1 of 6
[2023-05-30T12:33:10.857+0000] {taskinstance.py:1285} INFO - 
--------------------------------------------------------------------------------
[2023-05-30T12:33:10.900+0000] {taskinstance.py:1304} INFO - Executing <Task(PythonOperator): get_name> on 2022-03-26 00:00:00+00:00
[2023-05-30T12:33:10.908+0000] {standard_task_runner.py:55} INFO - Started process 10359 to run task
[2023-05-30T12:33:10.952+0000] {standard_task_runner.py:82} INFO - Running: ['***', 'tasks', 'run', 'our_dag_with_python_operator_v07', 'get_name', 'scheduled__2022-03-26T00:00:00+00:00', '--job-id', '1631', '--raw', '--subdir', 'DAGS_FOLDER/dag_python_opr.py', '--cfg-path', '/tmp/tmp46raall9']
[2023-05-30T12:33:10.955+0000] {standard_task_runner.py:83} INFO - Job 1631: Subtask get_name
[2023-05-30T12:33:11.367+0000] {task_command.py:389} INFO - Running <TaskInstance: our_dag_with_python_operator_v07.get_name scheduled__2022-03-26T00:00:00+00:00 [running]> on host 49219f98c96e
[2023-05-30T12:33:11.646+0000] {taskinstance.py:1513} INFO - Exporting the following env vars:
AIRFLOW_CTX_DAG_OWNER=coder2j
AIRFLOW_CTX_DAG_ID=our_dag_with_python_operator_v07
AIRFLOW_CTX_TASK_ID=get_name
AIRFLOW_CTX_EXECUTION_DATE=2022-03-26T00:00:00+00:00
AIRFLOW_CTX_TRY_NUMBER=1
AIRFLOW_CTX_DAG_RUN_ID=scheduled__2022-03-26T00:00:00+00:00
[2023-05-30T12:33:11.773+0000] {python.py:177} INFO - Done. Returned value was: None
[2023-05-30T12:33:11.835+0000] {taskinstance.py:1327} INFO - Marking task as SUCCESS. dag_id=our_dag_with_python_operator_v07, task_id=get_name, execution_date=20220326T000000, start_date=20230530T123310, end_date=20230530T123311
[2023-05-30T12:33:11.993+0000] {local_task_job.py:159} INFO - Task exited with return code 0
[2023-05-30T12:33:12.049+0000] {taskinstance.py:2582} INFO - 0 downstream tasks scheduled from follow-on schedule check
[2023-06-07T06:37:31.875+0000] {taskinstance.py:1087} INFO - Dependencies all met for <TaskInstance: our_dag_with_python_operator_v07.get_name scheduled__2022-03-26T00:00:00+00:00 [queued]>
[2023-06-07T06:37:31.999+0000] {taskinstance.py:1087} INFO - Dependencies all met for <TaskInstance: our_dag_with_python_operator_v07.get_name scheduled__2022-03-26T00:00:00+00:00 [queued]>
[2023-06-07T06:37:32.006+0000] {taskinstance.py:1283} INFO - 
--------------------------------------------------------------------------------
[2023-06-07T06:37:32.008+0000] {taskinstance.py:1284} INFO - Starting attempt 1 of 6
[2023-06-07T06:37:32.011+0000] {taskinstance.py:1285} INFO - 
--------------------------------------------------------------------------------
[2023-06-07T06:37:32.499+0000] {taskinstance.py:1304} INFO - Executing <Task(PythonOperator): get_name> on 2022-03-26 00:00:00+00:00
[2023-06-07T06:37:32.554+0000] {standard_task_runner.py:55} INFO - Started process 3143 to run task
[2023-06-07T06:37:32.655+0000] {standard_task_runner.py:82} INFO - Running: ['***', 'tasks', 'run', 'our_dag_with_python_operator_v07', 'get_name', 'scheduled__2022-03-26T00:00:00+00:00', '--job-id', '1983', '--raw', '--subdir', 'DAGS_FOLDER/dag_python_opr.py', '--cfg-path', '/tmp/tmpwetlbqj5']
[2023-06-07T06:37:32.668+0000] {standard_task_runner.py:83} INFO - Job 1983: Subtask get_name
[2023-06-07T06:37:33.388+0000] {task_command.py:389} INFO - Running <TaskInstance: our_dag_with_python_operator_v07.get_name scheduled__2022-03-26T00:00:00+00:00 [running]> on host 026ed797f3b3
[2023-06-07T06:37:34.614+0000] {taskinstance.py:1513} INFO - Exporting the following env vars:
AIRFLOW_CTX_DAG_OWNER=coder2j
AIRFLOW_CTX_DAG_ID=our_dag_with_python_operator_v07
AIRFLOW_CTX_TASK_ID=get_name
AIRFLOW_CTX_EXECUTION_DATE=2022-03-26T00:00:00+00:00
AIRFLOW_CTX_TRY_NUMBER=1
AIRFLOW_CTX_DAG_RUN_ID=scheduled__2022-03-26T00:00:00+00:00
[2023-06-07T06:37:34.860+0000] {python.py:177} INFO - Done. Returned value was: None
[2023-06-07T06:37:34.935+0000] {taskinstance.py:1327} INFO - Marking task as SUCCESS. dag_id=our_dag_with_python_operator_v07, task_id=get_name, execution_date=20220326T000000, start_date=20230607T063731, end_date=20230607T063734
[2023-06-07T06:37:35.149+0000] {local_task_job.py:159} INFO - Task exited with return code 0
[2023-06-07T06:37:35.395+0000] {taskinstance.py:2582} INFO - 1 downstream tasks scheduled from follow-on schedule check
