[2023-05-30T11:29:09.254+0000] {taskinstance.py:1087} INFO - Dependencies all met for <TaskInstance: our_first_dag_v5.thrid_task scheduled__2021-10-04T00:00:00+00:00 [queued]>
[2023-05-30T11:29:09.293+0000] {taskinstance.py:1087} INFO - Dependencies all met for <TaskInstance: our_first_dag_v5.thrid_task scheduled__2021-10-04T00:00:00+00:00 [queued]>
[2023-05-30T11:29:09.294+0000] {taskinstance.py:1283} INFO - 
--------------------------------------------------------------------------------
[2023-05-30T11:29:09.296+0000] {taskinstance.py:1284} INFO - Starting attempt 1 of 6
[2023-05-30T11:29:09.297+0000] {taskinstance.py:1285} INFO - 
--------------------------------------------------------------------------------
[2023-05-30T11:29:09.340+0000] {taskinstance.py:1304} INFO - Executing <Task(BashOperator): thrid_task> on 2021-10-04 00:00:00+00:00
[2023-05-30T11:29:09.350+0000] {standard_task_runner.py:55} INFO - Started process 2350 to run task
[2023-05-30T11:29:09.380+0000] {standard_task_runner.py:82} INFO - Running: ['***', 'tasks', 'run', 'our_first_dag_v5', 'thrid_task', 'scheduled__2021-10-04T00:00:00+00:00', '--job-id', '210', '--raw', '--subdir', 'DAGS_FOLDER/first_Dag.py', '--cfg-path', '/tmp/tmp02fgcc5n']
[2023-05-30T11:29:09.383+0000] {standard_task_runner.py:83} INFO - Job 210: Subtask thrid_task
[2023-05-30T11:29:09.624+0000] {task_command.py:389} INFO - Running <TaskInstance: our_first_dag_v5.thrid_task scheduled__2021-10-04T00:00:00+00:00 [running]> on host 49219f98c96e
[2023-05-30T11:29:09.808+0000] {taskinstance.py:1513} INFO - Exporting the following env vars:
AIRFLOW_CTX_DAG_OWNER=coder2j
AIRFLOW_CTX_DAG_ID=our_first_dag_v5
AIRFLOW_CTX_TASK_ID=thrid_task
AIRFLOW_CTX_EXECUTION_DATE=2021-10-04T00:00:00+00:00
AIRFLOW_CTX_TRY_NUMBER=1
AIRFLOW_CTX_DAG_RUN_ID=scheduled__2021-10-04T00:00:00+00:00
[2023-05-30T11:29:09.812+0000] {subprocess.py:63} INFO - Tmp dir root location: 
 /tmp
[2023-05-30T11:29:09.814+0000] {subprocess.py:75} INFO - Running command: ['/bin/bash', '-c', 'echo hey, I am task3 and will be running after task1 at the same time as task2!']
[2023-05-30T11:29:09.871+0000] {subprocess.py:86} INFO - Output:
[2023-05-30T11:29:09.878+0000] {subprocess.py:93} INFO - hey, I am task3 and will be running after task1 at the same time as task2!
[2023-05-30T11:29:09.881+0000] {subprocess.py:97} INFO - Command exited with return code 0
[2023-05-30T11:29:09.975+0000] {taskinstance.py:1327} INFO - Marking task as SUCCESS. dag_id=our_first_dag_v5, task_id=thrid_task, execution_date=20211004T000000, start_date=20230530T112909, end_date=20230530T112909
[2023-05-30T11:29:10.113+0000] {local_task_job.py:159} INFO - Task exited with return code 0
[2023-05-30T11:29:10.178+0000] {taskinstance.py:2582} INFO - 0 downstream tasks scheduled from follow-on schedule check
[2023-06-07T06:33:23.230+0000] {taskinstance.py:1087} INFO - Dependencies all met for <TaskInstance: our_first_dag_v5.thrid_task scheduled__2021-10-04T00:00:00+00:00 [queued]>
[2023-06-07T06:33:23.362+0000] {taskinstance.py:1087} INFO - Dependencies all met for <TaskInstance: our_first_dag_v5.thrid_task scheduled__2021-10-04T00:00:00+00:00 [queued]>
[2023-06-07T06:33:23.369+0000] {taskinstance.py:1283} INFO - 
--------------------------------------------------------------------------------
[2023-06-07T06:33:23.376+0000] {taskinstance.py:1284} INFO - Starting attempt 1 of 6
[2023-06-07T06:33:23.378+0000] {taskinstance.py:1285} INFO - 
--------------------------------------------------------------------------------
[2023-06-07T06:33:23.656+0000] {taskinstance.py:1304} INFO - Executing <Task(BashOperator): thrid_task> on 2021-10-04 00:00:00+00:00
[2023-06-07T06:33:23.716+0000] {standard_task_runner.py:82} INFO - Running: ['***', 'tasks', 'run', 'our_first_dag_v5', 'thrid_task', 'scheduled__2021-10-04T00:00:00+00:00', '--job-id', '1420', '--raw', '--subdir', 'DAGS_FOLDER/first_Dag.py', '--cfg-path', '/tmp/tmps0nie035']
[2023-06-07T06:33:23.725+0000] {standard_task_runner.py:83} INFO - Job 1420: Subtask thrid_task
[2023-06-07T06:33:23.718+0000] {standard_task_runner.py:55} INFO - Started process 1552 to run task
[2023-06-07T06:33:24.123+0000] {task_command.py:389} INFO - Running <TaskInstance: our_first_dag_v5.thrid_task scheduled__2021-10-04T00:00:00+00:00 [running]> on host 026ed797f3b3
[2023-06-07T06:33:24.744+0000] {taskinstance.py:1513} INFO - Exporting the following env vars:
AIRFLOW_CTX_DAG_OWNER=coder2j
AIRFLOW_CTX_DAG_ID=our_first_dag_v5
AIRFLOW_CTX_TASK_ID=thrid_task
AIRFLOW_CTX_EXECUTION_DATE=2021-10-04T00:00:00+00:00
AIRFLOW_CTX_TRY_NUMBER=1
AIRFLOW_CTX_DAG_RUN_ID=scheduled__2021-10-04T00:00:00+00:00
[2023-06-07T06:33:24.751+0000] {subprocess.py:63} INFO - Tmp dir root location: 
 /tmp
[2023-06-07T06:33:24.755+0000] {subprocess.py:75} INFO - Running command: ['/bin/bash', '-c', 'echo hey, I am task3 and will be running after task1 at the same time as task2!']
[2023-06-07T06:33:24.806+0000] {subprocess.py:86} INFO - Output:
[2023-06-07T06:33:24.820+0000] {subprocess.py:93} INFO - hey, I am task3 and will be running after task1 at the same time as task2!
[2023-06-07T06:33:24.824+0000] {subprocess.py:97} INFO - Command exited with return code 0
[2023-06-07T06:33:24.918+0000] {taskinstance.py:1327} INFO - Marking task as SUCCESS. dag_id=our_first_dag_v5, task_id=thrid_task, execution_date=20211004T000000, start_date=20230607T063323, end_date=20230607T063324
[2023-06-07T06:33:25.009+0000] {local_task_job.py:159} INFO - Task exited with return code 0
[2023-06-07T06:33:25.094+0000] {taskinstance.py:2582} INFO - 0 downstream tasks scheduled from follow-on schedule check
