[2023-05-30T11:30:21.513+0000] {taskinstance.py:1087} INFO - Dependencies all met for <TaskInstance: our_first_dag_v5.thrid_task scheduled__2021-12-12T00:00:00+00:00 [queued]>
[2023-05-30T11:30:21.619+0000] {taskinstance.py:1087} INFO - Dependencies all met for <TaskInstance: our_first_dag_v5.thrid_task scheduled__2021-12-12T00:00:00+00:00 [queued]>
[2023-05-30T11:30:21.621+0000] {taskinstance.py:1283} INFO - 
--------------------------------------------------------------------------------
[2023-05-30T11:30:21.626+0000] {taskinstance.py:1284} INFO - Starting attempt 1 of 6
[2023-05-30T11:30:21.627+0000] {taskinstance.py:1285} INFO - 
--------------------------------------------------------------------------------
[2023-05-30T11:30:21.696+0000] {taskinstance.py:1304} INFO - Executing <Task(BashOperator): thrid_task> on 2021-12-12 00:00:00+00:00
[2023-05-30T11:30:21.706+0000] {standard_task_runner.py:55} INFO - Started process 3035 to run task
[2023-05-30T11:30:21.737+0000] {standard_task_runner.py:82} INFO - Running: ['***', 'tasks', 'run', 'our_first_dag_v5', 'thrid_task', 'scheduled__2021-12-12T00:00:00+00:00', '--job-id', '415', '--raw', '--subdir', 'DAGS_FOLDER/first_Dag.py', '--cfg-path', '/tmp/tmpnijlqojm']
[2023-05-30T11:30:21.748+0000] {standard_task_runner.py:83} INFO - Job 415: Subtask thrid_task
[2023-05-30T11:30:22.073+0000] {task_command.py:389} INFO - Running <TaskInstance: our_first_dag_v5.thrid_task scheduled__2021-12-12T00:00:00+00:00 [running]> on host 49219f98c96e
[2023-05-30T11:30:22.469+0000] {taskinstance.py:1513} INFO - Exporting the following env vars:
AIRFLOW_CTX_DAG_OWNER=coder2j
AIRFLOW_CTX_DAG_ID=our_first_dag_v5
AIRFLOW_CTX_TASK_ID=thrid_task
AIRFLOW_CTX_EXECUTION_DATE=2021-12-12T00:00:00+00:00
AIRFLOW_CTX_TRY_NUMBER=1
AIRFLOW_CTX_DAG_RUN_ID=scheduled__2021-12-12T00:00:00+00:00
[2023-05-30T11:30:22.474+0000] {subprocess.py:63} INFO - Tmp dir root location: 
 /tmp
[2023-05-30T11:30:22.476+0000] {subprocess.py:75} INFO - Running command: ['/bin/bash', '-c', 'echo hey, I am task3 and will be running after task1 at the same time as task2!']
[2023-05-30T11:30:22.549+0000] {subprocess.py:86} INFO - Output:
[2023-05-30T11:30:22.558+0000] {subprocess.py:93} INFO - hey, I am task3 and will be running after task1 at the same time as task2!
[2023-05-30T11:30:22.560+0000] {subprocess.py:97} INFO - Command exited with return code 0
[2023-05-30T11:30:22.642+0000] {taskinstance.py:1327} INFO - Marking task as SUCCESS. dag_id=our_first_dag_v5, task_id=thrid_task, execution_date=20211212T000000, start_date=20230530T113021, end_date=20230530T113022
[2023-05-30T11:30:22.850+0000] {local_task_job.py:159} INFO - Task exited with return code 0
[2023-05-30T11:30:22.953+0000] {taskinstance.py:2582} INFO - 0 downstream tasks scheduled from follow-on schedule check
[2023-06-07T06:36:15.561+0000] {taskinstance.py:1087} INFO - Dependencies all met for <TaskInstance: our_first_dag_v5.thrid_task scheduled__2021-12-12T00:00:00+00:00 [queued]>
[2023-06-07T06:36:16.008+0000] {taskinstance.py:1087} INFO - Dependencies all met for <TaskInstance: our_first_dag_v5.thrid_task scheduled__2021-12-12T00:00:00+00:00 [queued]>
[2023-06-07T06:36:16.018+0000] {taskinstance.py:1283} INFO - 
--------------------------------------------------------------------------------
[2023-06-07T06:36:16.022+0000] {taskinstance.py:1284} INFO - Starting attempt 1 of 6
[2023-06-07T06:36:16.024+0000] {taskinstance.py:1285} INFO - 
--------------------------------------------------------------------------------
[2023-06-07T06:36:16.600+0000] {taskinstance.py:1304} INFO - Executing <Task(BashOperator): thrid_task> on 2021-12-12 00:00:00+00:00
[2023-06-07T06:36:16.638+0000] {standard_task_runner.py:55} INFO - Started process 2697 to run task
[2023-06-07T06:36:16.716+0000] {standard_task_runner.py:82} INFO - Running: ['***', 'tasks', 'run', 'our_first_dag_v5', 'thrid_task', 'scheduled__2021-12-12T00:00:00+00:00', '--job-id', '1827', '--raw', '--subdir', 'DAGS_FOLDER/first_Dag.py', '--cfg-path', '/tmp/tmp3t7_9d7x']
[2023-06-07T06:36:16.741+0000] {standard_task_runner.py:83} INFO - Job 1827: Subtask thrid_task
[2023-06-07T06:36:17.535+0000] {task_command.py:389} INFO - Running <TaskInstance: our_first_dag_v5.thrid_task scheduled__2021-12-12T00:00:00+00:00 [running]> on host 026ed797f3b3
[2023-06-07T06:36:18.913+0000] {taskinstance.py:1513} INFO - Exporting the following env vars:
AIRFLOW_CTX_DAG_OWNER=coder2j
AIRFLOW_CTX_DAG_ID=our_first_dag_v5
AIRFLOW_CTX_TASK_ID=thrid_task
AIRFLOW_CTX_EXECUTION_DATE=2021-12-12T00:00:00+00:00
AIRFLOW_CTX_TRY_NUMBER=1
AIRFLOW_CTX_DAG_RUN_ID=scheduled__2021-12-12T00:00:00+00:00
[2023-06-07T06:36:18.931+0000] {subprocess.py:63} INFO - Tmp dir root location: 
 /tmp
[2023-06-07T06:36:18.944+0000] {subprocess.py:75} INFO - Running command: ['/bin/bash', '-c', 'echo hey, I am task3 and will be running after task1 at the same time as task2!']
[2023-06-07T06:36:19.353+0000] {subprocess.py:86} INFO - Output:
[2023-06-07T06:36:19.408+0000] {subprocess.py:93} INFO - hey, I am task3 and will be running after task1 at the same time as task2!
[2023-06-07T06:36:19.456+0000] {subprocess.py:97} INFO - Command exited with return code 0
[2023-06-07T06:36:19.763+0000] {taskinstance.py:1327} INFO - Marking task as SUCCESS. dag_id=our_first_dag_v5, task_id=thrid_task, execution_date=20211212T000000, start_date=20230607T063615, end_date=20230607T063619
[2023-06-07T06:36:20.461+0000] {local_task_job.py:159} INFO - Task exited with return code 0
[2023-06-07T06:36:20.708+0000] {taskinstance.py:2582} INFO - 0 downstream tasks scheduled from follow-on schedule check
