[2023-05-30T11:29:33.397+0000] {taskinstance.py:1087} INFO - Dependencies all met for <TaskInstance: our_first_dag_v5.thrid_task scheduled__2021-10-31T00:00:00+00:00 [queued]>
[2023-05-30T11:29:33.434+0000] {taskinstance.py:1087} INFO - Dependencies all met for <TaskInstance: our_first_dag_v5.thrid_task scheduled__2021-10-31T00:00:00+00:00 [queued]>
[2023-05-30T11:29:33.436+0000] {taskinstance.py:1283} INFO - 
--------------------------------------------------------------------------------
[2023-05-30T11:29:33.437+0000] {taskinstance.py:1284} INFO - Starting attempt 1 of 6
[2023-05-30T11:29:33.438+0000] {taskinstance.py:1285} INFO - 
--------------------------------------------------------------------------------
[2023-05-30T11:29:33.498+0000] {taskinstance.py:1304} INFO - Executing <Task(BashOperator): thrid_task> on 2021-10-31 00:00:00+00:00
[2023-05-30T11:29:33.529+0000] {standard_task_runner.py:55} INFO - Started process 2616 to run task
[2023-05-30T11:29:33.586+0000] {standard_task_runner.py:82} INFO - Running: ['***', 'tasks', 'run', 'our_first_dag_v5', 'thrid_task', 'scheduled__2021-10-31T00:00:00+00:00', '--job-id', '290', '--raw', '--subdir', 'DAGS_FOLDER/first_Dag.py', '--cfg-path', '/tmp/tmp88xz2l4_']
[2023-05-30T11:29:33.589+0000] {standard_task_runner.py:83} INFO - Job 290: Subtask thrid_task
[2023-05-30T11:29:33.885+0000] {task_command.py:389} INFO - Running <TaskInstance: our_first_dag_v5.thrid_task scheduled__2021-10-31T00:00:00+00:00 [running]> on host 49219f98c96e
[2023-05-30T11:29:34.699+0000] {taskinstance.py:1513} INFO - Exporting the following env vars:
AIRFLOW_CTX_DAG_OWNER=coder2j
AIRFLOW_CTX_DAG_ID=our_first_dag_v5
AIRFLOW_CTX_TASK_ID=thrid_task
AIRFLOW_CTX_EXECUTION_DATE=2021-10-31T00:00:00+00:00
AIRFLOW_CTX_TRY_NUMBER=1
AIRFLOW_CTX_DAG_RUN_ID=scheduled__2021-10-31T00:00:00+00:00
[2023-05-30T11:29:34.709+0000] {subprocess.py:63} INFO - Tmp dir root location: 
 /tmp
[2023-05-30T11:29:34.713+0000] {subprocess.py:75} INFO - Running command: ['/bin/bash', '-c', 'echo hey, I am task3 and will be running after task1 at the same time as task2!']
[2023-05-30T11:29:34.818+0000] {subprocess.py:86} INFO - Output:
[2023-05-30T11:29:34.829+0000] {subprocess.py:93} INFO - hey, I am task3 and will be running after task1 at the same time as task2!
[2023-05-30T11:29:34.833+0000] {subprocess.py:97} INFO - Command exited with return code 0
[2023-05-30T11:29:35.022+0000] {taskinstance.py:1327} INFO - Marking task as SUCCESS. dag_id=our_first_dag_v5, task_id=thrid_task, execution_date=20211031T000000, start_date=20230530T112933, end_date=20230530T112935
[2023-05-30T11:29:35.236+0000] {local_task_job.py:159} INFO - Task exited with return code 0
[2023-05-30T11:29:35.395+0000] {taskinstance.py:2582} INFO - 0 downstream tasks scheduled from follow-on schedule check
[2023-06-07T06:34:29.425+0000] {taskinstance.py:1087} INFO - Dependencies all met for <TaskInstance: our_first_dag_v5.thrid_task scheduled__2021-10-31T00:00:00+00:00 [queued]>
[2023-06-07T06:34:29.479+0000] {taskinstance.py:1087} INFO - Dependencies all met for <TaskInstance: our_first_dag_v5.thrid_task scheduled__2021-10-31T00:00:00+00:00 [queued]>
[2023-06-07T06:34:29.481+0000] {taskinstance.py:1283} INFO - 
--------------------------------------------------------------------------------
[2023-06-07T06:34:29.484+0000] {taskinstance.py:1284} INFO - Starting attempt 1 of 6
[2023-06-07T06:34:29.489+0000] {taskinstance.py:1285} INFO - 
--------------------------------------------------------------------------------
[2023-06-07T06:34:29.975+0000] {taskinstance.py:1304} INFO - Executing <Task(BashOperator): thrid_task> on 2021-10-31 00:00:00+00:00
[2023-06-07T06:34:30.021+0000] {standard_task_runner.py:55} INFO - Started process 2014 to run task
[2023-06-07T06:34:30.044+0000] {standard_task_runner.py:82} INFO - Running: ['***', 'tasks', 'run', 'our_first_dag_v5', 'thrid_task', 'scheduled__2021-10-31T00:00:00+00:00', '--job-id', '1585', '--raw', '--subdir', 'DAGS_FOLDER/first_Dag.py', '--cfg-path', '/tmp/tmpaan5uwhm']
[2023-06-07T06:34:30.063+0000] {standard_task_runner.py:83} INFO - Job 1585: Subtask thrid_task
[2023-06-07T06:34:30.764+0000] {task_command.py:389} INFO - Running <TaskInstance: our_first_dag_v5.thrid_task scheduled__2021-10-31T00:00:00+00:00 [running]> on host 026ed797f3b3
[2023-06-07T06:34:31.736+0000] {taskinstance.py:1513} INFO - Exporting the following env vars:
AIRFLOW_CTX_DAG_OWNER=coder2j
AIRFLOW_CTX_DAG_ID=our_first_dag_v5
AIRFLOW_CTX_TASK_ID=thrid_task
AIRFLOW_CTX_EXECUTION_DATE=2021-10-31T00:00:00+00:00
AIRFLOW_CTX_TRY_NUMBER=1
AIRFLOW_CTX_DAG_RUN_ID=scheduled__2021-10-31T00:00:00+00:00
[2023-06-07T06:34:31.748+0000] {subprocess.py:63} INFO - Tmp dir root location: 
 /tmp
[2023-06-07T06:34:31.773+0000] {subprocess.py:75} INFO - Running command: ['/bin/bash', '-c', 'echo hey, I am task3 and will be running after task1 at the same time as task2!']
[2023-06-07T06:34:31.952+0000] {subprocess.py:86} INFO - Output:
[2023-06-07T06:34:31.970+0000] {subprocess.py:93} INFO - hey, I am task3 and will be running after task1 at the same time as task2!
[2023-06-07T06:34:31.972+0000] {subprocess.py:97} INFO - Command exited with return code 0
[2023-06-07T06:34:32.277+0000] {taskinstance.py:1327} INFO - Marking task as SUCCESS. dag_id=our_first_dag_v5, task_id=thrid_task, execution_date=20211031T000000, start_date=20230607T063429, end_date=20230607T063432
[2023-06-07T06:34:32.544+0000] {local_task_job.py:159} INFO - Task exited with return code 0
[2023-06-07T06:34:32.599+0000] {taskinstance.py:2582} INFO - 0 downstream tasks scheduled from follow-on schedule check
