[2023-05-30T11:28:24.197+0000] {taskinstance.py:1087} INFO - Dependencies all met for <TaskInstance: our_first_dag_v5.first_task scheduled__2021-08-28T00:00:00+00:00 [queued]>
[2023-05-30T11:28:24.292+0000] {taskinstance.py:1087} INFO - Dependencies all met for <TaskInstance: our_first_dag_v5.first_task scheduled__2021-08-28T00:00:00+00:00 [queued]>
[2023-05-30T11:28:24.296+0000] {taskinstance.py:1283} INFO - 
--------------------------------------------------------------------------------
[2023-05-30T11:28:24.298+0000] {taskinstance.py:1284} INFO - Starting attempt 1 of 6
[2023-05-30T11:28:24.300+0000] {taskinstance.py:1285} INFO - 
--------------------------------------------------------------------------------
[2023-05-30T11:28:24.444+0000] {taskinstance.py:1304} INFO - Executing <Task(BashOperator): first_task> on 2021-08-28 00:00:00+00:00
[2023-05-30T11:28:24.473+0000] {standard_task_runner.py:55} INFO - Started process 1925 to run task
[2023-05-30T11:28:24.491+0000] {standard_task_runner.py:82} INFO - Running: ['***', 'tasks', 'run', 'our_first_dag_v5', 'first_task', 'scheduled__2021-08-28T00:00:00+00:00', '--job-id', '81', '--raw', '--subdir', 'DAGS_FOLDER/first_Dag.py', '--cfg-path', '/tmp/tmpcudq7qhe']
[2023-05-30T11:28:24.493+0000] {standard_task_runner.py:83} INFO - Job 81: Subtask first_task
[2023-05-30T11:28:24.739+0000] {task_command.py:389} INFO - Running <TaskInstance: our_first_dag_v5.first_task scheduled__2021-08-28T00:00:00+00:00 [running]> on host 49219f98c96e
[2023-05-30T11:28:25.066+0000] {taskinstance.py:1513} INFO - Exporting the following env vars:
AIRFLOW_CTX_DAG_OWNER=coder2j
AIRFLOW_CTX_DAG_ID=our_first_dag_v5
AIRFLOW_CTX_TASK_ID=first_task
AIRFLOW_CTX_EXECUTION_DATE=2021-08-28T00:00:00+00:00
AIRFLOW_CTX_TRY_NUMBER=1
AIRFLOW_CTX_DAG_RUN_ID=scheduled__2021-08-28T00:00:00+00:00
[2023-05-30T11:28:25.072+0000] {subprocess.py:63} INFO - Tmp dir root location: 
 /tmp
[2023-05-30T11:28:25.075+0000] {subprocess.py:75} INFO - Running command: ['/bin/bash', '-c', 'echo hello world, this is the first task!']
[2023-05-30T11:28:25.159+0000] {subprocess.py:86} INFO - Output:
[2023-05-30T11:28:25.164+0000] {subprocess.py:93} INFO - hello world, this is the first task!
[2023-05-30T11:28:25.169+0000] {subprocess.py:97} INFO - Command exited with return code 0
[2023-05-30T11:28:25.253+0000] {taskinstance.py:1327} INFO - Marking task as SUCCESS. dag_id=our_first_dag_v5, task_id=first_task, execution_date=20210828T000000, start_date=20230530T112824, end_date=20230530T112825
[2023-05-30T11:28:25.428+0000] {local_task_job.py:159} INFO - Task exited with return code 0
[2023-05-30T11:28:25.521+0000] {taskinstance.py:2582} INFO - 2 downstream tasks scheduled from follow-on schedule check
[2023-06-07T06:31:52.182+0000] {taskinstance.py:1087} INFO - Dependencies all met for <TaskInstance: our_first_dag_v5.first_task scheduled__2021-08-28T00:00:00+00:00 [queued]>
[2023-06-07T06:31:52.324+0000] {taskinstance.py:1087} INFO - Dependencies all met for <TaskInstance: our_first_dag_v5.first_task scheduled__2021-08-28T00:00:00+00:00 [queued]>
[2023-06-07T06:31:52.332+0000] {taskinstance.py:1283} INFO - 
--------------------------------------------------------------------------------
[2023-06-07T06:31:52.333+0000] {taskinstance.py:1284} INFO - Starting attempt 1 of 6
[2023-06-07T06:31:52.336+0000] {taskinstance.py:1285} INFO - 
--------------------------------------------------------------------------------
[2023-06-07T06:31:52.494+0000] {taskinstance.py:1304} INFO - Executing <Task(BashOperator): first_task> on 2021-08-28 00:00:00+00:00
[2023-06-07T06:31:52.599+0000] {standard_task_runner.py:82} INFO - Running: ['***', 'tasks', 'run', 'our_first_dag_v5', 'first_task', 'scheduled__2021-08-28T00:00:00+00:00', '--job-id', '1156', '--raw', '--subdir', 'DAGS_FOLDER/first_Dag.py', '--cfg-path', '/tmp/tmpjyq27h4g']
[2023-06-07T06:31:52.572+0000] {standard_task_runner.py:55} INFO - Started process 841 to run task
[2023-06-07T06:31:52.610+0000] {standard_task_runner.py:83} INFO - Job 1156: Subtask first_task
[2023-06-07T06:31:53.159+0000] {task_command.py:389} INFO - Running <TaskInstance: our_first_dag_v5.first_task scheduled__2021-08-28T00:00:00+00:00 [running]> on host 026ed797f3b3
[2023-06-07T06:31:53.966+0000] {taskinstance.py:1513} INFO - Exporting the following env vars:
AIRFLOW_CTX_DAG_OWNER=coder2j
AIRFLOW_CTX_DAG_ID=our_first_dag_v5
AIRFLOW_CTX_TASK_ID=first_task
AIRFLOW_CTX_EXECUTION_DATE=2021-08-28T00:00:00+00:00
AIRFLOW_CTX_TRY_NUMBER=1
AIRFLOW_CTX_DAG_RUN_ID=scheduled__2021-08-28T00:00:00+00:00
[2023-06-07T06:31:53.992+0000] {subprocess.py:63} INFO - Tmp dir root location: 
 /tmp
[2023-06-07T06:31:54.003+0000] {subprocess.py:75} INFO - Running command: ['/bin/bash', '-c', 'echo hello world, this is the first task!']
[2023-06-07T06:31:54.124+0000] {subprocess.py:86} INFO - Output:
[2023-06-07T06:31:54.134+0000] {subprocess.py:93} INFO - hello world, this is the first task!
[2023-06-07T06:31:54.136+0000] {subprocess.py:97} INFO - Command exited with return code 0
[2023-06-07T06:31:54.260+0000] {taskinstance.py:1327} INFO - Marking task as SUCCESS. dag_id=our_first_dag_v5, task_id=first_task, execution_date=20210828T000000, start_date=20230607T063152, end_date=20230607T063154
[2023-06-07T06:31:54.579+0000] {local_task_job.py:159} INFO - Task exited with return code 0
[2023-06-07T06:31:54.669+0000] {taskinstance.py:2582} INFO - 2 downstream tasks scheduled from follow-on schedule check
