[2023-05-30T12:32:09.826+0000] {taskinstance.py:1087} INFO - Dependencies all met for <TaskInstance: our_dag_with_python_operator_v07.greet scheduled__2022-01-27T00:00:00+00:00 [queued]>
[2023-05-30T12:32:09.883+0000] {taskinstance.py:1087} INFO - Dependencies all met for <TaskInstance: our_dag_with_python_operator_v07.greet scheduled__2022-01-27T00:00:00+00:00 [queued]>
[2023-05-30T12:32:09.884+0000] {taskinstance.py:1283} INFO - 
--------------------------------------------------------------------------------
[2023-05-30T12:32:09.886+0000] {taskinstance.py:1284} INFO - Starting attempt 1 of 6
[2023-05-30T12:32:09.886+0000] {taskinstance.py:1285} INFO - 
--------------------------------------------------------------------------------
[2023-05-30T12:32:09.953+0000] {taskinstance.py:1304} INFO - Executing <Task(PythonOperator): greet> on 2022-01-27 00:00:00+00:00
[2023-05-30T12:32:09.975+0000] {standard_task_runner.py:55} INFO - Started process 9978 to run task
[2023-05-30T12:32:09.993+0000] {standard_task_runner.py:82} INFO - Running: ['***', 'tasks', 'run', 'our_dag_with_python_operator_v07', 'greet', 'scheduled__2022-01-27T00:00:00+00:00', '--job-id', '1468', '--raw', '--subdir', 'DAGS_FOLDER/dag_python_opr.py', '--cfg-path', '/tmp/tmpm62ettu4']
[2023-05-30T12:32:09.996+0000] {standard_task_runner.py:83} INFO - Job 1468: Subtask greet
[2023-05-30T12:32:10.327+0000] {task_command.py:389} INFO - Running <TaskInstance: our_dag_with_python_operator_v07.greet scheduled__2022-01-27T00:00:00+00:00 [running]> on host 49219f98c96e
[2023-05-30T12:32:10.578+0000] {taskinstance.py:1513} INFO - Exporting the following env vars:
AIRFLOW_CTX_DAG_OWNER=coder2j
AIRFLOW_CTX_DAG_ID=our_dag_with_python_operator_v07
AIRFLOW_CTX_TASK_ID=greet
AIRFLOW_CTX_EXECUTION_DATE=2022-01-27T00:00:00+00:00
AIRFLOW_CTX_TRY_NUMBER=1
AIRFLOW_CTX_DAG_RUN_ID=scheduled__2022-01-27T00:00:00+00:00
[2023-05-30T12:32:10.581+0000] {logging_mixin.py:137} INFO - some dict:  {'a': 1, 'b': 2}
[2023-05-30T12:32:10.695+0000] {logging_mixin.py:137} INFO - Hello World! My name is Jerry Fridman, and I am 19 years old!
[2023-05-30T12:32:10.696+0000] {python.py:177} INFO - Done. Returned value was: None
[2023-05-30T12:32:10.726+0000] {taskinstance.py:1327} INFO - Marking task as SUCCESS. dag_id=our_dag_with_python_operator_v07, task_id=greet, execution_date=20220127T000000, start_date=20230530T123209, end_date=20230530T123210
[2023-05-30T12:32:10.830+0000] {local_task_job.py:159} INFO - Task exited with return code 0
[2023-05-30T12:32:10.918+0000] {taskinstance.py:2582} INFO - 0 downstream tasks scheduled from follow-on schedule check
[2023-06-07T06:35:06.239+0000] {taskinstance.py:1087} INFO - Dependencies all met for <TaskInstance: our_dag_with_python_operator_v07.greet scheduled__2022-01-27T00:00:00+00:00 [queued]>
[2023-06-07T06:35:06.311+0000] {taskinstance.py:1087} INFO - Dependencies all met for <TaskInstance: our_dag_with_python_operator_v07.greet scheduled__2022-01-27T00:00:00+00:00 [queued]>
[2023-06-07T06:35:06.313+0000] {taskinstance.py:1283} INFO - 
--------------------------------------------------------------------------------
[2023-06-07T06:35:06.315+0000] {taskinstance.py:1284} INFO - Starting attempt 1 of 6
[2023-06-07T06:35:06.316+0000] {taskinstance.py:1285} INFO - 
--------------------------------------------------------------------------------
[2023-06-07T06:35:06.592+0000] {taskinstance.py:1304} INFO - Executing <Task(PythonOperator): greet> on 2022-01-27 00:00:00+00:00
[2023-06-07T06:35:06.633+0000] {standard_task_runner.py:55} INFO - Started process 2235 to run task
[2023-06-07T06:35:06.682+0000] {standard_task_runner.py:82} INFO - Running: ['***', 'tasks', 'run', 'our_dag_with_python_operator_v07', 'greet', 'scheduled__2022-01-27T00:00:00+00:00', '--job-id', '1663', '--raw', '--subdir', 'DAGS_FOLDER/dag_python_opr.py', '--cfg-path', '/tmp/tmpg67bh_vd']
[2023-06-07T06:35:06.696+0000] {standard_task_runner.py:83} INFO - Job 1663: Subtask greet
[2023-06-07T06:35:07.297+0000] {task_command.py:389} INFO - Running <TaskInstance: our_dag_with_python_operator_v07.greet scheduled__2022-01-27T00:00:00+00:00 [running]> on host 026ed797f3b3
[2023-06-07T06:35:07.894+0000] {taskinstance.py:1513} INFO - Exporting the following env vars:
AIRFLOW_CTX_DAG_OWNER=coder2j
AIRFLOW_CTX_DAG_ID=our_dag_with_python_operator_v07
AIRFLOW_CTX_TASK_ID=greet
AIRFLOW_CTX_EXECUTION_DATE=2022-01-27T00:00:00+00:00
AIRFLOW_CTX_TRY_NUMBER=1
AIRFLOW_CTX_DAG_RUN_ID=scheduled__2022-01-27T00:00:00+00:00
[2023-06-07T06:35:07.898+0000] {logging_mixin.py:137} INFO - some dict:  {'a': 1, 'b': 2}
[2023-06-07T06:35:08.024+0000] {logging_mixin.py:137} INFO - Hello World! My name is Jerry Fridman, and I am 19 years old!
[2023-06-07T06:35:08.028+0000] {python.py:177} INFO - Done. Returned value was: None
[2023-06-07T06:35:08.063+0000] {taskinstance.py:1327} INFO - Marking task as SUCCESS. dag_id=our_dag_with_python_operator_v07, task_id=greet, execution_date=20220127T000000, start_date=20230607T063506, end_date=20230607T063508
[2023-06-07T06:35:08.186+0000] {local_task_job.py:159} INFO - Task exited with return code 0
[2023-06-07T06:35:08.247+0000] {taskinstance.py:2582} INFO - 0 downstream tasks scheduled from follow-on schedule check
