[2023-06-01T11:35:43.958+0000] {taskinstance.py:1087} INFO - Dependencies all met for <TaskInstance: dag_with_postgres_operator_v03.create_postgres_table manual__2023-06-01T11:35:43.326175+00:00 [queued]>
[2023-06-01T11:35:43.970+0000] {taskinstance.py:1087} INFO - Dependencies all met for <TaskInstance: dag_with_postgres_operator_v03.create_postgres_table manual__2023-06-01T11:35:43.326175+00:00 [queued]>
[2023-06-01T11:35:43.971+0000] {taskinstance.py:1283} INFO - 
--------------------------------------------------------------------------------
[2023-06-01T11:35:43.973+0000] {taskinstance.py:1284} INFO - Starting attempt 1 of 6
[2023-06-01T11:35:43.974+0000] {taskinstance.py:1285} INFO - 
--------------------------------------------------------------------------------
[2023-06-01T11:35:43.995+0000] {taskinstance.py:1304} INFO - Executing <Task(PostgresOperator): create_postgres_table> on 2023-06-01 11:35:43.326175+00:00
[2023-06-01T11:35:44.005+0000] {standard_task_runner.py:55} INFO - Started process 3324 to run task
[2023-06-01T11:35:44.011+0000] {standard_task_runner.py:82} INFO - Running: ['***', 'tasks', 'run', 'dag_with_postgres_operator_v03', 'create_postgres_table', 'manual__2023-06-01T11:35:43.326175+00:00', '--job-id', '942', '--raw', '--subdir', 'DAGS_FOLDER/postgres.py', '--cfg-path', '/tmp/tmpgx4ijx2r']
[2023-06-01T11:35:44.013+0000] {standard_task_runner.py:83} INFO - Job 942: Subtask create_postgres_table
[2023-06-01T11:35:44.114+0000] {task_command.py:389} INFO - Running <TaskInstance: dag_with_postgres_operator_v03.create_postgres_table manual__2023-06-01T11:35:43.326175+00:00 [running]> on host 687ba427e841
[2023-06-01T11:35:44.217+0000] {taskinstance.py:1513} INFO - Exporting the following env vars:
AIRFLOW_CTX_DAG_OWNER=coder2j
AIRFLOW_CTX_DAG_ID=dag_with_postgres_operator_v03
AIRFLOW_CTX_TASK_ID=create_postgres_table
AIRFLOW_CTX_EXECUTION_DATE=2023-06-01T11:35:43.326175+00:00
AIRFLOW_CTX_TRY_NUMBER=1
AIRFLOW_CTX_DAG_RUN_ID=manual__2023-06-01T11:35:43.326175+00:00
[2023-06-01T11:35:44.219+0000] {sql.py:253} INFO - Executing: 
            create table if not exists dag_runs (
                dt date,
                dag_id character varying,
                primary key (dt, dag_id)
            )
        
[2023-06-01T11:35:44.232+0000] {base.py:73} INFO - Using connection ID 'postgres_localhost' for task execution.
[2023-06-01T11:35:44.516+0000] {base.py:73} INFO - Using connection ID 'postgres_localhost' for task execution.
[2023-06-01T11:35:44.527+0000] {sql.py:364} INFO - Running statement: 
            create table if not exists dag_runs (
                dt date,
                dag_id character varying,
                primary key (dt, dag_id)
            )
        , parameters: None
[2023-06-01T11:35:44.550+0000] {taskinstance.py:1327} INFO - Marking task as SUCCESS. dag_id=dag_with_postgres_operator_v03, task_id=create_postgres_table, execution_date=20230601T113543, start_date=20230601T113543, end_date=20230601T113544
[2023-06-01T11:35:44.586+0000] {local_task_job.py:159} INFO - Task exited with return code 0
[2023-06-01T11:35:44.624+0000] {taskinstance.py:2582} INFO - 1 downstream tasks scheduled from follow-on schedule check
