[2023-05-30T11:37:00.775+0000] {taskinstance.py:1087} INFO - Dependencies all met for <TaskInstance: our_dag_with_python_operator_v07.get_name scheduled__2021-11-15T00:00:00+00:00 [queued]>
[2023-05-30T11:37:00.812+0000] {taskinstance.py:1087} INFO - Dependencies all met for <TaskInstance: our_dag_with_python_operator_v07.get_name scheduled__2021-11-15T00:00:00+00:00 [queued]>
[2023-05-30T11:37:00.814+0000] {taskinstance.py:1283} INFO - 
--------------------------------------------------------------------------------
[2023-05-30T11:37:00.816+0000] {taskinstance.py:1284} INFO - Starting attempt 1 of 6
[2023-05-30T11:37:00.820+0000] {taskinstance.py:1285} INFO - 
--------------------------------------------------------------------------------
[2023-05-30T11:37:00.860+0000] {taskinstance.py:1304} INFO - Executing <Task(PythonOperator): get_name> on 2021-11-15 00:00:00+00:00
[2023-05-30T11:37:00.886+0000] {standard_task_runner.py:55} INFO - Started process 5771 to run task
[2023-05-30T11:37:00.893+0000] {standard_task_runner.py:82} INFO - Running: ['***', 'tasks', 'run', 'our_dag_with_python_operator_v07', 'get_name', 'scheduled__2021-11-15T00:00:00+00:00', '--job-id', '1235', '--raw', '--subdir', 'DAGS_FOLDER/dag_python_opr.py', '--cfg-path', '/tmp/tmpi785dfyv']
[2023-05-30T11:37:00.896+0000] {standard_task_runner.py:83} INFO - Job 1235: Subtask get_name
[2023-05-30T11:37:01.101+0000] {task_command.py:389} INFO - Running <TaskInstance: our_dag_with_python_operator_v07.get_name scheduled__2021-11-15T00:00:00+00:00 [running]> on host 49219f98c96e
[2023-05-30T11:37:01.405+0000] {taskinstance.py:1513} INFO - Exporting the following env vars:
AIRFLOW_CTX_DAG_OWNER=coder2j
AIRFLOW_CTX_DAG_ID=our_dag_with_python_operator_v07
AIRFLOW_CTX_TASK_ID=get_name
AIRFLOW_CTX_EXECUTION_DATE=2021-11-15T00:00:00+00:00
AIRFLOW_CTX_TRY_NUMBER=1
AIRFLOW_CTX_DAG_RUN_ID=scheduled__2021-11-15T00:00:00+00:00
[2023-05-30T11:37:01.486+0000] {python.py:177} INFO - Done. Returned value was: None
[2023-05-30T11:37:01.527+0000] {taskinstance.py:1327} INFO - Marking task as SUCCESS. dag_id=our_dag_with_python_operator_v07, task_id=get_name, execution_date=20211115T000000, start_date=20230530T113700, end_date=20230530T113701
[2023-05-30T11:37:01.605+0000] {local_task_job.py:159} INFO - Task exited with return code 0
[2023-05-30T11:37:01.673+0000] {taskinstance.py:2582} INFO - 0 downstream tasks scheduled from follow-on schedule check
[2023-06-07T06:32:10.656+0000] {taskinstance.py:1087} INFO - Dependencies all met for <TaskInstance: our_dag_with_python_operator_v07.get_name scheduled__2021-11-15T00:00:00+00:00 [queued]>
[2023-06-07T06:32:10.765+0000] {taskinstance.py:1087} INFO - Dependencies all met for <TaskInstance: our_dag_with_python_operator_v07.get_name scheduled__2021-11-15T00:00:00+00:00 [queued]>
[2023-06-07T06:32:10.774+0000] {taskinstance.py:1283} INFO - 
--------------------------------------------------------------------------------
[2023-06-07T06:32:10.781+0000] {taskinstance.py:1284} INFO - Starting attempt 1 of 6
[2023-06-07T06:32:10.783+0000] {taskinstance.py:1285} INFO - 
--------------------------------------------------------------------------------
[2023-06-07T06:32:11.168+0000] {taskinstance.py:1304} INFO - Executing <Task(PythonOperator): get_name> on 2021-11-15 00:00:00+00:00
[2023-06-07T06:32:11.177+0000] {standard_task_runner.py:55} INFO - Started process 993 to run task
[2023-06-07T06:32:11.189+0000] {standard_task_runner.py:82} INFO - Running: ['***', 'tasks', 'run', 'our_dag_with_python_operator_v07', 'get_name', 'scheduled__2021-11-15T00:00:00+00:00', '--job-id', '1210', '--raw', '--subdir', 'DAGS_FOLDER/dag_python_opr.py', '--cfg-path', '/tmp/tmp0p4deemw']
[2023-06-07T06:32:11.202+0000] {standard_task_runner.py:83} INFO - Job 1210: Subtask get_name
[2023-06-07T06:32:11.557+0000] {task_command.py:389} INFO - Running <TaskInstance: our_dag_with_python_operator_v07.get_name scheduled__2021-11-15T00:00:00+00:00 [running]> on host 026ed797f3b3
[2023-06-07T06:32:12.028+0000] {taskinstance.py:1513} INFO - Exporting the following env vars:
AIRFLOW_CTX_DAG_OWNER=coder2j
AIRFLOW_CTX_DAG_ID=our_dag_with_python_operator_v07
AIRFLOW_CTX_TASK_ID=get_name
AIRFLOW_CTX_EXECUTION_DATE=2021-11-15T00:00:00+00:00
AIRFLOW_CTX_TRY_NUMBER=1
AIRFLOW_CTX_DAG_RUN_ID=scheduled__2021-11-15T00:00:00+00:00
[2023-06-07T06:32:12.133+0000] {python.py:177} INFO - Done. Returned value was: None
[2023-06-07T06:32:12.171+0000] {taskinstance.py:1327} INFO - Marking task as SUCCESS. dag_id=our_dag_with_python_operator_v07, task_id=get_name, execution_date=20211115T000000, start_date=20230607T063210, end_date=20230607T063212
[2023-06-07T06:32:12.321+0000] {local_task_job.py:159} INFO - Task exited with return code 0
[2023-06-07T06:32:12.392+0000] {taskinstance.py:2582} INFO - 0 downstream tasks scheduled from follow-on schedule check
