[2023-05-30T11:37:45.923+0000] {taskinstance.py:1087} INFO - Dependencies all met for <TaskInstance: our_dag_with_python_operator_v07.get_age scheduled__2021-12-29T00:00:00+00:00 [queued]>
[2023-05-30T11:37:45.967+0000] {taskinstance.py:1087} INFO - Dependencies all met for <TaskInstance: our_dag_with_python_operator_v07.get_age scheduled__2021-12-29T00:00:00+00:00 [queued]>
[2023-05-30T11:37:45.973+0000] {taskinstance.py:1283} INFO - 
--------------------------------------------------------------------------------
[2023-05-30T11:37:45.974+0000] {taskinstance.py:1284} INFO - Starting attempt 1 of 6
[2023-05-30T11:37:45.976+0000] {taskinstance.py:1285} INFO - 
--------------------------------------------------------------------------------
[2023-05-30T11:37:46.039+0000] {taskinstance.py:1304} INFO - Executing <Task(PythonOperator): get_age> on 2021-12-29 00:00:00+00:00
[2023-05-30T11:37:46.075+0000] {standard_task_runner.py:55} INFO - Started process 6072 to run task
[2023-05-30T11:37:46.088+0000] {standard_task_runner.py:82} INFO - Running: ['***', 'tasks', 'run', 'our_dag_with_python_operator_v07', 'get_age', 'scheduled__2021-12-29T00:00:00+00:00', '--job-id', '1364', '--raw', '--subdir', 'DAGS_FOLDER/dag_python_opr.py', '--cfg-path', '/tmp/tmp5fqajsr4']
[2023-05-30T11:37:46.090+0000] {standard_task_runner.py:83} INFO - Job 1364: Subtask get_age
[2023-05-30T11:37:46.564+0000] {task_command.py:389} INFO - Running <TaskInstance: our_dag_with_python_operator_v07.get_age scheduled__2021-12-29T00:00:00+00:00 [running]> on host 49219f98c96e
[2023-05-30T11:37:46.963+0000] {taskinstance.py:1513} INFO - Exporting the following env vars:
AIRFLOW_CTX_DAG_OWNER=coder2j
AIRFLOW_CTX_DAG_ID=our_dag_with_python_operator_v07
AIRFLOW_CTX_TASK_ID=get_age
AIRFLOW_CTX_EXECUTION_DATE=2021-12-29T00:00:00+00:00
AIRFLOW_CTX_TRY_NUMBER=1
AIRFLOW_CTX_DAG_RUN_ID=scheduled__2021-12-29T00:00:00+00:00
[2023-05-30T11:37:47.030+0000] {python.py:177} INFO - Done. Returned value was: None
[2023-05-30T11:37:47.068+0000] {taskinstance.py:1327} INFO - Marking task as SUCCESS. dag_id=our_dag_with_python_operator_v07, task_id=get_age, execution_date=20211229T000000, start_date=20230530T113745, end_date=20230530T113747
[2023-05-30T11:37:47.182+0000] {local_task_job.py:159} INFO - Task exited with return code 0
[2023-05-30T11:37:47.276+0000] {taskinstance.py:2582} INFO - 0 downstream tasks scheduled from follow-on schedule check
[2023-06-07T06:33:37.052+0000] {taskinstance.py:1087} INFO - Dependencies all met for <TaskInstance: our_dag_with_python_operator_v07.get_age scheduled__2021-12-29T00:00:00+00:00 [queued]>
[2023-06-07T06:33:37.103+0000] {taskinstance.py:1087} INFO - Dependencies all met for <TaskInstance: our_dag_with_python_operator_v07.get_age scheduled__2021-12-29T00:00:00+00:00 [queued]>
[2023-06-07T06:33:37.105+0000] {taskinstance.py:1283} INFO - 
--------------------------------------------------------------------------------
[2023-06-07T06:33:37.108+0000] {taskinstance.py:1284} INFO - Starting attempt 1 of 6
[2023-06-07T06:33:37.110+0000] {taskinstance.py:1285} INFO - 
--------------------------------------------------------------------------------
[2023-06-07T06:33:37.195+0000] {taskinstance.py:1304} INFO - Executing <Task(PythonOperator): get_age> on 2021-12-29 00:00:00+00:00
[2023-06-07T06:33:37.223+0000] {standard_task_runner.py:82} INFO - Running: ['***', 'tasks', 'run', 'our_dag_with_python_operator_v07', 'get_age', 'scheduled__2021-12-29T00:00:00+00:00', '--job-id', '1457', '--raw', '--subdir', 'DAGS_FOLDER/dag_python_opr.py', '--cfg-path', '/tmp/tmpig0pgs7n']
[2023-06-07T06:33:37.227+0000] {standard_task_runner.py:83} INFO - Job 1457: Subtask get_age
[2023-06-07T06:33:37.207+0000] {standard_task_runner.py:55} INFO - Started process 1666 to run task
[2023-06-07T06:33:37.605+0000] {task_command.py:389} INFO - Running <TaskInstance: our_dag_with_python_operator_v07.get_age scheduled__2021-12-29T00:00:00+00:00 [running]> on host 026ed797f3b3
[2023-06-07T06:33:38.442+0000] {taskinstance.py:1513} INFO - Exporting the following env vars:
AIRFLOW_CTX_DAG_OWNER=coder2j
AIRFLOW_CTX_DAG_ID=our_dag_with_python_operator_v07
AIRFLOW_CTX_TASK_ID=get_age
AIRFLOW_CTX_EXECUTION_DATE=2021-12-29T00:00:00+00:00
AIRFLOW_CTX_TRY_NUMBER=1
AIRFLOW_CTX_DAG_RUN_ID=scheduled__2021-12-29T00:00:00+00:00
[2023-06-07T06:33:38.744+0000] {python.py:177} INFO - Done. Returned value was: None
[2023-06-07T06:33:38.821+0000] {taskinstance.py:1327} INFO - Marking task as SUCCESS. dag_id=our_dag_with_python_operator_v07, task_id=get_age, execution_date=20211229T000000, start_date=20230607T063337, end_date=20230607T063338
[2023-06-07T06:33:38.945+0000] {local_task_job.py:159} INFO - Task exited with return code 0
[2023-06-07T06:33:39.149+0000] {taskinstance.py:2582} INFO - 0 downstream tasks scheduled from follow-on schedule check
