[2023-05-30T11:31:13.322+0000] {taskinstance.py:1087} INFO - Dependencies all met for <TaskInstance: our_first_dag_v5.thrid_task scheduled__2022-01-29T00:00:00+00:00 [queued]>
[2023-05-30T11:31:13.354+0000] {taskinstance.py:1087} INFO - Dependencies all met for <TaskInstance: our_first_dag_v5.thrid_task scheduled__2022-01-29T00:00:00+00:00 [queued]>
[2023-05-30T11:31:13.356+0000] {taskinstance.py:1283} INFO - 
--------------------------------------------------------------------------------
[2023-05-30T11:31:13.358+0000] {taskinstance.py:1284} INFO - Starting attempt 1 of 6
[2023-05-30T11:31:13.359+0000] {taskinstance.py:1285} INFO - 
--------------------------------------------------------------------------------
[2023-05-30T11:31:13.410+0000] {taskinstance.py:1304} INFO - Executing <Task(BashOperator): thrid_task> on 2022-01-29 00:00:00+00:00
[2023-05-30T11:31:13.423+0000] {standard_task_runner.py:55} INFO - Started process 3531 to run task
[2023-05-30T11:31:13.441+0000] {standard_task_runner.py:82} INFO - Running: ['***', 'tasks', 'run', 'our_first_dag_v5', 'thrid_task', 'scheduled__2022-01-29T00:00:00+00:00', '--job-id', '563', '--raw', '--subdir', 'DAGS_FOLDER/first_Dag.py', '--cfg-path', '/tmp/tmpv1anf2qw']
[2023-05-30T11:31:13.453+0000] {standard_task_runner.py:83} INFO - Job 563: Subtask thrid_task
[2023-05-30T11:31:13.787+0000] {task_command.py:389} INFO - Running <TaskInstance: our_first_dag_v5.thrid_task scheduled__2022-01-29T00:00:00+00:00 [running]> on host 49219f98c96e
[2023-05-30T11:31:14.110+0000] {taskinstance.py:1513} INFO - Exporting the following env vars:
AIRFLOW_CTX_DAG_OWNER=coder2j
AIRFLOW_CTX_DAG_ID=our_first_dag_v5
AIRFLOW_CTX_TASK_ID=thrid_task
AIRFLOW_CTX_EXECUTION_DATE=2022-01-29T00:00:00+00:00
AIRFLOW_CTX_TRY_NUMBER=1
AIRFLOW_CTX_DAG_RUN_ID=scheduled__2022-01-29T00:00:00+00:00
[2023-05-30T11:31:14.113+0000] {subprocess.py:63} INFO - Tmp dir root location: 
 /tmp
[2023-05-30T11:31:14.119+0000] {subprocess.py:75} INFO - Running command: ['/bin/bash', '-c', 'echo hey, I am task3 and will be running after task1 at the same time as task2!']
[2023-05-30T11:31:14.159+0000] {subprocess.py:86} INFO - Output:
[2023-05-30T11:31:14.176+0000] {subprocess.py:93} INFO - hey, I am task3 and will be running after task1 at the same time as task2!
[2023-05-30T11:31:14.184+0000] {subprocess.py:97} INFO - Command exited with return code 0
[2023-05-30T11:31:14.293+0000] {taskinstance.py:1327} INFO - Marking task as SUCCESS. dag_id=our_first_dag_v5, task_id=thrid_task, execution_date=20220129T000000, start_date=20230530T113113, end_date=20230530T113114
[2023-05-30T11:31:14.473+0000] {local_task_job.py:159} INFO - Task exited with return code 0
[2023-05-30T11:31:14.530+0000] {taskinstance.py:2582} INFO - 0 downstream tasks scheduled from follow-on schedule check
[2023-06-07T06:38:21.871+0000] {taskinstance.py:1087} INFO - Dependencies all met for <TaskInstance: our_first_dag_v5.thrid_task scheduled__2022-01-29T00:00:00+00:00 [queued]>
[2023-06-07T06:38:22.211+0000] {taskinstance.py:1087} INFO - Dependencies all met for <TaskInstance: our_first_dag_v5.thrid_task scheduled__2022-01-29T00:00:00+00:00 [queued]>
[2023-06-07T06:38:22.224+0000] {taskinstance.py:1283} INFO - 
--------------------------------------------------------------------------------
[2023-06-07T06:38:22.230+0000] {taskinstance.py:1284} INFO - Starting attempt 1 of 6
[2023-06-07T06:38:22.232+0000] {taskinstance.py:1285} INFO - 
--------------------------------------------------------------------------------
[2023-06-07T06:38:22.495+0000] {taskinstance.py:1304} INFO - Executing <Task(BashOperator): thrid_task> on 2022-01-29 00:00:00+00:00
[2023-06-07T06:38:22.601+0000] {standard_task_runner.py:55} INFO - Started process 3501 to run task
[2023-06-07T06:38:22.639+0000] {standard_task_runner.py:82} INFO - Running: ['***', 'tasks', 'run', 'our_first_dag_v5', 'thrid_task', 'scheduled__2022-01-29T00:00:00+00:00', '--job-id', '2114', '--raw', '--subdir', 'DAGS_FOLDER/first_Dag.py', '--cfg-path', '/tmp/tmp8kaw4ext']
[2023-06-07T06:38:22.662+0000] {standard_task_runner.py:83} INFO - Job 2114: Subtask thrid_task
[2023-06-07T06:38:23.597+0000] {task_command.py:389} INFO - Running <TaskInstance: our_first_dag_v5.thrid_task scheduled__2022-01-29T00:00:00+00:00 [running]> on host 026ed797f3b3
[2023-06-07T06:38:24.847+0000] {taskinstance.py:1513} INFO - Exporting the following env vars:
AIRFLOW_CTX_DAG_OWNER=coder2j
AIRFLOW_CTX_DAG_ID=our_first_dag_v5
AIRFLOW_CTX_TASK_ID=thrid_task
AIRFLOW_CTX_EXECUTION_DATE=2022-01-29T00:00:00+00:00
AIRFLOW_CTX_TRY_NUMBER=1
AIRFLOW_CTX_DAG_RUN_ID=scheduled__2022-01-29T00:00:00+00:00
[2023-06-07T06:38:24.852+0000] {subprocess.py:63} INFO - Tmp dir root location: 
 /tmp
[2023-06-07T06:38:24.855+0000] {subprocess.py:75} INFO - Running command: ['/bin/bash', '-c', 'echo hey, I am task3 and will be running after task1 at the same time as task2!']
[2023-06-07T06:38:25.058+0000] {subprocess.py:86} INFO - Output:
[2023-06-07T06:38:25.073+0000] {subprocess.py:93} INFO - hey, I am task3 and will be running after task1 at the same time as task2!
[2023-06-07T06:38:25.075+0000] {subprocess.py:97} INFO - Command exited with return code 0
[2023-06-07T06:38:25.209+0000] {taskinstance.py:1327} INFO - Marking task as SUCCESS. dag_id=our_first_dag_v5, task_id=thrid_task, execution_date=20220129T000000, start_date=20230607T063821, end_date=20230607T063825
[2023-06-07T06:38:25.386+0000] {local_task_job.py:159} INFO - Task exited with return code 0
[2023-06-07T06:38:25.470+0000] {taskinstance.py:2582} INFO - 0 downstream tasks scheduled from follow-on schedule check
