[2023-05-30T11:31:38.836+0000] {taskinstance.py:1087} INFO - Dependencies all met for <TaskInstance: our_first_dag_v5.first_task scheduled__2022-02-23T00:00:00+00:00 [queued]>
[2023-05-30T11:31:38.881+0000] {taskinstance.py:1087} INFO - Dependencies all met for <TaskInstance: our_first_dag_v5.first_task scheduled__2022-02-23T00:00:00+00:00 [queued]>
[2023-05-30T11:31:38.883+0000] {taskinstance.py:1283} INFO - 
--------------------------------------------------------------------------------
[2023-05-30T11:31:38.885+0000] {taskinstance.py:1284} INFO - Starting attempt 1 of 6
[2023-05-30T11:31:38.886+0000] {taskinstance.py:1285} INFO - 
--------------------------------------------------------------------------------
[2023-05-30T11:31:38.942+0000] {taskinstance.py:1304} INFO - Executing <Task(BashOperator): first_task> on 2022-02-23 00:00:00+00:00
[2023-05-30T11:31:38.952+0000] {standard_task_runner.py:55} INFO - Started process 3734 to run task
[2023-05-30T11:31:38.979+0000] {standard_task_runner.py:82} INFO - Running: ['***', 'tasks', 'run', 'our_first_dag_v5', 'first_task', 'scheduled__2022-02-23T00:00:00+00:00', '--job-id', '623', '--raw', '--subdir', 'DAGS_FOLDER/first_Dag.py', '--cfg-path', '/tmp/tmpmpqtwm2x']
[2023-05-30T11:31:38.986+0000] {standard_task_runner.py:83} INFO - Job 623: Subtask first_task
[2023-05-30T11:31:39.308+0000] {task_command.py:389} INFO - Running <TaskInstance: our_first_dag_v5.first_task scheduled__2022-02-23T00:00:00+00:00 [running]> on host 49219f98c96e
[2023-05-30T11:31:39.704+0000] {taskinstance.py:1513} INFO - Exporting the following env vars:
AIRFLOW_CTX_DAG_OWNER=coder2j
AIRFLOW_CTX_DAG_ID=our_first_dag_v5
AIRFLOW_CTX_TASK_ID=first_task
AIRFLOW_CTX_EXECUTION_DATE=2022-02-23T00:00:00+00:00
AIRFLOW_CTX_TRY_NUMBER=1
AIRFLOW_CTX_DAG_RUN_ID=scheduled__2022-02-23T00:00:00+00:00
[2023-05-30T11:31:39.707+0000] {subprocess.py:63} INFO - Tmp dir root location: 
 /tmp
[2023-05-30T11:31:39.709+0000] {subprocess.py:75} INFO - Running command: ['/bin/bash', '-c', 'echo hello world, this is the first task!']
[2023-05-30T11:31:39.815+0000] {subprocess.py:86} INFO - Output:
[2023-05-30T11:31:39.821+0000] {subprocess.py:93} INFO - hello world, this is the first task!
[2023-05-30T11:31:39.825+0000] {subprocess.py:97} INFO - Command exited with return code 0
[2023-05-30T11:31:39.902+0000] {taskinstance.py:1327} INFO - Marking task as SUCCESS. dag_id=our_first_dag_v5, task_id=first_task, execution_date=20220223T000000, start_date=20230530T113138, end_date=20230530T113139
[2023-05-30T11:31:39.986+0000] {local_task_job.py:159} INFO - Task exited with return code 0
[2023-05-30T11:31:40.077+0000] {taskinstance.py:2582} INFO - 0 downstream tasks scheduled from follow-on schedule check
[2023-06-07T06:39:22.559+0000] {taskinstance.py:1087} INFO - Dependencies all met for <TaskInstance: our_first_dag_v5.first_task scheduled__2022-02-23T00:00:00+00:00 [queued]>
[2023-06-07T06:39:22.595+0000] {taskinstance.py:1087} INFO - Dependencies all met for <TaskInstance: our_first_dag_v5.first_task scheduled__2022-02-23T00:00:00+00:00 [queued]>
[2023-06-07T06:39:22.597+0000] {taskinstance.py:1283} INFO - 
--------------------------------------------------------------------------------
[2023-06-07T06:39:22.600+0000] {taskinstance.py:1284} INFO - Starting attempt 1 of 6
[2023-06-07T06:39:22.602+0000] {taskinstance.py:1285} INFO - 
--------------------------------------------------------------------------------
[2023-06-07T06:39:22.656+0000] {taskinstance.py:1304} INFO - Executing <Task(BashOperator): first_task> on 2022-02-23 00:00:00+00:00
[2023-06-07T06:39:22.684+0000] {standard_task_runner.py:55} INFO - Started process 3889 to run task
[2023-06-07T06:39:22.704+0000] {standard_task_runner.py:82} INFO - Running: ['***', 'tasks', 'run', 'our_first_dag_v5', 'first_task', 'scheduled__2022-02-23T00:00:00+00:00', '--job-id', '2256', '--raw', '--subdir', 'DAGS_FOLDER/first_Dag.py', '--cfg-path', '/tmp/tmpwssf057n']
[2023-06-07T06:39:22.706+0000] {standard_task_runner.py:83} INFO - Job 2256: Subtask first_task
[2023-06-07T06:39:23.005+0000] {task_command.py:389} INFO - Running <TaskInstance: our_first_dag_v5.first_task scheduled__2022-02-23T00:00:00+00:00 [running]> on host 026ed797f3b3
[2023-06-07T06:39:23.388+0000] {taskinstance.py:1513} INFO - Exporting the following env vars:
AIRFLOW_CTX_DAG_OWNER=coder2j
AIRFLOW_CTX_DAG_ID=our_first_dag_v5
AIRFLOW_CTX_TASK_ID=first_task
AIRFLOW_CTX_EXECUTION_DATE=2022-02-23T00:00:00+00:00
AIRFLOW_CTX_TRY_NUMBER=1
AIRFLOW_CTX_DAG_RUN_ID=scheduled__2022-02-23T00:00:00+00:00
[2023-06-07T06:39:23.392+0000] {subprocess.py:63} INFO - Tmp dir root location: 
 /tmp
[2023-06-07T06:39:23.394+0000] {subprocess.py:75} INFO - Running command: ['/bin/bash', '-c', 'echo hello world, this is the first task!']
[2023-06-07T06:39:23.442+0000] {subprocess.py:86} INFO - Output:
[2023-06-07T06:39:23.460+0000] {subprocess.py:93} INFO - hello world, this is the first task!
[2023-06-07T06:39:23.463+0000] {subprocess.py:97} INFO - Command exited with return code 0
[2023-06-07T06:39:23.591+0000] {taskinstance.py:1327} INFO - Marking task as SUCCESS. dag_id=our_first_dag_v5, task_id=first_task, execution_date=20220223T000000, start_date=20230607T063922, end_date=20230607T063923
[2023-06-07T06:39:23.739+0000] {local_task_job.py:159} INFO - Task exited with return code 0
[2023-06-07T06:39:23.878+0000] {taskinstance.py:2582} INFO - 2 downstream tasks scheduled from follow-on schedule check
