[2023-05-30T11:28:41.625+0000] {taskinstance.py:1087} INFO - Dependencies all met for <TaskInstance: our_first_dag_v5.thrid_task scheduled__2021-09-09T00:00:00+00:00 [queued]>
[2023-05-30T11:28:41.662+0000] {taskinstance.py:1087} INFO - Dependencies all met for <TaskInstance: our_first_dag_v5.thrid_task scheduled__2021-09-09T00:00:00+00:00 [queued]>
[2023-05-30T11:28:41.664+0000] {taskinstance.py:1283} INFO - 
--------------------------------------------------------------------------------
[2023-05-30T11:28:41.665+0000] {taskinstance.py:1284} INFO - Starting attempt 1 of 6
[2023-05-30T11:28:41.666+0000] {taskinstance.py:1285} INFO - 
--------------------------------------------------------------------------------
[2023-05-30T11:28:41.726+0000] {taskinstance.py:1304} INFO - Executing <Task(BashOperator): thrid_task> on 2021-09-09 00:00:00+00:00
[2023-05-30T11:28:41.739+0000] {standard_task_runner.py:55} INFO - Started process 2102 to run task
[2023-05-30T11:28:41.754+0000] {standard_task_runner.py:82} INFO - Running: ['***', 'tasks', 'run', 'our_first_dag_v5', 'thrid_task', 'scheduled__2021-09-09T00:00:00+00:00', '--job-id', '136', '--raw', '--subdir', 'DAGS_FOLDER/first_Dag.py', '--cfg-path', '/tmp/tmpqnlkij7h']
[2023-05-30T11:28:41.757+0000] {standard_task_runner.py:83} INFO - Job 136: Subtask thrid_task
[2023-05-30T11:28:41.963+0000] {task_command.py:389} INFO - Running <TaskInstance: our_first_dag_v5.thrid_task scheduled__2021-09-09T00:00:00+00:00 [running]> on host 49219f98c96e
[2023-05-30T11:28:42.189+0000] {taskinstance.py:1513} INFO - Exporting the following env vars:
AIRFLOW_CTX_DAG_OWNER=coder2j
AIRFLOW_CTX_DAG_ID=our_first_dag_v5
AIRFLOW_CTX_TASK_ID=thrid_task
AIRFLOW_CTX_EXECUTION_DATE=2021-09-09T00:00:00+00:00
AIRFLOW_CTX_TRY_NUMBER=1
AIRFLOW_CTX_DAG_RUN_ID=scheduled__2021-09-09T00:00:00+00:00
[2023-05-30T11:28:42.193+0000] {subprocess.py:63} INFO - Tmp dir root location: 
 /tmp
[2023-05-30T11:28:42.196+0000] {subprocess.py:75} INFO - Running command: ['/bin/bash', '-c', 'echo hey, I am task3 and will be running after task1 at the same time as task2!']
[2023-05-30T11:28:42.253+0000] {subprocess.py:86} INFO - Output:
[2023-05-30T11:28:42.260+0000] {subprocess.py:93} INFO - hey, I am task3 and will be running after task1 at the same time as task2!
[2023-05-30T11:28:42.263+0000] {subprocess.py:97} INFO - Command exited with return code 0
[2023-05-30T11:28:42.313+0000] {taskinstance.py:1327} INFO - Marking task as SUCCESS. dag_id=our_first_dag_v5, task_id=thrid_task, execution_date=20210909T000000, start_date=20230530T112841, end_date=20230530T112842
[2023-05-30T11:28:42.383+0000] {local_task_job.py:159} INFO - Task exited with return code 0
[2023-05-30T11:28:42.421+0000] {taskinstance.py:2582} INFO - 0 downstream tasks scheduled from follow-on schedule check
[2023-06-07T06:32:23.636+0000] {taskinstance.py:1087} INFO - Dependencies all met for <TaskInstance: our_first_dag_v5.thrid_task scheduled__2021-09-09T00:00:00+00:00 [queued]>
[2023-06-07T06:32:23.697+0000] {taskinstance.py:1087} INFO - Dependencies all met for <TaskInstance: our_first_dag_v5.thrid_task scheduled__2021-09-09T00:00:00+00:00 [queued]>
[2023-06-07T06:32:23.699+0000] {taskinstance.py:1283} INFO - 
--------------------------------------------------------------------------------
[2023-06-07T06:32:23.703+0000] {taskinstance.py:1284} INFO - Starting attempt 1 of 6
[2023-06-07T06:32:23.712+0000] {taskinstance.py:1285} INFO - 
--------------------------------------------------------------------------------
[2023-06-07T06:32:23.980+0000] {taskinstance.py:1304} INFO - Executing <Task(BashOperator): thrid_task> on 2021-09-09 00:00:00+00:00
[2023-06-07T06:32:24.008+0000] {standard_task_runner.py:55} INFO - Started process 1101 to run task
[2023-06-07T06:32:24.079+0000] {standard_task_runner.py:82} INFO - Running: ['***', 'tasks', 'run', 'our_first_dag_v5', 'thrid_task', 'scheduled__2021-09-09T00:00:00+00:00', '--job-id', '1247', '--raw', '--subdir', 'DAGS_FOLDER/first_Dag.py', '--cfg-path', '/tmp/tmpt9oebb2z']
[2023-06-07T06:32:24.099+0000] {standard_task_runner.py:83} INFO - Job 1247: Subtask thrid_task
[2023-06-07T06:32:24.743+0000] {task_command.py:389} INFO - Running <TaskInstance: our_first_dag_v5.thrid_task scheduled__2021-09-09T00:00:00+00:00 [running]> on host 026ed797f3b3
[2023-06-07T06:32:25.303+0000] {taskinstance.py:1513} INFO - Exporting the following env vars:
AIRFLOW_CTX_DAG_OWNER=coder2j
AIRFLOW_CTX_DAG_ID=our_first_dag_v5
AIRFLOW_CTX_TASK_ID=thrid_task
AIRFLOW_CTX_EXECUTION_DATE=2021-09-09T00:00:00+00:00
AIRFLOW_CTX_TRY_NUMBER=1
AIRFLOW_CTX_DAG_RUN_ID=scheduled__2021-09-09T00:00:00+00:00
[2023-06-07T06:32:25.308+0000] {subprocess.py:63} INFO - Tmp dir root location: 
 /tmp
[2023-06-07T06:32:25.311+0000] {subprocess.py:75} INFO - Running command: ['/bin/bash', '-c', 'echo hey, I am task3 and will be running after task1 at the same time as task2!']
[2023-06-07T06:32:25.434+0000] {subprocess.py:86} INFO - Output:
[2023-06-07T06:32:25.463+0000] {subprocess.py:93} INFO - hey, I am task3 and will be running after task1 at the same time as task2!
[2023-06-07T06:32:25.472+0000] {subprocess.py:97} INFO - Command exited with return code 0
[2023-06-07T06:32:25.584+0000] {taskinstance.py:1327} INFO - Marking task as SUCCESS. dag_id=our_first_dag_v5, task_id=thrid_task, execution_date=20210909T000000, start_date=20230607T063223, end_date=20230607T063225
[2023-06-07T06:32:25.774+0000] {local_task_job.py:159} INFO - Task exited with return code 0
[2023-06-07T06:32:25.919+0000] {taskinstance.py:2582} INFO - 0 downstream tasks scheduled from follow-on schedule check
