[2023-05-30T12:33:53.801+0000] {taskinstance.py:1087} INFO - Dependencies all met for <TaskInstance: our_dag_with_python_operator_v07.get_age scheduled__2022-05-06T00:00:00+00:00 [queued]>
[2023-05-30T12:33:53.834+0000] {taskinstance.py:1087} INFO - Dependencies all met for <TaskInstance: our_dag_with_python_operator_v07.get_age scheduled__2022-05-06T00:00:00+00:00 [queued]>
[2023-05-30T12:33:53.836+0000] {taskinstance.py:1283} INFO - 
--------------------------------------------------------------------------------
[2023-05-30T12:33:53.838+0000] {taskinstance.py:1284} INFO - Starting attempt 1 of 6
[2023-05-30T12:33:53.840+0000] {taskinstance.py:1285} INFO - 
--------------------------------------------------------------------------------
[2023-05-30T12:33:53.928+0000] {taskinstance.py:1304} INFO - Executing <Task(PythonOperator): get_age> on 2022-05-06 00:00:00+00:00
[2023-05-30T12:33:53.960+0000] {standard_task_runner.py:55} INFO - Started process 10645 to run task
[2023-05-30T12:33:53.983+0000] {standard_task_runner.py:82} INFO - Running: ['***', 'tasks', 'run', 'our_dag_with_python_operator_v07', 'get_age', 'scheduled__2022-05-06T00:00:00+00:00', '--job-id', '1754', '--raw', '--subdir', 'DAGS_FOLDER/dag_python_opr.py', '--cfg-path', '/tmp/tmp_pt3w0nb']
[2023-05-30T12:33:53.987+0000] {standard_task_runner.py:83} INFO - Job 1754: Subtask get_age
[2023-05-30T12:33:54.288+0000] {task_command.py:389} INFO - Running <TaskInstance: our_dag_with_python_operator_v07.get_age scheduled__2022-05-06T00:00:00+00:00 [running]> on host 49219f98c96e
[2023-05-30T12:33:54.567+0000] {taskinstance.py:1513} INFO - Exporting the following env vars:
AIRFLOW_CTX_DAG_OWNER=coder2j
AIRFLOW_CTX_DAG_ID=our_dag_with_python_operator_v07
AIRFLOW_CTX_TASK_ID=get_age
AIRFLOW_CTX_EXECUTION_DATE=2022-05-06T00:00:00+00:00
AIRFLOW_CTX_TRY_NUMBER=1
AIRFLOW_CTX_DAG_RUN_ID=scheduled__2022-05-06T00:00:00+00:00
[2023-05-30T12:33:54.613+0000] {python.py:177} INFO - Done. Returned value was: None
[2023-05-30T12:33:54.663+0000] {taskinstance.py:1327} INFO - Marking task as SUCCESS. dag_id=our_dag_with_python_operator_v07, task_id=get_age, execution_date=20220506T000000, start_date=20230530T123353, end_date=20230530T123354
[2023-05-30T12:33:54.792+0000] {local_task_job.py:159} INFO - Task exited with return code 0
[2023-05-30T12:33:54.900+0000] {taskinstance.py:2582} INFO - 1 downstream tasks scheduled from follow-on schedule check
[2023-06-07T06:39:11.074+0000] {taskinstance.py:1087} INFO - Dependencies all met for <TaskInstance: our_dag_with_python_operator_v07.get_age scheduled__2022-05-06T00:00:00+00:00 [queued]>
[2023-06-07T06:39:11.210+0000] {taskinstance.py:1087} INFO - Dependencies all met for <TaskInstance: our_dag_with_python_operator_v07.get_age scheduled__2022-05-06T00:00:00+00:00 [queued]>
[2023-06-07T06:39:11.219+0000] {taskinstance.py:1283} INFO - 
--------------------------------------------------------------------------------
[2023-06-07T06:39:11.225+0000] {taskinstance.py:1284} INFO - Starting attempt 1 of 6
[2023-06-07T06:39:11.227+0000] {taskinstance.py:1285} INFO - 
--------------------------------------------------------------------------------
[2023-06-07T06:39:11.388+0000] {taskinstance.py:1304} INFO - Executing <Task(PythonOperator): get_age> on 2022-05-06 00:00:00+00:00
[2023-06-07T06:39:11.430+0000] {standard_task_runner.py:55} INFO - Started process 3828 to run task
[2023-06-07T06:39:11.454+0000] {standard_task_runner.py:82} INFO - Running: ['***', 'tasks', 'run', 'our_dag_with_python_operator_v07', 'get_age', 'scheduled__2022-05-06T00:00:00+00:00', '--job-id', '2231', '--raw', '--subdir', 'DAGS_FOLDER/dag_python_opr.py', '--cfg-path', '/tmp/tmp2vlzo0bc']
[2023-06-07T06:39:11.458+0000] {standard_task_runner.py:83} INFO - Job 2231: Subtask get_age
[2023-06-07T06:39:12.314+0000] {task_command.py:389} INFO - Running <TaskInstance: our_dag_with_python_operator_v07.get_age scheduled__2022-05-06T00:00:00+00:00 [running]> on host 026ed797f3b3
[2023-06-07T06:39:13.014+0000] {taskinstance.py:1513} INFO - Exporting the following env vars:
AIRFLOW_CTX_DAG_OWNER=coder2j
AIRFLOW_CTX_DAG_ID=our_dag_with_python_operator_v07
AIRFLOW_CTX_TASK_ID=get_age
AIRFLOW_CTX_EXECUTION_DATE=2022-05-06T00:00:00+00:00
AIRFLOW_CTX_TRY_NUMBER=1
AIRFLOW_CTX_DAG_RUN_ID=scheduled__2022-05-06T00:00:00+00:00
[2023-06-07T06:39:13.089+0000] {python.py:177} INFO - Done. Returned value was: None
[2023-06-07T06:39:13.209+0000] {taskinstance.py:1327} INFO - Marking task as SUCCESS. dag_id=our_dag_with_python_operator_v07, task_id=get_age, execution_date=20220506T000000, start_date=20230607T063911, end_date=20230607T063913
[2023-06-07T06:39:13.347+0000] {local_task_job.py:159} INFO - Task exited with return code 0
[2023-06-07T06:39:13.737+0000] {taskinstance.py:2582} INFO - 0 downstream tasks scheduled from follow-on schedule check
