[2023-05-30T11:36:54.486+0000] {taskinstance.py:1087} INFO - Dependencies all met for <TaskInstance: our_dag_with_python_operator_v07.get_name scheduled__2021-11-10T00:00:00+00:00 [queued]>
[2023-05-30T11:36:54.528+0000] {taskinstance.py:1087} INFO - Dependencies all met for <TaskInstance: our_dag_with_python_operator_v07.get_name scheduled__2021-11-10T00:00:00+00:00 [queued]>
[2023-05-30T11:36:54.537+0000] {taskinstance.py:1283} INFO - 
--------------------------------------------------------------------------------
[2023-05-30T11:36:54.539+0000] {taskinstance.py:1284} INFO - Starting attempt 1 of 6
[2023-05-30T11:36:54.540+0000] {taskinstance.py:1285} INFO - 
--------------------------------------------------------------------------------
[2023-05-30T11:36:54.564+0000] {taskinstance.py:1304} INFO - Executing <Task(PythonOperator): get_name> on 2021-11-10 00:00:00+00:00
[2023-05-30T11:36:54.574+0000] {standard_task_runner.py:55} INFO - Started process 5728 to run task
[2023-05-30T11:36:54.585+0000] {standard_task_runner.py:82} INFO - Running: ['***', 'tasks', 'run', 'our_dag_with_python_operator_v07', 'get_name', 'scheduled__2021-11-10T00:00:00+00:00', '--job-id', '1218', '--raw', '--subdir', 'DAGS_FOLDER/dag_python_opr.py', '--cfg-path', '/tmp/tmpchorh5ns']
[2023-05-30T11:36:54.591+0000] {standard_task_runner.py:83} INFO - Job 1218: Subtask get_name
[2023-05-30T11:36:54.848+0000] {task_command.py:389} INFO - Running <TaskInstance: our_dag_with_python_operator_v07.get_name scheduled__2021-11-10T00:00:00+00:00 [running]> on host 49219f98c96e
[2023-05-30T11:36:55.062+0000] {taskinstance.py:1513} INFO - Exporting the following env vars:
AIRFLOW_CTX_DAG_OWNER=coder2j
AIRFLOW_CTX_DAG_ID=our_dag_with_python_operator_v07
AIRFLOW_CTX_TASK_ID=get_name
AIRFLOW_CTX_EXECUTION_DATE=2021-11-10T00:00:00+00:00
AIRFLOW_CTX_TRY_NUMBER=1
AIRFLOW_CTX_DAG_RUN_ID=scheduled__2021-11-10T00:00:00+00:00
[2023-05-30T11:36:55.129+0000] {python.py:177} INFO - Done. Returned value was: None
[2023-05-30T11:36:55.157+0000] {taskinstance.py:1327} INFO - Marking task as SUCCESS. dag_id=our_dag_with_python_operator_v07, task_id=get_name, execution_date=20211110T000000, start_date=20230530T113654, end_date=20230530T113655
[2023-05-30T11:36:55.281+0000] {local_task_job.py:159} INFO - Task exited with return code 0
[2023-05-30T11:36:55.348+0000] {taskinstance.py:2582} INFO - 0 downstream tasks scheduled from follow-on schedule check
[2023-06-07T06:32:06.718+0000] {taskinstance.py:1087} INFO - Dependencies all met for <TaskInstance: our_dag_with_python_operator_v07.get_name scheduled__2021-11-10T00:00:00+00:00 [queued]>
[2023-06-07T06:32:06.808+0000] {taskinstance.py:1087} INFO - Dependencies all met for <TaskInstance: our_dag_with_python_operator_v07.get_name scheduled__2021-11-10T00:00:00+00:00 [queued]>
[2023-06-07T06:32:06.810+0000] {taskinstance.py:1283} INFO - 
--------------------------------------------------------------------------------
[2023-06-07T06:32:06.816+0000] {taskinstance.py:1284} INFO - Starting attempt 1 of 6
[2023-06-07T06:32:06.818+0000] {taskinstance.py:1285} INFO - 
--------------------------------------------------------------------------------
[2023-06-07T06:32:06.903+0000] {taskinstance.py:1304} INFO - Executing <Task(PythonOperator): get_name> on 2021-11-10 00:00:00+00:00
[2023-06-07T06:32:06.915+0000] {standard_task_runner.py:55} INFO - Started process 969 to run task
[2023-06-07T06:32:06.987+0000] {standard_task_runner.py:82} INFO - Running: ['***', 'tasks', 'run', 'our_dag_with_python_operator_v07', 'get_name', 'scheduled__2021-11-10T00:00:00+00:00', '--job-id', '1196', '--raw', '--subdir', 'DAGS_FOLDER/dag_python_opr.py', '--cfg-path', '/tmp/tmpky9yq94s']
[2023-06-07T06:32:06.998+0000] {standard_task_runner.py:83} INFO - Job 1196: Subtask get_name
[2023-06-07T06:32:07.346+0000] {task_command.py:389} INFO - Running <TaskInstance: our_dag_with_python_operator_v07.get_name scheduled__2021-11-10T00:00:00+00:00 [running]> on host 026ed797f3b3
[2023-06-07T06:32:07.863+0000] {taskinstance.py:1513} INFO - Exporting the following env vars:
AIRFLOW_CTX_DAG_OWNER=coder2j
AIRFLOW_CTX_DAG_ID=our_dag_with_python_operator_v07
AIRFLOW_CTX_TASK_ID=get_name
AIRFLOW_CTX_EXECUTION_DATE=2021-11-10T00:00:00+00:00
AIRFLOW_CTX_TRY_NUMBER=1
AIRFLOW_CTX_DAG_RUN_ID=scheduled__2021-11-10T00:00:00+00:00
[2023-06-07T06:32:07.982+0000] {python.py:177} INFO - Done. Returned value was: None
[2023-06-07T06:32:08.033+0000] {taskinstance.py:1327} INFO - Marking task as SUCCESS. dag_id=our_dag_with_python_operator_v07, task_id=get_name, execution_date=20211110T000000, start_date=20230607T063206, end_date=20230607T063208
[2023-06-07T06:32:08.262+0000] {local_task_job.py:159} INFO - Task exited with return code 0
[2023-06-07T06:32:08.438+0000] {taskinstance.py:2582} INFO - 0 downstream tasks scheduled from follow-on schedule check
