[2023-05-30T12:32:22.124+0000] {taskinstance.py:1087} INFO - Dependencies all met for <TaskInstance: our_dag_with_python_operator_v07.get_age scheduled__2022-02-14T00:00:00+00:00 [queued]>
[2023-05-30T12:32:22.175+0000] {taskinstance.py:1087} INFO - Dependencies all met for <TaskInstance: our_dag_with_python_operator_v07.get_age scheduled__2022-02-14T00:00:00+00:00 [queued]>
[2023-05-30T12:32:22.177+0000] {taskinstance.py:1283} INFO - 
--------------------------------------------------------------------------------
[2023-05-30T12:32:22.178+0000] {taskinstance.py:1284} INFO - Starting attempt 1 of 6
[2023-05-30T12:32:22.179+0000] {taskinstance.py:1285} INFO - 
--------------------------------------------------------------------------------
[2023-05-30T12:32:22.243+0000] {taskinstance.py:1304} INFO - Executing <Task(PythonOperator): get_age> on 2022-02-14 00:00:00+00:00
[2023-05-30T12:32:22.262+0000] {standard_task_runner.py:55} INFO - Started process 10071 to run task
[2023-05-30T12:32:22.263+0000] {standard_task_runner.py:82} INFO - Running: ['***', 'tasks', 'run', 'our_dag_with_python_operator_v07', 'get_age', 'scheduled__2022-02-14T00:00:00+00:00', '--job-id', '1508', '--raw', '--subdir', 'DAGS_FOLDER/dag_python_opr.py', '--cfg-path', '/tmp/tmpbsq9qazr']
[2023-05-30T12:32:22.273+0000] {standard_task_runner.py:83} INFO - Job 1508: Subtask get_age
[2023-05-30T12:32:22.494+0000] {task_command.py:389} INFO - Running <TaskInstance: our_dag_with_python_operator_v07.get_age scheduled__2022-02-14T00:00:00+00:00 [running]> on host 49219f98c96e
[2023-05-30T12:32:22.731+0000] {taskinstance.py:1513} INFO - Exporting the following env vars:
AIRFLOW_CTX_DAG_OWNER=coder2j
AIRFLOW_CTX_DAG_ID=our_dag_with_python_operator_v07
AIRFLOW_CTX_TASK_ID=get_age
AIRFLOW_CTX_EXECUTION_DATE=2022-02-14T00:00:00+00:00
AIRFLOW_CTX_TRY_NUMBER=1
AIRFLOW_CTX_DAG_RUN_ID=scheduled__2022-02-14T00:00:00+00:00
[2023-05-30T12:32:22.768+0000] {python.py:177} INFO - Done. Returned value was: None
[2023-05-30T12:32:22.797+0000] {taskinstance.py:1327} INFO - Marking task as SUCCESS. dag_id=our_dag_with_python_operator_v07, task_id=get_age, execution_date=20220214T000000, start_date=20230530T123222, end_date=20230530T123222
[2023-05-30T12:32:22.896+0000] {local_task_job.py:159} INFO - Task exited with return code 0
[2023-05-30T12:32:22.954+0000] {taskinstance.py:2582} INFO - 1 downstream tasks scheduled from follow-on schedule check
[2023-06-07T06:35:28.337+0000] {taskinstance.py:1087} INFO - Dependencies all met for <TaskInstance: our_dag_with_python_operator_v07.get_age scheduled__2022-02-14T00:00:00+00:00 [queued]>
[2023-06-07T06:35:28.414+0000] {taskinstance.py:1087} INFO - Dependencies all met for <TaskInstance: our_dag_with_python_operator_v07.get_age scheduled__2022-02-14T00:00:00+00:00 [queued]>
[2023-06-07T06:35:28.417+0000] {taskinstance.py:1283} INFO - 
--------------------------------------------------------------------------------
[2023-06-07T06:35:28.420+0000] {taskinstance.py:1284} INFO - Starting attempt 1 of 6
[2023-06-07T06:35:28.422+0000] {taskinstance.py:1285} INFO - 
--------------------------------------------------------------------------------
[2023-06-07T06:35:28.506+0000] {taskinstance.py:1304} INFO - Executing <Task(PythonOperator): get_age> on 2022-02-14 00:00:00+00:00
[2023-06-07T06:35:28.530+0000] {standard_task_runner.py:55} INFO - Started process 2418 to run task
[2023-06-07T06:35:28.571+0000] {standard_task_runner.py:82} INFO - Running: ['***', 'tasks', 'run', 'our_dag_with_python_operator_v07', 'get_age', 'scheduled__2022-02-14T00:00:00+00:00', '--job-id', '1730', '--raw', '--subdir', 'DAGS_FOLDER/dag_python_opr.py', '--cfg-path', '/tmp/tmpqgb_bbzi']
[2023-06-07T06:35:28.574+0000] {standard_task_runner.py:83} INFO - Job 1730: Subtask get_age
[2023-06-07T06:35:28.881+0000] {task_command.py:389} INFO - Running <TaskInstance: our_dag_with_python_operator_v07.get_age scheduled__2022-02-14T00:00:00+00:00 [running]> on host 026ed797f3b3
[2023-06-07T06:35:29.207+0000] {taskinstance.py:1513} INFO - Exporting the following env vars:
AIRFLOW_CTX_DAG_OWNER=coder2j
AIRFLOW_CTX_DAG_ID=our_dag_with_python_operator_v07
AIRFLOW_CTX_TASK_ID=get_age
AIRFLOW_CTX_EXECUTION_DATE=2022-02-14T00:00:00+00:00
AIRFLOW_CTX_TRY_NUMBER=1
AIRFLOW_CTX_DAG_RUN_ID=scheduled__2022-02-14T00:00:00+00:00
[2023-06-07T06:35:29.280+0000] {python.py:177} INFO - Done. Returned value was: None
[2023-06-07T06:35:29.338+0000] {taskinstance.py:1327} INFO - Marking task as SUCCESS. dag_id=our_dag_with_python_operator_v07, task_id=get_age, execution_date=20220214T000000, start_date=20230607T063528, end_date=20230607T063529
[2023-06-07T06:35:29.429+0000] {local_task_job.py:159} INFO - Task exited with return code 0
[2023-06-07T06:35:29.516+0000] {taskinstance.py:2582} INFO - 1 downstream tasks scheduled from follow-on schedule check
