[2023-05-30T11:36:57.710+0000] {taskinstance.py:1087} INFO - Dependencies all met for <TaskInstance: our_dag_with_python_operator_v07.greet scheduled__2021-11-10T00:00:00+00:00 [queued]>
[2023-05-30T11:36:57.729+0000] {taskinstance.py:1087} INFO - Dependencies all met for <TaskInstance: our_dag_with_python_operator_v07.greet scheduled__2021-11-10T00:00:00+00:00 [queued]>
[2023-05-30T11:36:57.731+0000] {taskinstance.py:1283} INFO - 
--------------------------------------------------------------------------------
[2023-05-30T11:36:57.734+0000] {taskinstance.py:1284} INFO - Starting attempt 1 of 6
[2023-05-30T11:36:57.736+0000] {taskinstance.py:1285} INFO - 
--------------------------------------------------------------------------------
[2023-05-30T11:36:57.762+0000] {taskinstance.py:1304} INFO - Executing <Task(PythonOperator): greet> on 2021-11-10 00:00:00+00:00
[2023-05-30T11:36:57.769+0000] {standard_task_runner.py:55} INFO - Started process 5750 to run task
[2023-05-30T11:36:57.775+0000] {standard_task_runner.py:82} INFO - Running: ['***', 'tasks', 'run', 'our_dag_with_python_operator_v07', 'greet', 'scheduled__2021-11-10T00:00:00+00:00', '--job-id', '1229', '--raw', '--subdir', 'DAGS_FOLDER/dag_python_opr.py', '--cfg-path', '/tmp/tmpp538rx92']
[2023-05-30T11:36:57.778+0000] {standard_task_runner.py:83} INFO - Job 1229: Subtask greet
[2023-05-30T11:36:57.880+0000] {task_command.py:389} INFO - Running <TaskInstance: our_dag_with_python_operator_v07.greet scheduled__2021-11-10T00:00:00+00:00 [running]> on host 49219f98c96e
[2023-05-30T11:36:57.985+0000] {taskinstance.py:1513} INFO - Exporting the following env vars:
AIRFLOW_CTX_DAG_OWNER=coder2j
AIRFLOW_CTX_DAG_ID=our_dag_with_python_operator_v07
AIRFLOW_CTX_TASK_ID=greet
AIRFLOW_CTX_EXECUTION_DATE=2021-11-10T00:00:00+00:00
AIRFLOW_CTX_TRY_NUMBER=1
AIRFLOW_CTX_DAG_RUN_ID=scheduled__2021-11-10T00:00:00+00:00
[2023-05-30T11:36:57.987+0000] {logging_mixin.py:137} INFO - some dict:  {'a': 1, 'b': 2}
[2023-05-30T11:36:58.037+0000] {logging_mixin.py:137} INFO - Hello World! My name is Jerry Fridman, and I am 19 years old!
[2023-05-30T11:36:58.039+0000] {python.py:177} INFO - Done. Returned value was: None
[2023-05-30T11:36:58.058+0000] {taskinstance.py:1327} INFO - Marking task as SUCCESS. dag_id=our_dag_with_python_operator_v07, task_id=greet, execution_date=20211110T000000, start_date=20230530T113657, end_date=20230530T113658
[2023-05-30T11:36:58.109+0000] {local_task_job.py:159} INFO - Task exited with return code 0
[2023-05-30T11:36:58.142+0000] {taskinstance.py:2582} INFO - 0 downstream tasks scheduled from follow-on schedule check
[2023-06-07T06:32:12.172+0000] {taskinstance.py:1087} INFO - Dependencies all met for <TaskInstance: our_dag_with_python_operator_v07.greet scheduled__2021-11-10T00:00:00+00:00 [queued]>
[2023-06-07T06:32:12.250+0000] {taskinstance.py:1087} INFO - Dependencies all met for <TaskInstance: our_dag_with_python_operator_v07.greet scheduled__2021-11-10T00:00:00+00:00 [queued]>
[2023-06-07T06:32:12.255+0000] {taskinstance.py:1283} INFO - 
--------------------------------------------------------------------------------
[2023-06-07T06:32:12.260+0000] {taskinstance.py:1284} INFO - Starting attempt 1 of 6
[2023-06-07T06:32:12.267+0000] {taskinstance.py:1285} INFO - 
--------------------------------------------------------------------------------
[2023-06-07T06:32:12.362+0000] {taskinstance.py:1304} INFO - Executing <Task(PythonOperator): greet> on 2021-11-10 00:00:00+00:00
[2023-06-07T06:32:12.384+0000] {standard_task_runner.py:55} INFO - Started process 1001 to run task
[2023-06-07T06:32:12.405+0000] {standard_task_runner.py:82} INFO - Running: ['***', 'tasks', 'run', 'our_dag_with_python_operator_v07', 'greet', 'scheduled__2021-11-10T00:00:00+00:00', '--job-id', '1213', '--raw', '--subdir', 'DAGS_FOLDER/dag_python_opr.py', '--cfg-path', '/tmp/tmpswfvzpth']
[2023-06-07T06:32:12.415+0000] {standard_task_runner.py:83} INFO - Job 1213: Subtask greet
[2023-06-07T06:32:12.694+0000] {task_command.py:389} INFO - Running <TaskInstance: our_dag_with_python_operator_v07.greet scheduled__2021-11-10T00:00:00+00:00 [running]> on host 026ed797f3b3
[2023-06-07T06:32:13.129+0000] {taskinstance.py:1513} INFO - Exporting the following env vars:
AIRFLOW_CTX_DAG_OWNER=coder2j
AIRFLOW_CTX_DAG_ID=our_dag_with_python_operator_v07
AIRFLOW_CTX_TASK_ID=greet
AIRFLOW_CTX_EXECUTION_DATE=2021-11-10T00:00:00+00:00
AIRFLOW_CTX_TRY_NUMBER=1
AIRFLOW_CTX_DAG_RUN_ID=scheduled__2021-11-10T00:00:00+00:00
[2023-06-07T06:32:13.139+0000] {logging_mixin.py:137} INFO - some dict:  {'a': 1, 'b': 2}
[2023-06-07T06:32:13.301+0000] {logging_mixin.py:137} INFO - Hello World! My name is Jerry Fridman, and I am 19 years old!
[2023-06-07T06:32:13.303+0000] {python.py:177} INFO - Done. Returned value was: None
[2023-06-07T06:32:13.370+0000] {taskinstance.py:1327} INFO - Marking task as SUCCESS. dag_id=our_dag_with_python_operator_v07, task_id=greet, execution_date=20211110T000000, start_date=20230607T063212, end_date=20230607T063213
[2023-06-07T06:32:13.499+0000] {local_task_job.py:159} INFO - Task exited with return code 0
[2023-06-07T06:32:13.556+0000] {taskinstance.py:2582} INFO - 0 downstream tasks scheduled from follow-on schedule check
