[2023-05-30T11:32:17.582+0000] {taskinstance.py:1087} INFO - Dependencies all met for <TaskInstance: our_first_dag_v5.second_task scheduled__2022-03-29T00:00:00+00:00 [queued]>
[2023-05-30T11:32:17.685+0000] {taskinstance.py:1087} INFO - Dependencies all met for <TaskInstance: our_first_dag_v5.second_task scheduled__2022-03-29T00:00:00+00:00 [queued]>
[2023-05-30T11:32:17.696+0000] {taskinstance.py:1283} INFO - 
--------------------------------------------------------------------------------
[2023-05-30T11:32:17.698+0000] {taskinstance.py:1284} INFO - Starting attempt 1 of 6
[2023-05-30T11:32:17.706+0000] {taskinstance.py:1285} INFO - 
--------------------------------------------------------------------------------
[2023-05-30T11:32:17.810+0000] {taskinstance.py:1304} INFO - Executing <Task(BashOperator): second_task> on 2022-03-29 00:00:00+00:00
[2023-05-30T11:32:17.847+0000] {standard_task_runner.py:55} INFO - Started process 4123 to run task
[2023-05-30T11:32:17.894+0000] {standard_task_runner.py:82} INFO - Running: ['***', 'tasks', 'run', 'our_first_dag_v5', 'second_task', 'scheduled__2022-03-29T00:00:00+00:00', '--job-id', '740', '--raw', '--subdir', 'DAGS_FOLDER/first_Dag.py', '--cfg-path', '/tmp/tmpt_7t0kl5']
[2023-05-30T11:32:17.902+0000] {standard_task_runner.py:83} INFO - Job 740: Subtask second_task
[2023-05-30T11:32:18.210+0000] {task_command.py:389} INFO - Running <TaskInstance: our_first_dag_v5.second_task scheduled__2022-03-29T00:00:00+00:00 [running]> on host 49219f98c96e
[2023-05-30T11:32:18.744+0000] {taskinstance.py:1513} INFO - Exporting the following env vars:
AIRFLOW_CTX_DAG_OWNER=coder2j
AIRFLOW_CTX_DAG_ID=our_first_dag_v5
AIRFLOW_CTX_TASK_ID=second_task
AIRFLOW_CTX_EXECUTION_DATE=2022-03-29T00:00:00+00:00
AIRFLOW_CTX_TRY_NUMBER=1
AIRFLOW_CTX_DAG_RUN_ID=scheduled__2022-03-29T00:00:00+00:00
[2023-05-30T11:32:18.747+0000] {subprocess.py:63} INFO - Tmp dir root location: 
 /tmp
[2023-05-30T11:32:18.753+0000] {subprocess.py:75} INFO - Running command: ['/bin/bash', '-c', 'echo hey, I am task2 and will be running after task1!']
[2023-05-30T11:32:18.856+0000] {subprocess.py:86} INFO - Output:
[2023-05-30T11:32:18.868+0000] {subprocess.py:93} INFO - hey, I am task2 and will be running after task1!
[2023-05-30T11:32:18.880+0000] {subprocess.py:97} INFO - Command exited with return code 0
[2023-05-30T11:32:18.996+0000] {taskinstance.py:1327} INFO - Marking task as SUCCESS. dag_id=our_first_dag_v5, task_id=second_task, execution_date=20220329T000000, start_date=20230530T113217, end_date=20230530T113218
[2023-05-30T11:32:19.169+0000] {local_task_job.py:159} INFO - Task exited with return code 0
[2023-05-30T11:32:19.237+0000] {taskinstance.py:2582} INFO - 0 downstream tasks scheduled from follow-on schedule check
