[2023-05-30T11:33:49.972+0000] {taskinstance.py:1087} INFO - Dependencies all met for <TaskInstance: our_first_dag_v5.second_task scheduled__2022-06-30T00:00:00+00:00 [queued]>
[2023-05-30T11:33:50.040+0000] {taskinstance.py:1087} INFO - Dependencies all met for <TaskInstance: our_first_dag_v5.second_task scheduled__2022-06-30T00:00:00+00:00 [queued]>
[2023-05-30T11:33:50.046+0000] {taskinstance.py:1283} INFO - 
--------------------------------------------------------------------------------
[2023-05-30T11:33:50.050+0000] {taskinstance.py:1284} INFO - Starting attempt 1 of 6
[2023-05-30T11:33:50.051+0000] {taskinstance.py:1285} INFO - 
--------------------------------------------------------------------------------
[2023-05-30T11:33:50.118+0000] {taskinstance.py:1304} INFO - Executing <Task(BashOperator): second_task> on 2022-06-30 00:00:00+00:00
[2023-05-30T11:33:50.136+0000] {standard_task_runner.py:55} INFO - Started process 5033 to run task
[2023-05-30T11:33:50.161+0000] {standard_task_runner.py:82} INFO - Running: ['***', 'tasks', 'run', 'our_first_dag_v5', 'second_task', 'scheduled__2022-06-30T00:00:00+00:00', '--job-id', '1017', '--raw', '--subdir', 'DAGS_FOLDER/first_Dag.py', '--cfg-path', '/tmp/tmpb__uhmls']
[2023-05-30T11:33:50.163+0000] {standard_task_runner.py:83} INFO - Job 1017: Subtask second_task
[2023-05-30T11:33:50.488+0000] {task_command.py:389} INFO - Running <TaskInstance: our_first_dag_v5.second_task scheduled__2022-06-30T00:00:00+00:00 [running]> on host 49219f98c96e
[2023-05-30T11:33:50.794+0000] {taskinstance.py:1513} INFO - Exporting the following env vars:
AIRFLOW_CTX_DAG_OWNER=coder2j
AIRFLOW_CTX_DAG_ID=our_first_dag_v5
AIRFLOW_CTX_TASK_ID=second_task
AIRFLOW_CTX_EXECUTION_DATE=2022-06-30T00:00:00+00:00
AIRFLOW_CTX_TRY_NUMBER=1
AIRFLOW_CTX_DAG_RUN_ID=scheduled__2022-06-30T00:00:00+00:00
[2023-05-30T11:33:50.799+0000] {subprocess.py:63} INFO - Tmp dir root location: 
 /tmp
[2023-05-30T11:33:50.801+0000] {subprocess.py:75} INFO - Running command: ['/bin/bash', '-c', 'echo hey, I am task2 and will be running after task1!']
[2023-05-30T11:33:50.854+0000] {subprocess.py:86} INFO - Output:
[2023-05-30T11:33:50.867+0000] {subprocess.py:93} INFO - hey, I am task2 and will be running after task1!
[2023-05-30T11:33:50.870+0000] {subprocess.py:97} INFO - Command exited with return code 0
[2023-05-30T11:33:50.972+0000] {taskinstance.py:1327} INFO - Marking task as SUCCESS. dag_id=our_first_dag_v5, task_id=second_task, execution_date=20220630T000000, start_date=20230530T113349, end_date=20230530T113350
[2023-05-30T11:33:51.068+0000] {local_task_job.py:159} INFO - Task exited with return code 0
[2023-05-30T11:33:51.177+0000] {taskinstance.py:2582} INFO - 0 downstream tasks scheduled from follow-on schedule check
