[2023-05-30T11:31:36.029+0000] {taskinstance.py:1087} INFO - Dependencies all met for <TaskInstance: our_first_dag_v5.thrid_task scheduled__2022-02-16T00:00:00+00:00 [queued]>
[2023-05-30T11:31:36.232+0000] {taskinstance.py:1087} INFO - Dependencies all met for <TaskInstance: our_first_dag_v5.thrid_task scheduled__2022-02-16T00:00:00+00:00 [queued]>
[2023-05-30T11:31:36.250+0000] {taskinstance.py:1283} INFO - 
--------------------------------------------------------------------------------
[2023-05-30T11:31:36.264+0000] {taskinstance.py:1284} INFO - Starting attempt 1 of 6
[2023-05-30T11:31:36.273+0000] {taskinstance.py:1285} INFO - 
--------------------------------------------------------------------------------
[2023-05-30T11:31:36.447+0000] {taskinstance.py:1304} INFO - Executing <Task(BashOperator): thrid_task> on 2022-02-16 00:00:00+00:00
[2023-05-30T11:31:36.512+0000] {standard_task_runner.py:55} INFO - Started process 3701 to run task
[2023-05-30T11:31:36.601+0000] {standard_task_runner.py:82} INFO - Running: ['***', 'tasks', 'run', 'our_first_dag_v5', 'thrid_task', 'scheduled__2022-02-16T00:00:00+00:00', '--job-id', '614', '--raw', '--subdir', 'DAGS_FOLDER/first_Dag.py', '--cfg-path', '/tmp/tmpopzxvfrp']
[2023-05-30T11:31:36.608+0000] {standard_task_runner.py:83} INFO - Job 614: Subtask thrid_task
[2023-05-30T11:31:37.199+0000] {task_command.py:389} INFO - Running <TaskInstance: our_first_dag_v5.thrid_task scheduled__2022-02-16T00:00:00+00:00 [running]> on host 49219f98c96e
[2023-05-30T11:31:37.840+0000] {taskinstance.py:1513} INFO - Exporting the following env vars:
AIRFLOW_CTX_DAG_OWNER=coder2j
AIRFLOW_CTX_DAG_ID=our_first_dag_v5
AIRFLOW_CTX_TASK_ID=thrid_task
AIRFLOW_CTX_EXECUTION_DATE=2022-02-16T00:00:00+00:00
AIRFLOW_CTX_TRY_NUMBER=1
AIRFLOW_CTX_DAG_RUN_ID=scheduled__2022-02-16T00:00:00+00:00
[2023-05-30T11:31:37.854+0000] {subprocess.py:63} INFO - Tmp dir root location: 
 /tmp
[2023-05-30T11:31:37.858+0000] {subprocess.py:75} INFO - Running command: ['/bin/bash', '-c', 'echo hey, I am task3 and will be running after task1 at the same time as task2!']
[2023-05-30T11:31:37.985+0000] {subprocess.py:86} INFO - Output:
[2023-05-30T11:31:37.991+0000] {subprocess.py:93} INFO - hey, I am task3 and will be running after task1 at the same time as task2!
[2023-05-30T11:31:37.994+0000] {subprocess.py:97} INFO - Command exited with return code 0
[2023-05-30T11:31:38.089+0000] {taskinstance.py:1327} INFO - Marking task as SUCCESS. dag_id=our_first_dag_v5, task_id=thrid_task, execution_date=20220216T000000, start_date=20230530T113136, end_date=20230530T113138
[2023-05-30T11:31:38.166+0000] {local_task_job.py:159} INFO - Task exited with return code 0
[2023-05-30T11:31:38.242+0000] {taskinstance.py:2582} INFO - 0 downstream tasks scheduled from follow-on schedule check
[2023-06-07T06:39:05.395+0000] {taskinstance.py:1087} INFO - Dependencies all met for <TaskInstance: our_first_dag_v5.thrid_task scheduled__2022-02-16T00:00:00+00:00 [queued]>
[2023-06-07T06:39:05.630+0000] {taskinstance.py:1087} INFO - Dependencies all met for <TaskInstance: our_first_dag_v5.thrid_task scheduled__2022-02-16T00:00:00+00:00 [queued]>
[2023-06-07T06:39:05.646+0000] {taskinstance.py:1283} INFO - 
--------------------------------------------------------------------------------
[2023-06-07T06:39:05.650+0000] {taskinstance.py:1284} INFO - Starting attempt 1 of 6
[2023-06-07T06:39:05.653+0000] {taskinstance.py:1285} INFO - 
--------------------------------------------------------------------------------
[2023-06-07T06:39:06.266+0000] {taskinstance.py:1304} INFO - Executing <Task(BashOperator): thrid_task> on 2022-02-16 00:00:00+00:00
[2023-06-07T06:39:06.390+0000] {standard_task_runner.py:55} INFO - Started process 3802 to run task
[2023-06-07T06:39:06.551+0000] {standard_task_runner.py:82} INFO - Running: ['***', 'tasks', 'run', 'our_first_dag_v5', 'thrid_task', 'scheduled__2022-02-16T00:00:00+00:00', '--job-id', '2219', '--raw', '--subdir', 'DAGS_FOLDER/first_Dag.py', '--cfg-path', '/tmp/tmpdczht7ae']
[2023-06-07T06:39:06.563+0000] {standard_task_runner.py:83} INFO - Job 2219: Subtask thrid_task
[2023-06-07T06:39:07.418+0000] {task_command.py:389} INFO - Running <TaskInstance: our_first_dag_v5.thrid_task scheduled__2022-02-16T00:00:00+00:00 [running]> on host 026ed797f3b3
[2023-06-07T06:39:08.947+0000] {taskinstance.py:1513} INFO - Exporting the following env vars:
AIRFLOW_CTX_DAG_OWNER=coder2j
AIRFLOW_CTX_DAG_ID=our_first_dag_v5
AIRFLOW_CTX_TASK_ID=thrid_task
AIRFLOW_CTX_EXECUTION_DATE=2022-02-16T00:00:00+00:00
AIRFLOW_CTX_TRY_NUMBER=1
AIRFLOW_CTX_DAG_RUN_ID=scheduled__2022-02-16T00:00:00+00:00
[2023-06-07T06:39:08.962+0000] {subprocess.py:63} INFO - Tmp dir root location: 
 /tmp
[2023-06-07T06:39:08.975+0000] {subprocess.py:75} INFO - Running command: ['/bin/bash', '-c', 'echo hey, I am task3 and will be running after task1 at the same time as task2!']
[2023-06-07T06:39:09.058+0000] {subprocess.py:86} INFO - Output:
[2023-06-07T06:39:09.083+0000] {subprocess.py:93} INFO - hey, I am task3 and will be running after task1 at the same time as task2!
[2023-06-07T06:39:09.090+0000] {subprocess.py:97} INFO - Command exited with return code 0
[2023-06-07T06:39:09.444+0000] {taskinstance.py:1327} INFO - Marking task as SUCCESS. dag_id=our_first_dag_v5, task_id=thrid_task, execution_date=20220216T000000, start_date=20230607T063905, end_date=20230607T063909
[2023-06-07T06:39:09.748+0000] {local_task_job.py:159} INFO - Task exited with return code 0
[2023-06-07T06:39:09.918+0000] {taskinstance.py:2582} INFO - 0 downstream tasks scheduled from follow-on schedule check
