[2023-05-30T11:28:45.555+0000] {taskinstance.py:1087} INFO - Dependencies all met for <TaskInstance: our_first_dag_v5.first_task scheduled__2021-09-14T00:00:00+00:00 [queued]>
[2023-05-30T11:28:45.573+0000] {taskinstance.py:1087} INFO - Dependencies all met for <TaskInstance: our_first_dag_v5.first_task scheduled__2021-09-14T00:00:00+00:00 [queued]>
[2023-05-30T11:28:45.576+0000] {taskinstance.py:1283} INFO - 
--------------------------------------------------------------------------------
[2023-05-30T11:28:45.581+0000] {taskinstance.py:1284} INFO - Starting attempt 1 of 6
[2023-05-30T11:28:45.583+0000] {taskinstance.py:1285} INFO - 
--------------------------------------------------------------------------------
[2023-05-30T11:28:45.621+0000] {taskinstance.py:1304} INFO - Executing <Task(BashOperator): first_task> on 2021-09-14 00:00:00+00:00
[2023-05-30T11:28:45.630+0000] {standard_task_runner.py:55} INFO - Started process 2127 to run task
[2023-05-30T11:28:45.642+0000] {standard_task_runner.py:82} INFO - Running: ['***', 'tasks', 'run', 'our_first_dag_v5', 'first_task', 'scheduled__2021-09-14T00:00:00+00:00', '--job-id', '142', '--raw', '--subdir', 'DAGS_FOLDER/first_Dag.py', '--cfg-path', '/tmp/tmp79vvuwmm']
[2023-05-30T11:28:45.644+0000] {standard_task_runner.py:83} INFO - Job 142: Subtask first_task
[2023-05-30T11:28:45.792+0000] {task_command.py:389} INFO - Running <TaskInstance: our_first_dag_v5.first_task scheduled__2021-09-14T00:00:00+00:00 [running]> on host 49219f98c96e
[2023-05-30T11:28:45.930+0000] {taskinstance.py:1513} INFO - Exporting the following env vars:
AIRFLOW_CTX_DAG_OWNER=coder2j
AIRFLOW_CTX_DAG_ID=our_first_dag_v5
AIRFLOW_CTX_TASK_ID=first_task
AIRFLOW_CTX_EXECUTION_DATE=2021-09-14T00:00:00+00:00
AIRFLOW_CTX_TRY_NUMBER=1
AIRFLOW_CTX_DAG_RUN_ID=scheduled__2021-09-14T00:00:00+00:00
[2023-05-30T11:28:45.933+0000] {subprocess.py:63} INFO - Tmp dir root location: 
 /tmp
[2023-05-30T11:28:45.936+0000] {subprocess.py:75} INFO - Running command: ['/bin/bash', '-c', 'echo hello world, this is the first task!']
[2023-05-30T11:28:45.957+0000] {subprocess.py:86} INFO - Output:
[2023-05-30T11:28:45.962+0000] {subprocess.py:93} INFO - hello world, this is the first task!
[2023-05-30T11:28:45.964+0000] {subprocess.py:97} INFO - Command exited with return code 0
[2023-05-30T11:28:46.008+0000] {taskinstance.py:1327} INFO - Marking task as SUCCESS. dag_id=our_first_dag_v5, task_id=first_task, execution_date=20210914T000000, start_date=20230530T112845, end_date=20230530T112846
[2023-05-30T11:28:46.050+0000] {local_task_job.py:159} INFO - Task exited with return code 0
[2023-05-30T11:28:46.095+0000] {taskinstance.py:2582} INFO - 2 downstream tasks scheduled from follow-on schedule check
