[2023-05-30T12:37:21.017+0000] {taskinstance.py:1087} INFO - Dependencies all met for <TaskInstance: our_dag_with_python_operator_v07.get_name scheduled__2022-11-11T00:00:00+00:00 [queued]>
[2023-05-30T12:37:21.078+0000] {taskinstance.py:1087} INFO - Dependencies all met for <TaskInstance: our_dag_with_python_operator_v07.get_name scheduled__2022-11-11T00:00:00+00:00 [queued]>
[2023-05-30T12:37:21.081+0000] {taskinstance.py:1283} INFO - 
--------------------------------------------------------------------------------
[2023-05-30T12:37:21.083+0000] {taskinstance.py:1284} INFO - Starting attempt 1 of 6
[2023-05-30T12:37:21.095+0000] {taskinstance.py:1285} INFO - 
--------------------------------------------------------------------------------
[2023-05-30T12:37:21.197+0000] {taskinstance.py:1304} INFO - Executing <Task(PythonOperator): get_name> on 2022-11-11 00:00:00+00:00
[2023-05-30T12:37:21.206+0000] {standard_task_runner.py:55} INFO - Started process 11966 to run task
[2023-05-30T12:37:21.228+0000] {standard_task_runner.py:82} INFO - Running: ['***', 'tasks', 'run', 'our_dag_with_python_operator_v07', 'get_name', 'scheduled__2022-11-11T00:00:00+00:00', '--job-id', '2318', '--raw', '--subdir', 'DAGS_FOLDER/dag_python_opr.py', '--cfg-path', '/tmp/tmp5aj4gzmc']
[2023-05-30T12:37:21.241+0000] {standard_task_runner.py:83} INFO - Job 2318: Subtask get_name
[2023-05-30T12:37:21.591+0000] {task_command.py:389} INFO - Running <TaskInstance: our_dag_with_python_operator_v07.get_name scheduled__2022-11-11T00:00:00+00:00 [running]> on host 49219f98c96e
[2023-05-30T12:37:21.996+0000] {taskinstance.py:1513} INFO - Exporting the following env vars:
AIRFLOW_CTX_DAG_OWNER=coder2j
AIRFLOW_CTX_DAG_ID=our_dag_with_python_operator_v07
AIRFLOW_CTX_TASK_ID=get_name
AIRFLOW_CTX_EXECUTION_DATE=2022-11-11T00:00:00+00:00
AIRFLOW_CTX_TRY_NUMBER=1
AIRFLOW_CTX_DAG_RUN_ID=scheduled__2022-11-11T00:00:00+00:00
[2023-05-30T12:37:22.120+0000] {python.py:177} INFO - Done. Returned value was: None
[2023-05-30T12:37:22.183+0000] {taskinstance.py:1327} INFO - Marking task as SUCCESS. dag_id=our_dag_with_python_operator_v07, task_id=get_name, execution_date=20221111T000000, start_date=20230530T123721, end_date=20230530T123722
[2023-05-30T12:37:22.272+0000] {local_task_job.py:159} INFO - Task exited with return code 0
[2023-05-30T12:37:22.438+0000] {taskinstance.py:2582} INFO - 1 downstream tasks scheduled from follow-on schedule check
