[2023-05-30T12:34:33.555+0000] {taskinstance.py:1087} INFO - Dependencies all met for <TaskInstance: our_dag_with_python_operator_v07.get_name scheduled__2022-06-13T00:00:00+00:00 [queued]>
[2023-05-30T12:34:33.604+0000] {taskinstance.py:1087} INFO - Dependencies all met for <TaskInstance: our_dag_with_python_operator_v07.get_name scheduled__2022-06-13T00:00:00+00:00 [queued]>
[2023-05-30T12:34:33.605+0000] {taskinstance.py:1283} INFO - 
--------------------------------------------------------------------------------
[2023-05-30T12:34:33.607+0000] {taskinstance.py:1284} INFO - Starting attempt 1 of 6
[2023-05-30T12:34:33.618+0000] {taskinstance.py:1285} INFO - 
--------------------------------------------------------------------------------
[2023-05-30T12:34:33.699+0000] {taskinstance.py:1304} INFO - Executing <Task(PythonOperator): get_name> on 2022-06-13 00:00:00+00:00
[2023-05-30T12:34:33.711+0000] {standard_task_runner.py:55} INFO - Started process 10909 to run task
[2023-05-30T12:34:33.725+0000] {standard_task_runner.py:82} INFO - Running: ['***', 'tasks', 'run', 'our_dag_with_python_operator_v07', 'get_name', 'scheduled__2022-06-13T00:00:00+00:00', '--job-id', '1863', '--raw', '--subdir', 'DAGS_FOLDER/dag_python_opr.py', '--cfg-path', '/tmp/tmpa4ixesmw']
[2023-05-30T12:34:33.727+0000] {standard_task_runner.py:83} INFO - Job 1863: Subtask get_name
[2023-05-30T12:34:33.995+0000] {task_command.py:389} INFO - Running <TaskInstance: our_dag_with_python_operator_v07.get_name scheduled__2022-06-13T00:00:00+00:00 [running]> on host 49219f98c96e
[2023-05-30T12:34:34.314+0000] {taskinstance.py:1513} INFO - Exporting the following env vars:
AIRFLOW_CTX_DAG_OWNER=coder2j
AIRFLOW_CTX_DAG_ID=our_dag_with_python_operator_v07
AIRFLOW_CTX_TASK_ID=get_name
AIRFLOW_CTX_EXECUTION_DATE=2022-06-13T00:00:00+00:00
AIRFLOW_CTX_TRY_NUMBER=1
AIRFLOW_CTX_DAG_RUN_ID=scheduled__2022-06-13T00:00:00+00:00
[2023-05-30T12:34:34.401+0000] {python.py:177} INFO - Done. Returned value was: None
[2023-05-30T12:34:34.447+0000] {taskinstance.py:1327} INFO - Marking task as SUCCESS. dag_id=our_dag_with_python_operator_v07, task_id=get_name, execution_date=20220613T000000, start_date=20230530T123433, end_date=20230530T123434
[2023-05-30T12:34:34.541+0000] {local_task_job.py:159} INFO - Task exited with return code 0
[2023-05-30T12:34:34.620+0000] {taskinstance.py:2582} INFO - 0 downstream tasks scheduled from follow-on schedule check
