[2023-05-30T12:33:31.177+0000] {taskinstance.py:1087} INFO - Dependencies all met for <TaskInstance: our_dag_with_python_operator_v07.greet scheduled__2022-04-11T00:00:00+00:00 [queued]>
[2023-05-30T12:33:31.217+0000] {taskinstance.py:1087} INFO - Dependencies all met for <TaskInstance: our_dag_with_python_operator_v07.greet scheduled__2022-04-11T00:00:00+00:00 [queued]>
[2023-05-30T12:33:31.219+0000] {taskinstance.py:1283} INFO - 
--------------------------------------------------------------------------------
[2023-05-30T12:33:31.221+0000] {taskinstance.py:1284} INFO - Starting attempt 1 of 6
[2023-05-30T12:33:31.247+0000] {taskinstance.py:1285} INFO - 
--------------------------------------------------------------------------------
[2023-05-30T12:33:31.427+0000] {taskinstance.py:1304} INFO - Executing <Task(PythonOperator): greet> on 2022-04-11 00:00:00+00:00
[2023-05-30T12:33:31.440+0000] {standard_task_runner.py:55} INFO - Started process 10505 to run task
[2023-05-30T12:33:31.469+0000] {standard_task_runner.py:82} INFO - Running: ['***', 'tasks', 'run', 'our_dag_with_python_operator_v07', 'greet', 'scheduled__2022-04-11T00:00:00+00:00', '--job-id', '1690', '--raw', '--subdir', 'DAGS_FOLDER/dag_python_opr.py', '--cfg-path', '/tmp/tmpp2stqjma']
[2023-05-30T12:33:31.476+0000] {standard_task_runner.py:83} INFO - Job 1690: Subtask greet
[2023-05-30T12:33:31.715+0000] {task_command.py:389} INFO - Running <TaskInstance: our_dag_with_python_operator_v07.greet scheduled__2022-04-11T00:00:00+00:00 [running]> on host 49219f98c96e
[2023-05-30T12:33:31.908+0000] {taskinstance.py:1513} INFO - Exporting the following env vars:
AIRFLOW_CTX_DAG_OWNER=coder2j
AIRFLOW_CTX_DAG_ID=our_dag_with_python_operator_v07
AIRFLOW_CTX_TASK_ID=greet
AIRFLOW_CTX_EXECUTION_DATE=2022-04-11T00:00:00+00:00
AIRFLOW_CTX_TRY_NUMBER=1
AIRFLOW_CTX_DAG_RUN_ID=scheduled__2022-04-11T00:00:00+00:00
[2023-05-30T12:33:31.912+0000] {logging_mixin.py:137} INFO - some dict:  {'a': 1, 'b': 2}
[2023-05-30T12:33:31.993+0000] {logging_mixin.py:137} INFO - Hello World! My name is Jerry Fridman, and I am 19 years old!
[2023-05-30T12:33:31.995+0000] {python.py:177} INFO - Done. Returned value was: None
[2023-05-30T12:33:32.031+0000] {taskinstance.py:1327} INFO - Marking task as SUCCESS. dag_id=our_dag_with_python_operator_v07, task_id=greet, execution_date=20220411T000000, start_date=20230530T123331, end_date=20230530T123332
[2023-05-30T12:33:32.113+0000] {local_task_job.py:159} INFO - Task exited with return code 0
[2023-05-30T12:33:32.157+0000] {taskinstance.py:2582} INFO - 0 downstream tasks scheduled from follow-on schedule check
[2023-06-07T06:38:07.697+0000] {taskinstance.py:1087} INFO - Dependencies all met for <TaskInstance: our_dag_with_python_operator_v07.greet scheduled__2022-04-11T00:00:00+00:00 [queued]>
[2023-06-07T06:38:07.853+0000] {taskinstance.py:1087} INFO - Dependencies all met for <TaskInstance: our_dag_with_python_operator_v07.greet scheduled__2022-04-11T00:00:00+00:00 [queued]>
[2023-06-07T06:38:07.859+0000] {taskinstance.py:1283} INFO - 
--------------------------------------------------------------------------------
[2023-06-07T06:38:07.861+0000] {taskinstance.py:1284} INFO - Starting attempt 1 of 6
[2023-06-07T06:38:07.862+0000] {taskinstance.py:1285} INFO - 
--------------------------------------------------------------------------------
[2023-06-07T06:38:08.015+0000] {taskinstance.py:1304} INFO - Executing <Task(PythonOperator): greet> on 2022-04-11 00:00:00+00:00
[2023-06-07T06:38:08.030+0000] {standard_task_runner.py:55} INFO - Started process 3403 to run task
[2023-06-07T06:38:08.092+0000] {standard_task_runner.py:82} INFO - Running: ['***', 'tasks', 'run', 'our_dag_with_python_operator_v07', 'greet', 'scheduled__2022-04-11T00:00:00+00:00', '--job-id', '2082', '--raw', '--subdir', 'DAGS_FOLDER/dag_python_opr.py', '--cfg-path', '/tmp/tmpbbrpwf_5']
[2023-06-07T06:38:08.095+0000] {standard_task_runner.py:83} INFO - Job 2082: Subtask greet
[2023-06-07T06:38:08.602+0000] {task_command.py:389} INFO - Running <TaskInstance: our_dag_with_python_operator_v07.greet scheduled__2022-04-11T00:00:00+00:00 [running]> on host 026ed797f3b3
[2023-06-07T06:38:08.972+0000] {taskinstance.py:1513} INFO - Exporting the following env vars:
AIRFLOW_CTX_DAG_OWNER=coder2j
AIRFLOW_CTX_DAG_ID=our_dag_with_python_operator_v07
AIRFLOW_CTX_TASK_ID=greet
AIRFLOW_CTX_EXECUTION_DATE=2022-04-11T00:00:00+00:00
AIRFLOW_CTX_TRY_NUMBER=1
AIRFLOW_CTX_DAG_RUN_ID=scheduled__2022-04-11T00:00:00+00:00
[2023-06-07T06:38:08.975+0000] {logging_mixin.py:137} INFO - some dict:  {'a': 1, 'b': 2}
[2023-06-07T06:38:09.212+0000] {logging_mixin.py:137} INFO - Hello World! My name is Jerry Fridman, and I am 19 years old!
[2023-06-07T06:38:09.225+0000] {python.py:177} INFO - Done. Returned value was: None
[2023-06-07T06:38:09.295+0000] {taskinstance.py:1327} INFO - Marking task as SUCCESS. dag_id=our_dag_with_python_operator_v07, task_id=greet, execution_date=20220411T000000, start_date=20230607T063807, end_date=20230607T063809
[2023-06-07T06:38:09.512+0000] {local_task_job.py:159} INFO - Task exited with return code 0
[2023-06-07T06:38:09.591+0000] {taskinstance.py:2582} INFO - 0 downstream tasks scheduled from follow-on schedule check
