[2023-05-30T12:32:55.868+0000] {taskinstance.py:1087} INFO - Dependencies all met for <TaskInstance: our_dag_with_python_operator_v07.get_name scheduled__2022-03-15T00:00:00+00:00 [queued]>
[2023-05-30T12:32:55.911+0000] {taskinstance.py:1087} INFO - Dependencies all met for <TaskInstance: our_dag_with_python_operator_v07.get_name scheduled__2022-03-15T00:00:00+00:00 [queued]>
[2023-05-30T12:32:55.913+0000] {taskinstance.py:1283} INFO - 
--------------------------------------------------------------------------------
[2023-05-30T12:32:55.914+0000] {taskinstance.py:1284} INFO - Starting attempt 1 of 6
[2023-05-30T12:32:55.917+0000] {taskinstance.py:1285} INFO - 
--------------------------------------------------------------------------------
[2023-05-30T12:32:55.973+0000] {taskinstance.py:1304} INFO - Executing <Task(PythonOperator): get_name> on 2022-03-15 00:00:00+00:00
[2023-05-30T12:32:55.983+0000] {standard_task_runner.py:55} INFO - Started process 10274 to run task
[2023-05-30T12:32:55.996+0000] {standard_task_runner.py:82} INFO - Running: ['***', 'tasks', 'run', 'our_dag_with_python_operator_v07', 'get_name', 'scheduled__2022-03-15T00:00:00+00:00', '--job-id', '1596', '--raw', '--subdir', 'DAGS_FOLDER/dag_python_opr.py', '--cfg-path', '/tmp/tmpiah758so']
[2023-05-30T12:32:55.998+0000] {standard_task_runner.py:83} INFO - Job 1596: Subtask get_name
[2023-05-30T12:32:56.236+0000] {task_command.py:389} INFO - Running <TaskInstance: our_dag_with_python_operator_v07.get_name scheduled__2022-03-15T00:00:00+00:00 [running]> on host 49219f98c96e
[2023-05-30T12:32:56.520+0000] {taskinstance.py:1513} INFO - Exporting the following env vars:
AIRFLOW_CTX_DAG_OWNER=coder2j
AIRFLOW_CTX_DAG_ID=our_dag_with_python_operator_v07
AIRFLOW_CTX_TASK_ID=get_name
AIRFLOW_CTX_EXECUTION_DATE=2022-03-15T00:00:00+00:00
AIRFLOW_CTX_TRY_NUMBER=1
AIRFLOW_CTX_DAG_RUN_ID=scheduled__2022-03-15T00:00:00+00:00
[2023-05-30T12:32:56.577+0000] {python.py:177} INFO - Done. Returned value was: None
[2023-05-30T12:32:56.640+0000] {taskinstance.py:1327} INFO - Marking task as SUCCESS. dag_id=our_dag_with_python_operator_v07, task_id=get_name, execution_date=20220315T000000, start_date=20230530T123255, end_date=20230530T123256
[2023-05-30T12:32:56.696+0000] {local_task_job.py:159} INFO - Task exited with return code 0
[2023-05-30T12:32:56.753+0000] {taskinstance.py:2582} INFO - 0 downstream tasks scheduled from follow-on schedule check
[2023-06-07T06:37:07.796+0000] {taskinstance.py:1087} INFO - Dependencies all met for <TaskInstance: our_dag_with_python_operator_v07.get_name scheduled__2022-03-15T00:00:00+00:00 [queued]>
[2023-06-07T06:37:07.894+0000] {taskinstance.py:1087} INFO - Dependencies all met for <TaskInstance: our_dag_with_python_operator_v07.get_name scheduled__2022-03-15T00:00:00+00:00 [queued]>
[2023-06-07T06:37:07.898+0000] {taskinstance.py:1283} INFO - 
--------------------------------------------------------------------------------
[2023-06-07T06:37:07.902+0000] {taskinstance.py:1284} INFO - Starting attempt 1 of 6
[2023-06-07T06:37:07.906+0000] {taskinstance.py:1285} INFO - 
--------------------------------------------------------------------------------
[2023-06-07T06:37:08.081+0000] {taskinstance.py:1304} INFO - Executing <Task(PythonOperator): get_name> on 2022-03-15 00:00:00+00:00
[2023-06-07T06:37:08.101+0000] {standard_task_runner.py:55} INFO - Started process 2975 to run task
[2023-06-07T06:37:08.133+0000] {standard_task_runner.py:82} INFO - Running: ['***', 'tasks', 'run', 'our_dag_with_python_operator_v07', 'get_name', 'scheduled__2022-03-15T00:00:00+00:00', '--job-id', '1922', '--raw', '--subdir', 'DAGS_FOLDER/dag_python_opr.py', '--cfg-path', '/tmp/tmpy8uhr2i5']
[2023-06-07T06:37:08.137+0000] {standard_task_runner.py:83} INFO - Job 1922: Subtask get_name
[2023-06-07T06:37:08.629+0000] {task_command.py:389} INFO - Running <TaskInstance: our_dag_with_python_operator_v07.get_name scheduled__2022-03-15T00:00:00+00:00 [running]> on host 026ed797f3b3
[2023-06-07T06:37:09.242+0000] {taskinstance.py:1513} INFO - Exporting the following env vars:
AIRFLOW_CTX_DAG_OWNER=coder2j
AIRFLOW_CTX_DAG_ID=our_dag_with_python_operator_v07
AIRFLOW_CTX_TASK_ID=get_name
AIRFLOW_CTX_EXECUTION_DATE=2022-03-15T00:00:00+00:00
AIRFLOW_CTX_TRY_NUMBER=1
AIRFLOW_CTX_DAG_RUN_ID=scheduled__2022-03-15T00:00:00+00:00
[2023-06-07T06:37:09.401+0000] {python.py:177} INFO - Done. Returned value was: None
[2023-06-07T06:37:09.431+0000] {taskinstance.py:1327} INFO - Marking task as SUCCESS. dag_id=our_dag_with_python_operator_v07, task_id=get_name, execution_date=20220315T000000, start_date=20230607T063707, end_date=20230607T063709
[2023-06-07T06:37:09.507+0000] {local_task_job.py:159} INFO - Task exited with return code 0
[2023-06-07T06:37:09.621+0000] {taskinstance.py:2582} INFO - 1 downstream tasks scheduled from follow-on schedule check
