[2023-05-30T11:30:44.947+0000] {taskinstance.py:1087} INFO - Dependencies all met for <TaskInstance: our_first_dag_v5.second_task scheduled__2022-01-04T00:00:00+00:00 [queued]>
[2023-05-30T11:30:44.992+0000] {taskinstance.py:1087} INFO - Dependencies all met for <TaskInstance: our_first_dag_v5.second_task scheduled__2022-01-04T00:00:00+00:00 [queued]>
[2023-05-30T11:30:44.995+0000] {taskinstance.py:1283} INFO - 
--------------------------------------------------------------------------------
[2023-05-30T11:30:44.997+0000] {taskinstance.py:1284} INFO - Starting attempt 1 of 6
[2023-05-30T11:30:45.001+0000] {taskinstance.py:1285} INFO - 
--------------------------------------------------------------------------------
[2023-05-30T11:30:45.052+0000] {taskinstance.py:1304} INFO - Executing <Task(BashOperator): second_task> on 2022-01-04 00:00:00+00:00
[2023-05-30T11:30:45.074+0000] {standard_task_runner.py:55} INFO - Started process 3269 to run task
[2023-05-30T11:30:45.089+0000] {standard_task_runner.py:82} INFO - Running: ['***', 'tasks', 'run', 'our_first_dag_v5', 'second_task', 'scheduled__2022-01-04T00:00:00+00:00', '--job-id', '485', '--raw', '--subdir', 'DAGS_FOLDER/first_Dag.py', '--cfg-path', '/tmp/tmpj26zntpo']
[2023-05-30T11:30:45.098+0000] {standard_task_runner.py:83} INFO - Job 485: Subtask second_task
[2023-05-30T11:30:45.266+0000] {task_command.py:389} INFO - Running <TaskInstance: our_first_dag_v5.second_task scheduled__2022-01-04T00:00:00+00:00 [running]> on host 49219f98c96e
[2023-05-30T11:30:45.420+0000] {taskinstance.py:1513} INFO - Exporting the following env vars:
AIRFLOW_CTX_DAG_OWNER=coder2j
AIRFLOW_CTX_DAG_ID=our_first_dag_v5
AIRFLOW_CTX_TASK_ID=second_task
AIRFLOW_CTX_EXECUTION_DATE=2022-01-04T00:00:00+00:00
AIRFLOW_CTX_TRY_NUMBER=1
AIRFLOW_CTX_DAG_RUN_ID=scheduled__2022-01-04T00:00:00+00:00
[2023-05-30T11:30:45.425+0000] {subprocess.py:63} INFO - Tmp dir root location: 
 /tmp
[2023-05-30T11:30:45.427+0000] {subprocess.py:75} INFO - Running command: ['/bin/bash', '-c', 'echo hey, I am task2 and will be running after task1!']
[2023-05-30T11:30:45.450+0000] {subprocess.py:86} INFO - Output:
[2023-05-30T11:30:45.453+0000] {subprocess.py:93} INFO - hey, I am task2 and will be running after task1!
[2023-05-30T11:30:45.455+0000] {subprocess.py:97} INFO - Command exited with return code 0
[2023-05-30T11:30:45.513+0000] {taskinstance.py:1327} INFO - Marking task as SUCCESS. dag_id=our_first_dag_v5, task_id=second_task, execution_date=20220104T000000, start_date=20230530T113044, end_date=20230530T113045
[2023-05-30T11:30:45.586+0000] {local_task_job.py:159} INFO - Task exited with return code 0
[2023-05-30T11:30:45.662+0000] {taskinstance.py:2582} INFO - 0 downstream tasks scheduled from follow-on schedule check
[2023-06-07T06:37:21.621+0000] {taskinstance.py:1087} INFO - Dependencies all met for <TaskInstance: our_first_dag_v5.second_task scheduled__2022-01-04T00:00:00+00:00 [queued]>
[2023-06-07T06:37:21.744+0000] {taskinstance.py:1087} INFO - Dependencies all met for <TaskInstance: our_first_dag_v5.second_task scheduled__2022-01-04T00:00:00+00:00 [queued]>
[2023-06-07T06:37:21.748+0000] {taskinstance.py:1283} INFO - 
--------------------------------------------------------------------------------
[2023-06-07T06:37:21.750+0000] {taskinstance.py:1284} INFO - Starting attempt 1 of 6
[2023-06-07T06:37:21.752+0000] {taskinstance.py:1285} INFO - 
--------------------------------------------------------------------------------
[2023-06-07T06:37:22.285+0000] {taskinstance.py:1304} INFO - Executing <Task(BashOperator): second_task> on 2022-01-04 00:00:00+00:00
[2023-06-07T06:37:22.406+0000] {standard_task_runner.py:55} INFO - Started process 3082 to run task
[2023-06-07T06:37:22.443+0000] {standard_task_runner.py:82} INFO - Running: ['***', 'tasks', 'run', 'our_first_dag_v5', 'second_task', 'scheduled__2022-01-04T00:00:00+00:00', '--job-id', '1959', '--raw', '--subdir', 'DAGS_FOLDER/first_Dag.py', '--cfg-path', '/tmp/tmpjvmfe41d']
[2023-06-07T06:37:22.447+0000] {standard_task_runner.py:83} INFO - Job 1959: Subtask second_task
[2023-06-07T06:37:23.041+0000] {task_command.py:389} INFO - Running <TaskInstance: our_first_dag_v5.second_task scheduled__2022-01-04T00:00:00+00:00 [running]> on host 026ed797f3b3
[2023-06-07T06:37:23.761+0000] {taskinstance.py:1513} INFO - Exporting the following env vars:
AIRFLOW_CTX_DAG_OWNER=coder2j
AIRFLOW_CTX_DAG_ID=our_first_dag_v5
AIRFLOW_CTX_TASK_ID=second_task
AIRFLOW_CTX_EXECUTION_DATE=2022-01-04T00:00:00+00:00
AIRFLOW_CTX_TRY_NUMBER=1
AIRFLOW_CTX_DAG_RUN_ID=scheduled__2022-01-04T00:00:00+00:00
[2023-06-07T06:37:23.779+0000] {subprocess.py:63} INFO - Tmp dir root location: 
 /tmp
[2023-06-07T06:37:23.786+0000] {subprocess.py:75} INFO - Running command: ['/bin/bash', '-c', 'echo hey, I am task2 and will be running after task1!']
[2023-06-07T06:37:23.952+0000] {subprocess.py:86} INFO - Output:
[2023-06-07T06:37:23.984+0000] {subprocess.py:93} INFO - hey, I am task2 and will be running after task1!
[2023-06-07T06:37:23.992+0000] {subprocess.py:97} INFO - Command exited with return code 0
[2023-06-07T06:37:24.164+0000] {taskinstance.py:1327} INFO - Marking task as SUCCESS. dag_id=our_first_dag_v5, task_id=second_task, execution_date=20220104T000000, start_date=20230607T063721, end_date=20230607T063724
[2023-06-07T06:37:24.471+0000] {local_task_job.py:159} INFO - Task exited with return code 0
[2023-06-07T06:37:24.550+0000] {taskinstance.py:2582} INFO - 0 downstream tasks scheduled from follow-on schedule check
