[2023-05-30T12:33:14.704+0000] {taskinstance.py:1087} INFO - Dependencies all met for <TaskInstance: our_dag_with_python_operator_v07.greet scheduled__2022-03-29T00:00:00+00:00 [queued]>
[2023-05-30T12:33:14.720+0000] {taskinstance.py:1087} INFO - Dependencies all met for <TaskInstance: our_dag_with_python_operator_v07.greet scheduled__2022-03-29T00:00:00+00:00 [queued]>
[2023-05-30T12:33:14.722+0000] {taskinstance.py:1283} INFO - 
--------------------------------------------------------------------------------
[2023-05-30T12:33:14.723+0000] {taskinstance.py:1284} INFO - Starting attempt 1 of 6
[2023-05-30T12:33:14.724+0000] {taskinstance.py:1285} INFO - 
--------------------------------------------------------------------------------
[2023-05-30T12:33:14.745+0000] {taskinstance.py:1304} INFO - Executing <Task(PythonOperator): greet> on 2022-03-29 00:00:00+00:00
[2023-05-30T12:33:14.753+0000] {standard_task_runner.py:55} INFO - Started process 10391 to run task
[2023-05-30T12:33:14.760+0000] {standard_task_runner.py:82} INFO - Running: ['***', 'tasks', 'run', 'our_dag_with_python_operator_v07', 'greet', 'scheduled__2022-03-29T00:00:00+00:00', '--job-id', '1645', '--raw', '--subdir', 'DAGS_FOLDER/dag_python_opr.py', '--cfg-path', '/tmp/tmpseqqyar6']
[2023-05-30T12:33:14.761+0000] {standard_task_runner.py:83} INFO - Job 1645: Subtask greet
[2023-05-30T12:33:14.878+0000] {task_command.py:389} INFO - Running <TaskInstance: our_dag_with_python_operator_v07.greet scheduled__2022-03-29T00:00:00+00:00 [running]> on host 49219f98c96e
[2023-05-30T12:33:14.997+0000] {taskinstance.py:1513} INFO - Exporting the following env vars:
AIRFLOW_CTX_DAG_OWNER=coder2j
AIRFLOW_CTX_DAG_ID=our_dag_with_python_operator_v07
AIRFLOW_CTX_TASK_ID=greet
AIRFLOW_CTX_EXECUTION_DATE=2022-03-29T00:00:00+00:00
AIRFLOW_CTX_TRY_NUMBER=1
AIRFLOW_CTX_DAG_RUN_ID=scheduled__2022-03-29T00:00:00+00:00
[2023-05-30T12:33:15.000+0000] {logging_mixin.py:137} INFO - some dict:  {'a': 1, 'b': 2}
[2023-05-30T12:33:15.040+0000] {logging_mixin.py:137} INFO - Hello World! My name is Jerry Fridman, and I am 19 years old!
[2023-05-30T12:33:15.042+0000] {python.py:177} INFO - Done. Returned value was: None
[2023-05-30T12:33:15.061+0000] {taskinstance.py:1327} INFO - Marking task as SUCCESS. dag_id=our_dag_with_python_operator_v07, task_id=greet, execution_date=20220329T000000, start_date=20230530T123314, end_date=20230530T123315
[2023-05-30T12:33:15.137+0000] {local_task_job.py:159} INFO - Task exited with return code 0
[2023-05-30T12:33:15.172+0000] {taskinstance.py:2582} INFO - 0 downstream tasks scheduled from follow-on schedule check
[2023-06-07T06:37:43.402+0000] {taskinstance.py:1087} INFO - Dependencies all met for <TaskInstance: our_dag_with_python_operator_v07.greet scheduled__2022-03-29T00:00:00+00:00 [queued]>
[2023-06-07T06:37:43.563+0000] {taskinstance.py:1087} INFO - Dependencies all met for <TaskInstance: our_dag_with_python_operator_v07.greet scheduled__2022-03-29T00:00:00+00:00 [queued]>
[2023-06-07T06:37:43.569+0000] {taskinstance.py:1283} INFO - 
--------------------------------------------------------------------------------
[2023-06-07T06:37:43.571+0000] {taskinstance.py:1284} INFO - Starting attempt 1 of 6
[2023-06-07T06:37:43.574+0000] {taskinstance.py:1285} INFO - 
--------------------------------------------------------------------------------
[2023-06-07T06:37:43.865+0000] {taskinstance.py:1304} INFO - Executing <Task(PythonOperator): greet> on 2022-03-29 00:00:00+00:00
[2023-06-07T06:37:43.897+0000] {standard_task_runner.py:55} INFO - Started process 3214 to run task
[2023-06-07T06:37:43.920+0000] {standard_task_runner.py:82} INFO - Running: ['***', 'tasks', 'run', 'our_dag_with_python_operator_v07', 'greet', 'scheduled__2022-03-29T00:00:00+00:00', '--job-id', '2011', '--raw', '--subdir', 'DAGS_FOLDER/dag_python_opr.py', '--cfg-path', '/tmp/tmpm7gm4_2m']
[2023-06-07T06:37:43.924+0000] {standard_task_runner.py:83} INFO - Job 2011: Subtask greet
[2023-06-07T06:37:44.244+0000] {task_command.py:389} INFO - Running <TaskInstance: our_dag_with_python_operator_v07.greet scheduled__2022-03-29T00:00:00+00:00 [running]> on host 026ed797f3b3
[2023-06-07T06:37:44.984+0000] {taskinstance.py:1513} INFO - Exporting the following env vars:
AIRFLOW_CTX_DAG_OWNER=coder2j
AIRFLOW_CTX_DAG_ID=our_dag_with_python_operator_v07
AIRFLOW_CTX_TASK_ID=greet
AIRFLOW_CTX_EXECUTION_DATE=2022-03-29T00:00:00+00:00
AIRFLOW_CTX_TRY_NUMBER=1
AIRFLOW_CTX_DAG_RUN_ID=scheduled__2022-03-29T00:00:00+00:00
[2023-06-07T06:37:44.987+0000] {logging_mixin.py:137} INFO - some dict:  {'a': 1, 'b': 2}
[2023-06-07T06:37:45.164+0000] {logging_mixin.py:137} INFO - Hello World! My name is Jerry Fridman, and I am 19 years old!
[2023-06-07T06:37:45.166+0000] {python.py:177} INFO - Done. Returned value was: None
[2023-06-07T06:37:45.204+0000] {taskinstance.py:1327} INFO - Marking task as SUCCESS. dag_id=our_dag_with_python_operator_v07, task_id=greet, execution_date=20220329T000000, start_date=20230607T063743, end_date=20230607T063745
[2023-06-07T06:37:45.289+0000] {local_task_job.py:159} INFO - Task exited with return code 0
[2023-06-07T06:37:45.593+0000] {taskinstance.py:2582} INFO - 0 downstream tasks scheduled from follow-on schedule check
