[2023-05-30T12:31:47.396+0000] {taskinstance.py:1087} INFO - Dependencies all met for <TaskInstance: our_dag_with_python_operator_v07.greet scheduled__2022-01-12T00:00:00+00:00 [queued]>
[2023-05-30T12:31:47.412+0000] {taskinstance.py:1087} INFO - Dependencies all met for <TaskInstance: our_dag_with_python_operator_v07.greet scheduled__2022-01-12T00:00:00+00:00 [queued]>
[2023-05-30T12:31:47.413+0000] {taskinstance.py:1283} INFO - 
--------------------------------------------------------------------------------
[2023-05-30T12:31:47.414+0000] {taskinstance.py:1284} INFO - Starting attempt 1 of 6
[2023-05-30T12:31:47.416+0000] {taskinstance.py:1285} INFO - 
--------------------------------------------------------------------------------
[2023-05-30T12:31:47.435+0000] {taskinstance.py:1304} INFO - Executing <Task(PythonOperator): greet> on 2022-01-12 00:00:00+00:00
[2023-05-30T12:31:47.442+0000] {standard_task_runner.py:55} INFO - Started process 9863 to run task
[2023-05-30T12:31:47.447+0000] {standard_task_runner.py:82} INFO - Running: ['***', 'tasks', 'run', 'our_dag_with_python_operator_v07', 'greet', 'scheduled__2022-01-12T00:00:00+00:00', '--job-id', '1423', '--raw', '--subdir', 'DAGS_FOLDER/dag_python_opr.py', '--cfg-path', '/tmp/tmplem9or4d']
[2023-05-30T12:31:47.449+0000] {standard_task_runner.py:83} INFO - Job 1423: Subtask greet
[2023-05-30T12:31:47.569+0000] {task_command.py:389} INFO - Running <TaskInstance: our_dag_with_python_operator_v07.greet scheduled__2022-01-12T00:00:00+00:00 [running]> on host 49219f98c96e
[2023-05-30T12:31:47.701+0000] {taskinstance.py:1513} INFO - Exporting the following env vars:
AIRFLOW_CTX_DAG_OWNER=coder2j
AIRFLOW_CTX_DAG_ID=our_dag_with_python_operator_v07
AIRFLOW_CTX_TASK_ID=greet
AIRFLOW_CTX_EXECUTION_DATE=2022-01-12T00:00:00+00:00
AIRFLOW_CTX_TRY_NUMBER=1
AIRFLOW_CTX_DAG_RUN_ID=scheduled__2022-01-12T00:00:00+00:00
[2023-05-30T12:31:47.704+0000] {logging_mixin.py:137} INFO - some dict:  {'a': 1, 'b': 2}
[2023-05-30T12:31:47.755+0000] {logging_mixin.py:137} INFO - Hello World! My name is Jerry Fridman, and I am 19 years old!
[2023-05-30T12:31:47.757+0000] {python.py:177} INFO - Done. Returned value was: None
[2023-05-30T12:31:47.780+0000] {taskinstance.py:1327} INFO - Marking task as SUCCESS. dag_id=our_dag_with_python_operator_v07, task_id=greet, execution_date=20220112T000000, start_date=20230530T123147, end_date=20230530T123147
[2023-05-30T12:31:47.822+0000] {local_task_job.py:159} INFO - Task exited with return code 0
[2023-05-30T12:31:47.860+0000] {taskinstance.py:2582} INFO - 0 downstream tasks scheduled from follow-on schedule check
[2023-06-07T06:34:23.431+0000] {taskinstance.py:1087} INFO - Dependencies all met for <TaskInstance: our_dag_with_python_operator_v07.greet scheduled__2022-01-12T00:00:00+00:00 [queued]>
[2023-06-07T06:34:23.566+0000] {taskinstance.py:1087} INFO - Dependencies all met for <TaskInstance: our_dag_with_python_operator_v07.greet scheduled__2022-01-12T00:00:00+00:00 [queued]>
[2023-06-07T06:34:23.574+0000] {taskinstance.py:1283} INFO - 
--------------------------------------------------------------------------------
[2023-06-07T06:34:23.579+0000] {taskinstance.py:1284} INFO - Starting attempt 1 of 6
[2023-06-07T06:34:23.581+0000] {taskinstance.py:1285} INFO - 
--------------------------------------------------------------------------------
[2023-06-07T06:34:23.777+0000] {taskinstance.py:1304} INFO - Executing <Task(PythonOperator): greet> on 2022-01-12 00:00:00+00:00
[2023-06-07T06:34:23.887+0000] {standard_task_runner.py:55} INFO - Started process 1969 to run task
[2023-06-07T06:34:23.956+0000] {standard_task_runner.py:82} INFO - Running: ['***', 'tasks', 'run', 'our_dag_with_python_operator_v07', 'greet', 'scheduled__2022-01-12T00:00:00+00:00', '--job-id', '1568', '--raw', '--subdir', 'DAGS_FOLDER/dag_python_opr.py', '--cfg-path', '/tmp/tmpdmnvyrhk']
[2023-06-07T06:34:23.965+0000] {standard_task_runner.py:83} INFO - Job 1568: Subtask greet
[2023-06-07T06:34:24.809+0000] {task_command.py:389} INFO - Running <TaskInstance: our_dag_with_python_operator_v07.greet scheduled__2022-01-12T00:00:00+00:00 [running]> on host 026ed797f3b3
[2023-06-07T06:34:25.853+0000] {taskinstance.py:1513} INFO - Exporting the following env vars:
AIRFLOW_CTX_DAG_OWNER=coder2j
AIRFLOW_CTX_DAG_ID=our_dag_with_python_operator_v07
AIRFLOW_CTX_TASK_ID=greet
AIRFLOW_CTX_EXECUTION_DATE=2022-01-12T00:00:00+00:00
AIRFLOW_CTX_TRY_NUMBER=1
AIRFLOW_CTX_DAG_RUN_ID=scheduled__2022-01-12T00:00:00+00:00
[2023-06-07T06:34:25.874+0000] {logging_mixin.py:137} INFO - some dict:  {'a': 1, 'b': 2}
[2023-06-07T06:34:26.303+0000] {logging_mixin.py:137} INFO - Hello World! My name is Jerry Fridman, and I am 19 years old!
[2023-06-07T06:34:26.324+0000] {python.py:177} INFO - Done. Returned value was: None
[2023-06-07T06:34:26.417+0000] {taskinstance.py:1327} INFO - Marking task as SUCCESS. dag_id=our_dag_with_python_operator_v07, task_id=greet, execution_date=20220112T000000, start_date=20230607T063423, end_date=20230607T063426
[2023-06-07T06:34:26.770+0000] {local_task_job.py:159} INFO - Task exited with return code 0
[2023-06-07T06:34:26.924+0000] {taskinstance.py:2582} INFO - 0 downstream tasks scheduled from follow-on schedule check
