[2023-05-30T11:31:23.388+0000] {taskinstance.py:1087} INFO - Dependencies all met for <TaskInstance: our_first_dag_v5.thrid_task scheduled__2022-02-08T00:00:00+00:00 [queued]>
[2023-05-30T11:31:23.466+0000] {taskinstance.py:1087} INFO - Dependencies all met for <TaskInstance: our_first_dag_v5.thrid_task scheduled__2022-02-08T00:00:00+00:00 [queued]>
[2023-05-30T11:31:23.474+0000] {taskinstance.py:1283} INFO - 
--------------------------------------------------------------------------------
[2023-05-30T11:31:23.478+0000] {taskinstance.py:1284} INFO - Starting attempt 1 of 6
[2023-05-30T11:31:23.481+0000] {taskinstance.py:1285} INFO - 
--------------------------------------------------------------------------------
[2023-05-30T11:31:23.598+0000] {taskinstance.py:1304} INFO - Executing <Task(BashOperator): thrid_task> on 2022-02-08 00:00:00+00:00
[2023-05-30T11:31:23.665+0000] {standard_task_runner.py:55} INFO - Started process 3624 to run task
[2023-05-30T11:31:23.724+0000] {standard_task_runner.py:82} INFO - Running: ['***', 'tasks', 'run', 'our_first_dag_v5', 'thrid_task', 'scheduled__2022-02-08T00:00:00+00:00', '--job-id', '591', '--raw', '--subdir', 'DAGS_FOLDER/first_Dag.py', '--cfg-path', '/tmp/tmpmj6goxs6']
[2023-05-30T11:31:23.736+0000] {standard_task_runner.py:83} INFO - Job 591: Subtask thrid_task
[2023-05-30T11:31:24.608+0000] {task_command.py:389} INFO - Running <TaskInstance: our_first_dag_v5.thrid_task scheduled__2022-02-08T00:00:00+00:00 [running]> on host 49219f98c96e
[2023-05-30T11:31:25.319+0000] {taskinstance.py:1513} INFO - Exporting the following env vars:
AIRFLOW_CTX_DAG_OWNER=coder2j
AIRFLOW_CTX_DAG_ID=our_first_dag_v5
AIRFLOW_CTX_TASK_ID=thrid_task
AIRFLOW_CTX_EXECUTION_DATE=2022-02-08T00:00:00+00:00
AIRFLOW_CTX_TRY_NUMBER=1
AIRFLOW_CTX_DAG_RUN_ID=scheduled__2022-02-08T00:00:00+00:00
[2023-05-30T11:31:25.327+0000] {subprocess.py:63} INFO - Tmp dir root location: 
 /tmp
[2023-05-30T11:31:25.330+0000] {subprocess.py:75} INFO - Running command: ['/bin/bash', '-c', 'echo hey, I am task3 and will be running after task1 at the same time as task2!']
[2023-05-30T11:31:25.412+0000] {subprocess.py:86} INFO - Output:
[2023-05-30T11:31:25.421+0000] {subprocess.py:93} INFO - hey, I am task3 and will be running after task1 at the same time as task2!
[2023-05-30T11:31:25.428+0000] {subprocess.py:97} INFO - Command exited with return code 0
[2023-05-30T11:31:25.613+0000] {taskinstance.py:1327} INFO - Marking task as SUCCESS. dag_id=our_first_dag_v5, task_id=thrid_task, execution_date=20220208T000000, start_date=20230530T113123, end_date=20230530T113125
[2023-05-30T11:31:25.714+0000] {local_task_job.py:159} INFO - Task exited with return code 0
[2023-05-30T11:31:25.753+0000] {taskinstance.py:2582} INFO - 0 downstream tasks scheduled from follow-on schedule check
[2023-06-07T06:38:45.087+0000] {taskinstance.py:1087} INFO - Dependencies all met for <TaskInstance: our_first_dag_v5.thrid_task scheduled__2022-02-08T00:00:00+00:00 [queued]>
[2023-06-07T06:38:45.149+0000] {taskinstance.py:1087} INFO - Dependencies all met for <TaskInstance: our_first_dag_v5.thrid_task scheduled__2022-02-08T00:00:00+00:00 [queued]>
[2023-06-07T06:38:45.155+0000] {taskinstance.py:1283} INFO - 
--------------------------------------------------------------------------------
[2023-06-07T06:38:45.158+0000] {taskinstance.py:1284} INFO - Starting attempt 1 of 6
[2023-06-07T06:38:45.161+0000] {taskinstance.py:1285} INFO - 
--------------------------------------------------------------------------------
[2023-06-07T06:38:45.325+0000] {taskinstance.py:1304} INFO - Executing <Task(BashOperator): thrid_task> on 2022-02-08 00:00:00+00:00
[2023-06-07T06:38:45.343+0000] {standard_task_runner.py:55} INFO - Started process 3669 to run task
[2023-06-07T06:38:45.403+0000] {standard_task_runner.py:82} INFO - Running: ['***', 'tasks', 'run', 'our_first_dag_v5', 'thrid_task', 'scheduled__2022-02-08T00:00:00+00:00', '--job-id', '2176', '--raw', '--subdir', 'DAGS_FOLDER/first_Dag.py', '--cfg-path', '/tmp/tmp4z8370m_']
[2023-06-07T06:38:45.405+0000] {standard_task_runner.py:83} INFO - Job 2176: Subtask thrid_task
[2023-06-07T06:38:45.930+0000] {task_command.py:389} INFO - Running <TaskInstance: our_first_dag_v5.thrid_task scheduled__2022-02-08T00:00:00+00:00 [running]> on host 026ed797f3b3
[2023-06-07T06:38:46.991+0000] {taskinstance.py:1513} INFO - Exporting the following env vars:
AIRFLOW_CTX_DAG_OWNER=coder2j
AIRFLOW_CTX_DAG_ID=our_first_dag_v5
AIRFLOW_CTX_TASK_ID=thrid_task
AIRFLOW_CTX_EXECUTION_DATE=2022-02-08T00:00:00+00:00
AIRFLOW_CTX_TRY_NUMBER=1
AIRFLOW_CTX_DAG_RUN_ID=scheduled__2022-02-08T00:00:00+00:00
[2023-06-07T06:38:46.995+0000] {subprocess.py:63} INFO - Tmp dir root location: 
 /tmp
[2023-06-07T06:38:46.999+0000] {subprocess.py:75} INFO - Running command: ['/bin/bash', '-c', 'echo hey, I am task3 and will be running after task1 at the same time as task2!']
[2023-06-07T06:38:47.078+0000] {subprocess.py:86} INFO - Output:
[2023-06-07T06:38:47.087+0000] {subprocess.py:93} INFO - hey, I am task3 and will be running after task1 at the same time as task2!
[2023-06-07T06:38:47.091+0000] {subprocess.py:97} INFO - Command exited with return code 0
[2023-06-07T06:38:47.198+0000] {taskinstance.py:1327} INFO - Marking task as SUCCESS. dag_id=our_first_dag_v5, task_id=thrid_task, execution_date=20220208T000000, start_date=20230607T063845, end_date=20230607T063847
[2023-06-07T06:38:47.428+0000] {local_task_job.py:159} INFO - Task exited with return code 0
[2023-06-07T06:38:47.504+0000] {taskinstance.py:2582} INFO - 0 downstream tasks scheduled from follow-on schedule check
