[2023-05-30T11:28:02.480+0000] {taskinstance.py:1087} INFO - Dependencies all met for <TaskInstance: our_first_dag_v5.second_task scheduled__2021-08-03T00:00:00+00:00 [queued]>
[2023-05-30T11:28:02.605+0000] {taskinstance.py:1087} INFO - Dependencies all met for <TaskInstance: our_first_dag_v5.second_task scheduled__2021-08-03T00:00:00+00:00 [queued]>
[2023-05-30T11:28:02.609+0000] {taskinstance.py:1283} INFO - 
--------------------------------------------------------------------------------
[2023-05-30T11:28:02.619+0000] {taskinstance.py:1284} INFO - Starting attempt 1 of 6
[2023-05-30T11:28:02.622+0000] {taskinstance.py:1285} INFO - 
--------------------------------------------------------------------------------
[2023-05-30T11:28:02.883+0000] {taskinstance.py:1304} INFO - Executing <Task(BashOperator): second_task> on 2021-08-03 00:00:00+00:00
[2023-05-30T11:28:02.891+0000] {standard_task_runner.py:55} INFO - Started process 1736 to run task
[2023-05-30T11:28:02.938+0000] {standard_task_runner.py:82} INFO - Running: ['***', 'tasks', 'run', 'our_first_dag_v5', 'second_task', 'scheduled__2021-08-03T00:00:00+00:00', '--job-id', '24', '--raw', '--subdir', 'DAGS_FOLDER/first_Dag.py', '--cfg-path', '/tmp/tmpimt6d77v']
[2023-05-30T11:28:02.943+0000] {standard_task_runner.py:83} INFO - Job 24: Subtask second_task
[2023-05-30T11:28:03.240+0000] {task_command.py:389} INFO - Running <TaskInstance: our_first_dag_v5.second_task scheduled__2021-08-03T00:00:00+00:00 [running]> on host 49219f98c96e
[2023-05-30T11:28:03.522+0000] {taskinstance.py:1513} INFO - Exporting the following env vars:
AIRFLOW_CTX_DAG_OWNER=coder2j
AIRFLOW_CTX_DAG_ID=our_first_dag_v5
AIRFLOW_CTX_TASK_ID=second_task
AIRFLOW_CTX_EXECUTION_DATE=2021-08-03T00:00:00+00:00
AIRFLOW_CTX_TRY_NUMBER=1
AIRFLOW_CTX_DAG_RUN_ID=scheduled__2021-08-03T00:00:00+00:00
[2023-05-30T11:28:03.527+0000] {subprocess.py:63} INFO - Tmp dir root location: 
 /tmp
[2023-05-30T11:28:03.529+0000] {subprocess.py:75} INFO - Running command: ['/bin/bash', '-c', 'echo hey, I am task2 and will be running after task1!']
[2023-05-30T11:28:03.596+0000] {subprocess.py:86} INFO - Output:
[2023-05-30T11:28:03.602+0000] {subprocess.py:93} INFO - hey, I am task2 and will be running after task1!
[2023-05-30T11:28:03.604+0000] {subprocess.py:97} INFO - Command exited with return code 0
[2023-05-30T11:28:03.695+0000] {taskinstance.py:1327} INFO - Marking task as SUCCESS. dag_id=our_first_dag_v5, task_id=second_task, execution_date=20210803T000000, start_date=20230530T112802, end_date=20230530T112803
[2023-05-30T11:28:03.792+0000] {local_task_job.py:159} INFO - Task exited with return code 0
[2023-05-30T11:28:03.857+0000] {taskinstance.py:2582} INFO - 0 downstream tasks scheduled from follow-on schedule check
[2023-06-07T06:30:57.205+0000] {taskinstance.py:1087} INFO - Dependencies all met for <TaskInstance: our_first_dag_v5.second_task scheduled__2021-08-03T00:00:00+00:00 [queued]>
[2023-06-07T06:30:57.385+0000] {taskinstance.py:1087} INFO - Dependencies all met for <TaskInstance: our_first_dag_v5.second_task scheduled__2021-08-03T00:00:00+00:00 [queued]>
[2023-06-07T06:30:57.395+0000] {taskinstance.py:1283} INFO - 
--------------------------------------------------------------------------------
[2023-06-07T06:30:57.398+0000] {taskinstance.py:1284} INFO - Starting attempt 1 of 6
[2023-06-07T06:30:57.402+0000] {taskinstance.py:1285} INFO - 
--------------------------------------------------------------------------------
[2023-06-07T06:30:58.121+0000] {taskinstance.py:1304} INFO - Executing <Task(BashOperator): second_task> on 2021-08-03 00:00:00+00:00
[2023-06-07T06:30:58.138+0000] {standard_task_runner.py:55} INFO - Started process 448 to run task
[2023-06-07T06:30:58.197+0000] {standard_task_runner.py:82} INFO - Running: ['***', 'tasks', 'run', 'our_first_dag_v5', 'second_task', 'scheduled__2021-08-03T00:00:00+00:00', '--job-id', '1010', '--raw', '--subdir', 'DAGS_FOLDER/first_Dag.py', '--cfg-path', '/tmp/tmp7hfeh_v4']
[2023-06-07T06:30:58.234+0000] {standard_task_runner.py:83} INFO - Job 1010: Subtask second_task
[2023-06-07T06:30:59.363+0000] {task_command.py:389} INFO - Running <TaskInstance: our_first_dag_v5.second_task scheduled__2021-08-03T00:00:00+00:00 [running]> on host 026ed797f3b3
[2023-06-07T06:31:00.313+0000] {taskinstance.py:1513} INFO - Exporting the following env vars:
AIRFLOW_CTX_DAG_OWNER=coder2j
AIRFLOW_CTX_DAG_ID=our_first_dag_v5
AIRFLOW_CTX_TASK_ID=second_task
AIRFLOW_CTX_EXECUTION_DATE=2021-08-03T00:00:00+00:00
AIRFLOW_CTX_TRY_NUMBER=1
AIRFLOW_CTX_DAG_RUN_ID=scheduled__2021-08-03T00:00:00+00:00
[2023-06-07T06:31:00.328+0000] {subprocess.py:63} INFO - Tmp dir root location: 
 /tmp
[2023-06-07T06:31:00.333+0000] {subprocess.py:75} INFO - Running command: ['/bin/bash', '-c', 'echo hey, I am task2 and will be running after task1!']
[2023-06-07T06:31:00.562+0000] {subprocess.py:86} INFO - Output:
[2023-06-07T06:31:00.619+0000] {subprocess.py:93} INFO - hey, I am task2 and will be running after task1!
[2023-06-07T06:31:00.622+0000] {subprocess.py:97} INFO - Command exited with return code 0
[2023-06-07T06:31:00.833+0000] {taskinstance.py:1327} INFO - Marking task as SUCCESS. dag_id=our_first_dag_v5, task_id=second_task, execution_date=20210803T000000, start_date=20230607T063057, end_date=20230607T063100
[2023-06-07T06:31:01.278+0000] {local_task_job.py:159} INFO - Task exited with return code 0
[2023-06-07T06:31:01.870+0000] {taskinstance.py:2582} INFO - 0 downstream tasks scheduled from follow-on schedule check
