[2023-05-30T12:40:53.233+0000] {taskinstance.py:1087} INFO - Dependencies all met for <TaskInstance: our_dag_with_python_operator_v07.get_name scheduled__2023-05-18T00:00:00+00:00 [queued]>
[2023-05-30T12:40:53.299+0000] {taskinstance.py:1087} INFO - Dependencies all met for <TaskInstance: our_dag_with_python_operator_v07.get_name scheduled__2023-05-18T00:00:00+00:00 [queued]>
[2023-05-30T12:40:53.302+0000] {taskinstance.py:1283} INFO - 
--------------------------------------------------------------------------------
[2023-05-30T12:40:53.305+0000] {taskinstance.py:1284} INFO - Starting attempt 1 of 6
[2023-05-30T12:40:53.309+0000] {taskinstance.py:1285} INFO - 
--------------------------------------------------------------------------------
[2023-05-30T12:40:53.447+0000] {taskinstance.py:1304} INFO - Executing <Task(PythonOperator): get_name> on 2023-05-18 00:00:00+00:00
[2023-05-30T12:40:53.477+0000] {standard_task_runner.py:55} INFO - Started process 13276 to run task
[2023-05-30T12:40:53.509+0000] {standard_task_runner.py:82} INFO - Running: ['***', 'tasks', 'run', 'our_dag_with_python_operator_v07', 'get_name', 'scheduled__2023-05-18T00:00:00+00:00', '--job-id', '2881', '--raw', '--subdir', 'DAGS_FOLDER/dag_python_opr.py', '--cfg-path', '/tmp/tmp102d2_p6']
[2023-05-30T12:40:53.537+0000] {standard_task_runner.py:83} INFO - Job 2881: Subtask get_name
[2023-05-30T12:40:53.779+0000] {task_command.py:389} INFO - Running <TaskInstance: our_dag_with_python_operator_v07.get_name scheduled__2023-05-18T00:00:00+00:00 [running]> on host 49219f98c96e
[2023-05-30T12:40:54.062+0000] {taskinstance.py:1513} INFO - Exporting the following env vars:
AIRFLOW_CTX_DAG_OWNER=coder2j
AIRFLOW_CTX_DAG_ID=our_dag_with_python_operator_v07
AIRFLOW_CTX_TASK_ID=get_name
AIRFLOW_CTX_EXECUTION_DATE=2023-05-18T00:00:00+00:00
AIRFLOW_CTX_TRY_NUMBER=1
AIRFLOW_CTX_DAG_RUN_ID=scheduled__2023-05-18T00:00:00+00:00
[2023-05-30T12:40:54.155+0000] {python.py:177} INFO - Done. Returned value was: None
[2023-05-30T12:40:54.204+0000] {taskinstance.py:1327} INFO - Marking task as SUCCESS. dag_id=our_dag_with_python_operator_v07, task_id=get_name, execution_date=20230518T000000, start_date=20230530T124053, end_date=20230530T124054
[2023-05-30T12:40:54.309+0000] {local_task_job.py:159} INFO - Task exited with return code 0
[2023-05-30T12:40:54.374+0000] {taskinstance.py:2582} INFO - 0 downstream tasks scheduled from follow-on schedule check
