[2023-06-01T11:35:31.792+0000] {taskinstance.py:1087} INFO - Dependencies all met for <TaskInstance: dag_with_postgres_operator_v03.insert_into_table manual__2023-06-01T11:34:44.645307+00:00 [queued]>
[2023-06-01T11:35:31.813+0000] {taskinstance.py:1087} INFO - Dependencies all met for <TaskInstance: dag_with_postgres_operator_v03.insert_into_table manual__2023-06-01T11:34:44.645307+00:00 [queued]>
[2023-06-01T11:35:31.815+0000] {taskinstance.py:1283} INFO - 
--------------------------------------------------------------------------------
[2023-06-01T11:35:31.817+0000] {taskinstance.py:1284} INFO - Starting attempt 2 of 7
[2023-06-01T11:35:31.818+0000] {taskinstance.py:1285} INFO - 
--------------------------------------------------------------------------------
[2023-06-01T11:35:31.838+0000] {taskinstance.py:1304} INFO - Executing <Task(PostgresOperator): insert_into_table> on 2023-06-01 11:34:44.645307+00:00
[2023-06-01T11:35:31.845+0000] {standard_task_runner.py:55} INFO - Started process 3303 to run task
[2023-06-01T11:35:31.854+0000] {standard_task_runner.py:82} INFO - Running: ['***', 'tasks', 'run', 'dag_with_postgres_operator_v03', 'insert_into_table', 'manual__2023-06-01T11:34:44.645307+00:00', '--job-id', '939', '--raw', '--subdir', 'DAGS_FOLDER/postgres.py', '--cfg-path', '/tmp/tmp6m376ndk']
[2023-06-01T11:35:31.856+0000] {standard_task_runner.py:83} INFO - Job 939: Subtask insert_into_table
[2023-06-01T11:35:31.951+0000] {task_command.py:389} INFO - Running <TaskInstance: dag_with_postgres_operator_v03.insert_into_table manual__2023-06-01T11:34:44.645307+00:00 [running]> on host 687ba427e841
[2023-06-01T11:35:32.043+0000] {taskinstance.py:1513} INFO - Exporting the following env vars:
AIRFLOW_CTX_DAG_OWNER=coder2j
AIRFLOW_CTX_DAG_ID=dag_with_postgres_operator_v03
AIRFLOW_CTX_TASK_ID=insert_into_table
AIRFLOW_CTX_EXECUTION_DATE=2023-06-01T11:34:44.645307+00:00
AIRFLOW_CTX_TRY_NUMBER=2
AIRFLOW_CTX_DAG_RUN_ID=manual__2023-06-01T11:34:44.645307+00:00
[2023-06-01T11:35:32.045+0000] {sql.py:253} INFO - Executing: 
            insert into dag_runs (dt, dag_id) values ('2023-06-01', 'dag_with_postgres_operator_v03')
        
[2023-06-01T11:35:32.059+0000] {base.py:73} INFO - Using connection ID 'postgres_localhost' for task execution.
[2023-06-01T11:35:32.362+0000] {base.py:73} INFO - Using connection ID 'postgres_localhost' for task execution.
[2023-06-01T11:35:32.377+0000] {sql.py:364} INFO - Running statement: 
            insert into dag_runs (dt, dag_id) values ('2023-06-01', 'dag_with_postgres_operator_v03')
        , parameters: None
[2023-06-01T11:35:32.385+0000] {taskinstance.py:1772} ERROR - Task failed with exception
Traceback (most recent call last):
  File "/home/airflow/.local/lib/python3.7/site-packages/airflow/providers/common/sql/operators/sql.py", line 261, in execute
    return_last=self.return_last,
  File "/home/airflow/.local/lib/python3.7/site-packages/airflow/providers/common/sql/hooks/sql.py", line 338, in run
    self._run_command(cur, sql_statement, parameters)
  File "/home/airflow/.local/lib/python3.7/site-packages/airflow/providers/common/sql/hooks/sql.py", line 369, in _run_command
    cur.execute(sql_statement)
psycopg2.errors.UniqueViolation: duplicate key value violates unique constraint "dag_runs_pkey"
DETAIL:  Key (dt, dag_id)=(2023-06-01, dag_with_postgres_operator_v03) already exists.

[2023-06-01T11:35:32.402+0000] {taskinstance.py:1327} INFO - Marking task as UP_FOR_RETRY. dag_id=dag_with_postgres_operator_v03, task_id=insert_into_table, execution_date=20230601T113444, start_date=20230601T113531, end_date=20230601T113532
[2023-06-01T11:35:32.431+0000] {standard_task_runner.py:105} ERROR - Failed to execute job 939 for task insert_into_table (duplicate key value violates unique constraint "dag_runs_pkey"
DETAIL:  Key (dt, dag_id)=(2023-06-01, dag_with_postgres_operator_v03) already exists.
; 3303)
[2023-06-01T11:35:32.469+0000] {local_task_job.py:159} INFO - Task exited with return code 1
[2023-06-01T11:35:32.511+0000] {taskinstance.py:2582} INFO - 0 downstream tasks scheduled from follow-on schedule check
