[2023-05-30T11:30:43.590+0000] {taskinstance.py:1087} INFO - Dependencies all met for <TaskInstance: our_first_dag_v5.thrid_task scheduled__2022-01-03T00:00:00+00:00 [queued]>
[2023-05-30T11:30:43.670+0000] {taskinstance.py:1087} INFO - Dependencies all met for <TaskInstance: our_first_dag_v5.thrid_task scheduled__2022-01-03T00:00:00+00:00 [queued]>
[2023-05-30T11:30:43.671+0000] {taskinstance.py:1283} INFO - 
--------------------------------------------------------------------------------
[2023-05-30T11:30:43.673+0000] {taskinstance.py:1284} INFO - Starting attempt 1 of 6
[2023-05-30T11:30:43.680+0000] {taskinstance.py:1285} INFO - 
--------------------------------------------------------------------------------
[2023-05-30T11:30:43.806+0000] {taskinstance.py:1304} INFO - Executing <Task(BashOperator): thrid_task> on 2022-01-03 00:00:00+00:00
[2023-05-30T11:30:43.820+0000] {standard_task_runner.py:55} INFO - Started process 3252 to run task
[2023-05-30T11:30:43.880+0000] {standard_task_runner.py:82} INFO - Running: ['***', 'tasks', 'run', 'our_first_dag_v5', 'thrid_task', 'scheduled__2022-01-03T00:00:00+00:00', '--job-id', '479', '--raw', '--subdir', 'DAGS_FOLDER/first_Dag.py', '--cfg-path', '/tmp/tmpsiydtety']
[2023-05-30T11:30:43.882+0000] {standard_task_runner.py:83} INFO - Job 479: Subtask thrid_task
[2023-05-30T11:30:44.224+0000] {task_command.py:389} INFO - Running <TaskInstance: our_first_dag_v5.thrid_task scheduled__2022-01-03T00:00:00+00:00 [running]> on host 49219f98c96e
[2023-05-30T11:30:44.440+0000] {taskinstance.py:1513} INFO - Exporting the following env vars:
AIRFLOW_CTX_DAG_OWNER=coder2j
AIRFLOW_CTX_DAG_ID=our_first_dag_v5
AIRFLOW_CTX_TASK_ID=thrid_task
AIRFLOW_CTX_EXECUTION_DATE=2022-01-03T00:00:00+00:00
AIRFLOW_CTX_TRY_NUMBER=1
AIRFLOW_CTX_DAG_RUN_ID=scheduled__2022-01-03T00:00:00+00:00
[2023-05-30T11:30:44.447+0000] {subprocess.py:63} INFO - Tmp dir root location: 
 /tmp
[2023-05-30T11:30:44.453+0000] {subprocess.py:75} INFO - Running command: ['/bin/bash', '-c', 'echo hey, I am task3 and will be running after task1 at the same time as task2!']
[2023-05-30T11:30:44.519+0000] {subprocess.py:86} INFO - Output:
[2023-05-30T11:30:44.522+0000] {subprocess.py:93} INFO - hey, I am task3 and will be running after task1 at the same time as task2!
[2023-05-30T11:30:44.530+0000] {subprocess.py:97} INFO - Command exited with return code 0
[2023-05-30T11:30:44.614+0000] {taskinstance.py:1327} INFO - Marking task as SUCCESS. dag_id=our_first_dag_v5, task_id=thrid_task, execution_date=20220103T000000, start_date=20230530T113043, end_date=20230530T113044
[2023-05-30T11:30:44.792+0000] {local_task_job.py:159} INFO - Task exited with return code 0
[2023-05-30T11:30:44.855+0000] {taskinstance.py:2582} INFO - 0 downstream tasks scheduled from follow-on schedule check
