[2023-05-30T11:33:39.909+0000] {taskinstance.py:1087} INFO - Dependencies all met for <TaskInstance: our_first_dag_v5.thrid_task scheduled__2022-06-21T00:00:00+00:00 [queued]>
[2023-05-30T11:33:39.953+0000] {taskinstance.py:1087} INFO - Dependencies all met for <TaskInstance: our_first_dag_v5.thrid_task scheduled__2022-06-21T00:00:00+00:00 [queued]>
[2023-05-30T11:33:39.956+0000] {taskinstance.py:1283} INFO - 
--------------------------------------------------------------------------------
[2023-05-30T11:33:39.957+0000] {taskinstance.py:1284} INFO - Starting attempt 1 of 6
[2023-05-30T11:33:39.958+0000] {taskinstance.py:1285} INFO - 
--------------------------------------------------------------------------------
[2023-05-30T11:33:40.004+0000] {taskinstance.py:1304} INFO - Executing <Task(BashOperator): thrid_task> on 2022-06-21 00:00:00+00:00
[2023-05-30T11:33:40.039+0000] {standard_task_runner.py:55} INFO - Started process 4949 to run task
[2023-05-30T11:33:40.051+0000] {standard_task_runner.py:82} INFO - Running: ['***', 'tasks', 'run', 'our_first_dag_v5', 'thrid_task', 'scheduled__2022-06-21T00:00:00+00:00', '--job-id', '990', '--raw', '--subdir', 'DAGS_FOLDER/first_Dag.py', '--cfg-path', '/tmp/tmp2vz1zra3']
[2023-05-30T11:33:40.062+0000] {standard_task_runner.py:83} INFO - Job 990: Subtask thrid_task
[2023-05-30T11:33:40.320+0000] {task_command.py:389} INFO - Running <TaskInstance: our_first_dag_v5.thrid_task scheduled__2022-06-21T00:00:00+00:00 [running]> on host 49219f98c96e
[2023-05-30T11:33:40.612+0000] {taskinstance.py:1513} INFO - Exporting the following env vars:
AIRFLOW_CTX_DAG_OWNER=coder2j
AIRFLOW_CTX_DAG_ID=our_first_dag_v5
AIRFLOW_CTX_TASK_ID=thrid_task
AIRFLOW_CTX_EXECUTION_DATE=2022-06-21T00:00:00+00:00
AIRFLOW_CTX_TRY_NUMBER=1
AIRFLOW_CTX_DAG_RUN_ID=scheduled__2022-06-21T00:00:00+00:00
[2023-05-30T11:33:40.615+0000] {subprocess.py:63} INFO - Tmp dir root location: 
 /tmp
[2023-05-30T11:33:40.625+0000] {subprocess.py:75} INFO - Running command: ['/bin/bash', '-c', 'echo hey, I am task3 and will be running after task1 at the same time as task2!']
[2023-05-30T11:33:40.681+0000] {subprocess.py:86} INFO - Output:
[2023-05-30T11:33:40.684+0000] {subprocess.py:93} INFO - hey, I am task3 and will be running after task1 at the same time as task2!
[2023-05-30T11:33:40.686+0000] {subprocess.py:97} INFO - Command exited with return code 0
[2023-05-30T11:33:40.737+0000] {taskinstance.py:1327} INFO - Marking task as SUCCESS. dag_id=our_first_dag_v5, task_id=thrid_task, execution_date=20220621T000000, start_date=20230530T113339, end_date=20230530T113340
[2023-05-30T11:33:40.811+0000] {local_task_job.py:159} INFO - Task exited with return code 0
[2023-05-30T11:33:40.862+0000] {taskinstance.py:2582} INFO - 0 downstream tasks scheduled from follow-on schedule check
