[2023-05-30T11:32:04.446+0000] {taskinstance.py:1087} INFO - Dependencies all met for <TaskInstance: our_first_dag_v5.first_task scheduled__2022-03-20T00:00:00+00:00 [queued]>
[2023-05-30T11:32:04.466+0000] {taskinstance.py:1087} INFO - Dependencies all met for <TaskInstance: our_first_dag_v5.first_task scheduled__2022-03-20T00:00:00+00:00 [queued]>
[2023-05-30T11:32:04.468+0000] {taskinstance.py:1283} INFO - 
--------------------------------------------------------------------------------
[2023-05-30T11:32:04.469+0000] {taskinstance.py:1284} INFO - Starting attempt 1 of 6
[2023-05-30T11:32:04.472+0000] {taskinstance.py:1285} INFO - 
--------------------------------------------------------------------------------
[2023-05-30T11:32:04.522+0000] {taskinstance.py:1304} INFO - Executing <Task(BashOperator): first_task> on 2022-03-20 00:00:00+00:00
[2023-05-30T11:32:04.531+0000] {standard_task_runner.py:55} INFO - Started process 3986 to run task
[2023-05-30T11:32:04.541+0000] {standard_task_runner.py:82} INFO - Running: ['***', 'tasks', 'run', 'our_first_dag_v5', 'first_task', 'scheduled__2022-03-20T00:00:00+00:00', '--job-id', '701', '--raw', '--subdir', 'DAGS_FOLDER/first_Dag.py', '--cfg-path', '/tmp/tmpb06_xytf']
[2023-05-30T11:32:04.543+0000] {standard_task_runner.py:83} INFO - Job 701: Subtask first_task
[2023-05-30T11:32:04.695+0000] {task_command.py:389} INFO - Running <TaskInstance: our_first_dag_v5.first_task scheduled__2022-03-20T00:00:00+00:00 [running]> on host 49219f98c96e
[2023-05-30T11:32:04.815+0000] {taskinstance.py:1513} INFO - Exporting the following env vars:
AIRFLOW_CTX_DAG_OWNER=coder2j
AIRFLOW_CTX_DAG_ID=our_first_dag_v5
AIRFLOW_CTX_TASK_ID=first_task
AIRFLOW_CTX_EXECUTION_DATE=2022-03-20T00:00:00+00:00
AIRFLOW_CTX_TRY_NUMBER=1
AIRFLOW_CTX_DAG_RUN_ID=scheduled__2022-03-20T00:00:00+00:00
[2023-05-30T11:32:04.820+0000] {subprocess.py:63} INFO - Tmp dir root location: 
 /tmp
[2023-05-30T11:32:04.822+0000] {subprocess.py:75} INFO - Running command: ['/bin/bash', '-c', 'echo hello world, this is the first task!']
[2023-05-30T11:32:04.859+0000] {subprocess.py:86} INFO - Output:
[2023-05-30T11:32:04.863+0000] {subprocess.py:93} INFO - hello world, this is the first task!
[2023-05-30T11:32:04.865+0000] {subprocess.py:97} INFO - Command exited with return code 0
[2023-05-30T11:32:04.916+0000] {taskinstance.py:1327} INFO - Marking task as SUCCESS. dag_id=our_first_dag_v5, task_id=first_task, execution_date=20220320T000000, start_date=20230530T113204, end_date=20230530T113204
[2023-05-30T11:32:05.005+0000] {local_task_job.py:159} INFO - Task exited with return code 0
[2023-05-30T11:32:05.064+0000] {taskinstance.py:2582} INFO - 2 downstream tasks scheduled from follow-on schedule check
[2023-06-07T06:40:31.706+0000] {taskinstance.py:1087} INFO - Dependencies all met for <TaskInstance: our_first_dag_v5.first_task scheduled__2022-03-20T00:00:00+00:00 [queued]>
[2023-06-07T06:40:31.816+0000] {taskinstance.py:1087} INFO - Dependencies all met for <TaskInstance: our_first_dag_v5.first_task scheduled__2022-03-20T00:00:00+00:00 [queued]>
[2023-06-07T06:40:31.820+0000] {taskinstance.py:1283} INFO - 
--------------------------------------------------------------------------------
[2023-06-07T06:40:31.823+0000] {taskinstance.py:1284} INFO - Starting attempt 1 of 6
[2023-06-07T06:40:31.824+0000] {taskinstance.py:1285} INFO - 
--------------------------------------------------------------------------------
[2023-06-07T06:40:31.935+0000] {taskinstance.py:1304} INFO - Executing <Task(BashOperator): first_task> on 2022-03-20 00:00:00+00:00
[2023-06-07T06:40:31.979+0000] {standard_task_runner.py:55} INFO - Started process 4316 to run task
[2023-06-07T06:40:32.017+0000] {standard_task_runner.py:82} INFO - Running: ['***', 'tasks', 'run', 'our_first_dag_v5', 'first_task', 'scheduled__2022-03-20T00:00:00+00:00', '--job-id', '2412', '--raw', '--subdir', 'DAGS_FOLDER/first_Dag.py', '--cfg-path', '/tmp/tmpnurcb0qk']
[2023-06-07T06:40:32.034+0000] {standard_task_runner.py:83} INFO - Job 2412: Subtask first_task
[2023-06-07T06:40:32.684+0000] {task_command.py:389} INFO - Running <TaskInstance: our_first_dag_v5.first_task scheduled__2022-03-20T00:00:00+00:00 [running]> on host 026ed797f3b3
[2023-06-07T06:40:33.117+0000] {taskinstance.py:1513} INFO - Exporting the following env vars:
AIRFLOW_CTX_DAG_OWNER=coder2j
AIRFLOW_CTX_DAG_ID=our_first_dag_v5
AIRFLOW_CTX_TASK_ID=first_task
AIRFLOW_CTX_EXECUTION_DATE=2022-03-20T00:00:00+00:00
AIRFLOW_CTX_TRY_NUMBER=1
AIRFLOW_CTX_DAG_RUN_ID=scheduled__2022-03-20T00:00:00+00:00
[2023-06-07T06:40:33.124+0000] {subprocess.py:63} INFO - Tmp dir root location: 
 /tmp
[2023-06-07T06:40:33.129+0000] {subprocess.py:75} INFO - Running command: ['/bin/bash', '-c', 'echo hello world, this is the first task!']
[2023-06-07T06:40:33.170+0000] {subprocess.py:86} INFO - Output:
[2023-06-07T06:40:33.181+0000] {subprocess.py:93} INFO - hello world, this is the first task!
[2023-06-07T06:40:33.184+0000] {subprocess.py:97} INFO - Command exited with return code 0
[2023-06-07T06:40:33.299+0000] {taskinstance.py:1327} INFO - Marking task as SUCCESS. dag_id=our_first_dag_v5, task_id=first_task, execution_date=20220320T000000, start_date=20230607T064031, end_date=20230607T064033
[2023-06-07T06:40:33.379+0000] {local_task_job.py:159} INFO - Task exited with return code 0
[2023-06-07T06:40:33.442+0000] {taskinstance.py:2582} INFO - 2 downstream tasks scheduled from follow-on schedule check
