[2023-05-30T12:32:28.351+0000] {taskinstance.py:1087} INFO - Dependencies all met for <TaskInstance: our_dag_with_python_operator_v07.get_age scheduled__2022-02-19T00:00:00+00:00 [queued]>
[2023-05-30T12:32:28.383+0000] {taskinstance.py:1087} INFO - Dependencies all met for <TaskInstance: our_dag_with_python_operator_v07.get_age scheduled__2022-02-19T00:00:00+00:00 [queued]>
[2023-05-30T12:32:28.386+0000] {taskinstance.py:1283} INFO - 
--------------------------------------------------------------------------------
[2023-05-30T12:32:28.388+0000] {taskinstance.py:1284} INFO - Starting attempt 1 of 6
[2023-05-30T12:32:28.390+0000] {taskinstance.py:1285} INFO - 
--------------------------------------------------------------------------------
[2023-05-30T12:32:28.457+0000] {taskinstance.py:1304} INFO - Executing <Task(PythonOperator): get_age> on 2022-02-19 00:00:00+00:00
[2023-05-30T12:32:28.468+0000] {standard_task_runner.py:55} INFO - Started process 10103 to run task
[2023-05-30T12:32:28.483+0000] {standard_task_runner.py:82} INFO - Running: ['***', 'tasks', 'run', 'our_dag_with_python_operator_v07', 'get_age', 'scheduled__2022-02-19T00:00:00+00:00', '--job-id', '1525', '--raw', '--subdir', 'DAGS_FOLDER/dag_python_opr.py', '--cfg-path', '/tmp/tmp7ul0h4ag']
[2023-05-30T12:32:28.491+0000] {standard_task_runner.py:83} INFO - Job 1525: Subtask get_age
[2023-05-30T12:32:28.759+0000] {task_command.py:389} INFO - Running <TaskInstance: our_dag_with_python_operator_v07.get_age scheduled__2022-02-19T00:00:00+00:00 [running]> on host 49219f98c96e
[2023-05-30T12:32:29.069+0000] {taskinstance.py:1513} INFO - Exporting the following env vars:
AIRFLOW_CTX_DAG_OWNER=coder2j
AIRFLOW_CTX_DAG_ID=our_dag_with_python_operator_v07
AIRFLOW_CTX_TASK_ID=get_age
AIRFLOW_CTX_EXECUTION_DATE=2022-02-19T00:00:00+00:00
AIRFLOW_CTX_TRY_NUMBER=1
AIRFLOW_CTX_DAG_RUN_ID=scheduled__2022-02-19T00:00:00+00:00
[2023-05-30T12:32:29.119+0000] {python.py:177} INFO - Done. Returned value was: None
[2023-05-30T12:32:29.155+0000] {taskinstance.py:1327} INFO - Marking task as SUCCESS. dag_id=our_dag_with_python_operator_v07, task_id=get_age, execution_date=20220219T000000, start_date=20230530T123228, end_date=20230530T123229
[2023-05-30T12:32:29.308+0000] {local_task_job.py:159} INFO - Task exited with return code 0
[2023-05-30T12:32:29.365+0000] {taskinstance.py:2582} INFO - 1 downstream tasks scheduled from follow-on schedule check
[2023-06-07T06:35:45.534+0000] {taskinstance.py:1087} INFO - Dependencies all met for <TaskInstance: our_dag_with_python_operator_v07.get_age scheduled__2022-02-19T00:00:00+00:00 [queued]>
[2023-06-07T06:35:45.653+0000] {taskinstance.py:1087} INFO - Dependencies all met for <TaskInstance: our_dag_with_python_operator_v07.get_age scheduled__2022-02-19T00:00:00+00:00 [queued]>
[2023-06-07T06:35:45.655+0000] {taskinstance.py:1283} INFO - 
--------------------------------------------------------------------------------
[2023-06-07T06:35:45.657+0000] {taskinstance.py:1284} INFO - Starting attempt 1 of 6
[2023-06-07T06:35:45.661+0000] {taskinstance.py:1285} INFO - 
--------------------------------------------------------------------------------
[2023-06-07T06:35:45.745+0000] {taskinstance.py:1304} INFO - Executing <Task(PythonOperator): get_age> on 2022-02-19 00:00:00+00:00
[2023-06-07T06:35:45.769+0000] {standard_task_runner.py:55} INFO - Started process 2526 to run task
[2023-06-07T06:35:45.779+0000] {standard_task_runner.py:82} INFO - Running: ['***', 'tasks', 'run', 'our_dag_with_python_operator_v07', 'get_age', 'scheduled__2022-02-19T00:00:00+00:00', '--job-id', '1773', '--raw', '--subdir', 'DAGS_FOLDER/dag_python_opr.py', '--cfg-path', '/tmp/tmp72feg5df']
[2023-06-07T06:35:45.784+0000] {standard_task_runner.py:83} INFO - Job 1773: Subtask get_age
[2023-06-07T06:35:46.227+0000] {task_command.py:389} INFO - Running <TaskInstance: our_dag_with_python_operator_v07.get_age scheduled__2022-02-19T00:00:00+00:00 [running]> on host 026ed797f3b3
[2023-06-07T06:35:46.460+0000] {taskinstance.py:1513} INFO - Exporting the following env vars:
AIRFLOW_CTX_DAG_OWNER=coder2j
AIRFLOW_CTX_DAG_ID=our_dag_with_python_operator_v07
AIRFLOW_CTX_TASK_ID=get_age
AIRFLOW_CTX_EXECUTION_DATE=2022-02-19T00:00:00+00:00
AIRFLOW_CTX_TRY_NUMBER=1
AIRFLOW_CTX_DAG_RUN_ID=scheduled__2022-02-19T00:00:00+00:00
[2023-06-07T06:35:46.503+0000] {python.py:177} INFO - Done. Returned value was: None
[2023-06-07T06:35:46.530+0000] {taskinstance.py:1327} INFO - Marking task as SUCCESS. dag_id=our_dag_with_python_operator_v07, task_id=get_age, execution_date=20220219T000000, start_date=20230607T063545, end_date=20230607T063546
[2023-06-07T06:35:46.584+0000] {local_task_job.py:159} INFO - Task exited with return code 0
[2023-06-07T06:35:46.640+0000] {taskinstance.py:2582} INFO - 0 downstream tasks scheduled from follow-on schedule check
