[2023-05-30T11:37:45.745+0000] {taskinstance.py:1087} INFO - Dependencies all met for <TaskInstance: our_dag_with_python_operator_v07.get_name scheduled__2021-12-28T00:00:00+00:00 [queued]>
[2023-05-30T11:37:45.815+0000] {taskinstance.py:1087} INFO - Dependencies all met for <TaskInstance: our_dag_with_python_operator_v07.get_name scheduled__2021-12-28T00:00:00+00:00 [queued]>
[2023-05-30T11:37:45.816+0000] {taskinstance.py:1283} INFO - 
--------------------------------------------------------------------------------
[2023-05-30T11:37:45.819+0000] {taskinstance.py:1284} INFO - Starting attempt 1 of 6
[2023-05-30T11:37:45.820+0000] {taskinstance.py:1285} INFO - 
--------------------------------------------------------------------------------
[2023-05-30T11:37:45.909+0000] {taskinstance.py:1304} INFO - Executing <Task(PythonOperator): get_name> on 2021-12-28 00:00:00+00:00
[2023-05-30T11:37:45.941+0000] {standard_task_runner.py:55} INFO - Started process 6069 to run task
[2023-05-30T11:37:45.964+0000] {standard_task_runner.py:82} INFO - Running: ['***', 'tasks', 'run', 'our_dag_with_python_operator_v07', 'get_name', 'scheduled__2021-12-28T00:00:00+00:00', '--job-id', '1363', '--raw', '--subdir', 'DAGS_FOLDER/dag_python_opr.py', '--cfg-path', '/tmp/tmp9z5db8w1']
[2023-05-30T11:37:45.972+0000] {standard_task_runner.py:83} INFO - Job 1363: Subtask get_name
[2023-05-30T11:37:46.361+0000] {task_command.py:389} INFO - Running <TaskInstance: our_dag_with_python_operator_v07.get_name scheduled__2021-12-28T00:00:00+00:00 [running]> on host 49219f98c96e
[2023-05-30T11:37:46.911+0000] {taskinstance.py:1513} INFO - Exporting the following env vars:
AIRFLOW_CTX_DAG_OWNER=coder2j
AIRFLOW_CTX_DAG_ID=our_dag_with_python_operator_v07
AIRFLOW_CTX_TASK_ID=get_name
AIRFLOW_CTX_EXECUTION_DATE=2021-12-28T00:00:00+00:00
AIRFLOW_CTX_TRY_NUMBER=1
AIRFLOW_CTX_DAG_RUN_ID=scheduled__2021-12-28T00:00:00+00:00
[2023-05-30T11:37:46.992+0000] {python.py:177} INFO - Done. Returned value was: None
[2023-05-30T11:37:47.026+0000] {taskinstance.py:1327} INFO - Marking task as SUCCESS. dag_id=our_dag_with_python_operator_v07, task_id=get_name, execution_date=20211228T000000, start_date=20230530T113745, end_date=20230530T113747
[2023-05-30T11:37:47.100+0000] {local_task_job.py:159} INFO - Task exited with return code 0
[2023-05-30T11:37:47.182+0000] {taskinstance.py:2582} INFO - 1 downstream tasks scheduled from follow-on schedule check
[2023-06-07T06:33:36.676+0000] {taskinstance.py:1087} INFO - Dependencies all met for <TaskInstance: our_dag_with_python_operator_v07.get_name scheduled__2021-12-28T00:00:00+00:00 [queued]>
[2023-06-07T06:33:36.741+0000] {taskinstance.py:1087} INFO - Dependencies all met for <TaskInstance: our_dag_with_python_operator_v07.get_name scheduled__2021-12-28T00:00:00+00:00 [queued]>
[2023-06-07T06:33:36.743+0000] {taskinstance.py:1283} INFO - 
--------------------------------------------------------------------------------
[2023-06-07T06:33:36.746+0000] {taskinstance.py:1284} INFO - Starting attempt 1 of 6
[2023-06-07T06:33:36.751+0000] {taskinstance.py:1285} INFO - 
--------------------------------------------------------------------------------
[2023-06-07T06:33:36.816+0000] {taskinstance.py:1304} INFO - Executing <Task(PythonOperator): get_name> on 2021-12-28 00:00:00+00:00
[2023-06-07T06:33:36.834+0000] {standard_task_runner.py:55} INFO - Started process 1658 to run task
[2023-06-07T06:33:36.841+0000] {standard_task_runner.py:82} INFO - Running: ['***', 'tasks', 'run', 'our_dag_with_python_operator_v07', 'get_name', 'scheduled__2021-12-28T00:00:00+00:00', '--job-id', '1454', '--raw', '--subdir', 'DAGS_FOLDER/dag_python_opr.py', '--cfg-path', '/tmp/tmp0g9s4fka']
[2023-06-07T06:33:36.851+0000] {standard_task_runner.py:83} INFO - Job 1454: Subtask get_name
[2023-06-07T06:33:37.159+0000] {task_command.py:389} INFO - Running <TaskInstance: our_dag_with_python_operator_v07.get_name scheduled__2021-12-28T00:00:00+00:00 [running]> on host 026ed797f3b3
[2023-06-07T06:33:37.640+0000] {taskinstance.py:1513} INFO - Exporting the following env vars:
AIRFLOW_CTX_DAG_OWNER=coder2j
AIRFLOW_CTX_DAG_ID=our_dag_with_python_operator_v07
AIRFLOW_CTX_TASK_ID=get_name
AIRFLOW_CTX_EXECUTION_DATE=2021-12-28T00:00:00+00:00
AIRFLOW_CTX_TRY_NUMBER=1
AIRFLOW_CTX_DAG_RUN_ID=scheduled__2021-12-28T00:00:00+00:00
[2023-06-07T06:33:37.797+0000] {python.py:177} INFO - Done. Returned value was: None
[2023-06-07T06:33:37.847+0000] {taskinstance.py:1327} INFO - Marking task as SUCCESS. dag_id=our_dag_with_python_operator_v07, task_id=get_name, execution_date=20211228T000000, start_date=20230607T063336, end_date=20230607T063337
[2023-06-07T06:33:38.043+0000] {local_task_job.py:159} INFO - Task exited with return code 0
[2023-06-07T06:33:38.396+0000] {taskinstance.py:2582} INFO - 0 downstream tasks scheduled from follow-on schedule check
