[2023-05-30T12:33:11.980+0000] {taskinstance.py:1087} INFO - Dependencies all met for <TaskInstance: our_dag_with_python_operator_v07.get_name scheduled__2022-03-28T00:00:00+00:00 [queued]>
[2023-05-30T12:33:12.018+0000] {taskinstance.py:1087} INFO - Dependencies all met for <TaskInstance: our_dag_with_python_operator_v07.get_name scheduled__2022-03-28T00:00:00+00:00 [queued]>
[2023-05-30T12:33:12.020+0000] {taskinstance.py:1283} INFO - 
--------------------------------------------------------------------------------
[2023-05-30T12:33:12.021+0000] {taskinstance.py:1284} INFO - Starting attempt 1 of 6
[2023-05-30T12:33:12.022+0000] {taskinstance.py:1285} INFO - 
--------------------------------------------------------------------------------
[2023-05-30T12:33:12.089+0000] {taskinstance.py:1304} INFO - Executing <Task(PythonOperator): get_name> on 2022-03-28 00:00:00+00:00
[2023-05-30T12:33:12.098+0000] {standard_task_runner.py:55} INFO - Started process 10374 to run task
[2023-05-30T12:33:12.164+0000] {standard_task_runner.py:82} INFO - Running: ['***', 'tasks', 'run', 'our_dag_with_python_operator_v07', 'get_name', 'scheduled__2022-03-28T00:00:00+00:00', '--job-id', '1636', '--raw', '--subdir', 'DAGS_FOLDER/dag_python_opr.py', '--cfg-path', '/tmp/tmprwb28bz2']
[2023-05-30T12:33:12.166+0000] {standard_task_runner.py:83} INFO - Job 1636: Subtask get_name
[2023-05-30T12:33:12.388+0000] {task_command.py:389} INFO - Running <TaskInstance: our_dag_with_python_operator_v07.get_name scheduled__2022-03-28T00:00:00+00:00 [running]> on host 49219f98c96e
[2023-05-30T12:33:12.633+0000] {taskinstance.py:1513} INFO - Exporting the following env vars:
AIRFLOW_CTX_DAG_OWNER=coder2j
AIRFLOW_CTX_DAG_ID=our_dag_with_python_operator_v07
AIRFLOW_CTX_TASK_ID=get_name
AIRFLOW_CTX_EXECUTION_DATE=2022-03-28T00:00:00+00:00
AIRFLOW_CTX_TRY_NUMBER=1
AIRFLOW_CTX_DAG_RUN_ID=scheduled__2022-03-28T00:00:00+00:00
[2023-05-30T12:33:12.719+0000] {python.py:177} INFO - Done. Returned value was: None
[2023-05-30T12:33:12.758+0000] {taskinstance.py:1327} INFO - Marking task as SUCCESS. dag_id=our_dag_with_python_operator_v07, task_id=get_name, execution_date=20220328T000000, start_date=20230530T123311, end_date=20230530T123312
[2023-05-30T12:33:12.874+0000] {local_task_job.py:159} INFO - Task exited with return code 0
[2023-05-30T12:33:12.968+0000] {taskinstance.py:2582} INFO - 0 downstream tasks scheduled from follow-on schedule check
[2023-06-07T06:37:35.583+0000] {taskinstance.py:1087} INFO - Dependencies all met for <TaskInstance: our_dag_with_python_operator_v07.get_name scheduled__2022-03-28T00:00:00+00:00 [queued]>
[2023-06-07T06:37:35.658+0000] {taskinstance.py:1087} INFO - Dependencies all met for <TaskInstance: our_dag_with_python_operator_v07.get_name scheduled__2022-03-28T00:00:00+00:00 [queued]>
[2023-06-07T06:37:35.664+0000] {taskinstance.py:1283} INFO - 
--------------------------------------------------------------------------------
[2023-06-07T06:37:35.668+0000] {taskinstance.py:1284} INFO - Starting attempt 1 of 6
[2023-06-07T06:37:35.671+0000] {taskinstance.py:1285} INFO - 
--------------------------------------------------------------------------------
[2023-06-07T06:37:35.799+0000] {taskinstance.py:1304} INFO - Executing <Task(PythonOperator): get_name> on 2022-03-28 00:00:00+00:00
[2023-06-07T06:37:35.890+0000] {standard_task_runner.py:55} INFO - Started process 3157 to run task
[2023-06-07T06:37:35.942+0000] {standard_task_runner.py:82} INFO - Running: ['***', 'tasks', 'run', 'our_dag_with_python_operator_v07', 'get_name', 'scheduled__2022-03-28T00:00:00+00:00', '--job-id', '1991', '--raw', '--subdir', 'DAGS_FOLDER/dag_python_opr.py', '--cfg-path', '/tmp/tmp87uix73u']
[2023-06-07T06:37:35.946+0000] {standard_task_runner.py:83} INFO - Job 1991: Subtask get_name
[2023-06-07T06:37:36.783+0000] {task_command.py:389} INFO - Running <TaskInstance: our_dag_with_python_operator_v07.get_name scheduled__2022-03-28T00:00:00+00:00 [running]> on host 026ed797f3b3
[2023-06-07T06:37:38.078+0000] {taskinstance.py:1513} INFO - Exporting the following env vars:
AIRFLOW_CTX_DAG_OWNER=coder2j
AIRFLOW_CTX_DAG_ID=our_dag_with_python_operator_v07
AIRFLOW_CTX_TASK_ID=get_name
AIRFLOW_CTX_EXECUTION_DATE=2022-03-28T00:00:00+00:00
AIRFLOW_CTX_TRY_NUMBER=1
AIRFLOW_CTX_DAG_RUN_ID=scheduled__2022-03-28T00:00:00+00:00
[2023-06-07T06:37:38.222+0000] {python.py:177} INFO - Done. Returned value was: None
[2023-06-07T06:37:38.261+0000] {taskinstance.py:1327} INFO - Marking task as SUCCESS. dag_id=our_dag_with_python_operator_v07, task_id=get_name, execution_date=20220328T000000, start_date=20230607T063735, end_date=20230607T063738
[2023-06-07T06:37:38.739+0000] {local_task_job.py:159} INFO - Task exited with return code 0
[2023-06-07T06:37:38.899+0000] {taskinstance.py:2582} INFO - 1 downstream tasks scheduled from follow-on schedule check
