[2023-05-30T12:33:42.490+0000] {taskinstance.py:1087} INFO - Dependencies all met for <TaskInstance: our_dag_with_python_operator_v07.get_name scheduled__2022-04-27T00:00:00+00:00 [queued]>
[2023-05-30T12:33:42.520+0000] {taskinstance.py:1087} INFO - Dependencies all met for <TaskInstance: our_dag_with_python_operator_v07.get_name scheduled__2022-04-27T00:00:00+00:00 [queued]>
[2023-05-30T12:33:42.521+0000] {taskinstance.py:1283} INFO - 
--------------------------------------------------------------------------------
[2023-05-30T12:33:42.523+0000] {taskinstance.py:1284} INFO - Starting attempt 1 of 6
[2023-05-30T12:33:42.528+0000] {taskinstance.py:1285} INFO - 
--------------------------------------------------------------------------------
[2023-05-30T12:33:42.571+0000] {taskinstance.py:1304} INFO - Executing <Task(PythonOperator): get_name> on 2022-04-27 00:00:00+00:00
[2023-05-30T12:33:42.597+0000] {standard_task_runner.py:55} INFO - Started process 10575 to run task
[2023-05-30T12:33:42.603+0000] {standard_task_runner.py:82} INFO - Running: ['***', 'tasks', 'run', 'our_dag_with_python_operator_v07', 'get_name', 'scheduled__2022-04-27T00:00:00+00:00', '--job-id', '1724', '--raw', '--subdir', 'DAGS_FOLDER/dag_python_opr.py', '--cfg-path', '/tmp/tmpd9jtcnze']
[2023-05-30T12:33:42.615+0000] {standard_task_runner.py:83} INFO - Job 1724: Subtask get_name
[2023-05-30T12:33:42.897+0000] {task_command.py:389} INFO - Running <TaskInstance: our_dag_with_python_operator_v07.get_name scheduled__2022-04-27T00:00:00+00:00 [running]> on host 49219f98c96e
[2023-05-30T12:33:43.199+0000] {taskinstance.py:1513} INFO - Exporting the following env vars:
AIRFLOW_CTX_DAG_OWNER=coder2j
AIRFLOW_CTX_DAG_ID=our_dag_with_python_operator_v07
AIRFLOW_CTX_TASK_ID=get_name
AIRFLOW_CTX_EXECUTION_DATE=2022-04-27T00:00:00+00:00
AIRFLOW_CTX_TRY_NUMBER=1
AIRFLOW_CTX_DAG_RUN_ID=scheduled__2022-04-27T00:00:00+00:00
[2023-05-30T12:33:43.269+0000] {python.py:177} INFO - Done. Returned value was: None
[2023-05-30T12:33:43.300+0000] {taskinstance.py:1327} INFO - Marking task as SUCCESS. dag_id=our_dag_with_python_operator_v07, task_id=get_name, execution_date=20220427T000000, start_date=20230530T123342, end_date=20230530T123343
[2023-05-30T12:33:43.439+0000] {local_task_job.py:159} INFO - Task exited with return code 0
[2023-05-30T12:33:43.518+0000] {taskinstance.py:2582} INFO - 0 downstream tasks scheduled from follow-on schedule check
[2023-06-07T06:38:48.430+0000] {taskinstance.py:1087} INFO - Dependencies all met for <TaskInstance: our_dag_with_python_operator_v07.get_name scheduled__2022-04-27T00:00:00+00:00 [queued]>
[2023-06-07T06:38:48.460+0000] {taskinstance.py:1087} INFO - Dependencies all met for <TaskInstance: our_dag_with_python_operator_v07.get_name scheduled__2022-04-27T00:00:00+00:00 [queued]>
[2023-06-07T06:38:48.463+0000] {taskinstance.py:1283} INFO - 
--------------------------------------------------------------------------------
[2023-06-07T06:38:48.465+0000] {taskinstance.py:1284} INFO - Starting attempt 1 of 6
[2023-06-07T06:38:48.467+0000] {taskinstance.py:1285} INFO - 
--------------------------------------------------------------------------------
[2023-06-07T06:38:48.520+0000] {taskinstance.py:1304} INFO - Executing <Task(PythonOperator): get_name> on 2022-04-27 00:00:00+00:00
[2023-06-07T06:38:48.532+0000] {standard_task_runner.py:55} INFO - Started process 3695 to run task
[2023-06-07T06:38:48.569+0000] {standard_task_runner.py:82} INFO - Running: ['***', 'tasks', 'run', 'our_dag_with_python_operator_v07', 'get_name', 'scheduled__2022-04-27T00:00:00+00:00', '--job-id', '2187', '--raw', '--subdir', 'DAGS_FOLDER/dag_python_opr.py', '--cfg-path', '/tmp/tmpyylakbox']
[2023-06-07T06:38:48.572+0000] {standard_task_runner.py:83} INFO - Job 2187: Subtask get_name
[2023-06-07T06:38:48.752+0000] {task_command.py:389} INFO - Running <TaskInstance: our_dag_with_python_operator_v07.get_name scheduled__2022-04-27T00:00:00+00:00 [running]> on host 026ed797f3b3
[2023-06-07T06:38:49.022+0000] {taskinstance.py:1513} INFO - Exporting the following env vars:
AIRFLOW_CTX_DAG_OWNER=coder2j
AIRFLOW_CTX_DAG_ID=our_dag_with_python_operator_v07
AIRFLOW_CTX_TASK_ID=get_name
AIRFLOW_CTX_EXECUTION_DATE=2022-04-27T00:00:00+00:00
AIRFLOW_CTX_TRY_NUMBER=1
AIRFLOW_CTX_DAG_RUN_ID=scheduled__2022-04-27T00:00:00+00:00
[2023-06-07T06:38:49.103+0000] {python.py:177} INFO - Done. Returned value was: None
[2023-06-07T06:38:49.136+0000] {taskinstance.py:1327} INFO - Marking task as SUCCESS. dag_id=our_dag_with_python_operator_v07, task_id=get_name, execution_date=20220427T000000, start_date=20230607T063848, end_date=20230607T063849
[2023-06-07T06:38:49.215+0000] {local_task_job.py:159} INFO - Task exited with return code 0
[2023-06-07T06:38:49.272+0000] {taskinstance.py:2582} INFO - 0 downstream tasks scheduled from follow-on schedule check
