[2023-05-30T11:31:05.283+0000] {taskinstance.py:1087} INFO - Dependencies all met for <TaskInstance: our_first_dag_v5.thrid_task scheduled__2022-01-22T00:00:00+00:00 [queued]>
[2023-05-30T11:31:05.366+0000] {taskinstance.py:1087} INFO - Dependencies all met for <TaskInstance: our_first_dag_v5.thrid_task scheduled__2022-01-22T00:00:00+00:00 [queued]>
[2023-05-30T11:31:05.369+0000] {taskinstance.py:1283} INFO - 
--------------------------------------------------------------------------------
[2023-05-30T11:31:05.374+0000] {taskinstance.py:1284} INFO - Starting attempt 1 of 6
[2023-05-30T11:31:05.375+0000] {taskinstance.py:1285} INFO - 
--------------------------------------------------------------------------------
[2023-05-30T11:31:05.442+0000] {taskinstance.py:1304} INFO - Executing <Task(BashOperator): thrid_task> on 2022-01-22 00:00:00+00:00
[2023-05-30T11:31:05.475+0000] {standard_task_runner.py:55} INFO - Started process 3460 to run task
[2023-05-30T11:31:05.506+0000] {standard_task_runner.py:82} INFO - Running: ['***', 'tasks', 'run', 'our_first_dag_v5', 'thrid_task', 'scheduled__2022-01-22T00:00:00+00:00', '--job-id', '542', '--raw', '--subdir', 'DAGS_FOLDER/first_Dag.py', '--cfg-path', '/tmp/tmpzljks25e']
[2023-05-30T11:31:05.508+0000] {standard_task_runner.py:83} INFO - Job 542: Subtask thrid_task
[2023-05-30T11:31:05.853+0000] {task_command.py:389} INFO - Running <TaskInstance: our_first_dag_v5.thrid_task scheduled__2022-01-22T00:00:00+00:00 [running]> on host 49219f98c96e
[2023-05-30T11:31:06.364+0000] {taskinstance.py:1513} INFO - Exporting the following env vars:
AIRFLOW_CTX_DAG_OWNER=coder2j
AIRFLOW_CTX_DAG_ID=our_first_dag_v5
AIRFLOW_CTX_TASK_ID=thrid_task
AIRFLOW_CTX_EXECUTION_DATE=2022-01-22T00:00:00+00:00
AIRFLOW_CTX_TRY_NUMBER=1
AIRFLOW_CTX_DAG_RUN_ID=scheduled__2022-01-22T00:00:00+00:00
[2023-05-30T11:31:06.375+0000] {subprocess.py:63} INFO - Tmp dir root location: 
 /tmp
[2023-05-30T11:31:06.386+0000] {subprocess.py:75} INFO - Running command: ['/bin/bash', '-c', 'echo hey, I am task3 and will be running after task1 at the same time as task2!']
[2023-05-30T11:31:06.429+0000] {subprocess.py:86} INFO - Output:
[2023-05-30T11:31:06.435+0000] {subprocess.py:93} INFO - hey, I am task3 and will be running after task1 at the same time as task2!
[2023-05-30T11:31:06.437+0000] {subprocess.py:97} INFO - Command exited with return code 0
[2023-05-30T11:31:06.526+0000] {taskinstance.py:1327} INFO - Marking task as SUCCESS. dag_id=our_first_dag_v5, task_id=thrid_task, execution_date=20220122T000000, start_date=20230530T113105, end_date=20230530T113106
[2023-05-30T11:31:06.636+0000] {local_task_job.py:159} INFO - Task exited with return code 0
[2023-05-30T11:31:06.777+0000] {taskinstance.py:2582} INFO - 0 downstream tasks scheduled from follow-on schedule check
[2023-06-07T06:38:07.961+0000] {taskinstance.py:1087} INFO - Dependencies all met for <TaskInstance: our_first_dag_v5.thrid_task scheduled__2022-01-22T00:00:00+00:00 [queued]>
[2023-06-07T06:38:08.065+0000] {taskinstance.py:1087} INFO - Dependencies all met for <TaskInstance: our_first_dag_v5.thrid_task scheduled__2022-01-22T00:00:00+00:00 [queued]>
[2023-06-07T06:38:08.069+0000] {taskinstance.py:1283} INFO - 
--------------------------------------------------------------------------------
[2023-06-07T06:38:08.072+0000] {taskinstance.py:1284} INFO - Starting attempt 1 of 6
[2023-06-07T06:38:08.075+0000] {taskinstance.py:1285} INFO - 
--------------------------------------------------------------------------------
[2023-06-07T06:38:08.268+0000] {taskinstance.py:1304} INFO - Executing <Task(BashOperator): thrid_task> on 2022-01-22 00:00:00+00:00
[2023-06-07T06:38:08.295+0000] {standard_task_runner.py:55} INFO - Started process 3405 to run task
[2023-06-07T06:38:08.367+0000] {standard_task_runner.py:82} INFO - Running: ['***', 'tasks', 'run', 'our_first_dag_v5', 'thrid_task', 'scheduled__2022-01-22T00:00:00+00:00', '--job-id', '2083', '--raw', '--subdir', 'DAGS_FOLDER/first_Dag.py', '--cfg-path', '/tmp/tmp3o3xl1au']
[2023-06-07T06:38:08.372+0000] {standard_task_runner.py:83} INFO - Job 2083: Subtask thrid_task
[2023-06-07T06:38:09.038+0000] {task_command.py:389} INFO - Running <TaskInstance: our_first_dag_v5.thrid_task scheduled__2022-01-22T00:00:00+00:00 [running]> on host 026ed797f3b3
[2023-06-07T06:38:10.092+0000] {taskinstance.py:1513} INFO - Exporting the following env vars:
AIRFLOW_CTX_DAG_OWNER=coder2j
AIRFLOW_CTX_DAG_ID=our_first_dag_v5
AIRFLOW_CTX_TASK_ID=thrid_task
AIRFLOW_CTX_EXECUTION_DATE=2022-01-22T00:00:00+00:00
AIRFLOW_CTX_TRY_NUMBER=1
AIRFLOW_CTX_DAG_RUN_ID=scheduled__2022-01-22T00:00:00+00:00
[2023-06-07T06:38:10.101+0000] {subprocess.py:63} INFO - Tmp dir root location: 
 /tmp
[2023-06-07T06:38:10.114+0000] {subprocess.py:75} INFO - Running command: ['/bin/bash', '-c', 'echo hey, I am task3 and will be running after task1 at the same time as task2!']
[2023-06-07T06:38:10.265+0000] {subprocess.py:86} INFO - Output:
[2023-06-07T06:38:10.292+0000] {subprocess.py:93} INFO - hey, I am task3 and will be running after task1 at the same time as task2!
[2023-06-07T06:38:10.294+0000] {subprocess.py:97} INFO - Command exited with return code 0
[2023-06-07T06:38:10.413+0000] {taskinstance.py:1327} INFO - Marking task as SUCCESS. dag_id=our_first_dag_v5, task_id=thrid_task, execution_date=20220122T000000, start_date=20230607T063807, end_date=20230607T063810
[2023-06-07T06:38:10.807+0000] {local_task_job.py:159} INFO - Task exited with return code 0
[2023-06-07T06:38:10.925+0000] {taskinstance.py:2582} INFO - 0 downstream tasks scheduled from follow-on schedule check
