[2023-05-30T11:37:52.659+0000] {taskinstance.py:1087} INFO - Dependencies all met for <TaskInstance: our_dag_with_python_operator_v07.get_name scheduled__2022-01-05T00:00:00+00:00 [queued]>
[2023-05-30T11:37:52.721+0000] {taskinstance.py:1087} INFO - Dependencies all met for <TaskInstance: our_dag_with_python_operator_v07.get_name scheduled__2022-01-05T00:00:00+00:00 [queued]>
[2023-05-30T11:37:52.727+0000] {taskinstance.py:1283} INFO - 
--------------------------------------------------------------------------------
[2023-05-30T11:37:52.734+0000] {taskinstance.py:1284} INFO - Starting attempt 1 of 6
[2023-05-30T11:37:52.735+0000] {taskinstance.py:1285} INFO - 
--------------------------------------------------------------------------------
[2023-05-30T11:37:52.804+0000] {taskinstance.py:1304} INFO - Executing <Task(PythonOperator): get_name> on 2022-01-05 00:00:00+00:00
[2023-05-30T11:37:52.812+0000] {standard_task_runner.py:55} INFO - Started process 6122 to run task
[2023-05-30T11:37:52.829+0000] {standard_task_runner.py:82} INFO - Running: ['***', 'tasks', 'run', 'our_dag_with_python_operator_v07', 'get_name', 'scheduled__2022-01-05T00:00:00+00:00', '--job-id', '1385', '--raw', '--subdir', 'DAGS_FOLDER/dag_python_opr.py', '--cfg-path', '/tmp/tmplhvjdgcm']
[2023-05-30T11:37:52.831+0000] {standard_task_runner.py:83} INFO - Job 1385: Subtask get_name
[2023-05-30T11:37:53.085+0000] {task_command.py:389} INFO - Running <TaskInstance: our_dag_with_python_operator_v07.get_name scheduled__2022-01-05T00:00:00+00:00 [running]> on host 49219f98c96e
[2023-05-30T11:37:53.404+0000] {taskinstance.py:1513} INFO - Exporting the following env vars:
AIRFLOW_CTX_DAG_OWNER=coder2j
AIRFLOW_CTX_DAG_ID=our_dag_with_python_operator_v07
AIRFLOW_CTX_TASK_ID=get_name
AIRFLOW_CTX_EXECUTION_DATE=2022-01-05T00:00:00+00:00
AIRFLOW_CTX_TRY_NUMBER=1
AIRFLOW_CTX_DAG_RUN_ID=scheduled__2022-01-05T00:00:00+00:00
[2023-05-30T11:37:53.529+0000] {python.py:177} INFO - Done. Returned value was: None
[2023-05-30T11:37:53.553+0000] {taskinstance.py:1327} INFO - Marking task as SUCCESS. dag_id=our_dag_with_python_operator_v07, task_id=get_name, execution_date=20220105T000000, start_date=20230530T113752, end_date=20230530T113753
[2023-05-30T11:37:53.603+0000] {local_task_job.py:159} INFO - Task exited with return code 0
[2023-05-30T11:37:53.721+0000] {taskinstance.py:2582} INFO - 0 downstream tasks scheduled from follow-on schedule check
[2023-06-07T06:34:00.529+0000] {taskinstance.py:1087} INFO - Dependencies all met for <TaskInstance: our_dag_with_python_operator_v07.get_name scheduled__2022-01-05T00:00:00+00:00 [queued]>
[2023-06-07T06:34:00.798+0000] {taskinstance.py:1087} INFO - Dependencies all met for <TaskInstance: our_dag_with_python_operator_v07.get_name scheduled__2022-01-05T00:00:00+00:00 [queued]>
[2023-06-07T06:34:00.808+0000] {taskinstance.py:1283} INFO - 
--------------------------------------------------------------------------------
[2023-06-07T06:34:00.809+0000] {taskinstance.py:1284} INFO - Starting attempt 1 of 6
[2023-06-07T06:34:00.812+0000] {taskinstance.py:1285} INFO - 
--------------------------------------------------------------------------------
[2023-06-07T06:34:01.072+0000] {taskinstance.py:1304} INFO - Executing <Task(PythonOperator): get_name> on 2022-01-05 00:00:00+00:00
[2023-06-07T06:34:01.146+0000] {standard_task_runner.py:55} INFO - Started process 1834 to run task
[2023-06-07T06:34:01.224+0000] {standard_task_runner.py:82} INFO - Running: ['***', 'tasks', 'run', 'our_dag_with_python_operator_v07', 'get_name', 'scheduled__2022-01-05T00:00:00+00:00', '--job-id', '1517', '--raw', '--subdir', 'DAGS_FOLDER/dag_python_opr.py', '--cfg-path', '/tmp/tmpcwd5zl_3']
[2023-06-07T06:34:01.232+0000] {standard_task_runner.py:83} INFO - Job 1517: Subtask get_name
[2023-06-07T06:34:01.534+0000] {task_command.py:389} INFO - Running <TaskInstance: our_dag_with_python_operator_v07.get_name scheduled__2022-01-05T00:00:00+00:00 [running]> on host 026ed797f3b3
[2023-06-07T06:34:02.341+0000] {taskinstance.py:1513} INFO - Exporting the following env vars:
AIRFLOW_CTX_DAG_OWNER=coder2j
AIRFLOW_CTX_DAG_ID=our_dag_with_python_operator_v07
AIRFLOW_CTX_TASK_ID=get_name
AIRFLOW_CTX_EXECUTION_DATE=2022-01-05T00:00:00+00:00
AIRFLOW_CTX_TRY_NUMBER=1
AIRFLOW_CTX_DAG_RUN_ID=scheduled__2022-01-05T00:00:00+00:00
[2023-06-07T06:34:02.749+0000] {python.py:177} INFO - Done. Returned value was: None
[2023-06-07T06:34:02.856+0000] {taskinstance.py:1327} INFO - Marking task as SUCCESS. dag_id=our_dag_with_python_operator_v07, task_id=get_name, execution_date=20220105T000000, start_date=20230607T063400, end_date=20230607T063402
[2023-06-07T06:34:03.168+0000] {local_task_job.py:159} INFO - Task exited with return code 0
[2023-06-07T06:34:03.428+0000] {taskinstance.py:2582} INFO - 0 downstream tasks scheduled from follow-on schedule check
