[2023-05-30T11:31:39.220+0000] {taskinstance.py:1087} INFO - Dependencies all met for <TaskInstance: our_first_dag_v5.second_task scheduled__2022-02-20T00:00:00+00:00 [queued]>
[2023-05-30T11:31:39.258+0000] {taskinstance.py:1087} INFO - Dependencies all met for <TaskInstance: our_first_dag_v5.second_task scheduled__2022-02-20T00:00:00+00:00 [queued]>
[2023-05-30T11:31:39.264+0000] {taskinstance.py:1283} INFO - 
--------------------------------------------------------------------------------
[2023-05-30T11:31:39.266+0000] {taskinstance.py:1284} INFO - Starting attempt 1 of 6
[2023-05-30T11:31:39.268+0000] {taskinstance.py:1285} INFO - 
--------------------------------------------------------------------------------
[2023-05-30T11:31:39.350+0000] {taskinstance.py:1304} INFO - Executing <Task(BashOperator): second_task> on 2022-02-20 00:00:00+00:00
[2023-05-30T11:31:39.380+0000] {standard_task_runner.py:55} INFO - Started process 3736 to run task
[2023-05-30T11:31:39.398+0000] {standard_task_runner.py:82} INFO - Running: ['***', 'tasks', 'run', 'our_first_dag_v5', 'second_task', 'scheduled__2022-02-20T00:00:00+00:00', '--job-id', '625', '--raw', '--subdir', 'DAGS_FOLDER/first_Dag.py', '--cfg-path', '/tmp/tmpa_52nmj9']
[2023-05-30T11:31:39.409+0000] {standard_task_runner.py:83} INFO - Job 625: Subtask second_task
[2023-05-30T11:31:39.880+0000] {task_command.py:389} INFO - Running <TaskInstance: our_first_dag_v5.second_task scheduled__2022-02-20T00:00:00+00:00 [running]> on host 49219f98c96e
[2023-05-30T11:31:40.159+0000] {taskinstance.py:1513} INFO - Exporting the following env vars:
AIRFLOW_CTX_DAG_OWNER=coder2j
AIRFLOW_CTX_DAG_ID=our_first_dag_v5
AIRFLOW_CTX_TASK_ID=second_task
AIRFLOW_CTX_EXECUTION_DATE=2022-02-20T00:00:00+00:00
AIRFLOW_CTX_TRY_NUMBER=1
AIRFLOW_CTX_DAG_RUN_ID=scheduled__2022-02-20T00:00:00+00:00
[2023-05-30T11:31:40.165+0000] {subprocess.py:63} INFO - Tmp dir root location: 
 /tmp
[2023-05-30T11:31:40.167+0000] {subprocess.py:75} INFO - Running command: ['/bin/bash', '-c', 'echo hey, I am task2 and will be running after task1!']
[2023-05-30T11:31:40.239+0000] {subprocess.py:86} INFO - Output:
[2023-05-30T11:31:40.253+0000] {subprocess.py:93} INFO - hey, I am task2 and will be running after task1!
[2023-05-30T11:31:40.255+0000] {subprocess.py:97} INFO - Command exited with return code 0
[2023-05-30T11:31:40.327+0000] {taskinstance.py:1327} INFO - Marking task as SUCCESS. dag_id=our_first_dag_v5, task_id=second_task, execution_date=20220220T000000, start_date=20230530T113139, end_date=20230530T113140
[2023-05-30T11:31:40.411+0000] {local_task_job.py:159} INFO - Task exited with return code 0
[2023-05-30T11:31:40.489+0000] {taskinstance.py:2582} INFO - 0 downstream tasks scheduled from follow-on schedule check
[2023-06-07T06:39:15.536+0000] {taskinstance.py:1087} INFO - Dependencies all met for <TaskInstance: our_first_dag_v5.second_task scheduled__2022-02-20T00:00:00+00:00 [queued]>
[2023-06-07T06:39:15.609+0000] {taskinstance.py:1087} INFO - Dependencies all met for <TaskInstance: our_first_dag_v5.second_task scheduled__2022-02-20T00:00:00+00:00 [queued]>
[2023-06-07T06:39:15.611+0000] {taskinstance.py:1283} INFO - 
--------------------------------------------------------------------------------
[2023-06-07T06:39:15.613+0000] {taskinstance.py:1284} INFO - Starting attempt 1 of 6
[2023-06-07T06:39:15.616+0000] {taskinstance.py:1285} INFO - 
--------------------------------------------------------------------------------
[2023-06-07T06:39:15.735+0000] {taskinstance.py:1304} INFO - Executing <Task(BashOperator): second_task> on 2022-02-20 00:00:00+00:00
[2023-06-07T06:39:15.756+0000] {standard_task_runner.py:55} INFO - Started process 3854 to run task
[2023-06-07T06:39:15.812+0000] {standard_task_runner.py:82} INFO - Running: ['***', 'tasks', 'run', 'our_first_dag_v5', 'second_task', 'scheduled__2022-02-20T00:00:00+00:00', '--job-id', '2244', '--raw', '--subdir', 'DAGS_FOLDER/first_Dag.py', '--cfg-path', '/tmp/tmpdw4_9sks']
[2023-06-07T06:39:15.814+0000] {standard_task_runner.py:83} INFO - Job 2244: Subtask second_task
[2023-06-07T06:39:16.048+0000] {task_command.py:389} INFO - Running <TaskInstance: our_first_dag_v5.second_task scheduled__2022-02-20T00:00:00+00:00 [running]> on host 026ed797f3b3
[2023-06-07T06:39:16.513+0000] {taskinstance.py:1513} INFO - Exporting the following env vars:
AIRFLOW_CTX_DAG_OWNER=coder2j
AIRFLOW_CTX_DAG_ID=our_first_dag_v5
AIRFLOW_CTX_TASK_ID=second_task
AIRFLOW_CTX_EXECUTION_DATE=2022-02-20T00:00:00+00:00
AIRFLOW_CTX_TRY_NUMBER=1
AIRFLOW_CTX_DAG_RUN_ID=scheduled__2022-02-20T00:00:00+00:00
[2023-06-07T06:39:16.517+0000] {subprocess.py:63} INFO - Tmp dir root location: 
 /tmp
[2023-06-07T06:39:16.520+0000] {subprocess.py:75} INFO - Running command: ['/bin/bash', '-c', 'echo hey, I am task2 and will be running after task1!']
[2023-06-07T06:39:16.579+0000] {subprocess.py:86} INFO - Output:
[2023-06-07T06:39:16.593+0000] {subprocess.py:93} INFO - hey, I am task2 and will be running after task1!
[2023-06-07T06:39:16.601+0000] {subprocess.py:97} INFO - Command exited with return code 0
[2023-06-07T06:39:16.725+0000] {taskinstance.py:1327} INFO - Marking task as SUCCESS. dag_id=our_first_dag_v5, task_id=second_task, execution_date=20220220T000000, start_date=20230607T063915, end_date=20230607T063916
[2023-06-07T06:39:16.865+0000] {local_task_job.py:159} INFO - Task exited with return code 0
[2023-06-07T06:39:16.974+0000] {taskinstance.py:2582} INFO - 0 downstream tasks scheduled from follow-on schedule check
