[2023-05-30T12:32:52.323+0000] {taskinstance.py:1087} INFO - Dependencies all met for <TaskInstance: our_dag_with_python_operator_v07.get_name scheduled__2022-03-10T00:00:00+00:00 [queued]>
[2023-05-30T12:32:52.349+0000] {taskinstance.py:1087} INFO - Dependencies all met for <TaskInstance: our_dag_with_python_operator_v07.get_name scheduled__2022-03-10T00:00:00+00:00 [queued]>
[2023-05-30T12:32:52.350+0000] {taskinstance.py:1283} INFO - 
--------------------------------------------------------------------------------
[2023-05-30T12:32:52.353+0000] {taskinstance.py:1284} INFO - Starting attempt 1 of 6
[2023-05-30T12:32:52.355+0000] {taskinstance.py:1285} INFO - 
--------------------------------------------------------------------------------
[2023-05-30T12:32:52.406+0000] {taskinstance.py:1304} INFO - Executing <Task(PythonOperator): get_name> on 2022-03-10 00:00:00+00:00
[2023-05-30T12:32:52.421+0000] {standard_task_runner.py:55} INFO - Started process 10248 to run task
[2023-05-30T12:32:52.451+0000] {standard_task_runner.py:82} INFO - Running: ['***', 'tasks', 'run', 'our_dag_with_python_operator_v07', 'get_name', 'scheduled__2022-03-10T00:00:00+00:00', '--job-id', '1581', '--raw', '--subdir', 'DAGS_FOLDER/dag_python_opr.py', '--cfg-path', '/tmp/tmpmj75qlh9']
[2023-05-30T12:32:52.453+0000] {standard_task_runner.py:83} INFO - Job 1581: Subtask get_name
[2023-05-30T12:32:52.666+0000] {task_command.py:389} INFO - Running <TaskInstance: our_dag_with_python_operator_v07.get_name scheduled__2022-03-10T00:00:00+00:00 [running]> on host 49219f98c96e
[2023-05-30T12:32:52.956+0000] {taskinstance.py:1513} INFO - Exporting the following env vars:
AIRFLOW_CTX_DAG_OWNER=coder2j
AIRFLOW_CTX_DAG_ID=our_dag_with_python_operator_v07
AIRFLOW_CTX_TASK_ID=get_name
AIRFLOW_CTX_EXECUTION_DATE=2022-03-10T00:00:00+00:00
AIRFLOW_CTX_TRY_NUMBER=1
AIRFLOW_CTX_DAG_RUN_ID=scheduled__2022-03-10T00:00:00+00:00
[2023-05-30T12:32:53.084+0000] {python.py:177} INFO - Done. Returned value was: None
[2023-05-30T12:32:53.154+0000] {taskinstance.py:1327} INFO - Marking task as SUCCESS. dag_id=our_dag_with_python_operator_v07, task_id=get_name, execution_date=20220310T000000, start_date=20230530T123252, end_date=20230530T123253
[2023-05-30T12:32:53.233+0000] {local_task_job.py:159} INFO - Task exited with return code 0
[2023-05-30T12:32:53.326+0000] {taskinstance.py:2582} INFO - 1 downstream tasks scheduled from follow-on schedule check
[2023-06-07T06:37:01.194+0000] {taskinstance.py:1087} INFO - Dependencies all met for <TaskInstance: our_dag_with_python_operator_v07.get_name scheduled__2022-03-10T00:00:00+00:00 [queued]>
[2023-06-07T06:37:01.249+0000] {taskinstance.py:1087} INFO - Dependencies all met for <TaskInstance: our_dag_with_python_operator_v07.get_name scheduled__2022-03-10T00:00:00+00:00 [queued]>
[2023-06-07T06:37:01.252+0000] {taskinstance.py:1283} INFO - 
--------------------------------------------------------------------------------
[2023-06-07T06:37:01.254+0000] {taskinstance.py:1284} INFO - Starting attempt 1 of 6
[2023-06-07T06:37:01.256+0000] {taskinstance.py:1285} INFO - 
--------------------------------------------------------------------------------
[2023-06-07T06:37:01.350+0000] {taskinstance.py:1304} INFO - Executing <Task(PythonOperator): get_name> on 2022-03-10 00:00:00+00:00
[2023-06-07T06:37:01.363+0000] {standard_task_runner.py:55} INFO - Started process 2913 to run task
[2023-06-07T06:37:01.378+0000] {standard_task_runner.py:82} INFO - Running: ['***', 'tasks', 'run', 'our_dag_with_python_operator_v07', 'get_name', 'scheduled__2022-03-10T00:00:00+00:00', '--job-id', '1902', '--raw', '--subdir', 'DAGS_FOLDER/dag_python_opr.py', '--cfg-path', '/tmp/tmpvjo13o72']
[2023-06-07T06:37:01.396+0000] {standard_task_runner.py:83} INFO - Job 1902: Subtask get_name
[2023-06-07T06:37:01.815+0000] {task_command.py:389} INFO - Running <TaskInstance: our_dag_with_python_operator_v07.get_name scheduled__2022-03-10T00:00:00+00:00 [running]> on host 026ed797f3b3
[2023-06-07T06:37:02.497+0000] {taskinstance.py:1513} INFO - Exporting the following env vars:
AIRFLOW_CTX_DAG_OWNER=coder2j
AIRFLOW_CTX_DAG_ID=our_dag_with_python_operator_v07
AIRFLOW_CTX_TASK_ID=get_name
AIRFLOW_CTX_EXECUTION_DATE=2022-03-10T00:00:00+00:00
AIRFLOW_CTX_TRY_NUMBER=1
AIRFLOW_CTX_DAG_RUN_ID=scheduled__2022-03-10T00:00:00+00:00
[2023-06-07T06:37:02.622+0000] {python.py:177} INFO - Done. Returned value was: None
[2023-06-07T06:37:02.687+0000] {taskinstance.py:1327} INFO - Marking task as SUCCESS. dag_id=our_dag_with_python_operator_v07, task_id=get_name, execution_date=20220310T000000, start_date=20230607T063701, end_date=20230607T063702
[2023-06-07T06:37:02.851+0000] {local_task_job.py:159} INFO - Task exited with return code 0
[2023-06-07T06:37:03.112+0000] {taskinstance.py:2582} INFO - 0 downstream tasks scheduled from follow-on schedule check
