[2023-05-30T11:28:48.213+0000] {taskinstance.py:1087} INFO - Dependencies all met for <TaskInstance: our_first_dag_v5.second_task scheduled__2021-09-15T00:00:00+00:00 [queued]>
[2023-05-30T11:28:48.278+0000] {taskinstance.py:1087} INFO - Dependencies all met for <TaskInstance: our_first_dag_v5.second_task scheduled__2021-09-15T00:00:00+00:00 [queued]>
[2023-05-30T11:28:48.279+0000] {taskinstance.py:1283} INFO - 
--------------------------------------------------------------------------------
[2023-05-30T11:28:48.280+0000] {taskinstance.py:1284} INFO - Starting attempt 1 of 6
[2023-05-30T11:28:48.282+0000] {taskinstance.py:1285} INFO - 
--------------------------------------------------------------------------------
[2023-05-30T11:28:48.356+0000] {taskinstance.py:1304} INFO - Executing <Task(BashOperator): second_task> on 2021-09-15 00:00:00+00:00
[2023-05-30T11:28:48.398+0000] {standard_task_runner.py:55} INFO - Started process 2154 to run task
[2023-05-30T11:28:48.426+0000] {standard_task_runner.py:82} INFO - Running: ['***', 'tasks', 'run', 'our_first_dag_v5', 'second_task', 'scheduled__2021-09-15T00:00:00+00:00', '--job-id', '149', '--raw', '--subdir', 'DAGS_FOLDER/first_Dag.py', '--cfg-path', '/tmp/tmp1veqlhcn']
[2023-05-30T11:28:48.439+0000] {standard_task_runner.py:83} INFO - Job 149: Subtask second_task
[2023-05-30T11:28:48.733+0000] {task_command.py:389} INFO - Running <TaskInstance: our_first_dag_v5.second_task scheduled__2021-09-15T00:00:00+00:00 [running]> on host 49219f98c96e
[2023-05-30T11:28:49.008+0000] {taskinstance.py:1513} INFO - Exporting the following env vars:
AIRFLOW_CTX_DAG_OWNER=coder2j
AIRFLOW_CTX_DAG_ID=our_first_dag_v5
AIRFLOW_CTX_TASK_ID=second_task
AIRFLOW_CTX_EXECUTION_DATE=2021-09-15T00:00:00+00:00
AIRFLOW_CTX_TRY_NUMBER=1
AIRFLOW_CTX_DAG_RUN_ID=scheduled__2021-09-15T00:00:00+00:00
[2023-05-30T11:28:49.014+0000] {subprocess.py:63} INFO - Tmp dir root location: 
 /tmp
[2023-05-30T11:28:49.022+0000] {subprocess.py:75} INFO - Running command: ['/bin/bash', '-c', 'echo hey, I am task2 and will be running after task1!']
[2023-05-30T11:28:49.099+0000] {subprocess.py:86} INFO - Output:
[2023-05-30T11:28:49.115+0000] {subprocess.py:93} INFO - hey, I am task2 and will be running after task1!
[2023-05-30T11:28:49.117+0000] {subprocess.py:97} INFO - Command exited with return code 0
[2023-05-30T11:28:49.235+0000] {taskinstance.py:1327} INFO - Marking task as SUCCESS. dag_id=our_first_dag_v5, task_id=second_task, execution_date=20210915T000000, start_date=20230530T112848, end_date=20230530T112849
[2023-05-30T11:28:49.368+0000] {local_task_job.py:159} INFO - Task exited with return code 0
[2023-05-30T11:28:49.474+0000] {taskinstance.py:2582} INFO - 0 downstream tasks scheduled from follow-on schedule check
[2023-06-07T06:32:41.288+0000] {taskinstance.py:1087} INFO - Dependencies all met for <TaskInstance: our_first_dag_v5.second_task scheduled__2021-09-15T00:00:00+00:00 [queued]>
[2023-06-07T06:32:41.406+0000] {taskinstance.py:1087} INFO - Dependencies all met for <TaskInstance: our_first_dag_v5.second_task scheduled__2021-09-15T00:00:00+00:00 [queued]>
[2023-06-07T06:32:41.408+0000] {taskinstance.py:1283} INFO - 
--------------------------------------------------------------------------------
[2023-06-07T06:32:41.410+0000] {taskinstance.py:1284} INFO - Starting attempt 1 of 6
[2023-06-07T06:32:41.415+0000] {taskinstance.py:1285} INFO - 
--------------------------------------------------------------------------------
[2023-06-07T06:32:41.579+0000] {taskinstance.py:1304} INFO - Executing <Task(BashOperator): second_task> on 2021-09-15 00:00:00+00:00
[2023-06-07T06:32:41.623+0000] {standard_task_runner.py:55} INFO - Started process 1212 to run task
[2023-06-07T06:32:41.683+0000] {standard_task_runner.py:82} INFO - Running: ['***', 'tasks', 'run', 'our_first_dag_v5', 'second_task', 'scheduled__2021-09-15T00:00:00+00:00', '--job-id', '1292', '--raw', '--subdir', 'DAGS_FOLDER/first_Dag.py', '--cfg-path', '/tmp/tmpfadr4l_8']
[2023-06-07T06:32:41.712+0000] {standard_task_runner.py:83} INFO - Job 1292: Subtask second_task
[2023-06-07T06:32:42.069+0000] {task_command.py:389} INFO - Running <TaskInstance: our_first_dag_v5.second_task scheduled__2021-09-15T00:00:00+00:00 [running]> on host 026ed797f3b3
[2023-06-07T06:32:42.548+0000] {taskinstance.py:1513} INFO - Exporting the following env vars:
AIRFLOW_CTX_DAG_OWNER=coder2j
AIRFLOW_CTX_DAG_ID=our_first_dag_v5
AIRFLOW_CTX_TASK_ID=second_task
AIRFLOW_CTX_EXECUTION_DATE=2021-09-15T00:00:00+00:00
AIRFLOW_CTX_TRY_NUMBER=1
AIRFLOW_CTX_DAG_RUN_ID=scheduled__2021-09-15T00:00:00+00:00
[2023-06-07T06:32:42.550+0000] {subprocess.py:63} INFO - Tmp dir root location: 
 /tmp
[2023-06-07T06:32:42.555+0000] {subprocess.py:75} INFO - Running command: ['/bin/bash', '-c', 'echo hey, I am task2 and will be running after task1!']
[2023-06-07T06:32:42.633+0000] {subprocess.py:86} INFO - Output:
[2023-06-07T06:32:42.642+0000] {subprocess.py:93} INFO - hey, I am task2 and will be running after task1!
[2023-06-07T06:32:42.645+0000] {subprocess.py:97} INFO - Command exited with return code 0
[2023-06-07T06:32:42.732+0000] {taskinstance.py:1327} INFO - Marking task as SUCCESS. dag_id=our_first_dag_v5, task_id=second_task, execution_date=20210915T000000, start_date=20230607T063241, end_date=20230607T063242
[2023-06-07T06:32:42.877+0000] {local_task_job.py:159} INFO - Task exited with return code 0
[2023-06-07T06:32:42.918+0000] {taskinstance.py:2582} INFO - 0 downstream tasks scheduled from follow-on schedule check
