[2023-05-30T12:34:17.490+0000] {taskinstance.py:1087} INFO - Dependencies all met for <TaskInstance: our_dag_with_python_operator_v07.get_name scheduled__2022-05-26T00:00:00+00:00 [queued]>
[2023-05-30T12:34:17.531+0000] {taskinstance.py:1087} INFO - Dependencies all met for <TaskInstance: our_dag_with_python_operator_v07.get_name scheduled__2022-05-26T00:00:00+00:00 [queued]>
[2023-05-30T12:34:17.533+0000] {taskinstance.py:1283} INFO - 
--------------------------------------------------------------------------------
[2023-05-30T12:34:17.534+0000] {taskinstance.py:1284} INFO - Starting attempt 1 of 6
[2023-05-30T12:34:17.536+0000] {taskinstance.py:1285} INFO - 
--------------------------------------------------------------------------------
[2023-05-30T12:34:17.598+0000] {taskinstance.py:1304} INFO - Executing <Task(PythonOperator): get_name> on 2022-05-26 00:00:00+00:00
[2023-05-30T12:34:17.611+0000] {standard_task_runner.py:55} INFO - Started process 10794 to run task
[2023-05-30T12:34:17.639+0000] {standard_task_runner.py:82} INFO - Running: ['***', 'tasks', 'run', 'our_dag_with_python_operator_v07', 'get_name', 'scheduled__2022-05-26T00:00:00+00:00', '--job-id', '1815', '--raw', '--subdir', 'DAGS_FOLDER/dag_python_opr.py', '--cfg-path', '/tmp/tmpbaul5hij']
[2023-05-30T12:34:17.641+0000] {standard_task_runner.py:83} INFO - Job 1815: Subtask get_name
[2023-05-30T12:34:17.863+0000] {task_command.py:389} INFO - Running <TaskInstance: our_dag_with_python_operator_v07.get_name scheduled__2022-05-26T00:00:00+00:00 [running]> on host 49219f98c96e
[2023-05-30T12:34:18.165+0000] {taskinstance.py:1513} INFO - Exporting the following env vars:
AIRFLOW_CTX_DAG_OWNER=coder2j
AIRFLOW_CTX_DAG_ID=our_dag_with_python_operator_v07
AIRFLOW_CTX_TASK_ID=get_name
AIRFLOW_CTX_EXECUTION_DATE=2022-05-26T00:00:00+00:00
AIRFLOW_CTX_TRY_NUMBER=1
AIRFLOW_CTX_DAG_RUN_ID=scheduled__2022-05-26T00:00:00+00:00
[2023-05-30T12:34:18.228+0000] {python.py:177} INFO - Done. Returned value was: None
[2023-05-30T12:34:18.269+0000] {taskinstance.py:1327} INFO - Marking task as SUCCESS. dag_id=our_dag_with_python_operator_v07, task_id=get_name, execution_date=20220526T000000, start_date=20230530T123417, end_date=20230530T123418
[2023-05-30T12:34:18.331+0000] {local_task_job.py:159} INFO - Task exited with return code 0
[2023-05-30T12:34:18.433+0000] {taskinstance.py:2582} INFO - 0 downstream tasks scheduled from follow-on schedule check
[2023-06-07T06:40:01.817+0000] {taskinstance.py:1087} INFO - Dependencies all met for <TaskInstance: our_dag_with_python_operator_v07.get_name scheduled__2022-05-26T00:00:00+00:00 [queued]>
[2023-06-07T06:40:01.906+0000] {taskinstance.py:1087} INFO - Dependencies all met for <TaskInstance: our_dag_with_python_operator_v07.get_name scheduled__2022-05-26T00:00:00+00:00 [queued]>
[2023-06-07T06:40:01.908+0000] {taskinstance.py:1283} INFO - 
--------------------------------------------------------------------------------
[2023-06-07T06:40:01.913+0000] {taskinstance.py:1284} INFO - Starting attempt 1 of 6
[2023-06-07T06:40:01.915+0000] {taskinstance.py:1285} INFO - 
--------------------------------------------------------------------------------
[2023-06-07T06:40:02.023+0000] {taskinstance.py:1304} INFO - Executing <Task(PythonOperator): get_name> on 2022-05-26 00:00:00+00:00
[2023-06-07T06:40:02.035+0000] {standard_task_runner.py:55} INFO - Started process 4123 to run task
[2023-06-07T06:40:02.082+0000] {standard_task_runner.py:82} INFO - Running: ['***', 'tasks', 'run', 'our_dag_with_python_operator_v07', 'get_name', 'scheduled__2022-05-26T00:00:00+00:00', '--job-id', '2337', '--raw', '--subdir', 'DAGS_FOLDER/dag_python_opr.py', '--cfg-path', '/tmp/tmpwdvczwq6']
[2023-06-07T06:40:02.090+0000] {standard_task_runner.py:83} INFO - Job 2337: Subtask get_name
[2023-06-07T06:40:02.555+0000] {task_command.py:389} INFO - Running <TaskInstance: our_dag_with_python_operator_v07.get_name scheduled__2022-05-26T00:00:00+00:00 [running]> on host 026ed797f3b3
[2023-06-07T06:40:03.109+0000] {taskinstance.py:1513} INFO - Exporting the following env vars:
AIRFLOW_CTX_DAG_OWNER=coder2j
AIRFLOW_CTX_DAG_ID=our_dag_with_python_operator_v07
AIRFLOW_CTX_TASK_ID=get_name
AIRFLOW_CTX_EXECUTION_DATE=2022-05-26T00:00:00+00:00
AIRFLOW_CTX_TRY_NUMBER=1
AIRFLOW_CTX_DAG_RUN_ID=scheduled__2022-05-26T00:00:00+00:00
[2023-06-07T06:40:03.258+0000] {python.py:177} INFO - Done. Returned value was: None
[2023-06-07T06:40:03.342+0000] {taskinstance.py:1327} INFO - Marking task as SUCCESS. dag_id=our_dag_with_python_operator_v07, task_id=get_name, execution_date=20220526T000000, start_date=20230607T064001, end_date=20230607T064003
[2023-06-07T06:40:03.482+0000] {local_task_job.py:159} INFO - Task exited with return code 0
[2023-06-07T06:40:03.647+0000] {taskinstance.py:2582} INFO - 1 downstream tasks scheduled from follow-on schedule check
