[2023-05-30T12:31:52.542+0000] {taskinstance.py:1087} INFO - Dependencies all met for <TaskInstance: our_dag_with_python_operator_v07.get_age scheduled__2022-01-18T00:00:00+00:00 [queued]>
[2023-05-30T12:31:52.579+0000] {taskinstance.py:1087} INFO - Dependencies all met for <TaskInstance: our_dag_with_python_operator_v07.get_age scheduled__2022-01-18T00:00:00+00:00 [queued]>
[2023-05-30T12:31:52.593+0000] {taskinstance.py:1283} INFO - 
--------------------------------------------------------------------------------
[2023-05-30T12:31:52.596+0000] {taskinstance.py:1284} INFO - Starting attempt 1 of 6
[2023-05-30T12:31:52.599+0000] {taskinstance.py:1285} INFO - 
--------------------------------------------------------------------------------
[2023-05-30T12:31:52.696+0000] {taskinstance.py:1304} INFO - Executing <Task(PythonOperator): get_age> on 2022-01-18 00:00:00+00:00
[2023-05-30T12:31:52.735+0000] {standard_task_runner.py:55} INFO - Started process 9888 to run task
[2023-05-30T12:31:52.750+0000] {standard_task_runner.py:82} INFO - Running: ['***', 'tasks', 'run', 'our_dag_with_python_operator_v07', 'get_age', 'scheduled__2022-01-18T00:00:00+00:00', '--job-id', '1431', '--raw', '--subdir', 'DAGS_FOLDER/dag_python_opr.py', '--cfg-path', '/tmp/tmp07mhwx_u']
[2023-05-30T12:31:52.752+0000] {standard_task_runner.py:83} INFO - Job 1431: Subtask get_age
[2023-05-30T12:31:53.025+0000] {task_command.py:389} INFO - Running <TaskInstance: our_dag_with_python_operator_v07.get_age scheduled__2022-01-18T00:00:00+00:00 [running]> on host 49219f98c96e
[2023-05-30T12:31:53.278+0000] {taskinstance.py:1513} INFO - Exporting the following env vars:
AIRFLOW_CTX_DAG_OWNER=coder2j
AIRFLOW_CTX_DAG_ID=our_dag_with_python_operator_v07
AIRFLOW_CTX_TASK_ID=get_age
AIRFLOW_CTX_EXECUTION_DATE=2022-01-18T00:00:00+00:00
AIRFLOW_CTX_TRY_NUMBER=1
AIRFLOW_CTX_DAG_RUN_ID=scheduled__2022-01-18T00:00:00+00:00
[2023-05-30T12:31:53.342+0000] {python.py:177} INFO - Done. Returned value was: None
[2023-05-30T12:31:53.392+0000] {taskinstance.py:1327} INFO - Marking task as SUCCESS. dag_id=our_dag_with_python_operator_v07, task_id=get_age, execution_date=20220118T000000, start_date=20230530T123152, end_date=20230530T123153
[2023-05-30T12:31:53.452+0000] {local_task_job.py:159} INFO - Task exited with return code 0
[2023-05-30T12:31:53.517+0000] {taskinstance.py:2582} INFO - 0 downstream tasks scheduled from follow-on schedule check
[2023-06-07T06:34:17.375+0000] {taskinstance.py:1087} INFO - Dependencies all met for <TaskInstance: our_dag_with_python_operator_v07.get_age scheduled__2022-01-18T00:00:00+00:00 [queued]>
[2023-06-07T06:34:17.400+0000] {taskinstance.py:1087} INFO - Dependencies all met for <TaskInstance: our_dag_with_python_operator_v07.get_age scheduled__2022-01-18T00:00:00+00:00 [queued]>
[2023-06-07T06:34:17.402+0000] {taskinstance.py:1283} INFO - 
--------------------------------------------------------------------------------
[2023-06-07T06:34:17.406+0000] {taskinstance.py:1284} INFO - Starting attempt 1 of 6
[2023-06-07T06:34:17.413+0000] {taskinstance.py:1285} INFO - 
--------------------------------------------------------------------------------
[2023-06-07T06:34:17.544+0000] {taskinstance.py:1304} INFO - Executing <Task(PythonOperator): get_age> on 2022-01-18 00:00:00+00:00
[2023-06-07T06:34:17.571+0000] {standard_task_runner.py:55} INFO - Started process 1932 to run task
[2023-06-07T06:34:17.616+0000] {standard_task_runner.py:82} INFO - Running: ['***', 'tasks', 'run', 'our_dag_with_python_operator_v07', 'get_age', 'scheduled__2022-01-18T00:00:00+00:00', '--job-id', '1555', '--raw', '--subdir', 'DAGS_FOLDER/dag_python_opr.py', '--cfg-path', '/tmp/tmpsfuf3roe']
[2023-06-07T06:34:17.630+0000] {standard_task_runner.py:83} INFO - Job 1555: Subtask get_age
[2023-06-07T06:34:17.989+0000] {task_command.py:389} INFO - Running <TaskInstance: our_dag_with_python_operator_v07.get_age scheduled__2022-01-18T00:00:00+00:00 [running]> on host 026ed797f3b3
[2023-06-07T06:34:18.587+0000] {taskinstance.py:1513} INFO - Exporting the following env vars:
AIRFLOW_CTX_DAG_OWNER=coder2j
AIRFLOW_CTX_DAG_ID=our_dag_with_python_operator_v07
AIRFLOW_CTX_TASK_ID=get_age
AIRFLOW_CTX_EXECUTION_DATE=2022-01-18T00:00:00+00:00
AIRFLOW_CTX_TRY_NUMBER=1
AIRFLOW_CTX_DAG_RUN_ID=scheduled__2022-01-18T00:00:00+00:00
[2023-06-07T06:34:18.720+0000] {python.py:177} INFO - Done. Returned value was: None
[2023-06-07T06:34:18.840+0000] {taskinstance.py:1327} INFO - Marking task as SUCCESS. dag_id=our_dag_with_python_operator_v07, task_id=get_age, execution_date=20220118T000000, start_date=20230607T063417, end_date=20230607T063418
[2023-06-07T06:34:19.080+0000] {local_task_job.py:159} INFO - Task exited with return code 0
[2023-06-07T06:34:19.263+0000] {taskinstance.py:2582} INFO - 0 downstream tasks scheduled from follow-on schedule check
