[2023-05-30T11:37:43.953+0000] {taskinstance.py:1087} INFO - Dependencies all met for <TaskInstance: our_dag_with_python_operator_v07.get_age scheduled__2021-12-26T00:00:00+00:00 [queued]>
[2023-05-30T11:37:44.003+0000] {taskinstance.py:1087} INFO - Dependencies all met for <TaskInstance: our_dag_with_python_operator_v07.get_age scheduled__2021-12-26T00:00:00+00:00 [queued]>
[2023-05-30T11:37:44.009+0000] {taskinstance.py:1283} INFO - 
--------------------------------------------------------------------------------
[2023-05-30T11:37:44.027+0000] {taskinstance.py:1284} INFO - Starting attempt 1 of 6
[2023-05-30T11:37:44.034+0000] {taskinstance.py:1285} INFO - 
--------------------------------------------------------------------------------
[2023-05-30T11:37:44.104+0000] {taskinstance.py:1304} INFO - Executing <Task(PythonOperator): get_age> on 2021-12-26 00:00:00+00:00
[2023-05-30T11:37:44.128+0000] {standard_task_runner.py:55} INFO - Started process 6051 to run task
[2023-05-30T11:37:44.140+0000] {standard_task_runner.py:82} INFO - Running: ['***', 'tasks', 'run', 'our_dag_with_python_operator_v07', 'get_age', 'scheduled__2021-12-26T00:00:00+00:00', '--job-id', '1357', '--raw', '--subdir', 'DAGS_FOLDER/dag_python_opr.py', '--cfg-path', '/tmp/tmpqjp7nby_']
[2023-05-30T11:37:44.145+0000] {standard_task_runner.py:83} INFO - Job 1357: Subtask get_age
[2023-05-30T11:37:44.379+0000] {task_command.py:389} INFO - Running <TaskInstance: our_dag_with_python_operator_v07.get_age scheduled__2021-12-26T00:00:00+00:00 [running]> on host 49219f98c96e
[2023-05-30T11:37:44.847+0000] {taskinstance.py:1513} INFO - Exporting the following env vars:
AIRFLOW_CTX_DAG_OWNER=coder2j
AIRFLOW_CTX_DAG_ID=our_dag_with_python_operator_v07
AIRFLOW_CTX_TASK_ID=get_age
AIRFLOW_CTX_EXECUTION_DATE=2021-12-26T00:00:00+00:00
AIRFLOW_CTX_TRY_NUMBER=1
AIRFLOW_CTX_DAG_RUN_ID=scheduled__2021-12-26T00:00:00+00:00
[2023-05-30T11:37:44.887+0000] {python.py:177} INFO - Done. Returned value was: None
[2023-05-30T11:37:44.910+0000] {taskinstance.py:1327} INFO - Marking task as SUCCESS. dag_id=our_dag_with_python_operator_v07, task_id=get_age, execution_date=20211226T000000, start_date=20230530T113743, end_date=20230530T113744
[2023-05-30T11:37:44.968+0000] {local_task_job.py:159} INFO - Task exited with return code 0
[2023-05-30T11:37:45.124+0000] {taskinstance.py:2582} INFO - 0 downstream tasks scheduled from follow-on schedule check
[2023-06-07T06:33:34.537+0000] {taskinstance.py:1087} INFO - Dependencies all met for <TaskInstance: our_dag_with_python_operator_v07.get_age scheduled__2021-12-26T00:00:00+00:00 [queued]>
[2023-06-07T06:33:34.608+0000] {taskinstance.py:1087} INFO - Dependencies all met for <TaskInstance: our_dag_with_python_operator_v07.get_age scheduled__2021-12-26T00:00:00+00:00 [queued]>
[2023-06-07T06:33:34.611+0000] {taskinstance.py:1283} INFO - 
--------------------------------------------------------------------------------
[2023-06-07T06:33:34.613+0000] {taskinstance.py:1284} INFO - Starting attempt 1 of 6
[2023-06-07T06:33:34.614+0000] {taskinstance.py:1285} INFO - 
--------------------------------------------------------------------------------
[2023-06-07T06:33:34.759+0000] {taskinstance.py:1304} INFO - Executing <Task(PythonOperator): get_age> on 2021-12-26 00:00:00+00:00
[2023-06-07T06:33:34.790+0000] {standard_task_runner.py:55} INFO - Started process 1641 to run task
[2023-06-07T06:33:34.838+0000] {standard_task_runner.py:82} INFO - Running: ['***', 'tasks', 'run', 'our_dag_with_python_operator_v07', 'get_age', 'scheduled__2021-12-26T00:00:00+00:00', '--job-id', '1449', '--raw', '--subdir', 'DAGS_FOLDER/dag_python_opr.py', '--cfg-path', '/tmp/tmp8diuv0ww']
[2023-06-07T06:33:34.853+0000] {standard_task_runner.py:83} INFO - Job 1449: Subtask get_age
[2023-06-07T06:33:35.111+0000] {task_command.py:389} INFO - Running <TaskInstance: our_dag_with_python_operator_v07.get_age scheduled__2021-12-26T00:00:00+00:00 [running]> on host 026ed797f3b3
[2023-06-07T06:33:35.645+0000] {taskinstance.py:1513} INFO - Exporting the following env vars:
AIRFLOW_CTX_DAG_OWNER=coder2j
AIRFLOW_CTX_DAG_ID=our_dag_with_python_operator_v07
AIRFLOW_CTX_TASK_ID=get_age
AIRFLOW_CTX_EXECUTION_DATE=2021-12-26T00:00:00+00:00
AIRFLOW_CTX_TRY_NUMBER=1
AIRFLOW_CTX_DAG_RUN_ID=scheduled__2021-12-26T00:00:00+00:00
[2023-06-07T06:33:35.756+0000] {python.py:177} INFO - Done. Returned value was: None
[2023-06-07T06:33:35.800+0000] {taskinstance.py:1327} INFO - Marking task as SUCCESS. dag_id=our_dag_with_python_operator_v07, task_id=get_age, execution_date=20211226T000000, start_date=20230607T063334, end_date=20230607T063335
[2023-06-07T06:33:36.134+0000] {local_task_job.py:159} INFO - Task exited with return code 0
[2023-06-07T06:33:36.316+0000] {taskinstance.py:2582} INFO - 1 downstream tasks scheduled from follow-on schedule check
