[2023-05-30T11:36:47.980+0000] {taskinstance.py:1087} INFO - Dependencies all met for <TaskInstance: our_dag_with_python_operator_v07.get_age scheduled__2021-11-02T00:00:00+00:00 [queued]>
[2023-05-30T11:36:48.024+0000] {taskinstance.py:1087} INFO - Dependencies all met for <TaskInstance: our_dag_with_python_operator_v07.get_age scheduled__2021-11-02T00:00:00+00:00 [queued]>
[2023-05-30T11:36:48.025+0000] {taskinstance.py:1283} INFO - 
--------------------------------------------------------------------------------
[2023-05-30T11:36:48.031+0000] {taskinstance.py:1284} INFO - Starting attempt 1 of 6
[2023-05-30T11:36:48.032+0000] {taskinstance.py:1285} INFO - 
--------------------------------------------------------------------------------
[2023-05-30T11:36:48.093+0000] {taskinstance.py:1304} INFO - Executing <Task(PythonOperator): get_age> on 2021-11-02 00:00:00+00:00
[2023-05-30T11:36:48.135+0000] {standard_task_runner.py:55} INFO - Started process 5679 to run task
[2023-05-30T11:36:48.151+0000] {standard_task_runner.py:82} INFO - Running: ['***', 'tasks', 'run', 'our_dag_with_python_operator_v07', 'get_age', 'scheduled__2021-11-02T00:00:00+00:00', '--job-id', '1193', '--raw', '--subdir', 'DAGS_FOLDER/dag_python_opr.py', '--cfg-path', '/tmp/tmp8padzvb7']
[2023-05-30T11:36:48.157+0000] {standard_task_runner.py:83} INFO - Job 1193: Subtask get_age
[2023-05-30T11:36:48.505+0000] {task_command.py:389} INFO - Running <TaskInstance: our_dag_with_python_operator_v07.get_age scheduled__2021-11-02T00:00:00+00:00 [running]> on host 49219f98c96e
[2023-05-30T11:36:48.886+0000] {taskinstance.py:1513} INFO - Exporting the following env vars:
AIRFLOW_CTX_DAG_OWNER=coder2j
AIRFLOW_CTX_DAG_ID=our_dag_with_python_operator_v07
AIRFLOW_CTX_TASK_ID=get_age
AIRFLOW_CTX_EXECUTION_DATE=2021-11-02T00:00:00+00:00
AIRFLOW_CTX_TRY_NUMBER=1
AIRFLOW_CTX_DAG_RUN_ID=scheduled__2021-11-02T00:00:00+00:00
[2023-05-30T11:36:48.940+0000] {python.py:177} INFO - Done. Returned value was: None
[2023-05-30T11:36:48.969+0000] {taskinstance.py:1327} INFO - Marking task as SUCCESS. dag_id=our_dag_with_python_operator_v07, task_id=get_age, execution_date=20211102T000000, start_date=20230530T113647, end_date=20230530T113648
[2023-05-30T11:36:49.040+0000] {local_task_job.py:159} INFO - Task exited with return code 0
[2023-05-30T11:36:49.103+0000] {taskinstance.py:2582} INFO - 1 downstream tasks scheduled from follow-on schedule check
[2023-06-07T06:31:41.208+0000] {taskinstance.py:1087} INFO - Dependencies all met for <TaskInstance: our_dag_with_python_operator_v07.get_age scheduled__2021-11-02T00:00:00+00:00 [queued]>
[2023-06-07T06:31:41.277+0000] {taskinstance.py:1087} INFO - Dependencies all met for <TaskInstance: our_dag_with_python_operator_v07.get_age scheduled__2021-11-02T00:00:00+00:00 [queued]>
[2023-06-07T06:31:41.279+0000] {taskinstance.py:1283} INFO - 
--------------------------------------------------------------------------------
[2023-06-07T06:31:41.288+0000] {taskinstance.py:1284} INFO - Starting attempt 1 of 6
[2023-06-07T06:31:41.290+0000] {taskinstance.py:1285} INFO - 
--------------------------------------------------------------------------------
[2023-06-07T06:31:41.440+0000] {taskinstance.py:1304} INFO - Executing <Task(PythonOperator): get_age> on 2021-11-02 00:00:00+00:00
[2023-06-07T06:31:41.474+0000] {standard_task_runner.py:55} INFO - Started process 785 to run task
[2023-06-07T06:31:41.514+0000] {standard_task_runner.py:82} INFO - Running: ['***', 'tasks', 'run', 'our_dag_with_python_operator_v07', 'get_age', 'scheduled__2021-11-02T00:00:00+00:00', '--job-id', '1135', '--raw', '--subdir', 'DAGS_FOLDER/dag_python_opr.py', '--cfg-path', '/tmp/tmp7l8dwi2x']
[2023-06-07T06:31:41.535+0000] {standard_task_runner.py:83} INFO - Job 1135: Subtask get_age
[2023-06-07T06:31:41.939+0000] {task_command.py:389} INFO - Running <TaskInstance: our_dag_with_python_operator_v07.get_age scheduled__2021-11-02T00:00:00+00:00 [running]> on host 026ed797f3b3
[2023-06-07T06:31:42.525+0000] {taskinstance.py:1513} INFO - Exporting the following env vars:
AIRFLOW_CTX_DAG_OWNER=coder2j
AIRFLOW_CTX_DAG_ID=our_dag_with_python_operator_v07
AIRFLOW_CTX_TASK_ID=get_age
AIRFLOW_CTX_EXECUTION_DATE=2021-11-02T00:00:00+00:00
AIRFLOW_CTX_TRY_NUMBER=1
AIRFLOW_CTX_DAG_RUN_ID=scheduled__2021-11-02T00:00:00+00:00
[2023-06-07T06:31:42.627+0000] {python.py:177} INFO - Done. Returned value was: None
[2023-06-07T06:31:42.688+0000] {taskinstance.py:1327} INFO - Marking task as SUCCESS. dag_id=our_dag_with_python_operator_v07, task_id=get_age, execution_date=20211102T000000, start_date=20230607T063141, end_date=20230607T063142
[2023-06-07T06:31:42.877+0000] {local_task_job.py:159} INFO - Task exited with return code 0
[2023-06-07T06:31:43.295+0000] {taskinstance.py:2582} INFO - 0 downstream tasks scheduled from follow-on schedule check
