[2023-05-30T12:34:18.456+0000] {taskinstance.py:1087} INFO - Dependencies all met for <TaskInstance: our_dag_with_python_operator_v07.get_name scheduled__2022-05-28T00:00:00+00:00 [queued]>
[2023-05-30T12:34:18.478+0000] {taskinstance.py:1087} INFO - Dependencies all met for <TaskInstance: our_dag_with_python_operator_v07.get_name scheduled__2022-05-28T00:00:00+00:00 [queued]>
[2023-05-30T12:34:18.479+0000] {taskinstance.py:1283} INFO - 
--------------------------------------------------------------------------------
[2023-05-30T12:34:18.494+0000] {taskinstance.py:1284} INFO - Starting attempt 1 of 6
[2023-05-30T12:34:18.497+0000] {taskinstance.py:1285} INFO - 
--------------------------------------------------------------------------------
[2023-05-30T12:34:18.540+0000] {taskinstance.py:1304} INFO - Executing <Task(PythonOperator): get_name> on 2022-05-28 00:00:00+00:00
[2023-05-30T12:34:18.561+0000] {standard_task_runner.py:82} INFO - Running: ['***', 'tasks', 'run', 'our_dag_with_python_operator_v07', 'get_name', 'scheduled__2022-05-28T00:00:00+00:00', '--job-id', '1818', '--raw', '--subdir', 'DAGS_FOLDER/dag_python_opr.py', '--cfg-path', '/tmp/tmpv_bw3y_o']
[2023-05-30T12:34:18.563+0000] {standard_task_runner.py:83} INFO - Job 1818: Subtask get_name
[2023-05-30T12:34:18.552+0000] {standard_task_runner.py:55} INFO - Started process 10800 to run task
[2023-05-30T12:34:18.881+0000] {task_command.py:389} INFO - Running <TaskInstance: our_dag_with_python_operator_v07.get_name scheduled__2022-05-28T00:00:00+00:00 [running]> on host 49219f98c96e
[2023-05-30T12:34:19.135+0000] {taskinstance.py:1513} INFO - Exporting the following env vars:
AIRFLOW_CTX_DAG_OWNER=coder2j
AIRFLOW_CTX_DAG_ID=our_dag_with_python_operator_v07
AIRFLOW_CTX_TASK_ID=get_name
AIRFLOW_CTX_EXECUTION_DATE=2022-05-28T00:00:00+00:00
AIRFLOW_CTX_TRY_NUMBER=1
AIRFLOW_CTX_DAG_RUN_ID=scheduled__2022-05-28T00:00:00+00:00
[2023-05-30T12:34:19.237+0000] {python.py:177} INFO - Done. Returned value was: None
[2023-05-30T12:34:19.321+0000] {taskinstance.py:1327} INFO - Marking task as SUCCESS. dag_id=our_dag_with_python_operator_v07, task_id=get_name, execution_date=20220528T000000, start_date=20230530T123418, end_date=20230530T123419
[2023-05-30T12:34:19.476+0000] {local_task_job.py:159} INFO - Task exited with return code 0
[2023-05-30T12:34:19.676+0000] {taskinstance.py:2582} INFO - 0 downstream tasks scheduled from follow-on schedule check
[2023-06-07T06:40:03.732+0000] {taskinstance.py:1087} INFO - Dependencies all met for <TaskInstance: our_dag_with_python_operator_v07.get_name scheduled__2022-05-28T00:00:00+00:00 [queued]>
[2023-06-07T06:40:03.846+0000] {taskinstance.py:1087} INFO - Dependencies all met for <TaskInstance: our_dag_with_python_operator_v07.get_name scheduled__2022-05-28T00:00:00+00:00 [queued]>
[2023-06-07T06:40:03.848+0000] {taskinstance.py:1283} INFO - 
--------------------------------------------------------------------------------
[2023-06-07T06:40:03.851+0000] {taskinstance.py:1284} INFO - Starting attempt 1 of 6
[2023-06-07T06:40:03.855+0000] {taskinstance.py:1285} INFO - 
--------------------------------------------------------------------------------
[2023-06-07T06:40:03.982+0000] {taskinstance.py:1304} INFO - Executing <Task(PythonOperator): get_name> on 2022-05-28 00:00:00+00:00
[2023-06-07T06:40:04.020+0000] {standard_task_runner.py:55} INFO - Started process 4140 to run task
[2023-06-07T06:40:04.035+0000] {standard_task_runner.py:82} INFO - Running: ['***', 'tasks', 'run', 'our_dag_with_python_operator_v07', 'get_name', 'scheduled__2022-05-28T00:00:00+00:00', '--job-id', '2346', '--raw', '--subdir', 'DAGS_FOLDER/dag_python_opr.py', '--cfg-path', '/tmp/tmp77cynr7m']
[2023-06-07T06:40:04.042+0000] {standard_task_runner.py:83} INFO - Job 2346: Subtask get_name
[2023-06-07T06:40:04.826+0000] {task_command.py:389} INFO - Running <TaskInstance: our_dag_with_python_operator_v07.get_name scheduled__2022-05-28T00:00:00+00:00 [running]> on host 026ed797f3b3
[2023-06-07T06:40:05.729+0000] {taskinstance.py:1513} INFO - Exporting the following env vars:
AIRFLOW_CTX_DAG_OWNER=coder2j
AIRFLOW_CTX_DAG_ID=our_dag_with_python_operator_v07
AIRFLOW_CTX_TASK_ID=get_name
AIRFLOW_CTX_EXECUTION_DATE=2022-05-28T00:00:00+00:00
AIRFLOW_CTX_TRY_NUMBER=1
AIRFLOW_CTX_DAG_RUN_ID=scheduled__2022-05-28T00:00:00+00:00
[2023-06-07T06:40:05.923+0000] {python.py:177} INFO - Done. Returned value was: None
[2023-06-07T06:40:06.017+0000] {taskinstance.py:1327} INFO - Marking task as SUCCESS. dag_id=our_dag_with_python_operator_v07, task_id=get_name, execution_date=20220528T000000, start_date=20230607T064003, end_date=20230607T064006
[2023-06-07T06:40:06.152+0000] {local_task_job.py:159} INFO - Task exited with return code 0
[2023-06-07T06:40:06.295+0000] {taskinstance.py:2582} INFO - 1 downstream tasks scheduled from follow-on schedule check
