[2023-05-30T11:34:05.456+0000] {taskinstance.py:1087} INFO - Dependencies all met for <TaskInstance: our_first_dag_v5.first_task scheduled__2022-07-18T00:00:00+00:00 [queued]>
[2023-05-30T11:34:05.469+0000] {taskinstance.py:1087} INFO - Dependencies all met for <TaskInstance: our_first_dag_v5.first_task scheduled__2022-07-18T00:00:00+00:00 [queued]>
[2023-05-30T11:34:05.471+0000] {taskinstance.py:1283} INFO - 
--------------------------------------------------------------------------------
[2023-05-30T11:34:05.472+0000] {taskinstance.py:1284} INFO - Starting attempt 1 of 6
[2023-05-30T11:34:05.474+0000] {taskinstance.py:1285} INFO - 
--------------------------------------------------------------------------------
[2023-05-30T11:34:05.491+0000] {taskinstance.py:1304} INFO - Executing <Task(BashOperator): first_task> on 2022-07-18 00:00:00+00:00
[2023-05-30T11:34:05.498+0000] {standard_task_runner.py:55} INFO - Started process 5187 to run task
[2023-05-30T11:34:05.503+0000] {standard_task_runner.py:82} INFO - Running: ['***', 'tasks', 'run', 'our_first_dag_v5', 'first_task', 'scheduled__2022-07-18T00:00:00+00:00', '--job-id', '1065', '--raw', '--subdir', 'DAGS_FOLDER/first_Dag.py', '--cfg-path', '/tmp/tmpb512pj9p']
[2023-05-30T11:34:05.504+0000] {standard_task_runner.py:83} INFO - Job 1065: Subtask first_task
[2023-05-30T11:34:05.591+0000] {task_command.py:389} INFO - Running <TaskInstance: our_first_dag_v5.first_task scheduled__2022-07-18T00:00:00+00:00 [running]> on host 49219f98c96e
[2023-05-30T11:34:05.679+0000] {taskinstance.py:1513} INFO - Exporting the following env vars:
AIRFLOW_CTX_DAG_OWNER=coder2j
AIRFLOW_CTX_DAG_ID=our_first_dag_v5
AIRFLOW_CTX_TASK_ID=first_task
AIRFLOW_CTX_EXECUTION_DATE=2022-07-18T00:00:00+00:00
AIRFLOW_CTX_TRY_NUMBER=1
AIRFLOW_CTX_DAG_RUN_ID=scheduled__2022-07-18T00:00:00+00:00
[2023-05-30T11:34:05.682+0000] {subprocess.py:63} INFO - Tmp dir root location: 
 /tmp
[2023-05-30T11:34:05.683+0000] {subprocess.py:75} INFO - Running command: ['/bin/bash', '-c', 'echo hello world, this is the first task!']
[2023-05-30T11:34:05.698+0000] {subprocess.py:86} INFO - Output:
[2023-05-30T11:34:05.700+0000] {subprocess.py:93} INFO - hello world, this is the first task!
[2023-05-30T11:34:05.701+0000] {subprocess.py:97} INFO - Command exited with return code 0
[2023-05-30T11:34:05.736+0000] {taskinstance.py:1327} INFO - Marking task as SUCCESS. dag_id=our_first_dag_v5, task_id=first_task, execution_date=20220718T000000, start_date=20230530T113405, end_date=20230530T113405
[2023-05-30T11:34:05.796+0000] {local_task_job.py:159} INFO - Task exited with return code 0
[2023-05-30T11:34:05.826+0000] {taskinstance.py:2582} INFO - 2 downstream tasks scheduled from follow-on schedule check
