[2023-05-30T12:32:44.870+0000] {taskinstance.py:1087} INFO - Dependencies all met for <TaskInstance: our_dag_with_python_operator_v07.get_age scheduled__2022-03-06T00:00:00+00:00 [queued]>
[2023-05-30T12:32:44.909+0000] {taskinstance.py:1087} INFO - Dependencies all met for <TaskInstance: our_dag_with_python_operator_v07.get_age scheduled__2022-03-06T00:00:00+00:00 [queued]>
[2023-05-30T12:32:44.911+0000] {taskinstance.py:1283} INFO - 
--------------------------------------------------------------------------------
[2023-05-30T12:32:44.913+0000] {taskinstance.py:1284} INFO - Starting attempt 1 of 6
[2023-05-30T12:32:44.916+0000] {taskinstance.py:1285} INFO - 
--------------------------------------------------------------------------------
[2023-05-30T12:32:44.961+0000] {taskinstance.py:1304} INFO - Executing <Task(PythonOperator): get_age> on 2022-03-06 00:00:00+00:00
[2023-05-30T12:32:44.978+0000] {standard_task_runner.py:55} INFO - Started process 10203 to run task
[2023-05-30T12:32:44.991+0000] {standard_task_runner.py:82} INFO - Running: ['***', 'tasks', 'run', 'our_dag_with_python_operator_v07', 'get_age', 'scheduled__2022-03-06T00:00:00+00:00', '--job-id', '1569', '--raw', '--subdir', 'DAGS_FOLDER/dag_python_opr.py', '--cfg-path', '/tmp/tmpyeahym59']
[2023-05-30T12:32:44.995+0000] {standard_task_runner.py:83} INFO - Job 1569: Subtask get_age
[2023-05-30T12:32:45.243+0000] {task_command.py:389} INFO - Running <TaskInstance: our_dag_with_python_operator_v07.get_age scheduled__2022-03-06T00:00:00+00:00 [running]> on host 49219f98c96e
[2023-05-30T12:32:45.445+0000] {taskinstance.py:1513} INFO - Exporting the following env vars:
AIRFLOW_CTX_DAG_OWNER=coder2j
AIRFLOW_CTX_DAG_ID=our_dag_with_python_operator_v07
AIRFLOW_CTX_TASK_ID=get_age
AIRFLOW_CTX_EXECUTION_DATE=2022-03-06T00:00:00+00:00
AIRFLOW_CTX_TRY_NUMBER=1
AIRFLOW_CTX_DAG_RUN_ID=scheduled__2022-03-06T00:00:00+00:00
[2023-05-30T12:32:45.498+0000] {python.py:177} INFO - Done. Returned value was: None
[2023-05-30T12:32:45.534+0000] {taskinstance.py:1327} INFO - Marking task as SUCCESS. dag_id=our_dag_with_python_operator_v07, task_id=get_age, execution_date=20220306T000000, start_date=20230530T123244, end_date=20230530T123245
[2023-05-30T12:32:45.635+0000] {local_task_job.py:159} INFO - Task exited with return code 0
[2023-05-30T12:32:45.732+0000] {taskinstance.py:2582} INFO - 0 downstream tasks scheduled from follow-on schedule check
[2023-06-07T06:36:40.750+0000] {taskinstance.py:1087} INFO - Dependencies all met for <TaskInstance: our_dag_with_python_operator_v07.get_age scheduled__2022-03-06T00:00:00+00:00 [queued]>
[2023-06-07T06:36:40.884+0000] {taskinstance.py:1087} INFO - Dependencies all met for <TaskInstance: our_dag_with_python_operator_v07.get_age scheduled__2022-03-06T00:00:00+00:00 [queued]>
[2023-06-07T06:36:40.894+0000] {taskinstance.py:1283} INFO - 
--------------------------------------------------------------------------------
[2023-06-07T06:36:40.899+0000] {taskinstance.py:1284} INFO - Starting attempt 1 of 6
[2023-06-07T06:36:40.900+0000] {taskinstance.py:1285} INFO - 
--------------------------------------------------------------------------------
[2023-06-07T06:36:41.450+0000] {taskinstance.py:1304} INFO - Executing <Task(PythonOperator): get_age> on 2022-03-06 00:00:00+00:00
[2023-06-07T06:36:41.576+0000] {standard_task_runner.py:55} INFO - Started process 2781 to run task
[2023-06-07T06:36:41.660+0000] {standard_task_runner.py:82} INFO - Running: ['***', 'tasks', 'run', 'our_dag_with_python_operator_v07', 'get_age', 'scheduled__2022-03-06T00:00:00+00:00', '--job-id', '1857', '--raw', '--subdir', 'DAGS_FOLDER/dag_python_opr.py', '--cfg-path', '/tmp/tmpnk4vgzhy']
[2023-06-07T06:36:41.683+0000] {standard_task_runner.py:83} INFO - Job 1857: Subtask get_age
[2023-06-07T06:36:42.284+0000] {task_command.py:389} INFO - Running <TaskInstance: our_dag_with_python_operator_v07.get_age scheduled__2022-03-06T00:00:00+00:00 [running]> on host 026ed797f3b3
[2023-06-07T06:36:42.764+0000] {taskinstance.py:1513} INFO - Exporting the following env vars:
AIRFLOW_CTX_DAG_OWNER=coder2j
AIRFLOW_CTX_DAG_ID=our_dag_with_python_operator_v07
AIRFLOW_CTX_TASK_ID=get_age
AIRFLOW_CTX_EXECUTION_DATE=2022-03-06T00:00:00+00:00
AIRFLOW_CTX_TRY_NUMBER=1
AIRFLOW_CTX_DAG_RUN_ID=scheduled__2022-03-06T00:00:00+00:00
[2023-06-07T06:36:42.861+0000] {python.py:177} INFO - Done. Returned value was: None
[2023-06-07T06:36:42.926+0000] {taskinstance.py:1327} INFO - Marking task as SUCCESS. dag_id=our_dag_with_python_operator_v07, task_id=get_age, execution_date=20220306T000000, start_date=20230607T063640, end_date=20230607T063642
[2023-06-07T06:36:43.054+0000] {local_task_job.py:159} INFO - Task exited with return code 0
[2023-06-07T06:36:43.254+0000] {taskinstance.py:2582} INFO - 1 downstream tasks scheduled from follow-on schedule check
