[2023-05-30T12:31:57.114+0000] {taskinstance.py:1087} INFO - Dependencies all met for <TaskInstance: our_dag_with_python_operator_v07.get_name scheduled__2022-01-24T00:00:00+00:00 [queued]>
[2023-05-30T12:31:57.138+0000] {taskinstance.py:1087} INFO - Dependencies all met for <TaskInstance: our_dag_with_python_operator_v07.get_name scheduled__2022-01-24T00:00:00+00:00 [queued]>
[2023-05-30T12:31:57.140+0000] {taskinstance.py:1283} INFO - 
--------------------------------------------------------------------------------
[2023-05-30T12:31:57.142+0000] {taskinstance.py:1284} INFO - Starting attempt 1 of 6
[2023-05-30T12:31:57.144+0000] {taskinstance.py:1285} INFO - 
--------------------------------------------------------------------------------
[2023-05-30T12:31:57.193+0000] {taskinstance.py:1304} INFO - Executing <Task(PythonOperator): get_name> on 2022-01-24 00:00:00+00:00
[2023-05-30T12:31:57.219+0000] {standard_task_runner.py:55} INFO - Started process 9917 to run task
[2023-05-30T12:31:57.286+0000] {standard_task_runner.py:82} INFO - Running: ['***', 'tasks', 'run', 'our_dag_with_python_operator_v07', 'get_name', 'scheduled__2022-01-24T00:00:00+00:00', '--job-id', '1445', '--raw', '--subdir', 'DAGS_FOLDER/dag_python_opr.py', '--cfg-path', '/tmp/tmpz6qfxcz3']
[2023-05-30T12:31:57.291+0000] {standard_task_runner.py:83} INFO - Job 1445: Subtask get_name
[2023-05-30T12:31:57.685+0000] {task_command.py:389} INFO - Running <TaskInstance: our_dag_with_python_operator_v07.get_name scheduled__2022-01-24T00:00:00+00:00 [running]> on host 49219f98c96e
[2023-05-30T12:31:58.232+0000] {taskinstance.py:1513} INFO - Exporting the following env vars:
AIRFLOW_CTX_DAG_OWNER=coder2j
AIRFLOW_CTX_DAG_ID=our_dag_with_python_operator_v07
AIRFLOW_CTX_TASK_ID=get_name
AIRFLOW_CTX_EXECUTION_DATE=2022-01-24T00:00:00+00:00
AIRFLOW_CTX_TRY_NUMBER=1
AIRFLOW_CTX_DAG_RUN_ID=scheduled__2022-01-24T00:00:00+00:00
[2023-05-30T12:31:58.365+0000] {python.py:177} INFO - Done. Returned value was: None
[2023-05-30T12:31:58.429+0000] {taskinstance.py:1327} INFO - Marking task as SUCCESS. dag_id=our_dag_with_python_operator_v07, task_id=get_name, execution_date=20220124T000000, start_date=20230530T123157, end_date=20230530T123158
[2023-05-30T12:31:58.584+0000] {local_task_job.py:159} INFO - Task exited with return code 0
[2023-05-30T12:31:58.755+0000] {taskinstance.py:2582} INFO - 0 downstream tasks scheduled from follow-on schedule check
[2023-06-07T06:34:43.951+0000] {taskinstance.py:1087} INFO - Dependencies all met for <TaskInstance: our_dag_with_python_operator_v07.get_name scheduled__2022-01-24T00:00:00+00:00 [queued]>
[2023-06-07T06:34:44.098+0000] {taskinstance.py:1087} INFO - Dependencies all met for <TaskInstance: our_dag_with_python_operator_v07.get_name scheduled__2022-01-24T00:00:00+00:00 [queued]>
[2023-06-07T06:34:44.102+0000] {taskinstance.py:1283} INFO - 
--------------------------------------------------------------------------------
[2023-06-07T06:34:44.108+0000] {taskinstance.py:1284} INFO - Starting attempt 1 of 6
[2023-06-07T06:34:44.119+0000] {taskinstance.py:1285} INFO - 
--------------------------------------------------------------------------------
[2023-06-07T06:34:44.272+0000] {taskinstance.py:1304} INFO - Executing <Task(PythonOperator): get_name> on 2022-01-24 00:00:00+00:00
[2023-06-07T06:34:44.289+0000] {standard_task_runner.py:55} INFO - Started process 2116 to run task
[2023-06-07T06:34:44.356+0000] {standard_task_runner.py:82} INFO - Running: ['***', 'tasks', 'run', 'our_dag_with_python_operator_v07', 'get_name', 'scheduled__2022-01-24T00:00:00+00:00', '--job-id', '1623', '--raw', '--subdir', 'DAGS_FOLDER/dag_python_opr.py', '--cfg-path', '/tmp/tmp03j_qxpa']
[2023-06-07T06:34:44.361+0000] {standard_task_runner.py:83} INFO - Job 1623: Subtask get_name
[2023-06-07T06:34:44.811+0000] {task_command.py:389} INFO - Running <TaskInstance: our_dag_with_python_operator_v07.get_name scheduled__2022-01-24T00:00:00+00:00 [running]> on host 026ed797f3b3
[2023-06-07T06:34:45.459+0000] {taskinstance.py:1513} INFO - Exporting the following env vars:
AIRFLOW_CTX_DAG_OWNER=coder2j
AIRFLOW_CTX_DAG_ID=our_dag_with_python_operator_v07
AIRFLOW_CTX_TASK_ID=get_name
AIRFLOW_CTX_EXECUTION_DATE=2022-01-24T00:00:00+00:00
AIRFLOW_CTX_TRY_NUMBER=1
AIRFLOW_CTX_DAG_RUN_ID=scheduled__2022-01-24T00:00:00+00:00
[2023-06-07T06:34:45.692+0000] {python.py:177} INFO - Done. Returned value was: None
[2023-06-07T06:34:45.763+0000] {taskinstance.py:1327} INFO - Marking task as SUCCESS. dag_id=our_dag_with_python_operator_v07, task_id=get_name, execution_date=20220124T000000, start_date=20230607T063443, end_date=20230607T063445
[2023-06-07T06:34:46.212+0000] {local_task_job.py:159} INFO - Task exited with return code 0
[2023-06-07T06:34:46.454+0000] {taskinstance.py:2582} INFO - 1 downstream tasks scheduled from follow-on schedule check
