[2023-05-30T10:58:08.244+0000] {taskinstance.py:1087} INFO - Dependencies all met for <TaskInstance: example_bash_operator.this_will_skip scheduled__2023-05-29T00:00:00+00:00 [queued]>
[2023-05-30T10:58:08.259+0000] {taskinstance.py:1087} INFO - Dependencies all met for <TaskInstance: example_bash_operator.this_will_skip scheduled__2023-05-29T00:00:00+00:00 [queued]>
[2023-05-30T10:58:08.263+0000] {taskinstance.py:1283} INFO - 
--------------------------------------------------------------------------------
[2023-05-30T10:58:08.265+0000] {taskinstance.py:1284} INFO - Starting attempt 1 of 1
[2023-05-30T10:58:08.266+0000] {taskinstance.py:1285} INFO - 
--------------------------------------------------------------------------------
[2023-05-30T10:58:08.294+0000] {taskinstance.py:1304} INFO - Executing <Task(BashOperator): this_will_skip> on 2023-05-29 00:00:00+00:00
[2023-05-30T10:58:08.303+0000] {standard_task_runner.py:55} INFO - Started process 665 to run task
[2023-05-30T10:58:08.312+0000] {standard_task_runner.py:82} INFO - Running: ['***', 'tasks', 'run', 'example_bash_operator', 'this_will_skip', 'scheduled__2023-05-29T00:00:00+00:00', '--job-id', '3', '--raw', '--subdir', '/home/***/.local/lib/python3.7/site-packages/***/example_dags/example_bash_operator.py', '--cfg-path', '/tmp/tmp55jmw1_a']
[2023-05-30T10:58:08.315+0000] {standard_task_runner.py:83} INFO - Job 3: Subtask this_will_skip
[2023-05-30T10:58:08.484+0000] {task_command.py:389} INFO - Running <TaskInstance: example_bash_operator.this_will_skip scheduled__2023-05-29T00:00:00+00:00 [running]> on host b9221d6006d0
[2023-05-30T10:58:08.606+0000] {taskinstance.py:1513} INFO - Exporting the following env vars:
AIRFLOW_CTX_DAG_OWNER=***
AIRFLOW_CTX_DAG_ID=example_bash_operator
AIRFLOW_CTX_TASK_ID=this_will_skip
AIRFLOW_CTX_EXECUTION_DATE=2023-05-29T00:00:00+00:00
AIRFLOW_CTX_TRY_NUMBER=1
AIRFLOW_CTX_DAG_RUN_ID=scheduled__2023-05-29T00:00:00+00:00
[2023-05-30T10:58:08.610+0000] {subprocess.py:63} INFO - Tmp dir root location: 
 /tmp
[2023-05-30T10:58:08.613+0000] {subprocess.py:75} INFO - Running command: ['/bin/bash', '-c', 'echo "hello world"; exit 99;']
[2023-05-30T10:58:08.632+0000] {subprocess.py:86} INFO - Output:
[2023-05-30T10:58:08.635+0000] {subprocess.py:93} INFO - hello world
[2023-05-30T10:58:08.637+0000] {subprocess.py:97} INFO - Command exited with return code 99
[2023-05-30T10:58:08.641+0000] {taskinstance.py:1402} INFO - Bash command returned exit code 99. Skipping.
[2023-05-30T10:58:08.662+0000] {taskinstance.py:1327} INFO - Marking task as SKIPPED. dag_id=example_bash_operator, task_id=this_will_skip, execution_date=20230529T000000, start_date=20230530T105808, end_date=20230530T105808
[2023-05-30T10:58:08.728+0000] {local_task_job.py:159} INFO - Task exited with return code 0
[2023-05-30T10:58:08.779+0000] {taskinstance.py:2582} INFO - 0 downstream tasks scheduled from follow-on schedule check
