[2023-05-30T11:31:41.029+0000] {taskinstance.py:1087} INFO - Dependencies all met for <TaskInstance: our_first_dag_v5.thrid_task scheduled__2022-02-22T00:00:00+00:00 [queued]>
[2023-05-30T11:31:41.063+0000] {taskinstance.py:1087} INFO - Dependencies all met for <TaskInstance: our_first_dag_v5.thrid_task scheduled__2022-02-22T00:00:00+00:00 [queued]>
[2023-05-30T11:31:41.068+0000] {taskinstance.py:1283} INFO - 
--------------------------------------------------------------------------------
[2023-05-30T11:31:41.070+0000] {taskinstance.py:1284} INFO - Starting attempt 1 of 6
[2023-05-30T11:31:41.073+0000] {taskinstance.py:1285} INFO - 
--------------------------------------------------------------------------------
[2023-05-30T11:31:41.117+0000] {taskinstance.py:1304} INFO - Executing <Task(BashOperator): thrid_task> on 2022-02-22 00:00:00+00:00
[2023-05-30T11:31:41.131+0000] {standard_task_runner.py:55} INFO - Started process 3756 to run task
[2023-05-30T11:31:41.158+0000] {standard_task_runner.py:82} INFO - Running: ['***', 'tasks', 'run', 'our_first_dag_v5', 'thrid_task', 'scheduled__2022-02-22T00:00:00+00:00', '--job-id', '630', '--raw', '--subdir', 'DAGS_FOLDER/first_Dag.py', '--cfg-path', '/tmp/tmpnfq0fjd7']
[2023-05-30T11:31:41.163+0000] {standard_task_runner.py:83} INFO - Job 630: Subtask thrid_task
[2023-05-30T11:31:41.379+0000] {task_command.py:389} INFO - Running <TaskInstance: our_first_dag_v5.thrid_task scheduled__2022-02-22T00:00:00+00:00 [running]> on host 49219f98c96e
[2023-05-30T11:31:41.591+0000] {taskinstance.py:1513} INFO - Exporting the following env vars:
AIRFLOW_CTX_DAG_OWNER=coder2j
AIRFLOW_CTX_DAG_ID=our_first_dag_v5
AIRFLOW_CTX_TASK_ID=thrid_task
AIRFLOW_CTX_EXECUTION_DATE=2022-02-22T00:00:00+00:00
AIRFLOW_CTX_TRY_NUMBER=1
AIRFLOW_CTX_DAG_RUN_ID=scheduled__2022-02-22T00:00:00+00:00
[2023-05-30T11:31:41.599+0000] {subprocess.py:63} INFO - Tmp dir root location: 
 /tmp
[2023-05-30T11:31:41.603+0000] {subprocess.py:75} INFO - Running command: ['/bin/bash', '-c', 'echo hey, I am task3 and will be running after task1 at the same time as task2!']
[2023-05-30T11:31:41.642+0000] {subprocess.py:86} INFO - Output:
[2023-05-30T11:31:41.645+0000] {subprocess.py:93} INFO - hey, I am task3 and will be running after task1 at the same time as task2!
[2023-05-30T11:31:41.649+0000] {subprocess.py:97} INFO - Command exited with return code 0
[2023-05-30T11:31:41.743+0000] {taskinstance.py:1327} INFO - Marking task as SUCCESS. dag_id=our_first_dag_v5, task_id=thrid_task, execution_date=20220222T000000, start_date=20230530T113141, end_date=20230530T113141
[2023-05-30T11:31:41.813+0000] {local_task_job.py:159} INFO - Task exited with return code 0
[2023-05-30T11:31:41.943+0000] {taskinstance.py:2582} INFO - 0 downstream tasks scheduled from follow-on schedule check
[2023-06-07T06:39:27.798+0000] {taskinstance.py:1087} INFO - Dependencies all met for <TaskInstance: our_first_dag_v5.thrid_task scheduled__2022-02-22T00:00:00+00:00 [queued]>
[2023-06-07T06:39:27.939+0000] {taskinstance.py:1087} INFO - Dependencies all met for <TaskInstance: our_first_dag_v5.thrid_task scheduled__2022-02-22T00:00:00+00:00 [queued]>
[2023-06-07T06:39:27.944+0000] {taskinstance.py:1283} INFO - 
--------------------------------------------------------------------------------
[2023-06-07T06:39:27.948+0000] {taskinstance.py:1284} INFO - Starting attempt 1 of 6
[2023-06-07T06:39:27.950+0000] {taskinstance.py:1285} INFO - 
--------------------------------------------------------------------------------
[2023-06-07T06:39:28.347+0000] {taskinstance.py:1304} INFO - Executing <Task(BashOperator): thrid_task> on 2022-02-22 00:00:00+00:00
[2023-06-07T06:39:28.431+0000] {standard_task_runner.py:55} INFO - Started process 3926 to run task
[2023-06-07T06:39:28.509+0000] {standard_task_runner.py:82} INFO - Running: ['***', 'tasks', 'run', 'our_first_dag_v5', 'thrid_task', 'scheduled__2022-02-22T00:00:00+00:00', '--job-id', '2267', '--raw', '--subdir', 'DAGS_FOLDER/first_Dag.py', '--cfg-path', '/tmp/tmpdh2qm4jb']
[2023-06-07T06:39:28.516+0000] {standard_task_runner.py:83} INFO - Job 2267: Subtask thrid_task
[2023-06-07T06:39:29.225+0000] {task_command.py:389} INFO - Running <TaskInstance: our_first_dag_v5.thrid_task scheduled__2022-02-22T00:00:00+00:00 [running]> on host 026ed797f3b3
[2023-06-07T06:39:29.590+0000] {taskinstance.py:1513} INFO - Exporting the following env vars:
AIRFLOW_CTX_DAG_OWNER=coder2j
AIRFLOW_CTX_DAG_ID=our_first_dag_v5
AIRFLOW_CTX_TASK_ID=thrid_task
AIRFLOW_CTX_EXECUTION_DATE=2022-02-22T00:00:00+00:00
AIRFLOW_CTX_TRY_NUMBER=1
AIRFLOW_CTX_DAG_RUN_ID=scheduled__2022-02-22T00:00:00+00:00
[2023-06-07T06:39:29.593+0000] {subprocess.py:63} INFO - Tmp dir root location: 
 /tmp
[2023-06-07T06:39:29.604+0000] {subprocess.py:75} INFO - Running command: ['/bin/bash', '-c', 'echo hey, I am task3 and will be running after task1 at the same time as task2!']
[2023-06-07T06:39:29.706+0000] {subprocess.py:86} INFO - Output:
[2023-06-07T06:39:29.744+0000] {subprocess.py:93} INFO - hey, I am task3 and will be running after task1 at the same time as task2!
[2023-06-07T06:39:29.752+0000] {subprocess.py:97} INFO - Command exited with return code 0
[2023-06-07T06:39:29.929+0000] {taskinstance.py:1327} INFO - Marking task as SUCCESS. dag_id=our_first_dag_v5, task_id=thrid_task, execution_date=20220222T000000, start_date=20230607T063927, end_date=20230607T063929
[2023-06-07T06:39:30.151+0000] {local_task_job.py:159} INFO - Task exited with return code 0
[2023-06-07T06:39:30.331+0000] {taskinstance.py:2582} INFO - 0 downstream tasks scheduled from follow-on schedule check
