[2023-05-30T12:32:09.219+0000] {taskinstance.py:1087} INFO - Dependencies all met for <TaskInstance: our_dag_with_python_operator_v07.get_name scheduled__2022-01-31T00:00:00+00:00 [queued]>
[2023-05-30T12:32:09.281+0000] {taskinstance.py:1087} INFO - Dependencies all met for <TaskInstance: our_dag_with_python_operator_v07.get_name scheduled__2022-01-31T00:00:00+00:00 [queued]>
[2023-05-30T12:32:09.288+0000] {taskinstance.py:1283} INFO - 
--------------------------------------------------------------------------------
[2023-05-30T12:32:09.289+0000] {taskinstance.py:1284} INFO - Starting attempt 1 of 6
[2023-05-30T12:32:09.291+0000] {taskinstance.py:1285} INFO - 
--------------------------------------------------------------------------------
[2023-05-30T12:32:09.362+0000] {taskinstance.py:1304} INFO - Executing <Task(PythonOperator): get_name> on 2022-01-31 00:00:00+00:00
[2023-05-30T12:32:09.393+0000] {standard_task_runner.py:55} INFO - Started process 9977 to run task
[2023-05-30T12:32:09.408+0000] {standard_task_runner.py:82} INFO - Running: ['***', 'tasks', 'run', 'our_dag_with_python_operator_v07', 'get_name', 'scheduled__2022-01-31T00:00:00+00:00', '--job-id', '1466', '--raw', '--subdir', 'DAGS_FOLDER/dag_python_opr.py', '--cfg-path', '/tmp/tmp6ecvagu4']
[2023-05-30T12:32:09.411+0000] {standard_task_runner.py:83} INFO - Job 1466: Subtask get_name
[2023-05-30T12:32:09.643+0000] {task_command.py:389} INFO - Running <TaskInstance: our_dag_with_python_operator_v07.get_name scheduled__2022-01-31T00:00:00+00:00 [running]> on host 49219f98c96e
[2023-05-30T12:32:09.898+0000] {taskinstance.py:1513} INFO - Exporting the following env vars:
AIRFLOW_CTX_DAG_OWNER=coder2j
AIRFLOW_CTX_DAG_ID=our_dag_with_python_operator_v07
AIRFLOW_CTX_TASK_ID=get_name
AIRFLOW_CTX_EXECUTION_DATE=2022-01-31T00:00:00+00:00
AIRFLOW_CTX_TRY_NUMBER=1
AIRFLOW_CTX_DAG_RUN_ID=scheduled__2022-01-31T00:00:00+00:00
[2023-05-30T12:32:10.001+0000] {python.py:177} INFO - Done. Returned value was: None
[2023-05-30T12:32:10.039+0000] {taskinstance.py:1327} INFO - Marking task as SUCCESS. dag_id=our_dag_with_python_operator_v07, task_id=get_name, execution_date=20220131T000000, start_date=20230530T123209, end_date=20230530T123210
[2023-05-30T12:32:10.169+0000] {local_task_job.py:159} INFO - Task exited with return code 0
[2023-05-30T12:32:10.269+0000] {taskinstance.py:2582} INFO - 1 downstream tasks scheduled from follow-on schedule check
[2023-06-07T06:34:58.639+0000] {taskinstance.py:1087} INFO - Dependencies all met for <TaskInstance: our_dag_with_python_operator_v07.get_name scheduled__2022-01-31T00:00:00+00:00 [queued]>
[2023-06-07T06:34:58.730+0000] {taskinstance.py:1087} INFO - Dependencies all met for <TaskInstance: our_dag_with_python_operator_v07.get_name scheduled__2022-01-31T00:00:00+00:00 [queued]>
[2023-06-07T06:34:58.738+0000] {taskinstance.py:1283} INFO - 
--------------------------------------------------------------------------------
[2023-06-07T06:34:58.749+0000] {taskinstance.py:1284} INFO - Starting attempt 1 of 6
[2023-06-07T06:34:58.759+0000] {taskinstance.py:1285} INFO - 
--------------------------------------------------------------------------------
[2023-06-07T06:34:58.960+0000] {taskinstance.py:1304} INFO - Executing <Task(PythonOperator): get_name> on 2022-01-31 00:00:00+00:00
[2023-06-07T06:34:59.021+0000] {standard_task_runner.py:82} INFO - Running: ['***', 'tasks', 'run', 'our_dag_with_python_operator_v07', 'get_name', 'scheduled__2022-01-31T00:00:00+00:00', '--job-id', '1649', '--raw', '--subdir', 'DAGS_FOLDER/dag_python_opr.py', '--cfg-path', '/tmp/tmpgj_anw44']
[2023-06-07T06:34:59.009+0000] {standard_task_runner.py:55} INFO - Started process 2191 to run task
[2023-06-07T06:34:59.030+0000] {standard_task_runner.py:83} INFO - Job 1649: Subtask get_name
[2023-06-07T06:34:59.874+0000] {task_command.py:389} INFO - Running <TaskInstance: our_dag_with_python_operator_v07.get_name scheduled__2022-01-31T00:00:00+00:00 [running]> on host 026ed797f3b3
[2023-06-07T06:35:01.271+0000] {taskinstance.py:1513} INFO - Exporting the following env vars:
AIRFLOW_CTX_DAG_OWNER=coder2j
AIRFLOW_CTX_DAG_ID=our_dag_with_python_operator_v07
AIRFLOW_CTX_TASK_ID=get_name
AIRFLOW_CTX_EXECUTION_DATE=2022-01-31T00:00:00+00:00
AIRFLOW_CTX_TRY_NUMBER=1
AIRFLOW_CTX_DAG_RUN_ID=scheduled__2022-01-31T00:00:00+00:00
[2023-06-07T06:35:01.448+0000] {python.py:177} INFO - Done. Returned value was: None
[2023-06-07T06:35:01.523+0000] {taskinstance.py:1327} INFO - Marking task as SUCCESS. dag_id=our_dag_with_python_operator_v07, task_id=get_name, execution_date=20220131T000000, start_date=20230607T063458, end_date=20230607T063501
[2023-06-07T06:35:01.613+0000] {local_task_job.py:159} INFO - Task exited with return code 0
[2023-06-07T06:35:01.819+0000] {taskinstance.py:2582} INFO - 1 downstream tasks scheduled from follow-on schedule check
