[2023-05-30T11:36:48.758+0000] {taskinstance.py:1087} INFO - Dependencies all met for <TaskInstance: our_dag_with_python_operator_v07.get_age scheduled__2021-11-03T00:00:00+00:00 [queued]>
[2023-05-30T11:36:48.791+0000] {taskinstance.py:1087} INFO - Dependencies all met for <TaskInstance: our_dag_with_python_operator_v07.get_age scheduled__2021-11-03T00:00:00+00:00 [queued]>
[2023-05-30T11:36:48.793+0000] {taskinstance.py:1283} INFO - 
--------------------------------------------------------------------------------
[2023-05-30T11:36:48.794+0000] {taskinstance.py:1284} INFO - Starting attempt 1 of 6
[2023-05-30T11:36:48.796+0000] {taskinstance.py:1285} INFO - 
--------------------------------------------------------------------------------
[2023-05-30T11:36:48.881+0000] {taskinstance.py:1304} INFO - Executing <Task(PythonOperator): get_age> on 2021-11-03 00:00:00+00:00
[2023-05-30T11:36:48.910+0000] {standard_task_runner.py:55} INFO - Started process 5687 to run task
[2023-05-30T11:36:48.936+0000] {standard_task_runner.py:82} INFO - Running: ['***', 'tasks', 'run', 'our_dag_with_python_operator_v07', 'get_age', 'scheduled__2021-11-03T00:00:00+00:00', '--job-id', '1197', '--raw', '--subdir', 'DAGS_FOLDER/dag_python_opr.py', '--cfg-path', '/tmp/tmp3lcbjxeh']
[2023-05-30T11:36:48.938+0000] {standard_task_runner.py:83} INFO - Job 1197: Subtask get_age
[2023-05-30T11:36:49.152+0000] {task_command.py:389} INFO - Running <TaskInstance: our_dag_with_python_operator_v07.get_age scheduled__2021-11-03T00:00:00+00:00 [running]> on host 49219f98c96e
[2023-05-30T11:36:49.334+0000] {taskinstance.py:1513} INFO - Exporting the following env vars:
AIRFLOW_CTX_DAG_OWNER=coder2j
AIRFLOW_CTX_DAG_ID=our_dag_with_python_operator_v07
AIRFLOW_CTX_TASK_ID=get_age
AIRFLOW_CTX_EXECUTION_DATE=2021-11-03T00:00:00+00:00
AIRFLOW_CTX_TRY_NUMBER=1
AIRFLOW_CTX_DAG_RUN_ID=scheduled__2021-11-03T00:00:00+00:00
[2023-05-30T11:36:49.378+0000] {python.py:177} INFO - Done. Returned value was: None
[2023-05-30T11:36:49.421+0000] {taskinstance.py:1327} INFO - Marking task as SUCCESS. dag_id=our_dag_with_python_operator_v07, task_id=get_age, execution_date=20211103T000000, start_date=20230530T113648, end_date=20230530T113649
[2023-05-30T11:36:49.470+0000] {local_task_job.py:159} INFO - Task exited with return code 0
[2023-05-30T11:36:49.505+0000] {taskinstance.py:2582} INFO - 1 downstream tasks scheduled from follow-on schedule check
[2023-06-07T06:31:42.694+0000] {taskinstance.py:1087} INFO - Dependencies all met for <TaskInstance: our_dag_with_python_operator_v07.get_age scheduled__2021-11-03T00:00:00+00:00 [queued]>
[2023-06-07T06:31:42.807+0000] {taskinstance.py:1087} INFO - Dependencies all met for <TaskInstance: our_dag_with_python_operator_v07.get_age scheduled__2021-11-03T00:00:00+00:00 [queued]>
[2023-06-07T06:31:42.810+0000] {taskinstance.py:1283} INFO - 
--------------------------------------------------------------------------------
[2023-06-07T06:31:42.813+0000] {taskinstance.py:1284} INFO - Starting attempt 1 of 6
[2023-06-07T06:31:42.819+0000] {taskinstance.py:1285} INFO - 
--------------------------------------------------------------------------------
[2023-06-07T06:31:43.009+0000] {taskinstance.py:1304} INFO - Executing <Task(PythonOperator): get_age> on 2021-11-03 00:00:00+00:00
[2023-06-07T06:31:43.077+0000] {standard_task_runner.py:55} INFO - Started process 800 to run task
[2023-06-07T06:31:43.142+0000] {standard_task_runner.py:82} INFO - Running: ['***', 'tasks', 'run', 'our_dag_with_python_operator_v07', 'get_age', 'scheduled__2021-11-03T00:00:00+00:00', '--job-id', '1138', '--raw', '--subdir', 'DAGS_FOLDER/dag_python_opr.py', '--cfg-path', '/tmp/tmpnu9gr6kh']
[2023-06-07T06:31:43.144+0000] {standard_task_runner.py:83} INFO - Job 1138: Subtask get_age
[2023-06-07T06:31:44.446+0000] {task_command.py:389} INFO - Running <TaskInstance: our_dag_with_python_operator_v07.get_age scheduled__2021-11-03T00:00:00+00:00 [running]> on host 026ed797f3b3
[2023-06-07T06:31:45.565+0000] {taskinstance.py:1513} INFO - Exporting the following env vars:
AIRFLOW_CTX_DAG_OWNER=coder2j
AIRFLOW_CTX_DAG_ID=our_dag_with_python_operator_v07
AIRFLOW_CTX_TASK_ID=get_age
AIRFLOW_CTX_EXECUTION_DATE=2021-11-03T00:00:00+00:00
AIRFLOW_CTX_TRY_NUMBER=1
AIRFLOW_CTX_DAG_RUN_ID=scheduled__2021-11-03T00:00:00+00:00
[2023-06-07T06:31:45.670+0000] {python.py:177} INFO - Done. Returned value was: None
[2023-06-07T06:31:45.783+0000] {taskinstance.py:1327} INFO - Marking task as SUCCESS. dag_id=our_dag_with_python_operator_v07, task_id=get_age, execution_date=20211103T000000, start_date=20230607T063142, end_date=20230607T063145
[2023-06-07T06:31:45.987+0000] {local_task_job.py:159} INFO - Task exited with return code 0
[2023-06-07T06:31:46.615+0000] {taskinstance.py:2582} INFO - 0 downstream tasks scheduled from follow-on schedule check
