[2023-05-30T12:34:07.831+0000] {taskinstance.py:1087} INFO - Dependencies all met for <TaskInstance: our_dag_with_python_operator_v07.get_name scheduled__2022-05-18T00:00:00+00:00 [queued]>
[2023-05-30T12:34:07.866+0000] {taskinstance.py:1087} INFO - Dependencies all met for <TaskInstance: our_dag_with_python_operator_v07.get_name scheduled__2022-05-18T00:00:00+00:00 [queued]>
[2023-05-30T12:34:07.868+0000] {taskinstance.py:1283} INFO - 
--------------------------------------------------------------------------------
[2023-05-30T12:34:07.870+0000] {taskinstance.py:1284} INFO - Starting attempt 1 of 6
[2023-05-30T12:34:07.881+0000] {taskinstance.py:1285} INFO - 
--------------------------------------------------------------------------------
[2023-05-30T12:34:07.928+0000] {taskinstance.py:1304} INFO - Executing <Task(PythonOperator): get_name> on 2022-05-18 00:00:00+00:00
[2023-05-30T12:34:07.937+0000] {standard_task_runner.py:55} INFO - Started process 10728 to run task
[2023-05-30T12:34:07.946+0000] {standard_task_runner.py:82} INFO - Running: ['***', 'tasks', 'run', 'our_dag_with_python_operator_v07', 'get_name', 'scheduled__2022-05-18T00:00:00+00:00', '--job-id', '1788', '--raw', '--subdir', 'DAGS_FOLDER/dag_python_opr.py', '--cfg-path', '/tmp/tmphx0lqnfs']
[2023-05-30T12:34:07.948+0000] {standard_task_runner.py:83} INFO - Job 1788: Subtask get_name
[2023-05-30T12:34:08.139+0000] {task_command.py:389} INFO - Running <TaskInstance: our_dag_with_python_operator_v07.get_name scheduled__2022-05-18T00:00:00+00:00 [running]> on host 49219f98c96e
[2023-05-30T12:34:08.392+0000] {taskinstance.py:1513} INFO - Exporting the following env vars:
AIRFLOW_CTX_DAG_OWNER=coder2j
AIRFLOW_CTX_DAG_ID=our_dag_with_python_operator_v07
AIRFLOW_CTX_TASK_ID=get_name
AIRFLOW_CTX_EXECUTION_DATE=2022-05-18T00:00:00+00:00
AIRFLOW_CTX_TRY_NUMBER=1
AIRFLOW_CTX_DAG_RUN_ID=scheduled__2022-05-18T00:00:00+00:00
[2023-05-30T12:34:08.481+0000] {python.py:177} INFO - Done. Returned value was: None
[2023-05-30T12:34:08.513+0000] {taskinstance.py:1327} INFO - Marking task as SUCCESS. dag_id=our_dag_with_python_operator_v07, task_id=get_name, execution_date=20220518T000000, start_date=20230530T123407, end_date=20230530T123408
[2023-05-30T12:34:08.602+0000] {local_task_job.py:159} INFO - Task exited with return code 0
[2023-05-30T12:34:08.734+0000] {taskinstance.py:2582} INFO - 0 downstream tasks scheduled from follow-on schedule check
