[2023-05-30T12:32:13.108+0000] {taskinstance.py:1087} INFO - Dependencies all met for <TaskInstance: our_dag_with_python_operator_v07.greet scheduled__2022-02-01T00:00:00+00:00 [queued]>
[2023-05-30T12:32:13.138+0000] {taskinstance.py:1087} INFO - Dependencies all met for <TaskInstance: our_dag_with_python_operator_v07.greet scheduled__2022-02-01T00:00:00+00:00 [queued]>
[2023-05-30T12:32:13.140+0000] {taskinstance.py:1283} INFO - 
--------------------------------------------------------------------------------
[2023-05-30T12:32:13.142+0000] {taskinstance.py:1284} INFO - Starting attempt 1 of 6
[2023-05-30T12:32:13.143+0000] {taskinstance.py:1285} INFO - 
--------------------------------------------------------------------------------
[2023-05-30T12:32:13.177+0000] {taskinstance.py:1304} INFO - Executing <Task(PythonOperator): greet> on 2022-02-01 00:00:00+00:00
[2023-05-30T12:32:13.185+0000] {standard_task_runner.py:55} INFO - Started process 10003 to run task
[2023-05-30T12:32:13.196+0000] {standard_task_runner.py:82} INFO - Running: ['***', 'tasks', 'run', 'our_dag_with_python_operator_v07', 'greet', 'scheduled__2022-02-01T00:00:00+00:00', '--job-id', '1483', '--raw', '--subdir', 'DAGS_FOLDER/dag_python_opr.py', '--cfg-path', '/tmp/tmpr4vrt31m']
[2023-05-30T12:32:13.199+0000] {standard_task_runner.py:83} INFO - Job 1483: Subtask greet
[2023-05-30T12:32:13.338+0000] {task_command.py:389} INFO - Running <TaskInstance: our_dag_with_python_operator_v07.greet scheduled__2022-02-01T00:00:00+00:00 [running]> on host 49219f98c96e
[2023-05-30T12:32:13.458+0000] {taskinstance.py:1513} INFO - Exporting the following env vars:
AIRFLOW_CTX_DAG_OWNER=coder2j
AIRFLOW_CTX_DAG_ID=our_dag_with_python_operator_v07
AIRFLOW_CTX_TASK_ID=greet
AIRFLOW_CTX_EXECUTION_DATE=2022-02-01T00:00:00+00:00
AIRFLOW_CTX_TRY_NUMBER=1
AIRFLOW_CTX_DAG_RUN_ID=scheduled__2022-02-01T00:00:00+00:00
[2023-05-30T12:32:13.461+0000] {logging_mixin.py:137} INFO - some dict:  {'a': 1, 'b': 2}
[2023-05-30T12:32:13.531+0000] {logging_mixin.py:137} INFO - Hello World! My name is Jerry Fridman, and I am 19 years old!
[2023-05-30T12:32:13.533+0000] {python.py:177} INFO - Done. Returned value was: None
[2023-05-30T12:32:13.556+0000] {taskinstance.py:1327} INFO - Marking task as SUCCESS. dag_id=our_dag_with_python_operator_v07, task_id=greet, execution_date=20220201T000000, start_date=20230530T123213, end_date=20230530T123213
[2023-05-30T12:32:13.656+0000] {local_task_job.py:159} INFO - Task exited with return code 0
[2023-05-30T12:32:13.688+0000] {taskinstance.py:2582} INFO - 0 downstream tasks scheduled from follow-on schedule check
[2023-06-07T06:35:07.449+0000] {taskinstance.py:1087} INFO - Dependencies all met for <TaskInstance: our_dag_with_python_operator_v07.greet scheduled__2022-02-01T00:00:00+00:00 [queued]>
[2023-06-07T06:35:07.541+0000] {taskinstance.py:1087} INFO - Dependencies all met for <TaskInstance: our_dag_with_python_operator_v07.greet scheduled__2022-02-01T00:00:00+00:00 [queued]>
[2023-06-07T06:35:07.544+0000] {taskinstance.py:1283} INFO - 
--------------------------------------------------------------------------------
[2023-06-07T06:35:07.546+0000] {taskinstance.py:1284} INFO - Starting attempt 1 of 6
[2023-06-07T06:35:07.547+0000] {taskinstance.py:1285} INFO - 
--------------------------------------------------------------------------------
[2023-06-07T06:35:07.693+0000] {taskinstance.py:1304} INFO - Executing <Task(PythonOperator): greet> on 2022-02-01 00:00:00+00:00
[2023-06-07T06:35:07.733+0000] {standard_task_runner.py:55} INFO - Started process 2240 to run task
[2023-06-07T06:35:07.805+0000] {standard_task_runner.py:82} INFO - Running: ['***', 'tasks', 'run', 'our_dag_with_python_operator_v07', 'greet', 'scheduled__2022-02-01T00:00:00+00:00', '--job-id', '1667', '--raw', '--subdir', 'DAGS_FOLDER/dag_python_opr.py', '--cfg-path', '/tmp/tmp5luwyqzc']
[2023-06-07T06:35:07.811+0000] {standard_task_runner.py:83} INFO - Job 1667: Subtask greet
[2023-06-07T06:35:08.302+0000] {task_command.py:389} INFO - Running <TaskInstance: our_dag_with_python_operator_v07.greet scheduled__2022-02-01T00:00:00+00:00 [running]> on host 026ed797f3b3
[2023-06-07T06:35:08.602+0000] {taskinstance.py:1513} INFO - Exporting the following env vars:
AIRFLOW_CTX_DAG_OWNER=coder2j
AIRFLOW_CTX_DAG_ID=our_dag_with_python_operator_v07
AIRFLOW_CTX_TASK_ID=greet
AIRFLOW_CTX_EXECUTION_DATE=2022-02-01T00:00:00+00:00
AIRFLOW_CTX_TRY_NUMBER=1
AIRFLOW_CTX_DAG_RUN_ID=scheduled__2022-02-01T00:00:00+00:00
[2023-06-07T06:35:08.607+0000] {logging_mixin.py:137} INFO - some dict:  {'a': 1, 'b': 2}
[2023-06-07T06:35:08.726+0000] {logging_mixin.py:137} INFO - Hello World! My name is Jerry Fridman, and I am 19 years old!
[2023-06-07T06:35:08.728+0000] {python.py:177} INFO - Done. Returned value was: None
[2023-06-07T06:35:08.767+0000] {taskinstance.py:1327} INFO - Marking task as SUCCESS. dag_id=our_dag_with_python_operator_v07, task_id=greet, execution_date=20220201T000000, start_date=20230607T063507, end_date=20230607T063508
[2023-06-07T06:35:08.877+0000] {local_task_job.py:159} INFO - Task exited with return code 0
[2023-06-07T06:35:08.954+0000] {taskinstance.py:2582} INFO - 0 downstream tasks scheduled from follow-on schedule check
