[2023-05-30T12:34:03.368+0000] {taskinstance.py:1087} INFO - Dependencies all met for <TaskInstance: our_dag_with_python_operator_v07.greet scheduled__2022-05-13T00:00:00+00:00 [queued]>
[2023-05-30T12:34:03.383+0000] {taskinstance.py:1087} INFO - Dependencies all met for <TaskInstance: our_dag_with_python_operator_v07.greet scheduled__2022-05-13T00:00:00+00:00 [queued]>
[2023-05-30T12:34:03.385+0000] {taskinstance.py:1283} INFO - 
--------------------------------------------------------------------------------
[2023-05-30T12:34:03.386+0000] {taskinstance.py:1284} INFO - Starting attempt 1 of 6
[2023-05-30T12:34:03.388+0000] {taskinstance.py:1285} INFO - 
--------------------------------------------------------------------------------
[2023-05-30T12:34:03.409+0000] {taskinstance.py:1304} INFO - Executing <Task(PythonOperator): greet> on 2022-05-13 00:00:00+00:00
[2023-05-30T12:34:03.416+0000] {standard_task_runner.py:55} INFO - Started process 10707 to run task
[2023-05-30T12:34:03.422+0000] {standard_task_runner.py:82} INFO - Running: ['***', 'tasks', 'run', 'our_dag_with_python_operator_v07', 'greet', 'scheduled__2022-05-13T00:00:00+00:00', '--job-id', '1780', '--raw', '--subdir', 'DAGS_FOLDER/dag_python_opr.py', '--cfg-path', '/tmp/tmp8pv55vzm']
[2023-05-30T12:34:03.424+0000] {standard_task_runner.py:83} INFO - Job 1780: Subtask greet
[2023-05-30T12:34:03.531+0000] {task_command.py:389} INFO - Running <TaskInstance: our_dag_with_python_operator_v07.greet scheduled__2022-05-13T00:00:00+00:00 [running]> on host 49219f98c96e
[2023-05-30T12:34:03.650+0000] {taskinstance.py:1513} INFO - Exporting the following env vars:
AIRFLOW_CTX_DAG_OWNER=coder2j
AIRFLOW_CTX_DAG_ID=our_dag_with_python_operator_v07
AIRFLOW_CTX_TASK_ID=greet
AIRFLOW_CTX_EXECUTION_DATE=2022-05-13T00:00:00+00:00
AIRFLOW_CTX_TRY_NUMBER=1
AIRFLOW_CTX_DAG_RUN_ID=scheduled__2022-05-13T00:00:00+00:00
[2023-05-30T12:34:03.653+0000] {logging_mixin.py:137} INFO - some dict:  {'a': 1, 'b': 2}
[2023-05-30T12:34:03.697+0000] {logging_mixin.py:137} INFO - Hello World! My name is Jerry Fridman, and I am 19 years old!
[2023-05-30T12:34:03.700+0000] {python.py:177} INFO - Done. Returned value was: None
[2023-05-30T12:34:03.716+0000] {taskinstance.py:1327} INFO - Marking task as SUCCESS. dag_id=our_dag_with_python_operator_v07, task_id=greet, execution_date=20220513T000000, start_date=20230530T123403, end_date=20230530T123403
[2023-05-30T12:34:03.760+0000] {local_task_job.py:159} INFO - Task exited with return code 0
[2023-05-30T12:34:03.789+0000] {taskinstance.py:2582} INFO - 0 downstream tasks scheduled from follow-on schedule check
[2023-06-07T06:39:38.773+0000] {taskinstance.py:1087} INFO - Dependencies all met for <TaskInstance: our_dag_with_python_operator_v07.greet scheduled__2022-05-13T00:00:00+00:00 [queued]>
[2023-06-07T06:39:38.967+0000] {taskinstance.py:1087} INFO - Dependencies all met for <TaskInstance: our_dag_with_python_operator_v07.greet scheduled__2022-05-13T00:00:00+00:00 [queued]>
[2023-06-07T06:39:38.970+0000] {taskinstance.py:1283} INFO - 
--------------------------------------------------------------------------------
[2023-06-07T06:39:38.980+0000] {taskinstance.py:1284} INFO - Starting attempt 1 of 6
[2023-06-07T06:39:38.982+0000] {taskinstance.py:1285} INFO - 
--------------------------------------------------------------------------------
[2023-06-07T06:39:39.341+0000] {taskinstance.py:1304} INFO - Executing <Task(PythonOperator): greet> on 2022-05-13 00:00:00+00:00
[2023-06-07T06:39:39.385+0000] {standard_task_runner.py:55} INFO - Started process 3990 to run task
[2023-06-07T06:39:39.409+0000] {standard_task_runner.py:82} INFO - Running: ['***', 'tasks', 'run', 'our_dag_with_python_operator_v07', 'greet', 'scheduled__2022-05-13T00:00:00+00:00', '--job-id', '2290', '--raw', '--subdir', 'DAGS_FOLDER/dag_python_opr.py', '--cfg-path', '/tmp/tmpahdvhk4o']
[2023-06-07T06:39:39.418+0000] {standard_task_runner.py:83} INFO - Job 2290: Subtask greet
[2023-06-07T06:39:39.915+0000] {task_command.py:389} INFO - Running <TaskInstance: our_dag_with_python_operator_v07.greet scheduled__2022-05-13T00:00:00+00:00 [running]> on host 026ed797f3b3
[2023-06-07T06:39:40.797+0000] {taskinstance.py:1513} INFO - Exporting the following env vars:
AIRFLOW_CTX_DAG_OWNER=coder2j
AIRFLOW_CTX_DAG_ID=our_dag_with_python_operator_v07
AIRFLOW_CTX_TASK_ID=greet
AIRFLOW_CTX_EXECUTION_DATE=2022-05-13T00:00:00+00:00
AIRFLOW_CTX_TRY_NUMBER=1
AIRFLOW_CTX_DAG_RUN_ID=scheduled__2022-05-13T00:00:00+00:00
[2023-06-07T06:39:40.823+0000] {logging_mixin.py:137} INFO - some dict:  {'a': 1, 'b': 2}
[2023-06-07T06:39:41.007+0000] {logging_mixin.py:137} INFO - Hello World! My name is Jerry Fridman, and I am 19 years old!
[2023-06-07T06:39:41.013+0000] {python.py:177} INFO - Done. Returned value was: None
[2023-06-07T06:39:41.060+0000] {taskinstance.py:1327} INFO - Marking task as SUCCESS. dag_id=our_dag_with_python_operator_v07, task_id=greet, execution_date=20220513T000000, start_date=20230607T063938, end_date=20230607T063941
[2023-06-07T06:39:41.235+0000] {local_task_job.py:159} INFO - Task exited with return code 0
[2023-06-07T06:39:41.637+0000] {taskinstance.py:2582} INFO - 0 downstream tasks scheduled from follow-on schedule check
