[2023-05-30T11:37:44.623+0000] {taskinstance.py:1087} INFO - Dependencies all met for <TaskInstance: our_dag_with_python_operator_v07.get_age scheduled__2021-12-27T00:00:00+00:00 [queued]>
[2023-05-30T11:37:44.653+0000] {taskinstance.py:1087} INFO - Dependencies all met for <TaskInstance: our_dag_with_python_operator_v07.get_age scheduled__2021-12-27T00:00:00+00:00 [queued]>
[2023-05-30T11:37:44.655+0000] {taskinstance.py:1283} INFO - 
--------------------------------------------------------------------------------
[2023-05-30T11:37:44.657+0000] {taskinstance.py:1284} INFO - Starting attempt 1 of 6
[2023-05-30T11:37:44.659+0000] {taskinstance.py:1285} INFO - 
--------------------------------------------------------------------------------
[2023-05-30T11:37:44.734+0000] {taskinstance.py:1304} INFO - Executing <Task(PythonOperator): get_age> on 2021-12-27 00:00:00+00:00
[2023-05-30T11:37:44.747+0000] {standard_task_runner.py:55} INFO - Started process 6062 to run task
[2023-05-30T11:37:44.789+0000] {standard_task_runner.py:82} INFO - Running: ['***', 'tasks', 'run', 'our_dag_with_python_operator_v07', 'get_age', 'scheduled__2021-12-27T00:00:00+00:00', '--job-id', '1359', '--raw', '--subdir', 'DAGS_FOLDER/dag_python_opr.py', '--cfg-path', '/tmp/tmpjnkpr5ag']
[2023-05-30T11:37:44.808+0000] {standard_task_runner.py:83} INFO - Job 1359: Subtask get_age
[2023-05-30T11:37:45.152+0000] {task_command.py:389} INFO - Running <TaskInstance: our_dag_with_python_operator_v07.get_age scheduled__2021-12-27T00:00:00+00:00 [running]> on host 49219f98c96e
[2023-05-30T11:37:45.490+0000] {taskinstance.py:1513} INFO - Exporting the following env vars:
AIRFLOW_CTX_DAG_OWNER=coder2j
AIRFLOW_CTX_DAG_ID=our_dag_with_python_operator_v07
AIRFLOW_CTX_TASK_ID=get_age
AIRFLOW_CTX_EXECUTION_DATE=2021-12-27T00:00:00+00:00
AIRFLOW_CTX_TRY_NUMBER=1
AIRFLOW_CTX_DAG_RUN_ID=scheduled__2021-12-27T00:00:00+00:00
[2023-05-30T11:37:45.559+0000] {python.py:177} INFO - Done. Returned value was: None
[2023-05-30T11:37:45.588+0000] {taskinstance.py:1327} INFO - Marking task as SUCCESS. dag_id=our_dag_with_python_operator_v07, task_id=get_age, execution_date=20211227T000000, start_date=20230530T113744, end_date=20230530T113745
[2023-05-30T11:37:45.708+0000] {local_task_job.py:159} INFO - Task exited with return code 0
[2023-05-30T11:37:45.853+0000] {taskinstance.py:2582} INFO - 0 downstream tasks scheduled from follow-on schedule check
[2023-06-07T06:33:36.351+0000] {taskinstance.py:1087} INFO - Dependencies all met for <TaskInstance: our_dag_with_python_operator_v07.get_age scheduled__2021-12-27T00:00:00+00:00 [queued]>
[2023-06-07T06:33:36.394+0000] {taskinstance.py:1087} INFO - Dependencies all met for <TaskInstance: our_dag_with_python_operator_v07.get_age scheduled__2021-12-27T00:00:00+00:00 [queued]>
[2023-06-07T06:33:36.397+0000] {taskinstance.py:1283} INFO - 
--------------------------------------------------------------------------------
[2023-06-07T06:33:36.404+0000] {taskinstance.py:1284} INFO - Starting attempt 1 of 6
[2023-06-07T06:33:36.408+0000] {taskinstance.py:1285} INFO - 
--------------------------------------------------------------------------------
[2023-06-07T06:33:36.502+0000] {taskinstance.py:1304} INFO - Executing <Task(PythonOperator): get_age> on 2021-12-27 00:00:00+00:00
[2023-06-07T06:33:36.536+0000] {standard_task_runner.py:55} INFO - Started process 1656 to run task
[2023-06-07T06:33:36.563+0000] {standard_task_runner.py:82} INFO - Running: ['***', 'tasks', 'run', 'our_dag_with_python_operator_v07', 'get_age', 'scheduled__2021-12-27T00:00:00+00:00', '--job-id', '1452', '--raw', '--subdir', 'DAGS_FOLDER/dag_python_opr.py', '--cfg-path', '/tmp/tmpefmcm_dz']
[2023-06-07T06:33:36.575+0000] {standard_task_runner.py:83} INFO - Job 1452: Subtask get_age
[2023-06-07T06:33:36.818+0000] {task_command.py:389} INFO - Running <TaskInstance: our_dag_with_python_operator_v07.get_age scheduled__2021-12-27T00:00:00+00:00 [running]> on host 026ed797f3b3
[2023-06-07T06:33:37.314+0000] {taskinstance.py:1513} INFO - Exporting the following env vars:
AIRFLOW_CTX_DAG_OWNER=coder2j
AIRFLOW_CTX_DAG_ID=our_dag_with_python_operator_v07
AIRFLOW_CTX_TASK_ID=get_age
AIRFLOW_CTX_EXECUTION_DATE=2021-12-27T00:00:00+00:00
AIRFLOW_CTX_TRY_NUMBER=1
AIRFLOW_CTX_DAG_RUN_ID=scheduled__2021-12-27T00:00:00+00:00
[2023-06-07T06:33:37.369+0000] {python.py:177} INFO - Done. Returned value was: None
[2023-06-07T06:33:37.430+0000] {taskinstance.py:1327} INFO - Marking task as SUCCESS. dag_id=our_dag_with_python_operator_v07, task_id=get_age, execution_date=20211227T000000, start_date=20230607T063336, end_date=20230607T063337
[2023-06-07T06:33:37.544+0000] {local_task_job.py:159} INFO - Task exited with return code 0
[2023-06-07T06:33:37.759+0000] {taskinstance.py:2582} INFO - 0 downstream tasks scheduled from follow-on schedule check
