[2023-05-30T11:37:24.231+0000] {taskinstance.py:1087} INFO - Dependencies all met for <TaskInstance: our_dag_with_python_operator_v07.get_age scheduled__2021-12-07T00:00:00+00:00 [queued]>
[2023-05-30T11:37:24.279+0000] {taskinstance.py:1087} INFO - Dependencies all met for <TaskInstance: our_dag_with_python_operator_v07.get_age scheduled__2021-12-07T00:00:00+00:00 [queued]>
[2023-05-30T11:37:24.313+0000] {taskinstance.py:1283} INFO - 
--------------------------------------------------------------------------------
[2023-05-30T11:37:24.314+0000] {taskinstance.py:1284} INFO - Starting attempt 1 of 6
[2023-05-30T11:37:24.316+0000] {taskinstance.py:1285} INFO - 
--------------------------------------------------------------------------------
[2023-05-30T11:37:24.373+0000] {taskinstance.py:1304} INFO - Executing <Task(PythonOperator): get_age> on 2021-12-07 00:00:00+00:00
[2023-05-30T11:37:24.388+0000] {standard_task_runner.py:55} INFO - Started process 5916 to run task
[2023-05-30T11:37:24.407+0000] {standard_task_runner.py:82} INFO - Running: ['***', 'tasks', 'run', 'our_dag_with_python_operator_v07', 'get_age', 'scheduled__2021-12-07T00:00:00+00:00', '--job-id', '1297', '--raw', '--subdir', 'DAGS_FOLDER/dag_python_opr.py', '--cfg-path', '/tmp/tmpvpnarx9_']
[2023-05-30T11:37:24.414+0000] {standard_task_runner.py:83} INFO - Job 1297: Subtask get_age
[2023-05-30T11:37:24.844+0000] {task_command.py:389} INFO - Running <TaskInstance: our_dag_with_python_operator_v07.get_age scheduled__2021-12-07T00:00:00+00:00 [running]> on host 49219f98c96e
[2023-05-30T11:37:25.141+0000] {taskinstance.py:1513} INFO - Exporting the following env vars:
AIRFLOW_CTX_DAG_OWNER=coder2j
AIRFLOW_CTX_DAG_ID=our_dag_with_python_operator_v07
AIRFLOW_CTX_TASK_ID=get_age
AIRFLOW_CTX_EXECUTION_DATE=2021-12-07T00:00:00+00:00
AIRFLOW_CTX_TRY_NUMBER=1
AIRFLOW_CTX_DAG_RUN_ID=scheduled__2021-12-07T00:00:00+00:00
[2023-05-30T11:37:25.188+0000] {python.py:177} INFO - Done. Returned value was: None
[2023-05-30T11:37:25.234+0000] {taskinstance.py:1327} INFO - Marking task as SUCCESS. dag_id=our_dag_with_python_operator_v07, task_id=get_age, execution_date=20211207T000000, start_date=20230530T113724, end_date=20230530T113725
[2023-05-30T11:37:25.328+0000] {local_task_job.py:159} INFO - Task exited with return code 0
[2023-05-30T11:37:25.418+0000] {taskinstance.py:2582} INFO - 0 downstream tasks scheduled from follow-on schedule check
[2023-06-07T06:32:54.896+0000] {taskinstance.py:1087} INFO - Dependencies all met for <TaskInstance: our_dag_with_python_operator_v07.get_age scheduled__2021-12-07T00:00:00+00:00 [queued]>
[2023-06-07T06:32:54.977+0000] {taskinstance.py:1087} INFO - Dependencies all met for <TaskInstance: our_dag_with_python_operator_v07.get_age scheduled__2021-12-07T00:00:00+00:00 [queued]>
[2023-06-07T06:32:54.986+0000] {taskinstance.py:1283} INFO - 
--------------------------------------------------------------------------------
[2023-06-07T06:32:54.989+0000] {taskinstance.py:1284} INFO - Starting attempt 1 of 6
[2023-06-07T06:32:54.990+0000] {taskinstance.py:1285} INFO - 
--------------------------------------------------------------------------------
[2023-06-07T06:32:55.119+0000] {taskinstance.py:1304} INFO - Executing <Task(PythonOperator): get_age> on 2021-12-07 00:00:00+00:00
[2023-06-07T06:32:55.128+0000] {standard_task_runner.py:55} INFO - Started process 1327 to run task
[2023-06-07T06:32:55.139+0000] {standard_task_runner.py:82} INFO - Running: ['***', 'tasks', 'run', 'our_dag_with_python_operator_v07', 'get_age', 'scheduled__2021-12-07T00:00:00+00:00', '--job-id', '1332', '--raw', '--subdir', 'DAGS_FOLDER/dag_python_opr.py', '--cfg-path', '/tmp/tmpcmsq3rjs']
[2023-06-07T06:32:55.141+0000] {standard_task_runner.py:83} INFO - Job 1332: Subtask get_age
[2023-06-07T06:32:55.588+0000] {task_command.py:389} INFO - Running <TaskInstance: our_dag_with_python_operator_v07.get_age scheduled__2021-12-07T00:00:00+00:00 [running]> on host 026ed797f3b3
[2023-06-07T06:32:56.309+0000] {taskinstance.py:1513} INFO - Exporting the following env vars:
AIRFLOW_CTX_DAG_OWNER=coder2j
AIRFLOW_CTX_DAG_ID=our_dag_with_python_operator_v07
AIRFLOW_CTX_TASK_ID=get_age
AIRFLOW_CTX_EXECUTION_DATE=2021-12-07T00:00:00+00:00
AIRFLOW_CTX_TRY_NUMBER=1
AIRFLOW_CTX_DAG_RUN_ID=scheduled__2021-12-07T00:00:00+00:00
[2023-06-07T06:32:56.357+0000] {python.py:177} INFO - Done. Returned value was: None
[2023-06-07T06:32:56.432+0000] {taskinstance.py:1327} INFO - Marking task as SUCCESS. dag_id=our_dag_with_python_operator_v07, task_id=get_age, execution_date=20211207T000000, start_date=20230607T063254, end_date=20230607T063256
[2023-06-07T06:32:56.626+0000] {local_task_job.py:159} INFO - Task exited with return code 0
[2023-06-07T06:32:56.814+0000] {taskinstance.py:2582} INFO - 1 downstream tasks scheduled from follow-on schedule check
