[2023-05-30T11:28:34.166+0000] {taskinstance.py:1087} INFO - Dependencies all met for <TaskInstance: our_first_dag_v5.first_task scheduled__2021-09-06T00:00:00+00:00 [queued]>
[2023-05-30T11:28:34.234+0000] {taskinstance.py:1087} INFO - Dependencies all met for <TaskInstance: our_first_dag_v5.first_task scheduled__2021-09-06T00:00:00+00:00 [queued]>
[2023-05-30T11:28:34.236+0000] {taskinstance.py:1283} INFO - 
--------------------------------------------------------------------------------
[2023-05-30T11:28:34.237+0000] {taskinstance.py:1284} INFO - Starting attempt 1 of 6
[2023-05-30T11:28:34.239+0000] {taskinstance.py:1285} INFO - 
--------------------------------------------------------------------------------
[2023-05-30T11:28:34.318+0000] {taskinstance.py:1304} INFO - Executing <Task(BashOperator): first_task> on 2021-09-06 00:00:00+00:00
[2023-05-30T11:28:34.334+0000] {standard_task_runner.py:55} INFO - Started process 2021 to run task
[2023-05-30T11:28:34.347+0000] {standard_task_runner.py:82} INFO - Running: ['***', 'tasks', 'run', 'our_first_dag_v5', 'first_task', 'scheduled__2021-09-06T00:00:00+00:00', '--job-id', '108', '--raw', '--subdir', 'DAGS_FOLDER/first_Dag.py', '--cfg-path', '/tmp/tmpy_a32qwg']
[2023-05-30T11:28:34.366+0000] {standard_task_runner.py:83} INFO - Job 108: Subtask first_task
[2023-05-30T11:28:34.647+0000] {task_command.py:389} INFO - Running <TaskInstance: our_first_dag_v5.first_task scheduled__2021-09-06T00:00:00+00:00 [running]> on host 49219f98c96e
[2023-05-30T11:28:35.358+0000] {taskinstance.py:1513} INFO - Exporting the following env vars:
AIRFLOW_CTX_DAG_OWNER=coder2j
AIRFLOW_CTX_DAG_ID=our_first_dag_v5
AIRFLOW_CTX_TASK_ID=first_task
AIRFLOW_CTX_EXECUTION_DATE=2021-09-06T00:00:00+00:00
AIRFLOW_CTX_TRY_NUMBER=1
AIRFLOW_CTX_DAG_RUN_ID=scheduled__2021-09-06T00:00:00+00:00
[2023-05-30T11:28:35.372+0000] {subprocess.py:63} INFO - Tmp dir root location: 
 /tmp
[2023-05-30T11:28:35.385+0000] {subprocess.py:75} INFO - Running command: ['/bin/bash', '-c', 'echo hello world, this is the first task!']
[2023-05-30T11:28:35.582+0000] {subprocess.py:86} INFO - Output:
[2023-05-30T11:28:35.634+0000] {subprocess.py:93} INFO - hello world, this is the first task!
[2023-05-30T11:28:35.639+0000] {subprocess.py:97} INFO - Command exited with return code 0
[2023-05-30T11:28:35.825+0000] {taskinstance.py:1327} INFO - Marking task as SUCCESS. dag_id=our_first_dag_v5, task_id=first_task, execution_date=20210906T000000, start_date=20230530T112834, end_date=20230530T112835
[2023-05-30T11:28:36.059+0000] {local_task_job.py:159} INFO - Task exited with return code 0
[2023-05-30T11:28:36.172+0000] {taskinstance.py:2582} INFO - 2 downstream tasks scheduled from follow-on schedule check
[2023-06-07T06:32:12.322+0000] {taskinstance.py:1087} INFO - Dependencies all met for <TaskInstance: our_first_dag_v5.first_task scheduled__2021-09-06T00:00:00+00:00 [queued]>
[2023-06-07T06:32:12.390+0000] {taskinstance.py:1087} INFO - Dependencies all met for <TaskInstance: our_first_dag_v5.first_task scheduled__2021-09-06T00:00:00+00:00 [queued]>
[2023-06-07T06:32:12.398+0000] {taskinstance.py:1283} INFO - 
--------------------------------------------------------------------------------
[2023-06-07T06:32:12.401+0000] {taskinstance.py:1284} INFO - Starting attempt 1 of 6
[2023-06-07T06:32:12.402+0000] {taskinstance.py:1285} INFO - 
--------------------------------------------------------------------------------
[2023-06-07T06:32:12.489+0000] {taskinstance.py:1304} INFO - Executing <Task(BashOperator): first_task> on 2021-09-06 00:00:00+00:00
[2023-06-07T06:32:12.510+0000] {standard_task_runner.py:82} INFO - Running: ['***', 'tasks', 'run', 'our_first_dag_v5', 'first_task', 'scheduled__2021-09-06T00:00:00+00:00', '--job-id', '1214', '--raw', '--subdir', 'DAGS_FOLDER/first_Dag.py', '--cfg-path', '/tmp/tmp0e3jxxou']
[2023-06-07T06:32:12.514+0000] {standard_task_runner.py:83} INFO - Job 1214: Subtask first_task
[2023-06-07T06:32:12.500+0000] {standard_task_runner.py:55} INFO - Started process 1002 to run task
[2023-06-07T06:32:12.799+0000] {task_command.py:389} INFO - Running <TaskInstance: our_first_dag_v5.first_task scheduled__2021-09-06T00:00:00+00:00 [running]> on host 026ed797f3b3
[2023-06-07T06:32:13.170+0000] {taskinstance.py:1513} INFO - Exporting the following env vars:
AIRFLOW_CTX_DAG_OWNER=coder2j
AIRFLOW_CTX_DAG_ID=our_first_dag_v5
AIRFLOW_CTX_TASK_ID=first_task
AIRFLOW_CTX_EXECUTION_DATE=2021-09-06T00:00:00+00:00
AIRFLOW_CTX_TRY_NUMBER=1
AIRFLOW_CTX_DAG_RUN_ID=scheduled__2021-09-06T00:00:00+00:00
[2023-06-07T06:32:13.174+0000] {subprocess.py:63} INFO - Tmp dir root location: 
 /tmp
[2023-06-07T06:32:13.178+0000] {subprocess.py:75} INFO - Running command: ['/bin/bash', '-c', 'echo hello world, this is the first task!']
[2023-06-07T06:32:13.287+0000] {subprocess.py:86} INFO - Output:
[2023-06-07T06:32:13.306+0000] {subprocess.py:93} INFO - hello world, this is the first task!
[2023-06-07T06:32:13.312+0000] {subprocess.py:97} INFO - Command exited with return code 0
[2023-06-07T06:32:13.445+0000] {taskinstance.py:1327} INFO - Marking task as SUCCESS. dag_id=our_first_dag_v5, task_id=first_task, execution_date=20210906T000000, start_date=20230607T063212, end_date=20230607T063213
[2023-06-07T06:32:13.561+0000] {local_task_job.py:159} INFO - Task exited with return code 0
[2023-06-07T06:32:13.640+0000] {taskinstance.py:2582} INFO - 2 downstream tasks scheduled from follow-on schedule check
