[2023-05-30T11:31:49.099+0000] {taskinstance.py:1087} INFO - Dependencies all met for <TaskInstance: our_first_dag_v5.thrid_task scheduled__2022-03-02T00:00:00+00:00 [queued]>
[2023-05-30T11:31:49.175+0000] {taskinstance.py:1087} INFO - Dependencies all met for <TaskInstance: our_first_dag_v5.thrid_task scheduled__2022-03-02T00:00:00+00:00 [queued]>
[2023-05-30T11:31:49.180+0000] {taskinstance.py:1283} INFO - 
--------------------------------------------------------------------------------
[2023-05-30T11:31:49.181+0000] {taskinstance.py:1284} INFO - Starting attempt 1 of 6
[2023-05-30T11:31:49.183+0000] {taskinstance.py:1285} INFO - 
--------------------------------------------------------------------------------
[2023-05-30T11:31:49.327+0000] {taskinstance.py:1304} INFO - Executing <Task(BashOperator): thrid_task> on 2022-03-02 00:00:00+00:00
[2023-05-30T11:31:49.385+0000] {standard_task_runner.py:55} INFO - Started process 3827 to run task
[2023-05-30T11:31:49.402+0000] {standard_task_runner.py:82} INFO - Running: ['***', 'tasks', 'run', 'our_first_dag_v5', 'thrid_task', 'scheduled__2022-03-02T00:00:00+00:00', '--job-id', '651', '--raw', '--subdir', 'DAGS_FOLDER/first_Dag.py', '--cfg-path', '/tmp/tmpdjrj_f7b']
[2023-05-30T11:31:49.411+0000] {standard_task_runner.py:83} INFO - Job 651: Subtask thrid_task
[2023-05-30T11:31:49.914+0000] {task_command.py:389} INFO - Running <TaskInstance: our_first_dag_v5.thrid_task scheduled__2022-03-02T00:00:00+00:00 [running]> on host 49219f98c96e
[2023-05-30T11:31:50.292+0000] {taskinstance.py:1513} INFO - Exporting the following env vars:
AIRFLOW_CTX_DAG_OWNER=coder2j
AIRFLOW_CTX_DAG_ID=our_first_dag_v5
AIRFLOW_CTX_TASK_ID=thrid_task
AIRFLOW_CTX_EXECUTION_DATE=2022-03-02T00:00:00+00:00
AIRFLOW_CTX_TRY_NUMBER=1
AIRFLOW_CTX_DAG_RUN_ID=scheduled__2022-03-02T00:00:00+00:00
[2023-05-30T11:31:50.297+0000] {subprocess.py:63} INFO - Tmp dir root location: 
 /tmp
[2023-05-30T11:31:50.299+0000] {subprocess.py:75} INFO - Running command: ['/bin/bash', '-c', 'echo hey, I am task3 and will be running after task1 at the same time as task2!']
[2023-05-30T11:31:50.345+0000] {subprocess.py:86} INFO - Output:
[2023-05-30T11:31:50.361+0000] {subprocess.py:93} INFO - hey, I am task3 and will be running after task1 at the same time as task2!
[2023-05-30T11:31:50.385+0000] {subprocess.py:97} INFO - Command exited with return code 0
[2023-05-30T11:31:50.525+0000] {taskinstance.py:1327} INFO - Marking task as SUCCESS. dag_id=our_first_dag_v5, task_id=thrid_task, execution_date=20220302T000000, start_date=20230530T113149, end_date=20230530T113150
[2023-05-30T11:31:50.677+0000] {local_task_job.py:159} INFO - Task exited with return code 0
[2023-05-30T11:31:50.726+0000] {taskinstance.py:2582} INFO - 0 downstream tasks scheduled from follow-on schedule check
[2023-06-07T06:39:48.204+0000] {taskinstance.py:1087} INFO - Dependencies all met for <TaskInstance: our_first_dag_v5.thrid_task scheduled__2022-03-02T00:00:00+00:00 [queued]>
[2023-06-07T06:39:48.272+0000] {taskinstance.py:1087} INFO - Dependencies all met for <TaskInstance: our_first_dag_v5.thrid_task scheduled__2022-03-02T00:00:00+00:00 [queued]>
[2023-06-07T06:39:48.275+0000] {taskinstance.py:1283} INFO - 
--------------------------------------------------------------------------------
[2023-06-07T06:39:48.276+0000] {taskinstance.py:1284} INFO - Starting attempt 1 of 6
[2023-06-07T06:39:48.278+0000] {taskinstance.py:1285} INFO - 
--------------------------------------------------------------------------------
[2023-06-07T06:39:48.410+0000] {taskinstance.py:1304} INFO - Executing <Task(BashOperator): thrid_task> on 2022-03-02 00:00:00+00:00
[2023-06-07T06:39:48.455+0000] {standard_task_runner.py:55} INFO - Started process 4051 to run task
[2023-06-07T06:39:48.493+0000] {standard_task_runner.py:82} INFO - Running: ['***', 'tasks', 'run', 'our_first_dag_v5', 'thrid_task', 'scheduled__2022-03-02T00:00:00+00:00', '--job-id', '2313', '--raw', '--subdir', 'DAGS_FOLDER/first_Dag.py', '--cfg-path', '/tmp/tmp10950fn5']
[2023-06-07T06:39:48.498+0000] {standard_task_runner.py:83} INFO - Job 2313: Subtask thrid_task
[2023-06-07T06:39:49.379+0000] {task_command.py:389} INFO - Running <TaskInstance: our_first_dag_v5.thrid_task scheduled__2022-03-02T00:00:00+00:00 [running]> on host 026ed797f3b3
[2023-06-07T06:39:50.444+0000] {taskinstance.py:1513} INFO - Exporting the following env vars:
AIRFLOW_CTX_DAG_OWNER=coder2j
AIRFLOW_CTX_DAG_ID=our_first_dag_v5
AIRFLOW_CTX_TASK_ID=thrid_task
AIRFLOW_CTX_EXECUTION_DATE=2022-03-02T00:00:00+00:00
AIRFLOW_CTX_TRY_NUMBER=1
AIRFLOW_CTX_DAG_RUN_ID=scheduled__2022-03-02T00:00:00+00:00
[2023-06-07T06:39:50.455+0000] {subprocess.py:63} INFO - Tmp dir root location: 
 /tmp
[2023-06-07T06:39:50.462+0000] {subprocess.py:75} INFO - Running command: ['/bin/bash', '-c', 'echo hey, I am task3 and will be running after task1 at the same time as task2!']
[2023-06-07T06:39:50.606+0000] {subprocess.py:86} INFO - Output:
[2023-06-07T06:39:50.639+0000] {subprocess.py:93} INFO - hey, I am task3 and will be running after task1 at the same time as task2!
[2023-06-07T06:39:50.648+0000] {subprocess.py:97} INFO - Command exited with return code 0
[2023-06-07T06:39:50.892+0000] {taskinstance.py:1327} INFO - Marking task as SUCCESS. dag_id=our_first_dag_v5, task_id=thrid_task, execution_date=20220302T000000, start_date=20230607T063948, end_date=20230607T063950
[2023-06-07T06:39:51.095+0000] {local_task_job.py:159} INFO - Task exited with return code 0
[2023-06-07T06:39:51.155+0000] {taskinstance.py:2582} INFO - 0 downstream tasks scheduled from follow-on schedule check
