[2023-05-30T11:33:14.324+0000] {taskinstance.py:1087} INFO - Dependencies all met for <TaskInstance: our_first_dag_v5.second_task scheduled__2022-05-28T00:00:00+00:00 [queued]>
[2023-05-30T11:33:14.367+0000] {taskinstance.py:1087} INFO - Dependencies all met for <TaskInstance: our_first_dag_v5.second_task scheduled__2022-05-28T00:00:00+00:00 [queued]>
[2023-05-30T11:33:14.368+0000] {taskinstance.py:1283} INFO - 
--------------------------------------------------------------------------------
[2023-05-30T11:33:14.370+0000] {taskinstance.py:1284} INFO - Starting attempt 1 of 6
[2023-05-30T11:33:14.371+0000] {taskinstance.py:1285} INFO - 
--------------------------------------------------------------------------------
[2023-05-30T11:33:14.429+0000] {taskinstance.py:1304} INFO - Executing <Task(BashOperator): second_task> on 2022-05-28 00:00:00+00:00
[2023-05-30T11:33:14.441+0000] {standard_task_runner.py:55} INFO - Started process 4706 to run task
[2023-05-30T11:33:14.458+0000] {standard_task_runner.py:82} INFO - Running: ['***', 'tasks', 'run', 'our_first_dag_v5', 'second_task', 'scheduled__2022-05-28T00:00:00+00:00', '--job-id', '917', '--raw', '--subdir', 'DAGS_FOLDER/first_Dag.py', '--cfg-path', '/tmp/tmpleyny20n']
[2023-05-30T11:33:14.461+0000] {standard_task_runner.py:83} INFO - Job 917: Subtask second_task
[2023-05-30T11:33:14.715+0000] {task_command.py:389} INFO - Running <TaskInstance: our_first_dag_v5.second_task scheduled__2022-05-28T00:00:00+00:00 [running]> on host 49219f98c96e
[2023-05-30T11:33:14.984+0000] {taskinstance.py:1513} INFO - Exporting the following env vars:
AIRFLOW_CTX_DAG_OWNER=coder2j
AIRFLOW_CTX_DAG_ID=our_first_dag_v5
AIRFLOW_CTX_TASK_ID=second_task
AIRFLOW_CTX_EXECUTION_DATE=2022-05-28T00:00:00+00:00
AIRFLOW_CTX_TRY_NUMBER=1
AIRFLOW_CTX_DAG_RUN_ID=scheduled__2022-05-28T00:00:00+00:00
[2023-05-30T11:33:14.987+0000] {subprocess.py:63} INFO - Tmp dir root location: 
 /tmp
[2023-05-30T11:33:14.990+0000] {subprocess.py:75} INFO - Running command: ['/bin/bash', '-c', 'echo hey, I am task2 and will be running after task1!']
[2023-05-30T11:33:15.031+0000] {subprocess.py:86} INFO - Output:
[2023-05-30T11:33:15.043+0000] {subprocess.py:93} INFO - hey, I am task2 and will be running after task1!
[2023-05-30T11:33:15.047+0000] {subprocess.py:97} INFO - Command exited with return code 0
[2023-05-30T11:33:15.131+0000] {taskinstance.py:1327} INFO - Marking task as SUCCESS. dag_id=our_first_dag_v5, task_id=second_task, execution_date=20220528T000000, start_date=20230530T113314, end_date=20230530T113315
[2023-05-30T11:33:15.215+0000] {local_task_job.py:159} INFO - Task exited with return code 0
[2023-05-30T11:33:15.281+0000] {taskinstance.py:2582} INFO - 0 downstream tasks scheduled from follow-on schedule check
