[2023-05-30T11:32:04.652+0000] {taskinstance.py:1087} INFO - Dependencies all met for <TaskInstance: our_first_dag_v5.first_task scheduled__2022-03-21T00:00:00+00:00 [queued]>
[2023-05-30T11:32:04.673+0000] {taskinstance.py:1087} INFO - Dependencies all met for <TaskInstance: our_first_dag_v5.first_task scheduled__2022-03-21T00:00:00+00:00 [queued]>
[2023-05-30T11:32:04.674+0000] {taskinstance.py:1283} INFO - 
--------------------------------------------------------------------------------
[2023-05-30T11:32:04.676+0000] {taskinstance.py:1284} INFO - Starting attempt 1 of 6
[2023-05-30T11:32:04.679+0000] {taskinstance.py:1285} INFO - 
--------------------------------------------------------------------------------
[2023-05-30T11:32:04.709+0000] {taskinstance.py:1304} INFO - Executing <Task(BashOperator): first_task> on 2022-03-21 00:00:00+00:00
[2023-05-30T11:32:04.720+0000] {standard_task_runner.py:55} INFO - Started process 3989 to run task
[2023-05-30T11:32:04.733+0000] {standard_task_runner.py:82} INFO - Running: ['***', 'tasks', 'run', 'our_first_dag_v5', 'first_task', 'scheduled__2022-03-21T00:00:00+00:00', '--job-id', '702', '--raw', '--subdir', 'DAGS_FOLDER/first_Dag.py', '--cfg-path', '/tmp/tmpnv35hf89']
[2023-05-30T11:32:04.735+0000] {standard_task_runner.py:83} INFO - Job 702: Subtask first_task
[2023-05-30T11:32:04.866+0000] {task_command.py:389} INFO - Running <TaskInstance: our_first_dag_v5.first_task scheduled__2022-03-21T00:00:00+00:00 [running]> on host 49219f98c96e
[2023-05-30T11:32:05.051+0000] {taskinstance.py:1513} INFO - Exporting the following env vars:
AIRFLOW_CTX_DAG_OWNER=coder2j
AIRFLOW_CTX_DAG_ID=our_first_dag_v5
AIRFLOW_CTX_TASK_ID=first_task
AIRFLOW_CTX_EXECUTION_DATE=2022-03-21T00:00:00+00:00
AIRFLOW_CTX_TRY_NUMBER=1
AIRFLOW_CTX_DAG_RUN_ID=scheduled__2022-03-21T00:00:00+00:00
[2023-05-30T11:32:05.056+0000] {subprocess.py:63} INFO - Tmp dir root location: 
 /tmp
[2023-05-30T11:32:05.060+0000] {subprocess.py:75} INFO - Running command: ['/bin/bash', '-c', 'echo hello world, this is the first task!']
[2023-05-30T11:32:05.127+0000] {subprocess.py:86} INFO - Output:
[2023-05-30T11:32:05.130+0000] {subprocess.py:93} INFO - hello world, this is the first task!
[2023-05-30T11:32:05.133+0000] {subprocess.py:97} INFO - Command exited with return code 0
[2023-05-30T11:32:05.208+0000] {taskinstance.py:1327} INFO - Marking task as SUCCESS. dag_id=our_first_dag_v5, task_id=first_task, execution_date=20220321T000000, start_date=20230530T113204, end_date=20230530T113205
[2023-05-30T11:32:05.305+0000] {local_task_job.py:159} INFO - Task exited with return code 0
[2023-05-30T11:32:05.366+0000] {taskinstance.py:2582} INFO - 2 downstream tasks scheduled from follow-on schedule check
[2023-06-07T06:40:31.764+0000] {taskinstance.py:1087} INFO - Dependencies all met for <TaskInstance: our_first_dag_v5.first_task scheduled__2022-03-21T00:00:00+00:00 [queued]>
[2023-06-07T06:40:31.832+0000] {taskinstance.py:1087} INFO - Dependencies all met for <TaskInstance: our_first_dag_v5.first_task scheduled__2022-03-21T00:00:00+00:00 [queued]>
[2023-06-07T06:40:31.834+0000] {taskinstance.py:1283} INFO - 
--------------------------------------------------------------------------------
[2023-06-07T06:40:31.836+0000] {taskinstance.py:1284} INFO - Starting attempt 1 of 6
[2023-06-07T06:40:31.838+0000] {taskinstance.py:1285} INFO - 
--------------------------------------------------------------------------------
[2023-06-07T06:40:31.898+0000] {taskinstance.py:1304} INFO - Executing <Task(BashOperator): first_task> on 2022-03-21 00:00:00+00:00
[2023-06-07T06:40:31.916+0000] {standard_task_runner.py:55} INFO - Started process 4315 to run task
[2023-06-07T06:40:31.943+0000] {standard_task_runner.py:82} INFO - Running: ['***', 'tasks', 'run', 'our_first_dag_v5', 'first_task', 'scheduled__2022-03-21T00:00:00+00:00', '--job-id', '2413', '--raw', '--subdir', 'DAGS_FOLDER/first_Dag.py', '--cfg-path', '/tmp/tmpxtk4zylm']
[2023-06-07T06:40:31.946+0000] {standard_task_runner.py:83} INFO - Job 2413: Subtask first_task
[2023-06-07T06:40:32.327+0000] {task_command.py:389} INFO - Running <TaskInstance: our_first_dag_v5.first_task scheduled__2022-03-21T00:00:00+00:00 [running]> on host 026ed797f3b3
[2023-06-07T06:40:32.910+0000] {taskinstance.py:1513} INFO - Exporting the following env vars:
AIRFLOW_CTX_DAG_OWNER=coder2j
AIRFLOW_CTX_DAG_ID=our_first_dag_v5
AIRFLOW_CTX_TASK_ID=first_task
AIRFLOW_CTX_EXECUTION_DATE=2022-03-21T00:00:00+00:00
AIRFLOW_CTX_TRY_NUMBER=1
AIRFLOW_CTX_DAG_RUN_ID=scheduled__2022-03-21T00:00:00+00:00
[2023-06-07T06:40:32.921+0000] {subprocess.py:63} INFO - Tmp dir root location: 
 /tmp
[2023-06-07T06:40:32.923+0000] {subprocess.py:75} INFO - Running command: ['/bin/bash', '-c', 'echo hello world, this is the first task!']
[2023-06-07T06:40:32.967+0000] {subprocess.py:86} INFO - Output:
[2023-06-07T06:40:32.988+0000] {subprocess.py:93} INFO - hello world, this is the first task!
[2023-06-07T06:40:32.990+0000] {subprocess.py:97} INFO - Command exited with return code 0
[2023-06-07T06:40:33.119+0000] {taskinstance.py:1327} INFO - Marking task as SUCCESS. dag_id=our_first_dag_v5, task_id=first_task, execution_date=20220321T000000, start_date=20230607T064031, end_date=20230607T064033
[2023-06-07T06:40:33.175+0000] {local_task_job.py:159} INFO - Task exited with return code 0
[2023-06-07T06:40:33.299+0000] {taskinstance.py:2582} INFO - 2 downstream tasks scheduled from follow-on schedule check
