[2023-05-30T12:40:03.811+0000] {taskinstance.py:1087} INFO - Dependencies all met for <TaskInstance: our_dag_with_python_operator_v07.get_age scheduled__2023-04-15T00:00:00+00:00 [queued]>
[2023-05-30T12:40:03.903+0000] {taskinstance.py:1087} INFO - Dependencies all met for <TaskInstance: our_dag_with_python_operator_v07.get_age scheduled__2023-04-15T00:00:00+00:00 [queued]>
[2023-05-30T12:40:03.905+0000] {taskinstance.py:1283} INFO - 
--------------------------------------------------------------------------------
[2023-05-30T12:40:03.906+0000] {taskinstance.py:1284} INFO - Starting attempt 1 of 6
[2023-05-30T12:40:03.908+0000] {taskinstance.py:1285} INFO - 
--------------------------------------------------------------------------------
[2023-05-30T12:40:03.987+0000] {taskinstance.py:1304} INFO - Executing <Task(PythonOperator): get_age> on 2023-04-15 00:00:00+00:00
[2023-05-30T12:40:04.005+0000] {standard_task_runner.py:55} INFO - Started process 13035 to run task
[2023-05-30T12:40:04.039+0000] {standard_task_runner.py:82} INFO - Running: ['***', 'tasks', 'run', 'our_dag_with_python_operator_v07', 'get_age', 'scheduled__2023-04-15T00:00:00+00:00', '--job-id', '2783', '--raw', '--subdir', 'DAGS_FOLDER/dag_python_opr.py', '--cfg-path', '/tmp/tmpvpiux65c']
[2023-05-30T12:40:04.050+0000] {standard_task_runner.py:83} INFO - Job 2783: Subtask get_age
[2023-05-30T12:40:04.381+0000] {task_command.py:389} INFO - Running <TaskInstance: our_dag_with_python_operator_v07.get_age scheduled__2023-04-15T00:00:00+00:00 [running]> on host 49219f98c96e
[2023-05-30T12:40:05.072+0000] {taskinstance.py:1513} INFO - Exporting the following env vars:
AIRFLOW_CTX_DAG_OWNER=coder2j
AIRFLOW_CTX_DAG_ID=our_dag_with_python_operator_v07
AIRFLOW_CTX_TASK_ID=get_age
AIRFLOW_CTX_EXECUTION_DATE=2023-04-15T00:00:00+00:00
AIRFLOW_CTX_TRY_NUMBER=1
AIRFLOW_CTX_DAG_RUN_ID=scheduled__2023-04-15T00:00:00+00:00
[2023-05-30T12:40:05.154+0000] {python.py:177} INFO - Done. Returned value was: None
[2023-05-30T12:40:05.208+0000] {taskinstance.py:1327} INFO - Marking task as SUCCESS. dag_id=our_dag_with_python_operator_v07, task_id=get_age, execution_date=20230415T000000, start_date=20230530T124003, end_date=20230530T124005
[2023-05-30T12:40:05.360+0000] {local_task_job.py:159} INFO - Task exited with return code 0
[2023-05-30T12:40:05.498+0000] {taskinstance.py:2582} INFO - 0 downstream tasks scheduled from follow-on schedule check
