[2023-05-30T12:32:43.928+0000] {taskinstance.py:1087} INFO - Dependencies all met for <TaskInstance: our_dag_with_python_operator_v07.get_age scheduled__2022-03-05T00:00:00+00:00 [queued]>
[2023-05-30T12:32:43.982+0000] {taskinstance.py:1087} INFO - Dependencies all met for <TaskInstance: our_dag_with_python_operator_v07.get_age scheduled__2022-03-05T00:00:00+00:00 [queued]>
[2023-05-30T12:32:43.998+0000] {taskinstance.py:1283} INFO - 
--------------------------------------------------------------------------------
[2023-05-30T12:32:44.000+0000] {taskinstance.py:1284} INFO - Starting attempt 1 of 6
[2023-05-30T12:32:44.001+0000] {taskinstance.py:1285} INFO - 
--------------------------------------------------------------------------------
[2023-05-30T12:32:44.180+0000] {taskinstance.py:1304} INFO - Executing <Task(PythonOperator): get_age> on 2022-03-05 00:00:00+00:00
[2023-05-30T12:32:44.221+0000] {standard_task_runner.py:55} INFO - Started process 10198 to run task
[2023-05-30T12:32:44.254+0000] {standard_task_runner.py:82} INFO - Running: ['***', 'tasks', 'run', 'our_dag_with_python_operator_v07', 'get_age', 'scheduled__2022-03-05T00:00:00+00:00', '--job-id', '1565', '--raw', '--subdir', 'DAGS_FOLDER/dag_python_opr.py', '--cfg-path', '/tmp/tmphz4fk0gd']
[2023-05-30T12:32:44.260+0000] {standard_task_runner.py:83} INFO - Job 1565: Subtask get_age
[2023-05-30T12:32:44.570+0000] {task_command.py:389} INFO - Running <TaskInstance: our_dag_with_python_operator_v07.get_age scheduled__2022-03-05T00:00:00+00:00 [running]> on host 49219f98c96e
[2023-05-30T12:32:44.906+0000] {taskinstance.py:1513} INFO - Exporting the following env vars:
AIRFLOW_CTX_DAG_OWNER=coder2j
AIRFLOW_CTX_DAG_ID=our_dag_with_python_operator_v07
AIRFLOW_CTX_TASK_ID=get_age
AIRFLOW_CTX_EXECUTION_DATE=2022-03-05T00:00:00+00:00
AIRFLOW_CTX_TRY_NUMBER=1
AIRFLOW_CTX_DAG_RUN_ID=scheduled__2022-03-05T00:00:00+00:00
[2023-05-30T12:32:44.977+0000] {python.py:177} INFO - Done. Returned value was: None
[2023-05-30T12:32:45.015+0000] {taskinstance.py:1327} INFO - Marking task as SUCCESS. dag_id=our_dag_with_python_operator_v07, task_id=get_age, execution_date=20220305T000000, start_date=20230530T123243, end_date=20230530T123245
[2023-05-30T12:32:45.094+0000] {local_task_job.py:159} INFO - Task exited with return code 0
[2023-05-30T12:32:45.155+0000] {taskinstance.py:2582} INFO - 0 downstream tasks scheduled from follow-on schedule check
[2023-06-07T06:36:38.873+0000] {taskinstance.py:1087} INFO - Dependencies all met for <TaskInstance: our_dag_with_python_operator_v07.get_age scheduled__2022-03-05T00:00:00+00:00 [queued]>
[2023-06-07T06:36:38.995+0000] {taskinstance.py:1087} INFO - Dependencies all met for <TaskInstance: our_dag_with_python_operator_v07.get_age scheduled__2022-03-05T00:00:00+00:00 [queued]>
[2023-06-07T06:36:39.003+0000] {taskinstance.py:1283} INFO - 
--------------------------------------------------------------------------------
[2023-06-07T06:36:39.007+0000] {taskinstance.py:1284} INFO - Starting attempt 1 of 6
[2023-06-07T06:36:39.009+0000] {taskinstance.py:1285} INFO - 
--------------------------------------------------------------------------------
[2023-06-07T06:36:39.401+0000] {taskinstance.py:1304} INFO - Executing <Task(PythonOperator): get_age> on 2022-03-05 00:00:00+00:00
[2023-06-07T06:36:39.509+0000] {standard_task_runner.py:55} INFO - Started process 2770 to run task
[2023-06-07T06:36:39.502+0000] {standard_task_runner.py:82} INFO - Running: ['***', 'tasks', 'run', 'our_dag_with_python_operator_v07', 'get_age', 'scheduled__2022-03-05T00:00:00+00:00', '--job-id', '1852', '--raw', '--subdir', 'DAGS_FOLDER/dag_python_opr.py', '--cfg-path', '/tmp/tmpidiwa0op']
[2023-06-07T06:36:39.531+0000] {standard_task_runner.py:83} INFO - Job 1852: Subtask get_age
[2023-06-07T06:36:40.547+0000] {task_command.py:389} INFO - Running <TaskInstance: our_dag_with_python_operator_v07.get_age scheduled__2022-03-05T00:00:00+00:00 [running]> on host 026ed797f3b3
[2023-06-07T06:36:41.512+0000] {taskinstance.py:1513} INFO - Exporting the following env vars:
AIRFLOW_CTX_DAG_OWNER=coder2j
AIRFLOW_CTX_DAG_ID=our_dag_with_python_operator_v07
AIRFLOW_CTX_TASK_ID=get_age
AIRFLOW_CTX_EXECUTION_DATE=2022-03-05T00:00:00+00:00
AIRFLOW_CTX_TRY_NUMBER=1
AIRFLOW_CTX_DAG_RUN_ID=scheduled__2022-03-05T00:00:00+00:00
[2023-06-07T06:36:41.710+0000] {python.py:177} INFO - Done. Returned value was: None
[2023-06-07T06:36:41.850+0000] {taskinstance.py:1327} INFO - Marking task as SUCCESS. dag_id=our_dag_with_python_operator_v07, task_id=get_age, execution_date=20220305T000000, start_date=20230607T063638, end_date=20230607T063641
[2023-06-07T06:36:42.114+0000] {local_task_job.py:159} INFO - Task exited with return code 0
[2023-06-07T06:36:42.579+0000] {taskinstance.py:2582} INFO - 0 downstream tasks scheduled from follow-on schedule check
