[2023-05-30T12:37:06.610+0000] {taskinstance.py:1087} INFO - Dependencies all met for <TaskInstance: our_dag_with_python_operator_v07.get_name scheduled__2022-11-01T00:00:00+00:00 [queued]>
[2023-05-30T12:37:06.641+0000] {taskinstance.py:1087} INFO - Dependencies all met for <TaskInstance: our_dag_with_python_operator_v07.get_name scheduled__2022-11-01T00:00:00+00:00 [queued]>
[2023-05-30T12:37:06.653+0000] {taskinstance.py:1283} INFO - 
--------------------------------------------------------------------------------
[2023-05-30T12:37:06.655+0000] {taskinstance.py:1284} INFO - Starting attempt 1 of 6
[2023-05-30T12:37:06.656+0000] {taskinstance.py:1285} INFO - 
--------------------------------------------------------------------------------
[2023-05-30T12:37:06.717+0000] {taskinstance.py:1304} INFO - Executing <Task(PythonOperator): get_name> on 2022-11-01 00:00:00+00:00
[2023-05-30T12:37:06.732+0000] {standard_task_runner.py:55} INFO - Started process 11894 to run task
[2023-05-30T12:37:06.767+0000] {standard_task_runner.py:82} INFO - Running: ['***', 'tasks', 'run', 'our_dag_with_python_operator_v07', 'get_name', 'scheduled__2022-11-01T00:00:00+00:00', '--job-id', '2288', '--raw', '--subdir', 'DAGS_FOLDER/dag_python_opr.py', '--cfg-path', '/tmp/tmp9dz2fzs6']
[2023-05-30T12:37:06.776+0000] {standard_task_runner.py:83} INFO - Job 2288: Subtask get_name
[2023-05-30T12:37:06.967+0000] {task_command.py:389} INFO - Running <TaskInstance: our_dag_with_python_operator_v07.get_name scheduled__2022-11-01T00:00:00+00:00 [running]> on host 49219f98c96e
[2023-05-30T12:37:07.135+0000] {taskinstance.py:1513} INFO - Exporting the following env vars:
AIRFLOW_CTX_DAG_OWNER=coder2j
AIRFLOW_CTX_DAG_ID=our_dag_with_python_operator_v07
AIRFLOW_CTX_TASK_ID=get_name
AIRFLOW_CTX_EXECUTION_DATE=2022-11-01T00:00:00+00:00
AIRFLOW_CTX_TRY_NUMBER=1
AIRFLOW_CTX_DAG_RUN_ID=scheduled__2022-11-01T00:00:00+00:00
[2023-05-30T12:37:07.197+0000] {python.py:177} INFO - Done. Returned value was: None
[2023-05-30T12:37:07.220+0000] {taskinstance.py:1327} INFO - Marking task as SUCCESS. dag_id=our_dag_with_python_operator_v07, task_id=get_name, execution_date=20221101T000000, start_date=20230530T123706, end_date=20230530T123707
[2023-05-30T12:37:07.268+0000] {local_task_job.py:159} INFO - Task exited with return code 0
[2023-05-30T12:37:07.329+0000] {taskinstance.py:2582} INFO - 0 downstream tasks scheduled from follow-on schedule check
